[2025-03-12T11:48:47.538+0000] {local_task_job_runner.py:120} INFO - ::group::Pre task execution logs
[2025-03-12T11:48:47.562+0000] {taskinstance.py:2076} INFO - Dependencies all met for dep_context=non-requeueable deps ti=<TaskInstance: s3_csv_to_parquet_dag.submit_spark_via_ssh scheduled__2025-03-11T03:00:00+00:00 [queued]>
[2025-03-12T11:48:47.571+0000] {taskinstance.py:2076} INFO - Dependencies all met for dep_context=requeueable deps ti=<TaskInstance: s3_csv_to_parquet_dag.submit_spark_via_ssh scheduled__2025-03-11T03:00:00+00:00 [queued]>
[2025-03-12T11:48:47.572+0000] {taskinstance.py:2306} INFO - Starting attempt 1 of 2
[2025-03-12T11:48:47.585+0000] {taskinstance.py:2330} INFO - Executing <Task(SSHOperator): submit_spark_via_ssh> on 2025-03-11 03:00:00+00:00
[2025-03-12T11:48:47.590+0000] {standard_task_runner.py:63} INFO - Started process 30185 to run task
[2025-03-12T11:48:47.593+0000] {standard_task_runner.py:90} INFO - Running: ['***', 'tasks', 'run', 's3_csv_to_parquet_dag', 'submit_spark_via_ssh', 'scheduled__2025-03-11T03:00:00+00:00', '--job-id', '97', '--raw', '--subdir', 'DAGS_FOLDER/s3_csv_to_parquet_dag.py', '--cfg-path', '/tmp/tmpbsssdyn7']
[2025-03-12T11:48:47.596+0000] {standard_task_runner.py:91} INFO - Job 97: Subtask submit_spark_via_ssh
[2025-03-12T11:48:47.662+0000] {task_command.py:426} INFO - Running <TaskInstance: s3_csv_to_parquet_dag.submit_spark_via_ssh scheduled__2025-03-11T03:00:00+00:00 [running]> on host a0d797a25898
[2025-03-12T11:48:47.784+0000] {taskinstance.py:2648} INFO - Exporting env vars: AIRFLOW_CTX_DAG_OWNER='***' AIRFLOW_CTX_DAG_ID='s3_csv_to_parquet_dag' AIRFLOW_CTX_TASK_ID='submit_spark_via_ssh' AIRFLOW_CTX_EXECUTION_DATE='2025-03-11T03:00:00+00:00' AIRFLOW_CTX_TRY_NUMBER='1' AIRFLOW_CTX_DAG_RUN_ID='scheduled__2025-03-11T03:00:00+00:00'
[2025-03-12T11:48:47.785+0000] {taskinstance.py:430} INFO - ::endgroup::
[2025-03-12T11:48:47.801+0000] {ssh.py:151} INFO - Creating ssh_client
[2025-03-12T11:48:47.801+0000] {ssh.py:124} INFO - ssh_hook is not provided or invalid. Trying ssh_conn_id to create SSHHook.
[2025-03-12T11:48:47.816+0000] {base.py:84} INFO - Using connection ID 'spark_ssh_conn' for task execution.
[2025-03-12T11:48:47.817+0000] {ssh.py:301} WARNING - No Host Key Verification. This won't protect against Man-In-The-Middle attacks
[2025-03-12T11:48:47.822+0000] {transport.py:1909} INFO - Connected (version 2.0, client OpenSSH_9.6p1)
[2025-03-12T11:48:47.886+0000] {transport.py:1909} INFO - Authentication (publickey) successful!
[2025-03-12T11:48:47.887+0000] {ssh.py:480} INFO - Running command: 
    set -e
    echo "Starting Spark Job on 2025-03-12"
    /spark-3.5.3/bin/spark-submit /home/ubuntu/spark_scripts/rankingInfo_To_Parquet.py 2025-03-12
    exit_code=$?

    if [ $exit_code -ne 0 ]; then
        echo "Spark Job Failed! Check logs."
        exit 1
    else
        echo "Spark Job Succeeded!"
    fi
    
[2025-03-12T11:48:47.983+0000] {ssh.py:526} INFO - Starting Spark Job on 2025-03-12
[2025-03-12T11:48:52.196+0000] {ssh.py:531} WARNING - 25/03/12 11:48:52 INFO SparkContext: Running Spark version 3.5.3
[2025-03-12T11:48:52.203+0000] {ssh.py:531} WARNING - 25/03/12 11:48:52 INFO SparkContext: OS info Linux, 6.8.0-1024-aws, amd64
[2025-03-12T11:48:52.203+0000] {ssh.py:531} WARNING - 25/03/12 11:48:52 INFO SparkContext: Java version 11.0.26
[2025-03-12T11:48:52.297+0000] {ssh.py:531} WARNING - 25/03/12 11:48:52 WARN NativeCodeLoader: Unable to load native-hadoop library for your platform... using builtin-java classes where applicable
[2025-03-12T11:48:52.448+0000] {ssh.py:531} WARNING - 25/03/12 11:48:52 INFO ResourceUtils: ==============================================================
[2025-03-12T11:48:52.449+0000] {ssh.py:531} WARNING - 25/03/12 11:48:52 INFO ResourceUtils: No custom resources configured for spark.driver.
[2025-03-12T11:48:52.450+0000] {ssh.py:531} WARNING - 25/03/12 11:48:52 INFO ResourceUtils: ==============================================================
[2025-03-12T11:48:52.450+0000] {ssh.py:531} WARNING - 25/03/12 11:48:52 INFO SparkContext: Submitted application: S3_CSV_to_Parquet
[2025-03-12T11:48:52.490+0000] {ssh.py:531} WARNING - 25/03/12 11:48:52 INFO ResourceProfile: Default ResourceProfile created, executor resources: Map(cores -> name: cores, amount: 1, script: , vendor: , memory -> name: memory, amount: 1024, script: , vendor: , offHeap -> name: offHeap, amount: 0, script: , vendor: ), task resources: Map(cpus -> name: cpus, amount: 1.0)
[2025-03-12T11:48:52.511+0000] {ssh.py:531} WARNING - 25/03/12 11:48:52 INFO ResourceProfile: Limiting resource is cpu
[2025-03-12T11:48:52.511+0000] {ssh.py:531} WARNING - 25/03/12 11:48:52 INFO ResourceProfileManager: Added ResourceProfile id: 0
[2025-03-12T11:48:52.592+0000] {ssh.py:531} WARNING - 25/03/12 11:48:52 INFO SecurityManager: Changing view acls to: ubuntu
[2025-03-12T11:48:52.593+0000] {ssh.py:531} WARNING - 25/03/12 11:48:52 INFO SecurityManager: Changing modify acls to: ubuntu
[2025-03-12T11:48:52.593+0000] {ssh.py:531} WARNING - 25/03/12 11:48:52 INFO SecurityManager: Changing view acls groups to: 
[2025-03-12T11:48:52.594+0000] {ssh.py:531} WARNING - 25/03/12 11:48:52 INFO SecurityManager: Changing modify acls groups to: 
[2025-03-12T11:48:52.595+0000] {ssh.py:531} WARNING - 25/03/12 11:48:52 INFO SecurityManager: SecurityManager: authentication disabled; ui acls disabled; users with view permissions: ubuntu; groups with view permissions: EMPTY; users with modify permissions: ubuntu; groups with modify permissions: EMPTY
[2025-03-12T11:48:53.006+0000] {ssh.py:531} WARNING - 25/03/12 11:48:53 INFO Utils: Successfully started service 'sparkDriver' on port 37299.
[2025-03-12T11:48:53.042+0000] {ssh.py:531} WARNING - 25/03/12 11:48:53 INFO SparkEnv: Registering MapOutputTracker
[2025-03-12T11:48:53.095+0000] {ssh.py:531} WARNING - 25/03/12 11:48:53 INFO SparkEnv: Registering BlockManagerMaster
[2025-03-12T11:48:53.120+0000] {ssh.py:531} WARNING - 25/03/12 11:48:53 INFO BlockManagerMasterEndpoint: Using org.apache.spark.storage.DefaultTopologyMapper for getting topology information
[2025-03-12T11:48:53.122+0000] {ssh.py:531} WARNING - 25/03/12 11:48:53 INFO BlockManagerMasterEndpoint: BlockManagerMasterEndpoint up
[2025-03-12T11:48:53.125+0000] {ssh.py:531} WARNING - 25/03/12 11:48:53 INFO SparkEnv: Registering BlockManagerMasterHeartbeat
[2025-03-12T11:48:53.155+0000] {ssh.py:531} WARNING - 25/03/12 11:48:53 INFO DiskBlockManager: Created local directory at /tmp/blockmgr-469e73fb-6dbb-4bbb-ba65-d8a95d086175
[2025-03-12T11:48:53.173+0000] {ssh.py:531} WARNING - 25/03/12 11:48:53 INFO MemoryStore: MemoryStore started with capacity 434.4 MiB
[2025-03-12T11:48:53.201+0000] {ssh.py:531} WARNING - 25/03/12 11:48:53 INFO SparkEnv: Registering OutputCommitCoordinator
[2025-03-12T11:48:53.429+0000] {ssh.py:531} WARNING - 25/03/12 11:48:53 INFO JettyUtils: Start Jetty 0.0.0.0:4040 for SparkUI
[2025-03-12T11:48:53.520+0000] {ssh.py:531} WARNING - 25/03/12 11:48:53 INFO Utils: Successfully started service 'SparkUI' on port 4040.
[2025-03-12T11:48:53.705+0000] {ssh.py:531} WARNING - 25/03/12 11:48:53 INFO Executor: Starting executor ID driver on host ip-172-31-12-182.ap-northeast-2.compute.internal
[2025-03-12T11:48:53.706+0000] {ssh.py:531} WARNING - 25/03/12 11:48:53 INFO Executor: OS info Linux, 6.8.0-1024-aws, amd64
[2025-03-12T11:48:53.706+0000] {ssh.py:531} WARNING - 25/03/12 11:48:53 INFO Executor: Java version 11.0.26
[2025-03-12T11:48:53.717+0000] {ssh.py:531} WARNING - 25/03/12 11:48:53 INFO Executor: Starting executor with user classpath (userClassPathFirst = false): ''
[2025-03-12T11:48:53.718+0000] {ssh.py:531} WARNING - 25/03/12 11:48:53 INFO Executor: Created or updated repl class loader org.apache.spark.util.MutableURLClassLoader@649bf47e for default.
[2025-03-12T11:48:53.752+0000] {ssh.py:531} WARNING - 25/03/12 11:48:53 INFO Utils: Successfully started service 'org.apache.spark.network.netty.NettyBlockTransferService' on port 38855.
[2025-03-12T11:48:53.752+0000] {ssh.py:531} WARNING - 25/03/12 11:48:53 INFO NettyBlockTransferService: Server created on 0.0.0.0:38855
[2025-03-12T11:48:53.759+0000] {ssh.py:531} WARNING - 25/03/12 11:48:53 INFO BlockManager: Using org.apache.spark.storage.RandomBlockReplicationPolicy for block replication policy
[2025-03-12T11:48:53.771+0000] {ssh.py:531} WARNING - 25/03/12 11:48:53 INFO BlockManagerMaster: Registering BlockManager BlockManagerId(driver, 0.0.0.0, 38855, None)
[2025-03-12T11:48:53.780+0000] {ssh.py:531} WARNING - 25/03/12 11:48:53 INFO BlockManagerMasterEndpoint: Registering block manager 0.0.0.0:38855 with 434.4 MiB RAM, BlockManagerId(driver, 0.0.0.0, 38855, None)
[2025-03-12T11:48:53.783+0000] {ssh.py:531} WARNING - 25/03/12 11:48:53 INFO BlockManagerMaster: Registered BlockManager BlockManagerId(driver, 0.0.0.0, 38855, None)
[2025-03-12T11:48:53.785+0000] {ssh.py:531} WARNING - 25/03/12 11:48:53 INFO BlockManager: Initialized BlockManager: BlockManagerId(driver, 0.0.0.0, 38855, None)
[2025-03-12T11:48:54.524+0000] {ssh.py:531} WARNING - 25/03/12 11:48:54 INFO SharedState: Setting hive.metastore.warehouse.dir ('null') to the value of spark.sql.warehouse.dir.
[2025-03-12T11:48:54.540+0000] {ssh.py:531} WARNING - 25/03/12 11:48:54 INFO SharedState: Warehouse path is 'file:/home/ubuntu/spark-warehouse'.
[2025-03-12T11:48:55.874+0000] {ssh.py:531} WARNING - 25/03/12 11:48:55 WARN MetricsConfig: Cannot locate configuration: tried hadoop-metrics2-s3a-file-system.properties,hadoop-metrics2.properties
[2025-03-12T11:48:55.896+0000] {ssh.py:531} WARNING - 25/03/12 11:48:55 INFO MetricsSystemImpl: Scheduled Metric snapshot period at 10 second(s).
[2025-03-12T11:48:55.897+0000] {ssh.py:531} WARNING - 25/03/12 11:48:55 INFO MetricsSystemImpl: s3a-file-system metrics system started
[2025-03-12T11:48:57.562+0000] {ssh.py:531} WARNING - 25/03/12 11:48:57 INFO InMemoryFileIndex: It took 128 ms to list leaf files for 1 paths.
[2025-03-12T11:48:57.755+0000] {ssh.py:531} WARNING - 25/03/12 11:48:57 INFO InMemoryFileIndex: It took 50 ms to list leaf files for 1 paths.
[2025-03-12T11:49:01.333+0000] {ssh.py:531} WARNING - 25/03/12 11:49:01 INFO FileSourceStrategy: Pushed Filters: 
[2025-03-12T11:49:01.336+0000] {ssh.py:531} WARNING - 25/03/12 11:49:01 INFO FileSourceStrategy: Post-Scan Filters: (length(trim(value#0, None)) > 0)
[2025-03-12T11:49:02.454+0000] {ssh.py:531} WARNING - 25/03/12 11:49:02 INFO CodeGenerator: Code generated in 425.477796 ms
[2025-03-12T11:49:02.582+0000] {ssh.py:531} WARNING - 25/03/12 11:49:02 INFO MemoryStore: Block broadcast_0 stored as values in memory (estimated size 200.5 KiB, free 434.2 MiB)
[2025-03-12T11:49:02.685+0000] {ssh.py:531} WARNING - 25/03/12 11:49:02 INFO MemoryStore: Block broadcast_0_piece0 stored as bytes in memory (estimated size 34.7 KiB, free 434.2 MiB)
[2025-03-12T11:49:02.688+0000] {ssh.py:531} WARNING - 25/03/12 11:49:02 INFO BlockManagerInfo: Added broadcast_0_piece0 in memory on 0.0.0.0:38855 (size: 34.7 KiB, free: 434.4 MiB)
[2025-03-12T11:49:02.696+0000] {ssh.py:531} WARNING - 25/03/12 11:49:02 INFO SparkContext: Created broadcast 0 from csv at NativeMethodAccessorImpl.java:0
[2025-03-12T11:49:02.713+0000] {ssh.py:531} WARNING - 25/03/12 11:49:02 INFO FileSourceScanExec: Planning scan with bin packing, max size: 4194304 bytes, open cost is considered as scanning 4194304 bytes.
[2025-03-12T11:49:02.905+0000] {ssh.py:531} WARNING - 25/03/12 11:49:02 INFO SparkContext: Starting job: csv at NativeMethodAccessorImpl.java:0
[2025-03-12T11:49:02.951+0000] {ssh.py:531} WARNING - 25/03/12 11:49:02 INFO DAGScheduler: Got job 0 (csv at NativeMethodAccessorImpl.java:0) with 1 output partitions
[2025-03-12T11:49:02.953+0000] {ssh.py:531} WARNING - 25/03/12 11:49:02 INFO DAGScheduler: Final stage: ResultStage 0 (csv at NativeMethodAccessorImpl.java:0)
[2025-03-12T11:49:02.954+0000] {ssh.py:531} WARNING - 25/03/12 11:49:02 INFO DAGScheduler: Parents of final stage: List()
[2025-03-12T11:49:02.960+0000] {ssh.py:531} WARNING - 25/03/12 11:49:02 INFO DAGScheduler: Missing parents: List()
[2025-03-12T11:49:02.971+0000] {ssh.py:531} WARNING - 25/03/12 11:49:02 INFO DAGScheduler: Submitting ResultStage 0 (MapPartitionsRDD[3] at csv at NativeMethodAccessorImpl.java:0), which has no missing parents
[2025-03-12T11:49:03.135+0000] {ssh.py:531} WARNING - 25/03/12 11:49:03 INFO MemoryStore: Block broadcast_1 stored as values in memory (estimated size 13.5 KiB, free 434.2 MiB)
[2025-03-12T11:49:03.138+0000] {ssh.py:531} WARNING - 25/03/12 11:49:03 INFO MemoryStore: Block broadcast_1_piece0 stored as bytes in memory (estimated size 6.4 KiB, free 434.2 MiB)
[2025-03-12T11:49:03.139+0000] {ssh.py:531} WARNING - 25/03/12 11:49:03 INFO BlockManagerInfo: Added broadcast_1_piece0 in memory on 0.0.0.0:38855 (size: 6.4 KiB, free: 434.4 MiB)
[2025-03-12T11:49:03.139+0000] {ssh.py:531} WARNING - 25/03/12 11:49:03 INFO SparkContext: Created broadcast 1 from broadcast at DAGScheduler.scala:1585
[2025-03-12T11:49:03.166+0000] {ssh.py:531} WARNING - 25/03/12 11:49:03 INFO DAGScheduler: Submitting 1 missing tasks from ResultStage 0 (MapPartitionsRDD[3] at csv at NativeMethodAccessorImpl.java:0) (first 15 tasks are for partitions Vector(0))
[2025-03-12T11:49:03.168+0000] {ssh.py:531} WARNING - 25/03/12 11:49:03 INFO TaskSchedulerImpl: Adding task set 0.0 with 1 tasks resource profile 0
[2025-03-12T11:49:03.243+0000] {ssh.py:531} WARNING - 25/03/12 11:49:03 INFO TaskSetManager: Starting task 0.0 in stage 0.0 (TID 0) (ip-172-31-12-182.ap-northeast-2.compute.internal, executor driver, partition 0, PROCESS_LOCAL, 9640 bytes) 
[2025-03-12T11:49:03.274+0000] {ssh.py:531} WARNING - 25/03/12 11:49:03 INFO Executor: Running task 0.0 in stage 0.0 (TID 0)
[2025-03-12T11:49:03.514+0000] {ssh.py:531} WARNING - 25/03/12 11:49:03 INFO CodeGenerator: Code generated in 29.282656 ms
[2025-03-12T11:49:03.521+0000] {ssh.py:531} WARNING - 25/03/12 11:49:03 INFO FileScanRDD: Reading File path: s3a://de5-finalproj-team2/crawl/2025-03-12/crawl_result_processed_20250312.csv, range: 0-1153085, partition values: [empty row]
[2025-03-12T11:49:03.556+0000] {ssh.py:531} WARNING - 25/03/12 11:49:03 INFO CodeGenerator: Code generated in 26.118444 ms
[2025-03-12T11:49:03.692+0000] {ssh.py:531} WARNING - 25/03/12 11:49:03 INFO LineRecordReader: Found UTF-8 BOM and skipped it
[2025-03-12T11:49:03.770+0000] {ssh.py:531} WARNING - 25/03/12 11:49:03 INFO Executor: Finished task 0.0 in stage 0.0 (TID 0). 1756 bytes result sent to driver
[2025-03-12T11:49:03.796+0000] {ssh.py:531} WARNING - 25/03/12 11:49:03 INFO TaskSetManager: Finished task 0.0 in stage 0.0 (TID 0) in 574 ms on ip-172-31-12-182.ap-northeast-2.compute.internal (executor driver) (1/1)
[2025-03-12T11:49:03.801+0000] {ssh.py:531} WARNING - 25/03/12 11:49:03 INFO TaskSchedulerImpl: Removed TaskSet 0.0, whose tasks have all completed, from pool 
[2025-03-12T11:49:03.824+0000] {ssh.py:531} WARNING - 25/03/12 11:49:03 INFO DAGScheduler: ResultStage 0 (csv at NativeMethodAccessorImpl.java:0) finished in 0.822 s
[2025-03-12T11:49:03.839+0000] {ssh.py:531} WARNING - 25/03/12 11:49:03 INFO DAGScheduler: Job 0 is finished. Cancelling potential speculative or zombie tasks for this job
[2025-03-12T11:49:03.840+0000] {ssh.py:531} WARNING - 25/03/12 11:49:03 INFO TaskSchedulerImpl: Killing all running tasks in stage 0: Stage finished
[2025-03-12T11:49:03.849+0000] {ssh.py:531} WARNING - 25/03/12 11:49:03 INFO DAGScheduler: Job 0 finished: csv at NativeMethodAccessorImpl.java:0, took 0.943724 s
[2025-03-12T11:49:03.970+0000] {ssh.py:531} WARNING - 25/03/12 11:49:03 INFO CodeGenerator: Code generated in 26.874704 ms
[2025-03-12T11:49:04.074+0000] {ssh.py:531} WARNING - 25/03/12 11:49:04 INFO FileSourceStrategy: Pushed Filters: 
[2025-03-12T11:49:04.075+0000] {ssh.py:531} WARNING - 25/03/12 11:49:04 INFO FileSourceStrategy: Post-Scan Filters: 
[2025-03-12T11:49:04.089+0000] {ssh.py:531} WARNING - 25/03/12 11:49:04 INFO MemoryStore: Block broadcast_2 stored as values in memory (estimated size 200.5 KiB, free 434.0 MiB)
[2025-03-12T11:49:04.156+0000] {ssh.py:531} WARNING - 25/03/12 11:49:04 INFO MemoryStore: Block broadcast_2_piece0 stored as bytes in memory (estimated size 34.7 KiB, free 433.9 MiB)
[2025-03-12T11:49:04.173+0000] {ssh.py:531} WARNING - 25/03/12 11:49:04 INFO BlockManagerInfo: Added broadcast_2_piece0 in memory on 0.0.0.0:38855 (size: 34.7 KiB, free: 434.3 MiB)
[2025-03-12T11:49:04.174+0000] {ssh.py:531} WARNING - 25/03/12 11:49:04 INFO SparkContext: Created broadcast 2 from csv at NativeMethodAccessorImpl.java:0
[2025-03-12T11:49:04.178+0000] {ssh.py:531} WARNING - 25/03/12 11:49:04 INFO FileSourceScanExec: Planning scan with bin packing, max size: 4194304 bytes, open cost is considered as scanning 4194304 bytes.
[2025-03-12T11:49:04.194+0000] {ssh.py:531} WARNING - 25/03/12 11:49:04 INFO BlockManagerInfo: Removed broadcast_1_piece0 on 0.0.0.0:38855 in memory (size: 6.4 KiB, free: 434.3 MiB)
[2025-03-12T11:49:04.864+0000] {ssh.py:531} WARNING - 25/03/12 11:49:04 INFO FileSourceStrategy: Pushed Filters: 
[2025-03-12T11:49:04.865+0000] {ssh.py:531} WARNING - 25/03/12 11:49:04 INFO FileSourceStrategy: Post-Scan Filters: 
[2025-03-12T11:49:05.405+0000] {ssh.py:531} WARNING - 25/03/12 11:49:05 INFO ParquetUtils: Using default output committer for Parquet: org.apache.parquet.hadoop.ParquetOutputCommitter
[2025-03-12T11:49:05.421+0000] {ssh.py:531} WARNING - 25/03/12 11:49:05 INFO FileOutputCommitter: File Output Committer Algorithm version is 1
[2025-03-12T11:49:05.422+0000] {ssh.py:531} WARNING - 25/03/12 11:49:05 INFO FileOutputCommitter: FileOutputCommitter skip cleanup _temporary folders under output directory:false, ignore cleanup failures: false
[2025-03-12T11:49:05.422+0000] {ssh.py:531} WARNING - 25/03/12 11:49:05 INFO SQLHadoopMapReduceCommitProtocol: Using user defined output committer class org.apache.parquet.hadoop.ParquetOutputCommitter
[2025-03-12T11:49:05.423+0000] {ssh.py:531} WARNING - 25/03/12 11:49:05 INFO FileOutputCommitter: File Output Committer Algorithm version is 1
[2025-03-12T11:49:05.423+0000] {ssh.py:531} WARNING - 25/03/12 11:49:05 INFO FileOutputCommitter: FileOutputCommitter skip cleanup _temporary folders under output directory:false, ignore cleanup failures: false
[2025-03-12T11:49:05.424+0000] {ssh.py:531} WARNING - 25/03/12 11:49:05 INFO SQLHadoopMapReduceCommitProtocol: Using output committer class org.apache.parquet.hadoop.ParquetOutputCommitter
[2025-03-12T11:49:05.775+0000] {ssh.py:531} WARNING - 25/03/12 11:49:05 INFO CodeGenerator: Code generated in 33.216848 ms
[2025-03-12T11:49:05.781+0000] {ssh.py:531} WARNING - 25/03/12 11:49:05 INFO MemoryStore: Block broadcast_3 stored as values in memory (estimated size 200.4 KiB, free 433.7 MiB)
[2025-03-12T11:49:05.815+0000] {ssh.py:531} WARNING - 25/03/12 11:49:05 INFO MemoryStore: Block broadcast_3_piece0 stored as bytes in memory (estimated size 34.6 KiB, free 433.7 MiB)
[2025-03-12T11:49:05.816+0000] {ssh.py:531} WARNING - 25/03/12 11:49:05 INFO BlockManagerInfo: Added broadcast_3_piece0 in memory on 0.0.0.0:38855 (size: 34.6 KiB, free: 434.3 MiB)
[2025-03-12T11:49:05.817+0000] {ssh.py:531} WARNING - 25/03/12 11:49:05 INFO SparkContext: Created broadcast 3 from parquet at NativeMethodAccessorImpl.java:0
[2025-03-12T11:49:05.830+0000] {ssh.py:531} WARNING - 25/03/12 11:49:05 INFO FileSourceScanExec: Planning scan with bin packing, max size: 4194304 bytes, open cost is considered as scanning 4194304 bytes.
[2025-03-12T11:49:05.883+0000] {ssh.py:531} WARNING - 25/03/12 11:49:05 INFO SparkContext: Starting job: parquet at NativeMethodAccessorImpl.java:0
[2025-03-12T11:49:05.884+0000] {ssh.py:531} WARNING - 25/03/12 11:49:05 INFO DAGScheduler: Got job 1 (parquet at NativeMethodAccessorImpl.java:0) with 1 output partitions
[2025-03-12T11:49:05.884+0000] {ssh.py:531} WARNING - 25/03/12 11:49:05 INFO DAGScheduler: Final stage: ResultStage 1 (parquet at NativeMethodAccessorImpl.java:0)
[2025-03-12T11:49:05.884+0000] {ssh.py:531} WARNING - 25/03/12 11:49:05 INFO DAGScheduler: Parents of final stage: List()
[2025-03-12T11:49:05.890+0000] {ssh.py:531} WARNING - 25/03/12 11:49:05 INFO BlockManagerInfo: Removed broadcast_2_piece0 on 0.0.0.0:38855 in memory (size: 34.7 KiB, free: 434.3 MiB)
[2025-03-12T11:49:05.890+0000] {ssh.py:531} WARNING - 25/03/12 11:49:05 INFO DAGScheduler: Missing parents: List()
[2025-03-12T11:49:05.893+0000] {ssh.py:531} WARNING - 25/03/12 11:49:05 INFO DAGScheduler: Submitting ResultStage 1 (MapPartitionsRDD[13] at parquet at NativeMethodAccessorImpl.java:0), which has no missing parents
[2025-03-12T11:49:05.912+0000] {ssh.py:531} WARNING - 25/03/12 11:49:05 INFO BlockManagerInfo: Removed broadcast_0_piece0 on 0.0.0.0:38855 in memory (size: 34.7 KiB, free: 434.4 MiB)
[2025-03-12T11:49:05.964+0000] {ssh.py:531} WARNING - 25/03/12 11:49:05 INFO MemoryStore: Block broadcast_4 stored as values in memory (estimated size 223.0 KiB, free 434.0 MiB)
[2025-03-12T11:49:05.976+0000] {ssh.py:531} WARNING - 25/03/12 11:49:05 INFO MemoryStore: Block broadcast_4_piece0 stored as bytes in memory (estimated size 80.0 KiB, free 433.9 MiB)
[2025-03-12T11:49:05.979+0000] {ssh.py:531} WARNING - 25/03/12 11:49:05 INFO BlockManagerInfo: Added broadcast_4_piece0 in memory on 0.0.0.0:38855 (size: 80.0 KiB, free: 434.3 MiB)
[2025-03-12T11:49:05.985+0000] {ssh.py:531} WARNING - 25/03/12 11:49:05 INFO SparkContext: Created broadcast 4 from broadcast at DAGScheduler.scala:1585
[2025-03-12T11:49:05.985+0000] {ssh.py:531} WARNING - 25/03/12 11:49:05 INFO DAGScheduler: Submitting 1 missing tasks from ResultStage 1 (MapPartitionsRDD[13] at parquet at NativeMethodAccessorImpl.java:0) (first 15 tasks are for partitions Vector(0))
[2025-03-12T11:49:05.985+0000] {ssh.py:531} WARNING - 25/03/12 11:49:05 INFO TaskSchedulerImpl: Adding task set 1.0 with 1 tasks resource profile 0
[2025-03-12T11:49:05.992+0000] {ssh.py:531} WARNING - 25/03/12 11:49:05 INFO TaskSetManager: Starting task 0.0 in stage 1.0 (TID 1) (ip-172-31-12-182.ap-northeast-2.compute.internal, executor driver, partition 0, PROCESS_LOCAL, 9640 bytes) 
[2025-03-12T11:49:05.997+0000] {ssh.py:531} WARNING - 25/03/12 11:49:05 INFO Executor: Running task 0.0 in stage 1.0 (TID 1)
[2025-03-12T11:49:06.294+0000] {ssh.py:531} WARNING - 25/03/12 11:49:06 INFO CodeGenerator: Code generated in 113.984433 ms
[2025-03-12T11:49:06.303+0000] {ssh.py:531} WARNING - 25/03/12 11:49:06 INFO FileOutputCommitter: File Output Committer Algorithm version is 1
[2025-03-12T11:49:06.303+0000] {ssh.py:531} WARNING - 25/03/12 11:49:06 INFO FileOutputCommitter: FileOutputCommitter skip cleanup _temporary folders under output directory:false, ignore cleanup failures: false
[2025-03-12T11:49:06.305+0000] {ssh.py:531} WARNING - 25/03/12 11:49:06 INFO SQLHadoopMapReduceCommitProtocol: Using user defined output committer class org.apache.parquet.hadoop.ParquetOutputCommitter
[2025-03-12T11:49:06.305+0000] {ssh.py:531} WARNING - 25/03/12 11:49:06 INFO FileOutputCommitter: File Output Committer Algorithm version is 1
[2025-03-12T11:49:06.305+0000] {ssh.py:531} WARNING - 25/03/12 11:49:06 INFO FileOutputCommitter: FileOutputCommitter skip cleanup _temporary folders under output directory:false, ignore cleanup failures: false
[2025-03-12T11:49:06.305+0000] {ssh.py:531} WARNING - 25/03/12 11:49:06 INFO SQLHadoopMapReduceCommitProtocol: Using output committer class org.apache.parquet.hadoop.ParquetOutputCommitter
[2025-03-12T11:49:06.318+0000] {ssh.py:531} WARNING - 25/03/12 11:49:06 INFO CodecConfig: Compression: SNAPPY
[2025-03-12T11:49:06.328+0000] {ssh.py:531} WARNING - 25/03/12 11:49:06 INFO CodecConfig: Compression: SNAPPY
[2025-03-12T11:49:06.380+0000] {ssh.py:531} WARNING - 25/03/12 11:49:06 INFO ParquetOutputFormat: ParquetRecordWriter [block size: 134217728b, row group padding size: 8388608b, validating: false]
[2025-03-12T11:49:06.427+0000] {ssh.py:531} WARNING - 25/03/12 11:49:06 INFO ParquetWriteSupport: Initialized Parquet WriteSupport with Catalyst schema:
[2025-03-12T11:49:06.428+0000] {ssh.py:531} WARNING - {
[2025-03-12T11:49:06.428+0000] {ssh.py:531} WARNING -   "type" : "struct",
[2025-03-12T11:49:06.428+0000] {ssh.py:531} WARNING -   "fields" : [ {
[2025-03-12T11:49:06.428+0000] {ssh.py:531} WARNING -     "name" : "ranking",
[2025-03-12T11:49:06.428+0000] {ssh.py:531} WARNING -     "type" : "string",
[2025-03-12T11:49:06.429+0000] {ssh.py:531} WARNING -     "nullable" : true,
[2025-03-12T11:49:06.429+0000] {ssh.py:531} WARNING -     "metadata" : { }
[2025-03-12T11:49:06.429+0000] {ssh.py:531} WARNING -   }, {
[2025-03-12T11:49:06.429+0000] {ssh.py:531} WARNING -     "name" : "division_id",
[2025-03-12T11:49:06.429+0000] {ssh.py:531} WARNING -     "type" : "string",
[2025-03-12T11:49:06.429+0000] {ssh.py:531} WARNING -     "nullable" : true,
[2025-03-12T11:49:06.429+0000] {ssh.py:531} WARNING -     "metadata" : { }
[2025-03-12T11:49:06.430+0000] {ssh.py:531} WARNING -   }, {
[2025-03-12T11:49:06.430+0000] {ssh.py:531} WARNING -     "name" : "gamer_nickname",
[2025-03-12T11:49:06.430+0000] {ssh.py:531} WARNING -     "type" : "string",
[2025-03-12T11:49:06.430+0000] {ssh.py:531} WARNING -     "nullable" : true,
[2025-03-12T11:49:06.430+0000] {ssh.py:531} WARNING -     "metadata" : { }
[2025-03-12T11:49:06.430+0000] {ssh.py:531} WARNING -   }, {
[2025-03-12T11:49:06.430+0000] {ssh.py:531} WARNING -     "name" : "level",
[2025-03-12T11:49:06.430+0000] {ssh.py:531} WARNING -     "type" : "string",
[2025-03-12T11:49:06.430+0000] {ssh.py:531} WARNING -     "nullable" : true,
[2025-03-12T11:49:06.431+0000] {ssh.py:531} WARNING -     "metadata" : { }
[2025-03-12T11:49:06.431+0000] {ssh.py:531} WARNING -   }, {
[2025-03-12T11:49:06.431+0000] {ssh.py:531} WARNING -     "name" : "team_worth",
[2025-03-12T11:49:06.431+0000] {ssh.py:531} WARNING -     "type" : "string",
[2025-03-12T11:49:06.431+0000] {ssh.py:531} WARNING -     "nullable" : true,
[2025-03-12T11:49:06.431+0000] {ssh.py:531} WARNING -     "metadata" : { }
[2025-03-12T11:49:06.431+0000] {ssh.py:531} WARNING -   }, {
[2025-03-12T11:49:06.431+0000] {ssh.py:531} WARNING -     "name" : "points",
[2025-03-12T11:49:06.432+0000] {ssh.py:531} WARNING -     "type" : "string",
[2025-03-12T11:49:06.432+0000] {ssh.py:531} WARNING -     "nullable" : true,
[2025-03-12T11:49:06.432+0000] {ssh.py:531} WARNING -     "metadata" : { }
[2025-03-12T11:49:06.432+0000] {ssh.py:531} WARNING -   }, {
[2025-03-12T11:49:06.432+0000] {ssh.py:531} WARNING -     "name" : "winning_rate",
[2025-03-12T11:49:06.432+0000] {ssh.py:531} WARNING -     "type" : "string",
[2025-03-12T11:49:06.432+0000] {ssh.py:531} WARNING -     "nullable" : true,
[2025-03-12T11:49:06.432+0000] {ssh.py:531} WARNING -     "metadata" : { }
[2025-03-12T11:49:06.432+0000] {ssh.py:531} WARNING -   }, {
[2025-03-12T11:49:06.433+0000] {ssh.py:531} WARNING -     "name" : "team_name",
[2025-03-12T11:49:06.433+0000] {ssh.py:531} WARNING -     "type" : "string",
[2025-03-12T11:49:06.433+0000] {ssh.py:531} WARNING -     "nullable" : true,
[2025-03-12T11:49:06.433+0000] {ssh.py:531} WARNING -     "metadata" : { }
[2025-03-12T11:49:06.433+0000] {ssh.py:531} WARNING -   }, {
[2025-03-12T11:49:06.433+0000] {ssh.py:531} WARNING -     "name" : "formation",
[2025-03-12T11:49:06.433+0000] {ssh.py:531} WARNING -     "type" : "string",
[2025-03-12T11:49:06.433+0000] {ssh.py:531} WARNING -     "nullable" : true,
[2025-03-12T11:49:06.433+0000] {ssh.py:531} WARNING -     "metadata" : { }
[2025-03-12T11:49:06.434+0000] {ssh.py:531} WARNING -   }, {
[2025-03-12T11:49:06.434+0000] {ssh.py:531} WARNING -     "name" : "created_at",
[2025-03-12T11:49:06.434+0000] {ssh.py:531} WARNING -     "type" : "string",
[2025-03-12T11:49:06.434+0000] {ssh.py:531} WARNING -     "nullable" : true,
[2025-03-12T11:49:06.434+0000] {ssh.py:531} WARNING -     "metadata" : { }
[2025-03-12T11:49:06.434+0000] {ssh.py:531} WARNING -   }, {
[2025-03-12T11:49:06.434+0000] {ssh.py:531} WARNING -     "name" : "total_win",
[2025-03-12T11:49:06.434+0000] {ssh.py:531} WARNING -     "type" : "string",
[2025-03-12T11:49:06.434+0000] {ssh.py:531} WARNING -     "nullable" : true,
[2025-03-12T11:49:06.435+0000] {ssh.py:531} WARNING -     "metadata" : { }
[2025-03-12T11:49:06.435+0000] {ssh.py:531} WARNING -   }, {
[2025-03-12T11:49:06.435+0000] {ssh.py:531} WARNING -     "name" : "total_draw",
[2025-03-12T11:49:06.435+0000] {ssh.py:531} WARNING -     "type" : "string",
[2025-03-12T11:49:06.435+0000] {ssh.py:531} WARNING -     "nullable" : true,
[2025-03-12T11:49:06.435+0000] {ssh.py:531} WARNING -     "metadata" : { }
[2025-03-12T11:49:06.435+0000] {ssh.py:531} WARNING -   }, {
[2025-03-12T11:49:06.435+0000] {ssh.py:531} WARNING -     "name" : "total_lose",
[2025-03-12T11:49:06.435+0000] {ssh.py:531} WARNING -     "type" : "string",
[2025-03-12T11:49:06.436+0000] {ssh.py:531} WARNING -     "nullable" : true,
[2025-03-12T11:49:06.436+0000] {ssh.py:531} WARNING -     "metadata" : { }
[2025-03-12T11:49:06.436+0000] {ssh.py:531} WARNING -   } ]
[2025-03-12T11:49:06.436+0000] {ssh.py:531} WARNING - }
[2025-03-12T11:49:06.436+0000] {ssh.py:531} WARNING - and corresponding Parquet message type:
[2025-03-12T11:49:06.436+0000] {ssh.py:531} WARNING - message spark_schema {
[2025-03-12T11:49:06.436+0000] {ssh.py:531} WARNING -   optional binary ranking (STRING);
[2025-03-12T11:49:06.436+0000] {ssh.py:531} WARNING -   optional binary division_id (STRING);
[2025-03-12T11:49:06.436+0000] {ssh.py:531} WARNING -   optional binary gamer_nickname (STRING);
[2025-03-12T11:49:06.437+0000] {ssh.py:531} WARNING -   optional binary level (STRING);
[2025-03-12T11:49:06.437+0000] {ssh.py:531} WARNING -   optional binary team_worth (STRING);
[2025-03-12T11:49:06.437+0000] {ssh.py:531} WARNING -   optional binary points (STRING);
[2025-03-12T11:49:06.437+0000] {ssh.py:531} WARNING -   optional binary winning_rate (STRING);
[2025-03-12T11:49:06.437+0000] {ssh.py:531} WARNING -   optional binary team_name (STRING);
[2025-03-12T11:49:06.437+0000] {ssh.py:531} WARNING -   optional binary formation (STRING);
[2025-03-12T11:49:06.437+0000] {ssh.py:531} WARNING -   optional binary created_at (STRING);
[2025-03-12T11:49:06.437+0000] {ssh.py:531} WARNING -   optional binary total_win (STRING);
[2025-03-12T11:49:06.437+0000] {ssh.py:531} WARNING -   optional binary total_draw (STRING);
[2025-03-12T11:49:06.438+0000] {ssh.py:531} WARNING -   optional binary total_lose (STRING);
[2025-03-12T11:49:06.438+0000] {ssh.py:531} WARNING - }
[2025-03-12T11:49:06.438+0000] {ssh.py:531} WARNING - 
[2025-03-12T11:49:06.438+0000] {ssh.py:531} WARNING -        
[2025-03-12T11:49:06.620+0000] {ssh.py:531} WARNING - 25/03/12 11:49:06 INFO CodecPool: Got brand-new compressor [.snappy]
[2025-03-12T11:49:07.085+0000] {ssh.py:531} WARNING - 25/03/12 11:49:07 INFO FileScanRDD: Reading File path: s3a://de5-finalproj-team2/crawl/2025-03-12/crawl_result_processed_20250312.csv, range: 0-1153085, partition values: [empty row]
[2025-03-12T11:49:07.127+0000] {ssh.py:531} WARNING - 25/03/12 11:49:07 INFO CodeGenerator: Code generated in 27.286274 ms
[2025-03-12T11:49:07.194+0000] {ssh.py:531} WARNING - 25/03/12 11:49:07 INFO LineRecordReader: Found UTF-8 BOM and skipped it
[2025-03-12T11:49:09.486+0000] {ssh.py:531} WARNING - 25/03/12 11:49:09 INFO FileOutputCommitter: Saved output of task 'attempt_202503121149058581382153759945662_0001_m_000000_1' to s3a://de5-finalproj-team2/analytics/ranking_info/2025-03-12/ranking_info_data.parquet/_temporary/0/task_202503121149058581382153759945662_0001_m_000000
[2025-03-12T11:49:09.486+0000] {ssh.py:531} WARNING - 25/03/12 11:49:09 INFO SparkHadoopMapRedUtil: attempt_202503121149058581382153759945662_0001_m_000000_1: Committed. Elapsed time: 680 ms.
[2025-03-12T11:49:09.521+0000] {ssh.py:531} WARNING - 25/03/12 11:49:09 INFO Executor: Finished task 0.0 in stage 1.0 (TID 1). 2613 bytes result sent to driver
[2025-03-12T11:49:09.524+0000] {ssh.py:531} WARNING - 25/03/12 11:49:09 INFO TaskSetManager: Finished task 0.0 in stage 1.0 (TID 1) in 3532 ms on ip-172-31-12-182.ap-northeast-2.compute.internal (executor driver) (1/1)
[2025-03-12T11:49:09.524+0000] {ssh.py:531} WARNING - 25/03/12 11:49:09 INFO TaskSchedulerImpl: Removed TaskSet 1.0, whose tasks have all completed, from pool 
[2025-03-12T11:49:09.527+0000] {ssh.py:531} WARNING - 25/03/12 11:49:09 INFO DAGScheduler: ResultStage 1 (parquet at NativeMethodAccessorImpl.java:0) finished in 3.634 s
[2025-03-12T11:49:09.528+0000] {ssh.py:531} WARNING - 25/03/12 11:49:09 INFO DAGScheduler: Job 1 is finished. Cancelling potential speculative or zombie tasks for this job
[2025-03-12T11:49:09.528+0000] {ssh.py:531} WARNING - 25/03/12 11:49:09 INFO TaskSchedulerImpl: Killing all running tasks in stage 1: Stage finished
[2025-03-12T11:49:09.532+0000] {ssh.py:531} WARNING - 25/03/12 11:49:09 INFO DAGScheduler: Job 1 finished: parquet at NativeMethodAccessorImpl.java:0, took 3.649427 s
[2025-03-12T11:49:09.538+0000] {ssh.py:531} WARNING - 25/03/12 11:49:09 INFO FileFormatWriter: Start to commit write Job db33b444-487a-4f69-8b00-248dd142bd56.
[2025-03-12T11:49:10.458+0000] {ssh.py:531} WARNING - 25/03/12 11:49:10 INFO FileFormatWriter: Write Job db33b444-487a-4f69-8b00-248dd142bd56 committed. Elapsed time: 918 ms.
[2025-03-12T11:49:10.469+0000] {ssh.py:531} WARNING - 25/03/12 11:49:10 INFO FileFormatWriter: Finished processing stats for write job db33b444-487a-4f69-8b00-248dd142bd56.
[2025-03-12T11:49:10.474+0000] {ssh.py:526} INFO - ✅ Parquet 파일 변환 완료!
[2025-03-12T11:49:10.563+0000] {ssh.py:531} WARNING - 25/03/12 11:49:10 INFO SparkContext: Invoking stop() from shutdown hook
[2025-03-12T11:49:10.564+0000] {ssh.py:531} WARNING - 25/03/12 11:49:10 INFO SparkContext: SparkContext is stopping with exitCode 0.
[2025-03-12T11:49:10.581+0000] {ssh.py:531} WARNING - 25/03/12 11:49:10 INFO SparkUI: Stopped Spark web UI at http://0.0.0.0:4040
[2025-03-12T11:49:10.610+0000] {ssh.py:531} WARNING - 25/03/12 11:49:10 INFO MapOutputTrackerMasterEndpoint: MapOutputTrackerMasterEndpoint stopped!
[2025-03-12T11:49:10.626+0000] {ssh.py:531} WARNING - 25/03/12 11:49:10 INFO MemoryStore: MemoryStore cleared
[2025-03-12T11:49:10.627+0000] {ssh.py:531} WARNING - 25/03/12 11:49:10 INFO BlockManager: BlockManager stopped
[2025-03-12T11:49:10.634+0000] {ssh.py:531} WARNING - 25/03/12 11:49:10 INFO BlockManagerMaster: BlockManagerMaster stopped
[2025-03-12T11:49:10.636+0000] {ssh.py:531} WARNING - 25/03/12 11:49:10 INFO OutputCommitCoordinator$OutputCommitCoordinatorEndpoint: OutputCommitCoordinator stopped!
[2025-03-12T11:49:10.648+0000] {ssh.py:531} WARNING - 25/03/12 11:49:10 INFO SparkContext: Successfully stopped SparkContext
[2025-03-12T11:49:10.648+0000] {ssh.py:531} WARNING - 25/03/12 11:49:10 INFO ShutdownHookManager: Shutdown hook called
[2025-03-12T11:49:10.649+0000] {ssh.py:531} WARNING - 25/03/12 11:49:10 INFO ShutdownHookManager: Deleting directory /tmp/spark-4152fb4f-54aa-4f34-bc2c-a69ddc9a15bf
[2025-03-12T11:49:10.653+0000] {ssh.py:531} WARNING - 25/03/12 11:49:10 INFO ShutdownHookManager: Deleting directory /tmp/spark-9949c7ac-f1de-47ec-a8e6-bb9709c98697/pyspark-07085ddb-a841-4b3f-ab72-c1a935643771
[2025-03-12T11:49:10.657+0000] {ssh.py:531} WARNING - 25/03/12 11:49:10 INFO ShutdownHookManager: Deleting directory /tmp/spark-9949c7ac-f1de-47ec-a8e6-bb9709c98697
[2025-03-12T11:49:10.672+0000] {ssh.py:531} WARNING - 25/03/12 11:49:10 INFO MetricsSystemImpl: Stopping s3a-file-system metrics system...
[2025-03-12T11:49:10.673+0000] {ssh.py:531} WARNING - 25/03/12 11:49:10 INFO MetricsSystemImpl: s3a-file-system metrics system stopped.
[2025-03-12T11:49:10.674+0000] {ssh.py:531} WARNING - 25/03/12 11:49:10 INFO MetricsSystemImpl: s3a-file-system metrics system shutdown complete.
[2025-03-12T11:49:10.745+0000] {ssh.py:526} INFO - Spark Job Succeeded!
[2025-03-12T11:49:10.765+0000] {taskinstance.py:441} INFO - ::group::Post task execution logs
[2025-03-12T11:49:10.795+0000] {taskinstance.py:1206} INFO - Marking task as SUCCESS. dag_id=s3_csv_to_parquet_dag, task_id=submit_spark_via_ssh, run_id=scheduled__2025-03-11T03:00:00+00:00, execution_date=20250311T030000, start_date=20250312T114847, end_date=20250312T114910
[2025-03-12T11:49:10.832+0000] {local_task_job_runner.py:240} INFO - Task exited with return code 0
[2025-03-12T11:49:10.853+0000] {taskinstance.py:3498} INFO - 0 downstream tasks scheduled from follow-on schedule check
[2025-03-12T11:49:10.855+0000] {local_task_job_runner.py:222} INFO - ::endgroup::
