[2025-03-14T07:15:04.159+0000] {local_task_job_runner.py:120} INFO - ::group::Pre task execution logs
[2025-03-14T07:15:04.211+0000] {taskinstance.py:2076} INFO - Dependencies all met for dep_context=non-requeueable deps ti=<TaskInstance: daily_ranking_info_update.drop_ranking_info_table scheduled__2025-03-13T03:35:00+00:00 [queued]>
[2025-03-14T07:15:04.221+0000] {taskinstance.py:2076} INFO - Dependencies all met for dep_context=requeueable deps ti=<TaskInstance: daily_ranking_info_update.drop_ranking_info_table scheduled__2025-03-13T03:35:00+00:00 [queued]>
[2025-03-14T07:15:04.222+0000] {taskinstance.py:2306} INFO - Starting attempt 5 of 6
[2025-03-14T07:15:04.237+0000] {taskinstance.py:2330} INFO - Executing <Task(PostgresOperator): drop_ranking_info_table> on 2025-03-13 03:35:00+00:00
[2025-03-14T07:15:04.245+0000] {standard_task_runner.py:63} INFO - Started process 26783 to run task
[2025-03-14T07:15:04.250+0000] {standard_task_runner.py:90} INFO - Running: ['***', 'tasks', 'run', 'daily_ranking_info_update', 'drop_ranking_info_table', 'scheduled__2025-03-13T03:35:00+00:00', '--job-id', '184', '--raw', '--subdir', 'DAGS_FOLDER/ranking_info_to_redshift.py', '--cfg-path', '/tmp/tmp5xj2xrw6']
[2025-03-14T07:15:04.253+0000] {standard_task_runner.py:91} INFO - Job 184: Subtask drop_ranking_info_table
[2025-03-14T07:15:04.334+0000] {task_command.py:426} INFO - Running <TaskInstance: daily_ranking_info_update.drop_ranking_info_table scheduled__2025-03-13T03:35:00+00:00 [running]> on host a0d797a25898
[2025-03-14T07:15:04.453+0000] {taskinstance.py:2648} INFO - Exporting env vars: AIRFLOW_CTX_DAG_OWNER='***' AIRFLOW_CTX_DAG_ID='daily_ranking_info_update' AIRFLOW_CTX_TASK_ID='drop_ranking_info_table' AIRFLOW_CTX_EXECUTION_DATE='2025-03-13T03:35:00+00:00' AIRFLOW_CTX_TRY_NUMBER='5' AIRFLOW_CTX_DAG_RUN_ID='scheduled__2025-03-13T03:35:00+00:00'
[2025-03-14T07:15:04.454+0000] {taskinstance.py:430} INFO - ::endgroup::
[2025-03-14T07:15:04.468+0000] {sql.py:276} INFO - Executing: DROP TABLE IF EXISTS analytics.ranking_info;
[2025-03-14T07:15:04.483+0000] {base.py:84} INFO - Using connection ID 'redshift_conn_team' for task execution.
[2025-03-14T07:15:04.498+0000] {base.py:84} INFO - Using connection ID 'redshift_conn_team' for task execution.
[2025-03-14T07:15:04.929+0000] {sql.py:470} INFO - Running statement: DROP TABLE IF EXISTS analytics.ranking_info;, parameters: None
[2025-03-14T07:15:04.980+0000] {taskinstance.py:441} INFO - ::group::Post task execution logs
[2025-03-14T07:15:05.026+0000] {taskinstance.py:1206} INFO - Marking task as SUCCESS. dag_id=daily_ranking_info_update, task_id=drop_ranking_info_table, run_id=scheduled__2025-03-13T03:35:00+00:00, execution_date=20250313T033500, start_date=20250314T071504, end_date=20250314T071505
[2025-03-14T07:15:05.067+0000] {local_task_job_runner.py:240} INFO - Task exited with return code 0
[2025-03-14T07:15:05.136+0000] {logging_mixin.py:188} WARNING - /home/***/.local/lib/python3.9/site-packages/***/models/baseoperator.py:1296 AirflowProviderDeprecationWarning: Call to deprecated class PostgresOperator. (Please use `***.providers.common.sql.operators.sql.SQLExecuteQueryOperator`.Also, you can provide `hook_params={'schema': <database>}`.)
[2025-03-14T07:15:05.193+0000] {taskinstance.py:3498} INFO - 1 downstream tasks scheduled from follow-on schedule check
[2025-03-14T07:15:05.198+0000] {local_task_job_runner.py:222} INFO - ::endgroup::
