[2025-03-14T07:07:46.582+0000] {local_task_job_runner.py:120} INFO - ::group::Pre task execution logs
[2025-03-14T07:07:46.616+0000] {taskinstance.py:2076} INFO - Dependencies all met for dep_context=non-requeueable deps ti=<TaskInstance: daily_ranking_info_update.drop_ranking_info_table scheduled__2025-03-13T03:35:00+00:00 [queued]>
[2025-03-14T07:07:46.628+0000] {taskinstance.py:2076} INFO - Dependencies all met for dep_context=requeueable deps ti=<TaskInstance: daily_ranking_info_update.drop_ranking_info_table scheduled__2025-03-13T03:35:00+00:00 [queued]>
[2025-03-14T07:07:46.629+0000] {taskinstance.py:2306} INFO - Starting attempt 3 of 4
[2025-03-14T07:07:46.649+0000] {taskinstance.py:2330} INFO - Executing <Task(PostgresOperator): drop_ranking_info_table> on 2025-03-13 03:35:00+00:00
[2025-03-14T07:07:46.657+0000] {standard_task_runner.py:63} INFO - Started process 26235 to run task
[2025-03-14T07:07:46.663+0000] {standard_task_runner.py:90} INFO - Running: ['***', 'tasks', 'run', 'daily_ranking_info_update', 'drop_ranking_info_table', 'scheduled__2025-03-13T03:35:00+00:00', '--job-id', '175', '--raw', '--subdir', 'DAGS_FOLDER/ranking_info_to_redshift.py', '--cfg-path', '/tmp/tmp24mzy9r9']
[2025-03-14T07:07:46.667+0000] {standard_task_runner.py:91} INFO - Job 175: Subtask drop_ranking_info_table
[2025-03-14T07:07:46.760+0000] {task_command.py:426} INFO - Running <TaskInstance: daily_ranking_info_update.drop_ranking_info_table scheduled__2025-03-13T03:35:00+00:00 [running]> on host a0d797a25898
[2025-03-14T07:07:46.948+0000] {taskinstance.py:2648} INFO - Exporting env vars: AIRFLOW_CTX_DAG_OWNER='***' AIRFLOW_CTX_DAG_ID='daily_ranking_info_update' AIRFLOW_CTX_TASK_ID='drop_ranking_info_table' AIRFLOW_CTX_EXECUTION_DATE='2025-03-13T03:35:00+00:00' AIRFLOW_CTX_TRY_NUMBER='3' AIRFLOW_CTX_DAG_RUN_ID='scheduled__2025-03-13T03:35:00+00:00'
[2025-03-14T07:07:46.950+0000] {taskinstance.py:430} INFO - ::endgroup::
[2025-03-14T07:07:46.967+0000] {sql.py:276} INFO - Executing: DROP TABLE IF EXISTS analytics.ranking_info;
[2025-03-14T07:07:46.987+0000] {base.py:84} INFO - Using connection ID 'redshift_conn_team' for task execution.
[2025-03-14T07:07:47.013+0000] {base.py:84} INFO - Using connection ID 'redshift_conn_team' for task execution.
[2025-03-14T07:07:47.493+0000] {sql.py:470} INFO - Running statement: DROP TABLE IF EXISTS analytics.ranking_info;, parameters: None
[2025-03-14T07:07:47.510+0000] {taskinstance.py:441} INFO - ::group::Post task execution logs
[2025-03-14T07:07:47.540+0000] {taskinstance.py:1206} INFO - Marking task as SUCCESS. dag_id=daily_ranking_info_update, task_id=drop_ranking_info_table, run_id=scheduled__2025-03-13T03:35:00+00:00, execution_date=20250313T033500, start_date=20250314T070746, end_date=20250314T070747
[2025-03-14T07:07:47.604+0000] {local_task_job_runner.py:240} INFO - Task exited with return code 0
[2025-03-14T07:07:47.651+0000] {logging_mixin.py:188} WARNING - /home/***/.local/lib/python3.9/site-packages/***/models/baseoperator.py:1296 AirflowProviderDeprecationWarning: Call to deprecated class PostgresOperator. (Please use `***.providers.common.sql.operators.sql.SQLExecuteQueryOperator`.Also, you can provide `hook_params={'schema': <database>}`.)
[2025-03-14T07:07:47.721+0000] {taskinstance.py:3498} INFO - 0 downstream tasks scheduled from follow-on schedule check
[2025-03-14T07:07:47.732+0000] {local_task_job_runner.py:222} INFO - ::endgroup::
