[2025-03-14T07:13:32.797+0000] {local_task_job_runner.py:120} INFO - ::group::Pre task execution logs
[2025-03-14T07:13:32.823+0000] {taskinstance.py:2076} INFO - Dependencies all met for dep_context=non-requeueable deps ti=<TaskInstance: daily_ranking_info_update.drop_ranking_info_table scheduled__2025-03-13T03:35:00+00:00 [queued]>
[2025-03-14T07:13:32.831+0000] {taskinstance.py:2076} INFO - Dependencies all met for dep_context=requeueable deps ti=<TaskInstance: daily_ranking_info_update.drop_ranking_info_table scheduled__2025-03-13T03:35:00+00:00 [queued]>
[2025-03-14T07:13:32.831+0000] {taskinstance.py:2306} INFO - Starting attempt 4 of 5
[2025-03-14T07:13:32.846+0000] {taskinstance.py:2330} INFO - Executing <Task(PostgresOperator): drop_ranking_info_table> on 2025-03-13 03:35:00+00:00
[2025-03-14T07:13:32.853+0000] {standard_task_runner.py:63} INFO - Started process 26664 to run task
[2025-03-14T07:13:32.858+0000] {standard_task_runner.py:90} INFO - Running: ['***', 'tasks', 'run', 'daily_ranking_info_update', 'drop_ranking_info_table', 'scheduled__2025-03-13T03:35:00+00:00', '--job-id', '180', '--raw', '--subdir', 'DAGS_FOLDER/ranking_info_to_redshift.py', '--cfg-path', '/tmp/tmpjmcee8kh']
[2025-03-14T07:13:32.860+0000] {standard_task_runner.py:91} INFO - Job 180: Subtask drop_ranking_info_table
[2025-03-14T07:13:32.945+0000] {task_command.py:426} INFO - Running <TaskInstance: daily_ranking_info_update.drop_ranking_info_table scheduled__2025-03-13T03:35:00+00:00 [running]> on host a0d797a25898
[2025-03-14T07:13:33.074+0000] {taskinstance.py:2648} INFO - Exporting env vars: AIRFLOW_CTX_DAG_OWNER='***' AIRFLOW_CTX_DAG_ID='daily_ranking_info_update' AIRFLOW_CTX_TASK_ID='drop_ranking_info_table' AIRFLOW_CTX_EXECUTION_DATE='2025-03-13T03:35:00+00:00' AIRFLOW_CTX_TRY_NUMBER='4' AIRFLOW_CTX_DAG_RUN_ID='scheduled__2025-03-13T03:35:00+00:00'
[2025-03-14T07:13:33.075+0000] {taskinstance.py:430} INFO - ::endgroup::
[2025-03-14T07:13:33.090+0000] {sql.py:276} INFO - Executing: DROP TABLE IF EXISTS analytics.ranking_info;
[2025-03-14T07:13:33.106+0000] {base.py:84} INFO - Using connection ID 'redshift_conn_team' for task execution.
[2025-03-14T07:13:33.121+0000] {base.py:84} INFO - Using connection ID 'redshift_conn_team' for task execution.
[2025-03-14T07:13:33.825+0000] {sql.py:470} INFO - Running statement: DROP TABLE IF EXISTS analytics.ranking_info;, parameters: None
[2025-03-14T07:13:33.876+0000] {taskinstance.py:441} INFO - ::group::Post task execution logs
[2025-03-14T07:13:33.922+0000] {taskinstance.py:1206} INFO - Marking task as SUCCESS. dag_id=daily_ranking_info_update, task_id=drop_ranking_info_table, run_id=scheduled__2025-03-13T03:35:00+00:00, execution_date=20250313T033500, start_date=20250314T071332, end_date=20250314T071333
[2025-03-14T07:13:33.961+0000] {local_task_job_runner.py:240} INFO - Task exited with return code 0
[2025-03-14T07:13:33.986+0000] {logging_mixin.py:188} WARNING - /home/***/.local/lib/python3.9/site-packages/***/models/baseoperator.py:1296 AirflowProviderDeprecationWarning: Call to deprecated class PostgresOperator. (Please use `***.providers.common.sql.operators.sql.SQLExecuteQueryOperator`.Also, you can provide `hook_params={'schema': <database>}`.)
[2025-03-14T07:13:34.011+0000] {taskinstance.py:3498} INFO - 1 downstream tasks scheduled from follow-on schedule check
[2025-03-14T07:13:34.013+0000] {local_task_job_runner.py:222} INFO - ::endgroup::
