[2025-03-14T07:06:50.465+0000] {local_task_job_runner.py:120} INFO - ::group::Pre task execution logs
[2025-03-14T07:06:50.506+0000] {taskinstance.py:2076} INFO - Dependencies all met for dep_context=non-requeueable deps ti=<TaskInstance: daily_ranking_info_update.drop_ranking_info_table scheduled__2025-03-13T03:35:00+00:00 [queued]>
[2025-03-14T07:06:50.519+0000] {taskinstance.py:2076} INFO - Dependencies all met for dep_context=requeueable deps ti=<TaskInstance: daily_ranking_info_update.drop_ranking_info_table scheduled__2025-03-13T03:35:00+00:00 [queued]>
[2025-03-14T07:06:50.520+0000] {taskinstance.py:2306} INFO - Starting attempt 2 of 3
[2025-03-14T07:06:50.541+0000] {taskinstance.py:2330} INFO - Executing <Task(PostgresOperator): drop_ranking_info_table> on 2025-03-13 03:35:00+00:00
[2025-03-14T07:06:50.553+0000] {standard_task_runner.py:63} INFO - Started process 26158 to run task
[2025-03-14T07:06:50.559+0000] {standard_task_runner.py:90} INFO - Running: ['***', 'tasks', 'run', 'daily_ranking_info_update', 'drop_ranking_info_table', 'scheduled__2025-03-13T03:35:00+00:00', '--job-id', '173', '--raw', '--subdir', 'DAGS_FOLDER/ranking_info_to_redshift.py', '--cfg-path', '/tmp/tmpdy0vbzog']
[2025-03-14T07:06:50.562+0000] {standard_task_runner.py:91} INFO - Job 173: Subtask drop_ranking_info_table
[2025-03-14T07:06:50.679+0000] {task_command.py:426} INFO - Running <TaskInstance: daily_ranking_info_update.drop_ranking_info_table scheduled__2025-03-13T03:35:00+00:00 [running]> on host a0d797a25898
[2025-03-14T07:06:50.903+0000] {taskinstance.py:2648} INFO - Exporting env vars: AIRFLOW_CTX_DAG_OWNER='***' AIRFLOW_CTX_DAG_ID='daily_ranking_info_update' AIRFLOW_CTX_TASK_ID='drop_ranking_info_table' AIRFLOW_CTX_EXECUTION_DATE='2025-03-13T03:35:00+00:00' AIRFLOW_CTX_TRY_NUMBER='2' AIRFLOW_CTX_DAG_RUN_ID='scheduled__2025-03-13T03:35:00+00:00'
[2025-03-14T07:06:50.905+0000] {taskinstance.py:430} INFO - ::endgroup::
[2025-03-14T07:06:50.918+0000] {sql.py:276} INFO - Executing: DROP TABLE IF EXISTS analytics.ranking_info;
[2025-03-14T07:06:50.932+0000] {base.py:84} INFO - Using connection ID 'redshift_conn_team' for task execution.
[2025-03-14T07:06:50.946+0000] {base.py:84} INFO - Using connection ID 'redshift_conn_team' for task execution.
[2025-03-14T07:06:51.348+0000] {sql.py:470} INFO - Running statement: DROP TABLE IF EXISTS analytics.ranking_info;, parameters: None
[2025-03-14T07:06:51.404+0000] {taskinstance.py:441} INFO - ::group::Post task execution logs
[2025-03-14T07:06:51.459+0000] {taskinstance.py:1206} INFO - Marking task as SUCCESS. dag_id=daily_ranking_info_update, task_id=drop_ranking_info_table, run_id=scheduled__2025-03-13T03:35:00+00:00, execution_date=20250313T033500, start_date=20250314T070650, end_date=20250314T070651
[2025-03-14T07:06:51.498+0000] {local_task_job_runner.py:240} INFO - Task exited with return code 0
[2025-03-14T07:06:51.542+0000] {logging_mixin.py:188} WARNING - /home/***/.local/lib/python3.9/site-packages/***/models/baseoperator.py:1296 AirflowProviderDeprecationWarning: Call to deprecated class PostgresOperator. (Please use `***.providers.common.sql.operators.sql.SQLExecuteQueryOperator`.Also, you can provide `hook_params={'schema': <database>}`.)
[2025-03-14T07:06:51.627+0000] {taskinstance.py:3498} INFO - 1 downstream tasks scheduled from follow-on schedule check
[2025-03-14T07:06:51.629+0000] {local_task_job_runner.py:222} INFO - ::endgroup::
