[2025-03-10T15:56:03.627+0000] {local_task_job_runner.py:120} INFO - ::group::Pre task execution logs
[2025-03-10T15:56:03.659+0000] {taskinstance.py:2076} INFO - Dependencies all met for dep_context=non-requeueable deps ti=<TaskInstance: submit_spark_job_v3.submit_spark_via_ssh manual__2025-03-10T14:59:30.032530+00:00 [queued]>
[2025-03-10T15:56:03.672+0000] {taskinstance.py:2076} INFO - Dependencies all met for dep_context=requeueable deps ti=<TaskInstance: submit_spark_job_v3.submit_spark_via_ssh manual__2025-03-10T14:59:30.032530+00:00 [queued]>
[2025-03-10T15:56:03.673+0000] {taskinstance.py:2306} INFO - Starting attempt 1 of 2
[2025-03-10T15:56:03.686+0000] {taskinstance.py:2330} INFO - Executing <Task(SSHOperator): submit_spark_via_ssh> on 2025-03-10 14:59:30.032530+00:00
[2025-03-10T15:56:03.692+0000] {standard_task_runner.py:63} INFO - Started process 6683 to run task
[2025-03-10T15:56:03.697+0000] {standard_task_runner.py:90} INFO - Running: ['***', 'tasks', 'run', 'submit_spark_job_v3', 'submit_spark_via_ssh', 'manual__2025-03-10T14:59:30.032530+00:00', '--job-id', '35', '--raw', '--subdir', 'DAGS_FOLDER/match_info_spark_process_dag.py', '--cfg-path', '/tmp/tmp2gdkem9a']
[2025-03-10T15:56:03.700+0000] {standard_task_runner.py:91} INFO - Job 35: Subtask submit_spark_via_ssh
[2025-03-10T15:56:03.765+0000] {task_command.py:426} INFO - Running <TaskInstance: submit_spark_job_v3.submit_spark_via_ssh manual__2025-03-10T14:59:30.032530+00:00 [running]> on host a0d797a25898
[2025-03-10T15:56:03.886+0000] {taskinstance.py:2648} INFO - Exporting env vars: AIRFLOW_CTX_DAG_OWNER='***' AIRFLOW_CTX_DAG_ID='submit_spark_job_v3' AIRFLOW_CTX_TASK_ID='submit_spark_via_ssh' AIRFLOW_CTX_EXECUTION_DATE='2025-03-10T14:59:30.032530+00:00' AIRFLOW_CTX_TRY_NUMBER='1' AIRFLOW_CTX_DAG_RUN_ID='manual__2025-03-10T14:59:30.032530+00:00'
[2025-03-10T15:56:03.887+0000] {taskinstance.py:430} INFO - ::endgroup::
[2025-03-10T15:56:03.902+0000] {ssh.py:151} INFO - Creating ssh_client
[2025-03-10T15:56:03.903+0000] {ssh.py:124} INFO - ssh_hook is not provided or invalid. Trying ssh_conn_id to create SSHHook.
[2025-03-10T15:56:03.919+0000] {base.py:84} INFO - Using connection ID 'spark_ssh_conn' for task execution.
[2025-03-10T15:56:03.920+0000] {ssh.py:301} WARNING - No Host Key Verification. This won't protect against Man-In-The-Middle attacks
[2025-03-10T15:56:03.926+0000] {transport.py:1909} INFO - Connected (version 2.0, client OpenSSH_9.6p1)
[2025-03-10T15:56:03.990+0000] {transport.py:1909} INFO - Authentication (publickey) successful!
[2025-03-10T15:56:03.991+0000] {ssh.py:480} INFO - Running command: 
    set -e  # 명령어 실패 시 즉시 종료
    echo "Starting Spark Job on 2025-03-10"

    echo "Submitting Spark Job... for 2025-03-10 data"
   /spark-3.5.3/bin/spark-submit /home/ubuntu/spark_scripts/match_info_pyspark.py 2025-03-10 > spark_job.log 2>&1
    exit_code=$?

    # 실행 로그 출력 (Airflow에서 확인 가능)
    if [ -f spark_job.log ]; then
        echo "=== Spark Job Log Start ==="
        cat spark_job.log
        echo "=== Spark Job Log End ==="
    else
        echo "Warning: spark_job.log not found!"
    fi

    # Spark 실패 감지
    if [ $exit_code -ne 0 ]; then
        echo "Spark Job Failed! Check logs."
        exit 1
    else
        echo "Spark Job Succeeded!"
    fi
    
[2025-03-10T15:56:04.427+0000] {ssh.py:526} INFO - Starting Spark Job on 2025-03-10
[2025-03-10T15:56:04.427+0000] {ssh.py:526} INFO - Submitting Spark Job... for 2025-03-10 data
[2025-03-10T15:56:28.809+0000] {ssh.py:526} INFO - === Spark Job Log Start ===
[2025-03-10T15:56:28.811+0000] {ssh.py:526} INFO - Processing date: 2025-03-10
[2025-03-10T15:56:28.812+0000] {ssh.py:526} INFO - 25/03/10 15:56:08 INFO SparkContext: Running Spark version 3.5.3
[2025-03-10T15:56:28.812+0000] {ssh.py:526} INFO - 25/03/10 15:56:08 INFO SparkContext: OS info Linux, 6.8.0-1024-aws, amd64
[2025-03-10T15:56:28.812+0000] {ssh.py:526} INFO - 25/03/10 15:56:08 INFO SparkContext: Java version 11.0.26
[2025-03-10T15:56:28.812+0000] {ssh.py:526} INFO - 25/03/10 15:56:08 WARN NativeCodeLoader: Unable to load native-hadoop library for your platform... using builtin-java classes where applicable
[2025-03-10T15:56:28.812+0000] {ssh.py:526} INFO - 25/03/10 15:56:08 INFO ResourceUtils: ==============================================================
[2025-03-10T15:56:28.812+0000] {ssh.py:526} INFO - 25/03/10 15:56:08 INFO ResourceUtils: No custom resources configured for spark.driver.
[2025-03-10T15:56:28.813+0000] {ssh.py:526} INFO - 25/03/10 15:56:08 INFO ResourceUtils: ==============================================================
[2025-03-10T15:56:28.813+0000] {ssh.py:526} INFO - 25/03/10 15:56:08 INFO SparkContext: Submitted application: json to parquet
[2025-03-10T15:56:28.813+0000] {ssh.py:526} INFO - 25/03/10 15:56:08 INFO ResourceProfile: Default ResourceProfile created, executor resources: Map(cores -> name: cores, amount: 1, script: , vendor: , memory -> name: memory, amount: 1024, script: , vendor: , offHeap -> name: offHeap, amount: 0, script: , vendor: ), task resources: Map(cpus -> name: cpus, amount: 1.0)
[2025-03-10T15:56:28.813+0000] {ssh.py:526} INFO - 25/03/10 15:56:08 INFO ResourceProfile: Limiting resource is cpu
[2025-03-10T15:56:28.813+0000] {ssh.py:526} INFO - 25/03/10 15:56:08 INFO ResourceProfileManager: Added ResourceProfile id: 0
[2025-03-10T15:56:28.813+0000] {ssh.py:526} INFO - 25/03/10 15:56:08 INFO SecurityManager: Changing view acls to: ubuntu
[2025-03-10T15:56:28.813+0000] {ssh.py:526} INFO - 25/03/10 15:56:08 INFO SecurityManager: Changing modify acls to: ubuntu
[2025-03-10T15:56:28.813+0000] {ssh.py:526} INFO - 25/03/10 15:56:08 INFO SecurityManager: Changing view acls groups to: 
[2025-03-10T15:56:28.813+0000] {ssh.py:526} INFO - 25/03/10 15:56:08 INFO SecurityManager: Changing modify acls groups to: 
[2025-03-10T15:56:28.814+0000] {ssh.py:526} INFO - 25/03/10 15:56:08 INFO SecurityManager: SecurityManager: authentication disabled; ui acls disabled; users with view permissions: ubuntu; groups with view permissions: EMPTY; users with modify permissions: ubuntu; groups with modify permissions: EMPTY
[2025-03-10T15:56:28.814+0000] {ssh.py:526} INFO - 25/03/10 15:56:09 INFO Utils: Successfully started service 'sparkDriver' on port 45157.
[2025-03-10T15:56:28.814+0000] {ssh.py:526} INFO - 25/03/10 15:56:09 INFO SparkEnv: Registering MapOutputTracker
[2025-03-10T15:56:28.814+0000] {ssh.py:526} INFO - 25/03/10 15:56:09 INFO SparkEnv: Registering BlockManagerMaster
[2025-03-10T15:56:28.814+0000] {ssh.py:526} INFO - 25/03/10 15:56:09 INFO BlockManagerMasterEndpoint: Using org.apache.spark.storage.DefaultTopologyMapper for getting topology information
[2025-03-10T15:56:28.814+0000] {ssh.py:526} INFO - 25/03/10 15:56:09 INFO BlockManagerMasterEndpoint: BlockManagerMasterEndpoint up
[2025-03-10T15:56:28.814+0000] {ssh.py:526} INFO - 25/03/10 15:56:09 INFO SparkEnv: Registering BlockManagerMasterHeartbeat
[2025-03-10T15:56:28.814+0000] {ssh.py:526} INFO - 25/03/10 15:56:09 INFO DiskBlockManager: Created local directory at /tmp/blockmgr-b31beca7-d982-4808-9c95-a27b11eb6360
[2025-03-10T15:56:28.814+0000] {ssh.py:526} INFO - 25/03/10 15:56:09 INFO MemoryStore: MemoryStore started with capacity 434.4 MiB
[2025-03-10T15:56:28.815+0000] {ssh.py:526} INFO - 25/03/10 15:56:09 INFO SparkEnv: Registering OutputCommitCoordinator
[2025-03-10T15:56:28.815+0000] {ssh.py:526} INFO - 25/03/10 15:56:09 INFO JettyUtils: Start Jetty 0.0.0.0:4040 for SparkUI
[2025-03-10T15:56:28.815+0000] {ssh.py:526} INFO - 25/03/10 15:56:09 INFO Utils: Successfully started service 'SparkUI' on port 4040.
[2025-03-10T15:56:28.815+0000] {ssh.py:526} INFO - 25/03/10 15:56:09 INFO Executor: Starting executor ID driver on host ip-172-31-12-182.ap-northeast-2.compute.internal
[2025-03-10T15:56:28.815+0000] {ssh.py:526} INFO - 25/03/10 15:56:09 INFO Executor: OS info Linux, 6.8.0-1024-aws, amd64
[2025-03-10T15:56:28.815+0000] {ssh.py:526} INFO - 25/03/10 15:56:09 INFO Executor: Java version 11.0.26
[2025-03-10T15:56:28.815+0000] {ssh.py:526} INFO - 25/03/10 15:56:09 INFO Executor: Starting executor with user classpath (userClassPathFirst = false): ''
[2025-03-10T15:56:28.815+0000] {ssh.py:526} INFO - 25/03/10 15:56:09 INFO Executor: Created or updated repl class loader org.apache.spark.util.MutableURLClassLoader@61ebe2d1 for default.
[2025-03-10T15:56:28.816+0000] {ssh.py:526} INFO - 25/03/10 15:56:09 INFO Utils: Successfully started service 'org.apache.spark.network.netty.NettyBlockTransferService' on port 34103.
[2025-03-10T15:56:28.816+0000] {ssh.py:526} INFO - 25/03/10 15:56:09 INFO NettyBlockTransferService: Server created on 0.0.0.0:34103
[2025-03-10T15:56:28.816+0000] {ssh.py:526} INFO - 25/03/10 15:56:09 INFO BlockManager: Using org.apache.spark.storage.RandomBlockReplicationPolicy for block replication policy
[2025-03-10T15:56:28.816+0000] {ssh.py:526} INFO - 25/03/10 15:56:09 INFO BlockManagerMaster: Registering BlockManager BlockManagerId(driver, 0.0.0.0, 34103, None)
[2025-03-10T15:56:28.816+0000] {ssh.py:526} INFO - 25/03/10 15:56:09 INFO BlockManagerMasterEndpoint: Registering block manager 0.0.0.0:34103 with 434.4 MiB RAM, BlockManagerId(driver, 0.0.0.0, 34103, None)
[2025-03-10T15:56:28.816+0000] {ssh.py:526} INFO - 25/03/10 15:56:09 INFO BlockManagerMaster: Registered BlockManager BlockManagerId(driver, 0.0.0.0, 34103, None)
[2025-03-10T15:56:28.816+0000] {ssh.py:526} INFO - 25/03/10 15:56:09 INFO BlockManager: Initialized BlockManager: BlockManagerId(driver, 0.0.0.0, 34103, None)
[2025-03-10T15:56:28.816+0000] {ssh.py:526} INFO - Reading json file from: s3a://de5-finalproj-team2/raw_data/json/match_data/2025-03-10/*.json
[2025-03-10T15:56:28.816+0000] {ssh.py:526} INFO - 25/03/10 15:56:10 INFO SharedState: Setting hive.metastore.warehouse.dir ('null') to the value of spark.sql.warehouse.dir.
[2025-03-10T15:56:28.817+0000] {ssh.py:526} INFO - 25/03/10 15:56:10 INFO SharedState: Warehouse path is 'file:/home/ubuntu/spark-warehouse'.
[2025-03-10T15:56:28.817+0000] {ssh.py:526} INFO - 25/03/10 15:56:11 WARN MetricsConfig: Cannot locate configuration: tried hadoop-metrics2-s3a-file-system.properties,hadoop-metrics2.properties
[2025-03-10T15:56:28.817+0000] {ssh.py:526} INFO - 25/03/10 15:56:11 INFO MetricsSystemImpl: Scheduled Metric snapshot period at 10 second(s).
[2025-03-10T15:56:28.817+0000] {ssh.py:526} INFO - 25/03/10 15:56:11 INFO MetricsSystemImpl: s3a-file-system metrics system started
[2025-03-10T15:56:28.817+0000] {ssh.py:526} INFO - 25/03/10 15:56:13 INFO InMemoryFileIndex: It took 121 ms to list leaf files for 1 paths.
[2025-03-10T15:56:28.817+0000] {ssh.py:526} INFO - 25/03/10 15:56:13 INFO InMemoryFileIndex: It took 37 ms to list leaf files for 1 paths.
[2025-03-10T15:56:28.817+0000] {ssh.py:526} INFO - 25/03/10 15:56:17 INFO FileSourceStrategy: Pushed Filters: 
[2025-03-10T15:56:28.817+0000] {ssh.py:526} INFO - 25/03/10 15:56:17 INFO FileSourceStrategy: Post-Scan Filters: 
[2025-03-10T15:56:28.818+0000] {ssh.py:526} INFO - 25/03/10 15:56:17 INFO MemoryStore: Block broadcast_0 stored as values in memory (estimated size 201.0 KiB, free 434.2 MiB)
[2025-03-10T15:56:28.818+0000] {ssh.py:526} INFO - 25/03/10 15:56:17 INFO MemoryStore: Block broadcast_0_piece0 stored as bytes in memory (estimated size 34.7 KiB, free 434.2 MiB)
[2025-03-10T15:56:28.818+0000] {ssh.py:526} INFO - 25/03/10 15:56:17 INFO BlockManagerInfo: Added broadcast_0_piece0 in memory on 0.0.0.0:34103 (size: 34.7 KiB, free: 434.4 MiB)
[2025-03-10T15:56:28.818+0000] {ssh.py:526} INFO - 25/03/10 15:56:17 INFO SparkContext: Created broadcast 0 from json at NativeMethodAccessorImpl.java:0
[2025-03-10T15:56:28.818+0000] {ssh.py:526} INFO - 25/03/10 15:56:17 INFO FileSourceScanExec: Planning scan with bin packing, max size: 5336166 bytes, open cost is considered as scanning 4194304 bytes.
[2025-03-10T15:56:28.818+0000] {ssh.py:526} INFO - 25/03/10 15:56:17 INFO SparkContext: Starting job: json at NativeMethodAccessorImpl.java:0
[2025-03-10T15:56:28.818+0000] {ssh.py:526} INFO - 25/03/10 15:56:18 INFO DAGScheduler: Got job 0 (json at NativeMethodAccessorImpl.java:0) with 1 output partitions
[2025-03-10T15:56:28.818+0000] {ssh.py:526} INFO - 25/03/10 15:56:18 INFO DAGScheduler: Final stage: ResultStage 0 (json at NativeMethodAccessorImpl.java:0)
[2025-03-10T15:56:28.818+0000] {ssh.py:526} INFO - 25/03/10 15:56:18 INFO DAGScheduler: Parents of final stage: List()
[2025-03-10T15:56:28.819+0000] {ssh.py:526} INFO - 25/03/10 15:56:18 INFO DAGScheduler: Missing parents: List()
[2025-03-10T15:56:28.819+0000] {ssh.py:526} INFO - 25/03/10 15:56:18 INFO DAGScheduler: Submitting ResultStage 0 (MapPartitionsRDD[3] at json at NativeMethodAccessorImpl.java:0), which has no missing parents
[2025-03-10T15:56:28.819+0000] {ssh.py:526} INFO - 25/03/10 15:56:18 INFO MemoryStore: Block broadcast_1 stored as values in memory (estimated size 16.5 KiB, free 434.2 MiB)
[2025-03-10T15:56:28.819+0000] {ssh.py:526} INFO - 25/03/10 15:56:18 INFO MemoryStore: Block broadcast_1_piece0 stored as bytes in memory (estimated size 7.8 KiB, free 434.1 MiB)
[2025-03-10T15:56:28.819+0000] {ssh.py:526} INFO - 25/03/10 15:56:18 INFO BlockManagerInfo: Added broadcast_1_piece0 in memory on 0.0.0.0:34103 (size: 7.8 KiB, free: 434.4 MiB)
[2025-03-10T15:56:28.819+0000] {ssh.py:526} INFO - 25/03/10 15:56:18 INFO SparkContext: Created broadcast 1 from broadcast at DAGScheduler.scala:1585
[2025-03-10T15:56:28.819+0000] {ssh.py:526} INFO - 25/03/10 15:56:18 INFO DAGScheduler: Submitting 1 missing tasks from ResultStage 0 (MapPartitionsRDD[3] at json at NativeMethodAccessorImpl.java:0) (first 15 tasks are for partitions Vector(0))
[2025-03-10T15:56:28.819+0000] {ssh.py:526} INFO - 25/03/10 15:56:18 INFO TaskSchedulerImpl: Adding task set 0.0 with 1 tasks resource profile 0
[2025-03-10T15:56:28.819+0000] {ssh.py:526} INFO - 25/03/10 15:56:18 INFO TaskSetManager: Starting task 0.0 in stage 0.0 (TID 0) (ip-172-31-12-182.ap-northeast-2.compute.internal, executor driver, partition 0, PROCESS_LOCAL, 9636 bytes) 
[2025-03-10T15:56:28.820+0000] {ssh.py:526} INFO - 25/03/10 15:56:18 INFO Executor: Running task 0.0 in stage 0.0 (TID 0)
[2025-03-10T15:56:28.820+0000] {ssh.py:526} INFO - 25/03/10 15:56:18 INFO FileScanRDD: Reading File path: s3a://de5-finalproj-team2/raw_data/json/match_data/2025-03-10/group_0.json, range: 0-1141862, partition values: [empty row]
[2025-03-10T15:56:28.820+0000] {ssh.py:526} INFO - 25/03/10 15:56:19 INFO CodeGenerator: Code generated in 316.002729 ms
[2025-03-10T15:56:28.820+0000] {ssh.py:526} INFO - 25/03/10 15:56:19 INFO Executor: Finished task 0.0 in stage 0.0 (TID 0). 2365 bytes result sent to driver
[2025-03-10T15:56:28.820+0000] {ssh.py:526} INFO - 25/03/10 15:56:19 INFO TaskSetManager: Finished task 0.0 in stage 0.0 (TID 0) in 1105 ms on ip-172-31-12-182.ap-northeast-2.compute.internal (executor driver) (1/1)
[2025-03-10T15:56:28.820+0000] {ssh.py:526} INFO - 25/03/10 15:56:19 INFO TaskSchedulerImpl: Removed TaskSet 0.0, whose tasks have all completed, from pool 
[2025-03-10T15:56:28.820+0000] {ssh.py:526} INFO - 25/03/10 15:56:19 INFO DAGScheduler: ResultStage 0 (json at NativeMethodAccessorImpl.java:0) finished in 1.499 s
[2025-03-10T15:56:28.820+0000] {ssh.py:526} INFO - 25/03/10 15:56:19 INFO DAGScheduler: Job 0 is finished. Cancelling potential speculative or zombie tasks for this job
[2025-03-10T15:56:28.820+0000] {ssh.py:526} INFO - 25/03/10 15:56:19 INFO TaskSchedulerImpl: Killing all running tasks in stage 0: Stage finished
[2025-03-10T15:56:28.821+0000] {ssh.py:526} INFO - 25/03/10 15:56:19 INFO DAGScheduler: Job 0 finished: json at NativeMethodAccessorImpl.java:0, took 1.599705 s
[2025-03-10T15:56:28.821+0000] {ssh.py:526} INFO - 25/03/10 15:56:19 INFO BlockManagerInfo: Removed broadcast_0_piece0 on 0.0.0.0:34103 in memory (size: 34.7 KiB, free: 434.4 MiB)
[2025-03-10T15:56:28.821+0000] {ssh.py:526} INFO - 25/03/10 15:56:20 INFO BlockManagerInfo: Removed broadcast_1_piece0 on 0.0.0.0:34103 in memory (size: 7.8 KiB, free: 434.4 MiB)
[2025-03-10T15:56:28.821+0000] {ssh.py:526} INFO - Writing trend_analysis parquet
[2025-03-10T15:56:28.821+0000] {ssh.py:526} INFO - 25/03/10 15:56:20 INFO FileSourceStrategy: Pushed Filters: IsNotNull(player_info)
[2025-03-10T15:56:28.821+0000] {ssh.py:526} INFO - 25/03/10 15:56:20 INFO FileSourceStrategy: Post-Scan Filters: (size(player_info#13, true) > 0),isnotnull(player_info#13)
[2025-03-10T15:56:28.821+0000] {ssh.py:526} INFO - 25/03/10 15:56:20 INFO ParquetUtils: Using default output committer for Parquet: org.apache.parquet.hadoop.ParquetOutputCommitter
[2025-03-10T15:56:28.821+0000] {ssh.py:526} INFO - 25/03/10 15:56:21 INFO FileOutputCommitter: File Output Committer Algorithm version is 1
[2025-03-10T15:56:28.821+0000] {ssh.py:526} INFO - 25/03/10 15:56:21 INFO FileOutputCommitter: FileOutputCommitter skip cleanup _temporary folders under output directory:false, ignore cleanup failures: false
[2025-03-10T15:56:28.822+0000] {ssh.py:526} INFO - 25/03/10 15:56:21 INFO SQLHadoopMapReduceCommitProtocol: Using user defined output committer class org.apache.parquet.hadoop.ParquetOutputCommitter
[2025-03-10T15:56:28.822+0000] {ssh.py:526} INFO - 25/03/10 15:56:21 INFO FileOutputCommitter: File Output Committer Algorithm version is 1
[2025-03-10T15:56:28.822+0000] {ssh.py:526} INFO - 25/03/10 15:56:21 INFO FileOutputCommitter: FileOutputCommitter skip cleanup _temporary folders under output directory:false, ignore cleanup failures: false
[2025-03-10T15:56:28.822+0000] {ssh.py:526} INFO - 25/03/10 15:56:21 INFO SQLHadoopMapReduceCommitProtocol: Using output committer class org.apache.parquet.hadoop.ParquetOutputCommitter
[2025-03-10T15:56:28.822+0000] {ssh.py:526} INFO - 25/03/10 15:56:21 INFO CodeGenerator: Code generated in 71.315796 ms
[2025-03-10T15:56:28.822+0000] {ssh.py:526} INFO - 25/03/10 15:56:21 INFO MemoryStore: Block broadcast_2 stored as values in memory (estimated size 200.9 KiB, free 434.2 MiB)
[2025-03-10T15:56:28.822+0000] {ssh.py:526} INFO - 25/03/10 15:56:21 INFO MemoryStore: Block broadcast_2_piece0 stored as bytes in memory (estimated size 34.7 KiB, free 434.2 MiB)
[2025-03-10T15:56:28.822+0000] {ssh.py:526} INFO - 25/03/10 15:56:21 INFO BlockManagerInfo: Added broadcast_2_piece0 in memory on 0.0.0.0:34103 (size: 34.7 KiB, free: 434.4 MiB)
[2025-03-10T15:56:28.822+0000] {ssh.py:526} INFO - 25/03/10 15:56:21 INFO SparkContext: Created broadcast 2 from save at NativeMethodAccessorImpl.java:0
[2025-03-10T15:56:28.823+0000] {ssh.py:526} INFO - 25/03/10 15:56:21 INFO FileSourceScanExec: Planning scan with bin packing, max size: 5336166 bytes, open cost is considered as scanning 4194304 bytes.
[2025-03-10T15:56:28.823+0000] {ssh.py:526} INFO - 25/03/10 15:56:21 INFO SparkContext: Starting job: save at NativeMethodAccessorImpl.java:0
[2025-03-10T15:56:28.823+0000] {ssh.py:526} INFO - 25/03/10 15:56:21 INFO DAGScheduler: Got job 1 (save at NativeMethodAccessorImpl.java:0) with 1 output partitions
[2025-03-10T15:56:28.823+0000] {ssh.py:526} INFO - 25/03/10 15:56:21 INFO DAGScheduler: Final stage: ResultStage 1 (save at NativeMethodAccessorImpl.java:0)
[2025-03-10T15:56:28.823+0000] {ssh.py:526} INFO - 25/03/10 15:56:21 INFO DAGScheduler: Parents of final stage: List()
[2025-03-10T15:56:28.823+0000] {ssh.py:526} INFO - 25/03/10 15:56:21 INFO DAGScheduler: Missing parents: List()
[2025-03-10T15:56:28.823+0000] {ssh.py:526} INFO - 25/03/10 15:56:21 INFO DAGScheduler: Submitting ResultStage 1 (MapPartitionsRDD[7] at save at NativeMethodAccessorImpl.java:0), which has no missing parents
[2025-03-10T15:56:28.823+0000] {ssh.py:526} INFO - 25/03/10 15:56:21 INFO MemoryStore: Block broadcast_3 stored as values in memory (estimated size 225.1 KiB, free 434.0 MiB)
[2025-03-10T15:56:28.823+0000] {ssh.py:526} INFO - 25/03/10 15:56:21 INFO MemoryStore: Block broadcast_3_piece0 stored as bytes in memory (estimated size 81.0 KiB, free 433.9 MiB)
[2025-03-10T15:56:28.824+0000] {ssh.py:526} INFO - 25/03/10 15:56:21 INFO BlockManagerInfo: Added broadcast_3_piece0 in memory on 0.0.0.0:34103 (size: 81.0 KiB, free: 434.3 MiB)
[2025-03-10T15:56:28.824+0000] {ssh.py:526} INFO - 25/03/10 15:56:21 INFO SparkContext: Created broadcast 3 from broadcast at DAGScheduler.scala:1585
[2025-03-10T15:56:28.824+0000] {ssh.py:526} INFO - 25/03/10 15:56:21 INFO DAGScheduler: Submitting 1 missing tasks from ResultStage 1 (MapPartitionsRDD[7] at save at NativeMethodAccessorImpl.java:0) (first 15 tasks are for partitions Vector(0))
[2025-03-10T15:56:28.824+0000] {ssh.py:526} INFO - 25/03/10 15:56:21 INFO TaskSchedulerImpl: Adding task set 1.0 with 1 tasks resource profile 0
[2025-03-10T15:56:28.824+0000] {ssh.py:526} INFO - 25/03/10 15:56:21 INFO TaskSetManager: Starting task 0.0 in stage 1.0 (TID 1) (ip-172-31-12-182.ap-northeast-2.compute.internal, executor driver, partition 0, PROCESS_LOCAL, 9636 bytes) 
[2025-03-10T15:56:28.824+0000] {ssh.py:526} INFO - 25/03/10 15:56:21 INFO Executor: Running task 0.0 in stage 1.0 (TID 1)
[2025-03-10T15:56:28.824+0000] {ssh.py:526} INFO - 25/03/10 15:56:21 INFO CodeGenerator: Code generated in 63.227239 ms
[2025-03-10T15:56:28.824+0000] {ssh.py:526} INFO - 25/03/10 15:56:21 INFO FileOutputCommitter: File Output Committer Algorithm version is 1
[2025-03-10T15:56:28.824+0000] {ssh.py:526} INFO - 25/03/10 15:56:21 INFO FileOutputCommitter: FileOutputCommitter skip cleanup _temporary folders under output directory:false, ignore cleanup failures: false
[2025-03-10T15:56:28.825+0000] {ssh.py:526} INFO - 25/03/10 15:56:21 INFO SQLHadoopMapReduceCommitProtocol: Using user defined output committer class org.apache.parquet.hadoop.ParquetOutputCommitter
[2025-03-10T15:56:28.825+0000] {ssh.py:526} INFO - 25/03/10 15:56:21 INFO FileOutputCommitter: File Output Committer Algorithm version is 1
[2025-03-10T15:56:28.825+0000] {ssh.py:526} INFO - 25/03/10 15:56:21 INFO FileOutputCommitter: FileOutputCommitter skip cleanup _temporary folders under output directory:false, ignore cleanup failures: false
[2025-03-10T15:56:28.825+0000] {ssh.py:526} INFO - 25/03/10 15:56:21 INFO SQLHadoopMapReduceCommitProtocol: Using output committer class org.apache.parquet.hadoop.ParquetOutputCommitter
[2025-03-10T15:56:28.825+0000] {ssh.py:526} INFO - 25/03/10 15:56:21 INFO CodecConfig: Compression: SNAPPY
[2025-03-10T15:56:28.825+0000] {ssh.py:526} INFO - 25/03/10 15:56:21 INFO CodecConfig: Compression: SNAPPY
[2025-03-10T15:56:28.825+0000] {ssh.py:526} INFO - 25/03/10 15:56:21 INFO ParquetOutputFormat: ParquetRecordWriter [block size: 134217728b, row group padding size: 8388608b, validating: false]
[2025-03-10T15:56:28.825+0000] {ssh.py:526} INFO - 25/03/10 15:56:21 INFO ParquetWriteSupport: Initialized Parquet WriteSupport with Catalyst schema:
[2025-03-10T15:56:28.825+0000] {ssh.py:526} INFO - {
[2025-03-10T15:56:28.826+0000] {ssh.py:526} INFO -   "type" : "struct",
[2025-03-10T15:56:28.826+0000] {ssh.py:526} INFO -   "fields" : [ {
[2025-03-10T15:56:28.826+0000] {ssh.py:526} INFO -     "name" : "match_id",
[2025-03-10T15:56:28.826+0000] {ssh.py:526} INFO -     "type" : "string",
[2025-03-10T15:56:28.826+0000] {ssh.py:526} INFO -     "nullable" : true,
[2025-03-10T15:56:28.826+0000] {ssh.py:526} INFO -     "metadata" : { }
[2025-03-10T15:56:28.826+0000] {ssh.py:526} INFO -   }, {
[2025-03-10T15:56:28.826+0000] {ssh.py:526} INFO -     "name" : "spid",
[2025-03-10T15:56:28.826+0000] {ssh.py:526} INFO -     "type" : "integer",
[2025-03-10T15:56:28.826+0000] {ssh.py:526} INFO -     "nullable" : true,
[2025-03-10T15:56:28.827+0000] {ssh.py:526} INFO -     "metadata" : { }
[2025-03-10T15:56:28.827+0000] {ssh.py:526} INFO -   }, {
[2025-03-10T15:56:28.827+0000] {ssh.py:526} INFO -     "name" : "season_id",
[2025-03-10T15:56:28.827+0000] {ssh.py:526} INFO -     "type" : "integer",
[2025-03-10T15:56:28.827+0000] {ssh.py:526} INFO -     "nullable" : true,
[2025-03-10T15:56:28.827+0000] {ssh.py:526} INFO -     "metadata" : { }
[2025-03-10T15:56:28.827+0000] {ssh.py:526} INFO -   }, {
[2025-03-10T15:56:28.827+0000] {ssh.py:526} INFO -     "name" : "gamer_nickname",
[2025-03-10T15:56:28.827+0000] {ssh.py:526} INFO -     "type" : "string",
[2025-03-10T15:56:28.828+0000] {ssh.py:526} INFO -     "nullable" : true,
[2025-03-10T15:56:28.828+0000] {ssh.py:526} INFO -     "metadata" : { }
[2025-03-10T15:56:28.828+0000] {ssh.py:526} INFO -   }, {
[2025-03-10T15:56:28.828+0000] {ssh.py:526} INFO -     "name" : "position",
[2025-03-10T15:56:28.828+0000] {ssh.py:526} INFO -     "type" : "integer",
[2025-03-10T15:56:28.828+0000] {ssh.py:526} INFO -     "nullable" : true,
[2025-03-10T15:56:28.828+0000] {ssh.py:526} INFO -     "metadata" : { }
[2025-03-10T15:56:28.828+0000] {ssh.py:526} INFO -   }, {
[2025-03-10T15:56:28.828+0000] {ssh.py:526} INFO -     "name" : "ouid",
[2025-03-10T15:56:28.829+0000] {ssh.py:526} INFO -     "type" : "string",
[2025-03-10T15:56:28.829+0000] {ssh.py:526} INFO -     "nullable" : true,
[2025-03-10T15:56:28.829+0000] {ssh.py:526} INFO -     "metadata" : { }
[2025-03-10T15:56:28.829+0000] {ssh.py:526} INFO -   }, {
[2025-03-10T15:56:28.829+0000] {ssh.py:526} INFO -     "name" : "spgrade",
[2025-03-10T15:56:28.829+0000] {ssh.py:526} INFO -     "type" : "integer",
[2025-03-10T15:56:28.829+0000] {ssh.py:526} INFO -     "nullable" : true,
[2025-03-10T15:56:28.829+0000] {ssh.py:526} INFO -     "metadata" : { }
[2025-03-10T15:56:28.829+0000] {ssh.py:526} INFO -   }, {
[2025-03-10T15:56:28.830+0000] {ssh.py:526} INFO -     "name" : "matchresult",
[2025-03-10T15:56:28.830+0000] {ssh.py:526} INFO -     "type" : "string",
[2025-03-10T15:56:28.830+0000] {ssh.py:526} INFO -     "nullable" : true,
[2025-03-10T15:56:28.830+0000] {ssh.py:526} INFO -     "metadata" : { }
[2025-03-10T15:56:28.830+0000] {ssh.py:526} INFO -   }, {
[2025-03-10T15:56:28.830+0000] {ssh.py:526} INFO -     "name" : "match_date",
[2025-03-10T15:56:28.830+0000] {ssh.py:526} INFO -     "type" : "date",
[2025-03-10T15:56:28.830+0000] {ssh.py:526} INFO -     "nullable" : true,
[2025-03-10T15:56:28.830+0000] {ssh.py:526} INFO -     "metadata" : { }
[2025-03-10T15:56:28.831+0000] {ssh.py:526} INFO -   } ]
[2025-03-10T15:56:28.831+0000] {ssh.py:526} INFO - }
[2025-03-10T15:56:28.831+0000] {ssh.py:526} INFO - and corresponding Parquet message type:
[2025-03-10T15:56:28.831+0000] {ssh.py:526} INFO - message spark_schema {
[2025-03-10T15:56:28.831+0000] {ssh.py:526} INFO -   optional binary match_id (STRING);
[2025-03-10T15:56:28.831+0000] {ssh.py:526} INFO -   optional int32 spid;
[2025-03-10T15:56:28.831+0000] {ssh.py:526} INFO -   optional int32 season_id;
[2025-03-10T15:56:28.831+0000] {ssh.py:526} INFO -   optional binary gamer_nickname (STRING);
[2025-03-10T15:56:28.831+0000] {ssh.py:526} INFO -   optional int32 position;
[2025-03-10T15:56:28.831+0000] {ssh.py:526} INFO -   optional binary ouid (STRING);
[2025-03-10T15:56:28.832+0000] {ssh.py:526} INFO -   optional int32 spgrade;
[2025-03-10T15:56:28.832+0000] {ssh.py:526} INFO -   optional binary matchresult (STRING);
[2025-03-10T15:56:28.832+0000] {ssh.py:526} INFO -   optional int32 match_date (DATE);
[2025-03-10T15:56:28.832+0000] {ssh.py:526} INFO - }
[2025-03-10T15:56:28.832+0000] {ssh.py:526} INFO - 
[2025-03-10T15:56:28.832+0000] {ssh.py:526} INFO -        
[2025-03-10T15:56:28.832+0000] {ssh.py:526} INFO - 25/03/10 15:56:21 INFO CodecPool: Got brand-new compressor [.snappy]
[2025-03-10T15:56:28.832+0000] {ssh.py:526} INFO - 25/03/10 15:56:22 INFO FileScanRDD: Reading File path: s3a://de5-finalproj-team2/raw_data/json/match_data/2025-03-10/group_0.json, range: 0-1141862, partition values: [empty row]
[2025-03-10T15:56:28.833+0000] {ssh.py:526} INFO - 25/03/10 15:56:22 INFO CodeGenerator: Code generated in 28.132565 ms
[2025-03-10T15:56:28.833+0000] {ssh.py:526} INFO - 25/03/10 15:56:22 INFO CodeGenerator: Code generated in 10.171875 ms
[2025-03-10T15:56:28.833+0000] {ssh.py:526} INFO - 25/03/10 15:56:24 INFO FileOutputCommitter: Saved output of task 'attempt_202503101556214127655041507894382_0001_m_000000_1' to s3a://de5-finalproj-team2/trend_analysis/match_data/2025-03-10/_temporary/0/task_202503101556214127655041507894382_0001_m_000000
[2025-03-10T15:56:28.833+0000] {ssh.py:526} INFO - 25/03/10 15:56:24 INFO SparkHadoopMapRedUtil: attempt_202503101556214127655041507894382_0001_m_000000_1: Committed. Elapsed time: 580 ms.
[2025-03-10T15:56:28.833+0000] {ssh.py:526} INFO - 25/03/10 15:56:24 INFO Executor: Finished task 0.0 in stage 1.0 (TID 1). 2725 bytes result sent to driver
[2025-03-10T15:56:28.833+0000] {ssh.py:526} INFO - 25/03/10 15:56:24 INFO TaskSetManager: Finished task 0.0 in stage 1.0 (TID 1) in 3059 ms on ip-172-31-12-182.ap-northeast-2.compute.internal (executor driver) (1/1)
[2025-03-10T15:56:28.833+0000] {ssh.py:526} INFO - 25/03/10 15:56:24 INFO TaskSchedulerImpl: Removed TaskSet 1.0, whose tasks have all completed, from pool 
[2025-03-10T15:56:28.833+0000] {ssh.py:526} INFO - 25/03/10 15:56:24 INFO DAGScheduler: ResultStage 1 (save at NativeMethodAccessorImpl.java:0) finished in 3.153 s
[2025-03-10T15:56:28.833+0000] {ssh.py:526} INFO - 25/03/10 15:56:24 INFO DAGScheduler: Job 1 is finished. Cancelling potential speculative or zombie tasks for this job
[2025-03-10T15:56:28.834+0000] {ssh.py:526} INFO - 25/03/10 15:56:24 INFO TaskSchedulerImpl: Killing all running tasks in stage 1: Stage finished
[2025-03-10T15:56:28.834+0000] {ssh.py:526} INFO - 25/03/10 15:56:24 INFO DAGScheduler: Job 1 finished: save at NativeMethodAccessorImpl.java:0, took 3.169194 s
[2025-03-10T15:56:28.834+0000] {ssh.py:526} INFO - 25/03/10 15:56:24 INFO FileFormatWriter: Start to commit write Job 682b73ac-8bd7-4ac3-bbbb-3824844d99fc.
[2025-03-10T15:56:28.834+0000] {ssh.py:526} INFO - 25/03/10 15:56:25 INFO FileFormatWriter: Write Job 682b73ac-8bd7-4ac3-bbbb-3824844d99fc committed. Elapsed time: 899 ms.
[2025-03-10T15:56:28.834+0000] {ssh.py:526} INFO - 25/03/10 15:56:25 INFO FileFormatWriter: Finished processing stats for write job 682b73ac-8bd7-4ac3-bbbb-3824844d99fc.
[2025-03-10T15:56:28.834+0000] {ssh.py:526} INFO - Writing analytics parquet
[2025-03-10T15:56:28.834+0000] {ssh.py:526} INFO - 25/03/10 15:56:25 INFO FileSourceStrategy: Pushed Filters: IsNotNull(player_info)
[2025-03-10T15:56:28.834+0000] {ssh.py:526} INFO - 25/03/10 15:56:25 INFO FileSourceStrategy: Post-Scan Filters: (size(player_info#13, true) > 0),isnotnull(player_info#13)
[2025-03-10T15:56:28.834+0000] {ssh.py:526} INFO - 25/03/10 15:56:25 INFO ParquetUtils: Using default output committer for Parquet: org.apache.parquet.hadoop.ParquetOutputCommitter
[2025-03-10T15:56:28.834+0000] {ssh.py:526} INFO - 25/03/10 15:56:25 INFO FileOutputCommitter: File Output Committer Algorithm version is 1
[2025-03-10T15:56:28.835+0000] {ssh.py:526} INFO - 25/03/10 15:56:25 INFO FileOutputCommitter: FileOutputCommitter skip cleanup _temporary folders under output directory:false, ignore cleanup failures: false
[2025-03-10T15:56:28.835+0000] {ssh.py:526} INFO - 25/03/10 15:56:25 INFO SQLHadoopMapReduceCommitProtocol: Using user defined output committer class org.apache.parquet.hadoop.ParquetOutputCommitter
[2025-03-10T15:56:28.835+0000] {ssh.py:526} INFO - 25/03/10 15:56:25 INFO FileOutputCommitter: File Output Committer Algorithm version is 1
[2025-03-10T15:56:28.835+0000] {ssh.py:526} INFO - 25/03/10 15:56:25 INFO FileOutputCommitter: FileOutputCommitter skip cleanup _temporary folders under output directory:false, ignore cleanup failures: false
[2025-03-10T15:56:28.835+0000] {ssh.py:526} INFO - 25/03/10 15:56:25 INFO SQLHadoopMapReduceCommitProtocol: Using output committer class org.apache.parquet.hadoop.ParquetOutputCommitter
[2025-03-10T15:56:28.835+0000] {ssh.py:526} INFO - 25/03/10 15:56:26 INFO CodeGenerator: Code generated in 35.498606 ms
[2025-03-10T15:56:28.835+0000] {ssh.py:526} INFO - 25/03/10 15:56:26 INFO MemoryStore: Block broadcast_4 stored as values in memory (estimated size 200.9 KiB, free 433.7 MiB)
[2025-03-10T15:56:28.835+0000] {ssh.py:526} INFO - 25/03/10 15:56:26 INFO MemoryStore: Block broadcast_4_piece0 stored as bytes in memory (estimated size 34.7 KiB, free 433.6 MiB)
[2025-03-10T15:56:28.835+0000] {ssh.py:526} INFO - 25/03/10 15:56:26 INFO BlockManagerInfo: Added broadcast_4_piece0 in memory on 0.0.0.0:34103 (size: 34.7 KiB, free: 434.3 MiB)
[2025-03-10T15:56:28.836+0000] {ssh.py:526} INFO - 25/03/10 15:56:26 INFO SparkContext: Created broadcast 4 from save at NativeMethodAccessorImpl.java:0
[2025-03-10T15:56:28.836+0000] {ssh.py:526} INFO - 25/03/10 15:56:26 INFO FileSourceScanExec: Planning scan with bin packing, max size: 5336166 bytes, open cost is considered as scanning 4194304 bytes.
[2025-03-10T15:56:28.836+0000] {ssh.py:526} INFO - 25/03/10 15:56:26 INFO SparkContext: Starting job: save at NativeMethodAccessorImpl.java:0
[2025-03-10T15:56:28.836+0000] {ssh.py:526} INFO - 25/03/10 15:56:26 INFO DAGScheduler: Got job 2 (save at NativeMethodAccessorImpl.java:0) with 1 output partitions
[2025-03-10T15:56:28.836+0000] {ssh.py:526} INFO - 25/03/10 15:56:26 INFO DAGScheduler: Final stage: ResultStage 2 (save at NativeMethodAccessorImpl.java:0)
[2025-03-10T15:56:28.836+0000] {ssh.py:526} INFO - 25/03/10 15:56:26 INFO DAGScheduler: Parents of final stage: List()
[2025-03-10T15:56:28.836+0000] {ssh.py:526} INFO - 25/03/10 15:56:26 INFO DAGScheduler: Missing parents: List()
[2025-03-10T15:56:28.836+0000] {ssh.py:526} INFO - 25/03/10 15:56:26 INFO DAGScheduler: Submitting ResultStage 2 (MapPartitionsRDD[11] at save at NativeMethodAccessorImpl.java:0), which has no missing parents
[2025-03-10T15:56:28.837+0000] {ssh.py:526} INFO - 25/03/10 15:56:26 INFO MemoryStore: Block broadcast_5 stored as values in memory (estimated size 223.4 KiB, free 433.4 MiB)
[2025-03-10T15:56:28.837+0000] {ssh.py:526} INFO - 25/03/10 15:56:26 INFO MemoryStore: Block broadcast_5_piece0 stored as bytes in memory (estimated size 80.4 KiB, free 433.3 MiB)
[2025-03-10T15:56:28.837+0000] {ssh.py:526} INFO - 25/03/10 15:56:26 INFO BlockManagerInfo: Added broadcast_5_piece0 in memory on 0.0.0.0:34103 (size: 80.4 KiB, free: 434.2 MiB)
[2025-03-10T15:56:28.837+0000] {ssh.py:526} INFO - 25/03/10 15:56:26 INFO SparkContext: Created broadcast 5 from broadcast at DAGScheduler.scala:1585
[2025-03-10T15:56:28.837+0000] {ssh.py:526} INFO - 25/03/10 15:56:26 INFO DAGScheduler: Submitting 1 missing tasks from ResultStage 2 (MapPartitionsRDD[11] at save at NativeMethodAccessorImpl.java:0) (first 15 tasks are for partitions Vector(0))
[2025-03-10T15:56:28.837+0000] {ssh.py:526} INFO - 25/03/10 15:56:26 INFO TaskSchedulerImpl: Adding task set 2.0 with 1 tasks resource profile 0
[2025-03-10T15:56:28.837+0000] {ssh.py:526} INFO - 25/03/10 15:56:26 INFO TaskSetManager: Starting task 0.0 in stage 2.0 (TID 2) (ip-172-31-12-182.ap-northeast-2.compute.internal, executor driver, partition 0, PROCESS_LOCAL, 9636 bytes) 
[2025-03-10T15:56:28.837+0000] {ssh.py:526} INFO - 25/03/10 15:56:26 INFO Executor: Running task 0.0 in stage 2.0 (TID 2)
[2025-03-10T15:56:28.837+0000] {ssh.py:526} INFO - 25/03/10 15:56:26 INFO CodeGenerator: Code generated in 54.356364 ms
[2025-03-10T15:56:28.837+0000] {ssh.py:526} INFO - 25/03/10 15:56:26 INFO FileOutputCommitter: File Output Committer Algorithm version is 1
[2025-03-10T15:56:28.838+0000] {ssh.py:526} INFO - 25/03/10 15:56:26 INFO FileOutputCommitter: FileOutputCommitter skip cleanup _temporary folders under output directory:false, ignore cleanup failures: false
[2025-03-10T15:56:28.838+0000] {ssh.py:526} INFO - 25/03/10 15:56:26 INFO SQLHadoopMapReduceCommitProtocol: Using user defined output committer class org.apache.parquet.hadoop.ParquetOutputCommitter
[2025-03-10T15:56:28.838+0000] {ssh.py:526} INFO - 25/03/10 15:56:26 INFO FileOutputCommitter: File Output Committer Algorithm version is 1
[2025-03-10T15:56:28.838+0000] {ssh.py:526} INFO - 25/03/10 15:56:26 INFO FileOutputCommitter: FileOutputCommitter skip cleanup _temporary folders under output directory:false, ignore cleanup failures: false
[2025-03-10T15:56:28.838+0000] {ssh.py:526} INFO - 25/03/10 15:56:26 INFO SQLHadoopMapReduceCommitProtocol: Using output committer class org.apache.parquet.hadoop.ParquetOutputCommitter
[2025-03-10T15:56:28.838+0000] {ssh.py:526} INFO - 25/03/10 15:56:26 INFO CodecConfig: Compression: SNAPPY
[2025-03-10T15:56:28.838+0000] {ssh.py:526} INFO - 25/03/10 15:56:26 INFO CodecConfig: Compression: SNAPPY
[2025-03-10T15:56:28.838+0000] {ssh.py:526} INFO - 25/03/10 15:56:26 INFO ParquetOutputFormat: ParquetRecordWriter [block size: 134217728b, row group padding size: 8388608b, validating: false]
[2025-03-10T15:56:28.838+0000] {ssh.py:526} INFO - 25/03/10 15:56:26 INFO ParquetWriteSupport: Initialized Parquet WriteSupport with Catalyst schema:
[2025-03-10T15:56:28.839+0000] {ssh.py:526} INFO - {
[2025-03-10T15:56:28.839+0000] {ssh.py:526} INFO -   "type" : "struct",
[2025-03-10T15:56:28.839+0000] {ssh.py:526} INFO -   "fields" : [ {
[2025-03-10T15:56:28.839+0000] {ssh.py:526} INFO -     "name" : "match_id",
[2025-03-10T15:56:28.839+0000] {ssh.py:526} INFO -     "type" : "string",
[2025-03-10T15:56:28.839+0000] {ssh.py:526} INFO -     "nullable" : true,
[2025-03-10T15:56:28.839+0000] {ssh.py:526} INFO -     "metadata" : { }
[2025-03-10T15:56:28.839+0000] {ssh.py:526} INFO -   }, {
[2025-03-10T15:56:28.839+0000] {ssh.py:526} INFO -     "name" : "spid",
[2025-03-10T15:56:28.840+0000] {ssh.py:526} INFO -     "type" : "integer",
[2025-03-10T15:56:28.840+0000] {ssh.py:526} INFO -     "nullable" : true,
[2025-03-10T15:56:28.840+0000] {ssh.py:526} INFO -     "metadata" : { }
[2025-03-10T15:56:28.840+0000] {ssh.py:526} INFO -   }, {
[2025-03-10T15:56:28.840+0000] {ssh.py:526} INFO -     "name" : "season_id",
[2025-03-10T15:56:28.840+0000] {ssh.py:526} INFO -     "type" : "integer",
[2025-03-10T15:56:28.840+0000] {ssh.py:526} INFO -     "nullable" : true,
[2025-03-10T15:56:28.840+0000] {ssh.py:526} INFO -     "metadata" : { }
[2025-03-10T15:56:28.840+0000] {ssh.py:526} INFO -   }, {
[2025-03-10T15:56:28.841+0000] {ssh.py:526} INFO -     "name" : "gamer_nickname",
[2025-03-10T15:56:28.841+0000] {ssh.py:526} INFO -     "type" : "string",
[2025-03-10T15:56:28.841+0000] {ssh.py:526} INFO -     "nullable" : true,
[2025-03-10T15:56:28.841+0000] {ssh.py:526} INFO -     "metadata" : { }
[2025-03-10T15:56:28.841+0000] {ssh.py:526} INFO -   }, {
[2025-03-10T15:56:28.841+0000] {ssh.py:526} INFO -     "name" : "position",
[2025-03-10T15:56:28.841+0000] {ssh.py:526} INFO -     "type" : "integer",
[2025-03-10T15:56:28.841+0000] {ssh.py:526} INFO -     "nullable" : true,
[2025-03-10T15:56:28.841+0000] {ssh.py:526} INFO -     "metadata" : { }
[2025-03-10T15:56:28.842+0000] {ssh.py:526} INFO -   }, {
[2025-03-10T15:56:28.842+0000] {ssh.py:526} INFO -     "name" : "spgrade",
[2025-03-10T15:56:28.842+0000] {ssh.py:526} INFO -     "type" : "integer",
[2025-03-10T15:56:28.842+0000] {ssh.py:526} INFO -     "nullable" : true,
[2025-03-10T15:56:28.842+0000] {ssh.py:526} INFO -     "metadata" : { }
[2025-03-10T15:56:28.842+0000] {ssh.py:526} INFO -   }, {
[2025-03-10T15:56:28.842+0000] {ssh.py:526} INFO -     "name" : "matchresult",
[2025-03-10T15:56:28.842+0000] {ssh.py:526} INFO -     "type" : "string",
[2025-03-10T15:56:28.842+0000] {ssh.py:526} INFO -     "nullable" : true,
[2025-03-10T15:56:28.843+0000] {ssh.py:526} INFO -     "metadata" : { }
[2025-03-10T15:56:28.843+0000] {ssh.py:526} INFO -   } ]
[2025-03-10T15:56:28.843+0000] {ssh.py:526} INFO - }
[2025-03-10T15:56:28.843+0000] {ssh.py:526} INFO - and corresponding Parquet message type:
[2025-03-10T15:56:28.843+0000] {ssh.py:526} INFO - message spark_schema {
[2025-03-10T15:56:28.843+0000] {ssh.py:526} INFO -   optional binary match_id (STRING);
[2025-03-10T15:56:28.843+0000] {ssh.py:526} INFO -   optional int32 spid;
[2025-03-10T15:56:28.843+0000] {ssh.py:526} INFO -   optional int32 season_id;
[2025-03-10T15:56:28.843+0000] {ssh.py:526} INFO -   optional binary gamer_nickname (STRING);
[2025-03-10T15:56:28.844+0000] {ssh.py:526} INFO -   optional int32 position;
[2025-03-10T15:56:28.844+0000] {ssh.py:526} INFO -   optional int32 spgrade;
[2025-03-10T15:56:28.844+0000] {ssh.py:526} INFO -   optional binary matchresult (STRING);
[2025-03-10T15:56:28.844+0000] {ssh.py:526} INFO - }
[2025-03-10T15:56:28.844+0000] {ssh.py:526} INFO - 
[2025-03-10T15:56:28.844+0000] {ssh.py:526} INFO -        
[2025-03-10T15:56:28.844+0000] {ssh.py:526} INFO - 25/03/10 15:56:26 INFO BlockManagerInfo: Removed broadcast_3_piece0 on 0.0.0.0:34103 in memory (size: 81.0 KiB, free: 434.3 MiB)
[2025-03-10T15:56:28.844+0000] {ssh.py:526} INFO - 25/03/10 15:56:26 INFO FileScanRDD: Reading File path: s3a://de5-finalproj-team2/raw_data/json/match_data/2025-03-10/group_0.json, range: 0-1141862, partition values: [empty row]
[2025-03-10T15:56:28.844+0000] {ssh.py:526} INFO - 25/03/10 15:56:26 INFO CodeGenerator: Code generated in 46.565948 ms
[2025-03-10T15:56:28.845+0000] {ssh.py:526} INFO - 25/03/10 15:56:26 INFO CodeGenerator: Code generated in 12.065886 ms
[2025-03-10T15:56:28.845+0000] {ssh.py:526} INFO - 25/03/10 15:56:26 INFO BlockManagerInfo: Removed broadcast_2_piece0 on 0.0.0.0:34103 in memory (size: 34.7 KiB, free: 434.3 MiB)
[2025-03-10T15:56:28.845+0000] {ssh.py:526} INFO - 25/03/10 15:56:27 INFO FileOutputCommitter: Saved output of task 'attempt_202503101556262279841980869048618_0002_m_000000_2' to s3a://de5-finalproj-team2/analytics/match_data/2025-03-10/_temporary/0/task_202503101556262279841980869048618_0002_m_000000
[2025-03-10T15:56:28.845+0000] {ssh.py:526} INFO - 25/03/10 15:56:27 INFO SparkHadoopMapRedUtil: attempt_202503101556262279841980869048618_0002_m_000000_2: Committed. Elapsed time: 492 ms.
[2025-03-10T15:56:28.845+0000] {ssh.py:526} INFO - 25/03/10 15:56:27 INFO Executor: Finished task 0.0 in stage 2.0 (TID 2). 2682 bytes result sent to driver
[2025-03-10T15:56:28.845+0000] {ssh.py:526} INFO - 25/03/10 15:56:27 INFO TaskSetManager: Finished task 0.0 in stage 2.0 (TID 2) in 1539 ms on ip-172-31-12-182.ap-northeast-2.compute.internal (executor driver) (1/1)
[2025-03-10T15:56:28.845+0000] {ssh.py:526} INFO - 25/03/10 15:56:27 INFO TaskSchedulerImpl: Removed TaskSet 2.0, whose tasks have all completed, from pool 
[2025-03-10T15:56:28.845+0000] {ssh.py:526} INFO - 25/03/10 15:56:27 INFO DAGScheduler: ResultStage 2 (save at NativeMethodAccessorImpl.java:0) finished in 1.587 s
[2025-03-10T15:56:28.845+0000] {ssh.py:526} INFO - 25/03/10 15:56:27 INFO DAGScheduler: Job 2 is finished. Cancelling potential speculative or zombie tasks for this job
[2025-03-10T15:56:28.845+0000] {ssh.py:526} INFO - 25/03/10 15:56:27 INFO TaskSchedulerImpl: Killing all running tasks in stage 2: Stage finished
[2025-03-10T15:56:28.846+0000] {ssh.py:526} INFO - 25/03/10 15:56:27 INFO DAGScheduler: Job 2 finished: save at NativeMethodAccessorImpl.java:0, took 1.595975 s
[2025-03-10T15:56:28.846+0000] {ssh.py:526} INFO - 25/03/10 15:56:27 INFO FileFormatWriter: Start to commit write Job ca9c421e-25ab-4abe-8018-10d45ed7c631.
[2025-03-10T15:56:28.846+0000] {ssh.py:526} INFO - 25/03/10 15:56:28 INFO BlockManagerInfo: Removed broadcast_5_piece0 on 0.0.0.0:34103 in memory (size: 80.4 KiB, free: 434.4 MiB)
[2025-03-10T15:56:28.846+0000] {ssh.py:526} INFO - 25/03/10 15:56:28 INFO FileFormatWriter: Write Job ca9c421e-25ab-4abe-8018-10d45ed7c631 committed. Elapsed time: 761 ms.
[2025-03-10T15:56:28.846+0000] {ssh.py:526} INFO - 25/03/10 15:56:28 INFO FileFormatWriter: Finished processing stats for write job ca9c421e-25ab-4abe-8018-10d45ed7c631.
[2025-03-10T15:56:28.846+0000] {ssh.py:526} INFO - 25/03/10 15:56:28 INFO SparkContext: SparkContext is stopping with exitCode 0.
[2025-03-10T15:56:28.846+0000] {ssh.py:526} INFO - 25/03/10 15:56:28 INFO SparkUI: Stopped Spark web UI at http://0.0.0.0:4040
[2025-03-10T15:56:28.846+0000] {ssh.py:526} INFO - 25/03/10 15:56:28 INFO MapOutputTrackerMasterEndpoint: MapOutputTrackerMasterEndpoint stopped!
[2025-03-10T15:56:28.846+0000] {ssh.py:526} INFO - 25/03/10 15:56:28 INFO MemoryStore: MemoryStore cleared
[2025-03-10T15:56:28.847+0000] {ssh.py:526} INFO - 25/03/10 15:56:28 INFO BlockManager: BlockManager stopped
[2025-03-10T15:56:28.847+0000] {ssh.py:526} INFO - 25/03/10 15:56:28 INFO BlockManagerMaster: BlockManagerMaster stopped
[2025-03-10T15:56:28.847+0000] {ssh.py:526} INFO - 25/03/10 15:56:28 INFO OutputCommitCoordinator$OutputCommitCoordinatorEndpoint: OutputCommitCoordinator stopped!
[2025-03-10T15:56:28.847+0000] {ssh.py:526} INFO - 25/03/10 15:56:28 INFO SparkContext: Successfully stopped SparkContext
[2025-03-10T15:56:28.847+0000] {ssh.py:526} INFO - 25/03/10 15:56:28 INFO ShutdownHookManager: Shutdown hook called
[2025-03-10T15:56:28.847+0000] {ssh.py:526} INFO - 25/03/10 15:56:28 INFO ShutdownHookManager: Deleting directory /tmp/spark-60353a19-490f-4cac-bcda-60563352632e
[2025-03-10T15:56:28.847+0000] {ssh.py:526} INFO - 25/03/10 15:56:28 INFO ShutdownHookManager: Deleting directory /tmp/spark-60353a19-490f-4cac-bcda-60563352632e/pyspark-2411214a-0898-41da-ad76-8d38c78158d0
[2025-03-10T15:56:28.847+0000] {ssh.py:526} INFO - 25/03/10 15:56:28 INFO ShutdownHookManager: Deleting directory /tmp/spark-99cf8ae8-acff-49f3-93f7-fb447d9263d9
[2025-03-10T15:56:28.847+0000] {ssh.py:526} INFO - 25/03/10 15:56:28 INFO MetricsSystemImpl: Stopping s3a-file-system metrics system...
[2025-03-10T15:56:28.848+0000] {ssh.py:526} INFO - 25/03/10 15:56:28 INFO MetricsSystemImpl: s3a-file-system metrics system stopped.
[2025-03-10T15:56:28.848+0000] {ssh.py:526} INFO - 25/03/10 15:56:28 INFO MetricsSystemImpl: s3a-file-system metrics system shutdown complete.
[2025-03-10T15:56:28.848+0000] {ssh.py:526} INFO - === Spark Job Log End ===
[2025-03-10T15:56:28.848+0000] {ssh.py:526} INFO - Spark Job Succeeded!
[2025-03-10T15:56:28.866+0000] {taskinstance.py:441} INFO - ::group::Post task execution logs
[2025-03-10T15:56:28.899+0000] {taskinstance.py:1206} INFO - Marking task as SUCCESS. dag_id=submit_spark_job_v3, task_id=submit_spark_via_ssh, run_id=manual__2025-03-10T14:59:30.032530+00:00, execution_date=20250310T145930, start_date=20250310T155603, end_date=20250310T155628
[2025-03-10T15:56:28.926+0000] {local_task_job_runner.py:240} INFO - Task exited with return code 0
[2025-03-10T15:56:28.951+0000] {taskinstance.py:3498} INFO - 1 downstream tasks scheduled from follow-on schedule check
[2025-03-10T15:56:28.953+0000] {local_task_job_runner.py:222} INFO - ::endgroup::
