[2025-03-15T06:01:36.615+0000] {local_task_job_runner.py:120} INFO - ::group::Pre task execution logs
[2025-03-15T06:01:36.638+0000] {taskinstance.py:2076} INFO - Dependencies all met for dep_context=non-requeueable deps ti=<TaskInstance: daily_review_data_update.load_review_data_to_redshift manual__2025-03-15T06:01:34.685526+00:00 [queued]>
[2025-03-15T06:01:36.647+0000] {taskinstance.py:2076} INFO - Dependencies all met for dep_context=requeueable deps ti=<TaskInstance: daily_review_data_update.load_review_data_to_redshift manual__2025-03-15T06:01:34.685526+00:00 [queued]>
[2025-03-15T06:01:36.648+0000] {taskinstance.py:2306} INFO - Starting attempt 1 of 2
[2025-03-15T06:01:36.680+0000] {taskinstance.py:2330} INFO - Executing <Task(S3ToRedshiftOperator): load_review_data_to_redshift> on 2025-03-15 06:01:34.685526+00:00
[2025-03-15T06:01:36.692+0000] {standard_task_runner.py:63} INFO - Started process 32488 to run task
[2025-03-15T06:01:36.698+0000] {standard_task_runner.py:90} INFO - Running: ['***', 'tasks', 'run', 'daily_review_data_update', 'load_review_data_to_redshift', 'manual__2025-03-15T06:01:34.685526+00:00', '--job-id', '266', '--raw', '--subdir', 'DAGS_FOLDER/review_info_to_redshift.py', '--cfg-path', '/tmp/tmp0bt4w16y']
[2025-03-15T06:01:36.700+0000] {standard_task_runner.py:91} INFO - Job 266: Subtask load_review_data_to_redshift
[2025-03-15T06:01:36.790+0000] {task_command.py:426} INFO - Running <TaskInstance: daily_review_data_update.load_review_data_to_redshift manual__2025-03-15T06:01:34.685526+00:00 [running]> on host a0d797a25898
[2025-03-15T06:01:36.929+0000] {taskinstance.py:2648} INFO - Exporting env vars: AIRFLOW_CTX_DAG_OWNER='***' AIRFLOW_CTX_DAG_ID='daily_review_data_update' AIRFLOW_CTX_TASK_ID='load_review_data_to_redshift' AIRFLOW_CTX_EXECUTION_DATE='2025-03-15T06:01:34.685526+00:00' AIRFLOW_CTX_TRY_NUMBER='1' AIRFLOW_CTX_DAG_RUN_ID='manual__2025-03-15T06:01:34.685526+00:00'
[2025-03-15T06:01:36.930+0000] {taskinstance.py:430} INFO - ::endgroup::
[2025-03-15T06:01:36.964+0000] {base.py:84} INFO - Using connection ID 's3_conn_team' for task execution.
[2025-03-15T06:01:36.978+0000] {base.py:84} INFO - Using connection ID 's3_conn_team' for task execution.
[2025-03-15T06:01:36.979+0000] {connection_wrapper.py:384} INFO - AWS Connection (conn_id='s3_conn_team', conn_type='aws') credentials retrieved from login and password.
[2025-03-15T06:01:36.994+0000] {s3_to_redshift.py:193} INFO - Executing COPY command...
[2025-03-15T06:01:37.010+0000] {base.py:84} INFO - Using connection ID 'redshift_conn_team' for task execution.
[2025-03-15T06:01:37.522+0000] {sql.py:470} INFO - Running statement: BEGIN;, parameters: None
[2025-03-15T06:01:37.528+0000] {sql.py:470} INFO - Running statement: DELETE FROM analytics.player_review_info;, parameters: None
[2025-03-15T06:01:37.551+0000] {sql.py:479} INFO - Rows affected: 18152
[2025-03-15T06:01:37.551+0000] {sql.py:470} INFO - Running statement: 
                    COPY analytics.player_review_info 
                    FROM 's3://de5-finalproj-team2/analytics/review_data_ML/2025-03-15/'
                    credentials
                    'aws_access_key_id=AKIA4RRVVY55RK5T7HCV;aws_secret_access_key=***'
                    
                    FORMAT AS PARQUET;
        , parameters: None
[2025-03-15T06:01:45.550+0000] {sql.py:470} INFO - Running statement: COMMIT, parameters: None
[2025-03-15T06:01:45.636+0000] {s3_to_redshift.py:198} INFO - COPY command complete...
[2025-03-15T06:01:45.637+0000] {taskinstance.py:441} INFO - ::group::Post task execution logs
[2025-03-15T06:01:45.673+0000] {taskinstance.py:1206} INFO - Marking task as SUCCESS. dag_id=daily_review_data_update, task_id=load_review_data_to_redshift, run_id=manual__2025-03-15T06:01:34.685526+00:00, execution_date=20250315T060134, start_date=20250315T060136, end_date=20250315T060145
[2025-03-15T06:01:45.725+0000] {local_task_job_runner.py:240} INFO - Task exited with return code 0
[2025-03-15T06:01:45.749+0000] {taskinstance.py:3498} INFO - 0 downstream tasks scheduled from follow-on schedule check
[2025-03-15T06:01:45.752+0000] {local_task_job_runner.py:222} INFO - ::endgroup::
