[2025-03-12T11:00:21.995+0000] {local_task_job_runner.py:120} INFO - ::group::Pre task execution logs
[2025-03-12T11:00:22.028+0000] {taskinstance.py:2076} INFO - Dependencies all met for dep_context=non-requeueable deps ti=<TaskInstance: submit_spark_job_v3.submit_spark_via_ssh manual__2025-03-12T08:51:52.356741+00:00 [queued]>
[2025-03-12T11:00:22.041+0000] {taskinstance.py:2076} INFO - Dependencies all met for dep_context=requeueable deps ti=<TaskInstance: submit_spark_job_v3.submit_spark_via_ssh manual__2025-03-12T08:51:52.356741+00:00 [queued]>
[2025-03-12T11:00:22.042+0000] {taskinstance.py:2306} INFO - Starting attempt 1 of 2
[2025-03-12T11:00:22.056+0000] {taskinstance.py:2330} INFO - Executing <Task(SSHOperator): submit_spark_via_ssh> on 2025-03-12 08:51:52.356741+00:00
[2025-03-12T11:00:22.062+0000] {standard_task_runner.py:63} INFO - Started process 27350 to run task
[2025-03-12T11:00:22.066+0000] {standard_task_runner.py:90} INFO - Running: ['***', 'tasks', 'run', 'submit_spark_job_v3', 'submit_spark_via_ssh', 'manual__2025-03-12T08:51:52.356741+00:00', '--job-id', '78', '--raw', '--subdir', 'DAGS_FOLDER/match_info_spark_process_dag.py', '--cfg-path', '/tmp/tmpbyftqtds']
[2025-03-12T11:00:22.069+0000] {standard_task_runner.py:91} INFO - Job 78: Subtask submit_spark_via_ssh
[2025-03-12T11:00:22.134+0000] {task_command.py:426} INFO - Running <TaskInstance: submit_spark_job_v3.submit_spark_via_ssh manual__2025-03-12T08:51:52.356741+00:00 [running]> on host a0d797a25898
[2025-03-12T11:00:22.253+0000] {taskinstance.py:2648} INFO - Exporting env vars: AIRFLOW_CTX_DAG_OWNER='***' AIRFLOW_CTX_DAG_ID='submit_spark_job_v3' AIRFLOW_CTX_TASK_ID='submit_spark_via_ssh' AIRFLOW_CTX_EXECUTION_DATE='2025-03-12T08:51:52.356741+00:00' AIRFLOW_CTX_TRY_NUMBER='1' AIRFLOW_CTX_DAG_RUN_ID='manual__2025-03-12T08:51:52.356741+00:00'
[2025-03-12T11:00:22.254+0000] {taskinstance.py:430} INFO - ::endgroup::
[2025-03-12T11:00:22.269+0000] {ssh.py:151} INFO - Creating ssh_client
[2025-03-12T11:00:22.270+0000] {ssh.py:124} INFO - ssh_hook is not provided or invalid. Trying ssh_conn_id to create SSHHook.
[2025-03-12T11:00:22.285+0000] {base.py:84} INFO - Using connection ID 'spark_ssh_conn' for task execution.
[2025-03-12T11:00:22.286+0000] {ssh.py:301} WARNING - No Host Key Verification. This won't protect against Man-In-The-Middle attacks
[2025-03-12T11:00:22.291+0000] {transport.py:1909} INFO - Connected (version 2.0, client OpenSSH_9.6p1)
[2025-03-12T11:00:22.394+0000] {transport.py:1909} INFO - Authentication (publickey) successful!
[2025-03-12T11:00:22.395+0000] {ssh.py:480} INFO - Running command: 
    set -e  # 명령어 실패 시 즉시 종료
    echo "Starting Spark Job on 2025-03-12"

    echo "Submitting Spark Job... for 2025-03-12 data"
   /spark-3.5.3/bin/spark-submit /home/ubuntu/spark_scripts/match_info_pyspark.py 2025-03-12 > spark_job.log 2>&1
    exit_code=$?

    # 실행 로그 출력 (Airflow에서 확인 가능)
    if [ -f spark_job.log ]; then
        echo "=== Spark Job Log Start ==="
        cat spark_job.log
        echo "=== Spark Job Log End ==="
    else
        echo "Warning: spark_job.log not found!"
    fi

    # Spark 실패 감지
    if [ $exit_code -ne 0 ]; then
        echo "Spark Job Failed! Check logs."
        exit 1
    else
        echo "Spark Job Succeeded!"
    fi
    
[2025-03-12T11:00:22.835+0000] {ssh.py:526} INFO - Starting Spark Job on 2025-03-12
[2025-03-12T11:00:22.836+0000] {ssh.py:526} INFO - Submitting Spark Job... for 2025-03-12 data
[2025-03-12T11:00:48.445+0000] {ssh.py:526} INFO - === Spark Job Log Start ===
[2025-03-12T11:00:48.447+0000] {ssh.py:526} INFO - Processing date: 2025-03-12
[2025-03-12T11:00:48.448+0000] {ssh.py:526} INFO - 25/03/12 11:00:26 INFO SparkContext: Running Spark version 3.5.3
[2025-03-12T11:00:48.448+0000] {ssh.py:526} INFO - 25/03/12 11:00:26 INFO SparkContext: OS info Linux, 6.8.0-1024-aws, amd64
[2025-03-12T11:00:48.448+0000] {ssh.py:526} INFO - 25/03/12 11:00:26 INFO SparkContext: Java version 11.0.26
[2025-03-12T11:00:48.449+0000] {ssh.py:526} INFO - 25/03/12 11:00:26 WARN NativeCodeLoader: Unable to load native-hadoop library for your platform... using builtin-java classes where applicable
[2025-03-12T11:00:48.449+0000] {ssh.py:526} INFO - 25/03/12 11:00:27 INFO ResourceUtils: ==============================================================
[2025-03-12T11:00:48.449+0000] {ssh.py:526} INFO - 25/03/12 11:00:27 INFO ResourceUtils: No custom resources configured for spark.driver.
[2025-03-12T11:00:48.449+0000] {ssh.py:526} INFO - 25/03/12 11:00:27 INFO ResourceUtils: ==============================================================
[2025-03-12T11:00:48.449+0000] {ssh.py:526} INFO - 25/03/12 11:00:27 INFO SparkContext: Submitted application: json to parquet
[2025-03-12T11:00:48.449+0000] {ssh.py:526} INFO - 25/03/12 11:00:27 INFO ResourceProfile: Default ResourceProfile created, executor resources: Map(cores -> name: cores, amount: 1, script: , vendor: , memory -> name: memory, amount: 1024, script: , vendor: , offHeap -> name: offHeap, amount: 0, script: , vendor: ), task resources: Map(cpus -> name: cpus, amount: 1.0)
[2025-03-12T11:00:48.449+0000] {ssh.py:526} INFO - 25/03/12 11:00:27 INFO ResourceProfile: Limiting resource is cpu
[2025-03-12T11:00:48.449+0000] {ssh.py:526} INFO - 25/03/12 11:00:27 INFO ResourceProfileManager: Added ResourceProfile id: 0
[2025-03-12T11:00:48.450+0000] {ssh.py:526} INFO - 25/03/12 11:00:27 INFO SecurityManager: Changing view acls to: ubuntu
[2025-03-12T11:00:48.450+0000] {ssh.py:526} INFO - 25/03/12 11:00:27 INFO SecurityManager: Changing modify acls to: ubuntu
[2025-03-12T11:00:48.450+0000] {ssh.py:526} INFO - 25/03/12 11:00:27 INFO SecurityManager: Changing view acls groups to: 
[2025-03-12T11:00:48.450+0000] {ssh.py:526} INFO - 25/03/12 11:00:27 INFO SecurityManager: Changing modify acls groups to: 
[2025-03-12T11:00:48.450+0000] {ssh.py:526} INFO - 25/03/12 11:00:27 INFO SecurityManager: SecurityManager: authentication disabled; ui acls disabled; users with view permissions: ubuntu; groups with view permissions: EMPTY; users with modify permissions: ubuntu; groups with modify permissions: EMPTY
[2025-03-12T11:00:48.450+0000] {ssh.py:526} INFO - 25/03/12 11:00:27 INFO Utils: Successfully started service 'sparkDriver' on port 43337.
[2025-03-12T11:00:48.450+0000] {ssh.py:526} INFO - 25/03/12 11:00:27 INFO SparkEnv: Registering MapOutputTracker
[2025-03-12T11:00:48.451+0000] {ssh.py:526} INFO - 25/03/12 11:00:27 INFO SparkEnv: Registering BlockManagerMaster
[2025-03-12T11:00:48.451+0000] {ssh.py:526} INFO - 25/03/12 11:00:27 INFO BlockManagerMasterEndpoint: Using org.apache.spark.storage.DefaultTopologyMapper for getting topology information
[2025-03-12T11:00:48.451+0000] {ssh.py:526} INFO - 25/03/12 11:00:27 INFO BlockManagerMasterEndpoint: BlockManagerMasterEndpoint up
[2025-03-12T11:00:48.451+0000] {ssh.py:526} INFO - 25/03/12 11:00:27 INFO SparkEnv: Registering BlockManagerMasterHeartbeat
[2025-03-12T11:00:48.451+0000] {ssh.py:526} INFO - 25/03/12 11:00:27 INFO DiskBlockManager: Created local directory at /tmp/blockmgr-67696410-d503-491f-b651-4f6c454a2312
[2025-03-12T11:00:48.451+0000] {ssh.py:526} INFO - 25/03/12 11:00:27 INFO MemoryStore: MemoryStore started with capacity 434.4 MiB
[2025-03-12T11:00:48.451+0000] {ssh.py:526} INFO - 25/03/12 11:00:27 INFO SparkEnv: Registering OutputCommitCoordinator
[2025-03-12T11:00:48.451+0000] {ssh.py:526} INFO - 25/03/12 11:00:28 INFO JettyUtils: Start Jetty 0.0.0.0:4040 for SparkUI
[2025-03-12T11:00:48.452+0000] {ssh.py:526} INFO - 25/03/12 11:00:28 INFO Utils: Successfully started service 'SparkUI' on port 4040.
[2025-03-12T11:00:48.452+0000] {ssh.py:526} INFO - 25/03/12 11:00:28 INFO Executor: Starting executor ID driver on host ip-172-31-12-182.ap-northeast-2.compute.internal
[2025-03-12T11:00:48.452+0000] {ssh.py:526} INFO - 25/03/12 11:00:28 INFO Executor: OS info Linux, 6.8.0-1024-aws, amd64
[2025-03-12T11:00:48.452+0000] {ssh.py:526} INFO - 25/03/12 11:00:28 INFO Executor: Java version 11.0.26
[2025-03-12T11:00:48.452+0000] {ssh.py:526} INFO - 25/03/12 11:00:28 INFO Executor: Starting executor with user classpath (userClassPathFirst = false): ''
[2025-03-12T11:00:48.452+0000] {ssh.py:526} INFO - 25/03/12 11:00:28 INFO Executor: Created or updated repl class loader org.apache.spark.util.MutableURLClassLoader@8effaff for default.
[2025-03-12T11:00:48.452+0000] {ssh.py:526} INFO - 25/03/12 11:00:28 INFO Utils: Successfully started service 'org.apache.spark.network.netty.NettyBlockTransferService' on port 43549.
[2025-03-12T11:00:48.452+0000] {ssh.py:526} INFO - 25/03/12 11:00:28 INFO NettyBlockTransferService: Server created on 0.0.0.0:43549
[2025-03-12T11:00:48.452+0000] {ssh.py:526} INFO - 25/03/12 11:00:28 INFO BlockManager: Using org.apache.spark.storage.RandomBlockReplicationPolicy for block replication policy
[2025-03-12T11:00:48.453+0000] {ssh.py:526} INFO - 25/03/12 11:00:28 INFO BlockManagerMaster: Registering BlockManager BlockManagerId(driver, 0.0.0.0, 43549, None)
[2025-03-12T11:00:48.453+0000] {ssh.py:526} INFO - 25/03/12 11:00:28 INFO BlockManagerMasterEndpoint: Registering block manager 0.0.0.0:43549 with 434.4 MiB RAM, BlockManagerId(driver, 0.0.0.0, 43549, None)
[2025-03-12T11:00:48.453+0000] {ssh.py:526} INFO - 25/03/12 11:00:28 INFO BlockManagerMaster: Registered BlockManager BlockManagerId(driver, 0.0.0.0, 43549, None)
[2025-03-12T11:00:48.453+0000] {ssh.py:526} INFO - 25/03/12 11:00:28 INFO BlockManager: Initialized BlockManager: BlockManagerId(driver, 0.0.0.0, 43549, None)
[2025-03-12T11:00:48.453+0000] {ssh.py:526} INFO - Reading json file from: s3a://de5-finalproj-team2/raw_data/json/match_data/2025-03-12/*.json
[2025-03-12T11:00:48.453+0000] {ssh.py:526} INFO - 25/03/12 11:00:29 INFO SharedState: Setting hive.metastore.warehouse.dir ('null') to the value of spark.sql.warehouse.dir.
[2025-03-12T11:00:48.453+0000] {ssh.py:526} INFO - 25/03/12 11:00:29 INFO SharedState: Warehouse path is 'file:/home/ubuntu/spark-warehouse'.
[2025-03-12T11:00:48.453+0000] {ssh.py:526} INFO - 25/03/12 11:00:30 WARN MetricsConfig: Cannot locate configuration: tried hadoop-metrics2-s3a-file-system.properties,hadoop-metrics2.properties
[2025-03-12T11:00:48.453+0000] {ssh.py:526} INFO - 25/03/12 11:00:30 INFO MetricsSystemImpl: Scheduled Metric snapshot period at 10 second(s).
[2025-03-12T11:00:48.454+0000] {ssh.py:526} INFO - 25/03/12 11:00:30 INFO MetricsSystemImpl: s3a-file-system metrics system started
[2025-03-12T11:00:48.454+0000] {ssh.py:526} INFO - 25/03/12 11:00:32 INFO InMemoryFileIndex: It took 122 ms to list leaf files for 1 paths.
[2025-03-12T11:00:48.454+0000] {ssh.py:526} INFO - 25/03/12 11:00:32 INFO InMemoryFileIndex: It took 47 ms to list leaf files for 1 paths.
[2025-03-12T11:00:48.454+0000] {ssh.py:526} INFO - 25/03/12 11:00:36 INFO FileSourceStrategy: Pushed Filters: 
[2025-03-12T11:00:48.454+0000] {ssh.py:526} INFO - 25/03/12 11:00:36 INFO FileSourceStrategy: Post-Scan Filters: 
[2025-03-12T11:00:48.454+0000] {ssh.py:526} INFO - 25/03/12 11:00:36 INFO MemoryStore: Block broadcast_0 stored as values in memory (estimated size 201.0 KiB, free 434.2 MiB)
[2025-03-12T11:00:48.454+0000] {ssh.py:526} INFO - 25/03/12 11:00:36 INFO MemoryStore: Block broadcast_0_piece0 stored as bytes in memory (estimated size 34.7 KiB, free 434.2 MiB)
[2025-03-12T11:00:48.454+0000] {ssh.py:526} INFO - 25/03/12 11:00:36 INFO BlockManagerInfo: Added broadcast_0_piece0 in memory on 0.0.0.0:43549 (size: 34.7 KiB, free: 434.4 MiB)
[2025-03-12T11:00:48.455+0000] {ssh.py:526} INFO - 25/03/12 11:00:36 INFO SparkContext: Created broadcast 0 from json at NativeMethodAccessorImpl.java:0
[2025-03-12T11:00:48.455+0000] {ssh.py:526} INFO - 25/03/12 11:00:36 INFO FileSourceScanExec: Planning scan with bin packing, max size: 5330577 bytes, open cost is considered as scanning 4194304 bytes.
[2025-03-12T11:00:48.455+0000] {ssh.py:526} INFO - 25/03/12 11:00:36 INFO SparkContext: Starting job: json at NativeMethodAccessorImpl.java:0
[2025-03-12T11:00:48.455+0000] {ssh.py:526} INFO - 25/03/12 11:00:36 INFO DAGScheduler: Got job 0 (json at NativeMethodAccessorImpl.java:0) with 1 output partitions
[2025-03-12T11:00:48.455+0000] {ssh.py:526} INFO - 25/03/12 11:00:36 INFO DAGScheduler: Final stage: ResultStage 0 (json at NativeMethodAccessorImpl.java:0)
[2025-03-12T11:00:48.455+0000] {ssh.py:526} INFO - 25/03/12 11:00:36 INFO DAGScheduler: Parents of final stage: List()
[2025-03-12T11:00:48.455+0000] {ssh.py:526} INFO - 25/03/12 11:00:36 INFO DAGScheduler: Missing parents: List()
[2025-03-12T11:00:48.456+0000] {ssh.py:526} INFO - 25/03/12 11:00:36 INFO DAGScheduler: Submitting ResultStage 0 (MapPartitionsRDD[3] at json at NativeMethodAccessorImpl.java:0), which has no missing parents
[2025-03-12T11:00:48.456+0000] {ssh.py:526} INFO - 25/03/12 11:00:37 INFO MemoryStore: Block broadcast_1 stored as values in memory (estimated size 16.5 KiB, free 434.2 MiB)
[2025-03-12T11:00:48.456+0000] {ssh.py:526} INFO - 25/03/12 11:00:37 INFO MemoryStore: Block broadcast_1_piece0 stored as bytes in memory (estimated size 7.8 KiB, free 434.1 MiB)
[2025-03-12T11:00:48.456+0000] {ssh.py:526} INFO - 25/03/12 11:00:37 INFO BlockManagerInfo: Added broadcast_1_piece0 in memory on 0.0.0.0:43549 (size: 7.8 KiB, free: 434.4 MiB)
[2025-03-12T11:00:48.456+0000] {ssh.py:526} INFO - 25/03/12 11:00:37 INFO SparkContext: Created broadcast 1 from broadcast at DAGScheduler.scala:1585
[2025-03-12T11:00:48.456+0000] {ssh.py:526} INFO - 25/03/12 11:00:37 INFO DAGScheduler: Submitting 1 missing tasks from ResultStage 0 (MapPartitionsRDD[3] at json at NativeMethodAccessorImpl.java:0) (first 15 tasks are for partitions Vector(0))
[2025-03-12T11:00:48.456+0000] {ssh.py:526} INFO - 25/03/12 11:00:37 INFO TaskSchedulerImpl: Adding task set 0.0 with 1 tasks resource profile 0
[2025-03-12T11:00:48.456+0000] {ssh.py:526} INFO - 25/03/12 11:00:37 INFO TaskSetManager: Starting task 0.0 in stage 0.0 (TID 0) (ip-172-31-12-182.ap-northeast-2.compute.internal, executor driver, partition 0, PROCESS_LOCAL, 9636 bytes) 
[2025-03-12T11:00:48.456+0000] {ssh.py:526} INFO - 25/03/12 11:00:37 INFO Executor: Running task 0.0 in stage 0.0 (TID 0)
[2025-03-12T11:00:48.457+0000] {ssh.py:526} INFO - 25/03/12 11:00:37 INFO FileScanRDD: Reading File path: s3a://de5-finalproj-team2/raw_data/json/match_data/2025-03-12/group_0.json, range: 0-1136273, partition values: [empty row]
[2025-03-12T11:00:48.457+0000] {ssh.py:526} INFO - 25/03/12 11:00:38 INFO CodeGenerator: Code generated in 379.035296 ms
[2025-03-12T11:00:48.457+0000] {ssh.py:526} INFO - 25/03/12 11:00:38 INFO Executor: Finished task 0.0 in stage 0.0 (TID 0). 2408 bytes result sent to driver
[2025-03-12T11:00:48.457+0000] {ssh.py:526} INFO - 25/03/12 11:00:38 INFO TaskSetManager: Finished task 0.0 in stage 0.0 (TID 0) in 1231 ms on ip-172-31-12-182.ap-northeast-2.compute.internal (executor driver) (1/1)
[2025-03-12T11:00:48.457+0000] {ssh.py:526} INFO - 25/03/12 11:00:38 INFO TaskSchedulerImpl: Removed TaskSet 0.0, whose tasks have all completed, from pool 
[2025-03-12T11:00:48.457+0000] {ssh.py:526} INFO - 25/03/12 11:00:38 INFO DAGScheduler: ResultStage 0 (json at NativeMethodAccessorImpl.java:0) finished in 1.516 s
[2025-03-12T11:00:48.457+0000] {ssh.py:526} INFO - 25/03/12 11:00:38 INFO DAGScheduler: Job 0 is finished. Cancelling potential speculative or zombie tasks for this job
[2025-03-12T11:00:48.457+0000] {ssh.py:526} INFO - 25/03/12 11:00:38 INFO TaskSchedulerImpl: Killing all running tasks in stage 0: Stage finished
[2025-03-12T11:00:48.457+0000] {ssh.py:526} INFO - 25/03/12 11:00:38 INFO DAGScheduler: Job 0 finished: json at NativeMethodAccessorImpl.java:0, took 1.607903 s
[2025-03-12T11:00:48.458+0000] {ssh.py:526} INFO - Writing trend_analysis parquet
[2025-03-12T11:00:48.458+0000] {ssh.py:526} INFO - 25/03/12 11:00:39 INFO BlockManagerInfo: Removed broadcast_0_piece0 on 0.0.0.0:43549 in memory (size: 34.7 KiB, free: 434.4 MiB)
[2025-03-12T11:00:48.458+0000] {ssh.py:526} INFO - 25/03/12 11:00:39 INFO BlockManagerInfo: Removed broadcast_1_piece0 on 0.0.0.0:43549 in memory (size: 7.8 KiB, free: 434.4 MiB)
[2025-03-12T11:00:48.458+0000] {ssh.py:526} INFO - 25/03/12 11:00:39 INFO FileSourceStrategy: Pushed Filters: IsNotNull(player_info)
[2025-03-12T11:00:48.458+0000] {ssh.py:526} INFO - 25/03/12 11:00:39 INFO FileSourceStrategy: Post-Scan Filters: (size(player_info#13, true) > 0),isnotnull(player_info#13)
[2025-03-12T11:00:48.458+0000] {ssh.py:526} INFO - 25/03/12 11:00:39 INFO ParquetUtils: Using default output committer for Parquet: org.apache.parquet.hadoop.ParquetOutputCommitter
[2025-03-12T11:00:48.458+0000] {ssh.py:526} INFO - 25/03/12 11:00:39 INFO FileOutputCommitter: File Output Committer Algorithm version is 1
[2025-03-12T11:00:48.458+0000] {ssh.py:526} INFO - 25/03/12 11:00:39 INFO FileOutputCommitter: FileOutputCommitter skip cleanup _temporary folders under output directory:false, ignore cleanup failures: false
[2025-03-12T11:00:48.458+0000] {ssh.py:526} INFO - 25/03/12 11:00:39 INFO SQLHadoopMapReduceCommitProtocol: Using user defined output committer class org.apache.parquet.hadoop.ParquetOutputCommitter
[2025-03-12T11:00:48.459+0000] {ssh.py:526} INFO - 25/03/12 11:00:39 INFO FileOutputCommitter: File Output Committer Algorithm version is 1
[2025-03-12T11:00:48.459+0000] {ssh.py:526} INFO - 25/03/12 11:00:39 INFO FileOutputCommitter: FileOutputCommitter skip cleanup _temporary folders under output directory:false, ignore cleanup failures: false
[2025-03-12T11:00:48.459+0000] {ssh.py:526} INFO - 25/03/12 11:00:39 INFO SQLHadoopMapReduceCommitProtocol: Using output committer class org.apache.parquet.hadoop.ParquetOutputCommitter
[2025-03-12T11:00:48.459+0000] {ssh.py:526} INFO - 25/03/12 11:00:40 INFO CodeGenerator: Code generated in 101.094564 ms
[2025-03-12T11:00:48.459+0000] {ssh.py:526} INFO - 25/03/12 11:00:40 INFO MemoryStore: Block broadcast_2 stored as values in memory (estimated size 200.9 KiB, free 434.2 MiB)
[2025-03-12T11:00:48.459+0000] {ssh.py:526} INFO - 25/03/12 11:00:40 INFO MemoryStore: Block broadcast_2_piece0 stored as bytes in memory (estimated size 34.7 KiB, free 434.2 MiB)
[2025-03-12T11:00:48.459+0000] {ssh.py:526} INFO - 25/03/12 11:00:40 INFO BlockManagerInfo: Added broadcast_2_piece0 in memory on 0.0.0.0:43549 (size: 34.7 KiB, free: 434.4 MiB)
[2025-03-12T11:00:48.459+0000] {ssh.py:526} INFO - 25/03/12 11:00:40 INFO SparkContext: Created broadcast 2 from save at NativeMethodAccessorImpl.java:0
[2025-03-12T11:00:48.459+0000] {ssh.py:526} INFO - 25/03/12 11:00:40 INFO FileSourceScanExec: Planning scan with bin packing, max size: 5330577 bytes, open cost is considered as scanning 4194304 bytes.
[2025-03-12T11:00:48.460+0000] {ssh.py:526} INFO - 25/03/12 11:00:40 INFO SparkContext: Starting job: save at NativeMethodAccessorImpl.java:0
[2025-03-12T11:00:48.460+0000] {ssh.py:526} INFO - 25/03/12 11:00:40 INFO DAGScheduler: Got job 1 (save at NativeMethodAccessorImpl.java:0) with 1 output partitions
[2025-03-12T11:00:48.460+0000] {ssh.py:526} INFO - 25/03/12 11:00:40 INFO DAGScheduler: Final stage: ResultStage 1 (save at NativeMethodAccessorImpl.java:0)
[2025-03-12T11:00:48.460+0000] {ssh.py:526} INFO - 25/03/12 11:00:40 INFO DAGScheduler: Parents of final stage: List()
[2025-03-12T11:00:48.460+0000] {ssh.py:526} INFO - 25/03/12 11:00:40 INFO DAGScheduler: Missing parents: List()
[2025-03-12T11:00:48.460+0000] {ssh.py:526} INFO - 25/03/12 11:00:40 INFO DAGScheduler: Submitting ResultStage 1 (MapPartitionsRDD[7] at save at NativeMethodAccessorImpl.java:0), which has no missing parents
[2025-03-12T11:00:48.460+0000] {ssh.py:526} INFO - 25/03/12 11:00:40 INFO MemoryStore: Block broadcast_3 stored as values in memory (estimated size 225.1 KiB, free 434.0 MiB)
[2025-03-12T11:00:48.460+0000] {ssh.py:526} INFO - 25/03/12 11:00:40 INFO MemoryStore: Block broadcast_3_piece0 stored as bytes in memory (estimated size 81.0 KiB, free 433.9 MiB)
[2025-03-12T11:00:48.460+0000] {ssh.py:526} INFO - 25/03/12 11:00:40 INFO BlockManagerInfo: Added broadcast_3_piece0 in memory on 0.0.0.0:43549 (size: 81.0 KiB, free: 434.3 MiB)
[2025-03-12T11:00:48.461+0000] {ssh.py:526} INFO - 25/03/12 11:00:40 INFO SparkContext: Created broadcast 3 from broadcast at DAGScheduler.scala:1585
[2025-03-12T11:00:48.461+0000] {ssh.py:526} INFO - 25/03/12 11:00:40 INFO DAGScheduler: Submitting 1 missing tasks from ResultStage 1 (MapPartitionsRDD[7] at save at NativeMethodAccessorImpl.java:0) (first 15 tasks are for partitions Vector(0))
[2025-03-12T11:00:48.461+0000] {ssh.py:526} INFO - 25/03/12 11:00:40 INFO TaskSchedulerImpl: Adding task set 1.0 with 1 tasks resource profile 0
[2025-03-12T11:00:48.461+0000] {ssh.py:526} INFO - 25/03/12 11:00:40 INFO TaskSetManager: Starting task 0.0 in stage 1.0 (TID 1) (ip-172-31-12-182.ap-northeast-2.compute.internal, executor driver, partition 0, PROCESS_LOCAL, 9636 bytes) 
[2025-03-12T11:00:48.461+0000] {ssh.py:526} INFO - 25/03/12 11:00:40 INFO Executor: Running task 0.0 in stage 1.0 (TID 1)
[2025-03-12T11:00:48.461+0000] {ssh.py:526} INFO - 25/03/12 11:00:40 INFO CodeGenerator: Code generated in 83.924092 ms
[2025-03-12T11:00:48.462+0000] {ssh.py:526} INFO - 25/03/12 11:00:40 INFO FileOutputCommitter: File Output Committer Algorithm version is 1
[2025-03-12T11:00:48.462+0000] {ssh.py:526} INFO - 25/03/12 11:00:40 INFO FileOutputCommitter: FileOutputCommitter skip cleanup _temporary folders under output directory:false, ignore cleanup failures: false
[2025-03-12T11:00:48.462+0000] {ssh.py:526} INFO - 25/03/12 11:00:40 INFO SQLHadoopMapReduceCommitProtocol: Using user defined output committer class org.apache.parquet.hadoop.ParquetOutputCommitter
[2025-03-12T11:00:48.462+0000] {ssh.py:526} INFO - 25/03/12 11:00:40 INFO FileOutputCommitter: File Output Committer Algorithm version is 1
[2025-03-12T11:00:48.462+0000] {ssh.py:526} INFO - 25/03/12 11:00:40 INFO FileOutputCommitter: FileOutputCommitter skip cleanup _temporary folders under output directory:false, ignore cleanup failures: false
[2025-03-12T11:00:48.462+0000] {ssh.py:526} INFO - 25/03/12 11:00:40 INFO SQLHadoopMapReduceCommitProtocol: Using output committer class org.apache.parquet.hadoop.ParquetOutputCommitter
[2025-03-12T11:00:48.462+0000] {ssh.py:526} INFO - 25/03/12 11:00:40 INFO CodecConfig: Compression: SNAPPY
[2025-03-12T11:00:48.462+0000] {ssh.py:526} INFO - 25/03/12 11:00:40 INFO CodecConfig: Compression: SNAPPY
[2025-03-12T11:00:48.463+0000] {ssh.py:526} INFO - 25/03/12 11:00:40 INFO ParquetOutputFormat: ParquetRecordWriter [block size: 134217728b, row group padding size: 8388608b, validating: false]
[2025-03-12T11:00:48.463+0000] {ssh.py:526} INFO - 25/03/12 11:00:40 INFO ParquetWriteSupport: Initialized Parquet WriteSupport with Catalyst schema:
[2025-03-12T11:00:48.463+0000] {ssh.py:526} INFO - {
[2025-03-12T11:00:48.463+0000] {ssh.py:526} INFO -   "type" : "struct",
[2025-03-12T11:00:48.463+0000] {ssh.py:526} INFO -   "fields" : [ {
[2025-03-12T11:00:48.463+0000] {ssh.py:526} INFO -     "name" : "match_id",
[2025-03-12T11:00:48.464+0000] {ssh.py:526} INFO -     "type" : "string",
[2025-03-12T11:00:48.464+0000] {ssh.py:526} INFO -     "nullable" : true,
[2025-03-12T11:00:48.464+0000] {ssh.py:526} INFO -     "metadata" : { }
[2025-03-12T11:00:48.464+0000] {ssh.py:526} INFO -   }, {
[2025-03-12T11:00:48.464+0000] {ssh.py:526} INFO -     "name" : "spid",
[2025-03-12T11:00:48.464+0000] {ssh.py:526} INFO -     "type" : "integer",
[2025-03-12T11:00:48.464+0000] {ssh.py:526} INFO -     "nullable" : true,
[2025-03-12T11:00:48.464+0000] {ssh.py:526} INFO -     "metadata" : { }
[2025-03-12T11:00:48.465+0000] {ssh.py:526} INFO -   }, {
[2025-03-12T11:00:48.465+0000] {ssh.py:526} INFO -     "name" : "season_id",
[2025-03-12T11:00:48.466+0000] {ssh.py:526} INFO -     "type" : "integer",
[2025-03-12T11:00:48.466+0000] {ssh.py:526} INFO -     "nullable" : true,
[2025-03-12T11:00:48.466+0000] {ssh.py:526} INFO -     "metadata" : { }
[2025-03-12T11:00:48.466+0000] {ssh.py:526} INFO -   }, {
[2025-03-12T11:00:48.466+0000] {ssh.py:526} INFO -     "name" : "gamer_nickname",
[2025-03-12T11:00:48.466+0000] {ssh.py:526} INFO -     "type" : "string",
[2025-03-12T11:00:48.466+0000] {ssh.py:526} INFO -     "nullable" : true,
[2025-03-12T11:00:48.467+0000] {ssh.py:526} INFO -     "metadata" : { }
[2025-03-12T11:00:48.467+0000] {ssh.py:526} INFO -   }, {
[2025-03-12T11:00:48.467+0000] {ssh.py:526} INFO -     "name" : "position",
[2025-03-12T11:00:48.467+0000] {ssh.py:526} INFO -     "type" : "integer",
[2025-03-12T11:00:48.467+0000] {ssh.py:526} INFO -     "nullable" : true,
[2025-03-12T11:00:48.467+0000] {ssh.py:526} INFO -     "metadata" : { }
[2025-03-12T11:00:48.467+0000] {ssh.py:526} INFO -   }, {
[2025-03-12T11:00:48.467+0000] {ssh.py:526} INFO -     "name" : "ouid",
[2025-03-12T11:00:48.468+0000] {ssh.py:526} INFO -     "type" : "string",
[2025-03-12T11:00:48.468+0000] {ssh.py:526} INFO -     "nullable" : true,
[2025-03-12T11:00:48.468+0000] {ssh.py:526} INFO -     "metadata" : { }
[2025-03-12T11:00:48.468+0000] {ssh.py:526} INFO -   }, {
[2025-03-12T11:00:48.468+0000] {ssh.py:526} INFO -     "name" : "spgrade",
[2025-03-12T11:00:48.468+0000] {ssh.py:526} INFO -     "type" : "integer",
[2025-03-12T11:00:48.469+0000] {ssh.py:526} INFO -     "nullable" : true,
[2025-03-12T11:00:48.469+0000] {ssh.py:526} INFO -     "metadata" : { }
[2025-03-12T11:00:48.469+0000] {ssh.py:526} INFO -   }, {
[2025-03-12T11:00:48.470+0000] {ssh.py:526} INFO -     "name" : "matchresult",
[2025-03-12T11:00:48.470+0000] {ssh.py:526} INFO -     "type" : "string",
[2025-03-12T11:00:48.470+0000] {ssh.py:526} INFO -     "nullable" : true,
[2025-03-12T11:00:48.471+0000] {ssh.py:526} INFO -     "metadata" : { }
[2025-03-12T11:00:48.471+0000] {ssh.py:526} INFO -   }, {
[2025-03-12T11:00:48.472+0000] {ssh.py:526} INFO -     "name" : "match_date",
[2025-03-12T11:00:48.472+0000] {ssh.py:526} INFO -     "type" : "date",
[2025-03-12T11:00:48.472+0000] {ssh.py:526} INFO -     "nullable" : true,
[2025-03-12T11:00:48.472+0000] {ssh.py:526} INFO -     "metadata" : { }
[2025-03-12T11:00:48.472+0000] {ssh.py:526} INFO -   } ]
[2025-03-12T11:00:48.472+0000] {ssh.py:526} INFO - }
[2025-03-12T11:00:48.472+0000] {ssh.py:526} INFO - and corresponding Parquet message type:
[2025-03-12T11:00:48.473+0000] {ssh.py:526} INFO - message spark_schema {
[2025-03-12T11:00:48.473+0000] {ssh.py:526} INFO -   optional binary match_id (STRING);
[2025-03-12T11:00:48.473+0000] {ssh.py:526} INFO -   optional int32 spid;
[2025-03-12T11:00:48.473+0000] {ssh.py:526} INFO -   optional int32 season_id;
[2025-03-12T11:00:48.473+0000] {ssh.py:526} INFO -   optional binary gamer_nickname (STRING);
[2025-03-12T11:00:48.473+0000] {ssh.py:526} INFO -   optional int32 position;
[2025-03-12T11:00:48.473+0000] {ssh.py:526} INFO -   optional binary ouid (STRING);
[2025-03-12T11:00:48.473+0000] {ssh.py:526} INFO -   optional int32 spgrade;
[2025-03-12T11:00:48.474+0000] {ssh.py:526} INFO -   optional binary matchresult (STRING);
[2025-03-12T11:00:48.474+0000] {ssh.py:526} INFO -   optional int32 match_date (DATE);
[2025-03-12T11:00:48.474+0000] {ssh.py:526} INFO - }
[2025-03-12T11:00:48.474+0000] {ssh.py:526} INFO - 
[2025-03-12T11:00:48.475+0000] {ssh.py:526} INFO -        
[2025-03-12T11:00:48.476+0000] {ssh.py:526} INFO - 25/03/12 11:00:40 INFO CodecPool: Got brand-new compressor [.snappy]
[2025-03-12T11:00:48.476+0000] {ssh.py:526} INFO - 25/03/12 11:00:41 INFO FileScanRDD: Reading File path: s3a://de5-finalproj-team2/raw_data/json/match_data/2025-03-12/group_0.json, range: 0-1136273, partition values: [empty row]
[2025-03-12T11:00:48.476+0000] {ssh.py:526} INFO - 25/03/12 11:00:41 INFO CodeGenerator: Code generated in 51.797323 ms
[2025-03-12T11:00:48.476+0000] {ssh.py:526} INFO - 25/03/12 11:00:41 INFO CodeGenerator: Code generated in 7.325795 ms
[2025-03-12T11:00:48.476+0000] {ssh.py:526} INFO - 25/03/12 11:00:43 INFO FileOutputCommitter: Saved output of task 'attempt_202503121100408594014081350705894_0001_m_000000_1' to s3a://de5-finalproj-team2/trend_analysis/match_data/2025-03-12/_temporary/0/task_202503121100408594014081350705894_0001_m_000000
[2025-03-12T11:00:48.476+0000] {ssh.py:526} INFO - 25/03/12 11:00:43 INFO SparkHadoopMapRedUtil: attempt_202503121100408594014081350705894_0001_m_000000_1: Committed. Elapsed time: 636 ms.
[2025-03-12T11:00:48.476+0000] {ssh.py:526} INFO - 25/03/12 11:00:43 INFO Executor: Finished task 0.0 in stage 1.0 (TID 1). 2725 bytes result sent to driver
[2025-03-12T11:00:48.476+0000] {ssh.py:526} INFO - 25/03/12 11:00:43 INFO TaskSetManager: Finished task 0.0 in stage 1.0 (TID 1) in 3335 ms on ip-172-31-12-182.ap-northeast-2.compute.internal (executor driver) (1/1)
[2025-03-12T11:00:48.477+0000] {ssh.py:526} INFO - 25/03/12 11:00:43 INFO TaskSchedulerImpl: Removed TaskSet 1.0, whose tasks have all completed, from pool 
[2025-03-12T11:00:48.477+0000] {ssh.py:526} INFO - 25/03/12 11:00:43 INFO DAGScheduler: ResultStage 1 (save at NativeMethodAccessorImpl.java:0) finished in 3.435 s
[2025-03-12T11:00:48.477+0000] {ssh.py:526} INFO - 25/03/12 11:00:43 INFO DAGScheduler: Job 1 is finished. Cancelling potential speculative or zombie tasks for this job
[2025-03-12T11:00:48.477+0000] {ssh.py:526} INFO - 25/03/12 11:00:43 INFO TaskSchedulerImpl: Killing all running tasks in stage 1: Stage finished
[2025-03-12T11:00:48.477+0000] {ssh.py:526} INFO - 25/03/12 11:00:43 INFO DAGScheduler: Job 1 finished: save at NativeMethodAccessorImpl.java:0, took 3.451603 s
[2025-03-12T11:00:48.477+0000] {ssh.py:526} INFO - 25/03/12 11:00:43 INFO FileFormatWriter: Start to commit write Job 8bd0fe4f-dabd-4abb-9937-ede1b34deab9.
[2025-03-12T11:00:48.477+0000] {ssh.py:526} INFO - 25/03/12 11:00:44 INFO FileFormatWriter: Write Job 8bd0fe4f-dabd-4abb-9937-ede1b34deab9 committed. Elapsed time: 932 ms.
[2025-03-12T11:00:48.477+0000] {ssh.py:526} INFO - 25/03/12 11:00:44 INFO FileFormatWriter: Finished processing stats for write job 8bd0fe4f-dabd-4abb-9937-ede1b34deab9.
[2025-03-12T11:00:48.477+0000] {ssh.py:526} INFO - Writing analytics parquet
[2025-03-12T11:00:48.478+0000] {ssh.py:526} INFO - 25/03/12 11:00:44 INFO FileSourceStrategy: Pushed Filters: IsNotNull(player_info)
[2025-03-12T11:00:48.478+0000] {ssh.py:526} INFO - 25/03/12 11:00:44 INFO FileSourceStrategy: Post-Scan Filters: (size(player_info#13, true) > 0),isnotnull(player_info#13)
[2025-03-12T11:00:48.478+0000] {ssh.py:526} INFO - 25/03/12 11:00:44 INFO ParquetUtils: Using default output committer for Parquet: org.apache.parquet.hadoop.ParquetOutputCommitter
[2025-03-12T11:00:48.478+0000] {ssh.py:526} INFO - 25/03/12 11:00:44 INFO FileOutputCommitter: File Output Committer Algorithm version is 1
[2025-03-12T11:00:48.478+0000] {ssh.py:526} INFO - 25/03/12 11:00:44 INFO FileOutputCommitter: FileOutputCommitter skip cleanup _temporary folders under output directory:false, ignore cleanup failures: false
[2025-03-12T11:00:48.478+0000] {ssh.py:526} INFO - 25/03/12 11:00:44 INFO SQLHadoopMapReduceCommitProtocol: Using user defined output committer class org.apache.parquet.hadoop.ParquetOutputCommitter
[2025-03-12T11:00:48.478+0000] {ssh.py:526} INFO - 25/03/12 11:00:44 INFO FileOutputCommitter: File Output Committer Algorithm version is 1
[2025-03-12T11:00:48.478+0000] {ssh.py:526} INFO - 25/03/12 11:00:44 INFO FileOutputCommitter: FileOutputCommitter skip cleanup _temporary folders under output directory:false, ignore cleanup failures: false
[2025-03-12T11:00:48.479+0000] {ssh.py:526} INFO - 25/03/12 11:00:44 INFO SQLHadoopMapReduceCommitProtocol: Using output committer class org.apache.parquet.hadoop.ParquetOutputCommitter
[2025-03-12T11:00:48.479+0000] {ssh.py:526} INFO - 25/03/12 11:00:45 INFO CodeGenerator: Code generated in 53.68747 ms
[2025-03-12T11:00:48.480+0000] {ssh.py:526} INFO - 25/03/12 11:00:45 INFO MemoryStore: Block broadcast_4 stored as values in memory (estimated size 200.9 KiB, free 433.7 MiB)
[2025-03-12T11:00:48.480+0000] {ssh.py:526} INFO - 25/03/12 11:00:45 INFO MemoryStore: Block broadcast_4_piece0 stored as bytes in memory (estimated size 34.7 KiB, free 433.6 MiB)
[2025-03-12T11:00:48.480+0000] {ssh.py:526} INFO - 25/03/12 11:00:45 INFO BlockManagerInfo: Added broadcast_4_piece0 in memory on 0.0.0.0:43549 (size: 34.7 KiB, free: 434.3 MiB)
[2025-03-12T11:00:48.480+0000] {ssh.py:526} INFO - 25/03/12 11:00:45 INFO SparkContext: Created broadcast 4 from save at NativeMethodAccessorImpl.java:0
[2025-03-12T11:00:48.480+0000] {ssh.py:526} INFO - 25/03/12 11:00:45 INFO FileSourceScanExec: Planning scan with bin packing, max size: 5330577 bytes, open cost is considered as scanning 4194304 bytes.
[2025-03-12T11:00:48.480+0000] {ssh.py:526} INFO - 25/03/12 11:00:45 INFO SparkContext: Starting job: save at NativeMethodAccessorImpl.java:0
[2025-03-12T11:00:48.480+0000] {ssh.py:526} INFO - 25/03/12 11:00:45 INFO DAGScheduler: Got job 2 (save at NativeMethodAccessorImpl.java:0) with 1 output partitions
[2025-03-12T11:00:48.480+0000] {ssh.py:526} INFO - 25/03/12 11:00:45 INFO DAGScheduler: Final stage: ResultStage 2 (save at NativeMethodAccessorImpl.java:0)
[2025-03-12T11:00:48.481+0000] {ssh.py:526} INFO - 25/03/12 11:00:45 INFO DAGScheduler: Parents of final stage: List()
[2025-03-12T11:00:48.481+0000] {ssh.py:526} INFO - 25/03/12 11:00:45 INFO DAGScheduler: Missing parents: List()
[2025-03-12T11:00:48.481+0000] {ssh.py:526} INFO - 25/03/12 11:00:45 INFO DAGScheduler: Submitting ResultStage 2 (MapPartitionsRDD[11] at save at NativeMethodAccessorImpl.java:0), which has no missing parents
[2025-03-12T11:00:48.481+0000] {ssh.py:526} INFO - 25/03/12 11:00:45 INFO MemoryStore: Block broadcast_5 stored as values in memory (estimated size 223.4 KiB, free 433.4 MiB)
[2025-03-12T11:00:48.481+0000] {ssh.py:526} INFO - 25/03/12 11:00:45 INFO MemoryStore: Block broadcast_5_piece0 stored as bytes in memory (estimated size 80.4 KiB, free 433.3 MiB)
[2025-03-12T11:00:48.481+0000] {ssh.py:526} INFO - 25/03/12 11:00:45 INFO BlockManagerInfo: Added broadcast_5_piece0 in memory on 0.0.0.0:43549 (size: 80.4 KiB, free: 434.2 MiB)
[2025-03-12T11:00:48.481+0000] {ssh.py:526} INFO - 25/03/12 11:00:45 INFO SparkContext: Created broadcast 5 from broadcast at DAGScheduler.scala:1585
[2025-03-12T11:00:48.481+0000] {ssh.py:526} INFO - 25/03/12 11:00:45 INFO DAGScheduler: Submitting 1 missing tasks from ResultStage 2 (MapPartitionsRDD[11] at save at NativeMethodAccessorImpl.java:0) (first 15 tasks are for partitions Vector(0))
[2025-03-12T11:00:48.481+0000] {ssh.py:526} INFO - 25/03/12 11:00:45 INFO TaskSchedulerImpl: Adding task set 2.0 with 1 tasks resource profile 0
[2025-03-12T11:00:48.482+0000] {ssh.py:526} INFO - 25/03/12 11:00:45 INFO TaskSetManager: Starting task 0.0 in stage 2.0 (TID 2) (ip-172-31-12-182.ap-northeast-2.compute.internal, executor driver, partition 0, PROCESS_LOCAL, 9636 bytes) 
[2025-03-12T11:00:48.482+0000] {ssh.py:526} INFO - 25/03/12 11:00:45 INFO Executor: Running task 0.0 in stage 2.0 (TID 2)
[2025-03-12T11:00:48.482+0000] {ssh.py:526} INFO - 25/03/12 11:00:45 INFO BlockManagerInfo: Removed broadcast_3_piece0 on 0.0.0.0:43549 in memory (size: 81.0 KiB, free: 434.3 MiB)
[2025-03-12T11:00:48.482+0000] {ssh.py:526} INFO - 25/03/12 11:00:45 INFO CodeGenerator: Code generated in 62.286179 ms
[2025-03-12T11:00:48.482+0000] {ssh.py:526} INFO - 25/03/12 11:00:45 INFO FileOutputCommitter: File Output Committer Algorithm version is 1
[2025-03-12T11:00:48.482+0000] {ssh.py:526} INFO - 25/03/12 11:00:45 INFO FileOutputCommitter: FileOutputCommitter skip cleanup _temporary folders under output directory:false, ignore cleanup failures: false
[2025-03-12T11:00:48.482+0000] {ssh.py:526} INFO - 25/03/12 11:00:45 INFO SQLHadoopMapReduceCommitProtocol: Using user defined output committer class org.apache.parquet.hadoop.ParquetOutputCommitter
[2025-03-12T11:00:48.482+0000] {ssh.py:526} INFO - 25/03/12 11:00:45 INFO FileOutputCommitter: File Output Committer Algorithm version is 1
[2025-03-12T11:00:48.482+0000] {ssh.py:526} INFO - 25/03/12 11:00:45 INFO FileOutputCommitter: FileOutputCommitter skip cleanup _temporary folders under output directory:false, ignore cleanup failures: false
[2025-03-12T11:00:48.483+0000] {ssh.py:526} INFO - 25/03/12 11:00:45 INFO SQLHadoopMapReduceCommitProtocol: Using output committer class org.apache.parquet.hadoop.ParquetOutputCommitter
[2025-03-12T11:00:48.483+0000] {ssh.py:526} INFO - 25/03/12 11:00:45 INFO CodecConfig: Compression: SNAPPY
[2025-03-12T11:00:48.483+0000] {ssh.py:526} INFO - 25/03/12 11:00:45 INFO CodecConfig: Compression: SNAPPY
[2025-03-12T11:00:48.483+0000] {ssh.py:526} INFO - 25/03/12 11:00:45 INFO ParquetOutputFormat: ParquetRecordWriter [block size: 134217728b, row group padding size: 8388608b, validating: false]
[2025-03-12T11:00:48.483+0000] {ssh.py:526} INFO - 25/03/12 11:00:45 INFO ParquetWriteSupport: Initialized Parquet WriteSupport with Catalyst schema:
[2025-03-12T11:00:48.483+0000] {ssh.py:526} INFO - {
[2025-03-12T11:00:48.483+0000] {ssh.py:526} INFO -   "type" : "struct",
[2025-03-12T11:00:48.483+0000] {ssh.py:526} INFO -   "fields" : [ {
[2025-03-12T11:00:48.483+0000] {ssh.py:526} INFO -     "name" : "match_id",
[2025-03-12T11:00:48.484+0000] {ssh.py:526} INFO -     "type" : "string",
[2025-03-12T11:00:48.484+0000] {ssh.py:526} INFO -     "nullable" : true,
[2025-03-12T11:00:48.484+0000] {ssh.py:526} INFO -     "metadata" : { }
[2025-03-12T11:00:48.484+0000] {ssh.py:526} INFO -   }, {
[2025-03-12T11:00:48.484+0000] {ssh.py:526} INFO -     "name" : "spid",
[2025-03-12T11:00:48.484+0000] {ssh.py:526} INFO -     "type" : "integer",
[2025-03-12T11:00:48.484+0000] {ssh.py:526} INFO -     "nullable" : true,
[2025-03-12T11:00:48.484+0000] {ssh.py:526} INFO -     "metadata" : { }
[2025-03-12T11:00:48.484+0000] {ssh.py:526} INFO -   }, {
[2025-03-12T11:00:48.485+0000] {ssh.py:526} INFO -     "name" : "season_id",
[2025-03-12T11:00:48.485+0000] {ssh.py:526} INFO -     "type" : "integer",
[2025-03-12T11:00:48.485+0000] {ssh.py:526} INFO -     "nullable" : true,
[2025-03-12T11:00:48.485+0000] {ssh.py:526} INFO -     "metadata" : { }
[2025-03-12T11:00:48.485+0000] {ssh.py:526} INFO -   }, {
[2025-03-12T11:00:48.485+0000] {ssh.py:526} INFO -     "name" : "gamer_nickname",
[2025-03-12T11:00:48.485+0000] {ssh.py:526} INFO -     "type" : "string",
[2025-03-12T11:00:48.485+0000] {ssh.py:526} INFO -     "nullable" : true,
[2025-03-12T11:00:48.485+0000] {ssh.py:526} INFO -     "metadata" : { }
[2025-03-12T11:00:48.486+0000] {ssh.py:526} INFO -   }, {
[2025-03-12T11:00:48.486+0000] {ssh.py:526} INFO -     "name" : "position",
[2025-03-12T11:00:48.486+0000] {ssh.py:526} INFO -     "type" : "integer",
[2025-03-12T11:00:48.486+0000] {ssh.py:526} INFO -     "nullable" : true,
[2025-03-12T11:00:48.486+0000] {ssh.py:526} INFO -     "metadata" : { }
[2025-03-12T11:00:48.486+0000] {ssh.py:526} INFO -   }, {
[2025-03-12T11:00:48.486+0000] {ssh.py:526} INFO -     "name" : "spgrade",
[2025-03-12T11:00:48.486+0000] {ssh.py:526} INFO -     "type" : "integer",
[2025-03-12T11:00:48.486+0000] {ssh.py:526} INFO -     "nullable" : true,
[2025-03-12T11:00:48.487+0000] {ssh.py:526} INFO -     "metadata" : { }
[2025-03-12T11:00:48.487+0000] {ssh.py:526} INFO -   }, {
[2025-03-12T11:00:48.487+0000] {ssh.py:526} INFO -     "name" : "matchresult",
[2025-03-12T11:00:48.487+0000] {ssh.py:526} INFO -     "type" : "string",
[2025-03-12T11:00:48.487+0000] {ssh.py:526} INFO -     "nullable" : true,
[2025-03-12T11:00:48.487+0000] {ssh.py:526} INFO -     "metadata" : { }
[2025-03-12T11:00:48.487+0000] {ssh.py:526} INFO -   } ]
[2025-03-12T11:00:48.487+0000] {ssh.py:526} INFO - }
[2025-03-12T11:00:48.487+0000] {ssh.py:526} INFO - and corresponding Parquet message type:
[2025-03-12T11:00:48.488+0000] {ssh.py:526} INFO - message spark_schema {
[2025-03-12T11:00:48.488+0000] {ssh.py:526} INFO -   optional binary match_id (STRING);
[2025-03-12T11:00:48.488+0000] {ssh.py:526} INFO -   optional int32 spid;
[2025-03-12T11:00:48.488+0000] {ssh.py:526} INFO -   optional int32 season_id;
[2025-03-12T11:00:48.488+0000] {ssh.py:526} INFO -   optional binary gamer_nickname (STRING);
[2025-03-12T11:00:48.488+0000] {ssh.py:526} INFO -   optional int32 position;
[2025-03-12T11:00:48.488+0000] {ssh.py:526} INFO -   optional int32 spgrade;
[2025-03-12T11:00:48.488+0000] {ssh.py:526} INFO -   optional binary matchresult (STRING);
[2025-03-12T11:00:48.488+0000] {ssh.py:526} INFO - }
[2025-03-12T11:00:48.489+0000] {ssh.py:526} INFO - 
[2025-03-12T11:00:48.489+0000] {ssh.py:526} INFO -        
[2025-03-12T11:00:48.489+0000] {ssh.py:526} INFO - 25/03/12 11:00:45 INFO FileScanRDD: Reading File path: s3a://de5-finalproj-team2/raw_data/json/match_data/2025-03-12/group_0.json, range: 0-1136273, partition values: [empty row]
[2025-03-12T11:00:48.489+0000] {ssh.py:526} INFO - 25/03/12 11:00:45 INFO CodeGenerator: Code generated in 40.038187 ms
[2025-03-12T11:00:48.489+0000] {ssh.py:526} INFO - 25/03/12 11:00:45 INFO CodeGenerator: Code generated in 13.951965 ms
[2025-03-12T11:00:48.489+0000] {ssh.py:526} INFO - 25/03/12 11:00:45 INFO BlockManagerInfo: Removed broadcast_2_piece0 on 0.0.0.0:43549 in memory (size: 34.7 KiB, free: 434.3 MiB)
[2025-03-12T11:00:48.489+0000] {ssh.py:526} INFO - 25/03/12 11:00:46 INFO FileOutputCommitter: Saved output of task 'attempt_202503121100456591852915931131083_0002_m_000000_2' to s3a://de5-finalproj-team2/analytics/match_data/2025-03-12/_temporary/0/task_202503121100456591852915931131083_0002_m_000000
[2025-03-12T11:00:48.489+0000] {ssh.py:526} INFO - 25/03/12 11:00:46 INFO SparkHadoopMapRedUtil: attempt_202503121100456591852915931131083_0002_m_000000_2: Committed. Elapsed time: 546 ms.
[2025-03-12T11:00:48.490+0000] {ssh.py:526} INFO - 25/03/12 11:00:46 INFO Executor: Finished task 0.0 in stage 2.0 (TID 2). 2725 bytes result sent to driver
[2025-03-12T11:00:48.490+0000] {ssh.py:526} INFO - 25/03/12 11:00:46 INFO TaskSetManager: Finished task 0.0 in stage 2.0 (TID 2) in 1690 ms on ip-172-31-12-182.ap-northeast-2.compute.internal (executor driver) (1/1)
[2025-03-12T11:00:48.490+0000] {ssh.py:526} INFO - 25/03/12 11:00:46 INFO TaskSchedulerImpl: Removed TaskSet 2.0, whose tasks have all completed, from pool 
[2025-03-12T11:00:48.490+0000] {ssh.py:526} INFO - 25/03/12 11:00:46 INFO DAGScheduler: ResultStage 2 (save at NativeMethodAccessorImpl.java:0) finished in 1.773 s
[2025-03-12T11:00:48.490+0000] {ssh.py:526} INFO - 25/03/12 11:00:46 INFO DAGScheduler: Job 2 is finished. Cancelling potential speculative or zombie tasks for this job
[2025-03-12T11:00:48.490+0000] {ssh.py:526} INFO - 25/03/12 11:00:46 INFO TaskSchedulerImpl: Killing all running tasks in stage 2: Stage finished
[2025-03-12T11:00:48.490+0000] {ssh.py:526} INFO - 25/03/12 11:00:46 INFO DAGScheduler: Job 2 finished: save at NativeMethodAccessorImpl.java:0, took 1.789975 s
[2025-03-12T11:00:48.490+0000] {ssh.py:526} INFO - 25/03/12 11:00:46 INFO FileFormatWriter: Start to commit write Job 80a54ba5-d029-4ae4-9f1d-532044d5f2e5.
[2025-03-12T11:00:48.490+0000] {ssh.py:526} INFO - 25/03/12 11:00:47 INFO FileFormatWriter: Write Job 80a54ba5-d029-4ae4-9f1d-532044d5f2e5 committed. Elapsed time: 820 ms.
[2025-03-12T11:00:48.491+0000] {ssh.py:526} INFO - 25/03/12 11:00:47 INFO FileFormatWriter: Finished processing stats for write job 80a54ba5-d029-4ae4-9f1d-532044d5f2e5.
[2025-03-12T11:00:48.491+0000] {ssh.py:526} INFO - 25/03/12 11:00:47 INFO SparkContext: SparkContext is stopping with exitCode 0.
[2025-03-12T11:00:48.491+0000] {ssh.py:526} INFO - 25/03/12 11:00:47 INFO SparkUI: Stopped Spark web UI at http://0.0.0.0:4040
[2025-03-12T11:00:48.491+0000] {ssh.py:526} INFO - 25/03/12 11:00:47 INFO MapOutputTrackerMasterEndpoint: MapOutputTrackerMasterEndpoint stopped!
[2025-03-12T11:00:48.491+0000] {ssh.py:526} INFO - 25/03/12 11:00:47 INFO MemoryStore: MemoryStore cleared
[2025-03-12T11:00:48.491+0000] {ssh.py:526} INFO - 25/03/12 11:00:47 INFO BlockManager: BlockManager stopped
[2025-03-12T11:00:48.491+0000] {ssh.py:526} INFO - 25/03/12 11:00:47 INFO BlockManagerMaster: BlockManagerMaster stopped
[2025-03-12T11:00:48.491+0000] {ssh.py:526} INFO - 25/03/12 11:00:47 INFO OutputCommitCoordinator$OutputCommitCoordinatorEndpoint: OutputCommitCoordinator stopped!
[2025-03-12T11:00:48.491+0000] {ssh.py:526} INFO - 25/03/12 11:00:47 INFO SparkContext: Successfully stopped SparkContext
[2025-03-12T11:00:48.492+0000] {ssh.py:526} INFO - 25/03/12 11:00:48 INFO ShutdownHookManager: Shutdown hook called
[2025-03-12T11:00:48.492+0000] {ssh.py:526} INFO - 25/03/12 11:00:48 INFO ShutdownHookManager: Deleting directory /tmp/spark-16370efd-5141-4bf3-a9b2-014f5140fc30
[2025-03-12T11:00:48.492+0000] {ssh.py:526} INFO - 25/03/12 11:00:48 INFO ShutdownHookManager: Deleting directory /tmp/spark-18cdbb16-b8bd-47e3-8f1e-cc2cede92ba1/pyspark-fe4298d9-3778-4c0b-9970-1912ee34575c
[2025-03-12T11:00:48.492+0000] {ssh.py:526} INFO - 25/03/12 11:00:48 INFO ShutdownHookManager: Deleting directory /tmp/spark-18cdbb16-b8bd-47e3-8f1e-cc2cede92ba1
[2025-03-12T11:00:48.492+0000] {ssh.py:526} INFO - 25/03/12 11:00:48 INFO MetricsSystemImpl: Stopping s3a-file-system metrics system...
[2025-03-12T11:00:48.492+0000] {ssh.py:526} INFO - 25/03/12 11:00:48 INFO MetricsSystemImpl: s3a-file-system metrics system stopped.
[2025-03-12T11:00:48.492+0000] {ssh.py:526} INFO - 25/03/12 11:00:48 INFO MetricsSystemImpl: s3a-file-system metrics system shutdown complete.
[2025-03-12T11:00:48.492+0000] {ssh.py:526} INFO - === Spark Job Log End ===
[2025-03-12T11:00:48.492+0000] {ssh.py:526} INFO - Spark Job Succeeded!
[2025-03-12T11:00:48.513+0000] {taskinstance.py:441} INFO - ::group::Post task execution logs
[2025-03-12T11:00:48.548+0000] {taskinstance.py:1206} INFO - Marking task as SUCCESS. dag_id=submit_spark_job_v3, task_id=submit_spark_via_ssh, run_id=manual__2025-03-12T08:51:52.356741+00:00, execution_date=20250312T085152, start_date=20250312T110022, end_date=20250312T110048
[2025-03-12T11:00:48.589+0000] {local_task_job_runner.py:240} INFO - Task exited with return code 0
[2025-03-12T11:00:48.614+0000] {taskinstance.py:3498} INFO - 1 downstream tasks scheduled from follow-on schedule check
[2025-03-12T11:00:48.616+0000] {local_task_job_runner.py:222} INFO - ::endgroup::
