[2025-03-13T08:47:26.261+0000] {local_task_job_runner.py:120} INFO - ::group::Pre task execution logs
[2025-03-13T08:47:26.293+0000] {taskinstance.py:2076} INFO - Dependencies all met for dep_context=non-requeueable deps ti=<TaskInstance: s3_csv_to_parquet_dag.submit_spark_via_ssh scheduled__2025-03-12T01:37:00+00:00 [queued]>
[2025-03-13T08:47:26.306+0000] {taskinstance.py:2076} INFO - Dependencies all met for dep_context=requeueable deps ti=<TaskInstance: s3_csv_to_parquet_dag.submit_spark_via_ssh scheduled__2025-03-12T01:37:00+00:00 [queued]>
[2025-03-13T08:47:26.306+0000] {taskinstance.py:2306} INFO - Starting attempt 3 of 4
[2025-03-13T08:47:26.320+0000] {taskinstance.py:2330} INFO - Executing <Task(SSHOperator): submit_spark_via_ssh> on 2025-03-12 01:37:00+00:00
[2025-03-13T08:47:26.325+0000] {standard_task_runner.py:63} INFO - Started process 32328 to run task
[2025-03-13T08:47:26.328+0000] {standard_task_runner.py:90} INFO - Running: ['***', 'tasks', 'run', 's3_csv_to_parquet_dag', 'submit_spark_via_ssh', 'scheduled__2025-03-12T01:37:00+00:00', '--job-id', '145', '--raw', '--subdir', 'DAGS_FOLDER/s3_csv_to_parquet_dag.py', '--cfg-path', '/tmp/tmpy2qif_k2']
[2025-03-13T08:47:26.330+0000] {standard_task_runner.py:91} INFO - Job 145: Subtask submit_spark_via_ssh
[2025-03-13T08:47:26.395+0000] {task_command.py:426} INFO - Running <TaskInstance: s3_csv_to_parquet_dag.submit_spark_via_ssh scheduled__2025-03-12T01:37:00+00:00 [running]> on host a0d797a25898
[2025-03-13T08:47:26.530+0000] {taskinstance.py:2648} INFO - Exporting env vars: AIRFLOW_CTX_DAG_OWNER='***' AIRFLOW_CTX_DAG_ID='s3_csv_to_parquet_dag' AIRFLOW_CTX_TASK_ID='submit_spark_via_ssh' AIRFLOW_CTX_EXECUTION_DATE='2025-03-12T01:37:00+00:00' AIRFLOW_CTX_TRY_NUMBER='3' AIRFLOW_CTX_DAG_RUN_ID='scheduled__2025-03-12T01:37:00+00:00'
[2025-03-13T08:47:26.530+0000] {taskinstance.py:430} INFO - ::endgroup::
[2025-03-13T08:47:26.559+0000] {ssh.py:151} INFO - Creating ssh_client
[2025-03-13T08:47:26.559+0000] {ssh.py:124} INFO - ssh_hook is not provided or invalid. Trying ssh_conn_id to create SSHHook.
[2025-03-13T08:47:26.593+0000] {base.py:84} INFO - Using connection ID 'spark_ssh_conn' for task execution.
[2025-03-13T08:47:26.595+0000] {ssh.py:301} WARNING - No Host Key Verification. This won't protect against Man-In-The-Middle attacks
[2025-03-13T08:47:26.602+0000] {transport.py:1909} INFO - Connected (version 2.0, client OpenSSH_9.6p1)
[2025-03-13T08:47:26.758+0000] {transport.py:1909} INFO - Authentication (publickey) successful!
[2025-03-13T08:47:26.759+0000] {ssh.py:480} INFO - Running command: 
    set -e
    echo "Starting Spark Job on 2025-03-13"
    /spark-3.5.3/bin/spark-submit /home/ubuntu/spark_scripts/rankingInfo_To_Parquet.py 2025-03-13
    exit_code=$?

    if [ $exit_code -ne 0 ]; then
        echo "Spark Job Failed! Check logs."
        exit 1
    else
        echo "Spark Job Succeeded!"
    fi
    
[2025-03-13T08:47:27.168+0000] {ssh.py:526} INFO - Starting Spark Job on 2025-03-13
[2025-03-13T08:47:30.600+0000] {ssh.py:531} WARNING - 25/03/13 08:47:30 INFO SparkContext: Running Spark version 3.5.3
[2025-03-13T08:47:30.603+0000] {ssh.py:531} WARNING - 25/03/13 08:47:30 INFO SparkContext: OS info Linux, 6.8.0-1024-aws, amd64
[2025-03-13T08:47:30.603+0000] {ssh.py:531} WARNING - 25/03/13 08:47:30 INFO SparkContext: Java version 11.0.26
[2025-03-13T08:47:30.678+0000] {ssh.py:531} WARNING - 25/03/13 08:47:30 WARN NativeCodeLoader: Unable to load native-hadoop library for your platform... using builtin-java classes where applicable
[2025-03-13T08:47:30.780+0000] {ssh.py:531} WARNING - 25/03/13 08:47:30 INFO ResourceUtils: ==============================================================
[2025-03-13T08:47:30.780+0000] {ssh.py:531} WARNING - 25/03/13 08:47:30 INFO ResourceUtils: No custom resources configured for spark.driver.
[2025-03-13T08:47:30.781+0000] {ssh.py:531} WARNING - 25/03/13 08:47:30 INFO ResourceUtils: ==============================================================
[2025-03-13T08:47:30.781+0000] {ssh.py:531} WARNING - 25/03/13 08:47:30 INFO SparkContext: Submitted application: S3_CSV_to_Parquet
[2025-03-13T08:47:30.808+0000] {ssh.py:531} WARNING - 25/03/13 08:47:30 INFO ResourceProfile: Default ResourceProfile created, executor resources: Map(cores -> name: cores, amount: 1, script: , vendor: , memory -> name: memory, amount: 1024, script: , vendor: , offHeap -> name: offHeap, amount: 0, script: , vendor: ), task resources: Map(cpus -> name: cpus, amount: 1.0)
[2025-03-13T08:47:30.820+0000] {ssh.py:531} WARNING - 25/03/13 08:47:30 INFO ResourceProfile: Limiting resource is cpu
[2025-03-13T08:47:30.821+0000] {ssh.py:531} WARNING - 25/03/13 08:47:30 INFO ResourceProfileManager: Added ResourceProfile id: 0
[2025-03-13T08:47:30.880+0000] {ssh.py:531} WARNING - 25/03/13 08:47:30 INFO SecurityManager: Changing view acls to: ubuntu
[2025-03-13T08:47:30.881+0000] {ssh.py:531} WARNING - 25/03/13 08:47:30 INFO SecurityManager: Changing modify acls to: ubuntu
[2025-03-13T08:47:30.882+0000] {ssh.py:531} WARNING - 25/03/13 08:47:30 INFO SecurityManager: Changing view acls groups to: 
[2025-03-13T08:47:30.882+0000] {ssh.py:531} WARNING - 25/03/13 08:47:30 INFO SecurityManager: Changing modify acls groups to: 
[2025-03-13T08:47:30.882+0000] {ssh.py:531} WARNING - 25/03/13 08:47:30 INFO SecurityManager: SecurityManager: authentication disabled; ui acls disabled; users with view permissions: ubuntu; groups with view permissions: EMPTY; users with modify permissions: ubuntu; groups with modify permissions: EMPTY
[2025-03-13T08:47:31.156+0000] {ssh.py:531} WARNING - 25/03/13 08:47:31 INFO Utils: Successfully started service 'sparkDriver' on port 39811.
[2025-03-13T08:47:31.184+0000] {ssh.py:531} WARNING - 25/03/13 08:47:31 INFO SparkEnv: Registering MapOutputTracker
[2025-03-13T08:47:31.220+0000] {ssh.py:531} WARNING - 25/03/13 08:47:31 INFO SparkEnv: Registering BlockManagerMaster
[2025-03-13T08:47:31.241+0000] {ssh.py:531} WARNING - 25/03/13 08:47:31 INFO BlockManagerMasterEndpoint: Using org.apache.spark.storage.DefaultTopologyMapper for getting topology information
[2025-03-13T08:47:31.241+0000] {ssh.py:531} WARNING - 25/03/13 08:47:31 INFO BlockManagerMasterEndpoint: BlockManagerMasterEndpoint up
[2025-03-13T08:47:31.246+0000] {ssh.py:531} WARNING - 25/03/13 08:47:31 INFO SparkEnv: Registering BlockManagerMasterHeartbeat
[2025-03-13T08:47:31.273+0000] {ssh.py:531} WARNING - 25/03/13 08:47:31 INFO DiskBlockManager: Created local directory at /tmp/blockmgr-b0d24f00-7a92-4dea-a307-ba40dc6b36d0
[2025-03-13T08:47:31.300+0000] {ssh.py:531} WARNING - 25/03/13 08:47:31 INFO MemoryStore: MemoryStore started with capacity 434.4 MiB
[2025-03-13T08:47:31.319+0000] {ssh.py:531} WARNING - 25/03/13 08:47:31 INFO SparkEnv: Registering OutputCommitCoordinator
[2025-03-13T08:47:31.479+0000] {ssh.py:531} WARNING - 25/03/13 08:47:31 INFO JettyUtils: Start Jetty 0.0.0.0:4040 for SparkUI
[2025-03-13T08:47:31.546+0000] {ssh.py:531} WARNING - 25/03/13 08:47:31 INFO Utils: Successfully started service 'SparkUI' on port 4040.
[2025-03-13T08:47:31.669+0000] {ssh.py:531} WARNING - 25/03/13 08:47:31 INFO Executor: Starting executor ID driver on host ip-172-31-12-182.ap-northeast-2.compute.internal
[2025-03-13T08:47:31.669+0000] {ssh.py:531} WARNING - 25/03/13 08:47:31 INFO Executor: OS info Linux, 6.8.0-1024-aws, amd64
[2025-03-13T08:47:31.670+0000] {ssh.py:531} WARNING - 25/03/13 08:47:31 INFO Executor: Java version 11.0.26
[2025-03-13T08:47:31.677+0000] {ssh.py:531} WARNING - 25/03/13 08:47:31 INFO Executor: Starting executor with user classpath (userClassPathFirst = false): ''
[2025-03-13T08:47:31.678+0000] {ssh.py:531} WARNING - 25/03/13 08:47:31 INFO Executor: Created or updated repl class loader org.apache.spark.util.MutableURLClassLoader@52855fcb for default.
[2025-03-13T08:47:31.702+0000] {ssh.py:531} WARNING - 25/03/13 08:47:31 INFO Utils: Successfully started service 'org.apache.spark.network.netty.NettyBlockTransferService' on port 45013.
[2025-03-13T08:47:31.702+0000] {ssh.py:531} WARNING - 25/03/13 08:47:31 INFO NettyBlockTransferService: Server created on 0.0.0.0:45013
[2025-03-13T08:47:31.703+0000] {ssh.py:531} WARNING - 25/03/13 08:47:31 INFO BlockManager: Using org.apache.spark.storage.RandomBlockReplicationPolicy for block replication policy
[2025-03-13T08:47:31.710+0000] {ssh.py:531} WARNING - 25/03/13 08:47:31 INFO BlockManagerMaster: Registering BlockManager BlockManagerId(driver, 0.0.0.0, 45013, None)
[2025-03-13T08:47:31.716+0000] {ssh.py:531} WARNING - 25/03/13 08:47:31 INFO BlockManagerMasterEndpoint: Registering block manager 0.0.0.0:45013 with 434.4 MiB RAM, BlockManagerId(driver, 0.0.0.0, 45013, None)
[2025-03-13T08:47:31.719+0000] {ssh.py:531} WARNING - 25/03/13 08:47:31 INFO BlockManagerMaster: Registered BlockManager BlockManagerId(driver, 0.0.0.0, 45013, None)
[2025-03-13T08:47:31.720+0000] {ssh.py:531} WARNING - 25/03/13 08:47:31 INFO BlockManager: Initialized BlockManager: BlockManagerId(driver, 0.0.0.0, 45013, None)
[2025-03-13T08:47:32.272+0000] {ssh.py:531} WARNING - 25/03/13 08:47:32 INFO SharedState: Setting hive.metastore.warehouse.dir ('null') to the value of spark.sql.warehouse.dir.
[2025-03-13T08:47:32.280+0000] {ssh.py:531} WARNING - 25/03/13 08:47:32 INFO SharedState: Warehouse path is 'file:/home/ubuntu/spark-warehouse'.
[2025-03-13T08:47:33.517+0000] {ssh.py:531} WARNING - 25/03/13 08:47:33 WARN MetricsConfig: Cannot locate configuration: tried hadoop-metrics2-s3a-file-system.properties,hadoop-metrics2.properties
[2025-03-13T08:47:33.535+0000] {ssh.py:531} WARNING - 25/03/13 08:47:33 INFO MetricsSystemImpl: Scheduled Metric snapshot period at 10 second(s).
[2025-03-13T08:47:33.535+0000] {ssh.py:531} WARNING - 25/03/13 08:47:33 INFO MetricsSystemImpl: s3a-file-system metrics system started
[2025-03-13T08:47:35.053+0000] {ssh.py:531} WARNING - 25/03/13 08:47:35 INFO InMemoryFileIndex: It took 111 ms to list leaf files for 1 paths.
[2025-03-13T08:47:35.217+0000] {ssh.py:531} WARNING - 25/03/13 08:47:35 INFO InMemoryFileIndex: It took 42 ms to list leaf files for 1 paths.
[2025-03-13T08:47:38.314+0000] {ssh.py:531} WARNING - 25/03/13 08:47:38 INFO FileSourceStrategy: Pushed Filters: 
[2025-03-13T08:47:38.315+0000] {ssh.py:531} WARNING - 25/03/13 08:47:38 INFO FileSourceStrategy: Post-Scan Filters: (length(trim(value#0, None)) > 0)
[2025-03-13T08:47:38.997+0000] {ssh.py:531} WARNING - 25/03/13 08:47:38 INFO CodeGenerator: Code generated in 253.023082 ms
[2025-03-13T08:47:39.065+0000] {ssh.py:531} WARNING - 25/03/13 08:47:39 INFO MemoryStore: Block broadcast_0 stored as values in memory (estimated size 200.5 KiB, free 434.2 MiB)
[2025-03-13T08:47:39.119+0000] {ssh.py:531} WARNING - 25/03/13 08:47:39 INFO MemoryStore: Block broadcast_0_piece0 stored as bytes in memory (estimated size 34.7 KiB, free 434.2 MiB)
[2025-03-13T08:47:39.135+0000] {ssh.py:531} WARNING - 25/03/13 08:47:39 INFO BlockManagerInfo: Added broadcast_0_piece0 in memory on 0.0.0.0:45013 (size: 34.7 KiB, free: 434.4 MiB)
[2025-03-13T08:47:39.141+0000] {ssh.py:531} WARNING - 25/03/13 08:47:39 INFO SparkContext: Created broadcast 0 from csv at NativeMethodAccessorImpl.java:0
[2025-03-13T08:47:39.156+0000] {ssh.py:531} WARNING - 25/03/13 08:47:39 INFO FileSourceScanExec: Planning scan with bin packing, max size: 4194304 bytes, open cost is considered as scanning 4194304 bytes.
[2025-03-13T08:47:39.290+0000] {ssh.py:531} WARNING - 25/03/13 08:47:39 INFO SparkContext: Starting job: csv at NativeMethodAccessorImpl.java:0
[2025-03-13T08:47:39.320+0000] {ssh.py:531} WARNING - 25/03/13 08:47:39 INFO DAGScheduler: Got job 0 (csv at NativeMethodAccessorImpl.java:0) with 1 output partitions
[2025-03-13T08:47:39.320+0000] {ssh.py:531} WARNING - 25/03/13 08:47:39 INFO DAGScheduler: Final stage: ResultStage 0 (csv at NativeMethodAccessorImpl.java:0)
[2025-03-13T08:47:39.321+0000] {ssh.py:531} WARNING - 25/03/13 08:47:39 INFO DAGScheduler: Parents of final stage: List()
[2025-03-13T08:47:39.323+0000] {ssh.py:531} WARNING - 25/03/13 08:47:39 INFO DAGScheduler: Missing parents: List()
[2025-03-13T08:47:39.330+0000] {ssh.py:531} WARNING - 25/03/13 08:47:39 INFO DAGScheduler: Submitting ResultStage 0 (MapPartitionsRDD[3] at csv at NativeMethodAccessorImpl.java:0), which has no missing parents
[2025-03-13T08:47:39.451+0000] {ssh.py:531} WARNING - 25/03/13 08:47:39 INFO MemoryStore: Block broadcast_1 stored as values in memory (estimated size 13.5 KiB, free 434.2 MiB)
[2025-03-13T08:47:39.453+0000] {ssh.py:531} WARNING - 25/03/13 08:47:39 INFO MemoryStore: Block broadcast_1_piece0 stored as bytes in memory (estimated size 6.4 KiB, free 434.2 MiB)
[2025-03-13T08:47:39.454+0000] {ssh.py:531} WARNING - 25/03/13 08:47:39 INFO BlockManagerInfo: Added broadcast_1_piece0 in memory on 0.0.0.0:45013 (size: 6.4 KiB, free: 434.4 MiB)
[2025-03-13T08:47:39.455+0000] {ssh.py:531} WARNING - 25/03/13 08:47:39 INFO SparkContext: Created broadcast 1 from broadcast at DAGScheduler.scala:1585
[2025-03-13T08:47:39.479+0000] {ssh.py:531} WARNING - 25/03/13 08:47:39 INFO DAGScheduler: Submitting 1 missing tasks from ResultStage 0 (MapPartitionsRDD[3] at csv at NativeMethodAccessorImpl.java:0) (first 15 tasks are for partitions Vector(0))
[2025-03-13T08:47:39.480+0000] {ssh.py:531} WARNING - 25/03/13 08:47:39 INFO TaskSchedulerImpl: Adding task set 0.0 with 1 tasks resource profile 0
[2025-03-13T08:47:39.531+0000] {ssh.py:531} WARNING - 25/03/13 08:47:39 INFO TaskSetManager: Starting task 0.0 in stage 0.0 (TID 0) (ip-172-31-12-182.ap-northeast-2.compute.internal, executor driver, partition 0, PROCESS_LOCAL, 9640 bytes) 
[2025-03-13T08:47:39.557+0000] {ssh.py:531} WARNING - 25/03/13 08:47:39 INFO Executor: Running task 0.0 in stage 0.0 (TID 0)
[2025-03-13T08:47:39.728+0000] {ssh.py:531} WARNING - 25/03/13 08:47:39 INFO CodeGenerator: Code generated in 17.772224 ms
[2025-03-13T08:47:39.733+0000] {ssh.py:531} WARNING - 25/03/13 08:47:39 INFO FileScanRDD: Reading File path: s3a://de5-finalproj-team2/crawl/2025-03-13/crawl_result_processed_20250313.csv, range: 0-1155389, partition values: [empty row]
[2025-03-13T08:47:39.771+0000] {ssh.py:531} WARNING - 25/03/13 08:47:39 INFO CodeGenerator: Code generated in 26.137625 ms
[2025-03-13T08:47:39.879+0000] {ssh.py:531} WARNING - 25/03/13 08:47:39 INFO LineRecordReader: Found UTF-8 BOM and skipped it
[2025-03-13T08:47:39.915+0000] {ssh.py:531} WARNING - 25/03/13 08:47:39 INFO Executor: Finished task 0.0 in stage 0.0 (TID 0). 1713 bytes result sent to driver
[2025-03-13T08:47:39.930+0000] {ssh.py:531} WARNING - 25/03/13 08:47:39 INFO TaskSetManager: Finished task 0.0 in stage 0.0 (TID 0) in 412 ms on ip-172-31-12-182.ap-northeast-2.compute.internal (executor driver) (1/1)
[2025-03-13T08:47:39.935+0000] {ssh.py:531} WARNING - 25/03/13 08:47:39 INFO TaskSchedulerImpl: Removed TaskSet 0.0, whose tasks have all completed, from pool 
[2025-03-13T08:47:39.942+0000] {ssh.py:531} WARNING - 25/03/13 08:47:39 INFO DAGScheduler: ResultStage 0 (csv at NativeMethodAccessorImpl.java:0) finished in 0.585 s
[2025-03-13T08:47:39.950+0000] {ssh.py:531} WARNING - 25/03/13 08:47:39 INFO DAGScheduler: Job 0 is finished. Cancelling potential speculative or zombie tasks for this job
[2025-03-13T08:47:39.951+0000] {ssh.py:531} WARNING - 25/03/13 08:47:39 INFO TaskSchedulerImpl: Killing all running tasks in stage 0: Stage finished
[2025-03-13T08:47:39.957+0000] {ssh.py:531} WARNING - 25/03/13 08:47:39 INFO DAGScheduler: Job 0 finished: csv at NativeMethodAccessorImpl.java:0, took 0.664857 s
[2025-03-13T08:47:39.987+0000] {ssh.py:531} WARNING - 25/03/13 08:47:39 INFO CodeGenerator: Code generated in 11.788526 ms
[2025-03-13T08:47:40.061+0000] {ssh.py:531} WARNING - 25/03/13 08:47:40 INFO FileSourceStrategy: Pushed Filters: 
[2025-03-13T08:47:40.061+0000] {ssh.py:531} WARNING - 25/03/13 08:47:40 INFO FileSourceStrategy: Post-Scan Filters: 
[2025-03-13T08:47:40.072+0000] {ssh.py:531} WARNING - 25/03/13 08:47:40 INFO MemoryStore: Block broadcast_2 stored as values in memory (estimated size 200.5 KiB, free 434.0 MiB)
[2025-03-13T08:47:40.088+0000] {ssh.py:531} WARNING - 25/03/13 08:47:40 INFO MemoryStore: Block broadcast_2_piece0 stored as bytes in memory (estimated size 34.7 KiB, free 433.9 MiB)
[2025-03-13T08:47:40.089+0000] {ssh.py:531} WARNING - 25/03/13 08:47:40 INFO BlockManagerInfo: Added broadcast_2_piece0 in memory on 0.0.0.0:45013 (size: 34.7 KiB, free: 434.3 MiB)
[2025-03-13T08:47:40.090+0000] {ssh.py:531} WARNING - 25/03/13 08:47:40 INFO SparkContext: Created broadcast 2 from csv at NativeMethodAccessorImpl.java:0
[2025-03-13T08:47:40.091+0000] {ssh.py:531} WARNING - 25/03/13 08:47:40 INFO FileSourceScanExec: Planning scan with bin packing, max size: 4194304 bytes, open cost is considered as scanning 4194304 bytes.
[2025-03-13T08:47:40.627+0000] {ssh.py:531} WARNING - 25/03/13 08:47:40 INFO FileSourceStrategy: Pushed Filters: 
[2025-03-13T08:47:40.627+0000] {ssh.py:531} WARNING - 25/03/13 08:47:40 INFO FileSourceStrategy: Post-Scan Filters: 
[2025-03-13T08:47:40.666+0000] {ssh.py:531} WARNING - 25/03/13 08:47:40 INFO BlockManagerInfo: Removed broadcast_1_piece0 on 0.0.0.0:45013 in memory (size: 6.4 KiB, free: 434.3 MiB)
[2025-03-13T08:47:40.683+0000] {ssh.py:531} WARNING - 25/03/13 08:47:40 INFO BlockManagerInfo: Removed broadcast_2_piece0 on 0.0.0.0:45013 in memory (size: 34.7 KiB, free: 434.4 MiB)
[2025-03-13T08:47:40.691+0000] {ssh.py:531} WARNING - 25/03/13 08:47:40 INFO BlockManagerInfo: Removed broadcast_0_piece0 on 0.0.0.0:45013 in memory (size: 34.7 KiB, free: 434.4 MiB)
[2025-03-13T08:47:41.167+0000] {ssh.py:531} WARNING - 25/03/13 08:47:41 INFO ParquetUtils: Using default output committer for Parquet: org.apache.parquet.hadoop.ParquetOutputCommitter
[2025-03-13T08:47:41.182+0000] {ssh.py:531} WARNING - 25/03/13 08:47:41 INFO FileOutputCommitter: File Output Committer Algorithm version is 1
[2025-03-13T08:47:41.183+0000] {ssh.py:531} WARNING - 25/03/13 08:47:41 INFO FileOutputCommitter: FileOutputCommitter skip cleanup _temporary folders under output directory:false, ignore cleanup failures: false
[2025-03-13T08:47:41.184+0000] {ssh.py:531} WARNING - 25/03/13 08:47:41 INFO SQLHadoopMapReduceCommitProtocol: Using user defined output committer class org.apache.parquet.hadoop.ParquetOutputCommitter
[2025-03-13T08:47:41.184+0000] {ssh.py:531} WARNING - 25/03/13 08:47:41 INFO FileOutputCommitter: File Output Committer Algorithm version is 1
[2025-03-13T08:47:41.184+0000] {ssh.py:531} WARNING - 25/03/13 08:47:41 INFO FileOutputCommitter: FileOutputCommitter skip cleanup _temporary folders under output directory:false, ignore cleanup failures: false
[2025-03-13T08:47:41.188+0000] {ssh.py:531} WARNING - 25/03/13 08:47:41 INFO SQLHadoopMapReduceCommitProtocol: Using output committer class org.apache.parquet.hadoop.ParquetOutputCommitter
[2025-03-13T08:47:41.476+0000] {ssh.py:531} WARNING - 25/03/13 08:47:41 INFO CodeGenerator: Code generated in 28.044206 ms
[2025-03-13T08:47:41.479+0000] {ssh.py:531} WARNING - 25/03/13 08:47:41 INFO MemoryStore: Block broadcast_3 stored as values in memory (estimated size 200.4 KiB, free 434.2 MiB)
[2025-03-13T08:47:41.489+0000] {ssh.py:531} WARNING - 25/03/13 08:47:41 INFO MemoryStore: Block broadcast_3_piece0 stored as bytes in memory (estimated size 34.6 KiB, free 434.2 MiB)
[2025-03-13T08:47:41.490+0000] {ssh.py:531} WARNING - 25/03/13 08:47:41 INFO BlockManagerInfo: Added broadcast_3_piece0 in memory on 0.0.0.0:45013 (size: 34.6 KiB, free: 434.4 MiB)
[2025-03-13T08:47:41.490+0000] {ssh.py:531} WARNING - 25/03/13 08:47:41 INFO SparkContext: Created broadcast 3 from parquet at NativeMethodAccessorImpl.java:0
[2025-03-13T08:47:41.496+0000] {ssh.py:531} WARNING - 25/03/13 08:47:41 INFO FileSourceScanExec: Planning scan with bin packing, max size: 4194304 bytes, open cost is considered as scanning 4194304 bytes.
[2025-03-13T08:47:41.508+0000] {ssh.py:531} WARNING - 25/03/13 08:47:41 INFO SparkContext: Starting job: parquet at NativeMethodAccessorImpl.java:0
[2025-03-13T08:47:41.509+0000] {ssh.py:531} WARNING - 25/03/13 08:47:41 INFO DAGScheduler: Got job 1 (parquet at NativeMethodAccessorImpl.java:0) with 1 output partitions
[2025-03-13T08:47:41.509+0000] {ssh.py:531} WARNING - 25/03/13 08:47:41 INFO DAGScheduler: Final stage: ResultStage 1 (parquet at NativeMethodAccessorImpl.java:0)
[2025-03-13T08:47:41.509+0000] {ssh.py:531} WARNING - 25/03/13 08:47:41 INFO DAGScheduler: Parents of final stage: List()
[2025-03-13T08:47:41.509+0000] {ssh.py:531} WARNING - 25/03/13 08:47:41 INFO DAGScheduler: Missing parents: List()
[2025-03-13T08:47:41.510+0000] {ssh.py:531} WARNING - 25/03/13 08:47:41 INFO DAGScheduler: Submitting ResultStage 1 (MapPartitionsRDD[13] at parquet at NativeMethodAccessorImpl.java:0), which has no missing parents
[2025-03-13T08:47:41.545+0000] {ssh.py:531} WARNING - 25/03/13 08:47:41 INFO MemoryStore: Block broadcast_4 stored as values in memory (estimated size 223.0 KiB, free 434.0 MiB)
[2025-03-13T08:47:41.547+0000] {ssh.py:531} WARNING - 25/03/13 08:47:41 INFO MemoryStore: Block broadcast_4_piece0 stored as bytes in memory (estimated size 80.0 KiB, free 433.9 MiB)
[2025-03-13T08:47:41.548+0000] {ssh.py:531} WARNING - 25/03/13 08:47:41 INFO BlockManagerInfo: Added broadcast_4_piece0 in memory on 0.0.0.0:45013 (size: 80.0 KiB, free: 434.3 MiB)
[2025-03-13T08:47:41.549+0000] {ssh.py:531} WARNING - 25/03/13 08:47:41 INFO SparkContext: Created broadcast 4 from broadcast at DAGScheduler.scala:1585
[2025-03-13T08:47:41.550+0000] {ssh.py:531} WARNING - 25/03/13 08:47:41 INFO DAGScheduler: Submitting 1 missing tasks from ResultStage 1 (MapPartitionsRDD[13] at parquet at NativeMethodAccessorImpl.java:0) (first 15 tasks are for partitions Vector(0))
[2025-03-13T08:47:41.550+0000] {ssh.py:531} WARNING - 25/03/13 08:47:41 INFO TaskSchedulerImpl: Adding task set 1.0 with 1 tasks resource profile 0
[2025-03-13T08:47:41.553+0000] {ssh.py:531} WARNING - 25/03/13 08:47:41 INFO TaskSetManager: Starting task 0.0 in stage 1.0 (TID 1) (ip-172-31-12-182.ap-northeast-2.compute.internal, executor driver, partition 0, PROCESS_LOCAL, 9640 bytes) 
[2025-03-13T08:47:41.556+0000] {ssh.py:531} WARNING - 25/03/13 08:47:41 INFO Executor: Running task 0.0 in stage 1.0 (TID 1)
[2025-03-13T08:47:41.675+0000] {ssh.py:531} WARNING - 25/03/13 08:47:41 INFO CodeGenerator: Code generated in 35.943989 ms
[2025-03-13T08:47:41.678+0000] {ssh.py:531} WARNING - 25/03/13 08:47:41 INFO FileOutputCommitter: File Output Committer Algorithm version is 1
[2025-03-13T08:47:41.679+0000] {ssh.py:531} WARNING - 25/03/13 08:47:41 INFO FileOutputCommitter: FileOutputCommitter skip cleanup _temporary folders under output directory:false, ignore cleanup failures: false
[2025-03-13T08:47:41.679+0000] {ssh.py:531} WARNING - 25/03/13 08:47:41 INFO SQLHadoopMapReduceCommitProtocol: Using user defined output committer class org.apache.parquet.hadoop.ParquetOutputCommitter
[2025-03-13T08:47:41.680+0000] {ssh.py:531} WARNING - 25/03/13 08:47:41 INFO FileOutputCommitter: File Output Committer Algorithm version is 1
[2025-03-13T08:47:41.680+0000] {ssh.py:531} WARNING - 25/03/13 08:47:41 INFO FileOutputCommitter: FileOutputCommitter skip cleanup _temporary folders under output directory:false, ignore cleanup failures: false
[2025-03-13T08:47:41.680+0000] {ssh.py:531} WARNING - 25/03/13 08:47:41 INFO SQLHadoopMapReduceCommitProtocol: Using output committer class org.apache.parquet.hadoop.ParquetOutputCommitter
[2025-03-13T08:47:41.686+0000] {ssh.py:531} WARNING - 25/03/13 08:47:41 INFO CodecConfig: Compression: SNAPPY
[2025-03-13T08:47:41.688+0000] {ssh.py:531} WARNING - 25/03/13 08:47:41 INFO CodecConfig: Compression: SNAPPY
[2025-03-13T08:47:41.708+0000] {ssh.py:531} WARNING - 25/03/13 08:47:41 INFO ParquetOutputFormat: ParquetRecordWriter [block size: 134217728b, row group padding size: 8388608b, validating: false]
[2025-03-13T08:47:41.743+0000] {ssh.py:531} WARNING - 25/03/13 08:47:41 INFO ParquetWriteSupport: Initialized Parquet WriteSupport with Catalyst schema:
[2025-03-13T08:47:41.743+0000] {ssh.py:531} WARNING - {
[2025-03-13T08:47:41.743+0000] {ssh.py:531} WARNING -   "type" : "struct",
[2025-03-13T08:47:41.743+0000] {ssh.py:531} WARNING -   "fields" : [ {
[2025-03-13T08:47:41.743+0000] {ssh.py:531} WARNING -     "name" : "ranking",
[2025-03-13T08:47:41.744+0000] {ssh.py:531} WARNING -     "type" : "string",
[2025-03-13T08:47:41.744+0000] {ssh.py:531} WARNING -     "nullable" : true,
[2025-03-13T08:47:41.744+0000] {ssh.py:531} WARNING -     "metadata" : { }
[2025-03-13T08:47:41.744+0000] {ssh.py:531} WARNING -   }, {
[2025-03-13T08:47:41.744+0000] {ssh.py:531} WARNING -     "name" : "division_id",
[2025-03-13T08:47:41.744+0000] {ssh.py:531} WARNING -     "type" : "string",
[2025-03-13T08:47:41.744+0000] {ssh.py:531} WARNING -     "nullable" : true,
[2025-03-13T08:47:41.745+0000] {ssh.py:531} WARNING -     "metadata" : { }
[2025-03-13T08:47:41.745+0000] {ssh.py:531} WARNING -   }, {
[2025-03-13T08:47:41.745+0000] {ssh.py:531} WARNING -     "name" : "gamer_nickname",
[2025-03-13T08:47:41.745+0000] {ssh.py:531} WARNING -     "type" : "string",
[2025-03-13T08:47:41.745+0000] {ssh.py:531} WARNING -     "nullable" : true,
[2025-03-13T08:47:41.745+0000] {ssh.py:531} WARNING -     "metadata" : { }
[2025-03-13T08:47:41.745+0000] {ssh.py:531} WARNING -   }, {
[2025-03-13T08:47:41.745+0000] {ssh.py:531} WARNING -     "name" : "level",
[2025-03-13T08:47:41.745+0000] {ssh.py:531} WARNING -     "type" : "string",
[2025-03-13T08:47:41.746+0000] {ssh.py:531} WARNING -     "nullable" : true,
[2025-03-13T08:47:41.746+0000] {ssh.py:531} WARNING -     "metadata" : { }
[2025-03-13T08:47:41.746+0000] {ssh.py:531} WARNING -   }, {
[2025-03-13T08:47:41.746+0000] {ssh.py:531} WARNING -     "name" : "team_worth",
[2025-03-13T08:47:41.746+0000] {ssh.py:531} WARNING -     "type" : "string",
[2025-03-13T08:47:41.746+0000] {ssh.py:531} WARNING -     "nullable" : true,
[2025-03-13T08:47:41.746+0000] {ssh.py:531} WARNING -     "metadata" : { }
[2025-03-13T08:47:41.747+0000] {ssh.py:531} WARNING -   }, {
[2025-03-13T08:47:41.747+0000] {ssh.py:531} WARNING -     "name" : "points",
[2025-03-13T08:47:41.747+0000] {ssh.py:531} WARNING -     "type" : "string",
[2025-03-13T08:47:41.747+0000] {ssh.py:531} WARNING -     "nullable" : true,
[2025-03-13T08:47:41.747+0000] {ssh.py:531} WARNING -     "metadata" : { }
[2025-03-13T08:47:41.747+0000] {ssh.py:531} WARNING -   }, {
[2025-03-13T08:47:41.747+0000] {ssh.py:531} WARNING -     "name" : "winning_rate",
[2025-03-13T08:47:41.747+0000] {ssh.py:531} WARNING -     "type" : "string",
[2025-03-13T08:47:41.747+0000] {ssh.py:531} WARNING -     "nullable" : true,
[2025-03-13T08:47:41.748+0000] {ssh.py:531} WARNING -     "metadata" : { }
[2025-03-13T08:47:41.748+0000] {ssh.py:531} WARNING -   }, {
[2025-03-13T08:47:41.748+0000] {ssh.py:531} WARNING -     "name" : "team_name",
[2025-03-13T08:47:41.748+0000] {ssh.py:531} WARNING -     "type" : "string",
[2025-03-13T08:47:41.748+0000] {ssh.py:531} WARNING -     "nullable" : true,
[2025-03-13T08:47:41.748+0000] {ssh.py:531} WARNING -     "metadata" : { }
[2025-03-13T08:47:41.748+0000] {ssh.py:531} WARNING -   }, {
[2025-03-13T08:47:41.748+0000] {ssh.py:531} WARNING -     "name" : "formation",
[2025-03-13T08:47:41.748+0000] {ssh.py:531} WARNING -     "type" : "string",
[2025-03-13T08:47:41.749+0000] {ssh.py:531} WARNING -     "nullable" : true,
[2025-03-13T08:47:41.749+0000] {ssh.py:531} WARNING -     "metadata" : { }
[2025-03-13T08:47:41.749+0000] {ssh.py:531} WARNING -   }, {
[2025-03-13T08:47:41.749+0000] {ssh.py:531} WARNING -     "name" : "created_at",
[2025-03-13T08:47:41.749+0000] {ssh.py:531} WARNING -     "type" : "string",
[2025-03-13T08:47:41.749+0000] {ssh.py:531} WARNING -     "nullable" : true,
[2025-03-13T08:47:41.749+0000] {ssh.py:531} WARNING -     "metadata" : { }
[2025-03-13T08:47:41.749+0000] {ssh.py:531} WARNING -   }, {
[2025-03-13T08:47:41.749+0000] {ssh.py:531} WARNING -     "name" : "total_win",
[2025-03-13T08:47:41.750+0000] {ssh.py:531} WARNING -     "type" : "string",
[2025-03-13T08:47:41.750+0000] {ssh.py:531} WARNING -     "nullable" : true,
[2025-03-13T08:47:41.750+0000] {ssh.py:531} WARNING -     "metadata" : { }
[2025-03-13T08:47:41.750+0000] {ssh.py:531} WARNING -   }, {
[2025-03-13T08:47:41.750+0000] {ssh.py:531} WARNING -     "name" : "total_draw",
[2025-03-13T08:47:41.750+0000] {ssh.py:531} WARNING -     "type" : "string",
[2025-03-13T08:47:41.750+0000] {ssh.py:531} WARNING -     "nullable" : true,
[2025-03-13T08:47:41.750+0000] {ssh.py:531} WARNING -     "metadata" : { }
[2025-03-13T08:47:41.751+0000] {ssh.py:531} WARNING -   }, {
[2025-03-13T08:47:41.751+0000] {ssh.py:531} WARNING -     "name" : "total_lose",
[2025-03-13T08:47:41.751+0000] {ssh.py:531} WARNING -     "type" : "string",
[2025-03-13T08:47:41.751+0000] {ssh.py:531} WARNING -     "nullable" : true,
[2025-03-13T08:47:41.751+0000] {ssh.py:531} WARNING -     "metadata" : { }
[2025-03-13T08:47:41.751+0000] {ssh.py:531} WARNING -   } ]
[2025-03-13T08:47:41.751+0000] {ssh.py:531} WARNING - }
[2025-03-13T08:47:41.751+0000] {ssh.py:531} WARNING - and corresponding Parquet message type:
[2025-03-13T08:47:41.751+0000] {ssh.py:531} WARNING - message spark_schema {
[2025-03-13T08:47:41.752+0000] {ssh.py:531} WARNING -   optional binary ranking (STRING);
[2025-03-13T08:47:41.752+0000] {ssh.py:531} WARNING -   optional binary division_id (STRING);
[2025-03-13T08:47:41.752+0000] {ssh.py:531} WARNING -   optional binary gamer_nickname (STRING);
[2025-03-13T08:47:41.752+0000] {ssh.py:531} WARNING -   optional binary level (STRING);
[2025-03-13T08:47:41.752+0000] {ssh.py:531} WARNING -   optional binary team_worth (STRING);
[2025-03-13T08:47:41.752+0000] {ssh.py:531} WARNING -   optional binary points (STRING);
[2025-03-13T08:47:41.752+0000] {ssh.py:531} WARNING -   optional binary winning_rate (STRING);
[2025-03-13T08:47:41.752+0000] {ssh.py:531} WARNING -   optional binary team_name (STRING);
[2025-03-13T08:47:41.752+0000] {ssh.py:531} WARNING -   optional binary formation (STRING);
[2025-03-13T08:47:41.753+0000] {ssh.py:531} WARNING -   optional binary created_at (STRING);
[2025-03-13T08:47:41.753+0000] {ssh.py:531} WARNING -   optional binary total_win (STRING);
[2025-03-13T08:47:41.753+0000] {ssh.py:531} WARNING -   optional binary total_draw (STRING);
[2025-03-13T08:47:41.753+0000] {ssh.py:531} WARNING -   optional binary total_lose (STRING);
[2025-03-13T08:47:41.753+0000] {ssh.py:531} WARNING - }
[2025-03-13T08:47:41.753+0000] {ssh.py:531} WARNING - 
[2025-03-13T08:47:41.753+0000] {ssh.py:531} WARNING -        
[2025-03-13T08:47:41.872+0000] {ssh.py:531} WARNING - 25/03/13 08:47:41 INFO CodecPool: Got brand-new compressor [.snappy]
[2025-03-13T08:47:42.106+0000] {ssh.py:531} WARNING - 25/03/13 08:47:42 INFO FileScanRDD: Reading File path: s3a://de5-finalproj-team2/crawl/2025-03-13/crawl_result_processed_20250313.csv, range: 0-1155389, partition values: [empty row]
[2025-03-13T08:47:42.151+0000] {ssh.py:531} WARNING - 25/03/13 08:47:42 INFO CodeGenerator: Code generated in 34.904936 ms
[2025-03-13T08:47:42.206+0000] {ssh.py:531} WARNING - 25/03/13 08:47:42 INFO LineRecordReader: Found UTF-8 BOM and skipped it
[2025-03-13T08:47:43.907+0000] {ssh.py:531} WARNING - 25/03/13 08:47:43 INFO FileOutputCommitter: Saved output of task 'attempt_202503130847415539203083404974337_0001_m_000000_1' to s3a://de5-finalproj-team2/analytics/ranking_info/2025-03-13/ranking_info_data.parquet/_temporary/0/task_202503130847415539203083404974337_0001_m_000000
[2025-03-13T08:47:43.908+0000] {ssh.py:531} WARNING - 25/03/13 08:47:43 INFO SparkHadoopMapRedUtil: attempt_202503130847415539203083404974337_0001_m_000000_1: Committed. Elapsed time: 662 ms.
[2025-03-13T08:47:43.931+0000] {ssh.py:531} WARNING - 25/03/13 08:47:43 INFO Executor: Finished task 0.0 in stage 1.0 (TID 1). 2613 bytes result sent to driver
[2025-03-13T08:47:43.937+0000] {ssh.py:531} WARNING - 25/03/13 08:47:43 INFO TaskSetManager: Finished task 0.0 in stage 1.0 (TID 1) in 2381 ms on ip-172-31-12-182.ap-northeast-2.compute.internal (executor driver) (1/1)
[2025-03-13T08:47:43.937+0000] {ssh.py:531} WARNING - 25/03/13 08:47:43 INFO TaskSchedulerImpl: Removed TaskSet 1.0, whose tasks have all completed, from pool 
[2025-03-13T08:47:43.938+0000] {ssh.py:531} WARNING - 25/03/13 08:47:43 INFO DAGScheduler: ResultStage 1 (parquet at NativeMethodAccessorImpl.java:0) finished in 2.427 s
[2025-03-13T08:47:43.941+0000] {ssh.py:531} WARNING - 25/03/13 08:47:43 INFO DAGScheduler: Job 1 is finished. Cancelling potential speculative or zombie tasks for this job
[2025-03-13T08:47:43.942+0000] {ssh.py:531} WARNING - 25/03/13 08:47:43 INFO TaskSchedulerImpl: Killing all running tasks in stage 1: Stage finished
[2025-03-13T08:47:43.942+0000] {ssh.py:531} WARNING - 25/03/13 08:47:43 INFO DAGScheduler: Job 1 finished: parquet at NativeMethodAccessorImpl.java:0, took 2.434690 s
[2025-03-13T08:47:43.946+0000] {ssh.py:531} WARNING - 25/03/13 08:47:43 INFO FileFormatWriter: Start to commit write Job c6ab2254-49ab-4693-87f0-ba5702655ed6.
[2025-03-13T08:47:44.445+0000] {ssh.py:531} WARNING - 25/03/13 08:47:44 INFO BlockManagerInfo: Removed broadcast_4_piece0 on 0.0.0.0:45013 in memory (size: 80.0 KiB, free: 434.4 MiB)
[2025-03-13T08:47:44.827+0000] {ssh.py:531} WARNING - 25/03/13 08:47:44 INFO FileFormatWriter: Write Job c6ab2254-49ab-4693-87f0-ba5702655ed6 committed. Elapsed time: 882 ms.
[2025-03-13T08:47:44.833+0000] {ssh.py:531} WARNING - 25/03/13 08:47:44 INFO FileFormatWriter: Finished processing stats for write job c6ab2254-49ab-4693-87f0-ba5702655ed6.
[2025-03-13T08:47:44.839+0000] {ssh.py:526} INFO - ✅ Parquet 파일 변환 완료!
[2025-03-13T08:47:44.894+0000] {ssh.py:531} WARNING - 25/03/13 08:47:44 INFO SparkContext: Invoking stop() from shutdown hook
[2025-03-13T08:47:44.894+0000] {ssh.py:531} WARNING - 25/03/13 08:47:44 INFO SparkContext: SparkContext is stopping with exitCode 0.
[2025-03-13T08:47:44.906+0000] {ssh.py:531} WARNING - 25/03/13 08:47:44 INFO SparkUI: Stopped Spark web UI at http://0.0.0.0:4040
[2025-03-13T08:47:44.921+0000] {ssh.py:531} WARNING - 25/03/13 08:47:44 INFO MapOutputTrackerMasterEndpoint: MapOutputTrackerMasterEndpoint stopped!
[2025-03-13T08:47:44.932+0000] {ssh.py:531} WARNING - 25/03/13 08:47:44 INFO MemoryStore: MemoryStore cleared
[2025-03-13T08:47:44.932+0000] {ssh.py:531} WARNING - 25/03/13 08:47:44 INFO BlockManager: BlockManager stopped
[2025-03-13T08:47:44.934+0000] {ssh.py:531} WARNING - 25/03/13 08:47:44 INFO BlockManagerMaster: BlockManagerMaster stopped
[2025-03-13T08:47:44.937+0000] {ssh.py:531} WARNING - 25/03/13 08:47:44 INFO OutputCommitCoordinator$OutputCommitCoordinatorEndpoint: OutputCommitCoordinator stopped!
[2025-03-13T08:47:44.942+0000] {ssh.py:531} WARNING - 25/03/13 08:47:44 INFO SparkContext: Successfully stopped SparkContext
[2025-03-13T08:47:44.942+0000] {ssh.py:531} WARNING - 25/03/13 08:47:44 INFO ShutdownHookManager: Shutdown hook called
[2025-03-13T08:47:44.943+0000] {ssh.py:531} WARNING - 25/03/13 08:47:44 INFO ShutdownHookManager: Deleting directory /tmp/spark-fa0cab69-172d-4edb-8504-0411bfec39dc
[2025-03-13T08:47:44.946+0000] {ssh.py:531} WARNING - 25/03/13 08:47:44 INFO ShutdownHookManager: Deleting directory /tmp/spark-6219d836-61ef-4e67-b3db-36ea90897447/pyspark-f6d6199d-c05c-4fa1-ab50-cfe0624f1f48
[2025-03-13T08:47:44.948+0000] {ssh.py:531} WARNING - 25/03/13 08:47:44 INFO ShutdownHookManager: Deleting directory /tmp/spark-6219d836-61ef-4e67-b3db-36ea90897447
[2025-03-13T08:47:44.956+0000] {ssh.py:531} WARNING - 25/03/13 08:47:44 INFO MetricsSystemImpl: Stopping s3a-file-system metrics system...
[2025-03-13T08:47:44.957+0000] {ssh.py:531} WARNING - 25/03/13 08:47:44 INFO MetricsSystemImpl: s3a-file-system metrics system stopped.
[2025-03-13T08:47:44.957+0000] {ssh.py:531} WARNING - 25/03/13 08:47:44 INFO MetricsSystemImpl: s3a-file-system metrics system shutdown complete.
[2025-03-13T08:47:44.999+0000] {ssh.py:526} INFO - Spark Job Succeeded!
[2025-03-13T08:47:45.019+0000] {taskinstance.py:441} INFO - ::group::Post task execution logs
[2025-03-13T08:47:45.066+0000] {taskinstance.py:1206} INFO - Marking task as SUCCESS. dag_id=s3_csv_to_parquet_dag, task_id=submit_spark_via_ssh, run_id=scheduled__2025-03-12T01:37:00+00:00, execution_date=20250312T013700, start_date=20250313T084726, end_date=20250313T084745
[2025-03-13T08:47:45.105+0000] {local_task_job_runner.py:240} INFO - Task exited with return code 0
[2025-03-13T08:47:45.131+0000] {taskinstance.py:3498} INFO - 1 downstream tasks scheduled from follow-on schedule check
[2025-03-13T08:47:45.133+0000] {local_task_job_runner.py:222} INFO - ::endgroup::
