[2025-03-13T08:42:33.743+0000] {local_task_job_runner.py:120} INFO - ::group::Pre task execution logs
[2025-03-13T08:42:33.773+0000] {taskinstance.py:2076} INFO - Dependencies all met for dep_context=non-requeueable deps ti=<TaskInstance: s3_csv_to_parquet_dag.submit_spark_via_ssh scheduled__2025-03-12T01:37:00+00:00 [queued]>
[2025-03-13T08:42:33.785+0000] {taskinstance.py:2076} INFO - Dependencies all met for dep_context=requeueable deps ti=<TaskInstance: s3_csv_to_parquet_dag.submit_spark_via_ssh scheduled__2025-03-12T01:37:00+00:00 [queued]>
[2025-03-13T08:42:33.785+0000] {taskinstance.py:2306} INFO - Starting attempt 2 of 3
[2025-03-13T08:42:33.799+0000] {taskinstance.py:2330} INFO - Executing <Task(SSHOperator): submit_spark_via_ssh> on 2025-03-12 01:37:00+00:00
[2025-03-13T08:42:33.805+0000] {standard_task_runner.py:63} INFO - Started process 31989 to run task
[2025-03-13T08:42:33.809+0000] {standard_task_runner.py:90} INFO - Running: ['***', 'tasks', 'run', 's3_csv_to_parquet_dag', 'submit_spark_via_ssh', 'scheduled__2025-03-12T01:37:00+00:00', '--job-id', '135', '--raw', '--subdir', 'DAGS_FOLDER/s3_csv_to_parquet_dag.py', '--cfg-path', '/tmp/tmp1x36sip1']
[2025-03-13T08:42:33.811+0000] {standard_task_runner.py:91} INFO - Job 135: Subtask submit_spark_via_ssh
[2025-03-13T08:42:33.876+0000] {task_command.py:426} INFO - Running <TaskInstance: s3_csv_to_parquet_dag.submit_spark_via_ssh scheduled__2025-03-12T01:37:00+00:00 [running]> on host a0d797a25898
[2025-03-13T08:42:33.994+0000] {taskinstance.py:2648} INFO - Exporting env vars: AIRFLOW_CTX_DAG_OWNER='***' AIRFLOW_CTX_DAG_ID='s3_csv_to_parquet_dag' AIRFLOW_CTX_TASK_ID='submit_spark_via_ssh' AIRFLOW_CTX_EXECUTION_DATE='2025-03-12T01:37:00+00:00' AIRFLOW_CTX_TRY_NUMBER='2' AIRFLOW_CTX_DAG_RUN_ID='scheduled__2025-03-12T01:37:00+00:00'
[2025-03-13T08:42:33.995+0000] {taskinstance.py:430} INFO - ::endgroup::
[2025-03-13T08:42:34.010+0000] {ssh.py:151} INFO - Creating ssh_client
[2025-03-13T08:42:34.010+0000] {ssh.py:124} INFO - ssh_hook is not provided or invalid. Trying ssh_conn_id to create SSHHook.
[2025-03-13T08:42:34.025+0000] {base.py:84} INFO - Using connection ID 'spark_ssh_conn' for task execution.
[2025-03-13T08:42:34.026+0000] {ssh.py:301} WARNING - No Host Key Verification. This won't protect against Man-In-The-Middle attacks
[2025-03-13T08:42:34.032+0000] {transport.py:1909} INFO - Connected (version 2.0, client OpenSSH_9.6p1)
[2025-03-13T08:42:34.094+0000] {transport.py:1909} INFO - Authentication (publickey) successful!
[2025-03-13T08:42:34.095+0000] {ssh.py:480} INFO - Running command: 
    set -e
    echo "Starting Spark Job on 2025-03-13"
    /spark-3.5.3/bin/spark-submit /home/ubuntu/spark_scripts/rankingInfo_To_Parquet.py 2025-03-13
    exit_code=$?

    if [ $exit_code -ne 0 ]; then
        echo "Spark Job Failed! Check logs."
        exit 1
    else
        echo "Spark Job Succeeded!"
    fi
    
[2025-03-13T08:42:34.516+0000] {ssh.py:526} INFO - Starting Spark Job on 2025-03-13
[2025-03-13T08:42:38.383+0000] {ssh.py:531} WARNING - 25/03/13 08:42:38 INFO SparkContext: Running Spark version 3.5.3
[2025-03-13T08:42:38.384+0000] {ssh.py:531} WARNING - 25/03/13 08:42:38 INFO SparkContext: OS info Linux, 6.8.0-1024-aws, amd64
[2025-03-13T08:42:38.385+0000] {ssh.py:531} WARNING - 25/03/13 08:42:38 INFO SparkContext: Java version 11.0.26
[2025-03-13T08:42:38.493+0000] {ssh.py:531} WARNING - 25/03/13 08:42:38 WARN NativeCodeLoader: Unable to load native-hadoop library for your platform... using builtin-java classes where applicable
[2025-03-13T08:42:38.640+0000] {ssh.py:531} WARNING - 25/03/13 08:42:38 INFO ResourceUtils: ==============================================================
[2025-03-13T08:42:38.641+0000] {ssh.py:531} WARNING - 25/03/13 08:42:38 INFO ResourceUtils: No custom resources configured for spark.driver.
[2025-03-13T08:42:38.642+0000] {ssh.py:531} WARNING - 25/03/13 08:42:38 INFO ResourceUtils: ==============================================================
[2025-03-13T08:42:38.643+0000] {ssh.py:531} WARNING - 25/03/13 08:42:38 INFO SparkContext: Submitted application: S3_CSV_to_Parquet
[2025-03-13T08:42:38.682+0000] {ssh.py:531} WARNING - 25/03/13 08:42:38 INFO ResourceProfile: Default ResourceProfile created, executor resources: Map(cores -> name: cores, amount: 1, script: , vendor: , memory -> name: memory, amount: 1024, script: , vendor: , offHeap -> name: offHeap, amount: 0, script: , vendor: ), task resources: Map(cpus -> name: cpus, amount: 1.0)
[2025-03-13T08:42:38.703+0000] {ssh.py:531} WARNING - 25/03/13 08:42:38 INFO ResourceProfile: Limiting resource is cpu
[2025-03-13T08:42:38.704+0000] {ssh.py:531} WARNING - 25/03/13 08:42:38 INFO ResourceProfileManager: Added ResourceProfile id: 0
[2025-03-13T08:42:38.786+0000] {ssh.py:531} WARNING - 25/03/13 08:42:38 INFO SecurityManager: Changing view acls to: ubuntu
[2025-03-13T08:42:38.787+0000] {ssh.py:531} WARNING - 25/03/13 08:42:38 INFO SecurityManager: Changing modify acls to: ubuntu
[2025-03-13T08:42:38.789+0000] {ssh.py:531} WARNING - 25/03/13 08:42:38 INFO SecurityManager: Changing view acls groups to: 
[2025-03-13T08:42:38.789+0000] {ssh.py:531} WARNING - 25/03/13 08:42:38 INFO SecurityManager: Changing modify acls groups to: 
[2025-03-13T08:42:38.790+0000] {ssh.py:531} WARNING - 25/03/13 08:42:38 INFO SecurityManager: SecurityManager: authentication disabled; ui acls disabled; users with view permissions: ubuntu; groups with view permissions: EMPTY; users with modify permissions: ubuntu; groups with modify permissions: EMPTY
[2025-03-13T08:42:39.111+0000] {ssh.py:531} WARNING - 25/03/13 08:42:39 INFO Utils: Successfully started service 'sparkDriver' on port 38951.
[2025-03-13T08:42:39.154+0000] {ssh.py:531} WARNING - 25/03/13 08:42:39 INFO SparkEnv: Registering MapOutputTracker
[2025-03-13T08:42:39.194+0000] {ssh.py:531} WARNING - 25/03/13 08:42:39 INFO SparkEnv: Registering BlockManagerMaster
[2025-03-13T08:42:39.220+0000] {ssh.py:531} WARNING - 25/03/13 08:42:39 INFO BlockManagerMasterEndpoint: Using org.apache.spark.storage.DefaultTopologyMapper for getting topology information
[2025-03-13T08:42:39.220+0000] {ssh.py:531} WARNING - 25/03/13 08:42:39 INFO BlockManagerMasterEndpoint: BlockManagerMasterEndpoint up
[2025-03-13T08:42:39.225+0000] {ssh.py:531} WARNING - 25/03/13 08:42:39 INFO SparkEnv: Registering BlockManagerMasterHeartbeat
[2025-03-13T08:42:39.273+0000] {ssh.py:531} WARNING - 25/03/13 08:42:39 INFO DiskBlockManager: Created local directory at /tmp/blockmgr-b24bedba-3fee-4df4-9bf2-41d55572b766
[2025-03-13T08:42:39.331+0000] {ssh.py:531} WARNING - 25/03/13 08:42:39 INFO MemoryStore: MemoryStore started with capacity 434.4 MiB
[2025-03-13T08:42:39.356+0000] {ssh.py:531} WARNING - 25/03/13 08:42:39 INFO SparkEnv: Registering OutputCommitCoordinator
[2025-03-13T08:42:39.548+0000] {ssh.py:531} WARNING - 25/03/13 08:42:39 INFO JettyUtils: Start Jetty 0.0.0.0:4040 for SparkUI
[2025-03-13T08:42:39.612+0000] {ssh.py:531} WARNING - 25/03/13 08:42:39 INFO Utils: Successfully started service 'SparkUI' on port 4040.
[2025-03-13T08:42:39.763+0000] {ssh.py:531} WARNING - 25/03/13 08:42:39 INFO Executor: Starting executor ID driver on host ip-172-31-12-182.ap-northeast-2.compute.internal
[2025-03-13T08:42:39.764+0000] {ssh.py:531} WARNING - 25/03/13 08:42:39 INFO Executor: OS info Linux, 6.8.0-1024-aws, amd64
[2025-03-13T08:42:39.764+0000] {ssh.py:531} WARNING - 25/03/13 08:42:39 INFO Executor: Java version 11.0.26
[2025-03-13T08:42:39.774+0000] {ssh.py:531} WARNING - 25/03/13 08:42:39 INFO Executor: Starting executor with user classpath (userClassPathFirst = false): ''
[2025-03-13T08:42:39.775+0000] {ssh.py:531} WARNING - 25/03/13 08:42:39 INFO Executor: Created or updated repl class loader org.apache.spark.util.MutableURLClassLoader@16cc3a95 for default.
[2025-03-13T08:42:39.808+0000] {ssh.py:531} WARNING - 25/03/13 08:42:39 INFO Utils: Successfully started service 'org.apache.spark.network.netty.NettyBlockTransferService' on port 34779.
[2025-03-13T08:42:39.808+0000] {ssh.py:531} WARNING - 25/03/13 08:42:39 INFO NettyBlockTransferService: Server created on 0.0.0.0:34779
[2025-03-13T08:42:39.810+0000] {ssh.py:531} WARNING - 25/03/13 08:42:39 INFO BlockManager: Using org.apache.spark.storage.RandomBlockReplicationPolicy for block replication policy
[2025-03-13T08:42:39.819+0000] {ssh.py:531} WARNING - 25/03/13 08:42:39 INFO BlockManagerMaster: Registering BlockManager BlockManagerId(driver, 0.0.0.0, 34779, None)
[2025-03-13T08:42:39.826+0000] {ssh.py:531} WARNING - 25/03/13 08:42:39 INFO BlockManagerMasterEndpoint: Registering block manager 0.0.0.0:34779 with 434.4 MiB RAM, BlockManagerId(driver, 0.0.0.0, 34779, None)
[2025-03-13T08:42:39.829+0000] {ssh.py:531} WARNING - 25/03/13 08:42:39 INFO BlockManagerMaster: Registered BlockManager BlockManagerId(driver, 0.0.0.0, 34779, None)
[2025-03-13T08:42:39.833+0000] {ssh.py:531} WARNING - 25/03/13 08:42:39 INFO BlockManager: Initialized BlockManager: BlockManagerId(driver, 0.0.0.0, 34779, None)
[2025-03-13T08:42:40.535+0000] {ssh.py:531} WARNING - 25/03/13 08:42:40 INFO SharedState: Setting hive.metastore.warehouse.dir ('null') to the value of spark.sql.warehouse.dir.
[2025-03-13T08:42:40.545+0000] {ssh.py:531} WARNING - 25/03/13 08:42:40 INFO SharedState: Warehouse path is 'file:/home/ubuntu/spark-warehouse'.
[2025-03-13T08:42:41.718+0000] {ssh.py:531} WARNING - 25/03/13 08:42:41 WARN MetricsConfig: Cannot locate configuration: tried hadoop-metrics2-s3a-file-system.properties,hadoop-metrics2.properties
[2025-03-13T08:42:41.739+0000] {ssh.py:531} WARNING - 25/03/13 08:42:41 INFO MetricsSystemImpl: Scheduled Metric snapshot period at 10 second(s).
[2025-03-13T08:42:41.739+0000] {ssh.py:531} WARNING - 25/03/13 08:42:41 INFO MetricsSystemImpl: s3a-file-system metrics system started
[2025-03-13T08:42:43.404+0000] {ssh.py:531} WARNING - 25/03/13 08:42:43 INFO InMemoryFileIndex: It took 142 ms to list leaf files for 1 paths.
[2025-03-13T08:42:43.566+0000] {ssh.py:531} WARNING - 25/03/13 08:42:43 INFO InMemoryFileIndex: It took 43 ms to list leaf files for 1 paths.
[2025-03-13T08:42:46.356+0000] {ssh.py:531} WARNING - 25/03/13 08:42:46 INFO FileSourceStrategy: Pushed Filters: 
[2025-03-13T08:42:46.362+0000] {ssh.py:531} WARNING - 25/03/13 08:42:46 INFO FileSourceStrategy: Post-Scan Filters: (length(trim(value#0, None)) > 0)
[2025-03-13T08:42:47.182+0000] {ssh.py:531} WARNING - 25/03/13 08:42:47 INFO CodeGenerator: Code generated in 271.02574 ms
[2025-03-13T08:42:47.258+0000] {ssh.py:531} WARNING - 25/03/13 08:42:47 INFO MemoryStore: Block broadcast_0 stored as values in memory (estimated size 200.5 KiB, free 434.2 MiB)
[2025-03-13T08:42:47.372+0000] {ssh.py:531} WARNING - 25/03/13 08:42:47 INFO MemoryStore: Block broadcast_0_piece0 stored as bytes in memory (estimated size 34.7 KiB, free 434.2 MiB)
[2025-03-13T08:42:47.375+0000] {ssh.py:531} WARNING - 25/03/13 08:42:47 INFO BlockManagerInfo: Added broadcast_0_piece0 in memory on 0.0.0.0:34779 (size: 34.7 KiB, free: 434.4 MiB)
[2025-03-13T08:42:47.387+0000] {ssh.py:531} WARNING - 25/03/13 08:42:47 INFO SparkContext: Created broadcast 0 from csv at NativeMethodAccessorImpl.java:0
[2025-03-13T08:42:47.430+0000] {ssh.py:531} WARNING - 25/03/13 08:42:47 INFO FileSourceScanExec: Planning scan with bin packing, max size: 4194304 bytes, open cost is considered as scanning 4194304 bytes.
[2025-03-13T08:42:47.628+0000] {ssh.py:531} WARNING - 25/03/13 08:42:47 INFO SparkContext: Starting job: csv at NativeMethodAccessorImpl.java:0
[2025-03-13T08:42:47.662+0000] {ssh.py:531} WARNING - 25/03/13 08:42:47 INFO DAGScheduler: Got job 0 (csv at NativeMethodAccessorImpl.java:0) with 1 output partitions
[2025-03-13T08:42:47.663+0000] {ssh.py:531} WARNING - 25/03/13 08:42:47 INFO DAGScheduler: Final stage: ResultStage 0 (csv at NativeMethodAccessorImpl.java:0)
[2025-03-13T08:42:47.663+0000] {ssh.py:531} WARNING - 25/03/13 08:42:47 INFO DAGScheduler: Parents of final stage: List()
[2025-03-13T08:42:47.664+0000] {ssh.py:531} WARNING - 25/03/13 08:42:47 INFO DAGScheduler: Missing parents: List()
[2025-03-13T08:42:47.673+0000] {ssh.py:531} WARNING - 25/03/13 08:42:47 INFO DAGScheduler: Submitting ResultStage 0 (MapPartitionsRDD[3] at csv at NativeMethodAccessorImpl.java:0), which has no missing parents
[2025-03-13T08:42:47.832+0000] {ssh.py:531} WARNING - 25/03/13 08:42:47 INFO MemoryStore: Block broadcast_1 stored as values in memory (estimated size 13.5 KiB, free 434.2 MiB)
[2025-03-13T08:42:47.857+0000] {ssh.py:531} WARNING - 25/03/13 08:42:47 INFO MemoryStore: Block broadcast_1_piece0 stored as bytes in memory (estimated size 6.4 KiB, free 434.2 MiB)
[2025-03-13T08:42:47.857+0000] {ssh.py:531} WARNING - 25/03/13 08:42:47 INFO BlockManagerInfo: Added broadcast_1_piece0 in memory on 0.0.0.0:34779 (size: 6.4 KiB, free: 434.4 MiB)
[2025-03-13T08:42:47.859+0000] {ssh.py:531} WARNING - 25/03/13 08:42:47 INFO SparkContext: Created broadcast 1 from broadcast at DAGScheduler.scala:1585
[2025-03-13T08:42:47.916+0000] {ssh.py:531} WARNING - 25/03/13 08:42:47 INFO DAGScheduler: Submitting 1 missing tasks from ResultStage 0 (MapPartitionsRDD[3] at csv at NativeMethodAccessorImpl.java:0) (first 15 tasks are for partitions Vector(0))
[2025-03-13T08:42:47.921+0000] {ssh.py:531} WARNING - 25/03/13 08:42:47 INFO TaskSchedulerImpl: Adding task set 0.0 with 1 tasks resource profile 0
[2025-03-13T08:42:48.039+0000] {ssh.py:531} WARNING - 25/03/13 08:42:48 INFO TaskSetManager: Starting task 0.0 in stage 0.0 (TID 0) (ip-172-31-12-182.ap-northeast-2.compute.internal, executor driver, partition 0, PROCESS_LOCAL, 9640 bytes) 
[2025-03-13T08:42:48.075+0000] {ssh.py:531} WARNING - 25/03/13 08:42:48 INFO Executor: Running task 0.0 in stage 0.0 (TID 0)
[2025-03-13T08:42:48.293+0000] {ssh.py:531} WARNING - 25/03/13 08:42:48 INFO CodeGenerator: Code generated in 20.239074 ms
[2025-03-13T08:42:48.299+0000] {ssh.py:531} WARNING - 25/03/13 08:42:48 INFO FileScanRDD: Reading File path: s3a://de5-finalproj-team2/crawl/2025-03-13/crawl_result_processed_20250313.csv, range: 0-1155389, partition values: [empty row]
[2025-03-13T08:42:48.337+0000] {ssh.py:531} WARNING - 25/03/13 08:42:48 INFO CodeGenerator: Code generated in 28.333182 ms
[2025-03-13T08:42:48.454+0000] {ssh.py:531} WARNING - 25/03/13 08:42:48 INFO LineRecordReader: Found UTF-8 BOM and skipped it
[2025-03-13T08:42:48.486+0000] {ssh.py:531} WARNING - 25/03/13 08:42:48 INFO Executor: Finished task 0.0 in stage 0.0 (TID 0). 1713 bytes result sent to driver
[2025-03-13T08:42:48.495+0000] {ssh.py:531} WARNING - 25/03/13 08:42:48 INFO TaskSetManager: Finished task 0.0 in stage 0.0 (TID 0) in 480 ms on ip-172-31-12-182.ap-northeast-2.compute.internal (executor driver) (1/1)
[2025-03-13T08:42:48.497+0000] {ssh.py:531} WARNING - 25/03/13 08:42:48 INFO TaskSchedulerImpl: Removed TaskSet 0.0, whose tasks have all completed, from pool 
[2025-03-13T08:42:48.503+0000] {ssh.py:531} WARNING - 25/03/13 08:42:48 INFO DAGScheduler: ResultStage 0 (csv at NativeMethodAccessorImpl.java:0) finished in 0.791 s
[2025-03-13T08:42:48.506+0000] {ssh.py:531} WARNING - 25/03/13 08:42:48 INFO DAGScheduler: Job 0 is finished. Cancelling potential speculative or zombie tasks for this job
[2025-03-13T08:42:48.508+0000] {ssh.py:531} WARNING - 25/03/13 08:42:48 INFO TaskSchedulerImpl: Killing all running tasks in stage 0: Stage finished
[2025-03-13T08:42:48.508+0000] {ssh.py:531} WARNING - 25/03/13 08:42:48 INFO DAGScheduler: Job 0 finished: csv at NativeMethodAccessorImpl.java:0, took 0.879138 s
[2025-03-13T08:42:48.528+0000] {ssh.py:531} WARNING - 25/03/13 08:42:48 INFO CodeGenerator: Code generated in 8.358868 ms
[2025-03-13T08:42:48.572+0000] {ssh.py:531} WARNING - 25/03/13 08:42:48 INFO FileSourceStrategy: Pushed Filters: 
[2025-03-13T08:42:48.573+0000] {ssh.py:531} WARNING - 25/03/13 08:42:48 INFO FileSourceStrategy: Post-Scan Filters: 
[2025-03-13T08:42:48.578+0000] {ssh.py:531} WARNING - 25/03/13 08:42:48 INFO MemoryStore: Block broadcast_2 stored as values in memory (estimated size 200.5 KiB, free 434.0 MiB)
[2025-03-13T08:42:48.615+0000] {ssh.py:531} WARNING - 25/03/13 08:42:48 INFO MemoryStore: Block broadcast_2_piece0 stored as bytes in memory (estimated size 34.7 KiB, free 433.9 MiB)
[2025-03-13T08:42:48.624+0000] {ssh.py:531} WARNING - 25/03/13 08:42:48 INFO BlockManagerInfo: Added broadcast_2_piece0 in memory on 0.0.0.0:34779 (size: 34.7 KiB, free: 434.3 MiB)
[2025-03-13T08:42:48.626+0000] {ssh.py:531} WARNING - 25/03/13 08:42:48 INFO SparkContext: Created broadcast 2 from csv at NativeMethodAccessorImpl.java:0
[2025-03-13T08:42:48.628+0000] {ssh.py:531} WARNING - 25/03/13 08:42:48 INFO FileSourceScanExec: Planning scan with bin packing, max size: 4194304 bytes, open cost is considered as scanning 4194304 bytes.
[2025-03-13T08:42:48.658+0000] {ssh.py:531} WARNING - 25/03/13 08:42:48 INFO BlockManagerInfo: Removed broadcast_1_piece0 on 0.0.0.0:34779 in memory (size: 6.4 KiB, free: 434.3 MiB)
[2025-03-13T08:42:49.083+0000] {ssh.py:531} WARNING - 25/03/13 08:42:49 INFO FileSourceStrategy: Pushed Filters: 
[2025-03-13T08:42:49.084+0000] {ssh.py:531} WARNING - 25/03/13 08:42:49 INFO FileSourceStrategy: Post-Scan Filters: 
[2025-03-13T08:42:49.578+0000] {ssh.py:531} WARNING - 25/03/13 08:42:49 INFO ParquetUtils: Using default output committer for Parquet: org.apache.parquet.hadoop.ParquetOutputCommitter
[2025-03-13T08:42:49.599+0000] {ssh.py:531} WARNING - 25/03/13 08:42:49 INFO FileOutputCommitter: File Output Committer Algorithm version is 1
[2025-03-13T08:42:49.599+0000] {ssh.py:531} WARNING - 25/03/13 08:42:49 INFO FileOutputCommitter: FileOutputCommitter skip cleanup _temporary folders under output directory:false, ignore cleanup failures: false
[2025-03-13T08:42:49.600+0000] {ssh.py:531} WARNING - 25/03/13 08:42:49 INFO SQLHadoopMapReduceCommitProtocol: Using user defined output committer class org.apache.parquet.hadoop.ParquetOutputCommitter
[2025-03-13T08:42:49.600+0000] {ssh.py:531} WARNING - 25/03/13 08:42:49 INFO FileOutputCommitter: File Output Committer Algorithm version is 1
[2025-03-13T08:42:49.600+0000] {ssh.py:531} WARNING - 25/03/13 08:42:49 INFO FileOutputCommitter: FileOutputCommitter skip cleanup _temporary folders under output directory:false, ignore cleanup failures: false
[2025-03-13T08:42:49.603+0000] {ssh.py:531} WARNING - 25/03/13 08:42:49 INFO SQLHadoopMapReduceCommitProtocol: Using output committer class org.apache.parquet.hadoop.ParquetOutputCommitter
[2025-03-13T08:42:49.912+0000] {ssh.py:531} WARNING - 25/03/13 08:42:49 INFO CodeGenerator: Code generated in 23.499036 ms
[2025-03-13T08:42:49.914+0000] {ssh.py:531} WARNING - 25/03/13 08:42:49 INFO MemoryStore: Block broadcast_3 stored as values in memory (estimated size 200.4 KiB, free 433.7 MiB)
[2025-03-13T08:42:49.927+0000] {ssh.py:531} WARNING - 25/03/13 08:42:49 INFO MemoryStore: Block broadcast_3_piece0 stored as bytes in memory (estimated size 34.6 KiB, free 433.7 MiB)
[2025-03-13T08:42:49.928+0000] {ssh.py:531} WARNING - 25/03/13 08:42:49 INFO BlockManagerInfo: Added broadcast_3_piece0 in memory on 0.0.0.0:34779 (size: 34.6 KiB, free: 434.3 MiB)
[2025-03-13T08:42:49.928+0000] {ssh.py:531} WARNING - 25/03/13 08:42:49 INFO SparkContext: Created broadcast 3 from parquet at NativeMethodAccessorImpl.java:0
[2025-03-13T08:42:49.936+0000] {ssh.py:531} WARNING - 25/03/13 08:42:49 INFO FileSourceScanExec: Planning scan with bin packing, max size: 4194304 bytes, open cost is considered as scanning 4194304 bytes.
[2025-03-13T08:42:49.948+0000] {ssh.py:531} WARNING - 25/03/13 08:42:49 INFO SparkContext: Starting job: parquet at NativeMethodAccessorImpl.java:0
[2025-03-13T08:42:49.948+0000] {ssh.py:531} WARNING - 25/03/13 08:42:49 INFO DAGScheduler: Got job 1 (parquet at NativeMethodAccessorImpl.java:0) with 1 output partitions
[2025-03-13T08:42:49.949+0000] {ssh.py:531} WARNING - 25/03/13 08:42:49 INFO DAGScheduler: Final stage: ResultStage 1 (parquet at NativeMethodAccessorImpl.java:0)
[2025-03-13T08:42:49.949+0000] {ssh.py:531} WARNING - 25/03/13 08:42:49 INFO DAGScheduler: Parents of final stage: List()
[2025-03-13T08:42:49.949+0000] {ssh.py:531} WARNING - 25/03/13 08:42:49 INFO DAGScheduler: Missing parents: List()
[2025-03-13T08:42:49.951+0000] {ssh.py:531} WARNING - 25/03/13 08:42:49 INFO DAGScheduler: Submitting ResultStage 1 (MapPartitionsRDD[13] at parquet at NativeMethodAccessorImpl.java:0), which has no missing parents
[2025-03-13T08:42:49.986+0000] {ssh.py:531} WARNING - 25/03/13 08:42:49 INFO MemoryStore: Block broadcast_4 stored as values in memory (estimated size 223.0 KiB, free 433.5 MiB)
[2025-03-13T08:42:50.014+0000] {ssh.py:531} WARNING - 25/03/13 08:42:50 INFO MemoryStore: Block broadcast_4_piece0 stored as bytes in memory (estimated size 80.0 KiB, free 433.4 MiB)
[2025-03-13T08:42:50.014+0000] {ssh.py:531} WARNING - 25/03/13 08:42:50 INFO BlockManagerInfo: Added broadcast_4_piece0 in memory on 0.0.0.0:34779 (size: 80.0 KiB, free: 434.2 MiB)
[2025-03-13T08:42:50.015+0000] {ssh.py:531} WARNING - 25/03/13 08:42:50 INFO SparkContext: Created broadcast 4 from broadcast at DAGScheduler.scala:1585
[2025-03-13T08:42:50.018+0000] {ssh.py:531} WARNING - 25/03/13 08:42:50 INFO DAGScheduler: Submitting 1 missing tasks from ResultStage 1 (MapPartitionsRDD[13] at parquet at NativeMethodAccessorImpl.java:0) (first 15 tasks are for partitions Vector(0))
[2025-03-13T08:42:50.018+0000] {ssh.py:531} WARNING - 25/03/13 08:42:50 INFO TaskSchedulerImpl: Adding task set 1.0 with 1 tasks resource profile 0
[2025-03-13T08:42:50.020+0000] {ssh.py:531} WARNING - 25/03/13 08:42:50 INFO BlockManagerInfo: Removed broadcast_0_piece0 on 0.0.0.0:34779 in memory (size: 34.7 KiB, free: 434.3 MiB)
[2025-03-13T08:42:50.023+0000] {ssh.py:531} WARNING - 25/03/13 08:42:50 INFO TaskSetManager: Starting task 0.0 in stage 1.0 (TID 1) (ip-172-31-12-182.ap-northeast-2.compute.internal, executor driver, partition 0, PROCESS_LOCAL, 9640 bytes) 
[2025-03-13T08:42:50.024+0000] {ssh.py:531} WARNING - 25/03/13 08:42:50 INFO Executor: Running task 0.0 in stage 1.0 (TID 1)
[2025-03-13T08:42:50.207+0000] {ssh.py:531} WARNING - 25/03/13 08:42:50 INFO CodeGenerator: Code generated in 81.4547 ms
[2025-03-13T08:42:50.213+0000] {ssh.py:531} WARNING - 25/03/13 08:42:50 INFO FileOutputCommitter: File Output Committer Algorithm version is 1
[2025-03-13T08:42:50.213+0000] {ssh.py:531} WARNING - 25/03/13 08:42:50 INFO FileOutputCommitter: FileOutputCommitter skip cleanup _temporary folders under output directory:false, ignore cleanup failures: false
[2025-03-13T08:42:50.213+0000] {ssh.py:531} WARNING - 25/03/13 08:42:50 INFO SQLHadoopMapReduceCommitProtocol: Using user defined output committer class org.apache.parquet.hadoop.ParquetOutputCommitter
[2025-03-13T08:42:50.213+0000] {ssh.py:531} WARNING - 25/03/13 08:42:50 INFO FileOutputCommitter: File Output Committer Algorithm version is 1
[2025-03-13T08:42:50.214+0000] {ssh.py:531} WARNING - 25/03/13 08:42:50 INFO FileOutputCommitter: FileOutputCommitter skip cleanup _temporary folders under output directory:false, ignore cleanup failures: false
[2025-03-13T08:42:50.214+0000] {ssh.py:531} WARNING - 25/03/13 08:42:50 INFO SQLHadoopMapReduceCommitProtocol: Using output committer class org.apache.parquet.hadoop.ParquetOutputCommitter
[2025-03-13T08:42:50.219+0000] {ssh.py:531} WARNING - 25/03/13 08:42:50 INFO CodecConfig: Compression: SNAPPY
[2025-03-13T08:42:50.222+0000] {ssh.py:531} WARNING - 25/03/13 08:42:50 INFO CodecConfig: Compression: SNAPPY
[2025-03-13T08:42:50.246+0000] {ssh.py:531} WARNING - 25/03/13 08:42:50 INFO ParquetOutputFormat: ParquetRecordWriter [block size: 134217728b, row group padding size: 8388608b, validating: false]
[2025-03-13T08:42:50.281+0000] {ssh.py:531} WARNING - 25/03/13 08:42:50 INFO ParquetWriteSupport: Initialized Parquet WriteSupport with Catalyst schema:
[2025-03-13T08:42:50.281+0000] {ssh.py:531} WARNING - {
[2025-03-13T08:42:50.281+0000] {ssh.py:531} WARNING -   "type" : "struct",
[2025-03-13T08:42:50.281+0000] {ssh.py:531} WARNING -   "fields" : [ {
[2025-03-13T08:42:50.281+0000] {ssh.py:531} WARNING -     "name" : "ranking",
[2025-03-13T08:42:50.282+0000] {ssh.py:531} WARNING -     "type" : "string",
[2025-03-13T08:42:50.282+0000] {ssh.py:531} WARNING -     "nullable" : true,
[2025-03-13T08:42:50.282+0000] {ssh.py:531} WARNING -     "metadata" : { }
[2025-03-13T08:42:50.282+0000] {ssh.py:531} WARNING -   }, {
[2025-03-13T08:42:50.282+0000] {ssh.py:531} WARNING -     "name" : "division_id",
[2025-03-13T08:42:50.282+0000] {ssh.py:531} WARNING -     "type" : "string",
[2025-03-13T08:42:50.282+0000] {ssh.py:531} WARNING -     "nullable" : true,
[2025-03-13T08:42:50.282+0000] {ssh.py:531} WARNING -     "metadata" : { }
[2025-03-13T08:42:50.283+0000] {ssh.py:531} WARNING -   }, {
[2025-03-13T08:42:50.283+0000] {ssh.py:531} WARNING -     "name" : "gamer_nickname",
[2025-03-13T08:42:50.283+0000] {ssh.py:531} WARNING -     "type" : "string",
[2025-03-13T08:42:50.283+0000] {ssh.py:531} WARNING -     "nullable" : true,
[2025-03-13T08:42:50.283+0000] {ssh.py:531} WARNING -     "metadata" : { }
[2025-03-13T08:42:50.283+0000] {ssh.py:531} WARNING -   }, {
[2025-03-13T08:42:50.283+0000] {ssh.py:531} WARNING -     "name" : "level",
[2025-03-13T08:42:50.283+0000] {ssh.py:531} WARNING -     "type" : "string",
[2025-03-13T08:42:50.283+0000] {ssh.py:531} WARNING -     "nullable" : true,
[2025-03-13T08:42:50.284+0000] {ssh.py:531} WARNING -     "metadata" : { }
[2025-03-13T08:42:50.284+0000] {ssh.py:531} WARNING -   }, {
[2025-03-13T08:42:50.284+0000] {ssh.py:531} WARNING -     "name" : "team_worth",
[2025-03-13T08:42:50.284+0000] {ssh.py:531} WARNING -     "type" : "string",
[2025-03-13T08:42:50.284+0000] {ssh.py:531} WARNING -     "nullable" : true,
[2025-03-13T08:42:50.284+0000] {ssh.py:531} WARNING -     "metadata" : { }
[2025-03-13T08:42:50.284+0000] {ssh.py:531} WARNING -   }, {
[2025-03-13T08:42:50.284+0000] {ssh.py:531} WARNING -     "name" : "points",
[2025-03-13T08:42:50.284+0000] {ssh.py:531} WARNING -     "type" : "string",
[2025-03-13T08:42:50.285+0000] {ssh.py:531} WARNING -     "nullable" : true,
[2025-03-13T08:42:50.285+0000] {ssh.py:531} WARNING -     "metadata" : { }
[2025-03-13T08:42:50.285+0000] {ssh.py:531} WARNING -   }, {
[2025-03-13T08:42:50.285+0000] {ssh.py:531} WARNING -     "name" : "winning_rate",
[2025-03-13T08:42:50.285+0000] {ssh.py:531} WARNING -     "type" : "string",
[2025-03-13T08:42:50.285+0000] {ssh.py:531} WARNING -     "nullable" : true,
[2025-03-13T08:42:50.285+0000] {ssh.py:531} WARNING -     "metadata" : { }
[2025-03-13T08:42:50.285+0000] {ssh.py:531} WARNING -   }, {
[2025-03-13T08:42:50.285+0000] {ssh.py:531} WARNING -     "name" : "team_name",
[2025-03-13T08:42:50.286+0000] {ssh.py:531} WARNING -     "type" : "string",
[2025-03-13T08:42:50.286+0000] {ssh.py:531} WARNING -     "nullable" : true,
[2025-03-13T08:42:50.286+0000] {ssh.py:531} WARNING -     "metadata" : { }
[2025-03-13T08:42:50.286+0000] {ssh.py:531} WARNING -   }, {
[2025-03-13T08:42:50.286+0000] {ssh.py:531} WARNING -     "name" : "formation",
[2025-03-13T08:42:50.286+0000] {ssh.py:531} WARNING -     "type" : "string",
[2025-03-13T08:42:50.286+0000] {ssh.py:531} WARNING -     "nullable" : true,
[2025-03-13T08:42:50.286+0000] {ssh.py:531} WARNING -     "metadata" : { }
[2025-03-13T08:42:50.287+0000] {ssh.py:531} WARNING -   }, {
[2025-03-13T08:42:50.287+0000] {ssh.py:531} WARNING -     "name" : "created_at",
[2025-03-13T08:42:50.287+0000] {ssh.py:531} WARNING -     "type" : "string",
[2025-03-13T08:42:50.287+0000] {ssh.py:531} WARNING -     "nullable" : true,
[2025-03-13T08:42:50.287+0000] {ssh.py:531} WARNING -     "metadata" : { }
[2025-03-13T08:42:50.287+0000] {ssh.py:531} WARNING -   }, {
[2025-03-13T08:42:50.287+0000] {ssh.py:531} WARNING -     "name" : "total_win",
[2025-03-13T08:42:50.287+0000] {ssh.py:531} WARNING -     "type" : "string",
[2025-03-13T08:42:50.287+0000] {ssh.py:531} WARNING -     "nullable" : true,
[2025-03-13T08:42:50.288+0000] {ssh.py:531} WARNING -     "metadata" : { }
[2025-03-13T08:42:50.288+0000] {ssh.py:531} WARNING -   }, {
[2025-03-13T08:42:50.288+0000] {ssh.py:531} WARNING -     "name" : "total_draw",
[2025-03-13T08:42:50.288+0000] {ssh.py:531} WARNING -     "type" : "string",
[2025-03-13T08:42:50.288+0000] {ssh.py:531} WARNING -     "nullable" : true,
[2025-03-13T08:42:50.288+0000] {ssh.py:531} WARNING -     "metadata" : { }
[2025-03-13T08:42:50.288+0000] {ssh.py:531} WARNING -   }, {
[2025-03-13T08:42:50.288+0000] {ssh.py:531} WARNING -     "name" : "total_lose",
[2025-03-13T08:42:50.288+0000] {ssh.py:531} WARNING -     "type" : "string",
[2025-03-13T08:42:50.289+0000] {ssh.py:531} WARNING -     "nullable" : true,
[2025-03-13T08:42:50.289+0000] {ssh.py:531} WARNING -     "metadata" : { }
[2025-03-13T08:42:50.289+0000] {ssh.py:531} WARNING -   } ]
[2025-03-13T08:42:50.289+0000] {ssh.py:531} WARNING - }
[2025-03-13T08:42:50.289+0000] {ssh.py:531} WARNING - and corresponding Parquet message type:
[2025-03-13T08:42:50.289+0000] {ssh.py:531} WARNING - message spark_schema {
[2025-03-13T08:42:50.289+0000] {ssh.py:531} WARNING -   optional binary ranking (STRING);
[2025-03-13T08:42:50.289+0000] {ssh.py:531} WARNING -   optional binary division_id (STRING);
[2025-03-13T08:42:50.289+0000] {ssh.py:531} WARNING -   optional binary gamer_nickname (STRING);
[2025-03-13T08:42:50.290+0000] {ssh.py:531} WARNING -   optional binary level (STRING);
[2025-03-13T08:42:50.290+0000] {ssh.py:531} WARNING -   optional binary team_worth (STRING);
[2025-03-13T08:42:50.290+0000] {ssh.py:531} WARNING -   optional binary points (STRING);
[2025-03-13T08:42:50.290+0000] {ssh.py:531} WARNING -   optional binary winning_rate (STRING);
[2025-03-13T08:42:50.290+0000] {ssh.py:531} WARNING -   optional binary team_name (STRING);
[2025-03-13T08:42:50.290+0000] {ssh.py:531} WARNING -   optional binary formation (STRING);
[2025-03-13T08:42:50.290+0000] {ssh.py:531} WARNING -   optional binary created_at (STRING);
[2025-03-13T08:42:50.290+0000] {ssh.py:531} WARNING -   optional binary total_win (STRING);
[2025-03-13T08:42:50.291+0000] {ssh.py:531} WARNING -   optional binary total_draw (STRING);
[2025-03-13T08:42:50.291+0000] {ssh.py:531} WARNING -   optional binary total_lose (STRING);
[2025-03-13T08:42:50.291+0000] {ssh.py:531} WARNING - }
[2025-03-13T08:42:50.291+0000] {ssh.py:531} WARNING - 
[2025-03-13T08:42:50.291+0000] {ssh.py:531} WARNING -        
[2025-03-13T08:42:50.430+0000] {ssh.py:531} WARNING - 25/03/13 08:42:50 INFO CodecPool: Got brand-new compressor [.snappy]
[2025-03-13T08:42:50.651+0000] {ssh.py:531} WARNING - 25/03/13 08:42:50 INFO FileScanRDD: Reading File path: s3a://de5-finalproj-team2/crawl/2025-03-13/crawl_result_processed_20250313.csv, range: 0-1155389, partition values: [empty row]
[2025-03-13T08:42:50.681+0000] {ssh.py:531} WARNING - 25/03/13 08:42:50 INFO BlockManagerInfo: Removed broadcast_2_piece0 on 0.0.0.0:34779 in memory (size: 34.7 KiB, free: 434.3 MiB)
[2025-03-13T08:42:50.714+0000] {ssh.py:531} WARNING - 25/03/13 08:42:50 INFO CodeGenerator: Code generated in 37.077156 ms
[2025-03-13T08:42:50.769+0000] {ssh.py:531} WARNING - 25/03/13 08:42:50 INFO LineRecordReader: Found UTF-8 BOM and skipped it
[2025-03-13T08:42:52.432+0000] {ssh.py:531} WARNING - 25/03/13 08:42:52 INFO FileOutputCommitter: Saved output of task 'attempt_20250313084249960104487650358712_0001_m_000000_1' to s3a://de5-finalproj-team2/analytics/ranking_info/2025-03-13/ranking_info_data.parquet/_temporary/0/task_20250313084249960104487650358712_0001_m_000000
[2025-03-13T08:42:52.433+0000] {ssh.py:531} WARNING - 25/03/13 08:42:52 INFO SparkHadoopMapRedUtil: attempt_20250313084249960104487650358712_0001_m_000000_1: Committed. Elapsed time: 679 ms.
[2025-03-13T08:42:52.479+0000] {ssh.py:531} WARNING - 25/03/13 08:42:52 INFO Executor: Finished task 0.0 in stage 1.0 (TID 1). 2613 bytes result sent to driver
[2025-03-13T08:42:52.485+0000] {ssh.py:531} WARNING - 25/03/13 08:42:52 INFO TaskSetManager: Finished task 0.0 in stage 1.0 (TID 1) in 2463 ms on ip-172-31-12-182.ap-northeast-2.compute.internal (executor driver) (1/1)
[2025-03-13T08:42:52.486+0000] {ssh.py:531} WARNING - 25/03/13 08:42:52 INFO TaskSchedulerImpl: Removed TaskSet 1.0, whose tasks have all completed, from pool 
[2025-03-13T08:42:52.487+0000] {ssh.py:531} WARNING - 25/03/13 08:42:52 INFO DAGScheduler: ResultStage 1 (parquet at NativeMethodAccessorImpl.java:0) finished in 2.535 s
[2025-03-13T08:42:52.487+0000] {ssh.py:531} WARNING - 25/03/13 08:42:52 INFO DAGScheduler: Job 1 is finished. Cancelling potential speculative or zombie tasks for this job
[2025-03-13T08:42:52.487+0000] {ssh.py:531} WARNING - 25/03/13 08:42:52 INFO TaskSchedulerImpl: Killing all running tasks in stage 1: Stage finished
[2025-03-13T08:42:52.487+0000] {ssh.py:531} WARNING - 25/03/13 08:42:52 INFO DAGScheduler: Job 1 finished: parquet at NativeMethodAccessorImpl.java:0, took 2.540499 s
[2025-03-13T08:42:52.497+0000] {ssh.py:531} WARNING - 25/03/13 08:42:52 INFO FileFormatWriter: Start to commit write Job 91175d96-324c-4fc5-ab09-2e6df61818bc.
[2025-03-13T08:42:53.422+0000] {ssh.py:531} WARNING - 25/03/13 08:42:53 INFO FileFormatWriter: Write Job 91175d96-324c-4fc5-ab09-2e6df61818bc committed. Elapsed time: 927 ms.
[2025-03-13T08:42:53.427+0000] {ssh.py:531} WARNING - 25/03/13 08:42:53 INFO FileFormatWriter: Finished processing stats for write job 91175d96-324c-4fc5-ab09-2e6df61818bc.
[2025-03-13T08:42:53.428+0000] {ssh.py:526} INFO - ✅ Parquet 파일 변환 완료!
[2025-03-13T08:42:53.475+0000] {ssh.py:531} WARNING - 25/03/13 08:42:53 INFO SparkContext: Invoking stop() from shutdown hook
[2025-03-13T08:42:53.476+0000] {ssh.py:531} WARNING - 25/03/13 08:42:53 INFO SparkContext: SparkContext is stopping with exitCode 0.
[2025-03-13T08:42:53.487+0000] {ssh.py:531} WARNING - 25/03/13 08:42:53 INFO SparkUI: Stopped Spark web UI at http://0.0.0.0:4040
[2025-03-13T08:42:53.505+0000] {ssh.py:531} WARNING - 25/03/13 08:42:53 INFO MapOutputTrackerMasterEndpoint: MapOutputTrackerMasterEndpoint stopped!
[2025-03-13T08:42:53.516+0000] {ssh.py:531} WARNING - 25/03/13 08:42:53 INFO MemoryStore: MemoryStore cleared
[2025-03-13T08:42:53.516+0000] {ssh.py:531} WARNING - 25/03/13 08:42:53 INFO BlockManager: BlockManager stopped
[2025-03-13T08:42:53.519+0000] {ssh.py:531} WARNING - 25/03/13 08:42:53 INFO BlockManagerMaster: BlockManagerMaster stopped
[2025-03-13T08:42:53.522+0000] {ssh.py:531} WARNING - 25/03/13 08:42:53 INFO OutputCommitCoordinator$OutputCommitCoordinatorEndpoint: OutputCommitCoordinator stopped!
[2025-03-13T08:42:53.529+0000] {ssh.py:531} WARNING - 25/03/13 08:42:53 INFO SparkContext: Successfully stopped SparkContext
[2025-03-13T08:42:53.529+0000] {ssh.py:531} WARNING - 25/03/13 08:42:53 INFO ShutdownHookManager: Shutdown hook called
[2025-03-13T08:42:53.529+0000] {ssh.py:531} WARNING - 25/03/13 08:42:53 INFO ShutdownHookManager: Deleting directory /tmp/spark-ee76731c-5e87-48c0-9a40-04640c08767b/pyspark-4eb70142-7031-4169-a193-be9d407ffe03
[2025-03-13T08:42:53.531+0000] {ssh.py:531} WARNING - 25/03/13 08:42:53 INFO ShutdownHookManager: Deleting directory /tmp/spark-ee76731c-5e87-48c0-9a40-04640c08767b
[2025-03-13T08:42:53.534+0000] {ssh.py:531} WARNING - 25/03/13 08:42:53 INFO ShutdownHookManager: Deleting directory /tmp/spark-3ceb1d02-3674-4a5d-8b8a-b849016c7edb
[2025-03-13T08:42:53.543+0000] {ssh.py:531} WARNING - 25/03/13 08:42:53 INFO MetricsSystemImpl: Stopping s3a-file-system metrics system...
[2025-03-13T08:42:53.544+0000] {ssh.py:531} WARNING - 25/03/13 08:42:53 INFO MetricsSystemImpl: s3a-file-system metrics system stopped.
[2025-03-13T08:42:53.544+0000] {ssh.py:531} WARNING - 25/03/13 08:42:53 INFO MetricsSystemImpl: s3a-file-system metrics system shutdown complete.
[2025-03-13T08:42:53.585+0000] {ssh.py:526} INFO - Spark Job Succeeded!
[2025-03-13T08:42:53.604+0000] {taskinstance.py:441} INFO - ::group::Post task execution logs
[2025-03-13T08:42:53.635+0000] {taskinstance.py:1206} INFO - Marking task as SUCCESS. dag_id=s3_csv_to_parquet_dag, task_id=submit_spark_via_ssh, run_id=scheduled__2025-03-12T01:37:00+00:00, execution_date=20250312T013700, start_date=20250313T084233, end_date=20250313T084253
[2025-03-13T08:42:53.666+0000] {local_task_job_runner.py:240} INFO - Task exited with return code 0
[2025-03-13T08:42:53.690+0000] {taskinstance.py:3498} INFO - 1 downstream tasks scheduled from follow-on schedule check
[2025-03-13T08:42:53.692+0000] {local_task_job_runner.py:222} INFO - ::endgroup::
