[2025-03-13T02:55:28.635+0000] {local_task_job_runner.py:120} INFO - ::group::Pre task execution logs
[2025-03-13T02:55:28.658+0000] {taskinstance.py:2076} INFO - Dependencies all met for dep_context=non-requeueable deps ti=<TaskInstance: parquet_to_redshift.s3_to_redshift_match_data manual__2025-03-13T02:55:26.872872+00:00 [queued]>
[2025-03-13T02:55:28.668+0000] {taskinstance.py:2076} INFO - Dependencies all met for dep_context=requeueable deps ti=<TaskInstance: parquet_to_redshift.s3_to_redshift_match_data manual__2025-03-13T02:55:26.872872+00:00 [queued]>
[2025-03-13T02:55:28.668+0000] {taskinstance.py:2306} INFO - Starting attempt 1 of 2
[2025-03-13T02:55:28.682+0000] {taskinstance.py:2330} INFO - Executing <Task(S3ToRedshiftOperator): s3_to_redshift_match_data> on 2025-03-13 02:55:26.872872+00:00
[2025-03-13T02:55:28.688+0000] {standard_task_runner.py:63} INFO - Started process 10677 to run task
[2025-03-13T02:55:28.692+0000] {standard_task_runner.py:90} INFO - Running: ['***', 'tasks', 'run', 'parquet_to_redshift', 's3_to_redshift_match_data', 'manual__2025-03-13T02:55:26.872872+00:00', '--job-id', '119', '--raw', '--subdir', 'DAGS_FOLDER/match_info_redshift_dag.py', '--cfg-path', '/tmp/tmp4n917paa']
[2025-03-13T02:55:28.694+0000] {standard_task_runner.py:91} INFO - Job 119: Subtask s3_to_redshift_match_data
[2025-03-13T02:55:28.757+0000] {task_command.py:426} INFO - Running <TaskInstance: parquet_to_redshift.s3_to_redshift_match_data manual__2025-03-13T02:55:26.872872+00:00 [running]> on host a0d797a25898
[2025-03-13T02:55:28.879+0000] {taskinstance.py:2648} INFO - Exporting env vars: AIRFLOW_CTX_DAG_OWNER='***' AIRFLOW_CTX_DAG_ID='parquet_to_redshift' AIRFLOW_CTX_TASK_ID='s3_to_redshift_match_data' AIRFLOW_CTX_EXECUTION_DATE='2025-03-13T02:55:26.872872+00:00' AIRFLOW_CTX_TRY_NUMBER='1' AIRFLOW_CTX_DAG_RUN_ID='manual__2025-03-13T02:55:26.872872+00:00'
[2025-03-13T02:55:28.880+0000] {taskinstance.py:430} INFO - ::endgroup::
[2025-03-13T02:55:28.910+0000] {base.py:84} INFO - Using connection ID 's3_conn_team' for task execution.
[2025-03-13T02:55:28.922+0000] {base.py:84} INFO - Using connection ID 's3_conn_team' for task execution.
[2025-03-13T02:55:28.923+0000] {connection_wrapper.py:384} INFO - AWS Connection (conn_id='s3_conn_team', conn_type='aws') credentials retrieved from login and password.
[2025-03-13T02:55:28.935+0000] {s3_to_redshift.py:193} INFO - Executing COPY command...
[2025-03-13T02:55:28.949+0000] {base.py:84} INFO - Using connection ID 'redshift_conn_team' for task execution.
[2025-03-13T02:55:29.298+0000] {sql.py:470} INFO - Running statement: BEGIN;, parameters: None
[2025-03-13T02:55:29.304+0000] {sql.py:470} INFO - Running statement: DELETE FROM analytics.match_info;, parameters: None
[2025-03-13T02:55:29.419+0000] {sql.py:479} INFO - Rows affected: 17604
[2025-03-13T02:55:29.420+0000] {sql.py:470} INFO - Running statement: 
                    COPY analytics.match_info 
                    FROM 's3://de5-finalproj-team2/analytics/match_data/2025-03-12/'
                    credentials
                    'aws_access_key_id=AKIA4RRVVY55RK5T7HCV;aws_secret_access_key=***'
                    
                    FORMAT AS PARQUET;
        , parameters: None
[2025-03-13T02:55:29.818+0000] {sql.py:470} INFO - Running statement: COMMIT, parameters: None
[2025-03-13T02:55:29.878+0000] {s3_to_redshift.py:198} INFO - COPY command complete...
[2025-03-13T02:55:29.879+0000] {taskinstance.py:441} INFO - ::group::Post task execution logs
[2025-03-13T02:55:29.896+0000] {taskinstance.py:1206} INFO - Marking task as SUCCESS. dag_id=parquet_to_redshift, task_id=s3_to_redshift_match_data, run_id=manual__2025-03-13T02:55:26.872872+00:00, execution_date=20250313T025526, start_date=20250313T025528, end_date=20250313T025529
[2025-03-13T02:55:29.948+0000] {local_task_job_runner.py:240} INFO - Task exited with return code 0
[2025-03-13T02:55:29.971+0000] {taskinstance.py:3498} INFO - 0 downstream tasks scheduled from follow-on schedule check
[2025-03-13T02:55:29.973+0000] {local_task_job_runner.py:222} INFO - ::endgroup::
