[2025-03-11T07:43:21.778+0000] {local_task_job_runner.py:120} INFO - ::group::Pre task execution logs
[2025-03-11T07:43:21.812+0000] {taskinstance.py:2076} INFO - Dependencies all met for dep_context=non-requeueable deps ti=<TaskInstance: fetch_nexon_data_sequential.trigger_spark_match_info_task scheduled__2025-03-10T07:00:00+00:00 [queued]>
[2025-03-11T07:43:21.822+0000] {taskinstance.py:2076} INFO - Dependencies all met for dep_context=requeueable deps ti=<TaskInstance: fetch_nexon_data_sequential.trigger_spark_match_info_task scheduled__2025-03-10T07:00:00+00:00 [queued]>
[2025-03-11T07:43:21.822+0000] {taskinstance.py:2306} INFO - Starting attempt 1 of 1
[2025-03-11T07:43:21.991+0000] {taskinstance.py:2330} INFO - Executing <Task(TriggerDagRunOperator): trigger_spark_match_info_task> on 2025-03-10 07:00:00+00:00
[2025-03-11T07:43:21.999+0000] {standard_task_runner.py:63} INFO - Started process 14833 to run task
[2025-03-11T07:43:22.002+0000] {standard_task_runner.py:90} INFO - Running: ['***', 'tasks', 'run', 'fetch_nexon_data_sequential', 'trigger_spark_match_info_task', 'scheduled__2025-03-10T07:00:00+00:00', '--job-id', '58', '--raw', '--subdir', 'DAGS_FOLDER/collect_match_info_dag.py', '--cfg-path', '/tmp/tmpgcglfj56']
[2025-03-11T07:43:22.005+0000] {standard_task_runner.py:91} INFO - Job 58: Subtask trigger_spark_match_info_task
[2025-03-11T07:43:22.072+0000] {task_command.py:426} INFO - Running <TaskInstance: fetch_nexon_data_sequential.trigger_spark_match_info_task scheduled__2025-03-10T07:00:00+00:00 [running]> on host a0d797a25898
[2025-03-11T07:43:22.188+0000] {taskinstance.py:2648} INFO - Exporting env vars: AIRFLOW_CTX_DAG_OWNER='***' AIRFLOW_CTX_DAG_ID='fetch_nexon_data_sequential' AIRFLOW_CTX_TASK_ID='trigger_spark_match_info_task' AIRFLOW_CTX_EXECUTION_DATE='2025-03-10T07:00:00+00:00' AIRFLOW_CTX_TRY_NUMBER='1' AIRFLOW_CTX_DAG_RUN_ID='scheduled__2025-03-10T07:00:00+00:00'
[2025-03-11T07:43:22.190+0000] {taskinstance.py:430} INFO - ::endgroup::
[2025-03-11T07:43:23.976+0000] {trigger_dagrun.py:222} INFO - Waiting for submit_spark_job_v3 on 2025-03-11 07:43:22.205226+00:00 to become allowed state ['success'] ...
[2025-03-11T07:44:24.036+0000] {trigger_dagrun.py:222} INFO - Waiting for submit_spark_job_v3 on 2025-03-11 07:43:22.205226+00:00 to become allowed state ['success'] ...
[2025-03-11T07:45:24.054+0000] {trigger_dagrun.py:222} INFO - Waiting for submit_spark_job_v3 on 2025-03-11 07:43:22.205226+00:00 to become allowed state ['success'] ...
[2025-03-11T07:46:24.100+0000] {trigger_dagrun.py:222} INFO - Waiting for submit_spark_job_v3 on 2025-03-11 07:43:22.205226+00:00 to become allowed state ['success'] ...
[2025-03-11T07:47:24.168+0000] {trigger_dagrun.py:222} INFO - Waiting for submit_spark_job_v3 on 2025-03-11 07:43:22.205226+00:00 to become allowed state ['success'] ...
[2025-03-11T07:48:24.240+0000] {trigger_dagrun.py:222} INFO - Waiting for submit_spark_job_v3 on 2025-03-11 07:43:22.205226+00:00 to become allowed state ['success'] ...
[2025-03-11T07:49:24.287+0000] {trigger_dagrun.py:222} INFO - Waiting for submit_spark_job_v3 on 2025-03-11 07:43:22.205226+00:00 to become allowed state ['success'] ...
[2025-03-11T07:50:24.349+0000] {trigger_dagrun.py:222} INFO - Waiting for submit_spark_job_v3 on 2025-03-11 07:43:22.205226+00:00 to become allowed state ['success'] ...
[2025-03-11T07:51:24.417+0000] {trigger_dagrun.py:222} INFO - Waiting for submit_spark_job_v3 on 2025-03-11 07:43:22.205226+00:00 to become allowed state ['success'] ...
[2025-03-11T07:52:24.485+0000] {trigger_dagrun.py:222} INFO - Waiting for submit_spark_job_v3 on 2025-03-11 07:43:22.205226+00:00 to become allowed state ['success'] ...
[2025-03-11T07:53:24.558+0000] {trigger_dagrun.py:222} INFO - Waiting for submit_spark_job_v3 on 2025-03-11 07:43:22.205226+00:00 to become allowed state ['success'] ...
[2025-03-11T07:54:24.629+0000] {trigger_dagrun.py:222} INFO - Waiting for submit_spark_job_v3 on 2025-03-11 07:43:22.205226+00:00 to become allowed state ['success'] ...
[2025-03-11T07:55:24.686+0000] {trigger_dagrun.py:222} INFO - Waiting for submit_spark_job_v3 on 2025-03-11 07:43:22.205226+00:00 to become allowed state ['success'] ...
[2025-03-11T07:56:24.759+0000] {trigger_dagrun.py:222} INFO - Waiting for submit_spark_job_v3 on 2025-03-11 07:43:22.205226+00:00 to become allowed state ['success'] ...
[2025-03-11T07:57:24.825+0000] {taskinstance.py:441} INFO - ::group::Post task execution logs
[2025-03-11T07:57:24.840+0000] {taskinstance.py:2905} ERROR - Task failed with exception
Traceback (most recent call last):
  File "/home/airflow/.local/lib/python3.9/site-packages/airflow/models/taskinstance.py", line 465, in _execute_task
    result = _execute_callable(context=context, **execute_callable_kwargs)
  File "/home/airflow/.local/lib/python3.9/site-packages/airflow/models/taskinstance.py", line 432, in _execute_callable
    return execute_callable(context=context, **execute_callable_kwargs)
  File "/home/airflow/.local/lib/python3.9/site-packages/airflow/models/baseoperator.py", line 400, in wrapper
    return func(self, *args, **kwargs)
  File "/home/airflow/.local/lib/python3.9/site-packages/airflow/operators/trigger_dagrun.py", line 233, in execute
    raise AirflowException(f"{self.trigger_dag_id} failed with failed states {state}")
airflow.exceptions.AirflowException: submit_spark_job_v3 failed with failed states failed
[2025-03-11T07:57:24.844+0000] {taskinstance.py:1206} INFO - Marking task as FAILED. dag_id=fetch_nexon_data_sequential, task_id=trigger_spark_match_info_task, run_id=scheduled__2025-03-10T07:00:00+00:00, execution_date=20250310T070000, start_date=20250311T074321, end_date=20250311T075724
[2025-03-11T07:57:24.857+0000] {standard_task_runner.py:110} ERROR - Failed to execute job 58 for task trigger_spark_match_info_task (submit_spark_job_v3 failed with failed states failed; 14833)
[2025-03-11T07:57:24.877+0000] {local_task_job_runner.py:240} INFO - Task exited with return code 1
[2025-03-11T07:57:24.898+0000] {taskinstance.py:3498} INFO - 0 downstream tasks scheduled from follow-on schedule check
[2025-03-11T07:57:24.900+0000] {local_task_job_runner.py:222} INFO - ::endgroup::
