[2025-03-12T08:51:51.927+0000] {local_task_job_runner.py:120} INFO - ::group::Pre task execution logs
[2025-03-12T08:51:51.963+0000] {taskinstance.py:2076} INFO - Dependencies all met for dep_context=non-requeueable deps ti=<TaskInstance: fetch_nexon_data_sequential.trigger_spark_match_info_task scheduled__2025-03-11T07:00:00+00:00 [queued]>
[2025-03-12T08:51:51.973+0000] {taskinstance.py:2076} INFO - Dependencies all met for dep_context=requeueable deps ti=<TaskInstance: fetch_nexon_data_sequential.trigger_spark_match_info_task scheduled__2025-03-11T07:00:00+00:00 [queued]>
[2025-03-12T08:51:51.973+0000] {taskinstance.py:2306} INFO - Starting attempt 1 of 1
[2025-03-12T08:51:52.142+0000] {taskinstance.py:2330} INFO - Executing <Task(TriggerDagRunOperator): trigger_spark_match_info_task> on 2025-03-11 07:00:00+00:00
[2025-03-12T08:51:52.150+0000] {standard_task_runner.py:63} INFO - Started process 21945 to run task
[2025-03-12T08:51:52.153+0000] {standard_task_runner.py:90} INFO - Running: ['***', 'tasks', 'run', 'fetch_nexon_data_sequential', 'trigger_spark_match_info_task', 'scheduled__2025-03-11T07:00:00+00:00', '--job-id', '77', '--raw', '--subdir', 'DAGS_FOLDER/collect_match_info_dag.py', '--cfg-path', '/tmp/tmpcsml_o01']
[2025-03-12T08:51:52.156+0000] {standard_task_runner.py:91} INFO - Job 77: Subtask trigger_spark_match_info_task
[2025-03-12T08:51:52.221+0000] {task_command.py:426} INFO - Running <TaskInstance: fetch_nexon_data_sequential.trigger_spark_match_info_task scheduled__2025-03-11T07:00:00+00:00 [running]> on host a0d797a25898
[2025-03-12T08:51:52.339+0000] {taskinstance.py:2648} INFO - Exporting env vars: AIRFLOW_CTX_DAG_OWNER='***' AIRFLOW_CTX_DAG_ID='fetch_nexon_data_sequential' AIRFLOW_CTX_TASK_ID='trigger_spark_match_info_task' AIRFLOW_CTX_EXECUTION_DATE='2025-03-11T07:00:00+00:00' AIRFLOW_CTX_TRY_NUMBER='1' AIRFLOW_CTX_DAG_RUN_ID='scheduled__2025-03-11T07:00:00+00:00'
[2025-03-12T08:51:52.341+0000] {taskinstance.py:430} INFO - ::endgroup::
[2025-03-12T08:51:54.421+0000] {trigger_dagrun.py:222} INFO - Waiting for submit_spark_job_v3 on 2025-03-12 08:51:52.356741+00:00 to become allowed state ['success'] ...
[2025-03-12T08:52:54.493+0000] {trigger_dagrun.py:222} INFO - Waiting for submit_spark_job_v3 on 2025-03-12 08:51:52.356741+00:00 to become allowed state ['success'] ...
[2025-03-12T08:53:54.566+0000] {trigger_dagrun.py:222} INFO - Waiting for submit_spark_job_v3 on 2025-03-12 08:51:52.356741+00:00 to become allowed state ['success'] ...
[2025-03-12T08:54:54.620+0000] {trigger_dagrun.py:222} INFO - Waiting for submit_spark_job_v3 on 2025-03-12 08:51:52.356741+00:00 to become allowed state ['success'] ...
[2025-03-12T08:55:54.685+0000] {trigger_dagrun.py:222} INFO - Waiting for submit_spark_job_v3 on 2025-03-12 08:51:52.356741+00:00 to become allowed state ['success'] ...
[2025-03-12T08:56:54.742+0000] {trigger_dagrun.py:222} INFO - Waiting for submit_spark_job_v3 on 2025-03-12 08:51:52.356741+00:00 to become allowed state ['success'] ...
[2025-03-12T08:57:54.774+0000] {trigger_dagrun.py:222} INFO - Waiting for submit_spark_job_v3 on 2025-03-12 08:51:52.356741+00:00 to become allowed state ['success'] ...
[2025-03-12T08:58:54.831+0000] {trigger_dagrun.py:222} INFO - Waiting for submit_spark_job_v3 on 2025-03-12 08:51:52.356741+00:00 to become allowed state ['success'] ...
[2025-03-12T08:59:54.903+0000] {trigger_dagrun.py:222} INFO - Waiting for submit_spark_job_v3 on 2025-03-12 08:51:52.356741+00:00 to become allowed state ['success'] ...
[2025-03-12T09:00:54.947+0000] {trigger_dagrun.py:222} INFO - Waiting for submit_spark_job_v3 on 2025-03-12 08:51:52.356741+00:00 to become allowed state ['success'] ...
[2025-03-12T09:01:55.020+0000] {trigger_dagrun.py:222} INFO - Waiting for submit_spark_job_v3 on 2025-03-12 08:51:52.356741+00:00 to become allowed state ['success'] ...
[2025-03-12T09:02:55.074+0000] {trigger_dagrun.py:222} INFO - Waiting for submit_spark_job_v3 on 2025-03-12 08:51:52.356741+00:00 to become allowed state ['success'] ...
[2025-03-12T09:03:55.145+0000] {trigger_dagrun.py:222} INFO - Waiting for submit_spark_job_v3 on 2025-03-12 08:51:52.356741+00:00 to become allowed state ['success'] ...
[2025-03-12T09:04:55.194+0000] {trigger_dagrun.py:222} INFO - Waiting for submit_spark_job_v3 on 2025-03-12 08:51:52.356741+00:00 to become allowed state ['success'] ...
[2025-03-12T09:05:55.255+0000] {trigger_dagrun.py:222} INFO - Waiting for submit_spark_job_v3 on 2025-03-12 08:51:52.356741+00:00 to become allowed state ['success'] ...
[2025-03-12T09:06:55.307+0000] {trigger_dagrun.py:222} INFO - Waiting for submit_spark_job_v3 on 2025-03-12 08:51:52.356741+00:00 to become allowed state ['success'] ...
[2025-03-12T09:07:55.360+0000] {trigger_dagrun.py:222} INFO - Waiting for submit_spark_job_v3 on 2025-03-12 08:51:52.356741+00:00 to become allowed state ['success'] ...
[2025-03-12T09:08:55.438+0000] {trigger_dagrun.py:222} INFO - Waiting for submit_spark_job_v3 on 2025-03-12 08:51:52.356741+00:00 to become allowed state ['success'] ...
[2025-03-12T09:09:55.480+0000] {trigger_dagrun.py:222} INFO - Waiting for submit_spark_job_v3 on 2025-03-12 08:51:52.356741+00:00 to become allowed state ['success'] ...
[2025-03-12T09:10:55.546+0000] {trigger_dagrun.py:222} INFO - Waiting for submit_spark_job_v3 on 2025-03-12 08:51:52.356741+00:00 to become allowed state ['success'] ...
[2025-03-12T09:11:55.590+0000] {trigger_dagrun.py:222} INFO - Waiting for submit_spark_job_v3 on 2025-03-12 08:51:52.356741+00:00 to become allowed state ['success'] ...
[2025-03-12T09:12:55.658+0000] {trigger_dagrun.py:222} INFO - Waiting for submit_spark_job_v3 on 2025-03-12 08:51:52.356741+00:00 to become allowed state ['success'] ...
[2025-03-12T09:13:55.714+0000] {trigger_dagrun.py:222} INFO - Waiting for submit_spark_job_v3 on 2025-03-12 08:51:52.356741+00:00 to become allowed state ['success'] ...
[2025-03-12T09:14:55.770+0000] {trigger_dagrun.py:222} INFO - Waiting for submit_spark_job_v3 on 2025-03-12 08:51:52.356741+00:00 to become allowed state ['success'] ...
[2025-03-12T09:15:55.823+0000] {trigger_dagrun.py:222} INFO - Waiting for submit_spark_job_v3 on 2025-03-12 08:51:52.356741+00:00 to become allowed state ['success'] ...
[2025-03-12T09:16:55.895+0000] {trigger_dagrun.py:222} INFO - Waiting for submit_spark_job_v3 on 2025-03-12 08:51:52.356741+00:00 to become allowed state ['success'] ...
[2025-03-12T09:17:55.919+0000] {trigger_dagrun.py:222} INFO - Waiting for submit_spark_job_v3 on 2025-03-12 08:51:52.356741+00:00 to become allowed state ['success'] ...
[2025-03-12T09:18:55.992+0000] {trigger_dagrun.py:222} INFO - Waiting for submit_spark_job_v3 on 2025-03-12 08:51:52.356741+00:00 to become allowed state ['success'] ...
[2025-03-12T09:19:56.046+0000] {trigger_dagrun.py:222} INFO - Waiting for submit_spark_job_v3 on 2025-03-12 08:51:52.356741+00:00 to become allowed state ['success'] ...
[2025-03-12T09:20:56.109+0000] {trigger_dagrun.py:222} INFO - Waiting for submit_spark_job_v3 on 2025-03-12 08:51:52.356741+00:00 to become allowed state ['success'] ...
[2025-03-12T09:21:56.173+0000] {trigger_dagrun.py:222} INFO - Waiting for submit_spark_job_v3 on 2025-03-12 08:51:52.356741+00:00 to become allowed state ['success'] ...
[2025-03-12T09:22:56.245+0000] {trigger_dagrun.py:222} INFO - Waiting for submit_spark_job_v3 on 2025-03-12 08:51:52.356741+00:00 to become allowed state ['success'] ...
[2025-03-12T09:23:56.317+0000] {trigger_dagrun.py:222} INFO - Waiting for submit_spark_job_v3 on 2025-03-12 08:51:52.356741+00:00 to become allowed state ['success'] ...
[2025-03-12T09:24:56.384+0000] {trigger_dagrun.py:222} INFO - Waiting for submit_spark_job_v3 on 2025-03-12 08:51:52.356741+00:00 to become allowed state ['success'] ...
[2025-03-12T09:25:56.452+0000] {trigger_dagrun.py:222} INFO - Waiting for submit_spark_job_v3 on 2025-03-12 08:51:52.356741+00:00 to become allowed state ['success'] ...
[2025-03-12T09:26:56.497+0000] {trigger_dagrun.py:222} INFO - Waiting for submit_spark_job_v3 on 2025-03-12 08:51:52.356741+00:00 to become allowed state ['success'] ...
[2025-03-12T09:27:56.557+0000] {trigger_dagrun.py:222} INFO - Waiting for submit_spark_job_v3 on 2025-03-12 08:51:52.356741+00:00 to become allowed state ['success'] ...
[2025-03-12T09:28:56.602+0000] {trigger_dagrun.py:222} INFO - Waiting for submit_spark_job_v3 on 2025-03-12 08:51:52.356741+00:00 to become allowed state ['success'] ...
[2025-03-12T09:29:56.669+0000] {trigger_dagrun.py:222} INFO - Waiting for submit_spark_job_v3 on 2025-03-12 08:51:52.356741+00:00 to become allowed state ['success'] ...
[2025-03-12T09:30:56.727+0000] {trigger_dagrun.py:222} INFO - Waiting for submit_spark_job_v3 on 2025-03-12 08:51:52.356741+00:00 to become allowed state ['success'] ...
[2025-03-12T09:31:56.783+0000] {trigger_dagrun.py:222} INFO - Waiting for submit_spark_job_v3 on 2025-03-12 08:51:52.356741+00:00 to become allowed state ['success'] ...
[2025-03-12T09:32:56.822+0000] {trigger_dagrun.py:222} INFO - Waiting for submit_spark_job_v3 on 2025-03-12 08:51:52.356741+00:00 to become allowed state ['success'] ...
[2025-03-12T09:33:56.895+0000] {trigger_dagrun.py:222} INFO - Waiting for submit_spark_job_v3 on 2025-03-12 08:51:52.356741+00:00 to become allowed state ['success'] ...
[2025-03-12T09:34:56.951+0000] {trigger_dagrun.py:222} INFO - Waiting for submit_spark_job_v3 on 2025-03-12 08:51:52.356741+00:00 to become allowed state ['success'] ...
[2025-03-12T09:35:57.012+0000] {trigger_dagrun.py:222} INFO - Waiting for submit_spark_job_v3 on 2025-03-12 08:51:52.356741+00:00 to become allowed state ['success'] ...
[2025-03-12T09:36:57.086+0000] {trigger_dagrun.py:222} INFO - Waiting for submit_spark_job_v3 on 2025-03-12 08:51:52.356741+00:00 to become allowed state ['success'] ...
[2025-03-12T09:37:57.119+0000] {trigger_dagrun.py:222} INFO - Waiting for submit_spark_job_v3 on 2025-03-12 08:51:52.356741+00:00 to become allowed state ['success'] ...
[2025-03-12T09:38:57.198+0000] {trigger_dagrun.py:222} INFO - Waiting for submit_spark_job_v3 on 2025-03-12 08:51:52.356741+00:00 to become allowed state ['success'] ...
[2025-03-12T09:39:57.231+0000] {trigger_dagrun.py:222} INFO - Waiting for submit_spark_job_v3 on 2025-03-12 08:51:52.356741+00:00 to become allowed state ['success'] ...
[2025-03-12T09:40:57.271+0000] {trigger_dagrun.py:222} INFO - Waiting for submit_spark_job_v3 on 2025-03-12 08:51:52.356741+00:00 to become allowed state ['success'] ...
[2025-03-12T09:41:57.324+0000] {trigger_dagrun.py:222} INFO - Waiting for submit_spark_job_v3 on 2025-03-12 08:51:52.356741+00:00 to become allowed state ['success'] ...
[2025-03-12T09:42:57.372+0000] {trigger_dagrun.py:222} INFO - Waiting for submit_spark_job_v3 on 2025-03-12 08:51:52.356741+00:00 to become allowed state ['success'] ...
[2025-03-12T09:43:57.390+0000] {trigger_dagrun.py:222} INFO - Waiting for submit_spark_job_v3 on 2025-03-12 08:51:52.356741+00:00 to become allowed state ['success'] ...
[2025-03-12T09:44:57.456+0000] {trigger_dagrun.py:222} INFO - Waiting for submit_spark_job_v3 on 2025-03-12 08:51:52.356741+00:00 to become allowed state ['success'] ...
[2025-03-12T09:45:57.520+0000] {trigger_dagrun.py:222} INFO - Waiting for submit_spark_job_v3 on 2025-03-12 08:51:52.356741+00:00 to become allowed state ['success'] ...
[2025-03-12T09:46:57.561+0000] {trigger_dagrun.py:222} INFO - Waiting for submit_spark_job_v3 on 2025-03-12 08:51:52.356741+00:00 to become allowed state ['success'] ...
[2025-03-12T09:47:57.606+0000] {trigger_dagrun.py:222} INFO - Waiting for submit_spark_job_v3 on 2025-03-12 08:51:52.356741+00:00 to become allowed state ['success'] ...
[2025-03-12T09:48:57.642+0000] {trigger_dagrun.py:222} INFO - Waiting for submit_spark_job_v3 on 2025-03-12 08:51:52.356741+00:00 to become allowed state ['success'] ...
[2025-03-12T09:49:57.711+0000] {trigger_dagrun.py:222} INFO - Waiting for submit_spark_job_v3 on 2025-03-12 08:51:52.356741+00:00 to become allowed state ['success'] ...
[2025-03-12T09:50:57.783+0000] {trigger_dagrun.py:222} INFO - Waiting for submit_spark_job_v3 on 2025-03-12 08:51:52.356741+00:00 to become allowed state ['success'] ...
[2025-03-12T09:51:57.838+0000] {trigger_dagrun.py:222} INFO - Waiting for submit_spark_job_v3 on 2025-03-12 08:51:52.356741+00:00 to become allowed state ['success'] ...
[2025-03-12T09:52:57.910+0000] {trigger_dagrun.py:222} INFO - Waiting for submit_spark_job_v3 on 2025-03-12 08:51:52.356741+00:00 to become allowed state ['success'] ...
[2025-03-12T09:53:57.957+0000] {trigger_dagrun.py:222} INFO - Waiting for submit_spark_job_v3 on 2025-03-12 08:51:52.356741+00:00 to become allowed state ['success'] ...
[2025-03-12T09:54:58.018+0000] {trigger_dagrun.py:222} INFO - Waiting for submit_spark_job_v3 on 2025-03-12 08:51:52.356741+00:00 to become allowed state ['success'] ...
[2025-03-12T09:55:58.086+0000] {trigger_dagrun.py:222} INFO - Waiting for submit_spark_job_v3 on 2025-03-12 08:51:52.356741+00:00 to become allowed state ['success'] ...
[2025-03-12T09:56:58.147+0000] {trigger_dagrun.py:222} INFO - Waiting for submit_spark_job_v3 on 2025-03-12 08:51:52.356741+00:00 to become allowed state ['success'] ...
[2025-03-12T09:57:58.201+0000] {trigger_dagrun.py:222} INFO - Waiting for submit_spark_job_v3 on 2025-03-12 08:51:52.356741+00:00 to become allowed state ['success'] ...
[2025-03-12T09:58:58.262+0000] {trigger_dagrun.py:222} INFO - Waiting for submit_spark_job_v3 on 2025-03-12 08:51:52.356741+00:00 to become allowed state ['success'] ...
[2025-03-12T09:59:58.319+0000] {trigger_dagrun.py:222} INFO - Waiting for submit_spark_job_v3 on 2025-03-12 08:51:52.356741+00:00 to become allowed state ['success'] ...
[2025-03-12T10:00:58.392+0000] {trigger_dagrun.py:222} INFO - Waiting for submit_spark_job_v3 on 2025-03-12 08:51:52.356741+00:00 to become allowed state ['success'] ...
[2025-03-12T10:01:58.463+0000] {trigger_dagrun.py:222} INFO - Waiting for submit_spark_job_v3 on 2025-03-12 08:51:52.356741+00:00 to become allowed state ['success'] ...
[2025-03-12T10:02:58.497+0000] {trigger_dagrun.py:222} INFO - Waiting for submit_spark_job_v3 on 2025-03-12 08:51:52.356741+00:00 to become allowed state ['success'] ...
[2025-03-12T10:03:58.519+0000] {trigger_dagrun.py:222} INFO - Waiting for submit_spark_job_v3 on 2025-03-12 08:51:52.356741+00:00 to become allowed state ['success'] ...
[2025-03-12T10:04:58.589+0000] {trigger_dagrun.py:222} INFO - Waiting for submit_spark_job_v3 on 2025-03-12 08:51:52.356741+00:00 to become allowed state ['success'] ...
[2025-03-12T10:05:58.662+0000] {trigger_dagrun.py:222} INFO - Waiting for submit_spark_job_v3 on 2025-03-12 08:51:52.356741+00:00 to become allowed state ['success'] ...
[2025-03-12T10:06:58.702+0000] {trigger_dagrun.py:222} INFO - Waiting for submit_spark_job_v3 on 2025-03-12 08:51:52.356741+00:00 to become allowed state ['success'] ...
[2025-03-12T10:07:58.733+0000] {trigger_dagrun.py:222} INFO - Waiting for submit_spark_job_v3 on 2025-03-12 08:51:52.356741+00:00 to become allowed state ['success'] ...
[2025-03-12T10:08:58.766+0000] {trigger_dagrun.py:222} INFO - Waiting for submit_spark_job_v3 on 2025-03-12 08:51:52.356741+00:00 to become allowed state ['success'] ...
[2025-03-12T10:09:58.783+0000] {trigger_dagrun.py:222} INFO - Waiting for submit_spark_job_v3 on 2025-03-12 08:51:52.356741+00:00 to become allowed state ['success'] ...
[2025-03-12T10:10:58.861+0000] {trigger_dagrun.py:222} INFO - Waiting for submit_spark_job_v3 on 2025-03-12 08:51:52.356741+00:00 to become allowed state ['success'] ...
[2025-03-12T10:11:58.923+0000] {trigger_dagrun.py:222} INFO - Waiting for submit_spark_job_v3 on 2025-03-12 08:51:52.356741+00:00 to become allowed state ['success'] ...
[2025-03-12T10:12:58.978+0000] {trigger_dagrun.py:222} INFO - Waiting for submit_spark_job_v3 on 2025-03-12 08:51:52.356741+00:00 to become allowed state ['success'] ...
[2025-03-12T10:13:59.050+0000] {trigger_dagrun.py:222} INFO - Waiting for submit_spark_job_v3 on 2025-03-12 08:51:52.356741+00:00 to become allowed state ['success'] ...
[2025-03-12T10:14:59.080+0000] {trigger_dagrun.py:222} INFO - Waiting for submit_spark_job_v3 on 2025-03-12 08:51:52.356741+00:00 to become allowed state ['success'] ...
[2025-03-12T10:15:59.135+0000] {trigger_dagrun.py:222} INFO - Waiting for submit_spark_job_v3 on 2025-03-12 08:51:52.356741+00:00 to become allowed state ['success'] ...
[2025-03-12T10:16:59.172+0000] {trigger_dagrun.py:222} INFO - Waiting for submit_spark_job_v3 on 2025-03-12 08:51:52.356741+00:00 to become allowed state ['success'] ...
[2025-03-12T10:17:59.242+0000] {trigger_dagrun.py:222} INFO - Waiting for submit_spark_job_v3 on 2025-03-12 08:51:52.356741+00:00 to become allowed state ['success'] ...
[2025-03-12T10:18:59.315+0000] {trigger_dagrun.py:222} INFO - Waiting for submit_spark_job_v3 on 2025-03-12 08:51:52.356741+00:00 to become allowed state ['success'] ...
[2025-03-12T10:19:59.379+0000] {trigger_dagrun.py:222} INFO - Waiting for submit_spark_job_v3 on 2025-03-12 08:51:52.356741+00:00 to become allowed state ['success'] ...
[2025-03-12T10:20:59.427+0000] {trigger_dagrun.py:222} INFO - Waiting for submit_spark_job_v3 on 2025-03-12 08:51:52.356741+00:00 to become allowed state ['success'] ...
[2025-03-12T10:21:59.451+0000] {trigger_dagrun.py:222} INFO - Waiting for submit_spark_job_v3 on 2025-03-12 08:51:52.356741+00:00 to become allowed state ['success'] ...
[2025-03-12T10:22:59.527+0000] {trigger_dagrun.py:222} INFO - Waiting for submit_spark_job_v3 on 2025-03-12 08:51:52.356741+00:00 to become allowed state ['success'] ...
[2025-03-12T10:23:59.587+0000] {trigger_dagrun.py:222} INFO - Waiting for submit_spark_job_v3 on 2025-03-12 08:51:52.356741+00:00 to become allowed state ['success'] ...
[2025-03-12T10:24:59.638+0000] {trigger_dagrun.py:222} INFO - Waiting for submit_spark_job_v3 on 2025-03-12 08:51:52.356741+00:00 to become allowed state ['success'] ...
[2025-03-12T10:25:59.684+0000] {trigger_dagrun.py:222} INFO - Waiting for submit_spark_job_v3 on 2025-03-12 08:51:52.356741+00:00 to become allowed state ['success'] ...
[2025-03-12T10:26:59.756+0000] {trigger_dagrun.py:222} INFO - Waiting for submit_spark_job_v3 on 2025-03-12 08:51:52.356741+00:00 to become allowed state ['success'] ...
[2025-03-12T10:27:59.807+0000] {trigger_dagrun.py:222} INFO - Waiting for submit_spark_job_v3 on 2025-03-12 08:51:52.356741+00:00 to become allowed state ['success'] ...
[2025-03-12T10:28:59.879+0000] {trigger_dagrun.py:222} INFO - Waiting for submit_spark_job_v3 on 2025-03-12 08:51:52.356741+00:00 to become allowed state ['success'] ...
[2025-03-12T10:29:59.907+0000] {trigger_dagrun.py:222} INFO - Waiting for submit_spark_job_v3 on 2025-03-12 08:51:52.356741+00:00 to become allowed state ['success'] ...
[2025-03-12T10:30:59.969+0000] {trigger_dagrun.py:222} INFO - Waiting for submit_spark_job_v3 on 2025-03-12 08:51:52.356741+00:00 to become allowed state ['success'] ...
[2025-03-12T10:32:00.063+0000] {trigger_dagrun.py:222} INFO - Waiting for submit_spark_job_v3 on 2025-03-12 08:51:52.356741+00:00 to become allowed state ['success'] ...
[2025-03-12T10:33:00.103+0000] {trigger_dagrun.py:222} INFO - Waiting for submit_spark_job_v3 on 2025-03-12 08:51:52.356741+00:00 to become allowed state ['success'] ...
[2025-03-12T10:34:00.172+0000] {trigger_dagrun.py:222} INFO - Waiting for submit_spark_job_v3 on 2025-03-12 08:51:52.356741+00:00 to become allowed state ['success'] ...
[2025-03-12T10:35:00.196+0000] {trigger_dagrun.py:222} INFO - Waiting for submit_spark_job_v3 on 2025-03-12 08:51:52.356741+00:00 to become allowed state ['success'] ...
[2025-03-12T10:36:00.268+0000] {trigger_dagrun.py:222} INFO - Waiting for submit_spark_job_v3 on 2025-03-12 08:51:52.356741+00:00 to become allowed state ['success'] ...
[2025-03-12T10:37:00.340+0000] {trigger_dagrun.py:222} INFO - Waiting for submit_spark_job_v3 on 2025-03-12 08:51:52.356741+00:00 to become allowed state ['success'] ...
[2025-03-12T10:38:00.399+0000] {trigger_dagrun.py:222} INFO - Waiting for submit_spark_job_v3 on 2025-03-12 08:51:52.356741+00:00 to become allowed state ['success'] ...
[2025-03-12T10:39:00.438+0000] {trigger_dagrun.py:222} INFO - Waiting for submit_spark_job_v3 on 2025-03-12 08:51:52.356741+00:00 to become allowed state ['success'] ...
[2025-03-12T10:40:00.512+0000] {trigger_dagrun.py:222} INFO - Waiting for submit_spark_job_v3 on 2025-03-12 08:51:52.356741+00:00 to become allowed state ['success'] ...
[2025-03-12T10:41:00.535+0000] {trigger_dagrun.py:222} INFO - Waiting for submit_spark_job_v3 on 2025-03-12 08:51:52.356741+00:00 to become allowed state ['success'] ...
[2025-03-12T10:42:00.567+0000] {trigger_dagrun.py:222} INFO - Waiting for submit_spark_job_v3 on 2025-03-12 08:51:52.356741+00:00 to become allowed state ['success'] ...
[2025-03-12T10:43:00.619+0000] {trigger_dagrun.py:222} INFO - Waiting for submit_spark_job_v3 on 2025-03-12 08:51:52.356741+00:00 to become allowed state ['success'] ...
[2025-03-12T10:44:00.692+0000] {trigger_dagrun.py:222} INFO - Waiting for submit_spark_job_v3 on 2025-03-12 08:51:52.356741+00:00 to become allowed state ['success'] ...
[2025-03-12T10:45:00.725+0000] {trigger_dagrun.py:222} INFO - Waiting for submit_spark_job_v3 on 2025-03-12 08:51:52.356741+00:00 to become allowed state ['success'] ...
[2025-03-12T10:46:00.783+0000] {trigger_dagrun.py:222} INFO - Waiting for submit_spark_job_v3 on 2025-03-12 08:51:52.356741+00:00 to become allowed state ['success'] ...
[2025-03-12T10:47:00.838+0000] {trigger_dagrun.py:222} INFO - Waiting for submit_spark_job_v3 on 2025-03-12 08:51:52.356741+00:00 to become allowed state ['success'] ...
[2025-03-12T10:48:00.911+0000] {trigger_dagrun.py:222} INFO - Waiting for submit_spark_job_v3 on 2025-03-12 08:51:52.356741+00:00 to become allowed state ['success'] ...
[2025-03-12T10:49:00.937+0000] {trigger_dagrun.py:222} INFO - Waiting for submit_spark_job_v3 on 2025-03-12 08:51:52.356741+00:00 to become allowed state ['success'] ...
[2025-03-12T10:50:00.997+0000] {trigger_dagrun.py:222} INFO - Waiting for submit_spark_job_v3 on 2025-03-12 08:51:52.356741+00:00 to become allowed state ['success'] ...
[2025-03-12T10:51:01.066+0000] {trigger_dagrun.py:222} INFO - Waiting for submit_spark_job_v3 on 2025-03-12 08:51:52.356741+00:00 to become allowed state ['success'] ...
[2025-03-12T10:52:01.130+0000] {trigger_dagrun.py:222} INFO - Waiting for submit_spark_job_v3 on 2025-03-12 08:51:52.356741+00:00 to become allowed state ['success'] ...
[2025-03-12T10:53:01.200+0000] {trigger_dagrun.py:222} INFO - Waiting for submit_spark_job_v3 on 2025-03-12 08:51:52.356741+00:00 to become allowed state ['success'] ...
[2025-03-12T10:54:01.281+0000] {trigger_dagrun.py:222} INFO - Waiting for submit_spark_job_v3 on 2025-03-12 08:51:52.356741+00:00 to become allowed state ['success'] ...
[2025-03-12T10:55:01.369+0000] {trigger_dagrun.py:222} INFO - Waiting for submit_spark_job_v3 on 2025-03-12 08:51:52.356741+00:00 to become allowed state ['success'] ...
[2025-03-12T10:56:01.445+0000] {trigger_dagrun.py:222} INFO - Waiting for submit_spark_job_v3 on 2025-03-12 08:51:52.356741+00:00 to become allowed state ['success'] ...
[2025-03-12T10:57:01.493+0000] {trigger_dagrun.py:222} INFO - Waiting for submit_spark_job_v3 on 2025-03-12 08:51:52.356741+00:00 to become allowed state ['success'] ...
[2025-03-12T10:58:01.567+0000] {trigger_dagrun.py:222} INFO - Waiting for submit_spark_job_v3 on 2025-03-12 08:51:52.356741+00:00 to become allowed state ['success'] ...
[2025-03-12T10:59:01.638+0000] {trigger_dagrun.py:222} INFO - Waiting for submit_spark_job_v3 on 2025-03-12 08:51:52.356741+00:00 to become allowed state ['success'] ...
[2025-03-12T11:00:01.743+0000] {trigger_dagrun.py:222} INFO - Waiting for submit_spark_job_v3 on 2025-03-12 08:51:52.356741+00:00 to become allowed state ['success'] ...
[2025-03-12T11:01:01.798+0000] {trigger_dagrun.py:222} INFO - Waiting for submit_spark_job_v3 on 2025-03-12 08:51:52.356741+00:00 to become allowed state ['success'] ...
[2025-03-12T11:02:01.867+0000] {trigger_dagrun.py:235} INFO - submit_spark_job_v3 finished with allowed state success
[2025-03-12T11:02:01.868+0000] {taskinstance.py:441} INFO - ::group::Post task execution logs
[2025-03-12T11:02:01.906+0000] {taskinstance.py:1206} INFO - Marking task as SUCCESS. dag_id=fetch_nexon_data_sequential, task_id=trigger_spark_match_info_task, run_id=scheduled__2025-03-11T07:00:00+00:00, execution_date=20250311T070000, start_date=20250312T085151, end_date=20250312T110201
[2025-03-12T11:02:01.998+0000] {local_task_job_runner.py:240} INFO - Task exited with return code 0
[2025-03-12T11:02:02.037+0000] {taskinstance.py:3498} INFO - 0 downstream tasks scheduled from follow-on schedule check
[2025-03-12T11:02:02.040+0000] {local_task_job_runner.py:222} INFO - ::endgroup::
