[2025-03-14T01:44:47.019+0000] {local_task_job_runner.py:120} INFO - ::group::Pre task execution logs
[2025-03-14T01:44:47.055+0000] {taskinstance.py:2076} INFO - Dependencies all met for dep_context=non-requeueable deps ti=<TaskInstance: s3_csv_to_parquet_dag.submit_spark_via_ssh scheduled__2025-03-12T01:40:00+00:00 [queued]>
[2025-03-14T01:44:47.068+0000] {taskinstance.py:2076} INFO - Dependencies all met for dep_context=requeueable deps ti=<TaskInstance: s3_csv_to_parquet_dag.submit_spark_via_ssh scheduled__2025-03-12T01:40:00+00:00 [queued]>
[2025-03-14T01:44:47.068+0000] {taskinstance.py:2306} INFO - Starting attempt 3 of 4
[2025-03-14T01:44:47.083+0000] {taskinstance.py:2330} INFO - Executing <Task(SSHOperator): submit_spark_via_ssh> on 2025-03-12 01:40:00+00:00
[2025-03-14T01:44:47.090+0000] {standard_task_runner.py:63} INFO - Started process 6410 to run task
[2025-03-14T01:44:47.095+0000] {standard_task_runner.py:90} INFO - Running: ['***', 'tasks', 'run', 's3_csv_to_parquet_dag', 'submit_spark_via_ssh', 'scheduled__2025-03-12T01:40:00+00:00', '--job-id', '157', '--raw', '--subdir', 'DAGS_FOLDER/s3_csv_to_parquet_dag.py', '--cfg-path', '/tmp/tmp18_k4ps7']
[2025-03-14T01:44:47.097+0000] {standard_task_runner.py:91} INFO - Job 157: Subtask submit_spark_via_ssh
[2025-03-14T01:44:47.187+0000] {task_command.py:426} INFO - Running <TaskInstance: s3_csv_to_parquet_dag.submit_spark_via_ssh scheduled__2025-03-12T01:40:00+00:00 [running]> on host a0d797a25898
[2025-03-14T01:44:47.354+0000] {taskinstance.py:2648} INFO - Exporting env vars: AIRFLOW_CTX_DAG_OWNER='***' AIRFLOW_CTX_DAG_ID='s3_csv_to_parquet_dag' AIRFLOW_CTX_TASK_ID='submit_spark_via_ssh' AIRFLOW_CTX_EXECUTION_DATE='2025-03-12T01:40:00+00:00' AIRFLOW_CTX_TRY_NUMBER='3' AIRFLOW_CTX_DAG_RUN_ID='scheduled__2025-03-12T01:40:00+00:00'
[2025-03-14T01:44:47.355+0000] {taskinstance.py:430} INFO - ::endgroup::
[2025-03-14T01:44:47.373+0000] {ssh.py:151} INFO - Creating ssh_client
[2025-03-14T01:44:47.374+0000] {ssh.py:124} INFO - ssh_hook is not provided or invalid. Trying ssh_conn_id to create SSHHook.
[2025-03-14T01:44:47.391+0000] {base.py:84} INFO - Using connection ID 'spark_ssh_conn' for task execution.
[2025-03-14T01:44:47.392+0000] {ssh.py:301} WARNING - No Host Key Verification. This won't protect against Man-In-The-Middle attacks
[2025-03-14T01:44:47.396+0000] {transport.py:1909} INFO - Connected (version 2.0, client OpenSSH_9.6p1)
[2025-03-14T01:44:47.517+0000] {transport.py:1909} INFO - Authentication (publickey) successful!
[2025-03-14T01:44:47.518+0000] {ssh.py:480} INFO - Running command: 
    set -e
    echo "Starting Spark Job on 2025-03-13"
    /spark-3.5.3/bin/spark-submit /home/ubuntu/spark_scripts/rankingInfo_To_Parquet.py 2025-03-13
    exit_code=$?

    if [ $exit_code -ne 0 ]; then
        echo "Spark Job Failed! Check logs."
        exit 1
    else
        echo "Spark Job Succeeded!"
    fi
    
[2025-03-14T01:44:48.356+0000] {ssh.py:526} INFO - Starting Spark Job on 2025-03-13
[2025-03-14T01:44:52.933+0000] {ssh.py:531} WARNING - 25/03/14 01:44:52 INFO SparkContext: Running Spark version 3.5.3
[2025-03-14T01:44:52.936+0000] {ssh.py:531} WARNING - 25/03/14 01:44:52 INFO SparkContext: OS info Linux, 6.8.0-1024-aws, amd64
[2025-03-14T01:44:52.937+0000] {ssh.py:531} WARNING - 25/03/14 01:44:52 INFO SparkContext: Java version 11.0.26
[2025-03-14T01:44:53.078+0000] {ssh.py:531} WARNING - 25/03/14 01:44:52 WARN NativeCodeLoader: Unable to load native-hadoop library for your platform... using builtin-java classes where applicable
[2025-03-14T01:44:53.265+0000] {ssh.py:531} WARNING - 25/03/14 01:44:53 INFO ResourceUtils: ==============================================================
[2025-03-14T01:44:53.267+0000] {ssh.py:531} WARNING - 25/03/14 01:44:53 INFO ResourceUtils: No custom resources configured for spark.driver.
[2025-03-14T01:44:53.268+0000] {ssh.py:531} WARNING - 25/03/14 01:44:53 INFO ResourceUtils: ==============================================================
[2025-03-14T01:44:53.269+0000] {ssh.py:531} WARNING - 25/03/14 01:44:53 INFO SparkContext: Submitted application: S3_CSV_to_Parquet
[2025-03-14T01:44:53.299+0000] {ssh.py:531} WARNING - 25/03/14 01:44:53 INFO ResourceProfile: Default ResourceProfile created, executor resources: Map(cores -> name: cores, amount: 1, script: , vendor: , memory -> name: memory, amount: 1024, script: , vendor: , offHeap -> name: offHeap, amount: 0, script: , vendor: ), task resources: Map(cpus -> name: cpus, amount: 1.0)
[2025-03-14T01:44:53.321+0000] {ssh.py:531} WARNING - 25/03/14 01:44:53 INFO ResourceProfile: Limiting resource is cpu
[2025-03-14T01:44:53.322+0000] {ssh.py:531} WARNING - 25/03/14 01:44:53 INFO ResourceProfileManager: Added ResourceProfile id: 0
[2025-03-14T01:44:53.405+0000] {ssh.py:531} WARNING - 25/03/14 01:44:53 INFO SecurityManager: Changing view acls to: ubuntu
[2025-03-14T01:44:53.406+0000] {ssh.py:531} WARNING - 25/03/14 01:44:53 INFO SecurityManager: Changing modify acls to: ubuntu
[2025-03-14T01:44:53.407+0000] {ssh.py:531} WARNING - 25/03/14 01:44:53 INFO SecurityManager: Changing view acls groups to: 
[2025-03-14T01:44:53.407+0000] {ssh.py:531} WARNING - 25/03/14 01:44:53 INFO SecurityManager: Changing modify acls groups to: 
[2025-03-14T01:44:53.408+0000] {ssh.py:531} WARNING - 25/03/14 01:44:53 INFO SecurityManager: SecurityManager: authentication disabled; ui acls disabled; users with view permissions: ubuntu; groups with view permissions: EMPTY; users with modify permissions: ubuntu; groups with modify permissions: EMPTY
[2025-03-14T01:44:53.833+0000] {ssh.py:531} WARNING - 25/03/14 01:44:53 INFO Utils: Successfully started service 'sparkDriver' on port 41743.
[2025-03-14T01:44:53.921+0000] {ssh.py:531} WARNING - 25/03/14 01:44:53 INFO SparkEnv: Registering MapOutputTracker
[2025-03-14T01:44:53.963+0000] {ssh.py:531} WARNING - 25/03/14 01:44:53 INFO SparkEnv: Registering BlockManagerMaster
[2025-03-14T01:44:54.000+0000] {ssh.py:531} WARNING - 25/03/14 01:44:53 INFO BlockManagerMasterEndpoint: Using org.apache.spark.storage.DefaultTopologyMapper for getting topology information
[2025-03-14T01:44:54.001+0000] {ssh.py:531} WARNING - 25/03/14 01:44:53 INFO BlockManagerMasterEndpoint: BlockManagerMasterEndpoint up
[2025-03-14T01:44:54.013+0000] {ssh.py:531} WARNING - 25/03/14 01:44:53 INFO SparkEnv: Registering BlockManagerMasterHeartbeat
[2025-03-14T01:44:54.063+0000] {ssh.py:531} WARNING - 25/03/14 01:44:53 INFO DiskBlockManager: Created local directory at /tmp/blockmgr-4f426790-237f-46f5-b6cb-35e34d6415ed
[2025-03-14T01:44:54.088+0000] {ssh.py:531} WARNING - 25/03/14 01:44:53 INFO MemoryStore: MemoryStore started with capacity 434.4 MiB
[2025-03-14T01:44:54.113+0000] {ssh.py:531} WARNING - 25/03/14 01:44:53 INFO SparkEnv: Registering OutputCommitCoordinator
[2025-03-14T01:44:54.373+0000] {ssh.py:531} WARNING - 25/03/14 01:44:54 INFO JettyUtils: Start Jetty 0.0.0.0:4040 for SparkUI
[2025-03-14T01:44:54.462+0000] {ssh.py:531} WARNING - 25/03/14 01:44:54 INFO Utils: Successfully started service 'SparkUI' on port 4040.
[2025-03-14T01:44:54.664+0000] {ssh.py:531} WARNING - 25/03/14 01:44:54 INFO Executor: Starting executor ID driver on host ip-172-31-12-182.ap-northeast-2.compute.internal
[2025-03-14T01:44:54.664+0000] {ssh.py:531} WARNING - 25/03/14 01:44:54 INFO Executor: OS info Linux, 6.8.0-1024-aws, amd64
[2025-03-14T01:44:54.665+0000] {ssh.py:531} WARNING - 25/03/14 01:44:54 INFO Executor: Java version 11.0.26
[2025-03-14T01:44:54.679+0000] {ssh.py:531} WARNING - 25/03/14 01:44:54 INFO Executor: Starting executor with user classpath (userClassPathFirst = false): ''
[2025-03-14T01:44:54.679+0000] {ssh.py:531} WARNING - 25/03/14 01:44:54 INFO Executor: Created or updated repl class loader org.apache.spark.util.MutableURLClassLoader@151605ed for default.
[2025-03-14T01:44:54.725+0000] {ssh.py:531} WARNING - 25/03/14 01:44:54 INFO Utils: Successfully started service 'org.apache.spark.network.netty.NettyBlockTransferService' on port 40099.
[2025-03-14T01:44:54.725+0000] {ssh.py:531} WARNING - 25/03/14 01:44:54 INFO NettyBlockTransferService: Server created on 0.0.0.0:40099
[2025-03-14T01:44:54.732+0000] {ssh.py:531} WARNING - 25/03/14 01:44:54 INFO BlockManager: Using org.apache.spark.storage.RandomBlockReplicationPolicy for block replication policy
[2025-03-14T01:44:54.749+0000] {ssh.py:531} WARNING - 25/03/14 01:44:54 INFO BlockManagerMaster: Registering BlockManager BlockManagerId(driver, 0.0.0.0, 40099, None)
[2025-03-14T01:44:54.765+0000] {ssh.py:531} WARNING - 25/03/14 01:44:54 INFO BlockManagerMasterEndpoint: Registering block manager 0.0.0.0:40099 with 434.4 MiB RAM, BlockManagerId(driver, 0.0.0.0, 40099, None)
[2025-03-14T01:44:54.769+0000] {ssh.py:531} WARNING - 25/03/14 01:44:54 INFO BlockManagerMaster: Registered BlockManager BlockManagerId(driver, 0.0.0.0, 40099, None)
[2025-03-14T01:44:54.771+0000] {ssh.py:531} WARNING - 25/03/14 01:44:54 INFO BlockManager: Initialized BlockManager: BlockManagerId(driver, 0.0.0.0, 40099, None)
[2025-03-14T01:44:55.679+0000] {ssh.py:531} WARNING - 25/03/14 01:44:55 INFO SharedState: Setting hive.metastore.warehouse.dir ('null') to the value of spark.sql.warehouse.dir.
[2025-03-14T01:44:55.693+0000] {ssh.py:531} WARNING - 25/03/14 01:44:55 INFO SharedState: Warehouse path is 'file:/home/ubuntu/spark-warehouse'.
[2025-03-14T01:44:57.258+0000] {ssh.py:531} WARNING - 25/03/14 01:44:57 WARN MetricsConfig: Cannot locate configuration: tried hadoop-metrics2-s3a-file-system.properties,hadoop-metrics2.properties
[2025-03-14T01:44:57.286+0000] {ssh.py:531} WARNING - 25/03/14 01:44:57 INFO MetricsSystemImpl: Scheduled Metric snapshot period at 10 second(s).
[2025-03-14T01:44:57.287+0000] {ssh.py:531} WARNING - 25/03/14 01:44:57 INFO MetricsSystemImpl: s3a-file-system metrics system started
[2025-03-14T01:44:59.460+0000] {ssh.py:531} WARNING - 25/03/14 01:44:59 INFO InMemoryFileIndex: It took 158 ms to list leaf files for 1 paths.
[2025-03-14T01:44:59.663+0000] {ssh.py:531} WARNING - 25/03/14 01:44:59 INFO InMemoryFileIndex: It took 52 ms to list leaf files for 1 paths.
[2025-03-14T01:45:04.416+0000] {ssh.py:531} WARNING - 25/03/14 01:45:04 INFO FileSourceStrategy: Pushed Filters: 
[2025-03-14T01:45:04.427+0000] {ssh.py:531} WARNING - 25/03/14 01:45:04 INFO FileSourceStrategy: Post-Scan Filters: (length(trim(value#0, None)) > 0)
[2025-03-14T01:45:05.617+0000] {ssh.py:531} WARNING - 25/03/14 01:45:05 INFO CodeGenerator: Code generated in 421.118099 ms
[2025-03-14T01:45:05.751+0000] {ssh.py:531} WARNING - 25/03/14 01:45:05 INFO MemoryStore: Block broadcast_0 stored as values in memory (estimated size 200.5 KiB, free 434.2 MiB)
[2025-03-14T01:45:05.845+0000] {ssh.py:531} WARNING - 25/03/14 01:45:05 INFO MemoryStore: Block broadcast_0_piece0 stored as bytes in memory (estimated size 34.7 KiB, free 434.2 MiB)
[2025-03-14T01:45:05.848+0000] {ssh.py:531} WARNING - 25/03/14 01:45:05 INFO BlockManagerInfo: Added broadcast_0_piece0 in memory on 0.0.0.0:40099 (size: 34.7 KiB, free: 434.4 MiB)
[2025-03-14T01:45:05.856+0000] {ssh.py:531} WARNING - 25/03/14 01:45:05 INFO SparkContext: Created broadcast 0 from csv at NativeMethodAccessorImpl.java:0
[2025-03-14T01:45:05.875+0000] {ssh.py:531} WARNING - 25/03/14 01:45:05 INFO FileSourceScanExec: Planning scan with bin packing, max size: 4194304 bytes, open cost is considered as scanning 4194304 bytes.
[2025-03-14T01:45:06.140+0000] {ssh.py:531} WARNING - 25/03/14 01:45:05 INFO SparkContext: Starting job: csv at NativeMethodAccessorImpl.java:0
[2025-03-14T01:45:06.167+0000] {ssh.py:531} WARNING - 25/03/14 01:45:06 INFO DAGScheduler: Got job 0 (csv at NativeMethodAccessorImpl.java:0) with 1 output partitions
[2025-03-14T01:45:06.167+0000] {ssh.py:531} WARNING - 25/03/14 01:45:06 INFO DAGScheduler: Final stage: ResultStage 0 (csv at NativeMethodAccessorImpl.java:0)
[2025-03-14T01:45:06.168+0000] {ssh.py:531} WARNING - 25/03/14 01:45:06 INFO DAGScheduler: Parents of final stage: List()
[2025-03-14T01:45:06.176+0000] {ssh.py:531} WARNING - 25/03/14 01:45:06 INFO DAGScheduler: Missing parents: List()
[2025-03-14T01:45:06.187+0000] {ssh.py:531} WARNING - 25/03/14 01:45:06 INFO DAGScheduler: Submitting ResultStage 0 (MapPartitionsRDD[3] at csv at NativeMethodAccessorImpl.java:0), which has no missing parents
[2025-03-14T01:45:06.339+0000] {ssh.py:531} WARNING - 25/03/14 01:45:06 INFO MemoryStore: Block broadcast_1 stored as values in memory (estimated size 13.5 KiB, free 434.2 MiB)
[2025-03-14T01:45:06.371+0000] {ssh.py:531} WARNING - 25/03/14 01:45:06 INFO MemoryStore: Block broadcast_1_piece0 stored as bytes in memory (estimated size 6.4 KiB, free 434.2 MiB)
[2025-03-14T01:45:06.372+0000] {ssh.py:531} WARNING - 25/03/14 01:45:06 INFO BlockManagerInfo: Added broadcast_1_piece0 in memory on 0.0.0.0:40099 (size: 6.4 KiB, free: 434.4 MiB)
[2025-03-14T01:45:06.375+0000] {ssh.py:531} WARNING - 25/03/14 01:45:06 INFO SparkContext: Created broadcast 1 from broadcast at DAGScheduler.scala:1585
[2025-03-14T01:45:06.433+0000] {ssh.py:531} WARNING - 25/03/14 01:45:06 INFO DAGScheduler: Submitting 1 missing tasks from ResultStage 0 (MapPartitionsRDD[3] at csv at NativeMethodAccessorImpl.java:0) (first 15 tasks are for partitions Vector(0))
[2025-03-14T01:45:06.437+0000] {ssh.py:531} WARNING - 25/03/14 01:45:06 INFO TaskSchedulerImpl: Adding task set 0.0 with 1 tasks resource profile 0
[2025-03-14T01:45:06.588+0000] {ssh.py:531} WARNING - 25/03/14 01:45:06 INFO TaskSetManager: Starting task 0.0 in stage 0.0 (TID 0) (ip-172-31-12-182.ap-northeast-2.compute.internal, executor driver, partition 0, PROCESS_LOCAL, 9640 bytes) 
[2025-03-14T01:45:06.629+0000] {ssh.py:531} WARNING - 25/03/14 01:45:06 INFO Executor: Running task 0.0 in stage 0.0 (TID 0)
[2025-03-14T01:45:06.824+0000] {ssh.py:531} WARNING - 25/03/14 01:45:06 INFO CodeGenerator: Code generated in 21.625227 ms
[2025-03-14T01:45:06.830+0000] {ssh.py:531} WARNING - 25/03/14 01:45:06 INFO FileScanRDD: Reading File path: s3a://de5-finalproj-team2/crawl/2025-03-14/crawl_result_processed_20250314.csv, range: 0-1154758, partition values: [empty row]
[2025-03-14T01:45:06.861+0000] {ssh.py:531} WARNING - 25/03/14 01:45:06 INFO CodeGenerator: Code generated in 22.906561 ms
[2025-03-14T01:45:07.141+0000] {ssh.py:531} WARNING - 25/03/14 01:45:06 INFO LineRecordReader: Found UTF-8 BOM and skipped it
[2025-03-14T01:45:07.197+0000] {ssh.py:531} WARNING - 25/03/14 01:45:07 INFO Executor: Finished task 0.0 in stage 0.0 (TID 0). 1713 bytes result sent to driver
[2025-03-14T01:45:07.217+0000] {ssh.py:531} WARNING - 25/03/14 01:45:07 INFO TaskSetManager: Finished task 0.0 in stage 0.0 (TID 0) in 647 ms on ip-172-31-12-182.ap-northeast-2.compute.internal (executor driver) (1/1)
[2025-03-14T01:45:07.222+0000] {ssh.py:531} WARNING - 25/03/14 01:45:07 INFO TaskSchedulerImpl: Removed TaskSet 0.0, whose tasks have all completed, from pool 
[2025-03-14T01:45:07.237+0000] {ssh.py:531} WARNING - 25/03/14 01:45:07 INFO DAGScheduler: ResultStage 0 (csv at NativeMethodAccessorImpl.java:0) finished in 1.018 s
[2025-03-14T01:45:07.249+0000] {ssh.py:531} WARNING - 25/03/14 01:45:07 INFO DAGScheduler: Job 0 is finished. Cancelling potential speculative or zombie tasks for this job
[2025-03-14T01:45:07.250+0000] {ssh.py:531} WARNING - 25/03/14 01:45:07 INFO TaskSchedulerImpl: Killing all running tasks in stage 0: Stage finished
[2025-03-14T01:45:07.257+0000] {ssh.py:531} WARNING - 25/03/14 01:45:07 INFO DAGScheduler: Job 0 finished: csv at NativeMethodAccessorImpl.java:0, took 1.114245 s
[2025-03-14T01:45:07.303+0000] {ssh.py:531} WARNING - 25/03/14 01:45:07 INFO CodeGenerator: Code generated in 17.749196 ms
[2025-03-14T01:45:07.399+0000] {ssh.py:531} WARNING - 25/03/14 01:45:07 INFO FileSourceStrategy: Pushed Filters: 
[2025-03-14T01:45:07.400+0000] {ssh.py:531} WARNING - 25/03/14 01:45:07 INFO FileSourceStrategy: Post-Scan Filters: 
[2025-03-14T01:45:07.413+0000] {ssh.py:531} WARNING - 25/03/14 01:45:07 INFO MemoryStore: Block broadcast_2 stored as values in memory (estimated size 200.5 KiB, free 434.0 MiB)
[2025-03-14T01:45:07.479+0000] {ssh.py:531} WARNING - 25/03/14 01:45:07 INFO MemoryStore: Block broadcast_2_piece0 stored as bytes in memory (estimated size 34.7 KiB, free 433.9 MiB)
[2025-03-14T01:45:07.488+0000] {ssh.py:531} WARNING - 25/03/14 01:45:07 INFO BlockManagerInfo: Added broadcast_2_piece0 in memory on 0.0.0.0:40099 (size: 34.7 KiB, free: 434.3 MiB)
[2025-03-14T01:45:07.491+0000] {ssh.py:531} WARNING - 25/03/14 01:45:07 INFO SparkContext: Created broadcast 2 from csv at NativeMethodAccessorImpl.java:0
[2025-03-14T01:45:07.498+0000] {ssh.py:531} WARNING - 25/03/14 01:45:07 INFO FileSourceScanExec: Planning scan with bin packing, max size: 4194304 bytes, open cost is considered as scanning 4194304 bytes.
[2025-03-14T01:45:07.514+0000] {ssh.py:531} WARNING - 25/03/14 01:45:07 INFO BlockManagerInfo: Removed broadcast_1_piece0 on 0.0.0.0:40099 in memory (size: 6.4 KiB, free: 434.3 MiB)
[2025-03-14T01:45:08.167+0000] {ssh.py:531} WARNING - 25/03/14 01:45:08 INFO FileSourceStrategy: Pushed Filters: 
[2025-03-14T01:45:08.168+0000] {ssh.py:531} WARNING - 25/03/14 01:45:08 INFO FileSourceStrategy: Post-Scan Filters: 
[2025-03-14T01:45:08.333+0000] {ssh.py:531} WARNING - 25/03/14 01:45:08 INFO ParquetUtils: Using default output committer for Parquet: org.apache.parquet.hadoop.ParquetOutputCommitter
[2025-03-14T01:45:08.360+0000] {ssh.py:531} WARNING - 25/03/14 01:45:08 INFO FileOutputCommitter: File Output Committer Algorithm version is 1
[2025-03-14T01:45:08.361+0000] {ssh.py:531} WARNING - 25/03/14 01:45:08 INFO FileOutputCommitter: FileOutputCommitter skip cleanup _temporary folders under output directory:false, ignore cleanup failures: false
[2025-03-14T01:45:08.362+0000] {ssh.py:531} WARNING - 25/03/14 01:45:08 INFO SQLHadoopMapReduceCommitProtocol: Using user defined output committer class org.apache.parquet.hadoop.ParquetOutputCommitter
[2025-03-14T01:45:08.366+0000] {ssh.py:531} WARNING - 25/03/14 01:45:08 INFO FileOutputCommitter: File Output Committer Algorithm version is 1
[2025-03-14T01:45:08.367+0000] {ssh.py:531} WARNING - 25/03/14 01:45:08 INFO FileOutputCommitter: FileOutputCommitter skip cleanup _temporary folders under output directory:false, ignore cleanup failures: false
[2025-03-14T01:45:08.367+0000] {ssh.py:531} WARNING - 25/03/14 01:45:08 INFO SQLHadoopMapReduceCommitProtocol: Using output committer class org.apache.parquet.hadoop.ParquetOutputCommitter
[2025-03-14T01:45:08.875+0000] {ssh.py:531} WARNING - 25/03/14 01:45:08 INFO CodeGenerator: Code generated in 35.240395 ms
[2025-03-14T01:45:08.881+0000] {ssh.py:531} WARNING - 25/03/14 01:45:08 INFO MemoryStore: Block broadcast_3 stored as values in memory (estimated size 200.4 KiB, free 433.7 MiB)
[2025-03-14T01:45:08.898+0000] {ssh.py:531} WARNING - 25/03/14 01:45:08 INFO MemoryStore: Block broadcast_3_piece0 stored as bytes in memory (estimated size 34.6 KiB, free 433.7 MiB)
[2025-03-14T01:45:08.901+0000] {ssh.py:531} WARNING - 25/03/14 01:45:08 INFO BlockManagerInfo: Added broadcast_3_piece0 in memory on 0.0.0.0:40099 (size: 34.6 KiB, free: 434.3 MiB)
[2025-03-14T01:45:08.903+0000] {ssh.py:531} WARNING - 25/03/14 01:45:08 INFO SparkContext: Created broadcast 3 from parquet at NativeMethodAccessorImpl.java:0
[2025-03-14T01:45:08.916+0000] {ssh.py:531} WARNING - 25/03/14 01:45:08 INFO FileSourceScanExec: Planning scan with bin packing, max size: 4194304 bytes, open cost is considered as scanning 4194304 bytes.
[2025-03-14T01:45:08.934+0000] {ssh.py:531} WARNING - 25/03/14 01:45:08 INFO SparkContext: Starting job: parquet at NativeMethodAccessorImpl.java:0
[2025-03-14T01:45:08.935+0000] {ssh.py:531} WARNING - 25/03/14 01:45:08 INFO DAGScheduler: Got job 1 (parquet at NativeMethodAccessorImpl.java:0) with 1 output partitions
[2025-03-14T01:45:08.936+0000] {ssh.py:531} WARNING - 25/03/14 01:45:08 INFO DAGScheduler: Final stage: ResultStage 1 (parquet at NativeMethodAccessorImpl.java:0)
[2025-03-14T01:45:08.936+0000] {ssh.py:531} WARNING - 25/03/14 01:45:08 INFO DAGScheduler: Parents of final stage: List()
[2025-03-14T01:45:08.939+0000] {ssh.py:531} WARNING - 25/03/14 01:45:08 INFO DAGScheduler: Missing parents: List()
[2025-03-14T01:45:08.940+0000] {ssh.py:531} WARNING - 25/03/14 01:45:08 INFO DAGScheduler: Submitting ResultStage 1 (MapPartitionsRDD[13] at parquet at NativeMethodAccessorImpl.java:0), which has no missing parents
[2025-03-14T01:45:09.001+0000] {ssh.py:531} WARNING - 25/03/14 01:45:08 INFO MemoryStore: Block broadcast_4 stored as values in memory (estimated size 223.0 KiB, free 433.5 MiB)
[2025-03-14T01:45:09.046+0000] {ssh.py:531} WARNING - 25/03/14 01:45:08 INFO MemoryStore: Block broadcast_4_piece0 stored as bytes in memory (estimated size 80.0 KiB, free 433.4 MiB)
[2025-03-14T01:45:09.049+0000] {ssh.py:531} WARNING - 25/03/14 01:45:08 INFO BlockManagerInfo: Added broadcast_4_piece0 in memory on 0.0.0.0:40099 (size: 80.0 KiB, free: 434.2 MiB)
[2025-03-14T01:45:09.052+0000] {ssh.py:531} WARNING - 25/03/14 01:45:08 INFO BlockManagerInfo: Removed broadcast_2_piece0 on 0.0.0.0:40099 in memory (size: 34.7 KiB, free: 434.3 MiB)
[2025-03-14T01:45:09.055+0000] {ssh.py:531} WARNING - 25/03/14 01:45:08 INFO SparkContext: Created broadcast 4 from broadcast at DAGScheduler.scala:1585
[2025-03-14T01:45:09.060+0000] {ssh.py:531} WARNING - 25/03/14 01:45:08 INFO DAGScheduler: Submitting 1 missing tasks from ResultStage 1 (MapPartitionsRDD[13] at parquet at NativeMethodAccessorImpl.java:0) (first 15 tasks are for partitions Vector(0))
[2025-03-14T01:45:09.061+0000] {ssh.py:531} WARNING - 25/03/14 01:45:08 INFO TaskSchedulerImpl: Adding task set 1.0 with 1 tasks resource profile 0
[2025-03-14T01:45:09.066+0000] {ssh.py:531} WARNING - 25/03/14 01:45:08 INFO TaskSetManager: Starting task 0.0 in stage 1.0 (TID 1) (ip-172-31-12-182.ap-northeast-2.compute.internal, executor driver, partition 0, PROCESS_LOCAL, 9640 bytes) 
[2025-03-14T01:45:09.068+0000] {ssh.py:531} WARNING - 25/03/14 01:45:08 INFO Executor: Running task 0.0 in stage 1.0 (TID 1)
[2025-03-14T01:45:09.075+0000] {ssh.py:531} WARNING - 25/03/14 01:45:08 INFO BlockManagerInfo: Removed broadcast_0_piece0 on 0.0.0.0:40099 in memory (size: 34.7 KiB, free: 434.3 MiB)
[2025-03-14T01:45:09.335+0000] {ssh.py:531} WARNING - 25/03/14 01:45:09 INFO CodeGenerator: Code generated in 133.020242 ms
[2025-03-14T01:45:09.338+0000] {ssh.py:531} WARNING - 25/03/14 01:45:09 INFO FileOutputCommitter: File Output Committer Algorithm version is 1
[2025-03-14T01:45:09.339+0000] {ssh.py:531} WARNING - 25/03/14 01:45:09 INFO FileOutputCommitter: FileOutputCommitter skip cleanup _temporary folders under output directory:false, ignore cleanup failures: false
[2025-03-14T01:45:09.340+0000] {ssh.py:531} WARNING - 25/03/14 01:45:09 INFO SQLHadoopMapReduceCommitProtocol: Using user defined output committer class org.apache.parquet.hadoop.ParquetOutputCommitter
[2025-03-14T01:45:09.340+0000] {ssh.py:531} WARNING - 25/03/14 01:45:09 INFO FileOutputCommitter: File Output Committer Algorithm version is 1
[2025-03-14T01:45:09.340+0000] {ssh.py:531} WARNING - 25/03/14 01:45:09 INFO FileOutputCommitter: FileOutputCommitter skip cleanup _temporary folders under output directory:false, ignore cleanup failures: false
[2025-03-14T01:45:09.341+0000] {ssh.py:531} WARNING - 25/03/14 01:45:09 INFO SQLHadoopMapReduceCommitProtocol: Using output committer class org.apache.parquet.hadoop.ParquetOutputCommitter
[2025-03-14T01:45:09.359+0000] {ssh.py:531} WARNING - 25/03/14 01:45:09 INFO CodecConfig: Compression: SNAPPY
[2025-03-14T01:45:09.371+0000] {ssh.py:531} WARNING - 25/03/14 01:45:09 INFO CodecConfig: Compression: SNAPPY
[2025-03-14T01:45:09.410+0000] {ssh.py:531} WARNING - 25/03/14 01:45:09 INFO ParquetOutputFormat: ParquetRecordWriter [block size: 134217728b, row group padding size: 8388608b, validating: false]
[2025-03-14T01:45:09.475+0000] {ssh.py:531} WARNING - 25/03/14 01:45:09 INFO ParquetWriteSupport: Initialized Parquet WriteSupport with Catalyst schema:
[2025-03-14T01:45:09.476+0000] {ssh.py:531} WARNING - {
[2025-03-14T01:45:09.476+0000] {ssh.py:531} WARNING -   "type" : "struct",
[2025-03-14T01:45:09.476+0000] {ssh.py:531} WARNING -   "fields" : [ {
[2025-03-14T01:45:09.476+0000] {ssh.py:531} WARNING -     "name" : "ranking",
[2025-03-14T01:45:09.476+0000] {ssh.py:531} WARNING -     "type" : "string",
[2025-03-14T01:45:09.476+0000] {ssh.py:531} WARNING -     "nullable" : true,
[2025-03-14T01:45:09.476+0000] {ssh.py:531} WARNING -     "metadata" : { }
[2025-03-14T01:45:09.476+0000] {ssh.py:531} WARNING -   }, {
[2025-03-14T01:45:09.477+0000] {ssh.py:531} WARNING -     "name" : "division_id",
[2025-03-14T01:45:09.477+0000] {ssh.py:531} WARNING -     "type" : "string",
[2025-03-14T01:45:09.477+0000] {ssh.py:531} WARNING -     "nullable" : true,
[2025-03-14T01:45:09.477+0000] {ssh.py:531} WARNING -     "metadata" : { }
[2025-03-14T01:45:09.479+0000] {ssh.py:531} WARNING -   }, {
[2025-03-14T01:45:09.479+0000] {ssh.py:531} WARNING -     "name" : "gamer_nickname",
[2025-03-14T01:45:09.479+0000] {ssh.py:531} WARNING -     "type" : "string",
[2025-03-14T01:45:09.479+0000] {ssh.py:531} WARNING -     "nullable" : true,
[2025-03-14T01:45:09.480+0000] {ssh.py:531} WARNING -     "metadata" : { }
[2025-03-14T01:45:09.480+0000] {ssh.py:531} WARNING -   }, {
[2025-03-14T01:45:09.480+0000] {ssh.py:531} WARNING -     "name" : "level",
[2025-03-14T01:45:09.480+0000] {ssh.py:531} WARNING -     "type" : "string",
[2025-03-14T01:45:09.481+0000] {ssh.py:531} WARNING -     "nullable" : true,
[2025-03-14T01:45:09.481+0000] {ssh.py:531} WARNING -     "metadata" : { }
[2025-03-14T01:45:09.481+0000] {ssh.py:531} WARNING -   }, {
[2025-03-14T01:45:09.481+0000] {ssh.py:531} WARNING -     "name" : "team_worth",
[2025-03-14T01:45:09.481+0000] {ssh.py:531} WARNING -     "type" : "string",
[2025-03-14T01:45:09.481+0000] {ssh.py:531} WARNING -     "nullable" : true,
[2025-03-14T01:45:09.481+0000] {ssh.py:531} WARNING -     "metadata" : { }
[2025-03-14T01:45:09.481+0000] {ssh.py:531} WARNING -   }, {
[2025-03-14T01:45:09.482+0000] {ssh.py:531} WARNING -     "name" : "points",
[2025-03-14T01:45:09.482+0000] {ssh.py:531} WARNING -     "type" : "string",
[2025-03-14T01:45:09.482+0000] {ssh.py:531} WARNING -     "nullable" : true,
[2025-03-14T01:45:09.482+0000] {ssh.py:531} WARNING -     "metadata" : { }
[2025-03-14T01:45:09.482+0000] {ssh.py:531} WARNING -   }, {
[2025-03-14T01:45:09.482+0000] {ssh.py:531} WARNING -     "name" : "winning_rate",
[2025-03-14T01:45:09.482+0000] {ssh.py:531} WARNING -     "type" : "string",
[2025-03-14T01:45:09.483+0000] {ssh.py:531} WARNING -     "nullable" : true,
[2025-03-14T01:45:09.483+0000] {ssh.py:531} WARNING -     "metadata" : { }
[2025-03-14T01:45:09.483+0000] {ssh.py:531} WARNING -   }, {
[2025-03-14T01:45:09.483+0000] {ssh.py:531} WARNING -     "name" : "team_name",
[2025-03-14T01:45:09.483+0000] {ssh.py:531} WARNING -     "type" : "string",
[2025-03-14T01:45:09.483+0000] {ssh.py:531} WARNING -     "nullable" : true,
[2025-03-14T01:45:09.483+0000] {ssh.py:531} WARNING -     "metadata" : { }
[2025-03-14T01:45:09.484+0000] {ssh.py:531} WARNING -   }, {
[2025-03-14T01:45:09.484+0000] {ssh.py:531} WARNING -     "name" : "formation",
[2025-03-14T01:45:09.484+0000] {ssh.py:531} WARNING -     "type" : "string",
[2025-03-14T01:45:09.484+0000] {ssh.py:531} WARNING -     "nullable" : true,
[2025-03-14T01:45:09.484+0000] {ssh.py:531} WARNING -     "metadata" : { }
[2025-03-14T01:45:09.484+0000] {ssh.py:531} WARNING -   }, {
[2025-03-14T01:45:09.485+0000] {ssh.py:531} WARNING -     "name" : "created_at",
[2025-03-14T01:45:09.485+0000] {ssh.py:531} WARNING -     "type" : "string",
[2025-03-14T01:45:09.485+0000] {ssh.py:531} WARNING -     "nullable" : true,
[2025-03-14T01:45:09.485+0000] {ssh.py:531} WARNING -     "metadata" : { }
[2025-03-14T01:45:09.485+0000] {ssh.py:531} WARNING -   }, {
[2025-03-14T01:45:09.485+0000] {ssh.py:531} WARNING -     "name" : "total_win",
[2025-03-14T01:45:09.485+0000] {ssh.py:531} WARNING -     "type" : "string",
[2025-03-14T01:45:09.486+0000] {ssh.py:531} WARNING -     "nullable" : true,
[2025-03-14T01:45:09.486+0000] {ssh.py:531} WARNING -     "metadata" : { }
[2025-03-14T01:45:09.486+0000] {ssh.py:531} WARNING -   }, {
[2025-03-14T01:45:09.487+0000] {ssh.py:531} WARNING -     "name" : "total_draw",
[2025-03-14T01:45:09.487+0000] {ssh.py:531} WARNING -     "type" : "string",
[2025-03-14T01:45:09.487+0000] {ssh.py:531} WARNING -     "nullable" : true,
[2025-03-14T01:45:09.487+0000] {ssh.py:531} WARNING -     "metadata" : { }
[2025-03-14T01:45:09.488+0000] {ssh.py:531} WARNING -   }, {
[2025-03-14T01:45:09.488+0000] {ssh.py:531} WARNING -     "name" : "total_lose",
[2025-03-14T01:45:09.488+0000] {ssh.py:531} WARNING -     "type" : "string",
[2025-03-14T01:45:09.488+0000] {ssh.py:531} WARNING -     "nullable" : true,
[2025-03-14T01:45:09.488+0000] {ssh.py:531} WARNING -     "metadata" : { }
[2025-03-14T01:45:09.488+0000] {ssh.py:531} WARNING -   } ]
[2025-03-14T01:45:09.489+0000] {ssh.py:531} WARNING - }
[2025-03-14T01:45:09.489+0000] {ssh.py:531} WARNING - and corresponding Parquet message type:
[2025-03-14T01:45:09.489+0000] {ssh.py:531} WARNING - message spark_schema {
[2025-03-14T01:45:09.489+0000] {ssh.py:531} WARNING -   optional binary ranking (STRING);
[2025-03-14T01:45:09.490+0000] {ssh.py:531} WARNING -   optional binary division_id (STRING);
[2025-03-14T01:45:09.490+0000] {ssh.py:531} WARNING -   optional binary gamer_nickname (STRING);
[2025-03-14T01:45:09.490+0000] {ssh.py:531} WARNING -   optional binary level (STRING);
[2025-03-14T01:45:09.490+0000] {ssh.py:531} WARNING -   optional binary team_worth (STRING);
[2025-03-14T01:45:09.490+0000] {ssh.py:531} WARNING -   optional binary points (STRING);
[2025-03-14T01:45:09.491+0000] {ssh.py:531} WARNING -   optional binary winning_rate (STRING);
[2025-03-14T01:45:09.491+0000] {ssh.py:531} WARNING -   optional binary team_name (STRING);
[2025-03-14T01:45:09.491+0000] {ssh.py:531} WARNING -   optional binary formation (STRING);
[2025-03-14T01:45:09.491+0000] {ssh.py:531} WARNING -   optional binary created_at (STRING);
[2025-03-14T01:45:09.491+0000] {ssh.py:531} WARNING -   optional binary total_win (STRING);
[2025-03-14T01:45:09.491+0000] {ssh.py:531} WARNING -   optional binary total_draw (STRING);
[2025-03-14T01:45:09.492+0000] {ssh.py:531} WARNING -   optional binary total_lose (STRING);
[2025-03-14T01:45:09.492+0000] {ssh.py:531} WARNING - }
[2025-03-14T01:45:09.492+0000] {ssh.py:531} WARNING - 
[2025-03-14T01:45:09.492+0000] {ssh.py:531} WARNING -        
[2025-03-14T01:45:09.672+0000] {ssh.py:531} WARNING - 25/03/14 01:45:09 INFO CodecPool: Got brand-new compressor [.snappy]
[2025-03-14T01:45:10.000+0000] {ssh.py:531} WARNING - 25/03/14 01:45:09 INFO FileScanRDD: Reading File path: s3a://de5-finalproj-team2/crawl/2025-03-14/crawl_result_processed_20250314.csv, range: 0-1154758, partition values: [empty row]
[2025-03-14T01:45:10.053+0000] {ssh.py:531} WARNING - 25/03/14 01:45:09 INFO CodeGenerator: Code generated in 33.0763 ms
[2025-03-14T01:45:10.159+0000] {ssh.py:531} WARNING - 25/03/14 01:45:10 INFO LineRecordReader: Found UTF-8 BOM and skipped it
[2025-03-14T01:45:12.784+0000] {ssh.py:531} WARNING - 25/03/14 01:45:12 INFO FileOutputCommitter: Saved output of task 'attempt_20250314014508441685090871661467_0001_m_000000_1' to s3a://de5-finalproj-team2/analytics/ranking_info/2025-03-14/ranking_info_data.parquet/_temporary/0/task_20250314014508441685090871661467_0001_m_000000
[2025-03-14T01:45:12.785+0000] {ssh.py:531} WARNING - 25/03/14 01:45:12 INFO SparkHadoopMapRedUtil: attempt_20250314014508441685090871661467_0001_m_000000_1: Committed. Elapsed time: 753 ms.
[2025-03-14T01:45:12.815+0000] {ssh.py:531} WARNING - 25/03/14 01:45:12 INFO Executor: Finished task 0.0 in stage 1.0 (TID 1). 2613 bytes result sent to driver
[2025-03-14T01:45:12.819+0000] {ssh.py:531} WARNING - 25/03/14 01:45:12 INFO TaskSetManager: Finished task 0.0 in stage 1.0 (TID 1) in 3757 ms on ip-172-31-12-182.ap-northeast-2.compute.internal (executor driver) (1/1)
[2025-03-14T01:45:12.819+0000] {ssh.py:531} WARNING - 25/03/14 01:45:12 INFO TaskSchedulerImpl: Removed TaskSet 1.0, whose tasks have all completed, from pool 
[2025-03-14T01:45:12.822+0000] {ssh.py:531} WARNING - 25/03/14 01:45:12 INFO DAGScheduler: ResultStage 1 (parquet at NativeMethodAccessorImpl.java:0) finished in 3.881 s
[2025-03-14T01:45:12.823+0000] {ssh.py:531} WARNING - 25/03/14 01:45:12 INFO DAGScheduler: Job 1 is finished. Cancelling potential speculative or zombie tasks for this job
[2025-03-14T01:45:12.825+0000] {ssh.py:531} WARNING - 25/03/14 01:45:12 INFO TaskSchedulerImpl: Killing all running tasks in stage 1: Stage finished
[2025-03-14T01:45:12.827+0000] {ssh.py:531} WARNING - 25/03/14 01:45:12 INFO DAGScheduler: Job 1 finished: parquet at NativeMethodAccessorImpl.java:0, took 3.893461 s
[2025-03-14T01:45:12.829+0000] {ssh.py:531} WARNING - 25/03/14 01:45:12 INFO FileFormatWriter: Start to commit write Job f0847d9c-6974-4ea2-9d07-ef3c9b517467.
[2025-03-14T01:45:13.846+0000] {ssh.py:531} WARNING - 25/03/14 01:45:13 INFO FileFormatWriter: Write Job f0847d9c-6974-4ea2-9d07-ef3c9b517467 committed. Elapsed time: 1015 ms.
[2025-03-14T01:45:13.850+0000] {ssh.py:531} WARNING - 25/03/14 01:45:13 INFO FileFormatWriter: Finished processing stats for write job f0847d9c-6974-4ea2-9d07-ef3c9b517467.
[2025-03-14T01:45:13.859+0000] {ssh.py:526} INFO - ✅ Parquet 파일 변환 완료!
[2025-03-14T01:45:13.911+0000] {ssh.py:531} WARNING - 25/03/14 01:45:13 INFO SparkContext: Invoking stop() from shutdown hook
[2025-03-14T01:45:13.911+0000] {ssh.py:531} WARNING - 25/03/14 01:45:13 INFO SparkContext: SparkContext is stopping with exitCode 0.
[2025-03-14T01:45:13.925+0000] {ssh.py:531} WARNING - 25/03/14 01:45:13 INFO SparkUI: Stopped Spark web UI at http://0.0.0.0:4040
[2025-03-14T01:45:13.945+0000] {ssh.py:531} WARNING - 25/03/14 01:45:13 INFO MapOutputTrackerMasterEndpoint: MapOutputTrackerMasterEndpoint stopped!
[2025-03-14T01:45:13.960+0000] {ssh.py:531} WARNING - 25/03/14 01:45:13 INFO MemoryStore: MemoryStore cleared
[2025-03-14T01:45:13.961+0000] {ssh.py:531} WARNING - 25/03/14 01:45:13 INFO BlockManager: BlockManager stopped
[2025-03-14T01:45:13.964+0000] {ssh.py:531} WARNING - 25/03/14 01:45:13 INFO BlockManagerMaster: BlockManagerMaster stopped
[2025-03-14T01:45:13.968+0000] {ssh.py:531} WARNING - 25/03/14 01:45:13 INFO OutputCommitCoordinator$OutputCommitCoordinatorEndpoint: OutputCommitCoordinator stopped!
[2025-03-14T01:45:13.974+0000] {ssh.py:531} WARNING - 25/03/14 01:45:13 INFO SparkContext: Successfully stopped SparkContext
[2025-03-14T01:45:13.975+0000] {ssh.py:531} WARNING - 25/03/14 01:45:13 INFO ShutdownHookManager: Shutdown hook called
[2025-03-14T01:45:13.976+0000] {ssh.py:531} WARNING - 25/03/14 01:45:13 INFO ShutdownHookManager: Deleting directory /tmp/spark-fb0dcc5f-f89b-41d3-8103-59f10ddaf905
[2025-03-14T01:45:13.979+0000] {ssh.py:531} WARNING - 25/03/14 01:45:13 INFO ShutdownHookManager: Deleting directory /tmp/spark-2e0b8c07-fd6d-4fc9-b82c-784e5b5082e8
[2025-03-14T01:45:13.982+0000] {ssh.py:531} WARNING - 25/03/14 01:45:13 INFO ShutdownHookManager: Deleting directory /tmp/spark-2e0b8c07-fd6d-4fc9-b82c-784e5b5082e8/pyspark-11220909-c67b-4104-9605-62db714fbdc1
[2025-03-14T01:45:13.991+0000] {ssh.py:531} WARNING - 25/03/14 01:45:13 INFO MetricsSystemImpl: Stopping s3a-file-system metrics system...
[2025-03-14T01:45:13.994+0000] {ssh.py:531} WARNING - 25/03/14 01:45:13 INFO MetricsSystemImpl: s3a-file-system metrics system stopped.
[2025-03-14T01:45:13.994+0000] {ssh.py:531} WARNING - 25/03/14 01:45:13 INFO MetricsSystemImpl: s3a-file-system metrics system shutdown complete.
[2025-03-14T01:45:14.056+0000] {ssh.py:526} INFO - Spark Job Succeeded!
[2025-03-14T01:45:14.083+0000] {taskinstance.py:441} INFO - ::group::Post task execution logs
[2025-03-14T01:45:14.131+0000] {taskinstance.py:1206} INFO - Marking task as SUCCESS. dag_id=s3_csv_to_parquet_dag, task_id=submit_spark_via_ssh, run_id=scheduled__2025-03-12T01:40:00+00:00, execution_date=20250312T014000, start_date=20250314T014447, end_date=20250314T014514
[2025-03-14T01:45:14.182+0000] {local_task_job_runner.py:240} INFO - Task exited with return code 0
[2025-03-14T01:45:14.226+0000] {taskinstance.py:3498} INFO - 1 downstream tasks scheduled from follow-on schedule check
[2025-03-14T01:45:14.228+0000] {local_task_job_runner.py:222} INFO - ::endgroup::
