[2025-03-09T05:08:37.684+0000] {local_task_job_runner.py:120} INFO - ::group::Pre task execution logs
[2025-03-09T05:08:37.707+0000] {taskinstance.py:2076} INFO - Dependencies all met for dep_context=non-requeueable deps ti=<TaskInstance: submit_spark_job_v2.submit_spark_via_ssh scheduled__2025-03-07T00:00:00+00:00 [queued]>
[2025-03-09T05:08:37.716+0000] {taskinstance.py:2076} INFO - Dependencies all met for dep_context=requeueable deps ti=<TaskInstance: submit_spark_job_v2.submit_spark_via_ssh scheduled__2025-03-07T00:00:00+00:00 [queued]>
[2025-03-09T05:08:37.716+0000] {taskinstance.py:2306} INFO - Starting attempt 18 of 19
[2025-03-09T05:08:37.731+0000] {taskinstance.py:2330} INFO - Executing <Task(SSHOperator): submit_spark_via_ssh> on 2025-03-07 00:00:00+00:00
[2025-03-09T05:08:37.737+0000] {standard_task_runner.py:63} INFO - Started process 6810 to run task
[2025-03-09T05:08:37.741+0000] {standard_task_runner.py:90} INFO - Running: ['***', 'tasks', 'run', 'submit_spark_job_v2', 'submit_spark_via_ssh', 'scheduled__2025-03-07T00:00:00+00:00', '--job-id', '27', '--raw', '--subdir', 'DAGS_FOLDER/match_info_spark_process_v2.py', '--cfg-path', '/tmp/tmpfyvgzfhh']
[2025-03-09T05:08:37.743+0000] {standard_task_runner.py:91} INFO - Job 27: Subtask submit_spark_via_ssh
[2025-03-09T05:08:37.806+0000] {task_command.py:426} INFO - Running <TaskInstance: submit_spark_job_v2.submit_spark_via_ssh scheduled__2025-03-07T00:00:00+00:00 [running]> on host 40942f81e2c9
[2025-03-09T05:08:37.922+0000] {taskinstance.py:2648} INFO - Exporting env vars: AIRFLOW_CTX_DAG_OWNER='***' AIRFLOW_CTX_DAG_ID='submit_spark_job_v2' AIRFLOW_CTX_TASK_ID='submit_spark_via_ssh' AIRFLOW_CTX_EXECUTION_DATE='2025-03-07T00:00:00+00:00' AIRFLOW_CTX_TRY_NUMBER='18' AIRFLOW_CTX_DAG_RUN_ID='scheduled__2025-03-07T00:00:00+00:00'
[2025-03-09T05:08:37.923+0000] {taskinstance.py:430} INFO - ::endgroup::
[2025-03-09T05:08:37.938+0000] {ssh.py:151} INFO - Creating ssh_client
[2025-03-09T05:08:37.939+0000] {ssh.py:124} INFO - ssh_hook is not provided or invalid. Trying ssh_conn_id to create SSHHook.
[2025-03-09T05:08:37.953+0000] {base.py:84} INFO - Using connection ID 'spark_ssh_conn' for task execution.
[2025-03-09T05:08:37.954+0000] {ssh.py:301} WARNING - No Host Key Verification. This won't protect against Man-In-The-Middle attacks
[2025-03-09T05:08:37.959+0000] {transport.py:1909} INFO - Connected (version 2.0, client OpenSSH_9.6p1)
[2025-03-09T05:08:38.022+0000] {transport.py:1909} INFO - Authentication (publickey) successful!
[2025-03-09T05:08:38.023+0000] {ssh.py:480} INFO - Running command: 
    set -e  # 명령어 실패 시 즉시 종료
    echo "Starting Spark Job on ec2-3-37-216-159.ap-northeast-2.compute.amazonaws.com"

    echo "Submitting Spark Job..."
   /spark-3.5.3/bin/spark-submit /home/ubuntu/spark_scripts/match_info_pyspark.py 2025-03-04 > spark_job.log 2>&1
    exit_code=$?

    # 실행 로그 출력 (Airflow에서 확인 가능)
    if [ -f spark_job.log ]; then
        echo "=== Spark Job Log Start ==="
        cat spark_job.log
        echo "=== Spark Job Log End ==="
    else
        echo "Warning: spark_job.log not found!"
    fi

    # Spark 실패 감지
    if [ $exit_code -ne 0 ]; then
        echo "Spark Job Failed! Check logs."
        exit 1
    else
        echo "Spark Job Succeeded!"
    fi
    
[2025-03-09T05:08:38.457+0000] {ssh.py:526} INFO - Starting Spark Job on ec2-3-37-216-159.ap-northeast-2.compute.amazonaws.com
[2025-03-09T05:08:38.457+0000] {ssh.py:526} INFO - Submitting Spark Job...
[2025-03-09T05:09:02.291+0000] {ssh.py:526} INFO - === Spark Job Log Start ===
[2025-03-09T05:09:02.297+0000] {ssh.py:526} INFO - Processing date: 2025-03-04
[2025-03-09T05:09:02.298+0000] {ssh.py:526} INFO - 25/03/09 05:08:42 INFO SparkContext: Running Spark version 3.5.3
[2025-03-09T05:09:02.298+0000] {ssh.py:526} INFO - 25/03/09 05:08:42 INFO SparkContext: OS info Linux, 6.8.0-1024-aws, amd64
[2025-03-09T05:09:02.299+0000] {ssh.py:526} INFO - 25/03/09 05:08:42 INFO SparkContext: Java version 11.0.26
[2025-03-09T05:09:02.299+0000] {ssh.py:526} INFO - 25/03/09 05:08:42 WARN NativeCodeLoader: Unable to load native-hadoop library for your platform... using builtin-java classes where applicable
[2025-03-09T05:09:02.299+0000] {ssh.py:526} INFO - 25/03/09 05:08:42 INFO ResourceUtils: ==============================================================
[2025-03-09T05:09:02.299+0000] {ssh.py:526} INFO - 25/03/09 05:08:42 INFO ResourceUtils: No custom resources configured for spark.driver.
[2025-03-09T05:09:02.299+0000] {ssh.py:526} INFO - 25/03/09 05:08:42 INFO ResourceUtils: ==============================================================
[2025-03-09T05:09:02.299+0000] {ssh.py:526} INFO - 25/03/09 05:08:42 INFO SparkContext: Submitted application: json to parquet
[2025-03-09T05:09:02.299+0000] {ssh.py:526} INFO - 25/03/09 05:08:42 INFO ResourceProfile: Default ResourceProfile created, executor resources: Map(cores -> name: cores, amount: 1, script: , vendor: , memory -> name: memory, amount: 1024, script: , vendor: , offHeap -> name: offHeap, amount: 0, script: , vendor: ), task resources: Map(cpus -> name: cpus, amount: 1.0)
[2025-03-09T05:09:02.300+0000] {ssh.py:526} INFO - 25/03/09 05:08:42 INFO ResourceProfile: Limiting resource is cpu
[2025-03-09T05:09:02.300+0000] {ssh.py:526} INFO - 25/03/09 05:08:42 INFO ResourceProfileManager: Added ResourceProfile id: 0
[2025-03-09T05:09:02.300+0000] {ssh.py:526} INFO - 25/03/09 05:08:42 INFO SecurityManager: Changing view acls to: ubuntu
[2025-03-09T05:09:02.300+0000] {ssh.py:526} INFO - 25/03/09 05:08:42 INFO SecurityManager: Changing modify acls to: ubuntu
[2025-03-09T05:09:02.300+0000] {ssh.py:526} INFO - 25/03/09 05:08:42 INFO SecurityManager: Changing view acls groups to: 
[2025-03-09T05:09:02.300+0000] {ssh.py:526} INFO - 25/03/09 05:08:42 INFO SecurityManager: Changing modify acls groups to: 
[2025-03-09T05:09:02.300+0000] {ssh.py:526} INFO - 25/03/09 05:08:42 INFO SecurityManager: SecurityManager: authentication disabled; ui acls disabled; users with view permissions: ubuntu; groups with view permissions: EMPTY; users with modify permissions: ubuntu; groups with modify permissions: EMPTY
[2025-03-09T05:09:02.300+0000] {ssh.py:526} INFO - 25/03/09 05:08:42 INFO Utils: Successfully started service 'sparkDriver' on port 32911.
[2025-03-09T05:09:02.301+0000] {ssh.py:526} INFO - 25/03/09 05:08:43 INFO SparkEnv: Registering MapOutputTracker
[2025-03-09T05:09:02.301+0000] {ssh.py:526} INFO - 25/03/09 05:08:43 INFO SparkEnv: Registering BlockManagerMaster
[2025-03-09T05:09:02.301+0000] {ssh.py:526} INFO - 25/03/09 05:08:43 INFO BlockManagerMasterEndpoint: Using org.apache.spark.storage.DefaultTopologyMapper for getting topology information
[2025-03-09T05:09:02.301+0000] {ssh.py:526} INFO - 25/03/09 05:08:43 INFO BlockManagerMasterEndpoint: BlockManagerMasterEndpoint up
[2025-03-09T05:09:02.301+0000] {ssh.py:526} INFO - 25/03/09 05:08:43 INFO SparkEnv: Registering BlockManagerMasterHeartbeat
[2025-03-09T05:09:02.301+0000] {ssh.py:526} INFO - 25/03/09 05:08:43 INFO DiskBlockManager: Created local directory at /tmp/blockmgr-da9a6556-c71d-4586-ac70-6214435f8b85
[2025-03-09T05:09:02.301+0000] {ssh.py:526} INFO - 25/03/09 05:08:43 INFO MemoryStore: MemoryStore started with capacity 434.4 MiB
[2025-03-09T05:09:02.302+0000] {ssh.py:526} INFO - 25/03/09 05:08:43 INFO SparkEnv: Registering OutputCommitCoordinator
[2025-03-09T05:09:02.302+0000] {ssh.py:526} INFO - 25/03/09 05:08:43 INFO JettyUtils: Start Jetty 0.0.0.0:4040 for SparkUI
[2025-03-09T05:09:02.302+0000] {ssh.py:526} INFO - 25/03/09 05:08:43 INFO Utils: Successfully started service 'SparkUI' on port 4040.
[2025-03-09T05:09:02.302+0000] {ssh.py:526} INFO - 25/03/09 05:08:43 INFO Executor: Starting executor ID driver on host ip-172-31-12-182.ap-northeast-2.compute.internal
[2025-03-09T05:09:02.302+0000] {ssh.py:526} INFO - 25/03/09 05:08:43 INFO Executor: OS info Linux, 6.8.0-1024-aws, amd64
[2025-03-09T05:09:02.302+0000] {ssh.py:526} INFO - 25/03/09 05:08:43 INFO Executor: Java version 11.0.26
[2025-03-09T05:09:02.302+0000] {ssh.py:526} INFO - 25/03/09 05:08:43 INFO Executor: Starting executor with user classpath (userClassPathFirst = false): ''
[2025-03-09T05:09:02.302+0000] {ssh.py:526} INFO - 25/03/09 05:08:43 INFO Executor: Created or updated repl class loader org.apache.spark.util.MutableURLClassLoader@2179f090 for default.
[2025-03-09T05:09:02.302+0000] {ssh.py:526} INFO - 25/03/09 05:08:43 INFO Utils: Successfully started service 'org.apache.spark.network.netty.NettyBlockTransferService' on port 42101.
[2025-03-09T05:09:02.303+0000] {ssh.py:526} INFO - 25/03/09 05:08:43 INFO NettyBlockTransferService: Server created on 0.0.0.0:42101
[2025-03-09T05:09:02.303+0000] {ssh.py:526} INFO - 25/03/09 05:08:43 INFO BlockManager: Using org.apache.spark.storage.RandomBlockReplicationPolicy for block replication policy
[2025-03-09T05:09:02.303+0000] {ssh.py:526} INFO - 25/03/09 05:08:43 INFO BlockManagerMaster: Registering BlockManager BlockManagerId(driver, 0.0.0.0, 42101, None)
[2025-03-09T05:09:02.303+0000] {ssh.py:526} INFO - 25/03/09 05:08:43 INFO BlockManagerMasterEndpoint: Registering block manager 0.0.0.0:42101 with 434.4 MiB RAM, BlockManagerId(driver, 0.0.0.0, 42101, None)
[2025-03-09T05:09:02.303+0000] {ssh.py:526} INFO - 25/03/09 05:08:43 INFO BlockManagerMaster: Registered BlockManager BlockManagerId(driver, 0.0.0.0, 42101, None)
[2025-03-09T05:09:02.303+0000] {ssh.py:526} INFO - 25/03/09 05:08:43 INFO BlockManager: Initialized BlockManager: BlockManagerId(driver, 0.0.0.0, 42101, None)
[2025-03-09T05:09:02.303+0000] {ssh.py:526} INFO - Reading json file from: s3a://de5-finalproj-team2/raw_data/json/match_data/2025-03-04/*.json
[2025-03-09T05:09:02.303+0000] {ssh.py:526} INFO - 25/03/09 05:08:44 INFO SharedState: Setting hive.metastore.warehouse.dir ('null') to the value of spark.sql.warehouse.dir.
[2025-03-09T05:09:02.304+0000] {ssh.py:526} INFO - 25/03/09 05:08:44 INFO SharedState: Warehouse path is 'file:/home/ubuntu/spark-warehouse'.
[2025-03-09T05:09:02.304+0000] {ssh.py:526} INFO - 25/03/09 05:08:45 WARN MetricsConfig: Cannot locate configuration: tried hadoop-metrics2-s3a-file-system.properties,hadoop-metrics2.properties
[2025-03-09T05:09:02.304+0000] {ssh.py:526} INFO - 25/03/09 05:08:45 INFO MetricsSystemImpl: Scheduled Metric snapshot period at 10 second(s).
[2025-03-09T05:09:02.304+0000] {ssh.py:526} INFO - 25/03/09 05:08:45 INFO MetricsSystemImpl: s3a-file-system metrics system started
[2025-03-09T05:09:02.304+0000] {ssh.py:526} INFO - 25/03/09 05:08:47 INFO InMemoryFileIndex: It took 269 ms to list leaf files for 5 paths.
[2025-03-09T05:09:02.304+0000] {ssh.py:526} INFO - 25/03/09 05:08:47 INFO InMemoryFileIndex: It took 149 ms to list leaf files for 5 paths.
[2025-03-09T05:09:02.304+0000] {ssh.py:526} INFO - 25/03/09 05:08:50 INFO FileSourceStrategy: Pushed Filters: 
[2025-03-09T05:09:02.304+0000] {ssh.py:526} INFO - 25/03/09 05:08:50 INFO FileSourceStrategy: Post-Scan Filters: 
[2025-03-09T05:09:02.305+0000] {ssh.py:526} INFO - 25/03/09 05:08:51 INFO MemoryStore: Block broadcast_0 stored as values in memory (estimated size 201.0 KiB, free 434.2 MiB)
[2025-03-09T05:09:02.305+0000] {ssh.py:526} INFO - 25/03/09 05:08:51 INFO MemoryStore: Block broadcast_0_piece0 stored as bytes in memory (estimated size 34.7 KiB, free 434.2 MiB)
[2025-03-09T05:09:02.305+0000] {ssh.py:526} INFO - 25/03/09 05:08:51 INFO BlockManagerInfo: Added broadcast_0_piece0 in memory on 0.0.0.0:42101 (size: 34.7 KiB, free: 434.4 MiB)
[2025-03-09T05:09:02.305+0000] {ssh.py:526} INFO - 25/03/09 05:08:51 INFO SparkContext: Created broadcast 0 from json at NativeMethodAccessorImpl.java:0
[2025-03-09T05:09:02.305+0000] {ssh.py:526} INFO - 25/03/09 05:08:51 INFO FileSourceScanExec: Planning scan with bin packing, max size: 21038624 bytes, open cost is considered as scanning 4194304 bytes.
[2025-03-09T05:09:02.305+0000] {ssh.py:526} INFO - 25/03/09 05:08:51 INFO SparkContext: Starting job: json at NativeMethodAccessorImpl.java:0
[2025-03-09T05:09:02.305+0000] {ssh.py:526} INFO - 25/03/09 05:08:51 INFO DAGScheduler: Got job 0 (json at NativeMethodAccessorImpl.java:0) with 1 output partitions
[2025-03-09T05:09:02.305+0000] {ssh.py:526} INFO - 25/03/09 05:08:51 INFO DAGScheduler: Final stage: ResultStage 0 (json at NativeMethodAccessorImpl.java:0)
[2025-03-09T05:09:02.305+0000] {ssh.py:526} INFO - 25/03/09 05:08:51 INFO DAGScheduler: Parents of final stage: List()
[2025-03-09T05:09:02.306+0000] {ssh.py:526} INFO - 25/03/09 05:08:51 INFO DAGScheduler: Missing parents: List()
[2025-03-09T05:09:02.306+0000] {ssh.py:526} INFO - 25/03/09 05:08:51 INFO DAGScheduler: Submitting ResultStage 0 (MapPartitionsRDD[3] at json at NativeMethodAccessorImpl.java:0), which has no missing parents
[2025-03-09T05:09:02.306+0000] {ssh.py:526} INFO - 25/03/09 05:08:51 INFO MemoryStore: Block broadcast_1 stored as values in memory (estimated size 16.5 KiB, free 434.2 MiB)
[2025-03-09T05:09:02.306+0000] {ssh.py:526} INFO - 25/03/09 05:08:51 INFO MemoryStore: Block broadcast_1_piece0 stored as bytes in memory (estimated size 7.8 KiB, free 434.1 MiB)
[2025-03-09T05:09:02.306+0000] {ssh.py:526} INFO - 25/03/09 05:08:51 INFO BlockManagerInfo: Added broadcast_1_piece0 in memory on 0.0.0.0:42101 (size: 7.8 KiB, free: 434.4 MiB)
[2025-03-09T05:09:02.306+0000] {ssh.py:526} INFO - 25/03/09 05:08:51 INFO SparkContext: Created broadcast 1 from broadcast at DAGScheduler.scala:1585
[2025-03-09T05:09:02.306+0000] {ssh.py:526} INFO - 25/03/09 05:08:51 INFO DAGScheduler: Submitting 1 missing tasks from ResultStage 0 (MapPartitionsRDD[3] at json at NativeMethodAccessorImpl.java:0) (first 15 tasks are for partitions Vector(0))
[2025-03-09T05:09:02.306+0000] {ssh.py:526} INFO - 25/03/09 05:08:51 INFO TaskSchedulerImpl: Adding task set 0.0 with 1 tasks resource profile 0
[2025-03-09T05:09:02.307+0000] {ssh.py:526} INFO - 25/03/09 05:08:52 INFO TaskSetManager: Starting task 0.0 in stage 0.0 (TID 0) (ip-172-31-12-182.ap-northeast-2.compute.internal, executor driver, partition 0, PROCESS_LOCAL, 10160 bytes) 
[2025-03-09T05:09:02.307+0000] {ssh.py:526} INFO - 25/03/09 05:08:52 INFO Executor: Running task 0.0 in stage 0.0 (TID 0)
[2025-03-09T05:09:02.307+0000] {ssh.py:526} INFO - 25/03/09 05:08:52 INFO FileScanRDD: Reading File path: s3a://de5-finalproj-team2/raw_data/json/match_data/2025-03-04/group_1.json, range: 0-13897, partition values: [empty row]
[2025-03-09T05:09:02.307+0000] {ssh.py:526} INFO - 25/03/09 05:08:52 INFO CodeGenerator: Code generated in 263.089454 ms
[2025-03-09T05:09:02.307+0000] {ssh.py:526} INFO - 25/03/09 05:08:52 INFO FileScanRDD: Reading File path: s3a://de5-finalproj-team2/raw_data/json/match_data/2025-03-04/group_4.json, range: 0-13890, partition values: [empty row]
[2025-03-09T05:09:02.307+0000] {ssh.py:526} INFO - 25/03/09 05:08:52 INFO FileScanRDD: Reading File path: s3a://de5-finalproj-team2/raw_data/json/match_data/2025-03-04/group_2.json, range: 0-13867, partition values: [empty row]
[2025-03-09T05:09:02.307+0000] {ssh.py:526} INFO - 25/03/09 05:08:52 INFO FileScanRDD: Reading File path: s3a://de5-finalproj-team2/raw_data/json/match_data/2025-03-04/group_0.json, range: 0-12741, partition values: [empty row]
[2025-03-09T05:09:02.307+0000] {ssh.py:526} INFO - 25/03/09 05:08:52 INFO FileScanRDD: Reading File path: s3a://de5-finalproj-team2/raw_data/json/match_data/2025-03-04/group_3.json, range: 0-12709, partition values: [empty row]
[2025-03-09T05:09:02.307+0000] {ssh.py:526} INFO - 25/03/09 05:08:53 INFO Executor: Finished task 0.0 in stage 0.0 (TID 0). 2408 bytes result sent to driver
[2025-03-09T05:09:02.308+0000] {ssh.py:526} INFO - 25/03/09 05:08:53 INFO TaskSetManager: Finished task 0.0 in stage 0.0 (TID 0) in 1010 ms on ip-172-31-12-182.ap-northeast-2.compute.internal (executor driver) (1/1)
[2025-03-09T05:09:02.308+0000] {ssh.py:526} INFO - 25/03/09 05:08:53 INFO TaskSchedulerImpl: Removed TaskSet 0.0, whose tasks have all completed, from pool 
[2025-03-09T05:09:02.308+0000] {ssh.py:526} INFO - 25/03/09 05:08:53 INFO DAGScheduler: ResultStage 0 (json at NativeMethodAccessorImpl.java:0) finished in 1.308 s
[2025-03-09T05:09:02.308+0000] {ssh.py:526} INFO - 25/03/09 05:08:53 INFO DAGScheduler: Job 0 is finished. Cancelling potential speculative or zombie tasks for this job
[2025-03-09T05:09:02.308+0000] {ssh.py:526} INFO - 25/03/09 05:08:53 INFO TaskSchedulerImpl: Killing all running tasks in stage 0: Stage finished
[2025-03-09T05:09:02.308+0000] {ssh.py:526} INFO - 25/03/09 05:08:53 INFO DAGScheduler: Job 0 finished: json at NativeMethodAccessorImpl.java:0, took 1.395649 s
[2025-03-09T05:09:02.308+0000] {ssh.py:526} INFO - Writing trend_analysis parquet
[2025-03-09T05:09:02.308+0000] {ssh.py:526} INFO - 25/03/09 05:08:53 INFO FileSourceStrategy: Pushed Filters: IsNotNull(player_info)
[2025-03-09T05:09:02.309+0000] {ssh.py:526} INFO - 25/03/09 05:08:53 INFO FileSourceStrategy: Post-Scan Filters: (size(player_info#13, true) > 0),isnotnull(player_info#13)
[2025-03-09T05:09:02.309+0000] {ssh.py:526} INFO - 25/03/09 05:08:54 INFO ParquetUtils: Using default output committer for Parquet: org.apache.parquet.hadoop.ParquetOutputCommitter
[2025-03-09T05:09:02.309+0000] {ssh.py:526} INFO - 25/03/09 05:08:54 INFO FileOutputCommitter: File Output Committer Algorithm version is 1
[2025-03-09T05:09:02.309+0000] {ssh.py:526} INFO - 25/03/09 05:08:54 INFO FileOutputCommitter: FileOutputCommitter skip cleanup _temporary folders under output directory:false, ignore cleanup failures: false
[2025-03-09T05:09:02.309+0000] {ssh.py:526} INFO - 25/03/09 05:08:54 INFO SQLHadoopMapReduceCommitProtocol: Using user defined output committer class org.apache.parquet.hadoop.ParquetOutputCommitter
[2025-03-09T05:09:02.309+0000] {ssh.py:526} INFO - 25/03/09 05:08:54 INFO FileOutputCommitter: File Output Committer Algorithm version is 1
[2025-03-09T05:09:02.309+0000] {ssh.py:526} INFO - 25/03/09 05:08:54 INFO FileOutputCommitter: FileOutputCommitter skip cleanup _temporary folders under output directory:false, ignore cleanup failures: false
[2025-03-09T05:09:02.309+0000] {ssh.py:526} INFO - 25/03/09 05:08:54 INFO SQLHadoopMapReduceCommitProtocol: Using output committer class org.apache.parquet.hadoop.ParquetOutputCommitter
[2025-03-09T05:09:02.310+0000] {ssh.py:526} INFO - 25/03/09 05:08:54 INFO CodeGenerator: Code generated in 136.686766 ms
[2025-03-09T05:09:02.310+0000] {ssh.py:526} INFO - 25/03/09 05:08:54 INFO BlockManagerInfo: Removed broadcast_0_piece0 on 0.0.0.0:42101 in memory (size: 34.7 KiB, free: 434.4 MiB)
[2025-03-09T05:09:02.310+0000] {ssh.py:526} INFO - 25/03/09 05:08:54 INFO MemoryStore: Block broadcast_2 stored as values in memory (estimated size 200.9 KiB, free 434.2 MiB)
[2025-03-09T05:09:02.310+0000] {ssh.py:526} INFO - 25/03/09 05:08:54 INFO BlockManagerInfo: Removed broadcast_1_piece0 on 0.0.0.0:42101 in memory (size: 7.8 KiB, free: 434.4 MiB)
[2025-03-09T05:09:02.310+0000] {ssh.py:526} INFO - 25/03/09 05:08:54 INFO MemoryStore: Block broadcast_2_piece0 stored as bytes in memory (estimated size 34.7 KiB, free 434.2 MiB)
[2025-03-09T05:09:02.310+0000] {ssh.py:526} INFO - 25/03/09 05:08:54 INFO BlockManagerInfo: Added broadcast_2_piece0 in memory on 0.0.0.0:42101 (size: 34.7 KiB, free: 434.4 MiB)
[2025-03-09T05:09:02.310+0000] {ssh.py:526} INFO - 25/03/09 05:08:54 INFO SparkContext: Created broadcast 2 from save at NativeMethodAccessorImpl.java:0
[2025-03-09T05:09:02.310+0000] {ssh.py:526} INFO - 25/03/09 05:08:54 INFO FileSourceScanExec: Planning scan with bin packing, max size: 21038624 bytes, open cost is considered as scanning 4194304 bytes.
[2025-03-09T05:09:02.310+0000] {ssh.py:526} INFO - 25/03/09 05:08:54 INFO SparkContext: Starting job: save at NativeMethodAccessorImpl.java:0
[2025-03-09T05:09:02.311+0000] {ssh.py:526} INFO - 25/03/09 05:08:54 INFO DAGScheduler: Got job 1 (save at NativeMethodAccessorImpl.java:0) with 1 output partitions
[2025-03-09T05:09:02.311+0000] {ssh.py:526} INFO - 25/03/09 05:08:54 INFO DAGScheduler: Final stage: ResultStage 1 (save at NativeMethodAccessorImpl.java:0)
[2025-03-09T05:09:02.311+0000] {ssh.py:526} INFO - 25/03/09 05:08:54 INFO DAGScheduler: Parents of final stage: List()
[2025-03-09T05:09:02.311+0000] {ssh.py:526} INFO - 25/03/09 05:08:54 INFO DAGScheduler: Missing parents: List()
[2025-03-09T05:09:02.311+0000] {ssh.py:526} INFO - 25/03/09 05:08:54 INFO DAGScheduler: Submitting ResultStage 1 (MapPartitionsRDD[7] at save at NativeMethodAccessorImpl.java:0), which has no missing parents
[2025-03-09T05:09:02.311+0000] {ssh.py:526} INFO - 25/03/09 05:08:55 INFO MemoryStore: Block broadcast_3 stored as values in memory (estimated size 225.1 KiB, free 434.0 MiB)
[2025-03-09T05:09:02.311+0000] {ssh.py:526} INFO - 25/03/09 05:08:55 INFO MemoryStore: Block broadcast_3_piece0 stored as bytes in memory (estimated size 81.0 KiB, free 433.9 MiB)
[2025-03-09T05:09:02.311+0000] {ssh.py:526} INFO - 25/03/09 05:08:55 INFO BlockManagerInfo: Added broadcast_3_piece0 in memory on 0.0.0.0:42101 (size: 81.0 KiB, free: 434.3 MiB)
[2025-03-09T05:09:02.312+0000] {ssh.py:526} INFO - 25/03/09 05:08:55 INFO SparkContext: Created broadcast 3 from broadcast at DAGScheduler.scala:1585
[2025-03-09T05:09:02.312+0000] {ssh.py:526} INFO - 25/03/09 05:08:55 INFO DAGScheduler: Submitting 1 missing tasks from ResultStage 1 (MapPartitionsRDD[7] at save at NativeMethodAccessorImpl.java:0) (first 15 tasks are for partitions Vector(0))
[2025-03-09T05:09:02.312+0000] {ssh.py:526} INFO - 25/03/09 05:08:55 INFO TaskSchedulerImpl: Adding task set 1.0 with 1 tasks resource profile 0
[2025-03-09T05:09:02.312+0000] {ssh.py:526} INFO - 25/03/09 05:08:55 INFO TaskSetManager: Starting task 0.0 in stage 1.0 (TID 1) (ip-172-31-12-182.ap-northeast-2.compute.internal, executor driver, partition 0, PROCESS_LOCAL, 10160 bytes) 
[2025-03-09T05:09:02.312+0000] {ssh.py:526} INFO - 25/03/09 05:08:55 INFO Executor: Running task 0.0 in stage 1.0 (TID 1)
[2025-03-09T05:09:02.312+0000] {ssh.py:526} INFO - 25/03/09 05:08:55 INFO CodeGenerator: Code generated in 87.708136 ms
[2025-03-09T05:09:02.312+0000] {ssh.py:526} INFO - 25/03/09 05:08:55 INFO FileOutputCommitter: File Output Committer Algorithm version is 1
[2025-03-09T05:09:02.312+0000] {ssh.py:526} INFO - 25/03/09 05:08:55 INFO FileOutputCommitter: FileOutputCommitter skip cleanup _temporary folders under output directory:false, ignore cleanup failures: false
[2025-03-09T05:09:02.312+0000] {ssh.py:526} INFO - 25/03/09 05:08:55 INFO SQLHadoopMapReduceCommitProtocol: Using user defined output committer class org.apache.parquet.hadoop.ParquetOutputCommitter
[2025-03-09T05:09:02.313+0000] {ssh.py:526} INFO - 25/03/09 05:08:55 INFO FileOutputCommitter: File Output Committer Algorithm version is 1
[2025-03-09T05:09:02.313+0000] {ssh.py:526} INFO - 25/03/09 05:08:55 INFO FileOutputCommitter: FileOutputCommitter skip cleanup _temporary folders under output directory:false, ignore cleanup failures: false
[2025-03-09T05:09:02.313+0000] {ssh.py:526} INFO - 25/03/09 05:08:55 INFO SQLHadoopMapReduceCommitProtocol: Using output committer class org.apache.parquet.hadoop.ParquetOutputCommitter
[2025-03-09T05:09:02.313+0000] {ssh.py:526} INFO - 25/03/09 05:08:55 INFO CodecConfig: Compression: SNAPPY
[2025-03-09T05:09:02.313+0000] {ssh.py:526} INFO - 25/03/09 05:08:55 INFO CodecConfig: Compression: SNAPPY
[2025-03-09T05:09:02.313+0000] {ssh.py:526} INFO - 25/03/09 05:08:55 INFO ParquetOutputFormat: ParquetRecordWriter [block size: 134217728b, row group padding size: 8388608b, validating: false]
[2025-03-09T05:09:02.313+0000] {ssh.py:526} INFO - 25/03/09 05:08:55 INFO ParquetWriteSupport: Initialized Parquet WriteSupport with Catalyst schema:
[2025-03-09T05:09:02.313+0000] {ssh.py:526} INFO - {
[2025-03-09T05:09:02.314+0000] {ssh.py:526} INFO -   "type" : "struct",
[2025-03-09T05:09:02.314+0000] {ssh.py:526} INFO -   "fields" : [ {
[2025-03-09T05:09:02.314+0000] {ssh.py:526} INFO -     "name" : "match_id",
[2025-03-09T05:09:02.314+0000] {ssh.py:526} INFO -     "type" : "string",
[2025-03-09T05:09:02.314+0000] {ssh.py:526} INFO -     "nullable" : true,
[2025-03-09T05:09:02.314+0000] {ssh.py:526} INFO -     "metadata" : { }
[2025-03-09T05:09:02.314+0000] {ssh.py:526} INFO -   }, {
[2025-03-09T05:09:02.314+0000] {ssh.py:526} INFO -     "name" : "spid",
[2025-03-09T05:09:02.315+0000] {ssh.py:526} INFO -     "type" : "integer",
[2025-03-09T05:09:02.315+0000] {ssh.py:526} INFO -     "nullable" : true,
[2025-03-09T05:09:02.315+0000] {ssh.py:526} INFO -     "metadata" : { }
[2025-03-09T05:09:02.315+0000] {ssh.py:526} INFO -   }, {
[2025-03-09T05:09:02.315+0000] {ssh.py:526} INFO -     "name" : "season_id",
[2025-03-09T05:09:02.315+0000] {ssh.py:526} INFO -     "type" : "integer",
[2025-03-09T05:09:02.315+0000] {ssh.py:526} INFO -     "nullable" : true,
[2025-03-09T05:09:02.315+0000] {ssh.py:526} INFO -     "metadata" : { }
[2025-03-09T05:09:02.316+0000] {ssh.py:526} INFO -   }, {
[2025-03-09T05:09:02.316+0000] {ssh.py:526} INFO -     "name" : "gamer_nickname",
[2025-03-09T05:09:02.316+0000] {ssh.py:526} INFO -     "type" : "string",
[2025-03-09T05:09:02.316+0000] {ssh.py:526} INFO -     "nullable" : true,
[2025-03-09T05:09:02.316+0000] {ssh.py:526} INFO -     "metadata" : { }
[2025-03-09T05:09:02.316+0000] {ssh.py:526} INFO -   }, {
[2025-03-09T05:09:02.316+0000] {ssh.py:526} INFO -     "name" : "position",
[2025-03-09T05:09:02.316+0000] {ssh.py:526} INFO -     "type" : "integer",
[2025-03-09T05:09:02.316+0000] {ssh.py:526} INFO -     "nullable" : true,
[2025-03-09T05:09:02.317+0000] {ssh.py:526} INFO -     "metadata" : { }
[2025-03-09T05:09:02.317+0000] {ssh.py:526} INFO -   }, {
[2025-03-09T05:09:02.317+0000] {ssh.py:526} INFO -     "name" : "ouid",
[2025-03-09T05:09:02.317+0000] {ssh.py:526} INFO -     "type" : "string",
[2025-03-09T05:09:02.317+0000] {ssh.py:526} INFO -     "nullable" : true,
[2025-03-09T05:09:02.317+0000] {ssh.py:526} INFO -     "metadata" : { }
[2025-03-09T05:09:02.317+0000] {ssh.py:526} INFO -   }, {
[2025-03-09T05:09:02.317+0000] {ssh.py:526} INFO -     "name" : "spgrade",
[2025-03-09T05:09:02.317+0000] {ssh.py:526} INFO -     "type" : "integer",
[2025-03-09T05:09:02.318+0000] {ssh.py:526} INFO -     "nullable" : true,
[2025-03-09T05:09:02.318+0000] {ssh.py:526} INFO -     "metadata" : { }
[2025-03-09T05:09:02.318+0000] {ssh.py:526} INFO -   }, {
[2025-03-09T05:09:02.318+0000] {ssh.py:526} INFO -     "name" : "matchresult",
[2025-03-09T05:09:02.318+0000] {ssh.py:526} INFO -     "type" : "string",
[2025-03-09T05:09:02.318+0000] {ssh.py:526} INFO -     "nullable" : true,
[2025-03-09T05:09:02.318+0000] {ssh.py:526} INFO -     "metadata" : { }
[2025-03-09T05:09:02.318+0000] {ssh.py:526} INFO -   }, {
[2025-03-09T05:09:02.319+0000] {ssh.py:526} INFO -     "name" : "match_date",
[2025-03-09T05:09:02.319+0000] {ssh.py:526} INFO -     "type" : "date",
[2025-03-09T05:09:02.319+0000] {ssh.py:526} INFO -     "nullable" : true,
[2025-03-09T05:09:02.319+0000] {ssh.py:526} INFO -     "metadata" : { }
[2025-03-09T05:09:02.319+0000] {ssh.py:526} INFO -   } ]
[2025-03-09T05:09:02.319+0000] {ssh.py:526} INFO - }
[2025-03-09T05:09:02.319+0000] {ssh.py:526} INFO - and corresponding Parquet message type:
[2025-03-09T05:09:02.319+0000] {ssh.py:526} INFO - message spark_schema {
[2025-03-09T05:09:02.319+0000] {ssh.py:526} INFO -   optional binary match_id (STRING);
[2025-03-09T05:09:02.320+0000] {ssh.py:526} INFO -   optional int32 spid;
[2025-03-09T05:09:02.320+0000] {ssh.py:526} INFO -   optional int32 season_id;
[2025-03-09T05:09:02.320+0000] {ssh.py:526} INFO -   optional binary gamer_nickname (STRING);
[2025-03-09T05:09:02.320+0000] {ssh.py:526} INFO -   optional int32 position;
[2025-03-09T05:09:02.320+0000] {ssh.py:526} INFO -   optional binary ouid (STRING);
[2025-03-09T05:09:02.320+0000] {ssh.py:526} INFO -   optional int32 spgrade;
[2025-03-09T05:09:02.320+0000] {ssh.py:526} INFO -   optional binary matchresult (STRING);
[2025-03-09T05:09:02.320+0000] {ssh.py:526} INFO -   optional int32 match_date (DATE);
[2025-03-09T05:09:02.321+0000] {ssh.py:526} INFO - }
[2025-03-09T05:09:02.321+0000] {ssh.py:526} INFO - 
[2025-03-09T05:09:02.321+0000] {ssh.py:526} INFO -        
[2025-03-09T05:09:02.321+0000] {ssh.py:526} INFO - 25/03/09 05:08:55 INFO CodecPool: Got brand-new compressor [.snappy]
[2025-03-09T05:09:02.321+0000] {ssh.py:526} INFO - 25/03/09 05:08:55 INFO FileScanRDD: Reading File path: s3a://de5-finalproj-team2/raw_data/json/match_data/2025-03-04/group_1.json, range: 0-13897, partition values: [empty row]
[2025-03-09T05:09:02.321+0000] {ssh.py:526} INFO - 25/03/09 05:08:55 INFO CodeGenerator: Code generated in 29.579666 ms
[2025-03-09T05:09:02.321+0000] {ssh.py:526} INFO - 25/03/09 05:08:55 INFO CodeGenerator: Code generated in 7.442363 ms
[2025-03-09T05:09:02.321+0000] {ssh.py:526} INFO - 25/03/09 05:08:56 INFO FileScanRDD: Reading File path: s3a://de5-finalproj-team2/raw_data/json/match_data/2025-03-04/group_4.json, range: 0-13890, partition values: [empty row]
[2025-03-09T05:09:02.322+0000] {ssh.py:526} INFO - 25/03/09 05:08:56 INFO FileScanRDD: Reading File path: s3a://de5-finalproj-team2/raw_data/json/match_data/2025-03-04/group_2.json, range: 0-13867, partition values: [empty row]
[2025-03-09T05:09:02.322+0000] {ssh.py:526} INFO - 25/03/09 05:08:56 INFO FileScanRDD: Reading File path: s3a://de5-finalproj-team2/raw_data/json/match_data/2025-03-04/group_0.json, range: 0-12741, partition values: [empty row]
[2025-03-09T05:09:02.322+0000] {ssh.py:526} INFO - 25/03/09 05:08:56 INFO FileScanRDD: Reading File path: s3a://de5-finalproj-team2/raw_data/json/match_data/2025-03-04/group_3.json, range: 0-12709, partition values: [empty row]
[2025-03-09T05:09:02.322+0000] {ssh.py:526} INFO - 25/03/09 05:08:57 INFO FileOutputCommitter: Saved output of task 'attempt_202503090508544904903023003160315_0001_m_000000_1' to s3a://de5-finalproj-team2/trend_analysis/match_data/2025-03-04/_temporary/0/task_202503090508544904903023003160315_0001_m_000000
[2025-03-09T05:09:02.322+0000] {ssh.py:526} INFO - 25/03/09 05:08:57 INFO SparkHadoopMapRedUtil: attempt_202503090508544904903023003160315_0001_m_000000_1: Committed. Elapsed time: 585 ms.
[2025-03-09T05:09:02.322+0000] {ssh.py:526} INFO - 25/03/09 05:08:57 INFO Executor: Finished task 0.0 in stage 1.0 (TID 1). 2725 bytes result sent to driver
[2025-03-09T05:09:02.322+0000] {ssh.py:526} INFO - 25/03/09 05:08:57 INFO TaskSetManager: Finished task 0.0 in stage 1.0 (TID 1) in 2568 ms on ip-172-31-12-182.ap-northeast-2.compute.internal (executor driver) (1/1)
[2025-03-09T05:09:02.322+0000] {ssh.py:526} INFO - 25/03/09 05:08:57 INFO TaskSchedulerImpl: Removed TaskSet 1.0, whose tasks have all completed, from pool 
[2025-03-09T05:09:02.322+0000] {ssh.py:526} INFO - 25/03/09 05:08:57 INFO DAGScheduler: ResultStage 1 (save at NativeMethodAccessorImpl.java:0) finished in 2.641 s
[2025-03-09T05:09:02.323+0000] {ssh.py:526} INFO - 25/03/09 05:08:57 INFO DAGScheduler: Job 1 is finished. Cancelling potential speculative or zombie tasks for this job
[2025-03-09T05:09:02.323+0000] {ssh.py:526} INFO - 25/03/09 05:08:57 INFO TaskSchedulerImpl: Killing all running tasks in stage 1: Stage finished
[2025-03-09T05:09:02.323+0000] {ssh.py:526} INFO - 25/03/09 05:08:57 INFO DAGScheduler: Job 1 finished: save at NativeMethodAccessorImpl.java:0, took 2.658209 s
[2025-03-09T05:09:02.323+0000] {ssh.py:526} INFO - 25/03/09 05:08:57 INFO FileFormatWriter: Start to commit write Job 93a25b86-9e95-4028-9234-b9d6b30ad44a.
[2025-03-09T05:09:02.323+0000] {ssh.py:526} INFO - 25/03/09 05:08:58 INFO FileFormatWriter: Write Job 93a25b86-9e95-4028-9234-b9d6b30ad44a committed. Elapsed time: 933 ms.
[2025-03-09T05:09:02.323+0000] {ssh.py:526} INFO - 25/03/09 05:08:58 INFO FileFormatWriter: Finished processing stats for write job 93a25b86-9e95-4028-9234-b9d6b30ad44a.
[2025-03-09T05:09:02.323+0000] {ssh.py:526} INFO - Writing analytics parquet
[2025-03-09T05:09:02.323+0000] {ssh.py:526} INFO - 25/03/09 05:08:58 INFO FileSourceStrategy: Pushed Filters: IsNotNull(player_info)
[2025-03-09T05:09:02.323+0000] {ssh.py:526} INFO - 25/03/09 05:08:58 INFO FileSourceStrategy: Post-Scan Filters: (size(player_info#13, true) > 0),isnotnull(player_info#13)
[2025-03-09T05:09:02.324+0000] {ssh.py:526} INFO - 25/03/09 05:08:58 INFO ParquetUtils: Using default output committer for Parquet: org.apache.parquet.hadoop.ParquetOutputCommitter
[2025-03-09T05:09:02.324+0000] {ssh.py:526} INFO - 25/03/09 05:08:58 INFO FileOutputCommitter: File Output Committer Algorithm version is 1
[2025-03-09T05:09:02.324+0000] {ssh.py:526} INFO - 25/03/09 05:08:58 INFO FileOutputCommitter: FileOutputCommitter skip cleanup _temporary folders under output directory:false, ignore cleanup failures: false
[2025-03-09T05:09:02.324+0000] {ssh.py:526} INFO - 25/03/09 05:08:58 INFO SQLHadoopMapReduceCommitProtocol: Using user defined output committer class org.apache.parquet.hadoop.ParquetOutputCommitter
[2025-03-09T05:09:02.324+0000] {ssh.py:526} INFO - 25/03/09 05:08:58 INFO FileOutputCommitter: File Output Committer Algorithm version is 1
[2025-03-09T05:09:02.324+0000] {ssh.py:526} INFO - 25/03/09 05:08:58 INFO FileOutputCommitter: FileOutputCommitter skip cleanup _temporary folders under output directory:false, ignore cleanup failures: false
[2025-03-09T05:09:02.324+0000] {ssh.py:526} INFO - 25/03/09 05:08:58 INFO SQLHadoopMapReduceCommitProtocol: Using output committer class org.apache.parquet.hadoop.ParquetOutputCommitter
[2025-03-09T05:09:02.324+0000] {ssh.py:526} INFO - 25/03/09 05:08:59 INFO CodeGenerator: Code generated in 48.402267 ms
[2025-03-09T05:09:02.325+0000] {ssh.py:526} INFO - 25/03/09 05:08:59 INFO MemoryStore: Block broadcast_4 stored as values in memory (estimated size 200.9 KiB, free 433.7 MiB)
[2025-03-09T05:09:02.325+0000] {ssh.py:526} INFO - 25/03/09 05:08:59 INFO MemoryStore: Block broadcast_4_piece0 stored as bytes in memory (estimated size 34.7 KiB, free 433.6 MiB)
[2025-03-09T05:09:02.325+0000] {ssh.py:526} INFO - 25/03/09 05:08:59 INFO BlockManagerInfo: Added broadcast_4_piece0 in memory on 0.0.0.0:42101 (size: 34.7 KiB, free: 434.3 MiB)
[2025-03-09T05:09:02.325+0000] {ssh.py:526} INFO - 25/03/09 05:08:59 INFO SparkContext: Created broadcast 4 from save at NativeMethodAccessorImpl.java:0
[2025-03-09T05:09:02.325+0000] {ssh.py:526} INFO - 25/03/09 05:08:59 INFO FileSourceScanExec: Planning scan with bin packing, max size: 21038624 bytes, open cost is considered as scanning 4194304 bytes.
[2025-03-09T05:09:02.325+0000] {ssh.py:526} INFO - 25/03/09 05:08:59 INFO SparkContext: Starting job: save at NativeMethodAccessorImpl.java:0
[2025-03-09T05:09:02.325+0000] {ssh.py:526} INFO - 25/03/09 05:08:59 INFO DAGScheduler: Got job 2 (save at NativeMethodAccessorImpl.java:0) with 1 output partitions
[2025-03-09T05:09:02.325+0000] {ssh.py:526} INFO - 25/03/09 05:08:59 INFO DAGScheduler: Final stage: ResultStage 2 (save at NativeMethodAccessorImpl.java:0)
[2025-03-09T05:09:02.325+0000] {ssh.py:526} INFO - 25/03/09 05:08:59 INFO DAGScheduler: Parents of final stage: List()
[2025-03-09T05:09:02.326+0000] {ssh.py:526} INFO - 25/03/09 05:08:59 INFO DAGScheduler: Missing parents: List()
[2025-03-09T05:09:02.326+0000] {ssh.py:526} INFO - 25/03/09 05:08:59 INFO DAGScheduler: Submitting ResultStage 2 (MapPartitionsRDD[11] at save at NativeMethodAccessorImpl.java:0), which has no missing parents
[2025-03-09T05:09:02.326+0000] {ssh.py:526} INFO - 25/03/09 05:08:59 INFO MemoryStore: Block broadcast_5 stored as values in memory (estimated size 223.4 KiB, free 433.4 MiB)
[2025-03-09T05:09:02.326+0000] {ssh.py:526} INFO - 25/03/09 05:08:59 INFO MemoryStore: Block broadcast_5_piece0 stored as bytes in memory (estimated size 80.4 KiB, free 433.3 MiB)
[2025-03-09T05:09:02.326+0000] {ssh.py:526} INFO - 25/03/09 05:08:59 INFO BlockManagerInfo: Added broadcast_5_piece0 in memory on 0.0.0.0:42101 (size: 80.4 KiB, free: 434.2 MiB)
[2025-03-09T05:09:02.326+0000] {ssh.py:526} INFO - 25/03/09 05:08:59 INFO SparkContext: Created broadcast 5 from broadcast at DAGScheduler.scala:1585
[2025-03-09T05:09:02.326+0000] {ssh.py:526} INFO - 25/03/09 05:08:59 INFO DAGScheduler: Submitting 1 missing tasks from ResultStage 2 (MapPartitionsRDD[11] at save at NativeMethodAccessorImpl.java:0) (first 15 tasks are for partitions Vector(0))
[2025-03-09T05:09:02.326+0000] {ssh.py:526} INFO - 25/03/09 05:08:59 INFO TaskSchedulerImpl: Adding task set 2.0 with 1 tasks resource profile 0
[2025-03-09T05:09:02.326+0000] {ssh.py:526} INFO - 25/03/09 05:08:59 INFO BlockManagerInfo: Removed broadcast_3_piece0 on 0.0.0.0:42101 in memory (size: 81.0 KiB, free: 434.3 MiB)
[2025-03-09T05:09:02.327+0000] {ssh.py:526} INFO - 25/03/09 05:08:59 INFO TaskSetManager: Starting task 0.0 in stage 2.0 (TID 2) (ip-172-31-12-182.ap-northeast-2.compute.internal, executor driver, partition 0, PROCESS_LOCAL, 10160 bytes) 
[2025-03-09T05:09:02.327+0000] {ssh.py:526} INFO - 25/03/09 05:08:59 INFO Executor: Running task 0.0 in stage 2.0 (TID 2)
[2025-03-09T05:09:02.327+0000] {ssh.py:526} INFO - 25/03/09 05:08:59 INFO CodeGenerator: Code generated in 50.721845 ms
[2025-03-09T05:09:02.327+0000] {ssh.py:526} INFO - 25/03/09 05:08:59 INFO FileOutputCommitter: File Output Committer Algorithm version is 1
[2025-03-09T05:09:02.327+0000] {ssh.py:526} INFO - 25/03/09 05:08:59 INFO FileOutputCommitter: FileOutputCommitter skip cleanup _temporary folders under output directory:false, ignore cleanup failures: false
[2025-03-09T05:09:02.327+0000] {ssh.py:526} INFO - 25/03/09 05:08:59 INFO SQLHadoopMapReduceCommitProtocol: Using user defined output committer class org.apache.parquet.hadoop.ParquetOutputCommitter
[2025-03-09T05:09:02.327+0000] {ssh.py:526} INFO - 25/03/09 05:08:59 INFO FileOutputCommitter: File Output Committer Algorithm version is 1
[2025-03-09T05:09:02.327+0000] {ssh.py:526} INFO - 25/03/09 05:08:59 INFO FileOutputCommitter: FileOutputCommitter skip cleanup _temporary folders under output directory:false, ignore cleanup failures: false
[2025-03-09T05:09:02.328+0000] {ssh.py:526} INFO - 25/03/09 05:08:59 INFO SQLHadoopMapReduceCommitProtocol: Using output committer class org.apache.parquet.hadoop.ParquetOutputCommitter
[2025-03-09T05:09:02.328+0000] {ssh.py:526} INFO - 25/03/09 05:08:59 INFO CodecConfig: Compression: SNAPPY
[2025-03-09T05:09:02.328+0000] {ssh.py:526} INFO - 25/03/09 05:08:59 INFO CodecConfig: Compression: SNAPPY
[2025-03-09T05:09:02.328+0000] {ssh.py:526} INFO - 25/03/09 05:08:59 INFO ParquetOutputFormat: ParquetRecordWriter [block size: 134217728b, row group padding size: 8388608b, validating: false]
[2025-03-09T05:09:02.328+0000] {ssh.py:526} INFO - 25/03/09 05:08:59 INFO ParquetWriteSupport: Initialized Parquet WriteSupport with Catalyst schema:
[2025-03-09T05:09:02.328+0000] {ssh.py:526} INFO - {
[2025-03-09T05:09:02.328+0000] {ssh.py:526} INFO -   "type" : "struct",
[2025-03-09T05:09:02.328+0000] {ssh.py:526} INFO -   "fields" : [ {
[2025-03-09T05:09:02.328+0000] {ssh.py:526} INFO -     "name" : "match_id",
[2025-03-09T05:09:02.329+0000] {ssh.py:526} INFO -     "type" : "string",
[2025-03-09T05:09:02.329+0000] {ssh.py:526} INFO -     "nullable" : true,
[2025-03-09T05:09:02.329+0000] {ssh.py:526} INFO -     "metadata" : { }
[2025-03-09T05:09:02.329+0000] {ssh.py:526} INFO -   }, {
[2025-03-09T05:09:02.329+0000] {ssh.py:526} INFO -     "name" : "spid",
[2025-03-09T05:09:02.329+0000] {ssh.py:526} INFO -     "type" : "integer",
[2025-03-09T05:09:02.329+0000] {ssh.py:526} INFO -     "nullable" : true,
[2025-03-09T05:09:02.329+0000] {ssh.py:526} INFO -     "metadata" : { }
[2025-03-09T05:09:02.330+0000] {ssh.py:526} INFO -   }, {
[2025-03-09T05:09:02.330+0000] {ssh.py:526} INFO -     "name" : "season_id",
[2025-03-09T05:09:02.330+0000] {ssh.py:526} INFO -     "type" : "integer",
[2025-03-09T05:09:02.330+0000] {ssh.py:526} INFO -     "nullable" : true,
[2025-03-09T05:09:02.330+0000] {ssh.py:526} INFO -     "metadata" : { }
[2025-03-09T05:09:02.330+0000] {ssh.py:526} INFO -   }, {
[2025-03-09T05:09:02.330+0000] {ssh.py:526} INFO -     "name" : "gamer_nickname",
[2025-03-09T05:09:02.330+0000] {ssh.py:526} INFO -     "type" : "string",
[2025-03-09T05:09:02.330+0000] {ssh.py:526} INFO -     "nullable" : true,
[2025-03-09T05:09:02.331+0000] {ssh.py:526} INFO -     "metadata" : { }
[2025-03-09T05:09:02.331+0000] {ssh.py:526} INFO -   }, {
[2025-03-09T05:09:02.331+0000] {ssh.py:526} INFO -     "name" : "position",
[2025-03-09T05:09:02.331+0000] {ssh.py:526} INFO -     "type" : "integer",
[2025-03-09T05:09:02.331+0000] {ssh.py:526} INFO -     "nullable" : true,
[2025-03-09T05:09:02.331+0000] {ssh.py:526} INFO -     "metadata" : { }
[2025-03-09T05:09:02.331+0000] {ssh.py:526} INFO -   }, {
[2025-03-09T05:09:02.331+0000] {ssh.py:526} INFO -     "name" : "spgrade",
[2025-03-09T05:09:02.331+0000] {ssh.py:526} INFO -     "type" : "integer",
[2025-03-09T05:09:02.332+0000] {ssh.py:526} INFO -     "nullable" : true,
[2025-03-09T05:09:02.332+0000] {ssh.py:526} INFO -     "metadata" : { }
[2025-03-09T05:09:02.332+0000] {ssh.py:526} INFO -   }, {
[2025-03-09T05:09:02.332+0000] {ssh.py:526} INFO -     "name" : "matchresult",
[2025-03-09T05:09:02.332+0000] {ssh.py:526} INFO -     "type" : "string",
[2025-03-09T05:09:02.332+0000] {ssh.py:526} INFO -     "nullable" : true,
[2025-03-09T05:09:02.332+0000] {ssh.py:526} INFO -     "metadata" : { }
[2025-03-09T05:09:02.332+0000] {ssh.py:526} INFO -   } ]
[2025-03-09T05:09:02.333+0000] {ssh.py:526} INFO - }
[2025-03-09T05:09:02.333+0000] {ssh.py:526} INFO - and corresponding Parquet message type:
[2025-03-09T05:09:02.333+0000] {ssh.py:526} INFO - message spark_schema {
[2025-03-09T05:09:02.333+0000] {ssh.py:526} INFO -   optional binary match_id (STRING);
[2025-03-09T05:09:02.333+0000] {ssh.py:526} INFO -   optional int32 spid;
[2025-03-09T05:09:02.333+0000] {ssh.py:526} INFO -   optional int32 season_id;
[2025-03-09T05:09:02.333+0000] {ssh.py:526} INFO -   optional binary gamer_nickname (STRING);
[2025-03-09T05:09:02.333+0000] {ssh.py:526} INFO -   optional int32 position;
[2025-03-09T05:09:02.334+0000] {ssh.py:526} INFO -   optional int32 spgrade;
[2025-03-09T05:09:02.334+0000] {ssh.py:526} INFO -   optional binary matchresult (STRING);
[2025-03-09T05:09:02.334+0000] {ssh.py:526} INFO - }
[2025-03-09T05:09:02.334+0000] {ssh.py:526} INFO - 
[2025-03-09T05:09:02.334+0000] {ssh.py:526} INFO -        
[2025-03-09T05:09:02.334+0000] {ssh.py:526} INFO - 25/03/09 05:08:59 INFO FileScanRDD: Reading File path: s3a://de5-finalproj-team2/raw_data/json/match_data/2025-03-04/group_1.json, range: 0-13897, partition values: [empty row]
[2025-03-09T05:09:02.334+0000] {ssh.py:526} INFO - 25/03/09 05:08:59 INFO CodeGenerator: Code generated in 46.454785 ms
[2025-03-09T05:09:02.334+0000] {ssh.py:526} INFO - 25/03/09 05:08:59 INFO CodeGenerator: Code generated in 12.761353 ms
[2025-03-09T05:09:02.334+0000] {ssh.py:526} INFO - 25/03/09 05:08:59 INFO FileScanRDD: Reading File path: s3a://de5-finalproj-team2/raw_data/json/match_data/2025-03-04/group_4.json, range: 0-13890, partition values: [empty row]
[2025-03-09T05:09:02.335+0000] {ssh.py:526} INFO - 25/03/09 05:08:59 INFO BlockManagerInfo: Removed broadcast_2_piece0 on 0.0.0.0:42101 in memory (size: 34.7 KiB, free: 434.3 MiB)
[2025-03-09T05:09:02.335+0000] {ssh.py:526} INFO - 25/03/09 05:08:59 INFO FileScanRDD: Reading File path: s3a://de5-finalproj-team2/raw_data/json/match_data/2025-03-04/group_2.json, range: 0-13867, partition values: [empty row]
[2025-03-09T05:09:02.335+0000] {ssh.py:526} INFO - 25/03/09 05:08:59 INFO FileScanRDD: Reading File path: s3a://de5-finalproj-team2/raw_data/json/match_data/2025-03-04/group_0.json, range: 0-12741, partition values: [empty row]
[2025-03-09T05:09:02.335+0000] {ssh.py:526} INFO - 25/03/09 05:08:59 INFO FileScanRDD: Reading File path: s3a://de5-finalproj-team2/raw_data/json/match_data/2025-03-04/group_3.json, range: 0-12709, partition values: [empty row]
[2025-03-09T05:09:02.335+0000] {ssh.py:526} INFO - 25/03/09 05:09:00 INFO FileOutputCommitter: Saved output of task 'attempt_202503090508592669919338754987859_0002_m_000000_2' to s3a://de5-finalproj-team2/analytics/match_data/2025-03-04/_temporary/0/task_202503090508592669919338754987859_0002_m_000000
[2025-03-09T05:09:02.335+0000] {ssh.py:526} INFO - 25/03/09 05:09:00 INFO SparkHadoopMapRedUtil: attempt_202503090508592669919338754987859_0002_m_000000_2: Committed. Elapsed time: 554 ms.
[2025-03-09T05:09:02.335+0000] {ssh.py:526} INFO - 25/03/09 05:09:00 INFO Executor: Finished task 0.0 in stage 2.0 (TID 2). 2682 bytes result sent to driver
[2025-03-09T05:09:02.335+0000] {ssh.py:526} INFO - 25/03/09 05:09:00 INFO TaskSetManager: Finished task 0.0 in stage 2.0 (TID 2) in 1418 ms on ip-172-31-12-182.ap-northeast-2.compute.internal (executor driver) (1/1)
[2025-03-09T05:09:02.336+0000] {ssh.py:526} INFO - 25/03/09 05:09:00 INFO TaskSchedulerImpl: Removed TaskSet 2.0, whose tasks have all completed, from pool 
[2025-03-09T05:09:02.336+0000] {ssh.py:526} INFO - 25/03/09 05:09:00 INFO DAGScheduler: ResultStage 2 (save at NativeMethodAccessorImpl.java:0) finished in 1.547 s
[2025-03-09T05:09:02.336+0000] {ssh.py:526} INFO - 25/03/09 05:09:00 INFO DAGScheduler: Job 2 is finished. Cancelling potential speculative or zombie tasks for this job
[2025-03-09T05:09:02.336+0000] {ssh.py:526} INFO - 25/03/09 05:09:00 INFO TaskSchedulerImpl: Killing all running tasks in stage 2: Stage finished
[2025-03-09T05:09:02.336+0000] {ssh.py:526} INFO - 25/03/09 05:09:00 INFO DAGScheduler: Job 2 finished: save at NativeMethodAccessorImpl.java:0, took 1.561831 s
[2025-03-09T05:09:02.336+0000] {ssh.py:526} INFO - 25/03/09 05:09:00 INFO FileFormatWriter: Start to commit write Job 9728371f-0cbc-4d21-83f3-0fe47e8a8437.
[2025-03-09T05:09:02.336+0000] {ssh.py:526} INFO - 25/03/09 05:09:01 INFO BlockManagerInfo: Removed broadcast_5_piece0 on 0.0.0.0:42101 in memory (size: 80.4 KiB, free: 434.4 MiB)
[2025-03-09T05:09:02.336+0000] {ssh.py:526} INFO - 25/03/09 05:09:01 INFO FileFormatWriter: Write Job 9728371f-0cbc-4d21-83f3-0fe47e8a8437 committed. Elapsed time: 809 ms.
[2025-03-09T05:09:02.336+0000] {ssh.py:526} INFO - 25/03/09 05:09:01 INFO FileFormatWriter: Finished processing stats for write job 9728371f-0cbc-4d21-83f3-0fe47e8a8437.
[2025-03-09T05:09:02.337+0000] {ssh.py:526} INFO - 25/03/09 05:09:01 INFO SparkContext: SparkContext is stopping with exitCode 0.
[2025-03-09T05:09:02.337+0000] {ssh.py:526} INFO - 25/03/09 05:09:01 INFO SparkUI: Stopped Spark web UI at http://0.0.0.0:4040
[2025-03-09T05:09:02.337+0000] {ssh.py:526} INFO - 25/03/09 05:09:01 INFO MapOutputTrackerMasterEndpoint: MapOutputTrackerMasterEndpoint stopped!
[2025-03-09T05:09:02.337+0000] {ssh.py:526} INFO - 25/03/09 05:09:01 INFO MemoryStore: MemoryStore cleared
[2025-03-09T05:09:02.337+0000] {ssh.py:526} INFO - 25/03/09 05:09:01 INFO BlockManager: BlockManager stopped
[2025-03-09T05:09:02.337+0000] {ssh.py:526} INFO - 25/03/09 05:09:01 INFO BlockManagerMaster: BlockManagerMaster stopped
[2025-03-09T05:09:02.337+0000] {ssh.py:526} INFO - 25/03/09 05:09:01 INFO OutputCommitCoordinator$OutputCommitCoordinatorEndpoint: OutputCommitCoordinator stopped!
[2025-03-09T05:09:02.337+0000] {ssh.py:526} INFO - 25/03/09 05:09:01 INFO SparkContext: Successfully stopped SparkContext
[2025-03-09T05:09:02.338+0000] {ssh.py:526} INFO - 25/03/09 05:09:02 INFO ShutdownHookManager: Shutdown hook called
[2025-03-09T05:09:02.338+0000] {ssh.py:526} INFO - 25/03/09 05:09:02 INFO ShutdownHookManager: Deleting directory /tmp/spark-e00303ab-112f-4636-b0a3-ac8696cde147
[2025-03-09T05:09:02.338+0000] {ssh.py:526} INFO - 25/03/09 05:09:02 INFO ShutdownHookManager: Deleting directory /tmp/spark-66c43eb0-a112-4422-a6e3-888f825f178d
[2025-03-09T05:09:02.338+0000] {ssh.py:526} INFO - 25/03/09 05:09:02 INFO ShutdownHookManager: Deleting directory /tmp/spark-e00303ab-112f-4636-b0a3-ac8696cde147/pyspark-42239195-e413-42f3-bf93-bbf408331005
[2025-03-09T05:09:02.338+0000] {ssh.py:526} INFO - 25/03/09 05:09:02 INFO MetricsSystemImpl: Stopping s3a-file-system metrics system...
[2025-03-09T05:09:02.338+0000] {ssh.py:526} INFO - 25/03/09 05:09:02 INFO MetricsSystemImpl: s3a-file-system metrics system stopped.
[2025-03-09T05:09:02.338+0000] {ssh.py:526} INFO - 25/03/09 05:09:02 INFO MetricsSystemImpl: s3a-file-system metrics system shutdown complete.
[2025-03-09T05:09:02.338+0000] {ssh.py:526} INFO - === Spark Job Log End ===
[2025-03-09T05:09:02.338+0000] {ssh.py:526} INFO - Spark Job Succeeded!
[2025-03-09T05:09:02.356+0000] {taskinstance.py:441} INFO - ::group::Post task execution logs
[2025-03-09T05:09:02.391+0000] {taskinstance.py:1206} INFO - Marking task as SUCCESS. dag_id=submit_spark_job_v2, task_id=submit_spark_via_ssh, run_id=scheduled__2025-03-07T00:00:00+00:00, execution_date=20250307T000000, start_date=20250309T050837, end_date=20250309T050902
[2025-03-09T05:09:02.410+0000] {local_task_job_runner.py:240} INFO - Task exited with return code 0
[2025-03-09T05:09:02.430+0000] {taskinstance.py:3498} INFO - 0 downstream tasks scheduled from follow-on schedule check
[2025-03-09T05:09:02.432+0000] {local_task_job_runner.py:222} INFO - ::endgroup::
