[2025-03-09T04:38:03.245+0000] {local_task_job_runner.py:120} INFO - ::group::Pre task execution logs
[2025-03-09T04:38:03.269+0000] {taskinstance.py:2076} INFO - Dependencies all met for dep_context=non-requeueable deps ti=<TaskInstance: submit_spark_job_v2.submit_spark_via_ssh scheduled__2025-03-07T00:00:00+00:00 [queued]>
[2025-03-09T04:38:03.278+0000] {taskinstance.py:2076} INFO - Dependencies all met for dep_context=requeueable deps ti=<TaskInstance: submit_spark_job_v2.submit_spark_via_ssh scheduled__2025-03-07T00:00:00+00:00 [queued]>
[2025-03-09T04:38:03.279+0000] {taskinstance.py:2306} INFO - Starting attempt 11 of 12
[2025-03-09T04:38:03.292+0000] {taskinstance.py:2330} INFO - Executing <Task(SSHOperator): submit_spark_via_ssh> on 2025-03-07 00:00:00+00:00
[2025-03-09T04:38:03.298+0000] {standard_task_runner.py:63} INFO - Started process 5813 to run task
[2025-03-09T04:38:03.303+0000] {standard_task_runner.py:90} INFO - Running: ['***', 'tasks', 'run', 'submit_spark_job_v2', 'submit_spark_via_ssh', 'scheduled__2025-03-07T00:00:00+00:00', '--job-id', '20', '--raw', '--subdir', 'DAGS_FOLDER/match_info_spark_process_v2.py', '--cfg-path', '/tmp/tmpgykbd6dy']
[2025-03-09T04:38:03.305+0000] {standard_task_runner.py:91} INFO - Job 20: Subtask submit_spark_via_ssh
[2025-03-09T04:38:03.372+0000] {task_command.py:426} INFO - Running <TaskInstance: submit_spark_job_v2.submit_spark_via_ssh scheduled__2025-03-07T00:00:00+00:00 [running]> on host 40942f81e2c9
[2025-03-09T04:38:03.493+0000] {taskinstance.py:2648} INFO - Exporting env vars: AIRFLOW_CTX_DAG_OWNER='***' AIRFLOW_CTX_DAG_ID='submit_spark_job_v2' AIRFLOW_CTX_TASK_ID='submit_spark_via_ssh' AIRFLOW_CTX_EXECUTION_DATE='2025-03-07T00:00:00+00:00' AIRFLOW_CTX_TRY_NUMBER='11' AIRFLOW_CTX_DAG_RUN_ID='scheduled__2025-03-07T00:00:00+00:00'
[2025-03-09T04:38:03.495+0000] {taskinstance.py:430} INFO - ::endgroup::
[2025-03-09T04:38:03.510+0000] {ssh.py:151} INFO - Creating ssh_client
[2025-03-09T04:38:03.511+0000] {ssh.py:124} INFO - ssh_hook is not provided or invalid. Trying ssh_conn_id to create SSHHook.
[2025-03-09T04:38:03.525+0000] {base.py:84} INFO - Using connection ID 'spark_ssh_conn' for task execution.
[2025-03-09T04:38:03.527+0000] {ssh.py:301} WARNING - No Host Key Verification. This won't protect against Man-In-The-Middle attacks
[2025-03-09T04:38:03.531+0000] {transport.py:1909} INFO - Connected (version 2.0, client OpenSSH_9.6p1)
[2025-03-09T04:38:03.593+0000] {transport.py:1909} INFO - Authentication (publickey) successful!
[2025-03-09T04:38:03.594+0000] {ssh.py:480} INFO - Running command: 
    set -e  # 명령어 실패 시 즉시 종료
    echo "Starting Spark Job on ec2-3-37-216-159.ap-northeast-2.compute.amazonaws.com" << 'EOF'
    echo "Submitting Spark Job..."
    spark-submit /home/ubuntu/spark_scripts/match_info_pyspark.py --processing_date 2025-03-04 > spark_job.log 2>&1
    exit_code=$?

    # 실행 로그 출력 (Airflow에서 확인 가능)
    cat spark_job.log

    # Spark 실패 감지
    if [ $exit_code -ne 0 ]; then
        echo "Spark Job Failed! Check logs."
        exit 1
    else
        echo "Spark Job Succeeded!"
    fi
    EOF
    
[2025-03-09T04:38:04.192+0000] {ssh.py:531} WARNING - bash: line 19: warning: here-document at line 3 delimited by end-of-file (wanted `EOF')
[2025-03-09T04:38:04.193+0000] {ssh.py:526} INFO - Starting Spark Job on ec2-3-37-216-159.ap-northeast-2.compute.amazonaws.com
[2025-03-09T04:38:04.210+0000] {taskinstance.py:441} INFO - ::group::Post task execution logs
[2025-03-09T04:38:04.242+0000] {taskinstance.py:1206} INFO - Marking task as SUCCESS. dag_id=submit_spark_job_v2, task_id=submit_spark_via_ssh, run_id=scheduled__2025-03-07T00:00:00+00:00, execution_date=20250307T000000, start_date=20250309T043803, end_date=20250309T043804
[2025-03-09T04:38:04.281+0000] {local_task_job_runner.py:240} INFO - Task exited with return code 0
[2025-03-09T04:38:04.304+0000] {taskinstance.py:3498} INFO - 0 downstream tasks scheduled from follow-on schedule check
[2025-03-09T04:38:04.306+0000] {local_task_job_runner.py:222} INFO - ::endgroup::
