[2025-03-09T05:50:00.924+0000] {local_task_job_runner.py:120} INFO - ::group::Pre task execution logs
[2025-03-09T05:50:01.002+0000] {taskinstance.py:2076} INFO - Dependencies all met for dep_context=non-requeueable deps ti=<TaskInstance: submit_spark_job_v3.submit_spark_via_ssh scheduled__2025-03-06T01:00:00+00:00 [queued]>
[2025-03-09T05:50:01.030+0000] {taskinstance.py:2076} INFO - Dependencies all met for dep_context=requeueable deps ti=<TaskInstance: submit_spark_job_v3.submit_spark_via_ssh scheduled__2025-03-06T01:00:00+00:00 [queued]>
[2025-03-09T05:50:01.031+0000] {taskinstance.py:2306} INFO - Starting attempt 1 of 2
[2025-03-09T05:50:01.146+0000] {taskinstance.py:2330} INFO - Executing <Task(SSHOperator): submit_spark_via_ssh> on 2025-03-06 01:00:00+00:00
[2025-03-09T05:50:01.181+0000] {standard_task_runner.py:63} INFO - Started process 8153 to run task
[2025-03-09T05:50:01.210+0000] {standard_task_runner.py:90} INFO - Running: ['***', 'tasks', 'run', 'submit_spark_job_v3', 'submit_spark_via_ssh', 'scheduled__2025-03-06T01:00:00+00:00', '--job-id', '34', '--raw', '--subdir', 'DAGS_FOLDER/match_info_spark_process_v3.py', '--cfg-path', '/tmp/tmpv9j585vv']
[2025-03-09T05:50:01.224+0000] {standard_task_runner.py:91} INFO - Job 34: Subtask submit_spark_via_ssh
[2025-03-09T05:50:01.643+0000] {task_command.py:426} INFO - Running <TaskInstance: submit_spark_job_v3.submit_spark_via_ssh scheduled__2025-03-06T01:00:00+00:00 [running]> on host 40942f81e2c9
[2025-03-09T05:50:02.139+0000] {logging_mixin.py:188} WARNING - /home/***/.local/lib/python3.9/site-packages/***/utils/context.py:212 AirflowContextDeprecationWarning: Accessing 'execution_date' from the template is deprecated and will be removed in a future version. Please use 'data_interval_start' or 'logical_date' instead.
[2025-03-09T05:50:02.350+0000] {taskinstance.py:2648} INFO - Exporting env vars: AIRFLOW_CTX_DAG_OWNER='***' AIRFLOW_CTX_DAG_ID='submit_spark_job_v3' AIRFLOW_CTX_TASK_ID='submit_spark_via_ssh' AIRFLOW_CTX_EXECUTION_DATE='2025-03-06T01:00:00+00:00' AIRFLOW_CTX_TRY_NUMBER='1' AIRFLOW_CTX_DAG_RUN_ID='scheduled__2025-03-06T01:00:00+00:00'
[2025-03-09T05:50:02.355+0000] {taskinstance.py:430} INFO - ::endgroup::
[2025-03-09T05:50:02.409+0000] {ssh.py:151} INFO - Creating ssh_client
[2025-03-09T05:50:02.411+0000] {ssh.py:124} INFO - ssh_hook is not provided or invalid. Trying ssh_conn_id to create SSHHook.
[2025-03-09T05:50:02.454+0000] {base.py:84} INFO - Using connection ID 'spark_ssh_conn' for task execution.
[2025-03-09T05:50:02.456+0000] {ssh.py:301} WARNING - No Host Key Verification. This won't protect against Man-In-The-Middle attacks
[2025-03-09T05:50:02.465+0000] {transport.py:1909} INFO - Connected (version 2.0, client OpenSSH_9.6p1)
[2025-03-09T05:50:02.668+0000] {transport.py:1909} INFO - Authentication (publickey) successful!
[2025-03-09T05:50:02.670+0000] {ssh.py:480} INFO - Running command: 
    set -e  # 명령어 실패 시 즉시 종료
    echo "Starting Spark Job on ec2-3-37-216-159.ap-northeast-2.compute.amazonaws.com"

    echo "Submitting Spark Job... for 2025-03-06 data"
   /spark-3.5.3/bin/spark-submit /home/ubuntu/spark_scripts/match_info_pyspark.py 2025-03-06 > spark_job.log 2>&1
    exit_code=$?

    # 실행 로그 출력 (Airflow에서 확인 가능)
    if [ -f spark_job.log ]; then
        echo "=== Spark Job Log Start ==="
        cat spark_job.log
        echo "=== Spark Job Log End ==="
    else
        echo "Warning: spark_job.log not found!"
    fi

    # Spark 실패 감지
    if [ $exit_code -ne 0 ]; then
        echo "Spark Job Failed! Check logs."
        exit 1
    else
        echo "Spark Job Succeeded!"
    fi
    
[2025-03-09T05:50:03.788+0000] {ssh.py:526} INFO - Starting Spark Job on ec2-3-37-216-159.ap-northeast-2.compute.amazonaws.com
[2025-03-09T05:50:03.789+0000] {ssh.py:526} INFO - Submitting Spark Job... for 2025-03-06 data
[2025-03-09T05:51:17.050+0000] {local_task_job_runner.py:310} WARNING - State of this instance has been externally set to success. Terminating instance.
[2025-03-09T05:51:17.050+0000] {local_task_job_runner.py:222} INFO - ::endgroup::
[2025-03-09T05:51:17.052+0000] {process_utils.py:132} INFO - Sending 15 to group 8153. PIDs of all processes in the group: [8153]
[2025-03-09T05:51:17.052+0000] {process_utils.py:87} INFO - Sending the signal 15 to group 8153
[2025-03-09T05:51:17.053+0000] {taskinstance.py:2611} ERROR - Received SIGTERM. Terminating subprocesses.
[2025-03-09T05:51:17.053+0000] {taskinstance.py:441} INFO - ::group::Post task execution logs
[2025-03-09T05:51:17.105+0000] {process_utils.py:80} INFO - Process psutil.Process(pid=8153, status='terminated', exitcode=0, started='05:50:00') (8153) terminated with exit code 0
[2025-03-10T13:12:31.980+0000] {local_task_job_runner.py:120} INFO - ::group::Pre task execution logs
[2025-03-10T13:12:32.035+0000] {taskinstance.py:2076} INFO - Dependencies all met for dep_context=non-requeueable deps ti=<TaskInstance: submit_spark_job_v3.submit_spark_via_ssh scheduled__2025-03-06T01:00:00+00:00 [queued]>
[2025-03-10T13:12:32.051+0000] {taskinstance.py:2076} INFO - Dependencies all met for dep_context=requeueable deps ti=<TaskInstance: submit_spark_job_v3.submit_spark_via_ssh scheduled__2025-03-06T01:00:00+00:00 [queued]>
[2025-03-10T13:12:32.052+0000] {taskinstance.py:2306} INFO - Starting attempt 1 of 2
[2025-03-10T13:12:32.076+0000] {taskinstance.py:2330} INFO - Executing <Task(SSHOperator): submit_spark_via_ssh> on 2025-03-06 01:00:00+00:00
[2025-03-10T13:12:32.091+0000] {standard_task_runner.py:63} INFO - Started process 1441 to run task
[2025-03-10T13:12:32.102+0000] {standard_task_runner.py:90} INFO - Running: ['***', 'tasks', 'run', 'submit_spark_job_v3', 'submit_spark_via_ssh', 'scheduled__2025-03-06T01:00:00+00:00', '--job-id', '7', '--raw', '--subdir', 'DAGS_FOLDER/match_info_spark_process_dag.py', '--cfg-path', '/tmp/tmpzoycnka_']
[2025-03-10T13:12:32.109+0000] {standard_task_runner.py:91} INFO - Job 7: Subtask submit_spark_via_ssh
[2025-03-10T13:12:32.297+0000] {task_command.py:426} INFO - Running <TaskInstance: submit_spark_job_v3.submit_spark_via_ssh scheduled__2025-03-06T01:00:00+00:00 [running]> on host a0d797a25898
[2025-03-10T13:12:32.733+0000] {taskinstance.py:2648} INFO - Exporting env vars: AIRFLOW_CTX_DAG_OWNER='***' AIRFLOW_CTX_DAG_ID='submit_spark_job_v3' AIRFLOW_CTX_TASK_ID='submit_spark_via_ssh' AIRFLOW_CTX_EXECUTION_DATE='2025-03-06T01:00:00+00:00' AIRFLOW_CTX_TRY_NUMBER='1' AIRFLOW_CTX_DAG_RUN_ID='scheduled__2025-03-06T01:00:00+00:00'
[2025-03-10T13:12:32.736+0000] {taskinstance.py:430} INFO - ::endgroup::
[2025-03-10T13:12:32.802+0000] {ssh.py:151} INFO - Creating ssh_client
[2025-03-10T13:12:32.804+0000] {ssh.py:124} INFO - ssh_hook is not provided or invalid. Trying ssh_conn_id to create SSHHook.
[2025-03-10T13:12:32.858+0000] {base.py:84} INFO - Using connection ID 'spark_ssh_conn' for task execution.
[2025-03-10T13:12:32.861+0000] {ssh.py:301} WARNING - No Host Key Verification. This won't protect against Man-In-The-Middle attacks
[2025-03-10T13:12:32.868+0000] {transport.py:1909} INFO - Connected (version 2.0, client OpenSSH_9.6p1)
[2025-03-10T13:12:33.081+0000] {transport.py:1909} INFO - Authentication (publickey) successful!
[2025-03-10T13:12:33.087+0000] {ssh.py:480} INFO - Running command: 
    set -e  # 명령어 실패 시 즉시 종료
    echo "Starting Spark Job on 2025-03-06"

    echo "Submitting Spark Job... for 2025-03-06 data"
   /spark-3.5.3/bin/spark-submit /home/ubuntu/spark_scripts/match_info_pyspark.py 2025-03-06 > spark_job.log 2>&1
    exit_code=$?

    # 실행 로그 출력 (Airflow에서 확인 가능)
    if [ -f spark_job.log ]; then
        echo "=== Spark Job Log Start ==="
        cat spark_job.log
        echo "=== Spark Job Log End ==="
    else
        echo "Warning: spark_job.log not found!"
    fi

    # Spark 실패 감지
    if [ $exit_code -ne 0 ]; then
        echo "Spark Job Failed! Check logs."
        exit 1
    else
        echo "Spark Job Succeeded!"
    fi
    
[2025-03-10T13:12:33.660+0000] {ssh.py:526} INFO - Starting Spark Job on 2025-03-06
[2025-03-10T13:12:33.661+0000] {ssh.py:526} INFO - Submitting Spark Job... for 2025-03-06 data
[2025-03-10T13:12:58.171+0000] {ssh.py:526} INFO - === Spark Job Log Start ===
[2025-03-10T13:12:58.173+0000] {ssh.py:526} INFO - Processing date: 2025-03-06
[2025-03-10T13:12:58.173+0000] {ssh.py:526} INFO - 25/03/10 13:12:37 INFO SparkContext: Running Spark version 3.5.3
[2025-03-10T13:12:58.174+0000] {ssh.py:526} INFO - 25/03/10 13:12:37 INFO SparkContext: OS info Linux, 6.8.0-1024-aws, amd64
[2025-03-10T13:12:58.174+0000] {ssh.py:526} INFO - 25/03/10 13:12:37 INFO SparkContext: Java version 11.0.26
[2025-03-10T13:12:58.174+0000] {ssh.py:526} INFO - 25/03/10 13:12:37 WARN NativeCodeLoader: Unable to load native-hadoop library for your platform... using builtin-java classes where applicable
[2025-03-10T13:12:58.174+0000] {ssh.py:526} INFO - 25/03/10 13:12:37 INFO ResourceUtils: ==============================================================
[2025-03-10T13:12:58.174+0000] {ssh.py:526} INFO - 25/03/10 13:12:37 INFO ResourceUtils: No custom resources configured for spark.driver.
[2025-03-10T13:12:58.174+0000] {ssh.py:526} INFO - 25/03/10 13:12:37 INFO ResourceUtils: ==============================================================
[2025-03-10T13:12:58.175+0000] {ssh.py:526} INFO - 25/03/10 13:12:37 INFO SparkContext: Submitted application: json to parquet
[2025-03-10T13:12:58.175+0000] {ssh.py:526} INFO - 25/03/10 13:12:37 INFO ResourceProfile: Default ResourceProfile created, executor resources: Map(cores -> name: cores, amount: 1, script: , vendor: , memory -> name: memory, amount: 1024, script: , vendor: , offHeap -> name: offHeap, amount: 0, script: , vendor: ), task resources: Map(cpus -> name: cpus, amount: 1.0)
[2025-03-10T13:12:58.175+0000] {ssh.py:526} INFO - 25/03/10 13:12:37 INFO ResourceProfile: Limiting resource is cpu
[2025-03-10T13:12:58.176+0000] {ssh.py:526} INFO - 25/03/10 13:12:37 INFO ResourceProfileManager: Added ResourceProfile id: 0
[2025-03-10T13:12:58.176+0000] {ssh.py:526} INFO - 25/03/10 13:12:38 INFO SecurityManager: Changing view acls to: ubuntu
[2025-03-10T13:12:58.176+0000] {ssh.py:526} INFO - 25/03/10 13:12:38 INFO SecurityManager: Changing modify acls to: ubuntu
[2025-03-10T13:12:58.176+0000] {ssh.py:526} INFO - 25/03/10 13:12:38 INFO SecurityManager: Changing view acls groups to: 
[2025-03-10T13:12:58.177+0000] {ssh.py:526} INFO - 25/03/10 13:12:38 INFO SecurityManager: Changing modify acls groups to: 
[2025-03-10T13:12:58.177+0000] {ssh.py:526} INFO - 25/03/10 13:12:38 INFO SecurityManager: SecurityManager: authentication disabled; ui acls disabled; users with view permissions: ubuntu; groups with view permissions: EMPTY; users with modify permissions: ubuntu; groups with modify permissions: EMPTY
[2025-03-10T13:12:58.177+0000] {ssh.py:526} INFO - 25/03/10 13:12:38 INFO Utils: Successfully started service 'sparkDriver' on port 45509.
[2025-03-10T13:12:58.177+0000] {ssh.py:526} INFO - 25/03/10 13:12:38 INFO SparkEnv: Registering MapOutputTracker
[2025-03-10T13:12:58.177+0000] {ssh.py:526} INFO - 25/03/10 13:12:38 INFO SparkEnv: Registering BlockManagerMaster
[2025-03-10T13:12:58.177+0000] {ssh.py:526} INFO - 25/03/10 13:12:38 INFO BlockManagerMasterEndpoint: Using org.apache.spark.storage.DefaultTopologyMapper for getting topology information
[2025-03-10T13:12:58.177+0000] {ssh.py:526} INFO - 25/03/10 13:12:38 INFO BlockManagerMasterEndpoint: BlockManagerMasterEndpoint up
[2025-03-10T13:12:58.178+0000] {ssh.py:526} INFO - 25/03/10 13:12:38 INFO SparkEnv: Registering BlockManagerMasterHeartbeat
[2025-03-10T13:12:58.178+0000] {ssh.py:526} INFO - 25/03/10 13:12:38 INFO DiskBlockManager: Created local directory at /tmp/blockmgr-b1209eaa-8063-4243-9ec9-9d22dd5821ee
[2025-03-10T13:12:58.178+0000] {ssh.py:526} INFO - 25/03/10 13:12:38 INFO MemoryStore: MemoryStore started with capacity 434.4 MiB
[2025-03-10T13:12:58.178+0000] {ssh.py:526} INFO - 25/03/10 13:12:38 INFO SparkEnv: Registering OutputCommitCoordinator
[2025-03-10T13:12:58.178+0000] {ssh.py:526} INFO - 25/03/10 13:12:38 INFO JettyUtils: Start Jetty 0.0.0.0:4040 for SparkUI
[2025-03-10T13:12:58.178+0000] {ssh.py:526} INFO - 25/03/10 13:12:38 INFO Utils: Successfully started service 'SparkUI' on port 4040.
[2025-03-10T13:12:58.178+0000] {ssh.py:526} INFO - 25/03/10 13:12:39 INFO Executor: Starting executor ID driver on host ip-172-31-12-182.ap-northeast-2.compute.internal
[2025-03-10T13:12:58.178+0000] {ssh.py:526} INFO - 25/03/10 13:12:39 INFO Executor: OS info Linux, 6.8.0-1024-aws, amd64
[2025-03-10T13:12:58.179+0000] {ssh.py:526} INFO - 25/03/10 13:12:39 INFO Executor: Java version 11.0.26
[2025-03-10T13:12:58.179+0000] {ssh.py:526} INFO - 25/03/10 13:12:39 INFO Executor: Starting executor with user classpath (userClassPathFirst = false): ''
[2025-03-10T13:12:58.179+0000] {ssh.py:526} INFO - 25/03/10 13:12:39 INFO Executor: Created or updated repl class loader org.apache.spark.util.MutableURLClassLoader@60f6b4ea for default.
[2025-03-10T13:12:58.179+0000] {ssh.py:526} INFO - 25/03/10 13:12:39 INFO Utils: Successfully started service 'org.apache.spark.network.netty.NettyBlockTransferService' on port 34399.
[2025-03-10T13:12:58.179+0000] {ssh.py:526} INFO - 25/03/10 13:12:39 INFO NettyBlockTransferService: Server created on 0.0.0.0:34399
[2025-03-10T13:12:58.179+0000] {ssh.py:526} INFO - 25/03/10 13:12:39 INFO BlockManager: Using org.apache.spark.storage.RandomBlockReplicationPolicy for block replication policy
[2025-03-10T13:12:58.179+0000] {ssh.py:526} INFO - 25/03/10 13:12:39 INFO BlockManagerMaster: Registering BlockManager BlockManagerId(driver, 0.0.0.0, 34399, None)
[2025-03-10T13:12:58.179+0000] {ssh.py:526} INFO - 25/03/10 13:12:39 INFO BlockManagerMasterEndpoint: Registering block manager 0.0.0.0:34399 with 434.4 MiB RAM, BlockManagerId(driver, 0.0.0.0, 34399, None)
[2025-03-10T13:12:58.180+0000] {ssh.py:526} INFO - 25/03/10 13:12:39 INFO BlockManagerMaster: Registered BlockManager BlockManagerId(driver, 0.0.0.0, 34399, None)
[2025-03-10T13:12:58.180+0000] {ssh.py:526} INFO - 25/03/10 13:12:39 INFO BlockManager: Initialized BlockManager: BlockManagerId(driver, 0.0.0.0, 34399, None)
[2025-03-10T13:12:58.180+0000] {ssh.py:526} INFO - Reading json file from: s3a://de5-finalproj-team2/raw_data/json/match_data/2025-03-06/*.json
[2025-03-10T13:12:58.180+0000] {ssh.py:526} INFO - 25/03/10 13:12:39 INFO SharedState: Setting hive.metastore.warehouse.dir ('null') to the value of spark.sql.warehouse.dir.
[2025-03-10T13:12:58.180+0000] {ssh.py:526} INFO - 25/03/10 13:12:39 INFO SharedState: Warehouse path is 'file:/home/ubuntu/spark-warehouse'.
[2025-03-10T13:12:58.180+0000] {ssh.py:526} INFO - 25/03/10 13:12:41 WARN MetricsConfig: Cannot locate configuration: tried hadoop-metrics2-s3a-file-system.properties,hadoop-metrics2.properties
[2025-03-10T13:12:58.180+0000] {ssh.py:526} INFO - 25/03/10 13:12:41 INFO MetricsSystemImpl: Scheduled Metric snapshot period at 10 second(s).
[2025-03-10T13:12:58.180+0000] {ssh.py:526} INFO - 25/03/10 13:12:41 INFO MetricsSystemImpl: s3a-file-system metrics system started
[2025-03-10T13:12:58.180+0000] {ssh.py:526} INFO - 25/03/10 13:12:42 INFO InMemoryFileIndex: It took 135 ms to list leaf files for 1 paths.
[2025-03-10T13:12:58.181+0000] {ssh.py:526} INFO - 25/03/10 13:12:42 INFO InMemoryFileIndex: It took 40 ms to list leaf files for 1 paths.
[2025-03-10T13:12:58.181+0000] {ssh.py:526} INFO - 25/03/10 13:12:45 INFO FileSourceStrategy: Pushed Filters: 
[2025-03-10T13:12:58.181+0000] {ssh.py:526} INFO - 25/03/10 13:12:45 INFO FileSourceStrategy: Post-Scan Filters: 
[2025-03-10T13:12:58.181+0000] {ssh.py:526} INFO - 25/03/10 13:12:46 INFO MemoryStore: Block broadcast_0 stored as values in memory (estimated size 201.0 KiB, free 434.2 MiB)
[2025-03-10T13:12:58.181+0000] {ssh.py:526} INFO - 25/03/10 13:12:46 INFO MemoryStore: Block broadcast_0_piece0 stored as bytes in memory (estimated size 34.7 KiB, free 434.2 MiB)
[2025-03-10T13:12:58.181+0000] {ssh.py:526} INFO - 25/03/10 13:12:46 INFO BlockManagerInfo: Added broadcast_0_piece0 in memory on 0.0.0.0:34399 (size: 34.7 KiB, free: 434.4 MiB)
[2025-03-10T13:12:58.181+0000] {ssh.py:526} INFO - 25/03/10 13:12:46 INFO SparkContext: Created broadcast 0 from json at NativeMethodAccessorImpl.java:0
[2025-03-10T13:12:58.181+0000] {ssh.py:526} INFO - 25/03/10 13:12:46 INFO FileSourceScanExec: Planning scan with bin packing, max size: 5317634 bytes, open cost is considered as scanning 4194304 bytes.
[2025-03-10T13:12:58.182+0000] {ssh.py:526} INFO - 25/03/10 13:12:46 INFO SparkContext: Starting job: json at NativeMethodAccessorImpl.java:0
[2025-03-10T13:12:58.182+0000] {ssh.py:526} INFO - 25/03/10 13:12:46 INFO DAGScheduler: Got job 0 (json at NativeMethodAccessorImpl.java:0) with 1 output partitions
[2025-03-10T13:12:58.182+0000] {ssh.py:526} INFO - 25/03/10 13:12:46 INFO DAGScheduler: Final stage: ResultStage 0 (json at NativeMethodAccessorImpl.java:0)
[2025-03-10T13:12:58.182+0000] {ssh.py:526} INFO - 25/03/10 13:12:46 INFO DAGScheduler: Parents of final stage: List()
[2025-03-10T13:12:58.182+0000] {ssh.py:526} INFO - 25/03/10 13:12:46 INFO DAGScheduler: Missing parents: List()
[2025-03-10T13:12:58.182+0000] {ssh.py:526} INFO - 25/03/10 13:12:46 INFO DAGScheduler: Submitting ResultStage 0 (MapPartitionsRDD[3] at json at NativeMethodAccessorImpl.java:0), which has no missing parents
[2025-03-10T13:12:58.182+0000] {ssh.py:526} INFO - 25/03/10 13:12:46 INFO MemoryStore: Block broadcast_1 stored as values in memory (estimated size 16.5 KiB, free 434.2 MiB)
[2025-03-10T13:12:58.182+0000] {ssh.py:526} INFO - 25/03/10 13:12:46 INFO MemoryStore: Block broadcast_1_piece0 stored as bytes in memory (estimated size 7.8 KiB, free 434.1 MiB)
[2025-03-10T13:12:58.183+0000] {ssh.py:526} INFO - 25/03/10 13:12:46 INFO BlockManagerInfo: Added broadcast_1_piece0 in memory on 0.0.0.0:34399 (size: 7.8 KiB, free: 434.4 MiB)
[2025-03-10T13:12:58.183+0000] {ssh.py:526} INFO - 25/03/10 13:12:47 INFO SparkContext: Created broadcast 1 from broadcast at DAGScheduler.scala:1585
[2025-03-10T13:12:58.183+0000] {ssh.py:526} INFO - 25/03/10 13:12:47 INFO DAGScheduler: Submitting 1 missing tasks from ResultStage 0 (MapPartitionsRDD[3] at json at NativeMethodAccessorImpl.java:0) (first 15 tasks are for partitions Vector(0))
[2025-03-10T13:12:58.183+0000] {ssh.py:526} INFO - 25/03/10 13:12:47 INFO TaskSchedulerImpl: Adding task set 0.0 with 1 tasks resource profile 0
[2025-03-10T13:12:58.183+0000] {ssh.py:526} INFO - 25/03/10 13:12:47 INFO TaskSetManager: Starting task 0.0 in stage 0.0 (TID 0) (ip-172-31-12-182.ap-northeast-2.compute.internal, executor driver, partition 0, PROCESS_LOCAL, 9636 bytes) 
[2025-03-10T13:12:58.183+0000] {ssh.py:526} INFO - 25/03/10 13:12:47 INFO Executor: Running task 0.0 in stage 0.0 (TID 0)
[2025-03-10T13:12:58.183+0000] {ssh.py:526} INFO - 25/03/10 13:12:47 INFO FileScanRDD: Reading File path: s3a://de5-finalproj-team2/raw_data/json/match_data/2025-03-06/group_0.json, range: 0-1123330, partition values: [empty row]
[2025-03-10T13:12:58.183+0000] {ssh.py:526} INFO - 25/03/10 13:12:47 INFO CodeGenerator: Code generated in 320.885109 ms
[2025-03-10T13:12:58.183+0000] {ssh.py:526} INFO - 25/03/10 13:12:48 INFO Executor: Finished task 0.0 in stage 0.0 (TID 0). 2408 bytes result sent to driver
[2025-03-10T13:12:58.184+0000] {ssh.py:526} INFO - 25/03/10 13:12:48 INFO TaskSetManager: Finished task 0.0 in stage 0.0 (TID 0) in 978 ms on ip-172-31-12-182.ap-northeast-2.compute.internal (executor driver) (1/1)
[2025-03-10T13:12:58.184+0000] {ssh.py:526} INFO - 25/03/10 13:12:48 INFO TaskSchedulerImpl: Removed TaskSet 0.0, whose tasks have all completed, from pool 
[2025-03-10T13:12:58.184+0000] {ssh.py:526} INFO - 25/03/10 13:12:48 INFO DAGScheduler: ResultStage 0 (json at NativeMethodAccessorImpl.java:0) finished in 1.224 s
[2025-03-10T13:12:58.184+0000] {ssh.py:526} INFO - 25/03/10 13:12:48 INFO DAGScheduler: Job 0 is finished. Cancelling potential speculative or zombie tasks for this job
[2025-03-10T13:12:58.184+0000] {ssh.py:526} INFO - 25/03/10 13:12:48 INFO TaskSchedulerImpl: Killing all running tasks in stage 0: Stage finished
[2025-03-10T13:12:58.184+0000] {ssh.py:526} INFO - 25/03/10 13:12:48 INFO DAGScheduler: Job 0 finished: json at NativeMethodAccessorImpl.java:0, took 1.307453 s
[2025-03-10T13:12:58.184+0000] {ssh.py:526} INFO - Writing trend_analysis parquet
[2025-03-10T13:12:58.184+0000] {ssh.py:526} INFO - 25/03/10 13:12:48 INFO BlockManagerInfo: Removed broadcast_0_piece0 on 0.0.0.0:34399 in memory (size: 34.7 KiB, free: 434.4 MiB)
[2025-03-10T13:12:58.184+0000] {ssh.py:526} INFO - 25/03/10 13:12:48 INFO BlockManagerInfo: Removed broadcast_1_piece0 on 0.0.0.0:34399 in memory (size: 7.8 KiB, free: 434.4 MiB)
[2025-03-10T13:12:58.185+0000] {ssh.py:526} INFO - 25/03/10 13:12:48 INFO FileSourceStrategy: Pushed Filters: IsNotNull(player_info)
[2025-03-10T13:12:58.185+0000] {ssh.py:526} INFO - 25/03/10 13:12:48 INFO FileSourceStrategy: Post-Scan Filters: (size(player_info#13, true) > 0),isnotnull(player_info#13)
[2025-03-10T13:12:58.185+0000] {ssh.py:526} INFO - 25/03/10 13:12:49 INFO ParquetUtils: Using default output committer for Parquet: org.apache.parquet.hadoop.ParquetOutputCommitter
[2025-03-10T13:12:58.185+0000] {ssh.py:526} INFO - 25/03/10 13:12:49 INFO FileOutputCommitter: File Output Committer Algorithm version is 1
[2025-03-10T13:12:58.185+0000] {ssh.py:526} INFO - 25/03/10 13:12:49 INFO FileOutputCommitter: FileOutputCommitter skip cleanup _temporary folders under output directory:false, ignore cleanup failures: false
[2025-03-10T13:12:58.185+0000] {ssh.py:526} INFO - 25/03/10 13:12:49 INFO SQLHadoopMapReduceCommitProtocol: Using user defined output committer class org.apache.parquet.hadoop.ParquetOutputCommitter
[2025-03-10T13:12:58.185+0000] {ssh.py:526} INFO - 25/03/10 13:12:49 INFO FileOutputCommitter: File Output Committer Algorithm version is 1
[2025-03-10T13:12:58.185+0000] {ssh.py:526} INFO - 25/03/10 13:12:49 INFO FileOutputCommitter: FileOutputCommitter skip cleanup _temporary folders under output directory:false, ignore cleanup failures: false
[2025-03-10T13:12:58.185+0000] {ssh.py:526} INFO - 25/03/10 13:12:49 INFO SQLHadoopMapReduceCommitProtocol: Using output committer class org.apache.parquet.hadoop.ParquetOutputCommitter
[2025-03-10T13:12:58.186+0000] {ssh.py:526} INFO - 25/03/10 13:12:49 INFO CodeGenerator: Code generated in 68.842072 ms
[2025-03-10T13:12:58.186+0000] {ssh.py:526} INFO - 25/03/10 13:12:49 INFO MemoryStore: Block broadcast_2 stored as values in memory (estimated size 200.9 KiB, free 434.2 MiB)
[2025-03-10T13:12:58.186+0000] {ssh.py:526} INFO - 25/03/10 13:12:49 INFO MemoryStore: Block broadcast_2_piece0 stored as bytes in memory (estimated size 34.7 KiB, free 434.2 MiB)
[2025-03-10T13:12:58.186+0000] {ssh.py:526} INFO - 25/03/10 13:12:49 INFO BlockManagerInfo: Added broadcast_2_piece0 in memory on 0.0.0.0:34399 (size: 34.7 KiB, free: 434.4 MiB)
[2025-03-10T13:12:58.186+0000] {ssh.py:526} INFO - 25/03/10 13:12:49 INFO SparkContext: Created broadcast 2 from save at NativeMethodAccessorImpl.java:0
[2025-03-10T13:12:58.186+0000] {ssh.py:526} INFO - 25/03/10 13:12:49 INFO FileSourceScanExec: Planning scan with bin packing, max size: 5317634 bytes, open cost is considered as scanning 4194304 bytes.
[2025-03-10T13:12:58.186+0000] {ssh.py:526} INFO - 25/03/10 13:12:49 INFO SparkContext: Starting job: save at NativeMethodAccessorImpl.java:0
[2025-03-10T13:12:58.186+0000] {ssh.py:526} INFO - 25/03/10 13:12:49 INFO DAGScheduler: Got job 1 (save at NativeMethodAccessorImpl.java:0) with 1 output partitions
[2025-03-10T13:12:58.186+0000] {ssh.py:526} INFO - 25/03/10 13:12:49 INFO DAGScheduler: Final stage: ResultStage 1 (save at NativeMethodAccessorImpl.java:0)
[2025-03-10T13:12:58.187+0000] {ssh.py:526} INFO - 25/03/10 13:12:49 INFO DAGScheduler: Parents of final stage: List()
[2025-03-10T13:12:58.187+0000] {ssh.py:526} INFO - 25/03/10 13:12:49 INFO DAGScheduler: Missing parents: List()
[2025-03-10T13:12:58.187+0000] {ssh.py:526} INFO - 25/03/10 13:12:49 INFO DAGScheduler: Submitting ResultStage 1 (MapPartitionsRDD[7] at save at NativeMethodAccessorImpl.java:0), which has no missing parents
[2025-03-10T13:12:58.187+0000] {ssh.py:526} INFO - 25/03/10 13:12:49 INFO MemoryStore: Block broadcast_3 stored as values in memory (estimated size 225.1 KiB, free 434.0 MiB)
[2025-03-10T13:12:58.187+0000] {ssh.py:526} INFO - 25/03/10 13:12:49 INFO MemoryStore: Block broadcast_3_piece0 stored as bytes in memory (estimated size 81.0 KiB, free 433.9 MiB)
[2025-03-10T13:12:58.187+0000] {ssh.py:526} INFO - 25/03/10 13:12:49 INFO BlockManagerInfo: Added broadcast_3_piece0 in memory on 0.0.0.0:34399 (size: 81.0 KiB, free: 434.3 MiB)
[2025-03-10T13:12:58.187+0000] {ssh.py:526} INFO - 25/03/10 13:12:49 INFO SparkContext: Created broadcast 3 from broadcast at DAGScheduler.scala:1585
[2025-03-10T13:12:58.187+0000] {ssh.py:526} INFO - 25/03/10 13:12:49 INFO DAGScheduler: Submitting 1 missing tasks from ResultStage 1 (MapPartitionsRDD[7] at save at NativeMethodAccessorImpl.java:0) (first 15 tasks are for partitions Vector(0))
[2025-03-10T13:12:58.187+0000] {ssh.py:526} INFO - 25/03/10 13:12:49 INFO TaskSchedulerImpl: Adding task set 1.0 with 1 tasks resource profile 0
[2025-03-10T13:12:58.188+0000] {ssh.py:526} INFO - 25/03/10 13:12:49 INFO TaskSetManager: Starting task 0.0 in stage 1.0 (TID 1) (ip-172-31-12-182.ap-northeast-2.compute.internal, executor driver, partition 0, PROCESS_LOCAL, 9636 bytes) 
[2025-03-10T13:12:58.188+0000] {ssh.py:526} INFO - 25/03/10 13:12:49 INFO Executor: Running task 0.0 in stage 1.0 (TID 1)
[2025-03-10T13:12:58.188+0000] {ssh.py:526} INFO - 25/03/10 13:12:49 INFO CodeGenerator: Code generated in 56.730153 ms
[2025-03-10T13:12:58.188+0000] {ssh.py:526} INFO - 25/03/10 13:12:49 INFO FileOutputCommitter: File Output Committer Algorithm version is 1
[2025-03-10T13:12:58.188+0000] {ssh.py:526} INFO - 25/03/10 13:12:49 INFO FileOutputCommitter: FileOutputCommitter skip cleanup _temporary folders under output directory:false, ignore cleanup failures: false
[2025-03-10T13:12:58.188+0000] {ssh.py:526} INFO - 25/03/10 13:12:49 INFO SQLHadoopMapReduceCommitProtocol: Using user defined output committer class org.apache.parquet.hadoop.ParquetOutputCommitter
[2025-03-10T13:12:58.188+0000] {ssh.py:526} INFO - 25/03/10 13:12:49 INFO FileOutputCommitter: File Output Committer Algorithm version is 1
[2025-03-10T13:12:58.188+0000] {ssh.py:526} INFO - 25/03/10 13:12:49 INFO FileOutputCommitter: FileOutputCommitter skip cleanup _temporary folders under output directory:false, ignore cleanup failures: false
[2025-03-10T13:12:58.189+0000] {ssh.py:526} INFO - 25/03/10 13:12:49 INFO SQLHadoopMapReduceCommitProtocol: Using output committer class org.apache.parquet.hadoop.ParquetOutputCommitter
[2025-03-10T13:12:58.189+0000] {ssh.py:526} INFO - 25/03/10 13:12:49 INFO CodecConfig: Compression: SNAPPY
[2025-03-10T13:12:58.189+0000] {ssh.py:526} INFO - 25/03/10 13:12:49 INFO CodecConfig: Compression: SNAPPY
[2025-03-10T13:12:58.189+0000] {ssh.py:526} INFO - 25/03/10 13:12:49 INFO ParquetOutputFormat: ParquetRecordWriter [block size: 134217728b, row group padding size: 8388608b, validating: false]
[2025-03-10T13:12:58.189+0000] {ssh.py:526} INFO - 25/03/10 13:12:50 INFO ParquetWriteSupport: Initialized Parquet WriteSupport with Catalyst schema:
[2025-03-10T13:12:58.189+0000] {ssh.py:526} INFO - {
[2025-03-10T13:12:58.189+0000] {ssh.py:526} INFO -   "type" : "struct",
[2025-03-10T13:12:58.189+0000] {ssh.py:526} INFO -   "fields" : [ {
[2025-03-10T13:12:58.189+0000] {ssh.py:526} INFO -     "name" : "match_id",
[2025-03-10T13:12:58.190+0000] {ssh.py:526} INFO -     "type" : "string",
[2025-03-10T13:12:58.190+0000] {ssh.py:526} INFO -     "nullable" : true,
[2025-03-10T13:12:58.190+0000] {ssh.py:526} INFO -     "metadata" : { }
[2025-03-10T13:12:58.190+0000] {ssh.py:526} INFO -   }, {
[2025-03-10T13:12:58.190+0000] {ssh.py:526} INFO -     "name" : "spid",
[2025-03-10T13:12:58.190+0000] {ssh.py:526} INFO -     "type" : "integer",
[2025-03-10T13:12:58.190+0000] {ssh.py:526} INFO -     "nullable" : true,
[2025-03-10T13:12:58.190+0000] {ssh.py:526} INFO -     "metadata" : { }
[2025-03-10T13:12:58.190+0000] {ssh.py:526} INFO -   }, {
[2025-03-10T13:12:58.191+0000] {ssh.py:526} INFO -     "name" : "season_id",
[2025-03-10T13:12:58.191+0000] {ssh.py:526} INFO -     "type" : "integer",
[2025-03-10T13:12:58.191+0000] {ssh.py:526} INFO -     "nullable" : true,
[2025-03-10T13:12:58.191+0000] {ssh.py:526} INFO -     "metadata" : { }
[2025-03-10T13:12:58.191+0000] {ssh.py:526} INFO -   }, {
[2025-03-10T13:12:58.191+0000] {ssh.py:526} INFO -     "name" : "gamer_nickname",
[2025-03-10T13:12:58.191+0000] {ssh.py:526} INFO -     "type" : "string",
[2025-03-10T13:12:58.191+0000] {ssh.py:526} INFO -     "nullable" : true,
[2025-03-10T13:12:58.191+0000] {ssh.py:526} INFO -     "metadata" : { }
[2025-03-10T13:12:58.192+0000] {ssh.py:526} INFO -   }, {
[2025-03-10T13:12:58.192+0000] {ssh.py:526} INFO -     "name" : "position",
[2025-03-10T13:12:58.192+0000] {ssh.py:526} INFO -     "type" : "integer",
[2025-03-10T13:12:58.192+0000] {ssh.py:526} INFO -     "nullable" : true,
[2025-03-10T13:12:58.192+0000] {ssh.py:526} INFO -     "metadata" : { }
[2025-03-10T13:12:58.192+0000] {ssh.py:526} INFO -   }, {
[2025-03-10T13:12:58.192+0000] {ssh.py:526} INFO -     "name" : "ouid",
[2025-03-10T13:12:58.192+0000] {ssh.py:526} INFO -     "type" : "string",
[2025-03-10T13:12:58.192+0000] {ssh.py:526} INFO -     "nullable" : true,
[2025-03-10T13:12:58.193+0000] {ssh.py:526} INFO -     "metadata" : { }
[2025-03-10T13:12:58.193+0000] {ssh.py:526} INFO -   }, {
[2025-03-10T13:12:58.193+0000] {ssh.py:526} INFO -     "name" : "spgrade",
[2025-03-10T13:12:58.193+0000] {ssh.py:526} INFO -     "type" : "integer",
[2025-03-10T13:12:58.193+0000] {ssh.py:526} INFO -     "nullable" : true,
[2025-03-10T13:12:58.193+0000] {ssh.py:526} INFO -     "metadata" : { }
[2025-03-10T13:12:58.193+0000] {ssh.py:526} INFO -   }, {
[2025-03-10T13:12:58.193+0000] {ssh.py:526} INFO -     "name" : "matchresult",
[2025-03-10T13:12:58.193+0000] {ssh.py:526} INFO -     "type" : "string",
[2025-03-10T13:12:58.194+0000] {ssh.py:526} INFO -     "nullable" : true,
[2025-03-10T13:12:58.194+0000] {ssh.py:526} INFO -     "metadata" : { }
[2025-03-10T13:12:58.194+0000] {ssh.py:526} INFO -   }, {
[2025-03-10T13:12:58.194+0000] {ssh.py:526} INFO -     "name" : "match_date",
[2025-03-10T13:12:58.194+0000] {ssh.py:526} INFO -     "type" : "date",
[2025-03-10T13:12:58.194+0000] {ssh.py:526} INFO -     "nullable" : true,
[2025-03-10T13:12:58.194+0000] {ssh.py:526} INFO -     "metadata" : { }
[2025-03-10T13:12:58.194+0000] {ssh.py:526} INFO -   } ]
[2025-03-10T13:12:58.194+0000] {ssh.py:526} INFO - }
[2025-03-10T13:12:58.195+0000] {ssh.py:526} INFO - and corresponding Parquet message type:
[2025-03-10T13:12:58.195+0000] {ssh.py:526} INFO - message spark_schema {
[2025-03-10T13:12:58.195+0000] {ssh.py:526} INFO -   optional binary match_id (STRING);
[2025-03-10T13:12:58.195+0000] {ssh.py:526} INFO -   optional int32 spid;
[2025-03-10T13:12:58.195+0000] {ssh.py:526} INFO -   optional int32 season_id;
[2025-03-10T13:12:58.195+0000] {ssh.py:526} INFO -   optional binary gamer_nickname (STRING);
[2025-03-10T13:12:58.195+0000] {ssh.py:526} INFO -   optional int32 position;
[2025-03-10T13:12:58.195+0000] {ssh.py:526} INFO -   optional binary ouid (STRING);
[2025-03-10T13:12:58.195+0000] {ssh.py:526} INFO -   optional int32 spgrade;
[2025-03-10T13:12:58.196+0000] {ssh.py:526} INFO -   optional binary matchresult (STRING);
[2025-03-10T13:12:58.196+0000] {ssh.py:526} INFO -   optional int32 match_date (DATE);
[2025-03-10T13:12:58.196+0000] {ssh.py:526} INFO - }
[2025-03-10T13:12:58.196+0000] {ssh.py:526} INFO - 
[2025-03-10T13:12:58.196+0000] {ssh.py:526} INFO -        
[2025-03-10T13:12:58.196+0000] {ssh.py:526} INFO - 25/03/10 13:12:50 INFO CodecPool: Got brand-new compressor [.snappy]
[2025-03-10T13:12:58.196+0000] {ssh.py:526} INFO - 25/03/10 13:12:50 INFO FileScanRDD: Reading File path: s3a://de5-finalproj-team2/raw_data/json/match_data/2025-03-06/group_0.json, range: 0-1123330, partition values: [empty row]
[2025-03-10T13:12:58.196+0000] {ssh.py:526} INFO - 25/03/10 13:12:50 INFO CodeGenerator: Code generated in 56.434893 ms
[2025-03-10T13:12:58.196+0000] {ssh.py:526} INFO - 25/03/10 13:12:50 INFO CodeGenerator: Code generated in 12.228457 ms
[2025-03-10T13:12:58.197+0000] {ssh.py:526} INFO - 25/03/10 13:12:53 INFO FileOutputCommitter: Saved output of task 'attempt_202503101312496541850828481428404_0001_m_000000_1' to s3a://de5-finalproj-team2/trend_analysis/match_data/2025-03-06/_temporary/0/task_202503101312496541850828481428404_0001_m_000000
[2025-03-10T13:12:58.197+0000] {ssh.py:526} INFO - 25/03/10 13:12:53 INFO SparkHadoopMapRedUtil: attempt_202503101312496541850828481428404_0001_m_000000_1: Committed. Elapsed time: 679 ms.
[2025-03-10T13:12:58.197+0000] {ssh.py:526} INFO - 25/03/10 13:12:53 INFO Executor: Finished task 0.0 in stage 1.0 (TID 1). 2725 bytes result sent to driver
[2025-03-10T13:12:58.197+0000] {ssh.py:526} INFO - 25/03/10 13:12:53 INFO TaskSetManager: Finished task 0.0 in stage 1.0 (TID 1) in 3355 ms on ip-172-31-12-182.ap-northeast-2.compute.internal (executor driver) (1/1)
[2025-03-10T13:12:58.197+0000] {ssh.py:526} INFO - 25/03/10 13:12:53 INFO TaskSchedulerImpl: Removed TaskSet 1.0, whose tasks have all completed, from pool 
[2025-03-10T13:12:58.197+0000] {ssh.py:526} INFO - 25/03/10 13:12:53 INFO DAGScheduler: ResultStage 1 (save at NativeMethodAccessorImpl.java:0) finished in 3.418 s
[2025-03-10T13:12:58.197+0000] {ssh.py:526} INFO - 25/03/10 13:12:53 INFO DAGScheduler: Job 1 is finished. Cancelling potential speculative or zombie tasks for this job
[2025-03-10T13:12:58.197+0000] {ssh.py:526} INFO - 25/03/10 13:12:53 INFO TaskSchedulerImpl: Killing all running tasks in stage 1: Stage finished
[2025-03-10T13:12:58.197+0000] {ssh.py:526} INFO - 25/03/10 13:12:53 INFO DAGScheduler: Job 1 finished: save at NativeMethodAccessorImpl.java:0, took 3.428055 s
[2025-03-10T13:12:58.198+0000] {ssh.py:526} INFO - 25/03/10 13:12:53 INFO FileFormatWriter: Start to commit write Job 5e37c5f8-a06c-402d-b007-45b226deea96.
[2025-03-10T13:12:58.198+0000] {ssh.py:526} INFO - 25/03/10 13:12:54 INFO FileFormatWriter: Write Job 5e37c5f8-a06c-402d-b007-45b226deea96 committed. Elapsed time: 923 ms.
[2025-03-10T13:12:58.198+0000] {ssh.py:526} INFO - 25/03/10 13:12:54 INFO FileFormatWriter: Finished processing stats for write job 5e37c5f8-a06c-402d-b007-45b226deea96.
[2025-03-10T13:12:58.198+0000] {ssh.py:526} INFO - Writing analytics parquet
[2025-03-10T13:12:58.198+0000] {ssh.py:526} INFO - 25/03/10 13:12:54 INFO FileSourceStrategy: Pushed Filters: IsNotNull(player_info)
[2025-03-10T13:12:58.198+0000] {ssh.py:526} INFO - 25/03/10 13:12:54 INFO FileSourceStrategy: Post-Scan Filters: (size(player_info#13, true) > 0),isnotnull(player_info#13)
[2025-03-10T13:12:58.198+0000] {ssh.py:526} INFO - 25/03/10 13:12:54 INFO ParquetUtils: Using default output committer for Parquet: org.apache.parquet.hadoop.ParquetOutputCommitter
[2025-03-10T13:12:58.198+0000] {ssh.py:526} INFO - 25/03/10 13:12:54 INFO FileOutputCommitter: File Output Committer Algorithm version is 1
[2025-03-10T13:12:58.198+0000] {ssh.py:526} INFO - 25/03/10 13:12:54 INFO FileOutputCommitter: FileOutputCommitter skip cleanup _temporary folders under output directory:false, ignore cleanup failures: false
[2025-03-10T13:12:58.199+0000] {ssh.py:526} INFO - 25/03/10 13:12:54 INFO SQLHadoopMapReduceCommitProtocol: Using user defined output committer class org.apache.parquet.hadoop.ParquetOutputCommitter
[2025-03-10T13:12:58.199+0000] {ssh.py:526} INFO - 25/03/10 13:12:54 INFO FileOutputCommitter: File Output Committer Algorithm version is 1
[2025-03-10T13:12:58.199+0000] {ssh.py:526} INFO - 25/03/10 13:12:54 INFO FileOutputCommitter: FileOutputCommitter skip cleanup _temporary folders under output directory:false, ignore cleanup failures: false
[2025-03-10T13:12:58.199+0000] {ssh.py:526} INFO - 25/03/10 13:12:54 INFO SQLHadoopMapReduceCommitProtocol: Using output committer class org.apache.parquet.hadoop.ParquetOutputCommitter
[2025-03-10T13:12:58.199+0000] {ssh.py:526} INFO - 25/03/10 13:12:54 INFO CodeGenerator: Code generated in 28.916158 ms
[2025-03-10T13:12:58.199+0000] {ssh.py:526} INFO - 25/03/10 13:12:54 INFO MemoryStore: Block broadcast_4 stored as values in memory (estimated size 200.9 KiB, free 433.7 MiB)
[2025-03-10T13:12:58.199+0000] {ssh.py:526} INFO - 25/03/10 13:12:54 INFO MemoryStore: Block broadcast_4_piece0 stored as bytes in memory (estimated size 34.7 KiB, free 433.6 MiB)
[2025-03-10T13:12:58.199+0000] {ssh.py:526} INFO - 25/03/10 13:12:54 INFO BlockManagerInfo: Added broadcast_4_piece0 in memory on 0.0.0.0:34399 (size: 34.7 KiB, free: 434.3 MiB)
[2025-03-10T13:12:58.199+0000] {ssh.py:526} INFO - 25/03/10 13:12:54 INFO SparkContext: Created broadcast 4 from save at NativeMethodAccessorImpl.java:0
[2025-03-10T13:12:58.200+0000] {ssh.py:526} INFO - 25/03/10 13:12:54 INFO FileSourceScanExec: Planning scan with bin packing, max size: 5317634 bytes, open cost is considered as scanning 4194304 bytes.
[2025-03-10T13:12:58.200+0000] {ssh.py:526} INFO - 25/03/10 13:12:54 INFO SparkContext: Starting job: save at NativeMethodAccessorImpl.java:0
[2025-03-10T13:12:58.200+0000] {ssh.py:526} INFO - 25/03/10 13:12:54 INFO DAGScheduler: Got job 2 (save at NativeMethodAccessorImpl.java:0) with 1 output partitions
[2025-03-10T13:12:58.200+0000] {ssh.py:526} INFO - 25/03/10 13:12:54 INFO DAGScheduler: Final stage: ResultStage 2 (save at NativeMethodAccessorImpl.java:0)
[2025-03-10T13:12:58.200+0000] {ssh.py:526} INFO - 25/03/10 13:12:54 INFO DAGScheduler: Parents of final stage: List()
[2025-03-10T13:12:58.200+0000] {ssh.py:526} INFO - 25/03/10 13:12:54 INFO DAGScheduler: Missing parents: List()
[2025-03-10T13:12:58.200+0000] {ssh.py:526} INFO - 25/03/10 13:12:54 INFO DAGScheduler: Submitting ResultStage 2 (MapPartitionsRDD[11] at save at NativeMethodAccessorImpl.java:0), which has no missing parents
[2025-03-10T13:12:58.200+0000] {ssh.py:526} INFO - 25/03/10 13:12:54 INFO MemoryStore: Block broadcast_5 stored as values in memory (estimated size 223.4 KiB, free 433.4 MiB)
[2025-03-10T13:12:58.200+0000] {ssh.py:526} INFO - 25/03/10 13:12:54 INFO MemoryStore: Block broadcast_5_piece0 stored as bytes in memory (estimated size 80.4 KiB, free 433.3 MiB)
[2025-03-10T13:12:58.201+0000] {ssh.py:526} INFO - 25/03/10 13:12:54 INFO BlockManagerInfo: Added broadcast_5_piece0 in memory on 0.0.0.0:34399 (size: 80.4 KiB, free: 434.2 MiB)
[2025-03-10T13:12:58.201+0000] {ssh.py:526} INFO - 25/03/10 13:12:54 INFO SparkContext: Created broadcast 5 from broadcast at DAGScheduler.scala:1585
[2025-03-10T13:12:58.201+0000] {ssh.py:526} INFO - 25/03/10 13:12:54 INFO DAGScheduler: Submitting 1 missing tasks from ResultStage 2 (MapPartitionsRDD[11] at save at NativeMethodAccessorImpl.java:0) (first 15 tasks are for partitions Vector(0))
[2025-03-10T13:12:58.201+0000] {ssh.py:526} INFO - 25/03/10 13:12:54 INFO TaskSchedulerImpl: Adding task set 2.0 with 1 tasks resource profile 0
[2025-03-10T13:12:58.201+0000] {ssh.py:526} INFO - 25/03/10 13:12:54 INFO TaskSetManager: Starting task 0.0 in stage 2.0 (TID 2) (ip-172-31-12-182.ap-northeast-2.compute.internal, executor driver, partition 0, PROCESS_LOCAL, 9636 bytes) 
[2025-03-10T13:12:58.201+0000] {ssh.py:526} INFO - 25/03/10 13:12:54 INFO Executor: Running task 0.0 in stage 2.0 (TID 2)
[2025-03-10T13:12:58.201+0000] {ssh.py:526} INFO - 25/03/10 13:12:54 INFO BlockManagerInfo: Removed broadcast_3_piece0 on 0.0.0.0:34399 in memory (size: 81.0 KiB, free: 434.3 MiB)
[2025-03-10T13:12:58.201+0000] {ssh.py:526} INFO - 25/03/10 13:12:55 INFO CodeGenerator: Code generated in 52.038377 ms
[2025-03-10T13:12:58.201+0000] {ssh.py:526} INFO - 25/03/10 13:12:55 INFO FileOutputCommitter: File Output Committer Algorithm version is 1
[2025-03-10T13:12:58.202+0000] {ssh.py:526} INFO - 25/03/10 13:12:55 INFO FileOutputCommitter: FileOutputCommitter skip cleanup _temporary folders under output directory:false, ignore cleanup failures: false
[2025-03-10T13:12:58.202+0000] {ssh.py:526} INFO - 25/03/10 13:12:55 INFO SQLHadoopMapReduceCommitProtocol: Using user defined output committer class org.apache.parquet.hadoop.ParquetOutputCommitter
[2025-03-10T13:12:58.202+0000] {ssh.py:526} INFO - 25/03/10 13:12:55 INFO FileOutputCommitter: File Output Committer Algorithm version is 1
[2025-03-10T13:12:58.202+0000] {ssh.py:526} INFO - 25/03/10 13:12:55 INFO FileOutputCommitter: FileOutputCommitter skip cleanup _temporary folders under output directory:false, ignore cleanup failures: false
[2025-03-10T13:12:58.202+0000] {ssh.py:526} INFO - 25/03/10 13:12:55 INFO SQLHadoopMapReduceCommitProtocol: Using output committer class org.apache.parquet.hadoop.ParquetOutputCommitter
[2025-03-10T13:12:58.202+0000] {ssh.py:526} INFO - 25/03/10 13:12:55 INFO CodecConfig: Compression: SNAPPY
[2025-03-10T13:12:58.202+0000] {ssh.py:526} INFO - 25/03/10 13:12:55 INFO CodecConfig: Compression: SNAPPY
[2025-03-10T13:12:58.202+0000] {ssh.py:526} INFO - 25/03/10 13:12:55 INFO ParquetOutputFormat: ParquetRecordWriter [block size: 134217728b, row group padding size: 8388608b, validating: false]
[2025-03-10T13:12:58.202+0000] {ssh.py:526} INFO - 25/03/10 13:12:55 INFO ParquetWriteSupport: Initialized Parquet WriteSupport with Catalyst schema:
[2025-03-10T13:12:58.203+0000] {ssh.py:526} INFO - {
[2025-03-10T13:12:58.203+0000] {ssh.py:526} INFO -   "type" : "struct",
[2025-03-10T13:12:58.203+0000] {ssh.py:526} INFO -   "fields" : [ {
[2025-03-10T13:12:58.203+0000] {ssh.py:526} INFO -     "name" : "match_id",
[2025-03-10T13:12:58.203+0000] {ssh.py:526} INFO -     "type" : "string",
[2025-03-10T13:12:58.203+0000] {ssh.py:526} INFO -     "nullable" : true,
[2025-03-10T13:12:58.203+0000] {ssh.py:526} INFO -     "metadata" : { }
[2025-03-10T13:12:58.203+0000] {ssh.py:526} INFO -   }, {
[2025-03-10T13:12:58.203+0000] {ssh.py:526} INFO -     "name" : "spid",
[2025-03-10T13:12:58.203+0000] {ssh.py:526} INFO -     "type" : "integer",
[2025-03-10T13:12:58.204+0000] {ssh.py:526} INFO -     "nullable" : true,
[2025-03-10T13:12:58.204+0000] {ssh.py:526} INFO -     "metadata" : { }
[2025-03-10T13:12:58.204+0000] {ssh.py:526} INFO -   }, {
[2025-03-10T13:12:58.204+0000] {ssh.py:526} INFO -     "name" : "season_id",
[2025-03-10T13:12:58.204+0000] {ssh.py:526} INFO -     "type" : "integer",
[2025-03-10T13:12:58.204+0000] {ssh.py:526} INFO -     "nullable" : true,
[2025-03-10T13:12:58.204+0000] {ssh.py:526} INFO -     "metadata" : { }
[2025-03-10T13:12:58.204+0000] {ssh.py:526} INFO -   }, {
[2025-03-10T13:12:58.204+0000] {ssh.py:526} INFO -     "name" : "gamer_nickname",
[2025-03-10T13:12:58.205+0000] {ssh.py:526} INFO -     "type" : "string",
[2025-03-10T13:12:58.205+0000] {ssh.py:526} INFO -     "nullable" : true,
[2025-03-10T13:12:58.205+0000] {ssh.py:526} INFO -     "metadata" : { }
[2025-03-10T13:12:58.205+0000] {ssh.py:526} INFO -   }, {
[2025-03-10T13:12:58.205+0000] {ssh.py:526} INFO -     "name" : "position",
[2025-03-10T13:12:58.205+0000] {ssh.py:526} INFO -     "type" : "integer",
[2025-03-10T13:12:58.205+0000] {ssh.py:526} INFO -     "nullable" : true,
[2025-03-10T13:12:58.205+0000] {ssh.py:526} INFO -     "metadata" : { }
[2025-03-10T13:12:58.205+0000] {ssh.py:526} INFO -   }, {
[2025-03-10T13:12:58.206+0000] {ssh.py:526} INFO -     "name" : "spgrade",
[2025-03-10T13:12:58.206+0000] {ssh.py:526} INFO -     "type" : "integer",
[2025-03-10T13:12:58.206+0000] {ssh.py:526} INFO -     "nullable" : true,
[2025-03-10T13:12:58.206+0000] {ssh.py:526} INFO -     "metadata" : { }
[2025-03-10T13:12:58.206+0000] {ssh.py:526} INFO -   }, {
[2025-03-10T13:12:58.206+0000] {ssh.py:526} INFO -     "name" : "matchresult",
[2025-03-10T13:12:58.206+0000] {ssh.py:526} INFO -     "type" : "string",
[2025-03-10T13:12:58.206+0000] {ssh.py:526} INFO -     "nullable" : true,
[2025-03-10T13:12:58.206+0000] {ssh.py:526} INFO -     "metadata" : { }
[2025-03-10T13:12:58.207+0000] {ssh.py:526} INFO -   } ]
[2025-03-10T13:12:58.207+0000] {ssh.py:526} INFO - }
[2025-03-10T13:12:58.207+0000] {ssh.py:526} INFO - and corresponding Parquet message type:
[2025-03-10T13:12:58.207+0000] {ssh.py:526} INFO - message spark_schema {
[2025-03-10T13:12:58.207+0000] {ssh.py:526} INFO -   optional binary match_id (STRING);
[2025-03-10T13:12:58.207+0000] {ssh.py:526} INFO -   optional int32 spid;
[2025-03-10T13:12:58.207+0000] {ssh.py:526} INFO -   optional int32 season_id;
[2025-03-10T13:12:58.207+0000] {ssh.py:526} INFO -   optional binary gamer_nickname (STRING);
[2025-03-10T13:12:58.208+0000] {ssh.py:526} INFO -   optional int32 position;
[2025-03-10T13:12:58.208+0000] {ssh.py:526} INFO -   optional int32 spgrade;
[2025-03-10T13:12:58.208+0000] {ssh.py:526} INFO -   optional binary matchresult (STRING);
[2025-03-10T13:12:58.208+0000] {ssh.py:526} INFO - }
[2025-03-10T13:12:58.208+0000] {ssh.py:526} INFO - 
[2025-03-10T13:12:58.208+0000] {ssh.py:526} INFO -        
[2025-03-10T13:12:58.208+0000] {ssh.py:526} INFO - 25/03/10 13:12:55 INFO FileScanRDD: Reading File path: s3a://de5-finalproj-team2/raw_data/json/match_data/2025-03-06/group_0.json, range: 0-1123330, partition values: [empty row]
[2025-03-10T13:12:58.208+0000] {ssh.py:526} INFO - 25/03/10 13:12:55 INFO CodeGenerator: Code generated in 22.620529 ms
[2025-03-10T13:12:58.208+0000] {ssh.py:526} INFO - 25/03/10 13:12:55 INFO CodeGenerator: Code generated in 7.163311 ms
[2025-03-10T13:12:58.209+0000] {ssh.py:526} INFO - 25/03/10 13:12:55 INFO BlockManagerInfo: Removed broadcast_2_piece0 on 0.0.0.0:34399 in memory (size: 34.7 KiB, free: 434.3 MiB)
[2025-03-10T13:12:58.209+0000] {ssh.py:526} INFO - 25/03/10 13:12:56 INFO FileOutputCommitter: Saved output of task 'attempt_202503101312541032151433849101709_0002_m_000000_2' to s3a://de5-finalproj-team2/analytics/match_data/2025-03-06/_temporary/0/task_202503101312541032151433849101709_0002_m_000000
[2025-03-10T13:12:58.209+0000] {ssh.py:526} INFO - 25/03/10 13:12:56 INFO SparkHadoopMapRedUtil: attempt_202503101312541032151433849101709_0002_m_000000_2: Committed. Elapsed time: 520 ms.
[2025-03-10T13:12:58.209+0000] {ssh.py:526} INFO - 25/03/10 13:12:56 INFO Executor: Finished task 0.0 in stage 2.0 (TID 2). 2725 bytes result sent to driver
[2025-03-10T13:12:58.209+0000] {ssh.py:526} INFO - 25/03/10 13:12:56 INFO TaskSetManager: Finished task 0.0 in stage 2.0 (TID 2) in 1618 ms on ip-172-31-12-182.ap-northeast-2.compute.internal (executor driver) (1/1)
[2025-03-10T13:12:58.209+0000] {ssh.py:526} INFO - 25/03/10 13:12:56 INFO DAGScheduler: ResultStage 2 (save at NativeMethodAccessorImpl.java:0) finished in 1.721 s
[2025-03-10T13:12:58.209+0000] {ssh.py:526} INFO - 25/03/10 13:12:56 INFO DAGScheduler: Job 2 is finished. Cancelling potential speculative or zombie tasks for this job
[2025-03-10T13:12:58.209+0000] {ssh.py:526} INFO - 25/03/10 13:12:56 INFO TaskSchedulerImpl: Removed TaskSet 2.0, whose tasks have all completed, from pool 
[2025-03-10T13:12:58.209+0000] {ssh.py:526} INFO - 25/03/10 13:12:56 INFO TaskSchedulerImpl: Killing all running tasks in stage 2: Stage finished
[2025-03-10T13:12:58.210+0000] {ssh.py:526} INFO - 25/03/10 13:12:56 INFO DAGScheduler: Job 2 finished: save at NativeMethodAccessorImpl.java:0, took 1.732998 s
[2025-03-10T13:12:58.210+0000] {ssh.py:526} INFO - 25/03/10 13:12:56 INFO FileFormatWriter: Start to commit write Job 66fa7d96-7dbc-48f0-ab41-ad5b6709f4b3.
[2025-03-10T13:12:58.210+0000] {ssh.py:526} INFO - 25/03/10 13:12:57 INFO FileFormatWriter: Write Job 66fa7d96-7dbc-48f0-ab41-ad5b6709f4b3 committed. Elapsed time: 1177 ms.
[2025-03-10T13:12:58.210+0000] {ssh.py:526} INFO - 25/03/10 13:12:57 INFO FileFormatWriter: Finished processing stats for write job 66fa7d96-7dbc-48f0-ab41-ad5b6709f4b3.
[2025-03-10T13:12:58.210+0000] {ssh.py:526} INFO - 25/03/10 13:12:57 INFO SparkContext: SparkContext is stopping with exitCode 0.
[2025-03-10T13:12:58.210+0000] {ssh.py:526} INFO - 25/03/10 13:12:57 INFO SparkUI: Stopped Spark web UI at http://0.0.0.0:4040
[2025-03-10T13:12:58.210+0000] {ssh.py:526} INFO - 25/03/10 13:12:57 INFO MapOutputTrackerMasterEndpoint: MapOutputTrackerMasterEndpoint stopped!
[2025-03-10T13:12:58.210+0000] {ssh.py:526} INFO - 25/03/10 13:12:57 INFO MemoryStore: MemoryStore cleared
[2025-03-10T13:12:58.210+0000] {ssh.py:526} INFO - 25/03/10 13:12:57 INFO BlockManager: BlockManager stopped
[2025-03-10T13:12:58.211+0000] {ssh.py:526} INFO - 25/03/10 13:12:57 INFO BlockManagerMaster: BlockManagerMaster stopped
[2025-03-10T13:12:58.211+0000] {ssh.py:526} INFO - 25/03/10 13:12:57 INFO OutputCommitCoordinator$OutputCommitCoordinatorEndpoint: OutputCommitCoordinator stopped!
[2025-03-10T13:12:58.211+0000] {ssh.py:526} INFO - 25/03/10 13:12:57 INFO SparkContext: Successfully stopped SparkContext
[2025-03-10T13:12:58.211+0000] {ssh.py:526} INFO - 25/03/10 13:12:58 INFO ShutdownHookManager: Shutdown hook called
[2025-03-10T13:12:58.211+0000] {ssh.py:526} INFO - 25/03/10 13:12:58 INFO ShutdownHookManager: Deleting directory /tmp/spark-330e3a3c-835c-4218-8892-3111ce449a0f
[2025-03-10T13:12:58.211+0000] {ssh.py:526} INFO - 25/03/10 13:12:58 INFO ShutdownHookManager: Deleting directory /tmp/spark-3d764f83-a02c-444f-ad96-bdbfe610b32e/pyspark-aeb148fd-c7c3-4570-87a6-1c06153ba6ee
[2025-03-10T13:12:58.211+0000] {ssh.py:526} INFO - 25/03/10 13:12:58 INFO ShutdownHookManager: Deleting directory /tmp/spark-3d764f83-a02c-444f-ad96-bdbfe610b32e
[2025-03-10T13:12:58.211+0000] {ssh.py:526} INFO - 25/03/10 13:12:58 INFO MetricsSystemImpl: Stopping s3a-file-system metrics system...
[2025-03-10T13:12:58.211+0000] {ssh.py:526} INFO - 25/03/10 13:12:58 INFO MetricsSystemImpl: s3a-file-system metrics system stopped.
[2025-03-10T13:12:58.212+0000] {ssh.py:526} INFO - 25/03/10 13:12:58 INFO MetricsSystemImpl: s3a-file-system metrics system shutdown complete.
[2025-03-10T13:12:58.212+0000] {ssh.py:526} INFO - === Spark Job Log End ===
[2025-03-10T13:12:58.212+0000] {ssh.py:526} INFO - Spark Job Succeeded!
[2025-03-10T13:12:58.230+0000] {taskinstance.py:441} INFO - ::group::Post task execution logs
[2025-03-10T13:12:58.266+0000] {taskinstance.py:1206} INFO - Marking task as SUCCESS. dag_id=submit_spark_job_v3, task_id=submit_spark_via_ssh, run_id=scheduled__2025-03-06T01:00:00+00:00, execution_date=20250306T010000, start_date=20250310T131232, end_date=20250310T131258
[2025-03-10T13:12:58.289+0000] {local_task_job_runner.py:240} INFO - Task exited with return code 0
[2025-03-10T13:12:58.313+0000] {local_task_job_runner.py:222} INFO - ::endgroup::
