[2025-03-15T02:10:39.987+0000] {local_task_job_runner.py:120} INFO - ::group::Pre task execution logs
[2025-03-15T02:10:40.019+0000] {taskinstance.py:2076} INFO - Dependencies all met for dep_context=non-requeueable deps ti=<TaskInstance: team_color_to_parquet_dag.submit_spark_via_ssh manual__2025-03-15T02:10:35.264462+00:00 [queued]>
[2025-03-15T02:10:40.032+0000] {taskinstance.py:2076} INFO - Dependencies all met for dep_context=requeueable deps ti=<TaskInstance: team_color_to_parquet_dag.submit_spark_via_ssh manual__2025-03-15T02:10:35.264462+00:00 [queued]>
[2025-03-15T02:10:40.033+0000] {taskinstance.py:2306} INFO - Starting attempt 1 of 2
[2025-03-15T02:10:40.047+0000] {taskinstance.py:2330} INFO - Executing <Task(SSHOperator): submit_spark_via_ssh> on 2025-03-15 02:10:35.264462+00:00
[2025-03-15T02:10:40.054+0000] {standard_task_runner.py:63} INFO - Started process 11624 to run task
[2025-03-15T02:10:40.058+0000] {standard_task_runner.py:90} INFO - Running: ['***', 'tasks', 'run', 'team_color_to_parquet_dag', 'submit_spark_via_ssh', 'manual__2025-03-15T02:10:35.264462+00:00', '--job-id', '255', '--raw', '--subdir', 'DAGS_FOLDER/team_color_to_parquet_dag.py', '--cfg-path', '/tmp/tmpgybyq5zi']
[2025-03-15T02:10:40.060+0000] {standard_task_runner.py:91} INFO - Job 255: Subtask submit_spark_via_ssh
[2025-03-15T02:10:40.138+0000] {task_command.py:426} INFO - Running <TaskInstance: team_color_to_parquet_dag.submit_spark_via_ssh manual__2025-03-15T02:10:35.264462+00:00 [running]> on host a0d797a25898
[2025-03-15T02:10:40.266+0000] {taskinstance.py:2648} INFO - Exporting env vars: AIRFLOW_CTX_DAG_OWNER='***' AIRFLOW_CTX_DAG_ID='team_color_to_parquet_dag' AIRFLOW_CTX_TASK_ID='submit_spark_via_ssh' AIRFLOW_CTX_EXECUTION_DATE='2025-03-15T02:10:35.264462+00:00' AIRFLOW_CTX_TRY_NUMBER='1' AIRFLOW_CTX_DAG_RUN_ID='manual__2025-03-15T02:10:35.264462+00:00'
[2025-03-15T02:10:40.267+0000] {taskinstance.py:430} INFO - ::endgroup::
[2025-03-15T02:10:40.284+0000] {ssh.py:151} INFO - Creating ssh_client
[2025-03-15T02:10:40.285+0000] {ssh.py:124} INFO - ssh_hook is not provided or invalid. Trying ssh_conn_id to create SSHHook.
[2025-03-15T02:10:40.303+0000] {base.py:84} INFO - Using connection ID 'spark_ssh_conn' for task execution.
[2025-03-15T02:10:40.305+0000] {ssh.py:301} WARNING - No Host Key Verification. This won't protect against Man-In-The-Middle attacks
[2025-03-15T02:10:40.309+0000] {transport.py:1909} INFO - Connected (version 2.0, client OpenSSH_9.6p1)
[2025-03-15T02:10:40.377+0000] {transport.py:1909} INFO - Authentication (publickey) successful!
[2025-03-15T02:10:40.378+0000] {ssh.py:480} INFO - Running command: 
    set -e
    echo "Starting Spark Job on 2025-03-15"
    /spark-3.5.3/bin/spark-submit /home/ubuntu/spark_scripts/team_color_to_parquet.py 2025-03-15
    exit_code=$?

    if [ $exit_code -ne 0 ]; then
        echo "Spark Job Failed! Check logs."
        exit 1
    else
        echo "Spark Job Succeeded!"
    fi
    
[2025-03-15T02:10:40.494+0000] {ssh.py:526} INFO - Starting Spark Job on 2025-03-15
[2025-03-15T02:10:45.241+0000] {ssh.py:531} WARNING - 25/03/15 02:10:45 INFO SparkContext: Running Spark version 3.5.3
[2025-03-15T02:10:45.242+0000] {ssh.py:531} WARNING - 25/03/15 02:10:45 INFO SparkContext: OS info Linux, 6.8.0-1024-aws, amd64
[2025-03-15T02:10:45.243+0000] {ssh.py:531} WARNING - 25/03/15 02:10:45 INFO SparkContext: Java version 11.0.26
[2025-03-15T02:10:45.360+0000] {ssh.py:531} WARNING - 25/03/15 02:10:45 WARN NativeCodeLoader: Unable to load native-hadoop library for your platform... using builtin-java classes where applicable
[2025-03-15T02:10:45.582+0000] {ssh.py:531} WARNING - 25/03/15 02:10:45 INFO ResourceUtils: ==============================================================
[2025-03-15T02:10:45.583+0000] {ssh.py:531} WARNING - 25/03/15 02:10:45 INFO ResourceUtils: No custom resources configured for spark.driver.
[2025-03-15T02:10:45.585+0000] {ssh.py:531} WARNING - 25/03/15 02:10:45 INFO ResourceUtils: ==============================================================
[2025-03-15T02:10:45.589+0000] {ssh.py:531} WARNING - 25/03/15 02:10:45 INFO SparkContext: Submitted application: Extract_Team_Color_Info
[2025-03-15T02:10:45.659+0000] {ssh.py:531} WARNING - 25/03/15 02:10:45 INFO ResourceProfile: Default ResourceProfile created, executor resources: Map(cores -> name: cores, amount: 1, script: , vendor: , memory -> name: memory, amount: 1024, script: , vendor: , offHeap -> name: offHeap, amount: 0, script: , vendor: ), task resources: Map(cpus -> name: cpus, amount: 1.0)
[2025-03-15T02:10:45.671+0000] {ssh.py:531} WARNING - 25/03/15 02:10:45 INFO ResourceProfile: Limiting resource is cpu
[2025-03-15T02:10:45.672+0000] {ssh.py:531} WARNING - 25/03/15 02:10:45 INFO ResourceProfileManager: Added ResourceProfile id: 0
[2025-03-15T02:10:45.762+0000] {ssh.py:531} WARNING - 25/03/15 02:10:45 INFO SecurityManager: Changing view acls to: ubuntu
[2025-03-15T02:10:45.763+0000] {ssh.py:531} WARNING - 25/03/15 02:10:45 INFO SecurityManager: Changing modify acls to: ubuntu
[2025-03-15T02:10:45.764+0000] {ssh.py:531} WARNING - 25/03/15 02:10:45 INFO SecurityManager: Changing view acls groups to: 
[2025-03-15T02:10:45.765+0000] {ssh.py:531} WARNING - 25/03/15 02:10:45 INFO SecurityManager: Changing modify acls groups to: 
[2025-03-15T02:10:45.769+0000] {ssh.py:531} WARNING - 25/03/15 02:10:45 INFO SecurityManager: SecurityManager: authentication disabled; ui acls disabled; users with view permissions: ubuntu; groups with view permissions: EMPTY; users with modify permissions: ubuntu; groups with modify permissions: EMPTY
[2025-03-15T02:10:46.167+0000] {ssh.py:531} WARNING - 25/03/15 02:10:46 INFO Utils: Successfully started service 'sparkDriver' on port 32981.
[2025-03-15T02:10:46.208+0000] {ssh.py:531} WARNING - 25/03/15 02:10:46 INFO SparkEnv: Registering MapOutputTracker
[2025-03-15T02:10:46.261+0000] {ssh.py:531} WARNING - 25/03/15 02:10:46 INFO SparkEnv: Registering BlockManagerMaster
[2025-03-15T02:10:46.303+0000] {ssh.py:531} WARNING - 25/03/15 02:10:46 INFO BlockManagerMasterEndpoint: Using org.apache.spark.storage.DefaultTopologyMapper for getting topology information
[2025-03-15T02:10:46.304+0000] {ssh.py:531} WARNING - 25/03/15 02:10:46 INFO BlockManagerMasterEndpoint: BlockManagerMasterEndpoint up
[2025-03-15T02:10:46.309+0000] {ssh.py:531} WARNING - 25/03/15 02:10:46 INFO SparkEnv: Registering BlockManagerMasterHeartbeat
[2025-03-15T02:10:46.350+0000] {ssh.py:531} WARNING - 25/03/15 02:10:46 INFO DiskBlockManager: Created local directory at /tmp/blockmgr-d0a1afc6-c55f-4b57-abef-3111b27c50fa
[2025-03-15T02:10:46.380+0000] {ssh.py:531} WARNING - 25/03/15 02:10:46 INFO MemoryStore: MemoryStore started with capacity 434.4 MiB
[2025-03-15T02:10:46.403+0000] {ssh.py:531} WARNING - 25/03/15 02:10:46 INFO SparkEnv: Registering OutputCommitCoordinator
[2025-03-15T02:10:46.650+0000] {ssh.py:531} WARNING - 25/03/15 02:10:46 INFO JettyUtils: Start Jetty 0.0.0.0:4040 for SparkUI
[2025-03-15T02:10:46.738+0000] {ssh.py:531} WARNING - 25/03/15 02:10:46 INFO Utils: Successfully started service 'SparkUI' on port 4040.
[2025-03-15T02:10:46.933+0000] {ssh.py:531} WARNING - 25/03/15 02:10:46 INFO Executor: Starting executor ID driver on host ip-172-31-12-182.ap-northeast-2.compute.internal
[2025-03-15T02:10:46.935+0000] {ssh.py:531} WARNING - 25/03/15 02:10:46 INFO Executor: OS info Linux, 6.8.0-1024-aws, amd64
[2025-03-15T02:10:46.935+0000] {ssh.py:531} WARNING - 25/03/15 02:10:46 INFO Executor: Java version 11.0.26
[2025-03-15T02:10:46.945+0000] {ssh.py:531} WARNING - 25/03/15 02:10:46 INFO Executor: Starting executor with user classpath (userClassPathFirst = false): ''
[2025-03-15T02:10:46.946+0000] {ssh.py:531} WARNING - 25/03/15 02:10:46 INFO Executor: Created or updated repl class loader org.apache.spark.util.MutableURLClassLoader@16cc3a95 for default.
[2025-03-15T02:10:46.996+0000] {ssh.py:531} WARNING - 25/03/15 02:10:46 INFO Utils: Successfully started service 'org.apache.spark.network.netty.NettyBlockTransferService' on port 34015.
[2025-03-15T02:10:46.997+0000] {ssh.py:531} WARNING - 25/03/15 02:10:46 INFO NettyBlockTransferService: Server created on 0.0.0.0:34015
[2025-03-15T02:10:47.008+0000] {ssh.py:531} WARNING - 25/03/15 02:10:47 INFO BlockManager: Using org.apache.spark.storage.RandomBlockReplicationPolicy for block replication policy
[2025-03-15T02:10:47.011+0000] {ssh.py:531} WARNING - 25/03/15 02:10:47 INFO BlockManagerMaster: Registering BlockManager BlockManagerId(driver, 0.0.0.0, 34015, None)
[2025-03-15T02:10:47.017+0000] {ssh.py:531} WARNING - 25/03/15 02:10:47 INFO BlockManagerMasterEndpoint: Registering block manager 0.0.0.0:34015 with 434.4 MiB RAM, BlockManagerId(driver, 0.0.0.0, 34015, None)
[2025-03-15T02:10:47.020+0000] {ssh.py:531} WARNING - 25/03/15 02:10:47 INFO BlockManagerMaster: Registered BlockManager BlockManagerId(driver, 0.0.0.0, 34015, None)
[2025-03-15T02:10:47.021+0000] {ssh.py:531} WARNING - 25/03/15 02:10:47 INFO BlockManager: Initialized BlockManager: BlockManagerId(driver, 0.0.0.0, 34015, None)
[2025-03-15T02:10:47.868+0000] {ssh.py:531} WARNING - 25/03/15 02:10:47 INFO SharedState: Setting hive.metastore.warehouse.dir ('null') to the value of spark.sql.warehouse.dir.
[2025-03-15T02:10:47.899+0000] {ssh.py:531} WARNING - 25/03/15 02:10:47 INFO SharedState: Warehouse path is 'file:/home/ubuntu/spark-warehouse'.
[2025-03-15T02:10:49.397+0000] {ssh.py:531} WARNING - 25/03/15 02:10:49 WARN MetricsConfig: Cannot locate configuration: tried hadoop-metrics2-s3a-file-system.properties,hadoop-metrics2.properties
[2025-03-15T02:10:49.417+0000] {ssh.py:531} WARNING - 25/03/15 02:10:49 INFO MetricsSystemImpl: Scheduled Metric snapshot period at 10 second(s).
[2025-03-15T02:10:49.418+0000] {ssh.py:531} WARNING - 25/03/15 02:10:49 INFO MetricsSystemImpl: s3a-file-system metrics system started
[2025-03-15T02:10:51.365+0000] {ssh.py:531} WARNING - 25/03/15 02:10:51 INFO InMemoryFileIndex: It took 170 ms to list leaf files for 1 paths.
[2025-03-15T02:10:51.544+0000] {ssh.py:531} WARNING - 25/03/15 02:10:51 INFO InMemoryFileIndex: It took 52 ms to list leaf files for 1 paths.
[2025-03-15T02:10:55.348+0000] {ssh.py:531} WARNING - 25/03/15 02:10:55 INFO FileSourceStrategy: Pushed Filters: 
[2025-03-15T02:10:55.351+0000] {ssh.py:531} WARNING - 25/03/15 02:10:55 INFO FileSourceStrategy: Post-Scan Filters: (length(trim(value#0, None)) > 0)
[2025-03-15T02:10:56.433+0000] {ssh.py:531} WARNING - 25/03/15 02:10:56 INFO CodeGenerator: Code generated in 408.294993 ms
[2025-03-15T02:10:56.511+0000] {ssh.py:531} WARNING - 25/03/15 02:10:56 INFO MemoryStore: Block broadcast_0 stored as values in memory (estimated size 200.6 KiB, free 434.2 MiB)
[2025-03-15T02:10:56.609+0000] {ssh.py:531} WARNING - 25/03/15 02:10:56 INFO MemoryStore: Block broadcast_0_piece0 stored as bytes in memory (estimated size 34.7 KiB, free 434.2 MiB)
[2025-03-15T02:10:56.613+0000] {ssh.py:531} WARNING - 25/03/15 02:10:56 INFO BlockManagerInfo: Added broadcast_0_piece0 in memory on 0.0.0.0:34015 (size: 34.7 KiB, free: 434.4 MiB)
[2025-03-15T02:10:56.622+0000] {ssh.py:531} WARNING - 25/03/15 02:10:56 INFO SparkContext: Created broadcast 0 from csv at NativeMethodAccessorImpl.java:0
[2025-03-15T02:10:56.638+0000] {ssh.py:531} WARNING - 25/03/15 02:10:56 INFO FileSourceScanExec: Planning scan with bin packing, max size: 4194304 bytes, open cost is considered as scanning 4194304 bytes.
[2025-03-15T02:10:56.874+0000] {ssh.py:531} WARNING - 25/03/15 02:10:56 INFO SparkContext: Starting job: csv at NativeMethodAccessorImpl.java:0
[2025-03-15T02:10:56.900+0000] {ssh.py:531} WARNING - 25/03/15 02:10:56 INFO DAGScheduler: Got job 0 (csv at NativeMethodAccessorImpl.java:0) with 1 output partitions
[2025-03-15T02:10:56.900+0000] {ssh.py:531} WARNING - 25/03/15 02:10:56 INFO DAGScheduler: Final stage: ResultStage 0 (csv at NativeMethodAccessorImpl.java:0)
[2025-03-15T02:10:56.901+0000] {ssh.py:531} WARNING - 25/03/15 02:10:56 INFO DAGScheduler: Parents of final stage: List()
[2025-03-15T02:10:56.905+0000] {ssh.py:531} WARNING - 25/03/15 02:10:56 INFO DAGScheduler: Missing parents: List()
[2025-03-15T02:10:56.913+0000] {ssh.py:531} WARNING - 25/03/15 02:10:56 INFO DAGScheduler: Submitting ResultStage 0 (MapPartitionsRDD[3] at csv at NativeMethodAccessorImpl.java:0), which has no missing parents
[2025-03-15T02:10:57.158+0000] {ssh.py:531} WARNING - 25/03/15 02:10:57 INFO MemoryStore: Block broadcast_1 stored as values in memory (estimated size 13.5 KiB, free 434.2 MiB)
[2025-03-15T02:10:57.161+0000] {ssh.py:531} WARNING - 25/03/15 02:10:57 INFO MemoryStore: Block broadcast_1_piece0 stored as bytes in memory (estimated size 6.4 KiB, free 434.2 MiB)
[2025-03-15T02:10:57.163+0000] {ssh.py:531} WARNING - 25/03/15 02:10:57 INFO BlockManagerInfo: Added broadcast_1_piece0 in memory on 0.0.0.0:34015 (size: 6.4 KiB, free: 434.4 MiB)
[2025-03-15T02:10:57.167+0000] {ssh.py:531} WARNING - 25/03/15 02:10:57 INFO SparkContext: Created broadcast 1 from broadcast at DAGScheduler.scala:1585
[2025-03-15T02:10:57.205+0000] {ssh.py:531} WARNING - 25/03/15 02:10:57 INFO DAGScheduler: Submitting 1 missing tasks from ResultStage 0 (MapPartitionsRDD[3] at csv at NativeMethodAccessorImpl.java:0) (first 15 tasks are for partitions Vector(0))
[2025-03-15T02:10:57.207+0000] {ssh.py:531} WARNING - 25/03/15 02:10:57 INFO TaskSchedulerImpl: Adding task set 0.0 with 1 tasks resource profile 0
[2025-03-15T02:10:57.286+0000] {ssh.py:531} WARNING - 25/03/15 02:10:57 INFO TaskSetManager: Starting task 0.0 in stage 0.0 (TID 0) (ip-172-31-12-182.ap-northeast-2.compute.internal, executor driver, partition 0, PROCESS_LOCAL, 9640 bytes) 
[2025-03-15T02:10:57.317+0000] {ssh.py:531} WARNING - 25/03/15 02:10:57 INFO Executor: Running task 0.0 in stage 0.0 (TID 0)
[2025-03-15T02:10:57.614+0000] {ssh.py:531} WARNING - 25/03/15 02:10:57 INFO CodeGenerator: Code generated in 38.581334 ms
[2025-03-15T02:10:57.620+0000] {ssh.py:531} WARNING - 25/03/15 02:10:57 INFO FileScanRDD: Reading File path: s3a://de5-finalproj-team2/crawl/2025-03-15/crawl_result_processed_20250315.csv, range: 0-1156647, partition values: [empty row]
[2025-03-15T02:10:57.672+0000] {ssh.py:531} WARNING - 25/03/15 02:10:57 INFO CodeGenerator: Code generated in 40.599786 ms
[2025-03-15T02:10:57.828+0000] {ssh.py:531} WARNING - 25/03/15 02:10:57 INFO LineRecordReader: Found UTF-8 BOM and skipped it
[2025-03-15T02:10:57.882+0000] {ssh.py:531} WARNING - 25/03/15 02:10:57 INFO Executor: Finished task 0.0 in stage 0.0 (TID 0). 1713 bytes result sent to driver
[2025-03-15T02:10:57.897+0000] {ssh.py:531} WARNING - 25/03/15 02:10:57 INFO TaskSetManager: Finished task 0.0 in stage 0.0 (TID 0) in 639 ms on ip-172-31-12-182.ap-northeast-2.compute.internal (executor driver) (1/1)
[2025-03-15T02:10:57.898+0000] {ssh.py:531} WARNING - 25/03/15 02:10:57 INFO TaskSchedulerImpl: Removed TaskSet 0.0, whose tasks have all completed, from pool 
[2025-03-15T02:10:57.909+0000] {ssh.py:531} WARNING - 25/03/15 02:10:57 INFO DAGScheduler: ResultStage 0 (csv at NativeMethodAccessorImpl.java:0) finished in 0.952 s
[2025-03-15T02:10:57.918+0000] {ssh.py:531} WARNING - 25/03/15 02:10:57 INFO DAGScheduler: Job 0 is finished. Cancelling potential speculative or zombie tasks for this job
[2025-03-15T02:10:57.918+0000] {ssh.py:531} WARNING - 25/03/15 02:10:57 INFO TaskSchedulerImpl: Killing all running tasks in stage 0: Stage finished
[2025-03-15T02:10:57.921+0000] {ssh.py:531} WARNING - 25/03/15 02:10:57 INFO DAGScheduler: Job 0 finished: csv at NativeMethodAccessorImpl.java:0, took 1.046195 s
[2025-03-15T02:10:57.975+0000] {ssh.py:531} WARNING - 25/03/15 02:10:57 INFO CodeGenerator: Code generated in 26.747827 ms
[2025-03-15T02:10:58.147+0000] {ssh.py:531} WARNING - 25/03/15 02:10:58 INFO BlockManagerInfo: Removed broadcast_1_piece0 on 0.0.0.0:34015 in memory (size: 6.4 KiB, free: 434.4 MiB)
[2025-03-15T02:10:58.157+0000] {ssh.py:531} WARNING - 25/03/15 02:10:58 INFO FileSourceStrategy: Pushed Filters: 
[2025-03-15T02:10:58.158+0000] {ssh.py:531} WARNING - 25/03/15 02:10:58 INFO FileSourceStrategy: Post-Scan Filters: 
[2025-03-15T02:10:58.180+0000] {ssh.py:531} WARNING - 25/03/15 02:10:58 INFO MemoryStore: Block broadcast_2 stored as values in memory (estimated size 200.6 KiB, free 434.0 MiB)
[2025-03-15T02:10:58.214+0000] {ssh.py:531} WARNING - 25/03/15 02:10:58 INFO MemoryStore: Block broadcast_2_piece0 stored as bytes in memory (estimated size 34.7 KiB, free 433.9 MiB)
[2025-03-15T02:10:58.216+0000] {ssh.py:531} WARNING - 25/03/15 02:10:58 INFO BlockManagerInfo: Added broadcast_2_piece0 in memory on 0.0.0.0:34015 (size: 34.7 KiB, free: 434.3 MiB)
[2025-03-15T02:10:58.218+0000] {ssh.py:531} WARNING - 25/03/15 02:10:58 INFO SparkContext: Created broadcast 2 from csv at NativeMethodAccessorImpl.java:0
[2025-03-15T02:10:58.223+0000] {ssh.py:531} WARNING - 25/03/15 02:10:58 INFO FileSourceScanExec: Planning scan with bin packing, max size: 4194304 bytes, open cost is considered as scanning 4194304 bytes.
[2025-03-15T02:10:58.890+0000] {ssh.py:531} WARNING - 25/03/15 02:10:58 INFO FileSourceStrategy: Pushed Filters: 
[2025-03-15T02:10:58.891+0000] {ssh.py:531} WARNING - 25/03/15 02:10:58 INFO FileSourceStrategy: Post-Scan Filters: 
[2025-03-15T02:10:59.051+0000] {ssh.py:531} WARNING - 25/03/15 02:10:59 INFO ParquetUtils: Using default output committer for Parquet: org.apache.parquet.hadoop.ParquetOutputCommitter
[2025-03-15T02:10:59.071+0000] {ssh.py:531} WARNING - 25/03/15 02:10:59 INFO FileOutputCommitter: File Output Committer Algorithm version is 1
[2025-03-15T02:10:59.072+0000] {ssh.py:531} WARNING - 25/03/15 02:10:59 INFO FileOutputCommitter: FileOutputCommitter skip cleanup _temporary folders under output directory:false, ignore cleanup failures: false
[2025-03-15T02:10:59.072+0000] {ssh.py:531} WARNING - 25/03/15 02:10:59 INFO SQLHadoopMapReduceCommitProtocol: Using user defined output committer class org.apache.parquet.hadoop.ParquetOutputCommitter
[2025-03-15T02:10:59.073+0000] {ssh.py:531} WARNING - 25/03/15 02:10:59 INFO FileOutputCommitter: File Output Committer Algorithm version is 1
[2025-03-15T02:10:59.073+0000] {ssh.py:531} WARNING - 25/03/15 02:10:59 INFO FileOutputCommitter: FileOutputCommitter skip cleanup _temporary folders under output directory:false, ignore cleanup failures: false
[2025-03-15T02:10:59.075+0000] {ssh.py:531} WARNING - 25/03/15 02:10:59 INFO SQLHadoopMapReduceCommitProtocol: Using output committer class org.apache.parquet.hadoop.ParquetOutputCommitter
[2025-03-15T02:10:59.562+0000] {ssh.py:531} WARNING - 25/03/15 02:10:59 INFO CodeGenerator: Code generated in 95.749159 ms
[2025-03-15T02:10:59.568+0000] {ssh.py:531} WARNING - 25/03/15 02:10:59 INFO MemoryStore: Block broadcast_3 stored as values in memory (estimated size 200.5 KiB, free 433.7 MiB)
[2025-03-15T02:10:59.613+0000] {ssh.py:531} WARNING - 25/03/15 02:10:59 INFO MemoryStore: Block broadcast_3_piece0 stored as bytes in memory (estimated size 34.6 KiB, free 433.7 MiB)
[2025-03-15T02:10:59.616+0000] {ssh.py:531} WARNING - 25/03/15 02:10:59 INFO BlockManagerInfo: Added broadcast_3_piece0 in memory on 0.0.0.0:34015 (size: 34.6 KiB, free: 434.3 MiB)
[2025-03-15T02:10:59.620+0000] {ssh.py:531} WARNING - 25/03/15 02:10:59 INFO SparkContext: Created broadcast 3 from parquet at NativeMethodAccessorImpl.java:0
[2025-03-15T02:10:59.632+0000] {ssh.py:531} WARNING - 25/03/15 02:10:59 INFO FileSourceScanExec: Planning scan with bin packing, max size: 4194304 bytes, open cost is considered as scanning 4194304 bytes.
[2025-03-15T02:10:59.674+0000] {ssh.py:531} WARNING - 25/03/15 02:10:59 INFO SparkContext: Starting job: parquet at NativeMethodAccessorImpl.java:0
[2025-03-15T02:10:59.676+0000] {ssh.py:531} WARNING - 25/03/15 02:10:59 INFO DAGScheduler: Got job 1 (parquet at NativeMethodAccessorImpl.java:0) with 1 output partitions
[2025-03-15T02:10:59.677+0000] {ssh.py:531} WARNING - 25/03/15 02:10:59 INFO DAGScheduler: Final stage: ResultStage 1 (parquet at NativeMethodAccessorImpl.java:0)
[2025-03-15T02:10:59.677+0000] {ssh.py:531} WARNING - 25/03/15 02:10:59 INFO DAGScheduler: Parents of final stage: List()
[2025-03-15T02:10:59.687+0000] {ssh.py:531} WARNING - 25/03/15 02:10:59 INFO DAGScheduler: Missing parents: List()
[2025-03-15T02:10:59.690+0000] {ssh.py:531} WARNING - 25/03/15 02:10:59 INFO DAGScheduler: Submitting ResultStage 1 (MapPartitionsRDD[13] at parquet at NativeMethodAccessorImpl.java:0), which has no missing parents
[2025-03-15T02:10:59.792+0000] {ssh.py:531} WARNING - 25/03/15 02:10:59 INFO BlockManagerInfo: Removed broadcast_0_piece0 on 0.0.0.0:34015 in memory (size: 34.7 KiB, free: 434.3 MiB)
[2025-03-15T02:10:59.850+0000] {ssh.py:531} WARNING - 25/03/15 02:10:59 INFO MemoryStore: Block broadcast_4 stored as values in memory (estimated size 221.7 KiB, free 433.7 MiB)
[2025-03-15T02:10:59.872+0000] {ssh.py:531} WARNING - 25/03/15 02:10:59 INFO MemoryStore: Block broadcast_4_piece0 stored as bytes in memory (estimated size 80.3 KiB, free 433.6 MiB)
[2025-03-15T02:10:59.876+0000] {ssh.py:531} WARNING - 25/03/15 02:10:59 INFO BlockManagerInfo: Removed broadcast_2_piece0 on 0.0.0.0:34015 in memory (size: 34.7 KiB, free: 434.4 MiB)
[2025-03-15T02:10:59.879+0000] {ssh.py:531} WARNING - 25/03/15 02:10:59 INFO BlockManagerInfo: Added broadcast_4_piece0 in memory on 0.0.0.0:34015 (size: 80.3 KiB, free: 434.3 MiB)
[2025-03-15T02:10:59.880+0000] {ssh.py:531} WARNING - 25/03/15 02:10:59 INFO SparkContext: Created broadcast 4 from broadcast at DAGScheduler.scala:1585
[2025-03-15T02:10:59.885+0000] {ssh.py:531} WARNING - 25/03/15 02:10:59 INFO DAGScheduler: Submitting 1 missing tasks from ResultStage 1 (MapPartitionsRDD[13] at parquet at NativeMethodAccessorImpl.java:0) (first 15 tasks are for partitions Vector(0))
[2025-03-15T02:10:59.887+0000] {ssh.py:531} WARNING - 25/03/15 02:10:59 INFO TaskSchedulerImpl: Adding task set 1.0 with 1 tasks resource profile 0
[2025-03-15T02:10:59.891+0000] {ssh.py:531} WARNING - 25/03/15 02:10:59 INFO TaskSetManager: Starting task 0.0 in stage 1.0 (TID 1) (ip-172-31-12-182.ap-northeast-2.compute.internal, executor driver, partition 0, PROCESS_LOCAL, 9640 bytes) 
[2025-03-15T02:10:59.898+0000] {ssh.py:531} WARNING - 25/03/15 02:10:59 INFO Executor: Running task 0.0 in stage 1.0 (TID 1)
[2025-03-15T02:11:00.313+0000] {ssh.py:531} WARNING - 25/03/15 02:11:00 INFO CodeGenerator: Code generated in 158.905414 ms
[2025-03-15T02:11:00.326+0000] {ssh.py:531} WARNING - 25/03/15 02:11:00 INFO FileOutputCommitter: File Output Committer Algorithm version is 1
[2025-03-15T02:11:00.326+0000] {ssh.py:531} WARNING - 25/03/15 02:11:00 INFO FileOutputCommitter: FileOutputCommitter skip cleanup _temporary folders under output directory:false, ignore cleanup failures: false
[2025-03-15T02:11:00.332+0000] {ssh.py:531} WARNING - 25/03/15 02:11:00 INFO SQLHadoopMapReduceCommitProtocol: Using user defined output committer class org.apache.parquet.hadoop.ParquetOutputCommitter
[2025-03-15T02:11:00.332+0000] {ssh.py:531} WARNING - 25/03/15 02:11:00 INFO FileOutputCommitter: File Output Committer Algorithm version is 1
[2025-03-15T02:11:00.333+0000] {ssh.py:531} WARNING - 25/03/15 02:11:00 INFO FileOutputCommitter: FileOutputCommitter skip cleanup _temporary folders under output directory:false, ignore cleanup failures: false
[2025-03-15T02:11:00.333+0000] {ssh.py:531} WARNING - 25/03/15 02:11:00 INFO SQLHadoopMapReduceCommitProtocol: Using output committer class org.apache.parquet.hadoop.ParquetOutputCommitter
[2025-03-15T02:11:00.349+0000] {ssh.py:531} WARNING - 25/03/15 02:11:00 INFO CodecConfig: Compression: SNAPPY
[2025-03-15T02:11:00.357+0000] {ssh.py:531} WARNING - 25/03/15 02:11:00 INFO CodecConfig: Compression: SNAPPY
[2025-03-15T02:11:00.404+0000] {ssh.py:531} WARNING - 25/03/15 02:11:00 INFO ParquetOutputFormat: ParquetRecordWriter [block size: 134217728b, row group padding size: 8388608b, validating: false]
[2025-03-15T02:11:00.446+0000] {ssh.py:531} WARNING - 25/03/15 02:11:00 INFO ParquetWriteSupport: Initialized Parquet WriteSupport with Catalyst schema:
[2025-03-15T02:11:00.446+0000] {ssh.py:531} WARNING - {
[2025-03-15T02:11:00.446+0000] {ssh.py:531} WARNING -   "type" : "struct",
[2025-03-15T02:11:00.446+0000] {ssh.py:531} WARNING -   "fields" : [ {
[2025-03-15T02:11:00.447+0000] {ssh.py:531} WARNING -     "name" : "gamer_nickname",
[2025-03-15T02:11:00.447+0000] {ssh.py:531} WARNING -     "type" : "string",
[2025-03-15T02:11:00.447+0000] {ssh.py:531} WARNING -     "nullable" : true,
[2025-03-15T02:11:00.447+0000] {ssh.py:531} WARNING -     "metadata" : { }
[2025-03-15T02:11:00.447+0000] {ssh.py:531} WARNING -   }, {
[2025-03-15T02:11:00.447+0000] {ssh.py:531} WARNING -     "name" : "team_color",
[2025-03-15T02:11:00.448+0000] {ssh.py:531} WARNING -     "type" : "string",
[2025-03-15T02:11:00.448+0000] {ssh.py:531} WARNING -     "nullable" : false,
[2025-03-15T02:11:00.448+0000] {ssh.py:531} WARNING -     "metadata" : { }
[2025-03-15T02:11:00.448+0000] {ssh.py:531} WARNING -   }, {
[2025-03-15T02:11:00.448+0000] {ssh.py:531} WARNING -     "name" : "team_count",
[2025-03-15T02:11:00.448+0000] {ssh.py:531} WARNING -     "type" : "integer",
[2025-03-15T02:11:00.448+0000] {ssh.py:531} WARNING -     "nullable" : true,
[2025-03-15T02:11:00.448+0000] {ssh.py:531} WARNING -     "metadata" : { }
[2025-03-15T02:11:00.448+0000] {ssh.py:531} WARNING -   }, {
[2025-03-15T02:11:00.449+0000] {ssh.py:531} WARNING -     "name" : "created_at",
[2025-03-15T02:11:00.449+0000] {ssh.py:531} WARNING -     "type" : "date",
[2025-03-15T02:11:00.449+0000] {ssh.py:531} WARNING -     "nullable" : false,
[2025-03-15T02:11:00.449+0000] {ssh.py:531} WARNING -     "metadata" : { }
[2025-03-15T02:11:00.449+0000] {ssh.py:531} WARNING -   } ]
[2025-03-15T02:11:00.449+0000] {ssh.py:531} WARNING - }
[2025-03-15T02:11:00.449+0000] {ssh.py:531} WARNING - and corresponding Parquet message type:
[2025-03-15T02:11:00.450+0000] {ssh.py:531} WARNING - message spark_schema {
[2025-03-15T02:11:00.450+0000] {ssh.py:531} WARNING -   optional binary gamer_nickname (STRING);
[2025-03-15T02:11:00.450+0000] {ssh.py:531} WARNING -   required binary team_color (STRING);
[2025-03-15T02:11:00.450+0000] {ssh.py:531} WARNING -   optional int32 team_count;
[2025-03-15T02:11:00.450+0000] {ssh.py:531} WARNING -   required int32 created_at (DATE);
[2025-03-15T02:11:00.450+0000] {ssh.py:531} WARNING - }
[2025-03-15T02:11:00.450+0000] {ssh.py:531} WARNING - 
[2025-03-15T02:11:00.450+0000] {ssh.py:531} WARNING -        
[2025-03-15T02:11:00.646+0000] {ssh.py:531} WARNING - 25/03/15 02:11:00 INFO CodecPool: Got brand-new compressor [.snappy]
[2025-03-15T02:11:01.173+0000] {ssh.py:531} WARNING - 25/03/15 02:11:01 INFO FileScanRDD: Reading File path: s3a://de5-finalproj-team2/crawl/2025-03-15/crawl_result_processed_20250315.csv, range: 0-1156647, partition values: [empty row]
[2025-03-15T02:11:01.204+0000] {ssh.py:531} WARNING - 25/03/15 02:11:01 INFO CodeGenerator: Code generated in 20.801612 ms
[2025-03-15T02:11:01.280+0000] {ssh.py:531} WARNING - 25/03/15 02:11:01 INFO LineRecordReader: Found UTF-8 BOM and skipped it
[2025-03-15T02:11:04.039+0000] {ssh.py:531} WARNING - 25/03/15 02:11:04 INFO FileOutputCommitter: Saved output of task 'attempt_20250315021059613207309794042192_0001_m_000000_1' to s3a://de5-finalproj-team2/analytics/team_color_info/2025-03-15/_temporary/0/task_20250315021059613207309794042192_0001_m_000000
[2025-03-15T02:11:04.040+0000] {ssh.py:531} WARNING - 25/03/15 02:11:04 INFO SparkHadoopMapRedUtil: attempt_20250315021059613207309794042192_0001_m_000000_1: Committed. Elapsed time: 698 ms.
[2025-03-15T02:11:04.070+0000] {ssh.py:531} WARNING - 25/03/15 02:11:04 INFO Executor: Finished task 0.0 in stage 1.0 (TID 1). 2669 bytes result sent to driver
[2025-03-15T02:11:04.075+0000] {ssh.py:531} WARNING - 25/03/15 02:11:04 INFO TaskSetManager: Finished task 0.0 in stage 1.0 (TID 1) in 4183 ms on ip-172-31-12-182.ap-northeast-2.compute.internal (executor driver) (1/1)
[2025-03-15T02:11:04.077+0000] {ssh.py:531} WARNING - 25/03/15 02:11:04 INFO TaskSchedulerImpl: Removed TaskSet 1.0, whose tasks have all completed, from pool 
[2025-03-15T02:11:04.079+0000] {ssh.py:531} WARNING - 25/03/15 02:11:04 INFO DAGScheduler: ResultStage 1 (parquet at NativeMethodAccessorImpl.java:0) finished in 4.384 s
[2025-03-15T02:11:04.081+0000] {ssh.py:531} WARNING - 25/03/15 02:11:04 INFO DAGScheduler: Job 1 is finished. Cancelling potential speculative or zombie tasks for this job
[2025-03-15T02:11:04.081+0000] {ssh.py:531} WARNING - 25/03/15 02:11:04 INFO TaskSchedulerImpl: Killing all running tasks in stage 1: Stage finished
[2025-03-15T02:11:04.081+0000] {ssh.py:531} WARNING - 25/03/15 02:11:04 INFO DAGScheduler: Job 1 finished: parquet at NativeMethodAccessorImpl.java:0, took 4.407473 s
[2025-03-15T02:11:04.084+0000] {ssh.py:531} WARNING - 25/03/15 02:11:04 INFO FileFormatWriter: Start to commit write Job dd8b99f8-9021-4272-8477-824879e91aa6.
[2025-03-15T02:11:05.029+0000] {ssh.py:531} WARNING - 25/03/15 02:11:05 INFO FileFormatWriter: Write Job dd8b99f8-9021-4272-8477-824879e91aa6 committed. Elapsed time: 938 ms.
[2025-03-15T02:11:05.035+0000] {ssh.py:531} WARNING - 25/03/15 02:11:05 INFO FileFormatWriter: Finished processing stats for write job dd8b99f8-9021-4272-8477-824879e91aa6.
[2025-03-15T02:11:05.041+0000] {ssh.py:526} INFO - ✅ Parquet 변환 완료! 저장 경로: s3a://de5-finalproj-team2/analytics/team_color_info/2025-03-15
[2025-03-15T02:11:05.100+0000] {ssh.py:531} WARNING - 25/03/15 02:11:05 INFO SparkContext: Invoking stop() from shutdown hook
[2025-03-15T02:11:05.101+0000] {ssh.py:531} WARNING - 25/03/15 02:11:05 INFO SparkContext: SparkContext is stopping with exitCode 0.
[2025-03-15T02:11:05.116+0000] {ssh.py:531} WARNING - 25/03/15 02:11:05 INFO SparkUI: Stopped Spark web UI at http://0.0.0.0:4040
[2025-03-15T02:11:05.135+0000] {ssh.py:531} WARNING - 25/03/15 02:11:05 INFO MapOutputTrackerMasterEndpoint: MapOutputTrackerMasterEndpoint stopped!
[2025-03-15T02:11:05.147+0000] {ssh.py:531} WARNING - 25/03/15 02:11:05 INFO MemoryStore: MemoryStore cleared
[2025-03-15T02:11:05.148+0000] {ssh.py:531} WARNING - 25/03/15 02:11:05 INFO BlockManager: BlockManager stopped
[2025-03-15T02:11:05.152+0000] {ssh.py:531} WARNING - 25/03/15 02:11:05 INFO BlockManagerMaster: BlockManagerMaster stopped
[2025-03-15T02:11:05.156+0000] {ssh.py:531} WARNING - 25/03/15 02:11:05 INFO OutputCommitCoordinator$OutputCommitCoordinatorEndpoint: OutputCommitCoordinator stopped!
[2025-03-15T02:11:05.168+0000] {ssh.py:531} WARNING - 25/03/15 02:11:05 INFO SparkContext: Successfully stopped SparkContext
[2025-03-15T02:11:05.168+0000] {ssh.py:531} WARNING - 25/03/15 02:11:05 INFO ShutdownHookManager: Shutdown hook called
[2025-03-15T02:11:05.169+0000] {ssh.py:531} WARNING - 25/03/15 02:11:05 INFO ShutdownHookManager: Deleting directory /tmp/spark-6eba9d3b-bd34-4de8-8921-2a5eecac9c5a
[2025-03-15T02:11:05.172+0000] {ssh.py:531} WARNING - 25/03/15 02:11:05 INFO ShutdownHookManager: Deleting directory /tmp/spark-181064a8-c9ee-4404-b355-68bcd852ef66
[2025-03-15T02:11:05.180+0000] {ssh.py:531} WARNING - 25/03/15 02:11:05 INFO ShutdownHookManager: Deleting directory /tmp/spark-6eba9d3b-bd34-4de8-8921-2a5eecac9c5a/pyspark-6f55644f-82f3-4620-b649-cf68b55ec087
[2025-03-15T02:11:05.197+0000] {ssh.py:531} WARNING - 25/03/15 02:11:05 INFO MetricsSystemImpl: Stopping s3a-file-system metrics system...
[2025-03-15T02:11:05.200+0000] {ssh.py:531} WARNING - 25/03/15 02:11:05 INFO MetricsSystemImpl: s3a-file-system metrics system stopped.
[2025-03-15T02:11:05.200+0000] {ssh.py:531} WARNING - 25/03/15 02:11:05 INFO MetricsSystemImpl: s3a-file-system metrics system shutdown complete.
[2025-03-15T02:11:05.267+0000] {ssh.py:526} INFO - Spark Job Succeeded!
[2025-03-15T02:11:05.290+0000] {taskinstance.py:441} INFO - ::group::Post task execution logs
[2025-03-15T02:11:05.363+0000] {taskinstance.py:1206} INFO - Marking task as SUCCESS. dag_id=team_color_to_parquet_dag, task_id=submit_spark_via_ssh, run_id=manual__2025-03-15T02:10:35.264462+00:00, execution_date=20250315T021035, start_date=20250315T021040, end_date=20250315T021105
[2025-03-15T02:11:05.395+0000] {local_task_job_runner.py:240} INFO - Task exited with return code 0
[2025-03-15T02:11:05.423+0000] {taskinstance.py:3498} INFO - 1 downstream tasks scheduled from follow-on schedule check
[2025-03-15T02:11:05.424+0000] {local_task_job_runner.py:222} INFO - ::endgroup::
