[2025-03-13T06:56:20.544+0000] {local_task_job_runner.py:120} INFO - ::group::Pre task execution logs
[2025-03-13T06:56:20.583+0000] {taskinstance.py:2076} INFO - Dependencies all met for dep_context=non-requeueable deps ti=<TaskInstance: collect_match_info_dag.collect_and_save_match_data_to_json_to_s3 scheduled__2025-03-12T01:40:00+00:00 [queued]>
[2025-03-13T06:56:20.593+0000] {taskinstance.py:2076} INFO - Dependencies all met for dep_context=requeueable deps ti=<TaskInstance: collect_match_info_dag.collect_and_save_match_data_to_json_to_s3 scheduled__2025-03-12T01:40:00+00:00 [queued]>
[2025-03-13T06:56:20.594+0000] {taskinstance.py:2306} INFO - Starting attempt 1 of 2
[2025-03-13T06:56:20.609+0000] {taskinstance.py:2330} INFO - Executing <Task(PythonOperator): collect_and_save_match_data_to_json_to_s3> on 2025-03-12 01:40:00+00:00
[2025-03-13T06:56:20.619+0000] {standard_task_runner.py:63} INFO - Started process 25361 to run task
[2025-03-13T06:56:20.628+0000] {standard_task_runner.py:90} INFO - Running: ['***', 'tasks', 'run', 'collect_match_info_dag', 'collect_and_save_match_data_to_json_to_s3', 'scheduled__2025-03-12T01:40:00+00:00', '--job-id', '122', '--raw', '--subdir', 'DAGS_FOLDER/collect_match_info_dag.py', '--cfg-path', '/tmp/tmpnofs5923']
[2025-03-13T06:56:20.631+0000] {standard_task_runner.py:91} INFO - Job 122: Subtask collect_and_save_match_data_to_json_to_s3
[2025-03-13T06:56:20.880+0000] {task_command.py:426} INFO - Running <TaskInstance: collect_match_info_dag.collect_and_save_match_data_to_json_to_s3 scheduled__2025-03-12T01:40:00+00:00 [running]> on host a0d797a25898
[2025-03-13T06:56:21.039+0000] {taskinstance.py:2648} INFO - Exporting env vars: AIRFLOW_CTX_DAG_OWNER='***' AIRFLOW_CTX_DAG_ID='collect_match_info_dag' AIRFLOW_CTX_TASK_ID='collect_and_save_match_data_to_json_to_s3' AIRFLOW_CTX_EXECUTION_DATE='2025-03-12T01:40:00+00:00' AIRFLOW_CTX_TRY_NUMBER='1' AIRFLOW_CTX_DAG_RUN_ID='scheduled__2025-03-12T01:40:00+00:00'
[2025-03-13T06:56:21.040+0000] {taskinstance.py:430} INFO - ::endgroup::
[2025-03-13T06:56:21.054+0000] {collect_match_info_dag.py:147} INFO - Collecting 2025-03-13's data
[2025-03-13T06:56:21.466+0000] {collect_match_info_dag.py:82} WARNING - API 호출 실패 - status=400, url=https://open.api.nexon.com/fconline/v1/id?nickname=BFX%EC%8B%A0%EA%B2%BD%EC%84%AD
[2025-03-13T06:56:21.825+0000] {collect_match_info_dag.py:82} WARNING - API 호출 실패 - status=400, url=https://open.api.nexon.com/fconline/v1/id?nickname=DRXSavior
[2025-03-13T06:56:22.183+0000] {collect_match_info_dag.py:82} WARNING - API 호출 실패 - status=400, url=https://open.api.nexon.com/fconline/v1/id?nickname=%EC%AF%94%EC%95%95%EC%AF%94%EC%95%95
[2025-03-13T06:56:22.546+0000] {collect_match_info_dag.py:82} WARNING - API 호출 실패 - status=400, url=https://open.api.nexon.com/fconline/v1/id?nickname=AF%EB%B0%95%EC%A4%80%ED%9A%A8
[2025-03-13T06:56:22.911+0000] {collect_match_info_dag.py:82} WARNING - API 호출 실패 - status=400, url=https://open.api.nexon.com/fconline/v1/id?nickname=NSRimGC
[2025-03-13T06:56:23.274+0000] {collect_match_info_dag.py:82} WARNING - API 호출 실패 - status=400, url=https://open.api.nexon.com/fconline/v1/id?nickname=Innate%EB%85%B9%EC%8A%A4
[2025-03-13T06:56:23.632+0000] {collect_match_info_dag.py:82} WARNING - API 호출 실패 - status=400, url=https://open.api.nexon.com/fconline/v1/id?nickname=%EC%8B%A0%EB%A6%BC%EB%8F%99%EB%B0%80%ED%83%B1%ED%81%AC
[2025-03-13T06:56:23.988+0000] {collect_match_info_dag.py:82} WARNING - API 호출 실패 - status=400, url=https://open.api.nexon.com/fconline/v1/id?nickname=DKMiBOB
[2025-03-13T06:56:24.343+0000] {collect_match_info_dag.py:82} WARNING - API 호출 실패 - status=400, url=https://open.api.nexon.com/fconline/v1/id?nickname=Edith%EC%9D%B4%EA%B5%AC%EC%B9%98%EB%A6%AC
[2025-03-13T06:56:24.701+0000] {collect_match_info_dag.py:82} WARNING - API 호출 실패 - status=400, url=https://open.api.nexon.com/fconline/v1/id?nickname=SainT%EC%84%B1%EC%A7%80%EC%9B%90
[2025-03-13T06:56:25.085+0000] {collect_match_info_dag.py:82} WARNING - API 호출 실패 - status=400, url=https://open.api.nexon.com/fconline/v1/id?nickname=SainT%EC%A7%80%EC%9B%90
[2025-03-13T06:56:25.446+0000] {collect_match_info_dag.py:82} WARNING - API 호출 실패 - status=400, url=https://open.api.nexon.com/fconline/v1/id?nickname=GGAIGLoo
[2025-03-13T06:56:25.804+0000] {collect_match_info_dag.py:82} WARNING - API 호출 실패 - status=400, url=https://open.api.nexon.com/fconline/v1/id?nickname=GGASungBin
[2025-03-13T06:56:26.161+0000] {collect_match_info_dag.py:82} WARNING - API 호출 실패 - status=400, url=https://open.api.nexon.com/fconline/v1/id?nickname=Innate%EA%B9%80%EC%9E%AC%EB%94%94
[2025-03-13T06:56:26.522+0000] {collect_match_info_dag.py:82} WARNING - API 호출 실패 - status=400, url=https://open.api.nexon.com/fconline/v1/id?nickname=%ED%94%84%ED%8B%B0
[2025-03-13T06:56:26.883+0000] {collect_match_info_dag.py:82} WARNING - API 호출 실패 - status=400, url=https://open.api.nexon.com/fconline/v1/id?nickname=UnLMTD%EC%98%81%ED%99%98
[2025-03-13T06:56:27.250+0000] {collect_match_info_dag.py:82} WARNING - API 호출 실패 - status=400, url=https://open.api.nexon.com/fconline/v1/id?nickname=%EC%B9%A0%EA%B3%B5%EC%9D%BC
[2025-03-13T06:56:27.610+0000] {collect_match_info_dag.py:82} WARNING - API 호출 실패 - status=400, url=https://open.api.nexon.com/fconline/v1/id?nickname=Prime%EA%B0%80%EB%BF%90
[2025-03-13T06:56:27.968+0000] {collect_match_info_dag.py:82} WARNING - API 호출 실패 - status=400, url=https://open.api.nexon.com/fconline/v1/id?nickname=Prime%EA%B9%80%EA%B2%BD%EB%AF%BC
[2025-03-13T06:56:28.325+0000] {collect_match_info_dag.py:82} WARNING - API 호출 실패 - status=400, url=https://open.api.nexon.com/fconline/v1/id?nickname=27chillguy
[2025-03-13T06:56:28.682+0000] {collect_match_info_dag.py:82} WARNING - API 호출 실패 - status=400, url=https://open.api.nexon.com/fconline/v1/id?nickname=%EC%B2%9C%EC%9E%AC%EB%85%B8%EC%B0%BD
[2025-03-13T06:56:29.040+0000] {collect_match_info_dag.py:82} WARNING - API 호출 실패 - status=400, url=https://open.api.nexon.com/fconline/v1/id?nickname=%EB%89%B4%EC%95%A0%EB%9D%BC
[2025-03-13T06:56:29.405+0000] {collect_match_info_dag.py:82} WARNING - API 호출 실패 - status=400, url=https://open.api.nexon.com/fconline/v1/id?nickname=%ED%83%81%EC%9E%AC%ED%9B%88
[2025-03-13T06:56:29.767+0000] {collect_match_info_dag.py:82} WARNING - API 호출 실패 - status=400, url=https://open.api.nexon.com/fconline/v1/id?nickname=DNFJade
[2025-03-13T06:56:30.124+0000] {collect_match_info_dag.py:82} WARNING - API 호출 실패 - status=400, url=https://open.api.nexon.com/fconline/v1/id?nickname=%EB%8F%99%EB%85%98%EB%8F%99
[2025-03-13T06:56:30.485+0000] {collect_match_info_dag.py:82} WARNING - API 호출 실패 - status=400, url=https://open.api.nexon.com/fconline/v1/id?nickname=%EC%97%84%ED%99%8D%EC%8B%9D
[2025-03-13T06:56:30.848+0000] {collect_match_info_dag.py:82} WARNING - API 호출 실패 - status=400, url=https://open.api.nexon.com/fconline/v1/id?nickname=UnLMTD%EC%9D%B4%EB%AF%BC%EC%84%9D
[2025-03-13T06:56:31.207+0000] {collect_match_info_dag.py:82} WARNING - API 호출 실패 - status=400, url=https://open.api.nexon.com/fconline/v1/id?nickname=%EB%A6%AC%EB%B0%94%EC%9D%B4%EB%B8%8C%EC%A0%84%EC%A7%80%ED%98%84
[2025-03-13T06:56:31.565+0000] {collect_match_info_dag.py:82} WARNING - API 호출 실패 - status=400, url=https://open.api.nexon.com/fconline/v1/id?nickname=HAPTIK12
[2025-03-13T06:56:31.925+0000] {collect_match_info_dag.py:82} WARNING - API 호출 실패 - status=400, url=https://open.api.nexon.com/fconline/v1/id?nickname=Juventus
[2025-03-13T06:56:32.282+0000] {collect_match_info_dag.py:82} WARNING - API 호출 실패 - status=400, url=https://open.api.nexon.com/fconline/v1/id?nickname=DRXONE
[2025-03-13T06:56:32.642+0000] {collect_match_info_dag.py:82} WARNING - API 호출 실패 - status=400, url=https://open.api.nexon.com/fconline/v1/id?nickname=%EC%9D%B8%EB%B0%94%EB%94%94
[2025-03-13T06:56:33.004+0000] {collect_match_info_dag.py:82} WARNING - API 호출 실패 - status=400, url=https://open.api.nexon.com/fconline/v1/id?nickname=%EB%A6%AC%EB%B0%94%EC%9D%B4%EB%B8%8C%EC%97%90%EC%8A%A4%EB%94%94
[2025-03-13T06:56:33.369+0000] {collect_match_info_dag.py:82} WARNING - API 호출 실패 - status=400, url=https://open.api.nexon.com/fconline/v1/id?nickname=%EB%B0%A9%ED%98%84%EC%A4%80
[2025-03-13T06:56:33.728+0000] {collect_match_info_dag.py:82} WARNING - API 호출 실패 - status=400, url=https://open.api.nexon.com/fconline/v1/id?nickname=2030%EB%85%84%EB%8F%85%EC%9D%BC%EC%97%AC%ED%96%89
[2025-03-13T06:56:34.084+0000] {collect_match_info_dag.py:82} WARNING - API 호출 실패 - status=400, url=https://open.api.nexon.com/fconline/v1/id?nickname=%EC%86%94%EC%9E%AC%EC%95%99%EC%9D%98%EC%B6%95%EA%B5%AC%EA%B5%90%EC%8B%A4
[2025-03-13T06:56:34.441+0000] {collect_match_info_dag.py:82} WARNING - API 호출 실패 - status=400, url=https://open.api.nexon.com/fconline/v1/id?nickname=%EC%BF%A0%ED%82%A4%EB%9F%B0
[2025-03-13T06:56:34.801+0000] {collect_match_info_dag.py:82} WARNING - API 호출 실패 - status=400, url=https://open.api.nexon.com/fconline/v1/id?nickname=%EB%A1%A4%EB%A1%9C%EB%85%B8%EC%95%84%EC%9E%A5%ED%98%95%EC%84%9D
[2025-03-13T06:56:35.199+0000] {collect_match_info_dag.py:82} WARNING - API 호출 실패 - status=400, url=https://open.api.nexon.com/fconline/v1/id?nickname=Prime%EB%AA%BD%EC%A3%BC
[2025-03-13T06:56:35.556+0000] {collect_match_info_dag.py:82} WARNING - API 호출 실패 - status=400, url=https://open.api.nexon.com/fconline/v1/id?nickname=%EC%A0%95%EA%B8%80%EB%A7%81
[2025-03-13T06:56:35.915+0000] {collect_match_info_dag.py:82} WARNING - API 호출 실패 - status=400, url=https://open.api.nexon.com/fconline/v1/id?nickname=%EC%B2%9C%EC%9E%AC%EB%85%B8%EC%B0%BD
[2025-03-13T06:56:36.279+0000] {collect_match_info_dag.py:82} WARNING - API 호출 실패 - status=400, url=https://open.api.nexon.com/fconline/v1/id?nickname=%EB%89%B4%EC%95%A0%EB%9D%BC
[2025-03-13T06:56:36.633+0000] {collect_match_info_dag.py:82} WARNING - API 호출 실패 - status=400, url=https://open.api.nexon.com/fconline/v1/id?nickname=%ED%83%81%EC%9E%AC%ED%9B%88
[2025-03-13T06:56:36.991+0000] {collect_match_info_dag.py:82} WARNING - API 호출 실패 - status=400, url=https://open.api.nexon.com/fconline/v1/id?nickname=DNFJade
[2025-03-13T06:56:37.348+0000] {collect_match_info_dag.py:82} WARNING - API 호출 실패 - status=400, url=https://open.api.nexon.com/fconline/v1/id?nickname=%EB%8F%99%EB%85%98%EB%8F%99
[2025-03-13T06:56:37.719+0000] {collect_match_info_dag.py:82} WARNING - API 호출 실패 - status=400, url=https://open.api.nexon.com/fconline/v1/id?nickname=%EC%97%84%ED%99%8D%EC%8B%9D
[2025-03-13T06:56:38.075+0000] {collect_match_info_dag.py:82} WARNING - API 호출 실패 - status=400, url=https://open.api.nexon.com/fconline/v1/id?nickname=UnLMTD%EC%9D%B4%EB%AF%BC%EC%84%9D
[2025-03-13T06:56:38.432+0000] {collect_match_info_dag.py:82} WARNING - API 호출 실패 - status=400, url=https://open.api.nexon.com/fconline/v1/id?nickname=%EB%A6%AC%EB%B0%94%EC%9D%B4%EB%B8%8C%EC%A0%84%EC%A7%80%ED%98%84
[2025-03-13T06:56:38.798+0000] {collect_match_info_dag.py:82} WARNING - API 호출 실패 - status=400, url=https://open.api.nexon.com/fconline/v1/id?nickname=HAPTIK12
[2025-03-13T06:56:39.155+0000] {collect_match_info_dag.py:82} WARNING - API 호출 실패 - status=400, url=https://open.api.nexon.com/fconline/v1/id?nickname=Juventus
[2025-03-13T06:56:39.458+0000] {collect_match_info_dag.py:167} INFO - collecting match_info complete!
[2025-03-13T06:56:39.461+0000] {python.py:237} INFO - Done. Returned value was: None
[2025-03-13T06:56:39.462+0000] {taskinstance.py:441} INFO - ::group::Post task execution logs
[2025-03-13T06:56:39.481+0000] {taskinstance.py:1206} INFO - Marking task as SUCCESS. dag_id=collect_match_info_dag, task_id=collect_and_save_match_data_to_json_to_s3, run_id=scheduled__2025-03-12T01:40:00+00:00, execution_date=20250312T014000, start_date=20250313T065620, end_date=20250313T065639
[2025-03-13T06:56:39.519+0000] {local_task_job_runner.py:240} INFO - Task exited with return code 0
[2025-03-13T06:56:39.552+0000] {taskinstance.py:3498} INFO - 1 downstream tasks scheduled from follow-on schedule check
[2025-03-13T06:56:39.554+0000] {local_task_job_runner.py:222} INFO - ::endgroup::
