[2025-03-12T01:30:06.536+0000] {local_task_job_runner.py:120} INFO - ::group::Pre task execution logs
[2025-03-12T01:30:06.561+0000] {taskinstance.py:2076} INFO - Dependencies all met for dep_context=non-requeueable deps ti=<TaskInstance: parquet_to_redshift.s3_to_redshift_match_trend_data scheduled__2025-03-11T01:30:00+00:00 [queued]>
[2025-03-12T01:30:06.571+0000] {taskinstance.py:2076} INFO - Dependencies all met for dep_context=requeueable deps ti=<TaskInstance: parquet_to_redshift.s3_to_redshift_match_trend_data scheduled__2025-03-11T01:30:00+00:00 [queued]>
[2025-03-12T01:30:06.572+0000] {taskinstance.py:2306} INFO - Starting attempt 1 of 2
[2025-03-12T01:30:06.587+0000] {taskinstance.py:2330} INFO - Executing <Task(S3ToRedshiftOperator): s3_to_redshift_match_trend_data> on 2025-03-11 01:30:00+00:00
[2025-03-12T01:30:06.592+0000] {standard_task_runner.py:63} INFO - Started process 3710 to run task
[2025-03-12T01:30:06.597+0000] {standard_task_runner.py:90} INFO - Running: ['***', 'tasks', 'run', 'parquet_to_redshift', 's3_to_redshift_match_trend_data', 'scheduled__2025-03-11T01:30:00+00:00', '--job-id', '70', '--raw', '--subdir', 'DAGS_FOLDER/match_info_redshift_dag.py', '--cfg-path', '/tmp/tmpsu_a6sql']
[2025-03-12T01:30:06.599+0000] {standard_task_runner.py:91} INFO - Job 70: Subtask s3_to_redshift_match_trend_data
[2025-03-12T01:30:06.667+0000] {task_command.py:426} INFO - Running <TaskInstance: parquet_to_redshift.s3_to_redshift_match_trend_data scheduled__2025-03-11T01:30:00+00:00 [running]> on host a0d797a25898
[2025-03-12T01:30:06.792+0000] {taskinstance.py:2648} INFO - Exporting env vars: AIRFLOW_CTX_DAG_OWNER='***' AIRFLOW_CTX_DAG_ID='parquet_to_redshift' AIRFLOW_CTX_TASK_ID='s3_to_redshift_match_trend_data' AIRFLOW_CTX_EXECUTION_DATE='2025-03-11T01:30:00+00:00' AIRFLOW_CTX_TRY_NUMBER='1' AIRFLOW_CTX_DAG_RUN_ID='scheduled__2025-03-11T01:30:00+00:00'
[2025-03-12T01:30:06.794+0000] {taskinstance.py:430} INFO - ::endgroup::
[2025-03-12T01:30:06.826+0000] {base.py:84} INFO - Using connection ID 's3_conn_team' for task execution.
[2025-03-12T01:30:06.838+0000] {base.py:84} INFO - Using connection ID 's3_conn_team' for task execution.
[2025-03-12T01:30:06.839+0000] {connection_wrapper.py:384} INFO - AWS Connection (conn_id='s3_conn_team', conn_type='aws') credentials retrieved from login and password.
[2025-03-12T01:30:06.855+0000] {s3_to_redshift.py:193} INFO - Executing COPY command...
[2025-03-12T01:30:06.868+0000] {base.py:84} INFO - Using connection ID 'redshift_conn_team' for task execution.
[2025-03-12T01:30:07.221+0000] {sql.py:470} INFO - Running statement: CREATE TABLE #match_info (LIKE trend_analytics.match_info INCLUDING DEFAULTS);, parameters: None
[2025-03-12T01:30:07.229+0000] {taskinstance.py:441} INFO - ::group::Post task execution logs
[2025-03-12T01:30:07.230+0000] {taskinstance.py:2905} ERROR - Task failed with exception
Traceback (most recent call last):
  File "/home/airflow/.local/lib/python3.9/site-packages/redshift_connector/core.py", line 1821, in execute
    ps = cache["ps"][key]
KeyError: ('CREATE TABLE #match_info (LIKE trend_analytics.match_info INCLUDING DEFAULTS);', ())

During handling of the above exception, another exception occurred:

Traceback (most recent call last):
  File "/home/airflow/.local/lib/python3.9/site-packages/airflow/models/taskinstance.py", line 465, in _execute_task
    result = _execute_callable(context=context, **execute_callable_kwargs)
  File "/home/airflow/.local/lib/python3.9/site-packages/airflow/models/taskinstance.py", line 432, in _execute_callable
    return execute_callable(context=context, **execute_callable_kwargs)
  File "/home/airflow/.local/lib/python3.9/site-packages/airflow/models/baseoperator.py", line 400, in wrapper
    return func(self, *args, **kwargs)
  File "/home/airflow/.local/lib/python3.9/site-packages/airflow/providers/amazon/aws/transfers/s3_to_redshift.py", line 197, in execute
    redshift_hook.run(sql, autocommit=self.autocommit)
  File "/home/airflow/.local/lib/python3.9/site-packages/airflow/providers/common/sql/hooks/sql.py", line 418, in run
    self._run_command(cur, sql_statement, parameters)
  File "/home/airflow/.local/lib/python3.9/site-packages/airflow/providers/common/sql/hooks/sql.py", line 475, in _run_command
    cur.execute(sql_statement)
  File "/home/airflow/.local/lib/python3.9/site-packages/redshift_connector/cursor.py", line 248, in execute
    raise e
  File "/home/airflow/.local/lib/python3.9/site-packages/redshift_connector/cursor.py", line 241, in execute
    self._c.execute(self, operation, args)
  File "/home/airflow/.local/lib/python3.9/site-packages/redshift_connector/core.py", line 1902, in execute
    self.handle_messages(cursor)
  File "/home/airflow/.local/lib/python3.9/site-packages/redshift_connector/core.py", line 2194, in handle_messages
    raise self.error
redshift_connector.error.ProgrammingError: {'S': 'ERROR', 'C': '42P01', 'M': 'relation "trend_analytics" does not exist', 'F': '/opt/brazil-pkg-cache/packages/RedshiftPADB/RedshiftPADB-1.0.8470.0/AL2_x86_64/generic-flavor/src/src/pg/src/backend/catalog/namespace.c', 'L': '259', 'R': 'LocalRangeVarGetRelid'}
[2025-03-12T01:30:07.247+0000] {taskinstance.py:1206} INFO - Marking task as UP_FOR_RETRY. dag_id=parquet_to_redshift, task_id=s3_to_redshift_match_trend_data, run_id=scheduled__2025-03-11T01:30:00+00:00, execution_date=20250311T013000, start_date=20250312T013006, end_date=20250312T013007
[2025-03-12T01:30:07.260+0000] {standard_task_runner.py:110} ERROR - Failed to execute job 70 for task s3_to_redshift_match_trend_data ({'S': 'ERROR', 'C': '42P01', 'M': 'relation "trend_analytics" does not exist', 'F': '/opt/brazil-pkg-cache/packages/RedshiftPADB/RedshiftPADB-1.0.8470.0/AL2_x86_64/generic-flavor/src/src/pg/src/backend/catalog/namespace.c', 'L': '259', 'R': 'LocalRangeVarGetRelid'}; 3710)
[2025-03-12T01:30:07.290+0000] {local_task_job_runner.py:240} INFO - Task exited with return code 1
[2025-03-12T01:30:07.314+0000] {taskinstance.py:3498} INFO - 0 downstream tasks scheduled from follow-on schedule check
[2025-03-12T01:30:07.317+0000] {local_task_job_runner.py:222} INFO - ::endgroup::
