[2025-03-08T06:41:25.531+0000] {local_task_job_runner.py:120} INFO - ::group::Pre task execution logs
[2025-03-08T06:41:25.556+0000] {taskinstance.py:2076} INFO - Dependencies all met for dep_context=non-requeueable deps ti=<TaskInstance: parquet_to_redshift.s3_to_redshift_match_trend_data manual__2025-03-06T00:00:00+00:00 [queued]>
[2025-03-08T06:41:25.565+0000] {taskinstance.py:2076} INFO - Dependencies all met for dep_context=requeueable deps ti=<TaskInstance: parquet_to_redshift.s3_to_redshift_match_trend_data manual__2025-03-06T00:00:00+00:00 [queued]>
[2025-03-08T06:41:25.566+0000] {taskinstance.py:2306} INFO - Starting attempt 5 of 5
[2025-03-08T06:41:25.580+0000] {taskinstance.py:2330} INFO - Executing <Task(S3ToRedshiftOperator): s3_to_redshift_match_trend_data> on 2025-03-06 00:00:00+00:00
[2025-03-08T06:41:25.586+0000] {standard_task_runner.py:63} INFO - Started process 8289 to run task
[2025-03-08T06:41:25.589+0000] {standard_task_runner.py:90} INFO - Running: ['***', 'tasks', 'run', 'parquet_to_redshift', 's3_to_redshift_match_trend_data', 'manual__2025-03-06T00:00:00+00:00', '--job-id', '24', '--raw', '--subdir', 'DAGS_FOLDER/match_info_redshift.py', '--cfg-path', '/tmp/tmpq9e4h1vm']
[2025-03-08T06:41:25.591+0000] {standard_task_runner.py:91} INFO - Job 24: Subtask s3_to_redshift_match_trend_data
[2025-03-08T06:41:25.657+0000] {task_command.py:426} INFO - Running <TaskInstance: parquet_to_redshift.s3_to_redshift_match_trend_data manual__2025-03-06T00:00:00+00:00 [running]> on host be828dc9717c
[2025-03-08T06:41:25.726+0000] {logging_mixin.py:188} WARNING - /home/***/.local/lib/python3.9/site-packages/***/utils/context.py:212 AirflowContextDeprecationWarning: Accessing 'execution_date' from the template is deprecated and will be removed in a future version. Please use 'data_interval_start' or 'logical_date' instead.
[2025-03-08T06:41:25.772+0000] {taskinstance.py:2648} INFO - Exporting env vars: AIRFLOW_CTX_DAG_OWNER='***' AIRFLOW_CTX_DAG_ID='parquet_to_redshift' AIRFLOW_CTX_TASK_ID='s3_to_redshift_match_trend_data' AIRFLOW_CTX_EXECUTION_DATE='2025-03-06T00:00:00+00:00' AIRFLOW_CTX_TRY_NUMBER='5' AIRFLOW_CTX_DAG_RUN_ID='manual__2025-03-06T00:00:00+00:00'
[2025-03-08T06:41:25.773+0000] {taskinstance.py:430} INFO - ::endgroup::
[2025-03-08T06:41:25.805+0000] {base.py:84} INFO - Using connection ID 's3_conn_team' for task execution.
[2025-03-08T06:41:25.817+0000] {base.py:84} INFO - Using connection ID 's3_conn_team' for task execution.
[2025-03-08T06:41:25.818+0000] {connection_wrapper.py:384} INFO - AWS Connection (conn_id='s3_conn_team', conn_type='aws') credentials retrieved from login and password.
[2025-03-08T06:41:25.830+0000] {s3_to_redshift.py:193} INFO - Executing COPY command...
[2025-03-08T06:41:25.842+0000] {base.py:84} INFO - Using connection ID 'redshift_conn_team' for task execution.
[2025-03-08T06:41:26.203+0000] {sql.py:470} INFO - Running statement: 
                    COPY trend_analytics.match_info 
                    FROM 's3://de5-finalproj-team2/trend_analysis/match_data/2025-03-06/'
                    credentials
                    'aws_access_key_id=AKIA4RRVVY55RK5T7HCV;aws_secret_access_key=***'
                    
                    FORMAT AS PARQUET;
        , parameters: None
[2025-03-08T06:41:26.440+0000] {s3_to_redshift.py:198} INFO - COPY command complete...
[2025-03-08T06:41:26.440+0000] {taskinstance.py:441} INFO - ::group::Post task execution logs
[2025-03-08T06:41:26.458+0000] {taskinstance.py:1206} INFO - Marking task as SUCCESS. dag_id=parquet_to_redshift, task_id=s3_to_redshift_match_trend_data, run_id=manual__2025-03-06T00:00:00+00:00, execution_date=20250306T000000, start_date=20250308T064125, end_date=20250308T064126
[2025-03-08T06:41:26.483+0000] {local_task_job_runner.py:240} INFO - Task exited with return code 0
[2025-03-08T06:41:26.510+0000] {taskinstance.py:3498} INFO - 0 downstream tasks scheduled from follow-on schedule check
[2025-03-08T06:41:26.512+0000] {local_task_job_runner.py:222} INFO - ::endgroup::
