[2025-03-15T02:10:00.720+0000] {local_task_job_runner.py:120} INFO - ::group::Pre task execution logs
[2025-03-15T02:10:00.753+0000] {taskinstance.py:2076} INFO - Dependencies all met for dep_context=non-requeueable deps ti=<TaskInstance: s3_csv_to_parquet_dag.submit_spark_via_ssh scheduled__2025-03-14T02:10:00+00:00 [queued]>
[2025-03-15T02:10:00.765+0000] {taskinstance.py:2076} INFO - Dependencies all met for dep_context=requeueable deps ti=<TaskInstance: s3_csv_to_parquet_dag.submit_spark_via_ssh scheduled__2025-03-14T02:10:00+00:00 [queued]>
[2025-03-15T02:10:00.766+0000] {taskinstance.py:2306} INFO - Starting attempt 1 of 2
[2025-03-15T02:10:00.781+0000] {taskinstance.py:2330} INFO - Executing <Task(SSHOperator): submit_spark_via_ssh> on 2025-03-14 02:10:00+00:00
[2025-03-15T02:10:00.787+0000] {standard_task_runner.py:63} INFO - Started process 11555 to run task
[2025-03-15T02:10:00.792+0000] {standard_task_runner.py:90} INFO - Running: ['***', 'tasks', 'run', 's3_csv_to_parquet_dag', 'submit_spark_via_ssh', 'scheduled__2025-03-14T02:10:00+00:00', '--job-id', '251', '--raw', '--subdir', 'DAGS_FOLDER/s3_csv_to_parquet_dag.py', '--cfg-path', '/tmp/tmp49nblbp3']
[2025-03-15T02:10:00.794+0000] {standard_task_runner.py:91} INFO - Job 251: Subtask submit_spark_via_ssh
[2025-03-15T02:10:00.867+0000] {task_command.py:426} INFO - Running <TaskInstance: s3_csv_to_parquet_dag.submit_spark_via_ssh scheduled__2025-03-14T02:10:00+00:00 [running]> on host a0d797a25898
[2025-03-15T02:10:01.067+0000] {taskinstance.py:2648} INFO - Exporting env vars: AIRFLOW_CTX_DAG_OWNER='***' AIRFLOW_CTX_DAG_ID='s3_csv_to_parquet_dag' AIRFLOW_CTX_TASK_ID='submit_spark_via_ssh' AIRFLOW_CTX_EXECUTION_DATE='2025-03-14T02:10:00+00:00' AIRFLOW_CTX_TRY_NUMBER='1' AIRFLOW_CTX_DAG_RUN_ID='scheduled__2025-03-14T02:10:00+00:00'
[2025-03-15T02:10:01.068+0000] {taskinstance.py:430} INFO - ::endgroup::
[2025-03-15T02:10:01.099+0000] {ssh.py:151} INFO - Creating ssh_client
[2025-03-15T02:10:01.100+0000] {ssh.py:124} INFO - ssh_hook is not provided or invalid. Trying ssh_conn_id to create SSHHook.
[2025-03-15T02:10:01.118+0000] {base.py:84} INFO - Using connection ID 'spark_ssh_conn' for task execution.
[2025-03-15T02:10:01.119+0000] {ssh.py:301} WARNING - No Host Key Verification. This won't protect against Man-In-The-Middle attacks
[2025-03-15T02:10:01.126+0000] {transport.py:1909} INFO - Connected (version 2.0, client OpenSSH_9.6p1)
[2025-03-15T02:10:01.250+0000] {transport.py:1909} INFO - Authentication (publickey) successful!
[2025-03-15T02:10:01.251+0000] {ssh.py:480} INFO - Running command: 
    set -e
    echo "Starting Spark Job on 2025-03-15"
    /spark-3.5.3/bin/spark-submit /home/ubuntu/spark_scripts/rankingInfo_To_Parquet.py 2025-03-15
    exit_code=$?

    if [ $exit_code -ne 0 ]; then
        echo "Spark Job Failed! Check logs."
        exit 1
    else
        echo "Spark Job Succeeded!"
    fi
    
[2025-03-15T02:10:02.808+0000] {ssh.py:526} INFO - Starting Spark Job on 2025-03-15
[2025-03-15T02:10:09.543+0000] {ssh.py:531} WARNING - 25/03/15 02:10:09 INFO SparkContext: Running Spark version 3.5.3
[2025-03-15T02:10:09.546+0000] {ssh.py:531} WARNING - 25/03/15 02:10:09 INFO SparkContext: OS info Linux, 6.8.0-1024-aws, amd64
[2025-03-15T02:10:09.547+0000] {ssh.py:531} WARNING - 25/03/15 02:10:09 INFO SparkContext: Java version 11.0.26
[2025-03-15T02:10:09.760+0000] {ssh.py:531} WARNING - 25/03/15 02:10:09 WARN NativeCodeLoader: Unable to load native-hadoop library for your platform... using builtin-java classes where applicable
[2025-03-15T02:10:10.010+0000] {ssh.py:531} WARNING - 25/03/15 02:10:10 INFO ResourceUtils: ==============================================================
[2025-03-15T02:10:10.011+0000] {ssh.py:531} WARNING - 25/03/15 02:10:10 INFO ResourceUtils: No custom resources configured for spark.driver.
[2025-03-15T02:10:10.012+0000] {ssh.py:531} WARNING - 25/03/15 02:10:10 INFO ResourceUtils: ==============================================================
[2025-03-15T02:10:10.012+0000] {ssh.py:531} WARNING - 25/03/15 02:10:10 INFO SparkContext: Submitted application: Daily_Data_Collection
[2025-03-15T02:10:10.054+0000] {ssh.py:531} WARNING - 25/03/15 02:10:10 INFO ResourceProfile: Default ResourceProfile created, executor resources: Map(cores -> name: cores, amount: 1, script: , vendor: , memory -> name: memory, amount: 1024, script: , vendor: , offHeap -> name: offHeap, amount: 0, script: , vendor: ), task resources: Map(cpus -> name: cpus, amount: 1.0)
[2025-03-15T02:10:10.077+0000] {ssh.py:531} WARNING - 25/03/15 02:10:10 INFO ResourceProfile: Limiting resource is cpu
[2025-03-15T02:10:10.079+0000] {ssh.py:531} WARNING - 25/03/15 02:10:10 INFO ResourceProfileManager: Added ResourceProfile id: 0
[2025-03-15T02:10:10.217+0000] {ssh.py:531} WARNING - 25/03/15 02:10:10 INFO SecurityManager: Changing view acls to: ubuntu
[2025-03-15T02:10:10.218+0000] {ssh.py:531} WARNING - 25/03/15 02:10:10 INFO SecurityManager: Changing modify acls to: ubuntu
[2025-03-15T02:10:10.218+0000] {ssh.py:531} WARNING - 25/03/15 02:10:10 INFO SecurityManager: Changing view acls groups to: 
[2025-03-15T02:10:10.219+0000] {ssh.py:531} WARNING - 25/03/15 02:10:10 INFO SecurityManager: Changing modify acls groups to: 
[2025-03-15T02:10:10.219+0000] {ssh.py:531} WARNING - 25/03/15 02:10:10 INFO SecurityManager: SecurityManager: authentication disabled; ui acls disabled; users with view permissions: ubuntu; groups with view permissions: EMPTY; users with modify permissions: ubuntu; groups with modify permissions: EMPTY
[2025-03-15T02:10:10.783+0000] {ssh.py:531} WARNING - 25/03/15 02:10:10 INFO Utils: Successfully started service 'sparkDriver' on port 43409.
[2025-03-15T02:10:10.846+0000] {ssh.py:531} WARNING - 25/03/15 02:10:10 INFO SparkEnv: Registering MapOutputTracker
[2025-03-15T02:10:10.905+0000] {ssh.py:531} WARNING - 25/03/15 02:10:10 INFO SparkEnv: Registering BlockManagerMaster
[2025-03-15T02:10:10.940+0000] {ssh.py:531} WARNING - 25/03/15 02:10:10 INFO BlockManagerMasterEndpoint: Using org.apache.spark.storage.DefaultTopologyMapper for getting topology information
[2025-03-15T02:10:10.944+0000] {ssh.py:531} WARNING - 25/03/15 02:10:10 INFO BlockManagerMasterEndpoint: BlockManagerMasterEndpoint up
[2025-03-15T02:10:10.947+0000] {ssh.py:531} WARNING - 25/03/15 02:10:10 INFO SparkEnv: Registering BlockManagerMasterHeartbeat
[2025-03-15T02:10:11.007+0000] {ssh.py:531} WARNING - 25/03/15 02:10:11 INFO DiskBlockManager: Created local directory at /tmp/blockmgr-fef3e024-fc93-47ea-95f9-62e5e0d5c86d
[2025-03-15T02:10:11.038+0000] {ssh.py:531} WARNING - 25/03/15 02:10:11 INFO MemoryStore: MemoryStore started with capacity 434.4 MiB
[2025-03-15T02:10:11.065+0000] {ssh.py:531} WARNING - 25/03/15 02:10:11 INFO SparkEnv: Registering OutputCommitCoordinator
[2025-03-15T02:10:11.385+0000] {ssh.py:531} WARNING - 25/03/15 02:10:11 INFO JettyUtils: Start Jetty 0.0.0.0:4040 for SparkUI
[2025-03-15T02:10:11.529+0000] {ssh.py:531} WARNING - 25/03/15 02:10:11 INFO Utils: Successfully started service 'SparkUI' on port 4040.
[2025-03-15T02:10:11.779+0000] {ssh.py:531} WARNING - 25/03/15 02:10:11 INFO Executor: Starting executor ID driver on host ip-172-31-12-182.ap-northeast-2.compute.internal
[2025-03-15T02:10:11.779+0000] {ssh.py:531} WARNING - 25/03/15 02:10:11 INFO Executor: OS info Linux, 6.8.0-1024-aws, amd64
[2025-03-15T02:10:11.780+0000] {ssh.py:531} WARNING - 25/03/15 02:10:11 INFO Executor: Java version 11.0.26
[2025-03-15T02:10:11.790+0000] {ssh.py:531} WARNING - 25/03/15 02:10:11 INFO Executor: Starting executor with user classpath (userClassPathFirst = false): ''
[2025-03-15T02:10:11.791+0000] {ssh.py:531} WARNING - 25/03/15 02:10:11 INFO Executor: Created or updated repl class loader org.apache.spark.util.MutableURLClassLoader@59b8348d for default.
[2025-03-15T02:10:11.852+0000] {ssh.py:531} WARNING - 25/03/15 02:10:11 INFO Utils: Successfully started service 'org.apache.spark.network.netty.NettyBlockTransferService' on port 43717.
[2025-03-15T02:10:11.852+0000] {ssh.py:531} WARNING - 25/03/15 02:10:11 INFO NettyBlockTransferService: Server created on 0.0.0.0:43717
[2025-03-15T02:10:11.856+0000] {ssh.py:531} WARNING - 25/03/15 02:10:11 INFO BlockManager: Using org.apache.spark.storage.RandomBlockReplicationPolicy for block replication policy
[2025-03-15T02:10:11.865+0000] {ssh.py:531} WARNING - 25/03/15 02:10:11 INFO BlockManagerMaster: Registering BlockManager BlockManagerId(driver, 0.0.0.0, 43717, None)
[2025-03-15T02:10:11.873+0000] {ssh.py:531} WARNING - 25/03/15 02:10:11 INFO BlockManagerMasterEndpoint: Registering block manager 0.0.0.0:43717 with 434.4 MiB RAM, BlockManagerId(driver, 0.0.0.0, 43717, None)
[2025-03-15T02:10:11.874+0000] {ssh.py:531} WARNING - 25/03/15 02:10:11 INFO BlockManagerMaster: Registered BlockManager BlockManagerId(driver, 0.0.0.0, 43717, None)
[2025-03-15T02:10:11.875+0000] {ssh.py:531} WARNING - 25/03/15 02:10:11 INFO BlockManager: Initialized BlockManager: BlockManagerId(driver, 0.0.0.0, 43717, None)
[2025-03-15T02:10:12.715+0000] {ssh.py:526} INFO - 📂 Processing: s3a://de5-finalproj-team2/crawl/2025-03-15/crawl_result_processed_20250315.csv → s3a://de5-finalproj-team2/analytics/ranking_info/2025-03-15
[2025-03-15T02:10:12.877+0000] {ssh.py:531} WARNING - 25/03/15 02:10:12 INFO SharedState: Setting hive.metastore.warehouse.dir ('null') to the value of spark.sql.warehouse.dir.
[2025-03-15T02:10:12.890+0000] {ssh.py:531} WARNING - 25/03/15 02:10:12 INFO SharedState: Warehouse path is 'file:/home/ubuntu/spark-warehouse'.
[2025-03-15T02:10:14.899+0000] {ssh.py:531} WARNING - 25/03/15 02:10:14 WARN MetricsConfig: Cannot locate configuration: tried hadoop-metrics2-s3a-file-system.properties,hadoop-metrics2.properties
[2025-03-15T02:10:14.929+0000] {ssh.py:531} WARNING - 25/03/15 02:10:14 INFO MetricsSystemImpl: Scheduled Metric snapshot period at 10 second(s).
[2025-03-15T02:10:14.930+0000] {ssh.py:531} WARNING - 25/03/15 02:10:14 INFO MetricsSystemImpl: s3a-file-system metrics system started
[2025-03-15T02:10:17.494+0000] {ssh.py:531} WARNING - 25/03/15 02:10:17 INFO InMemoryFileIndex: It took 169 ms to list leaf files for 1 paths.
[2025-03-15T02:10:17.683+0000] {ssh.py:531} WARNING - 25/03/15 02:10:17 INFO InMemoryFileIndex: It took 48 ms to list leaf files for 1 paths.
[2025-03-15T02:10:22.213+0000] {ssh.py:531} WARNING - 25/03/15 02:10:22 INFO FileSourceStrategy: Pushed Filters: 
[2025-03-15T02:10:22.219+0000] {ssh.py:531} WARNING - 25/03/15 02:10:22 INFO FileSourceStrategy: Post-Scan Filters: (length(trim(value#0, None)) > 0)
[2025-03-15T02:10:23.250+0000] {ssh.py:531} WARNING - 25/03/15 02:10:23 INFO CodeGenerator: Code generated in 371.453571 ms
[2025-03-15T02:10:23.348+0000] {ssh.py:531} WARNING - 25/03/15 02:10:23 INFO MemoryStore: Block broadcast_0 stored as values in memory (estimated size 200.5 KiB, free 434.2 MiB)
[2025-03-15T02:10:23.472+0000] {ssh.py:531} WARNING - 25/03/15 02:10:23 INFO MemoryStore: Block broadcast_0_piece0 stored as bytes in memory (estimated size 34.7 KiB, free 434.2 MiB)
[2025-03-15T02:10:23.476+0000] {ssh.py:531} WARNING - 25/03/15 02:10:23 INFO BlockManagerInfo: Added broadcast_0_piece0 in memory on 0.0.0.0:43717 (size: 34.7 KiB, free: 434.4 MiB)
[2025-03-15T02:10:23.484+0000] {ssh.py:531} WARNING - 25/03/15 02:10:23 INFO SparkContext: Created broadcast 0 from csv at NativeMethodAccessorImpl.java:0
[2025-03-15T02:10:23.512+0000] {ssh.py:531} WARNING - 25/03/15 02:10:23 INFO FileSourceScanExec: Planning scan with bin packing, max size: 4194304 bytes, open cost is considered as scanning 4194304 bytes.
[2025-03-15T02:10:23.768+0000] {ssh.py:531} WARNING - 25/03/15 02:10:23 INFO SparkContext: Starting job: csv at NativeMethodAccessorImpl.java:0
[2025-03-15T02:10:23.793+0000] {ssh.py:531} WARNING - 25/03/15 02:10:23 INFO DAGScheduler: Got job 0 (csv at NativeMethodAccessorImpl.java:0) with 1 output partitions
[2025-03-15T02:10:23.794+0000] {ssh.py:531} WARNING - 25/03/15 02:10:23 INFO DAGScheduler: Final stage: ResultStage 0 (csv at NativeMethodAccessorImpl.java:0)
[2025-03-15T02:10:23.794+0000] {ssh.py:531} WARNING - 25/03/15 02:10:23 INFO DAGScheduler: Parents of final stage: List()
[2025-03-15T02:10:23.796+0000] {ssh.py:531} WARNING - 25/03/15 02:10:23 INFO DAGScheduler: Missing parents: List()
[2025-03-15T02:10:23.805+0000] {ssh.py:531} WARNING - 25/03/15 02:10:23 INFO DAGScheduler: Submitting ResultStage 0 (MapPartitionsRDD[3] at csv at NativeMethodAccessorImpl.java:0), which has no missing parents
[2025-03-15T02:10:23.991+0000] {ssh.py:531} WARNING - 25/03/15 02:10:23 INFO MemoryStore: Block broadcast_1 stored as values in memory (estimated size 13.5 KiB, free 434.2 MiB)
[2025-03-15T02:10:24.014+0000] {ssh.py:531} WARNING - 25/03/15 02:10:24 INFO MemoryStore: Block broadcast_1_piece0 stored as bytes in memory (estimated size 6.4 KiB, free 434.2 MiB)
[2025-03-15T02:10:24.017+0000] {ssh.py:531} WARNING - 25/03/15 02:10:24 INFO BlockManagerInfo: Added broadcast_1_piece0 in memory on 0.0.0.0:43717 (size: 6.4 KiB, free: 434.4 MiB)
[2025-03-15T02:10:24.022+0000] {ssh.py:531} WARNING - 25/03/15 02:10:24 INFO SparkContext: Created broadcast 1 from broadcast at DAGScheduler.scala:1585
[2025-03-15T02:10:24.087+0000] {ssh.py:531} WARNING - 25/03/15 02:10:24 INFO DAGScheduler: Submitting 1 missing tasks from ResultStage 0 (MapPartitionsRDD[3] at csv at NativeMethodAccessorImpl.java:0) (first 15 tasks are for partitions Vector(0))
[2025-03-15T02:10:24.091+0000] {ssh.py:531} WARNING - 25/03/15 02:10:24 INFO TaskSchedulerImpl: Adding task set 0.0 with 1 tasks resource profile 0
[2025-03-15T02:10:24.263+0000] {ssh.py:531} WARNING - 25/03/15 02:10:24 INFO TaskSetManager: Starting task 0.0 in stage 0.0 (TID 0) (ip-172-31-12-182.ap-northeast-2.compute.internal, executor driver, partition 0, PROCESS_LOCAL, 9640 bytes) 
[2025-03-15T02:10:24.307+0000] {ssh.py:531} WARNING - 25/03/15 02:10:24 INFO Executor: Running task 0.0 in stage 0.0 (TID 0)
[2025-03-15T02:10:24.569+0000] {ssh.py:531} WARNING - 25/03/15 02:10:24 INFO CodeGenerator: Code generated in 32.880562 ms
[2025-03-15T02:10:24.578+0000] {ssh.py:531} WARNING - 25/03/15 02:10:24 INFO FileScanRDD: Reading File path: s3a://de5-finalproj-team2/crawl/2025-03-15/crawl_result_processed_20250315.csv, range: 0-1156647, partition values: [empty row]
[2025-03-15T02:10:24.604+0000] {ssh.py:531} WARNING - 25/03/15 02:10:24 INFO CodeGenerator: Code generated in 17.643589 ms
[2025-03-15T02:10:24.799+0000] {ssh.py:531} WARNING - 25/03/15 02:10:24 INFO LineRecordReader: Found UTF-8 BOM and skipped it
[2025-03-15T02:10:24.950+0000] {ssh.py:531} WARNING - 25/03/15 02:10:24 INFO Executor: Finished task 0.0 in stage 0.0 (TID 0). 1756 bytes result sent to driver
[2025-03-15T02:10:24.993+0000] {ssh.py:531} WARNING - 25/03/15 02:10:24 INFO TaskSetManager: Finished task 0.0 in stage 0.0 (TID 0) in 758 ms on ip-172-31-12-182.ap-northeast-2.compute.internal (executor driver) (1/1)
[2025-03-15T02:10:24.998+0000] {ssh.py:531} WARNING - 25/03/15 02:10:24 INFO TaskSchedulerImpl: Removed TaskSet 0.0, whose tasks have all completed, from pool 
[2025-03-15T02:10:25.101+0000] {ssh.py:531} WARNING - 25/03/15 02:10:25 INFO DAGScheduler: ResultStage 0 (csv at NativeMethodAccessorImpl.java:0) finished in 1.259 s
[2025-03-15T02:10:25.115+0000] {ssh.py:531} WARNING - 25/03/15 02:10:25 INFO DAGScheduler: Job 0 is finished. Cancelling potential speculative or zombie tasks for this job
[2025-03-15T02:10:25.116+0000] {ssh.py:531} WARNING - 25/03/15 02:10:25 INFO TaskSchedulerImpl: Killing all running tasks in stage 0: Stage finished
[2025-03-15T02:10:25.118+0000] {ssh.py:531} WARNING - 25/03/15 02:10:25 INFO DAGScheduler: Job 0 finished: csv at NativeMethodAccessorImpl.java:0, took 1.350019 s
[2025-03-15T02:10:25.191+0000] {ssh.py:531} WARNING - 25/03/15 02:10:25 INFO CodeGenerator: Code generated in 23.220704 ms
[2025-03-15T02:10:25.368+0000] {ssh.py:531} WARNING - 25/03/15 02:10:25 INFO FileSourceStrategy: Pushed Filters: 
[2025-03-15T02:10:25.368+0000] {ssh.py:531} WARNING - 25/03/15 02:10:25 INFO FileSourceStrategy: Post-Scan Filters: 
[2025-03-15T02:10:25.384+0000] {ssh.py:531} WARNING - 25/03/15 02:10:25 INFO BlockManagerInfo: Removed broadcast_1_piece0 on 0.0.0.0:43717 in memory (size: 6.4 KiB, free: 434.4 MiB)
[2025-03-15T02:10:25.397+0000] {ssh.py:531} WARNING - 25/03/15 02:10:25 INFO MemoryStore: Block broadcast_2 stored as values in memory (estimated size 200.5 KiB, free 434.0 MiB)
[2025-03-15T02:10:25.426+0000] {ssh.py:531} WARNING - 25/03/15 02:10:25 INFO MemoryStore: Block broadcast_2_piece0 stored as bytes in memory (estimated size 34.7 KiB, free 433.9 MiB)
[2025-03-15T02:10:25.427+0000] {ssh.py:531} WARNING - 25/03/15 02:10:25 INFO BlockManagerInfo: Added broadcast_2_piece0 in memory on 0.0.0.0:43717 (size: 34.7 KiB, free: 434.3 MiB)
[2025-03-15T02:10:25.428+0000] {ssh.py:531} WARNING - 25/03/15 02:10:25 INFO SparkContext: Created broadcast 2 from csv at NativeMethodAccessorImpl.java:0
[2025-03-15T02:10:25.431+0000] {ssh.py:531} WARNING - 25/03/15 02:10:25 INFO FileSourceScanExec: Planning scan with bin packing, max size: 4194304 bytes, open cost is considered as scanning 4194304 bytes.
[2025-03-15T02:10:26.978+0000] {ssh.py:531} WARNING - 25/03/15 02:10:26 INFO FileSourceStrategy: Pushed Filters: 
[2025-03-15T02:10:26.979+0000] {ssh.py:531} WARNING - 25/03/15 02:10:26 INFO FileSourceStrategy: Post-Scan Filters: 
[2025-03-15T02:10:27.170+0000] {ssh.py:531} WARNING - 25/03/15 02:10:27 INFO ParquetUtils: Using default output committer for Parquet: org.apache.parquet.hadoop.ParquetOutputCommitter
[2025-03-15T02:10:27.197+0000] {ssh.py:531} WARNING - 25/03/15 02:10:27 INFO FileOutputCommitter: File Output Committer Algorithm version is 1
[2025-03-15T02:10:27.198+0000] {ssh.py:531} WARNING - 25/03/15 02:10:27 INFO FileOutputCommitter: FileOutputCommitter skip cleanup _temporary folders under output directory:false, ignore cleanup failures: false
[2025-03-15T02:10:27.199+0000] {ssh.py:531} WARNING - 25/03/15 02:10:27 INFO SQLHadoopMapReduceCommitProtocol: Using user defined output committer class org.apache.parquet.hadoop.ParquetOutputCommitter
[2025-03-15T02:10:27.199+0000] {ssh.py:531} WARNING - 25/03/15 02:10:27 INFO FileOutputCommitter: File Output Committer Algorithm version is 1
[2025-03-15T02:10:27.199+0000] {ssh.py:531} WARNING - 25/03/15 02:10:27 INFO FileOutputCommitter: FileOutputCommitter skip cleanup _temporary folders under output directory:false, ignore cleanup failures: false
[2025-03-15T02:10:27.200+0000] {ssh.py:531} WARNING - 25/03/15 02:10:27 INFO SQLHadoopMapReduceCommitProtocol: Using output committer class org.apache.parquet.hadoop.ParquetOutputCommitter
[2025-03-15T02:10:27.831+0000] {ssh.py:531} WARNING - 25/03/15 02:10:27 INFO CodeGenerator: Code generated in 117.067452 ms
[2025-03-15T02:10:27.849+0000] {ssh.py:531} WARNING - 25/03/15 02:10:27 INFO MemoryStore: Block broadcast_3 stored as values in memory (estimated size 200.4 KiB, free 433.7 MiB)
[2025-03-15T02:10:27.929+0000] {ssh.py:531} WARNING - 25/03/15 02:10:27 INFO MemoryStore: Block broadcast_3_piece0 stored as bytes in memory (estimated size 34.7 KiB, free 433.7 MiB)
[2025-03-15T02:10:27.934+0000] {ssh.py:531} WARNING - 25/03/15 02:10:27 INFO BlockManagerInfo: Added broadcast_3_piece0 in memory on 0.0.0.0:43717 (size: 34.7 KiB, free: 434.3 MiB)
[2025-03-15T02:10:27.935+0000] {ssh.py:531} WARNING - 25/03/15 02:10:27 INFO SparkContext: Created broadcast 3 from parquet at NativeMethodAccessorImpl.java:0
[2025-03-15T02:10:27.956+0000] {ssh.py:531} WARNING - 25/03/15 02:10:27 INFO FileSourceScanExec: Planning scan with bin packing, max size: 4194304 bytes, open cost is considered as scanning 4194304 bytes.
[2025-03-15T02:10:28.004+0000] {ssh.py:531} WARNING - 25/03/15 02:10:27 INFO SparkContext: Starting job: parquet at NativeMethodAccessorImpl.java:0
[2025-03-15T02:10:28.012+0000] {ssh.py:531} WARNING - 25/03/15 02:10:28 INFO DAGScheduler: Got job 1 (parquet at NativeMethodAccessorImpl.java:0) with 1 output partitions
[2025-03-15T02:10:28.012+0000] {ssh.py:531} WARNING - 25/03/15 02:10:28 INFO DAGScheduler: Final stage: ResultStage 1 (parquet at NativeMethodAccessorImpl.java:0)
[2025-03-15T02:10:28.017+0000] {ssh.py:531} WARNING - 25/03/15 02:10:28 INFO DAGScheduler: Parents of final stage: List()
[2025-03-15T02:10:28.022+0000] {ssh.py:531} WARNING - 25/03/15 02:10:28 INFO DAGScheduler: Missing parents: List()
[2025-03-15T02:10:28.029+0000] {ssh.py:531} WARNING - 25/03/15 02:10:28 INFO DAGScheduler: Submitting ResultStage 1 (MapPartitionsRDD[13] at parquet at NativeMethodAccessorImpl.java:0), which has no missing parents
[2025-03-15T02:10:28.111+0000] {ssh.py:531} WARNING - 25/03/15 02:10:28 INFO BlockManagerInfo: Removed broadcast_0_piece0 on 0.0.0.0:43717 in memory (size: 34.7 KiB, free: 434.3 MiB)
[2025-03-15T02:10:28.131+0000] {ssh.py:531} WARNING - 25/03/15 02:10:28 INFO BlockManagerInfo: Removed broadcast_2_piece0 on 0.0.0.0:43717 in memory (size: 34.7 KiB, free: 434.4 MiB)
[2025-03-15T02:10:28.172+0000] {ssh.py:531} WARNING - 25/03/15 02:10:28 INFO MemoryStore: Block broadcast_4 stored as values in memory (estimated size 227.5 KiB, free 433.9 MiB)
[2025-03-15T02:10:28.177+0000] {ssh.py:531} WARNING - 25/03/15 02:10:28 INFO MemoryStore: Block broadcast_4_piece0 stored as bytes in memory (estimated size 82.1 KiB, free 433.9 MiB)
[2025-03-15T02:10:28.179+0000] {ssh.py:531} WARNING - 25/03/15 02:10:28 INFO BlockManagerInfo: Added broadcast_4_piece0 in memory on 0.0.0.0:43717 (size: 82.1 KiB, free: 434.3 MiB)
[2025-03-15T02:10:28.183+0000] {ssh.py:531} WARNING - 25/03/15 02:10:28 INFO SparkContext: Created broadcast 4 from broadcast at DAGScheduler.scala:1585
[2025-03-15T02:10:28.183+0000] {ssh.py:531} WARNING - 25/03/15 02:10:28 INFO DAGScheduler: Submitting 1 missing tasks from ResultStage 1 (MapPartitionsRDD[13] at parquet at NativeMethodAccessorImpl.java:0) (first 15 tasks are for partitions Vector(0))
[2025-03-15T02:10:28.183+0000] {ssh.py:531} WARNING - 25/03/15 02:10:28 INFO TaskSchedulerImpl: Adding task set 1.0 with 1 tasks resource profile 0
[2025-03-15T02:10:28.184+0000] {ssh.py:531} WARNING - 25/03/15 02:10:28 INFO TaskSetManager: Starting task 0.0 in stage 1.0 (TID 1) (ip-172-31-12-182.ap-northeast-2.compute.internal, executor driver, partition 0, PROCESS_LOCAL, 9640 bytes) 
[2025-03-15T02:10:28.188+0000] {ssh.py:531} WARNING - 25/03/15 02:10:28 INFO Executor: Running task 0.0 in stage 1.0 (TID 1)
[2025-03-15T02:10:28.432+0000] {ssh.py:531} WARNING - 25/03/15 02:10:28 INFO CodeGenerator: Code generated in 107.556799 ms
[2025-03-15T02:10:28.443+0000] {ssh.py:531} WARNING - 25/03/15 02:10:28 INFO FileOutputCommitter: File Output Committer Algorithm version is 1
[2025-03-15T02:10:28.445+0000] {ssh.py:531} WARNING - 25/03/15 02:10:28 INFO FileOutputCommitter: FileOutputCommitter skip cleanup _temporary folders under output directory:false, ignore cleanup failures: false
[2025-03-15T02:10:28.446+0000] {ssh.py:531} WARNING - 25/03/15 02:10:28 INFO SQLHadoopMapReduceCommitProtocol: Using user defined output committer class org.apache.parquet.hadoop.ParquetOutputCommitter
[2025-03-15T02:10:28.450+0000] {ssh.py:531} WARNING - 25/03/15 02:10:28 INFO FileOutputCommitter: File Output Committer Algorithm version is 1
[2025-03-15T02:10:28.450+0000] {ssh.py:531} WARNING - 25/03/15 02:10:28 INFO FileOutputCommitter: FileOutputCommitter skip cleanup _temporary folders under output directory:false, ignore cleanup failures: false
[2025-03-15T02:10:28.450+0000] {ssh.py:531} WARNING - 25/03/15 02:10:28 INFO SQLHadoopMapReduceCommitProtocol: Using output committer class org.apache.parquet.hadoop.ParquetOutputCommitter
[2025-03-15T02:10:28.465+0000] {ssh.py:531} WARNING - 25/03/15 02:10:28 INFO CodecConfig: Compression: SNAPPY
[2025-03-15T02:10:28.470+0000] {ssh.py:531} WARNING - 25/03/15 02:10:28 INFO CodecConfig: Compression: SNAPPY
[2025-03-15T02:10:28.515+0000] {ssh.py:531} WARNING - 25/03/15 02:10:28 INFO ParquetOutputFormat: ParquetRecordWriter [block size: 134217728b, row group padding size: 8388608b, validating: false]
[2025-03-15T02:10:28.586+0000] {ssh.py:531} WARNING - 25/03/15 02:10:28 INFO ParquetWriteSupport: Initialized Parquet WriteSupport with Catalyst schema:
[2025-03-15T02:10:28.587+0000] {ssh.py:531} WARNING - {
[2025-03-15T02:10:28.587+0000] {ssh.py:531} WARNING -   "type" : "struct",
[2025-03-15T02:10:28.587+0000] {ssh.py:531} WARNING -   "fields" : [ {
[2025-03-15T02:10:28.587+0000] {ssh.py:531} WARNING -     "name" : "gamer_nickname",
[2025-03-15T02:10:28.587+0000] {ssh.py:531} WARNING -     "type" : "string",
[2025-03-15T02:10:28.587+0000] {ssh.py:531} WARNING -     "nullable" : true,
[2025-03-15T02:10:28.588+0000] {ssh.py:531} WARNING -     "metadata" : { }
[2025-03-15T02:10:28.588+0000] {ssh.py:531} WARNING -   }, {
[2025-03-15T02:10:28.588+0000] {ssh.py:531} WARNING -     "name" : "division_id",
[2025-03-15T02:10:28.588+0000] {ssh.py:531} WARNING -     "type" : "integer",
[2025-03-15T02:10:28.588+0000] {ssh.py:531} WARNING -     "nullable" : true,
[2025-03-15T02:10:28.588+0000] {ssh.py:531} WARNING -     "metadata" : { }
[2025-03-15T02:10:28.588+0000] {ssh.py:531} WARNING -   }, {
[2025-03-15T02:10:28.589+0000] {ssh.py:531} WARNING -     "name" : "gamer_level",
[2025-03-15T02:10:28.589+0000] {ssh.py:531} WARNING -     "type" : "integer",
[2025-03-15T02:10:28.589+0000] {ssh.py:531} WARNING -     "nullable" : true,
[2025-03-15T02:10:28.589+0000] {ssh.py:531} WARNING -     "metadata" : { }
[2025-03-15T02:10:28.589+0000] {ssh.py:531} WARNING -   }, {
[2025-03-15T02:10:28.589+0000] {ssh.py:531} WARNING -     "name" : "team_worth",
[2025-03-15T02:10:28.589+0000] {ssh.py:531} WARNING -     "type" : "long",
[2025-03-15T02:10:28.589+0000] {ssh.py:531} WARNING -     "nullable" : true,
[2025-03-15T02:10:28.590+0000] {ssh.py:531} WARNING -     "metadata" : { }
[2025-03-15T02:10:28.590+0000] {ssh.py:531} WARNING -   }, {
[2025-03-15T02:10:28.590+0000] {ssh.py:531} WARNING -     "name" : "points",
[2025-03-15T02:10:28.590+0000] {ssh.py:531} WARNING -     "type" : "decimal(10,2)",
[2025-03-15T02:10:28.590+0000] {ssh.py:531} WARNING -     "nullable" : true,
[2025-03-15T02:10:28.590+0000] {ssh.py:531} WARNING -     "metadata" : { }
[2025-03-15T02:10:28.590+0000] {ssh.py:531} WARNING -   }, {
[2025-03-15T02:10:28.591+0000] {ssh.py:531} WARNING -     "name" : "winning_rate",
[2025-03-15T02:10:28.591+0000] {ssh.py:531} WARNING -     "type" : "decimal(10,2)",
[2025-03-15T02:10:28.591+0000] {ssh.py:531} WARNING -     "nullable" : true,
[2025-03-15T02:10:28.591+0000] {ssh.py:531} WARNING -     "metadata" : { }
[2025-03-15T02:10:28.591+0000] {ssh.py:531} WARNING -   }, {
[2025-03-15T02:10:28.591+0000] {ssh.py:531} WARNING -     "name" : "total_win",
[2025-03-15T02:10:28.591+0000] {ssh.py:531} WARNING -     "type" : "integer",
[2025-03-15T02:10:28.591+0000] {ssh.py:531} WARNING -     "nullable" : true,
[2025-03-15T02:10:28.592+0000] {ssh.py:531} WARNING -     "metadata" : { }
[2025-03-15T02:10:28.592+0000] {ssh.py:531} WARNING -   }, {
[2025-03-15T02:10:28.592+0000] {ssh.py:531} WARNING -     "name" : "total_draw",
[2025-03-15T02:10:28.592+0000] {ssh.py:531} WARNING -     "type" : "integer",
[2025-03-15T02:10:28.592+0000] {ssh.py:531} WARNING -     "nullable" : true,
[2025-03-15T02:10:28.592+0000] {ssh.py:531} WARNING -     "metadata" : { }
[2025-03-15T02:10:28.592+0000] {ssh.py:531} WARNING -   }, {
[2025-03-15T02:10:28.593+0000] {ssh.py:531} WARNING -     "name" : "total_lose",
[2025-03-15T02:10:28.593+0000] {ssh.py:531} WARNING -     "type" : "integer",
[2025-03-15T02:10:28.593+0000] {ssh.py:531} WARNING -     "nullable" : true,
[2025-03-15T02:10:28.593+0000] {ssh.py:531} WARNING -     "metadata" : { }
[2025-03-15T02:10:28.593+0000] {ssh.py:531} WARNING -   }, {
[2025-03-15T02:10:28.593+0000] {ssh.py:531} WARNING -     "name" : "formation",
[2025-03-15T02:10:28.593+0000] {ssh.py:531} WARNING -     "type" : "string",
[2025-03-15T02:10:28.593+0000] {ssh.py:531} WARNING -     "nullable" : true,
[2025-03-15T02:10:28.594+0000] {ssh.py:531} WARNING -     "metadata" : { }
[2025-03-15T02:10:28.594+0000] {ssh.py:531} WARNING -   }, {
[2025-03-15T02:10:28.594+0000] {ssh.py:531} WARNING -     "name" : "created_at",
[2025-03-15T02:10:28.594+0000] {ssh.py:531} WARNING -     "type" : "date",
[2025-03-15T02:10:28.594+0000] {ssh.py:531} WARNING -     "nullable" : false,
[2025-03-15T02:10:28.594+0000] {ssh.py:531} WARNING -     "metadata" : { }
[2025-03-15T02:10:28.594+0000] {ssh.py:531} WARNING -   }, {
[2025-03-15T02:10:28.595+0000] {ssh.py:531} WARNING -     "name" : "ranking",
[2025-03-15T02:10:28.595+0000] {ssh.py:531} WARNING -     "type" : "integer",
[2025-03-15T02:10:28.595+0000] {ssh.py:531} WARNING -     "nullable" : true,
[2025-03-15T02:10:28.595+0000] {ssh.py:531} WARNING -     "metadata" : { }
[2025-03-15T02:10:28.595+0000] {ssh.py:531} WARNING -   } ]
[2025-03-15T02:10:28.595+0000] {ssh.py:531} WARNING - }
[2025-03-15T02:10:28.595+0000] {ssh.py:531} WARNING - and corresponding Parquet message type:
[2025-03-15T02:10:28.595+0000] {ssh.py:531} WARNING - message spark_schema {
[2025-03-15T02:10:28.596+0000] {ssh.py:531} WARNING -   optional binary gamer_nickname (STRING);
[2025-03-15T02:10:28.596+0000] {ssh.py:531} WARNING -   optional int32 division_id;
[2025-03-15T02:10:28.596+0000] {ssh.py:531} WARNING -   optional int32 gamer_level;
[2025-03-15T02:10:28.596+0000] {ssh.py:531} WARNING -   optional int64 team_worth;
[2025-03-15T02:10:28.596+0000] {ssh.py:531} WARNING -   optional int64 points (DECIMAL(10,2));
[2025-03-15T02:10:28.596+0000] {ssh.py:531} WARNING -   optional int64 winning_rate (DECIMAL(10,2));
[2025-03-15T02:10:28.596+0000] {ssh.py:531} WARNING -   optional int32 total_win;
[2025-03-15T02:10:28.596+0000] {ssh.py:531} WARNING -   optional int32 total_draw;
[2025-03-15T02:10:28.596+0000] {ssh.py:531} WARNING -   optional int32 total_lose;
[2025-03-15T02:10:28.597+0000] {ssh.py:531} WARNING -   optional binary formation (STRING);
[2025-03-15T02:10:28.597+0000] {ssh.py:531} WARNING -   required int32 created_at (DATE);
[2025-03-15T02:10:28.597+0000] {ssh.py:531} WARNING -   optional int32 ranking;
[2025-03-15T02:10:28.597+0000] {ssh.py:531} WARNING - }
[2025-03-15T02:10:28.597+0000] {ssh.py:531} WARNING - 
[2025-03-15T02:10:28.597+0000] {ssh.py:531} WARNING -        
[2025-03-15T02:10:28.820+0000] {ssh.py:531} WARNING - 25/03/15 02:10:28 INFO CodecPool: Got brand-new compressor [.snappy]
[2025-03-15T02:10:29.448+0000] {ssh.py:531} WARNING - 25/03/15 02:10:29 INFO FileScanRDD: Reading File path: s3a://de5-finalproj-team2/crawl/2025-03-15/crawl_result_processed_20250315.csv, range: 0-1156647, partition values: [empty row]
[2025-03-15T02:10:29.496+0000] {ssh.py:531} WARNING - 25/03/15 02:10:29 INFO CodeGenerator: Code generated in 29.598844 ms
[2025-03-15T02:10:29.570+0000] {ssh.py:531} WARNING - 25/03/15 02:10:29 INFO LineRecordReader: Found UTF-8 BOM and skipped it
[2025-03-15T02:10:32.549+0000] {ssh.py:531} WARNING - 25/03/15 02:10:32 INFO FileOutputCommitter: Saved output of task 'attempt_202503150210273013366082021665783_0001_m_000000_1' to s3a://de5-finalproj-team2/analytics/ranking_info/2025-03-15/_temporary/0/task_202503150210273013366082021665783_0001_m_000000
[2025-03-15T02:10:32.550+0000] {ssh.py:531} WARNING - 25/03/15 02:10:32 INFO SparkHadoopMapRedUtil: attempt_202503150210273013366082021665783_0001_m_000000_1: Committed. Elapsed time: 752 ms.
[2025-03-15T02:10:32.584+0000] {ssh.py:531} WARNING - 25/03/15 02:10:32 INFO Executor: Finished task 0.0 in stage 1.0 (TID 1). 2613 bytes result sent to driver
[2025-03-15T02:10:32.597+0000] {ssh.py:531} WARNING - 25/03/15 02:10:32 INFO TaskSetManager: Finished task 0.0 in stage 1.0 (TID 1) in 4407 ms on ip-172-31-12-182.ap-northeast-2.compute.internal (executor driver) (1/1)
[2025-03-15T02:10:32.603+0000] {ssh.py:531} WARNING - 25/03/15 02:10:32 INFO TaskSchedulerImpl: Removed TaskSet 1.0, whose tasks have all completed, from pool 
[2025-03-15T02:10:32.607+0000] {ssh.py:531} WARNING - 25/03/15 02:10:32 INFO DAGScheduler: ResultStage 1 (parquet at NativeMethodAccessorImpl.java:0) finished in 4.565 s
[2025-03-15T02:10:32.607+0000] {ssh.py:531} WARNING - 25/03/15 02:10:32 INFO DAGScheduler: Job 1 is finished. Cancelling potential speculative or zombie tasks for this job
[2025-03-15T02:10:32.607+0000] {ssh.py:531} WARNING - 25/03/15 02:10:32 INFO TaskSchedulerImpl: Killing all running tasks in stage 1: Stage finished
[2025-03-15T02:10:32.607+0000] {ssh.py:531} WARNING - 25/03/15 02:10:32 INFO DAGScheduler: Job 1 finished: parquet at NativeMethodAccessorImpl.java:0, took 4.603720 s
[2025-03-15T02:10:32.611+0000] {ssh.py:531} WARNING - 25/03/15 02:10:32 INFO FileFormatWriter: Start to commit write Job 1ff3a630-8a09-45d0-8e32-3e40f53c42fd.
[2025-03-15T02:10:33.636+0000] {ssh.py:531} WARNING - 25/03/15 02:10:33 INFO FileFormatWriter: Write Job 1ff3a630-8a09-45d0-8e32-3e40f53c42fd committed. Elapsed time: 1019 ms.
[2025-03-15T02:10:33.645+0000] {ssh.py:531} WARNING - 25/03/15 02:10:33 INFO FileFormatWriter: Finished processing stats for write job 1ff3a630-8a09-45d0-8e32-3e40f53c42fd.
[2025-03-15T02:10:33.649+0000] {ssh.py:526} INFO - ✅ 2025-03-15 데이터 변환 완료: s3a://de5-finalproj-team2/analytics/ranking_info/2025-03-15
[2025-03-15T02:10:33.725+0000] {ssh.py:531} WARNING - 25/03/15 02:10:33 INFO SparkContext: Invoking stop() from shutdown hook
[2025-03-15T02:10:33.726+0000] {ssh.py:531} WARNING - 25/03/15 02:10:33 INFO SparkContext: SparkContext is stopping with exitCode 0.
[2025-03-15T02:10:33.745+0000] {ssh.py:531} WARNING - 25/03/15 02:10:33 INFO SparkUI: Stopped Spark web UI at http://0.0.0.0:4040
[2025-03-15T02:10:33.770+0000] {ssh.py:531} WARNING - 25/03/15 02:10:33 INFO MapOutputTrackerMasterEndpoint: MapOutputTrackerMasterEndpoint stopped!
[2025-03-15T02:10:33.793+0000] {ssh.py:531} WARNING - 25/03/15 02:10:33 INFO MemoryStore: MemoryStore cleared
[2025-03-15T02:10:33.796+0000] {ssh.py:531} WARNING - 25/03/15 02:10:33 INFO BlockManager: BlockManager stopped
[2025-03-15T02:10:33.801+0000] {ssh.py:531} WARNING - 25/03/15 02:10:33 INFO BlockManagerMaster: BlockManagerMaster stopped
[2025-03-15T02:10:33.807+0000] {ssh.py:531} WARNING - 25/03/15 02:10:33 INFO OutputCommitCoordinator$OutputCommitCoordinatorEndpoint: OutputCommitCoordinator stopped!
[2025-03-15T02:10:33.814+0000] {ssh.py:531} WARNING - 25/03/15 02:10:33 INFO SparkContext: Successfully stopped SparkContext
[2025-03-15T02:10:33.815+0000] {ssh.py:531} WARNING - 25/03/15 02:10:33 INFO ShutdownHookManager: Shutdown hook called
[2025-03-15T02:10:33.816+0000] {ssh.py:531} WARNING - 25/03/15 02:10:33 INFO ShutdownHookManager: Deleting directory /tmp/spark-faad9d9d-9655-46e6-8da6-faa8126fff70
[2025-03-15T02:10:33.822+0000] {ssh.py:531} WARNING - 25/03/15 02:10:33 INFO ShutdownHookManager: Deleting directory /tmp/spark-648083f3-d753-48ad-9dc5-9da5b4a7fc97/pyspark-78d3837f-21cf-4a57-956d-f386e6a8c536
[2025-03-15T02:10:33.826+0000] {ssh.py:531} WARNING - 25/03/15 02:10:33 INFO ShutdownHookManager: Deleting directory /tmp/spark-648083f3-d753-48ad-9dc5-9da5b4a7fc97
[2025-03-15T02:10:33.840+0000] {ssh.py:531} WARNING - 25/03/15 02:10:33 INFO MetricsSystemImpl: Stopping s3a-file-system metrics system...
[2025-03-15T02:10:33.843+0000] {ssh.py:531} WARNING - 25/03/15 02:10:33 INFO MetricsSystemImpl: s3a-file-system metrics system stopped.
[2025-03-15T02:10:33.843+0000] {ssh.py:531} WARNING - 25/03/15 02:10:33 INFO MetricsSystemImpl: s3a-file-system metrics system shutdown complete.
[2025-03-15T02:10:33.897+0000] {ssh.py:526} INFO - Spark Job Succeeded!
[2025-03-15T02:10:33.921+0000] {taskinstance.py:441} INFO - ::group::Post task execution logs
[2025-03-15T02:10:33.967+0000] {taskinstance.py:1206} INFO - Marking task as SUCCESS. dag_id=s3_csv_to_parquet_dag, task_id=submit_spark_via_ssh, run_id=scheduled__2025-03-14T02:10:00+00:00, execution_date=20250314T021000, start_date=20250315T021000, end_date=20250315T021033
[2025-03-15T02:10:34.021+0000] {local_task_job_runner.py:240} INFO - Task exited with return code 0
[2025-03-15T02:10:34.057+0000] {taskinstance.py:3498} INFO - 2 downstream tasks scheduled from follow-on schedule check
[2025-03-15T02:10:34.059+0000] {local_task_job_runner.py:222} INFO - ::endgroup::
