[2025-03-14T02:26:53.673+0000] {local_task_job_runner.py:120} INFO - ::group::Pre task execution logs
[2025-03-14T02:26:53.709+0000] {taskinstance.py:2076} INFO - Dependencies all met for dep_context=non-requeueable deps ti=<TaskInstance: match_info_spark_processing_dag.submit_spark_via_ssh manual__2025-03-14T02:26:50.581937+00:00 [queued]>
[2025-03-14T02:26:53.734+0000] {taskinstance.py:2076} INFO - Dependencies all met for dep_context=requeueable deps ti=<TaskInstance: match_info_spark_processing_dag.submit_spark_via_ssh manual__2025-03-14T02:26:50.581937+00:00 [queued]>
[2025-03-14T02:26:53.734+0000] {taskinstance.py:2306} INFO - Starting attempt 1 of 2
[2025-03-14T02:26:53.751+0000] {taskinstance.py:2330} INFO - Executing <Task(SSHOperator): submit_spark_via_ssh> on 2025-03-14 02:26:50.581937+00:00
[2025-03-14T02:26:53.757+0000] {standard_task_runner.py:63} INFO - Started process 9016 to run task
[2025-03-14T02:26:53.762+0000] {standard_task_runner.py:90} INFO - Running: ['***', 'tasks', 'run', 'match_info_spark_processing_dag', 'submit_spark_via_ssh', 'manual__2025-03-14T02:26:50.581937+00:00', '--job-id', '167', '--raw', '--subdir', 'DAGS_FOLDER/match_info_spark_process_dag.py', '--cfg-path', '/tmp/tmp94amj0ss']
[2025-03-14T02:26:53.765+0000] {standard_task_runner.py:91} INFO - Job 167: Subtask submit_spark_via_ssh
[2025-03-14T02:26:53.847+0000] {task_command.py:426} INFO - Running <TaskInstance: match_info_spark_processing_dag.submit_spark_via_ssh manual__2025-03-14T02:26:50.581937+00:00 [running]> on host a0d797a25898
[2025-03-14T02:26:53.992+0000] {taskinstance.py:2648} INFO - Exporting env vars: AIRFLOW_CTX_DAG_OWNER='***' AIRFLOW_CTX_DAG_ID='match_info_spark_processing_dag' AIRFLOW_CTX_TASK_ID='submit_spark_via_ssh' AIRFLOW_CTX_EXECUTION_DATE='2025-03-14T02:26:50.581937+00:00' AIRFLOW_CTX_TRY_NUMBER='1' AIRFLOW_CTX_DAG_RUN_ID='manual__2025-03-14T02:26:50.581937+00:00'
[2025-03-14T02:26:53.993+0000] {taskinstance.py:430} INFO - ::endgroup::
[2025-03-14T02:26:54.030+0000] {ssh.py:151} INFO - Creating ssh_client
[2025-03-14T02:26:54.031+0000] {ssh.py:124} INFO - ssh_hook is not provided or invalid. Trying ssh_conn_id to create SSHHook.
[2025-03-14T02:26:54.049+0000] {base.py:84} INFO - Using connection ID 'spark_ssh_conn' for task execution.
[2025-03-14T02:26:54.050+0000] {ssh.py:301} WARNING - No Host Key Verification. This won't protect against Man-In-The-Middle attacks
[2025-03-14T02:26:54.055+0000] {transport.py:1909} INFO - Connected (version 2.0, client OpenSSH_9.6p1)
[2025-03-14T02:26:54.171+0000] {transport.py:1909} INFO - Authentication (publickey) successful!
[2025-03-14T02:26:54.172+0000] {ssh.py:480} INFO - Running command: 
    set -e  # 명령어 실패 시 즉시 종료
    echo "Starting Spark Job on 2025-03-14"

    echo "Submitting Spark Job... for 2025-03-14 data"
   /spark-3.5.3/bin/spark-submit /home/ubuntu/spark_scripts/match_info_pyspark.py 2025-03-14 > spark_job.log 2>&1
    exit_code=$?

    # 실행 로그 출력 (Airflow에서 확인 가능)
    if [ -f spark_job.log ]; then
        echo "=== Spark Job Log Start ==="
        cat spark_job.log
        echo "=== Spark Job Log End ==="
    else
        echo "Warning: spark_job.log not found!"
    fi

    # Spark 실패 감지
    if [ $exit_code -ne 0 ]; then
        echo "Spark Job Failed! Check logs."
        exit 1
    else
        echo "Spark Job Succeeded!"
    fi
    
[2025-03-14T02:26:54.910+0000] {ssh.py:526} INFO - Starting Spark Job on 2025-03-14
[2025-03-14T02:26:54.910+0000] {ssh.py:526} INFO - Submitting Spark Job... for 2025-03-14 data
[2025-03-14T02:27:23.124+0000] {ssh.py:526} INFO - === Spark Job Log Start ===
[2025-03-14T02:27:23.128+0000] {ssh.py:526} INFO - Processing date: 2025-03-14
[2025-03-14T02:27:23.128+0000] {ssh.py:526} INFO - 25/03/14 02:26:59 INFO SparkContext: Running Spark version 3.5.3
[2025-03-14T02:27:23.129+0000] {ssh.py:526} INFO - 25/03/14 02:26:59 INFO SparkContext: OS info Linux, 6.8.0-1024-aws, amd64
[2025-03-14T02:27:23.129+0000] {ssh.py:526} INFO - 25/03/14 02:26:59 INFO SparkContext: Java version 11.0.26
[2025-03-14T02:27:23.129+0000] {ssh.py:526} INFO - 25/03/14 02:26:59 WARN NativeCodeLoader: Unable to load native-hadoop library for your platform... using builtin-java classes where applicable
[2025-03-14T02:27:23.129+0000] {ssh.py:526} INFO - 25/03/14 02:26:59 INFO ResourceUtils: ==============================================================
[2025-03-14T02:27:23.129+0000] {ssh.py:526} INFO - 25/03/14 02:26:59 INFO ResourceUtils: No custom resources configured for spark.driver.
[2025-03-14T02:27:23.130+0000] {ssh.py:526} INFO - 25/03/14 02:26:59 INFO ResourceUtils: ==============================================================
[2025-03-14T02:27:23.130+0000] {ssh.py:526} INFO - 25/03/14 02:26:59 INFO SparkContext: Submitted application: json to parquet
[2025-03-14T02:27:23.130+0000] {ssh.py:526} INFO - 25/03/14 02:26:59 INFO ResourceProfile: Default ResourceProfile created, executor resources: Map(cores -> name: cores, amount: 1, script: , vendor: , memory -> name: memory, amount: 1024, script: , vendor: , offHeap -> name: offHeap, amount: 0, script: , vendor: ), task resources: Map(cpus -> name: cpus, amount: 1.0)
[2025-03-14T02:27:23.130+0000] {ssh.py:526} INFO - 25/03/14 02:26:59 INFO ResourceProfile: Limiting resource is cpu
[2025-03-14T02:27:23.130+0000] {ssh.py:526} INFO - 25/03/14 02:26:59 INFO ResourceProfileManager: Added ResourceProfile id: 0
[2025-03-14T02:27:23.130+0000] {ssh.py:526} INFO - 25/03/14 02:26:59 INFO SecurityManager: Changing view acls to: ubuntu
[2025-03-14T02:27:23.130+0000] {ssh.py:526} INFO - 25/03/14 02:26:59 INFO SecurityManager: Changing modify acls to: ubuntu
[2025-03-14T02:27:23.130+0000] {ssh.py:526} INFO - 25/03/14 02:26:59 INFO SecurityManager: Changing view acls groups to: 
[2025-03-14T02:27:23.130+0000] {ssh.py:526} INFO - 25/03/14 02:26:59 INFO SecurityManager: Changing modify acls groups to: 
[2025-03-14T02:27:23.131+0000] {ssh.py:526} INFO - 25/03/14 02:26:59 INFO SecurityManager: SecurityManager: authentication disabled; ui acls disabled; users with view permissions: ubuntu; groups with view permissions: EMPTY; users with modify permissions: ubuntu; groups with modify permissions: EMPTY
[2025-03-14T02:27:23.131+0000] {ssh.py:526} INFO - 25/03/14 02:27:00 INFO Utils: Successfully started service 'sparkDriver' on port 35221.
[2025-03-14T02:27:23.131+0000] {ssh.py:526} INFO - 25/03/14 02:27:00 INFO SparkEnv: Registering MapOutputTracker
[2025-03-14T02:27:23.131+0000] {ssh.py:526} INFO - 25/03/14 02:27:00 INFO SparkEnv: Registering BlockManagerMaster
[2025-03-14T02:27:23.131+0000] {ssh.py:526} INFO - 25/03/14 02:27:00 INFO BlockManagerMasterEndpoint: Using org.apache.spark.storage.DefaultTopologyMapper for getting topology information
[2025-03-14T02:27:23.131+0000] {ssh.py:526} INFO - 25/03/14 02:27:00 INFO BlockManagerMasterEndpoint: BlockManagerMasterEndpoint up
[2025-03-14T02:27:23.131+0000] {ssh.py:526} INFO - 25/03/14 02:27:00 INFO SparkEnv: Registering BlockManagerMasterHeartbeat
[2025-03-14T02:27:23.131+0000] {ssh.py:526} INFO - 25/03/14 02:27:00 INFO DiskBlockManager: Created local directory at /tmp/blockmgr-3e0f738e-048f-4ea8-a6a8-297547e45b0b
[2025-03-14T02:27:23.132+0000] {ssh.py:526} INFO - 25/03/14 02:27:00 INFO MemoryStore: MemoryStore started with capacity 434.4 MiB
[2025-03-14T02:27:23.132+0000] {ssh.py:526} INFO - 25/03/14 02:27:00 INFO SparkEnv: Registering OutputCommitCoordinator
[2025-03-14T02:27:23.132+0000] {ssh.py:526} INFO - 25/03/14 02:27:00 INFO JettyUtils: Start Jetty 0.0.0.0:4040 for SparkUI
[2025-03-14T02:27:23.132+0000] {ssh.py:526} INFO - 25/03/14 02:27:01 INFO Utils: Successfully started service 'SparkUI' on port 4040.
[2025-03-14T02:27:23.132+0000] {ssh.py:526} INFO - 25/03/14 02:27:01 INFO Executor: Starting executor ID driver on host ip-172-31-12-182.ap-northeast-2.compute.internal
[2025-03-14T02:27:23.132+0000] {ssh.py:526} INFO - 25/03/14 02:27:01 INFO Executor: OS info Linux, 6.8.0-1024-aws, amd64
[2025-03-14T02:27:23.132+0000] {ssh.py:526} INFO - 25/03/14 02:27:01 INFO Executor: Java version 11.0.26
[2025-03-14T02:27:23.132+0000] {ssh.py:526} INFO - 25/03/14 02:27:01 INFO Executor: Starting executor with user classpath (userClassPathFirst = false): ''
[2025-03-14T02:27:23.132+0000] {ssh.py:526} INFO - 25/03/14 02:27:01 INFO Executor: Created or updated repl class loader org.apache.spark.util.MutableURLClassLoader@4e6e165a for default.
[2025-03-14T02:27:23.133+0000] {ssh.py:526} INFO - 25/03/14 02:27:01 INFO Utils: Successfully started service 'org.apache.spark.network.netty.NettyBlockTransferService' on port 42711.
[2025-03-14T02:27:23.133+0000] {ssh.py:526} INFO - 25/03/14 02:27:01 INFO NettyBlockTransferService: Server created on 0.0.0.0:42711
[2025-03-14T02:27:23.133+0000] {ssh.py:526} INFO - 25/03/14 02:27:01 INFO BlockManager: Using org.apache.spark.storage.RandomBlockReplicationPolicy for block replication policy
[2025-03-14T02:27:23.133+0000] {ssh.py:526} INFO - 25/03/14 02:27:01 INFO BlockManagerMaster: Registering BlockManager BlockManagerId(driver, 0.0.0.0, 42711, None)
[2025-03-14T02:27:23.133+0000] {ssh.py:526} INFO - 25/03/14 02:27:01 INFO BlockManagerMasterEndpoint: Registering block manager 0.0.0.0:42711 with 434.4 MiB RAM, BlockManagerId(driver, 0.0.0.0, 42711, None)
[2025-03-14T02:27:23.133+0000] {ssh.py:526} INFO - 25/03/14 02:27:01 INFO BlockManagerMaster: Registered BlockManager BlockManagerId(driver, 0.0.0.0, 42711, None)
[2025-03-14T02:27:23.133+0000] {ssh.py:526} INFO - 25/03/14 02:27:01 INFO BlockManager: Initialized BlockManager: BlockManagerId(driver, 0.0.0.0, 42711, None)
[2025-03-14T02:27:23.133+0000] {ssh.py:526} INFO - Reading json file from: s3a://de5-finalproj-team2/raw_data/json/match_data/2025-03-14/*.json
[2025-03-14T02:27:23.133+0000] {ssh.py:526} INFO - 25/03/14 02:27:02 INFO SharedState: Setting hive.metastore.warehouse.dir ('null') to the value of spark.sql.warehouse.dir.
[2025-03-14T02:27:23.134+0000] {ssh.py:526} INFO - 25/03/14 02:27:02 INFO SharedState: Warehouse path is 'file:/home/ubuntu/spark-warehouse'.
[2025-03-14T02:27:23.134+0000] {ssh.py:526} INFO - 25/03/14 02:27:03 WARN MetricsConfig: Cannot locate configuration: tried hadoop-metrics2-s3a-file-system.properties,hadoop-metrics2.properties
[2025-03-14T02:27:23.134+0000] {ssh.py:526} INFO - 25/03/14 02:27:03 INFO MetricsSystemImpl: Scheduled Metric snapshot period at 10 second(s).
[2025-03-14T02:27:23.134+0000] {ssh.py:526} INFO - 25/03/14 02:27:03 INFO MetricsSystemImpl: s3a-file-system metrics system started
[2025-03-14T02:27:23.134+0000] {ssh.py:526} INFO - 25/03/14 02:27:05 INFO InMemoryFileIndex: It took 126 ms to list leaf files for 1 paths.
[2025-03-14T02:27:23.136+0000] {ssh.py:526} INFO - 25/03/14 02:27:06 INFO InMemoryFileIndex: It took 45 ms to list leaf files for 1 paths.
[2025-03-14T02:27:23.136+0000] {ssh.py:526} INFO - 25/03/14 02:27:09 INFO FileSourceStrategy: Pushed Filters: 
[2025-03-14T02:27:23.136+0000] {ssh.py:526} INFO - 25/03/14 02:27:09 INFO FileSourceStrategy: Post-Scan Filters: 
[2025-03-14T02:27:23.136+0000] {ssh.py:526} INFO - 25/03/14 02:27:10 INFO MemoryStore: Block broadcast_0 stored as values in memory (estimated size 201.0 KiB, free 434.2 MiB)
[2025-03-14T02:27:23.137+0000] {ssh.py:526} INFO - 25/03/14 02:27:10 INFO MemoryStore: Block broadcast_0_piece0 stored as bytes in memory (estimated size 34.7 KiB, free 434.2 MiB)
[2025-03-14T02:27:23.137+0000] {ssh.py:526} INFO - 25/03/14 02:27:10 INFO BlockManagerInfo: Added broadcast_0_piece0 in memory on 0.0.0.0:42711 (size: 34.7 KiB, free: 434.4 MiB)
[2025-03-14T02:27:23.137+0000] {ssh.py:526} INFO - 25/03/14 02:27:10 INFO SparkContext: Created broadcast 0 from json at NativeMethodAccessorImpl.java:0
[2025-03-14T02:27:23.137+0000] {ssh.py:526} INFO - 25/03/14 02:27:10 INFO FileSourceScanExec: Planning scan with bin packing, max size: 5325426 bytes, open cost is considered as scanning 4194304 bytes.
[2025-03-14T02:27:23.138+0000] {ssh.py:526} INFO - 25/03/14 02:27:10 INFO SparkContext: Starting job: json at NativeMethodAccessorImpl.java:0
[2025-03-14T02:27:23.140+0000] {ssh.py:526} INFO - 25/03/14 02:27:10 INFO DAGScheduler: Got job 0 (json at NativeMethodAccessorImpl.java:0) with 1 output partitions
[2025-03-14T02:27:23.140+0000] {ssh.py:526} INFO - 25/03/14 02:27:10 INFO DAGScheduler: Final stage: ResultStage 0 (json at NativeMethodAccessorImpl.java:0)
[2025-03-14T02:27:23.141+0000] {ssh.py:526} INFO - 25/03/14 02:27:10 INFO DAGScheduler: Parents of final stage: List()
[2025-03-14T02:27:23.141+0000] {ssh.py:526} INFO - 25/03/14 02:27:10 INFO DAGScheduler: Missing parents: List()
[2025-03-14T02:27:23.141+0000] {ssh.py:526} INFO - 25/03/14 02:27:10 INFO DAGScheduler: Submitting ResultStage 0 (MapPartitionsRDD[3] at json at NativeMethodAccessorImpl.java:0), which has no missing parents
[2025-03-14T02:27:23.142+0000] {ssh.py:526} INFO - 25/03/14 02:27:10 INFO MemoryStore: Block broadcast_1 stored as values in memory (estimated size 16.5 KiB, free 434.2 MiB)
[2025-03-14T02:27:23.142+0000] {ssh.py:526} INFO - 25/03/14 02:27:10 INFO MemoryStore: Block broadcast_1_piece0 stored as bytes in memory (estimated size 7.8 KiB, free 434.1 MiB)
[2025-03-14T02:27:23.142+0000] {ssh.py:526} INFO - 25/03/14 02:27:10 INFO BlockManagerInfo: Added broadcast_1_piece0 in memory on 0.0.0.0:42711 (size: 7.8 KiB, free: 434.4 MiB)
[2025-03-14T02:27:23.143+0000] {ssh.py:526} INFO - 25/03/14 02:27:10 INFO SparkContext: Created broadcast 1 from broadcast at DAGScheduler.scala:1585
[2025-03-14T02:27:23.143+0000] {ssh.py:526} INFO - 25/03/14 02:27:10 INFO DAGScheduler: Submitting 1 missing tasks from ResultStage 0 (MapPartitionsRDD[3] at json at NativeMethodAccessorImpl.java:0) (first 15 tasks are for partitions Vector(0))
[2025-03-14T02:27:23.143+0000] {ssh.py:526} INFO - 25/03/14 02:27:10 INFO TaskSchedulerImpl: Adding task set 0.0 with 1 tasks resource profile 0
[2025-03-14T02:27:23.143+0000] {ssh.py:526} INFO - 25/03/14 02:27:11 INFO TaskSetManager: Starting task 0.0 in stage 0.0 (TID 0) (ip-172-31-12-182.ap-northeast-2.compute.internal, executor driver, partition 0, PROCESS_LOCAL, 9636 bytes) 
[2025-03-14T02:27:23.143+0000] {ssh.py:526} INFO - 25/03/14 02:27:11 INFO Executor: Running task 0.0 in stage 0.0 (TID 0)
[2025-03-14T02:27:23.143+0000] {ssh.py:526} INFO - 25/03/14 02:27:11 INFO FileScanRDD: Reading File path: s3a://de5-finalproj-team2/raw_data/json/match_data/2025-03-14/group_0.json, range: 0-1131122, partition values: [empty row]
[2025-03-14T02:27:23.144+0000] {ssh.py:526} INFO - 25/03/14 02:27:11 INFO CodeGenerator: Code generated in 334.919572 ms
[2025-03-14T02:27:23.144+0000] {ssh.py:526} INFO - 25/03/14 02:27:12 INFO Executor: Finished task 0.0 in stage 0.0 (TID 0). 2408 bytes result sent to driver
[2025-03-14T02:27:23.145+0000] {ssh.py:526} INFO - 25/03/14 02:27:12 INFO TaskSetManager: Finished task 0.0 in stage 0.0 (TID 0) in 1122 ms on ip-172-31-12-182.ap-northeast-2.compute.internal (executor driver) (1/1)
[2025-03-14T02:27:23.145+0000] {ssh.py:526} INFO - 25/03/14 02:27:12 INFO TaskSchedulerImpl: Removed TaskSet 0.0, whose tasks have all completed, from pool 
[2025-03-14T02:27:23.145+0000] {ssh.py:526} INFO - 25/03/14 02:27:12 INFO DAGScheduler: ResultStage 0 (json at NativeMethodAccessorImpl.java:0) finished in 1.363 s
[2025-03-14T02:27:23.145+0000] {ssh.py:526} INFO - 25/03/14 02:27:12 INFO DAGScheduler: Job 0 is finished. Cancelling potential speculative or zombie tasks for this job
[2025-03-14T02:27:23.145+0000] {ssh.py:526} INFO - 25/03/14 02:27:12 INFO TaskSchedulerImpl: Killing all running tasks in stage 0: Stage finished
[2025-03-14T02:27:23.146+0000] {ssh.py:526} INFO - 25/03/14 02:27:12 INFO DAGScheduler: Job 0 finished: json at NativeMethodAccessorImpl.java:0, took 1.442523 s
[2025-03-14T02:27:23.146+0000] {ssh.py:526} INFO - Writing trend_analysis parquet
[2025-03-14T02:27:23.146+0000] {ssh.py:526} INFO - 25/03/14 02:27:13 INFO FileSourceStrategy: Pushed Filters: IsNotNull(player_info)
[2025-03-14T02:27:23.146+0000] {ssh.py:526} INFO - 25/03/14 02:27:13 INFO FileSourceStrategy: Post-Scan Filters: (size(player_info#13, true) > 0),isnotnull(player_info#13)
[2025-03-14T02:27:23.146+0000] {ssh.py:526} INFO - 25/03/14 02:27:13 INFO ParquetUtils: Using default output committer for Parquet: org.apache.parquet.hadoop.ParquetOutputCommitter
[2025-03-14T02:27:23.146+0000] {ssh.py:526} INFO - 25/03/14 02:27:13 INFO FileOutputCommitter: File Output Committer Algorithm version is 1
[2025-03-14T02:27:23.146+0000] {ssh.py:526} INFO - 25/03/14 02:27:13 INFO FileOutputCommitter: FileOutputCommitter skip cleanup _temporary folders under output directory:false, ignore cleanup failures: false
[2025-03-14T02:27:23.146+0000] {ssh.py:526} INFO - 25/03/14 02:27:13 INFO SQLHadoopMapReduceCommitProtocol: Using user defined output committer class org.apache.parquet.hadoop.ParquetOutputCommitter
[2025-03-14T02:27:23.147+0000] {ssh.py:526} INFO - 25/03/14 02:27:13 INFO FileOutputCommitter: File Output Committer Algorithm version is 1
[2025-03-14T02:27:23.147+0000] {ssh.py:526} INFO - 25/03/14 02:27:13 INFO FileOutputCommitter: FileOutputCommitter skip cleanup _temporary folders under output directory:false, ignore cleanup failures: false
[2025-03-14T02:27:23.147+0000] {ssh.py:526} INFO - 25/03/14 02:27:13 INFO SQLHadoopMapReduceCommitProtocol: Using output committer class org.apache.parquet.hadoop.ParquetOutputCommitter
[2025-03-14T02:27:23.147+0000] {ssh.py:526} INFO - 25/03/14 02:27:14 INFO BlockManagerInfo: Removed broadcast_1_piece0 on 0.0.0.0:42711 in memory (size: 7.8 KiB, free: 434.4 MiB)
[2025-03-14T02:27:23.147+0000] {ssh.py:526} INFO - 25/03/14 02:27:14 INFO CodeGenerator: Code generated in 97.163535 ms
[2025-03-14T02:27:23.147+0000] {ssh.py:526} INFO - 25/03/14 02:27:14 INFO MemoryStore: Block broadcast_2 stored as values in memory (estimated size 200.9 KiB, free 434.0 MiB)
[2025-03-14T02:27:23.147+0000] {ssh.py:526} INFO - 25/03/14 02:27:14 INFO MemoryStore: Block broadcast_2_piece0 stored as bytes in memory (estimated size 34.7 KiB, free 433.9 MiB)
[2025-03-14T02:27:23.147+0000] {ssh.py:526} INFO - 25/03/14 02:27:14 INFO BlockManagerInfo: Added broadcast_2_piece0 in memory on 0.0.0.0:42711 (size: 34.7 KiB, free: 434.3 MiB)
[2025-03-14T02:27:23.148+0000] {ssh.py:526} INFO - 25/03/14 02:27:14 INFO SparkContext: Created broadcast 2 from save at NativeMethodAccessorImpl.java:0
[2025-03-14T02:27:23.148+0000] {ssh.py:526} INFO - 25/03/14 02:27:14 INFO FileSourceScanExec: Planning scan with bin packing, max size: 5325426 bytes, open cost is considered as scanning 4194304 bytes.
[2025-03-14T02:27:23.148+0000] {ssh.py:526} INFO - 25/03/14 02:27:14 INFO SparkContext: Starting job: save at NativeMethodAccessorImpl.java:0
[2025-03-14T02:27:23.148+0000] {ssh.py:526} INFO - 25/03/14 02:27:14 INFO DAGScheduler: Got job 1 (save at NativeMethodAccessorImpl.java:0) with 1 output partitions
[2025-03-14T02:27:23.148+0000] {ssh.py:526} INFO - 25/03/14 02:27:14 INFO DAGScheduler: Final stage: ResultStage 1 (save at NativeMethodAccessorImpl.java:0)
[2025-03-14T02:27:23.148+0000] {ssh.py:526} INFO - 25/03/14 02:27:14 INFO DAGScheduler: Parents of final stage: List()
[2025-03-14T02:27:23.148+0000] {ssh.py:526} INFO - 25/03/14 02:27:14 INFO DAGScheduler: Missing parents: List()
[2025-03-14T02:27:23.148+0000] {ssh.py:526} INFO - 25/03/14 02:27:14 INFO DAGScheduler: Submitting ResultStage 1 (MapPartitionsRDD[7] at save at NativeMethodAccessorImpl.java:0), which has no missing parents
[2025-03-14T02:27:23.149+0000] {ssh.py:526} INFO - 25/03/14 02:27:14 INFO MemoryStore: Block broadcast_3 stored as values in memory (estimated size 225.1 KiB, free 433.7 MiB)
[2025-03-14T02:27:23.149+0000] {ssh.py:526} INFO - 25/03/14 02:27:14 INFO MemoryStore: Block broadcast_3_piece0 stored as bytes in memory (estimated size 81.0 KiB, free 433.6 MiB)
[2025-03-14T02:27:23.149+0000] {ssh.py:526} INFO - 25/03/14 02:27:14 INFO BlockManagerInfo: Added broadcast_3_piece0 in memory on 0.0.0.0:42711 (size: 81.0 KiB, free: 434.3 MiB)
[2025-03-14T02:27:23.149+0000] {ssh.py:526} INFO - 25/03/14 02:27:14 INFO SparkContext: Created broadcast 3 from broadcast at DAGScheduler.scala:1585
[2025-03-14T02:27:23.149+0000] {ssh.py:526} INFO - 25/03/14 02:27:14 INFO DAGScheduler: Submitting 1 missing tasks from ResultStage 1 (MapPartitionsRDD[7] at save at NativeMethodAccessorImpl.java:0) (first 15 tasks are for partitions Vector(0))
[2025-03-14T02:27:23.149+0000] {ssh.py:526} INFO - 25/03/14 02:27:14 INFO TaskSchedulerImpl: Adding task set 1.0 with 1 tasks resource profile 0
[2025-03-14T02:27:23.149+0000] {ssh.py:526} INFO - 25/03/14 02:27:14 INFO TaskSetManager: Starting task 0.0 in stage 1.0 (TID 1) (ip-172-31-12-182.ap-northeast-2.compute.internal, executor driver, partition 0, PROCESS_LOCAL, 9636 bytes) 
[2025-03-14T02:27:23.149+0000] {ssh.py:526} INFO - 25/03/14 02:27:14 INFO Executor: Running task 0.0 in stage 1.0 (TID 1)
[2025-03-14T02:27:23.149+0000] {ssh.py:526} INFO - 25/03/14 02:27:14 INFO CodeGenerator: Code generated in 81.958423 ms
[2025-03-14T02:27:23.150+0000] {ssh.py:526} INFO - 25/03/14 02:27:14 INFO FileOutputCommitter: File Output Committer Algorithm version is 1
[2025-03-14T02:27:23.150+0000] {ssh.py:526} INFO - 25/03/14 02:27:14 INFO FileOutputCommitter: FileOutputCommitter skip cleanup _temporary folders under output directory:false, ignore cleanup failures: false
[2025-03-14T02:27:23.150+0000] {ssh.py:526} INFO - 25/03/14 02:27:14 INFO SQLHadoopMapReduceCommitProtocol: Using user defined output committer class org.apache.parquet.hadoop.ParquetOutputCommitter
[2025-03-14T02:27:23.150+0000] {ssh.py:526} INFO - 25/03/14 02:27:14 INFO FileOutputCommitter: File Output Committer Algorithm version is 1
[2025-03-14T02:27:23.150+0000] {ssh.py:526} INFO - 25/03/14 02:27:14 INFO FileOutputCommitter: FileOutputCommitter skip cleanup _temporary folders under output directory:false, ignore cleanup failures: false
[2025-03-14T02:27:23.150+0000] {ssh.py:526} INFO - 25/03/14 02:27:14 INFO SQLHadoopMapReduceCommitProtocol: Using output committer class org.apache.parquet.hadoop.ParquetOutputCommitter
[2025-03-14T02:27:23.150+0000] {ssh.py:526} INFO - 25/03/14 02:27:14 INFO CodecConfig: Compression: SNAPPY
[2025-03-14T02:27:23.151+0000] {ssh.py:526} INFO - 25/03/14 02:27:14 INFO CodecConfig: Compression: SNAPPY
[2025-03-14T02:27:23.151+0000] {ssh.py:526} INFO - 25/03/14 02:27:14 INFO ParquetOutputFormat: ParquetRecordWriter [block size: 134217728b, row group padding size: 8388608b, validating: false]
[2025-03-14T02:27:23.151+0000] {ssh.py:526} INFO - 25/03/14 02:27:14 INFO ParquetWriteSupport: Initialized Parquet WriteSupport with Catalyst schema:
[2025-03-14T02:27:23.151+0000] {ssh.py:526} INFO - {
[2025-03-14T02:27:23.151+0000] {ssh.py:526} INFO -   "type" : "struct",
[2025-03-14T02:27:23.151+0000] {ssh.py:526} INFO -   "fields" : [ {
[2025-03-14T02:27:23.151+0000] {ssh.py:526} INFO -     "name" : "match_id",
[2025-03-14T02:27:23.152+0000] {ssh.py:526} INFO -     "type" : "string",
[2025-03-14T02:27:23.152+0000] {ssh.py:526} INFO -     "nullable" : true,
[2025-03-14T02:27:23.152+0000] {ssh.py:526} INFO -     "metadata" : { }
[2025-03-14T02:27:23.152+0000] {ssh.py:526} INFO -   }, {
[2025-03-14T02:27:23.152+0000] {ssh.py:526} INFO -     "name" : "spid",
[2025-03-14T02:27:23.153+0000] {ssh.py:526} INFO -     "type" : "integer",
[2025-03-14T02:27:23.153+0000] {ssh.py:526} INFO -     "nullable" : true,
[2025-03-14T02:27:23.153+0000] {ssh.py:526} INFO -     "metadata" : { }
[2025-03-14T02:27:23.153+0000] {ssh.py:526} INFO -   }, {
[2025-03-14T02:27:23.163+0000] {ssh.py:526} INFO -     "name" : "season_id",
[2025-03-14T02:27:23.164+0000] {ssh.py:526} INFO -     "type" : "integer",
[2025-03-14T02:27:23.164+0000] {ssh.py:526} INFO -     "nullable" : true,
[2025-03-14T02:27:23.164+0000] {ssh.py:526} INFO -     "metadata" : { }
[2025-03-14T02:27:23.164+0000] {ssh.py:526} INFO -   }, {
[2025-03-14T02:27:23.164+0000] {ssh.py:526} INFO -     "name" : "gamer_nickname",
[2025-03-14T02:27:23.164+0000] {ssh.py:526} INFO -     "type" : "string",
[2025-03-14T02:27:23.164+0000] {ssh.py:526} INFO -     "nullable" : true,
[2025-03-14T02:27:23.165+0000] {ssh.py:526} INFO -     "metadata" : { }
[2025-03-14T02:27:23.165+0000] {ssh.py:526} INFO -   }, {
[2025-03-14T02:27:23.166+0000] {ssh.py:526} INFO -     "name" : "position",
[2025-03-14T02:27:23.166+0000] {ssh.py:526} INFO -     "type" : "integer",
[2025-03-14T02:27:23.167+0000] {ssh.py:526} INFO -     "nullable" : true,
[2025-03-14T02:27:23.167+0000] {ssh.py:526} INFO -     "metadata" : { }
[2025-03-14T02:27:23.168+0000] {ssh.py:526} INFO -   }, {
[2025-03-14T02:27:23.168+0000] {ssh.py:526} INFO -     "name" : "ouid",
[2025-03-14T02:27:23.168+0000] {ssh.py:526} INFO -     "type" : "string",
[2025-03-14T02:27:23.169+0000] {ssh.py:526} INFO -     "nullable" : true,
[2025-03-14T02:27:23.170+0000] {ssh.py:526} INFO -     "metadata" : { }
[2025-03-14T02:27:23.170+0000] {ssh.py:526} INFO -   }, {
[2025-03-14T02:27:23.170+0000] {ssh.py:526} INFO -     "name" : "spgrade",
[2025-03-14T02:27:23.170+0000] {ssh.py:526} INFO -     "type" : "integer",
[2025-03-14T02:27:23.170+0000] {ssh.py:526} INFO -     "nullable" : true,
[2025-03-14T02:27:23.171+0000] {ssh.py:526} INFO -     "metadata" : { }
[2025-03-14T02:27:23.171+0000] {ssh.py:526} INFO -   }, {
[2025-03-14T02:27:23.171+0000] {ssh.py:526} INFO -     "name" : "matchresult",
[2025-03-14T02:27:23.171+0000] {ssh.py:526} INFO -     "type" : "string",
[2025-03-14T02:27:23.171+0000] {ssh.py:526} INFO -     "nullable" : true,
[2025-03-14T02:27:23.171+0000] {ssh.py:526} INFO -     "metadata" : { }
[2025-03-14T02:27:23.173+0000] {ssh.py:526} INFO -   }, {
[2025-03-14T02:27:23.174+0000] {ssh.py:526} INFO -     "name" : "match_date",
[2025-03-14T02:27:23.175+0000] {ssh.py:526} INFO -     "type" : "date",
[2025-03-14T02:27:23.175+0000] {ssh.py:526} INFO -     "nullable" : true,
[2025-03-14T02:27:23.175+0000] {ssh.py:526} INFO -     "metadata" : { }
[2025-03-14T02:27:23.175+0000] {ssh.py:526} INFO -   } ]
[2025-03-14T02:27:23.176+0000] {ssh.py:526} INFO - }
[2025-03-14T02:27:23.176+0000] {ssh.py:526} INFO - and corresponding Parquet message type:
[2025-03-14T02:27:23.176+0000] {ssh.py:526} INFO - message spark_schema {
[2025-03-14T02:27:23.176+0000] {ssh.py:526} INFO -   optional binary match_id (STRING);
[2025-03-14T02:27:23.176+0000] {ssh.py:526} INFO -   optional int32 spid;
[2025-03-14T02:27:23.177+0000] {ssh.py:526} INFO -   optional int32 season_id;
[2025-03-14T02:27:23.178+0000] {ssh.py:526} INFO -   optional binary gamer_nickname (STRING);
[2025-03-14T02:27:23.178+0000] {ssh.py:526} INFO -   optional int32 position;
[2025-03-14T02:27:23.178+0000] {ssh.py:526} INFO -   optional binary ouid (STRING);
[2025-03-14T02:27:23.178+0000] {ssh.py:526} INFO -   optional int32 spgrade;
[2025-03-14T02:27:23.178+0000] {ssh.py:526} INFO -   optional binary matchresult (STRING);
[2025-03-14T02:27:23.178+0000] {ssh.py:526} INFO -   optional int32 match_date (DATE);
[2025-03-14T02:27:23.178+0000] {ssh.py:526} INFO - }
[2025-03-14T02:27:23.179+0000] {ssh.py:526} INFO - 
[2025-03-14T02:27:23.179+0000] {ssh.py:526} INFO -        
[2025-03-14T02:27:23.179+0000] {ssh.py:526} INFO - 25/03/14 02:27:14 INFO CodecPool: Got brand-new compressor [.snappy]
[2025-03-14T02:27:23.179+0000] {ssh.py:526} INFO - 25/03/14 02:27:15 INFO BlockManagerInfo: Removed broadcast_0_piece0 on 0.0.0.0:42711 in memory (size: 34.7 KiB, free: 434.3 MiB)
[2025-03-14T02:27:23.183+0000] {ssh.py:526} INFO - 25/03/14 02:27:15 INFO FileScanRDD: Reading File path: s3a://de5-finalproj-team2/raw_data/json/match_data/2025-03-14/group_0.json, range: 0-1131122, partition values: [empty row]
[2025-03-14T02:27:23.183+0000] {ssh.py:526} INFO - 25/03/14 02:27:15 INFO CodeGenerator: Code generated in 56.59779 ms
[2025-03-14T02:27:23.183+0000] {ssh.py:526} INFO - 25/03/14 02:27:15 INFO CodeGenerator: Code generated in 8.677972 ms
[2025-03-14T02:27:23.183+0000] {ssh.py:526} INFO - 25/03/14 02:27:18 INFO FileOutputCommitter: Saved output of task 'attempt_202503140227141295460021365639292_0001_m_000000_1' to s3a://de5-finalproj-team2/trend_analysis/match_data/2025-03-14/_temporary/0/task_202503140227141295460021365639292_0001_m_000000
[2025-03-14T02:27:23.184+0000] {ssh.py:526} INFO - 25/03/14 02:27:18 INFO SparkHadoopMapRedUtil: attempt_202503140227141295460021365639292_0001_m_000000_1: Committed. Elapsed time: 705 ms.
[2025-03-14T02:27:23.184+0000] {ssh.py:526} INFO - 25/03/14 02:27:18 INFO Executor: Finished task 0.0 in stage 1.0 (TID 1). 2725 bytes result sent to driver
[2025-03-14T02:27:23.184+0000] {ssh.py:526} INFO - 25/03/14 02:27:18 INFO TaskSetManager: Finished task 0.0 in stage 1.0 (TID 1) in 3845 ms on ip-172-31-12-182.ap-northeast-2.compute.internal (executor driver) (1/1)
[2025-03-14T02:27:23.184+0000] {ssh.py:526} INFO - 25/03/14 02:27:18 INFO TaskSchedulerImpl: Removed TaskSet 1.0, whose tasks have all completed, from pool 
[2025-03-14T02:27:23.184+0000] {ssh.py:526} INFO - 25/03/14 02:27:18 INFO DAGScheduler: ResultStage 1 (save at NativeMethodAccessorImpl.java:0) finished in 3.941 s
[2025-03-14T02:27:23.184+0000] {ssh.py:526} INFO - 25/03/14 02:27:18 INFO DAGScheduler: Job 1 is finished. Cancelling potential speculative or zombie tasks for this job
[2025-03-14T02:27:23.184+0000] {ssh.py:526} INFO - 25/03/14 02:27:18 INFO TaskSchedulerImpl: Killing all running tasks in stage 1: Stage finished
[2025-03-14T02:27:23.184+0000] {ssh.py:526} INFO - 25/03/14 02:27:18 INFO DAGScheduler: Job 1 finished: save at NativeMethodAccessorImpl.java:0, took 3.956794 s
[2025-03-14T02:27:23.185+0000] {ssh.py:526} INFO - 25/03/14 02:27:18 INFO FileFormatWriter: Start to commit write Job 8a510a61-595e-4d0f-a490-f1ae0ec39662.
[2025-03-14T02:27:23.185+0000] {ssh.py:526} INFO - 25/03/14 02:27:19 INFO FileFormatWriter: Write Job 8a510a61-595e-4d0f-a490-f1ae0ec39662 committed. Elapsed time: 1033 ms.
[2025-03-14T02:27:23.185+0000] {ssh.py:526} INFO - 25/03/14 02:27:19 INFO FileFormatWriter: Finished processing stats for write job 8a510a61-595e-4d0f-a490-f1ae0ec39662.
[2025-03-14T02:27:23.185+0000] {ssh.py:526} INFO - Writing analytics parquet
[2025-03-14T02:27:23.185+0000] {ssh.py:526} INFO - 25/03/14 02:27:19 INFO FileSourceStrategy: Pushed Filters: IsNotNull(player_info)
[2025-03-14T02:27:23.185+0000] {ssh.py:526} INFO - 25/03/14 02:27:19 INFO FileSourceStrategy: Post-Scan Filters: (size(player_info#13, true) > 0),isnotnull(player_info#13)
[2025-03-14T02:27:23.185+0000] {ssh.py:526} INFO - 25/03/14 02:27:19 INFO ParquetUtils: Using default output committer for Parquet: org.apache.parquet.hadoop.ParquetOutputCommitter
[2025-03-14T02:27:23.185+0000] {ssh.py:526} INFO - 25/03/14 02:27:19 INFO FileOutputCommitter: File Output Committer Algorithm version is 1
[2025-03-14T02:27:23.186+0000] {ssh.py:526} INFO - 25/03/14 02:27:19 INFO FileOutputCommitter: FileOutputCommitter skip cleanup _temporary folders under output directory:false, ignore cleanup failures: false
[2025-03-14T02:27:23.186+0000] {ssh.py:526} INFO - 25/03/14 02:27:19 INFO SQLHadoopMapReduceCommitProtocol: Using user defined output committer class org.apache.parquet.hadoop.ParquetOutputCommitter
[2025-03-14T02:27:23.186+0000] {ssh.py:526} INFO - 25/03/14 02:27:19 INFO FileOutputCommitter: File Output Committer Algorithm version is 1
[2025-03-14T02:27:23.186+0000] {ssh.py:526} INFO - 25/03/14 02:27:19 INFO FileOutputCommitter: FileOutputCommitter skip cleanup _temporary folders under output directory:false, ignore cleanup failures: false
[2025-03-14T02:27:23.186+0000] {ssh.py:526} INFO - 25/03/14 02:27:19 INFO SQLHadoopMapReduceCommitProtocol: Using output committer class org.apache.parquet.hadoop.ParquetOutputCommitter
[2025-03-14T02:27:23.186+0000] {ssh.py:526} INFO - 25/03/14 02:27:19 INFO CodeGenerator: Code generated in 31.53034 ms
[2025-03-14T02:27:23.186+0000] {ssh.py:526} INFO - 25/03/14 02:27:19 INFO MemoryStore: Block broadcast_4 stored as values in memory (estimated size 200.9 KiB, free 433.7 MiB)
[2025-03-14T02:27:23.187+0000] {ssh.py:526} INFO - 25/03/14 02:27:19 INFO MemoryStore: Block broadcast_4_piece0 stored as bytes in memory (estimated size 34.7 KiB, free 433.6 MiB)
[2025-03-14T02:27:23.187+0000] {ssh.py:526} INFO - 25/03/14 02:27:19 INFO BlockManagerInfo: Added broadcast_4_piece0 in memory on 0.0.0.0:42711 (size: 34.7 KiB, free: 434.3 MiB)
[2025-03-14T02:27:23.187+0000] {ssh.py:526} INFO - 25/03/14 02:27:19 INFO SparkContext: Created broadcast 4 from save at NativeMethodAccessorImpl.java:0
[2025-03-14T02:27:23.187+0000] {ssh.py:526} INFO - 25/03/14 02:27:19 INFO FileSourceScanExec: Planning scan with bin packing, max size: 5325426 bytes, open cost is considered as scanning 4194304 bytes.
[2025-03-14T02:27:23.187+0000] {ssh.py:526} INFO - 25/03/14 02:27:19 INFO SparkContext: Starting job: save at NativeMethodAccessorImpl.java:0
[2025-03-14T02:27:23.187+0000] {ssh.py:526} INFO - 25/03/14 02:27:19 INFO DAGScheduler: Got job 2 (save at NativeMethodAccessorImpl.java:0) with 1 output partitions
[2025-03-14T02:27:23.187+0000] {ssh.py:526} INFO - 25/03/14 02:27:19 INFO DAGScheduler: Final stage: ResultStage 2 (save at NativeMethodAccessorImpl.java:0)
[2025-03-14T02:27:23.188+0000] {ssh.py:526} INFO - 25/03/14 02:27:19 INFO DAGScheduler: Parents of final stage: List()
[2025-03-14T02:27:23.188+0000] {ssh.py:526} INFO - 25/03/14 02:27:19 INFO DAGScheduler: Missing parents: List()
[2025-03-14T02:27:23.188+0000] {ssh.py:526} INFO - 25/03/14 02:27:19 INFO DAGScheduler: Submitting ResultStage 2 (MapPartitionsRDD[11] at save at NativeMethodAccessorImpl.java:0), which has no missing parents
[2025-03-14T02:27:23.188+0000] {ssh.py:526} INFO - 25/03/14 02:27:19 INFO MemoryStore: Block broadcast_5 stored as values in memory (estimated size 223.4 KiB, free 433.4 MiB)
[2025-03-14T02:27:23.188+0000] {ssh.py:526} INFO - 25/03/14 02:27:19 INFO MemoryStore: Block broadcast_5_piece0 stored as bytes in memory (estimated size 80.4 KiB, free 433.3 MiB)
[2025-03-14T02:27:23.188+0000] {ssh.py:526} INFO - 25/03/14 02:27:19 INFO BlockManagerInfo: Added broadcast_5_piece0 in memory on 0.0.0.0:42711 (size: 80.4 KiB, free: 434.2 MiB)
[2025-03-14T02:27:23.188+0000] {ssh.py:526} INFO - 25/03/14 02:27:19 INFO SparkContext: Created broadcast 5 from broadcast at DAGScheduler.scala:1585
[2025-03-14T02:27:23.188+0000] {ssh.py:526} INFO - 25/03/14 02:27:19 INFO DAGScheduler: Submitting 1 missing tasks from ResultStage 2 (MapPartitionsRDD[11] at save at NativeMethodAccessorImpl.java:0) (first 15 tasks are for partitions Vector(0))
[2025-03-14T02:27:23.189+0000] {ssh.py:526} INFO - 25/03/14 02:27:19 INFO TaskSchedulerImpl: Adding task set 2.0 with 1 tasks resource profile 0
[2025-03-14T02:27:23.189+0000] {ssh.py:526} INFO - 25/03/14 02:27:19 INFO TaskSetManager: Starting task 0.0 in stage 2.0 (TID 2) (ip-172-31-12-182.ap-northeast-2.compute.internal, executor driver, partition 0, PROCESS_LOCAL, 9636 bytes) 
[2025-03-14T02:27:23.189+0000] {ssh.py:526} INFO - 25/03/14 02:27:19 INFO Executor: Running task 0.0 in stage 2.0 (TID 2)
[2025-03-14T02:27:23.189+0000] {ssh.py:526} INFO - 25/03/14 02:27:19 INFO CodeGenerator: Code generated in 52.515981 ms
[2025-03-14T02:27:23.189+0000] {ssh.py:526} INFO - 25/03/14 02:27:19 INFO FileOutputCommitter: File Output Committer Algorithm version is 1
[2025-03-14T02:27:23.189+0000] {ssh.py:526} INFO - 25/03/14 02:27:19 INFO FileOutputCommitter: FileOutputCommitter skip cleanup _temporary folders under output directory:false, ignore cleanup failures: false
[2025-03-14T02:27:23.189+0000] {ssh.py:526} INFO - 25/03/14 02:27:19 INFO SQLHadoopMapReduceCommitProtocol: Using user defined output committer class org.apache.parquet.hadoop.ParquetOutputCommitter
[2025-03-14T02:27:23.190+0000] {ssh.py:526} INFO - 25/03/14 02:27:19 INFO FileOutputCommitter: File Output Committer Algorithm version is 1
[2025-03-14T02:27:23.190+0000] {ssh.py:526} INFO - 25/03/14 02:27:19 INFO FileOutputCommitter: FileOutputCommitter skip cleanup _temporary folders under output directory:false, ignore cleanup failures: false
[2025-03-14T02:27:23.190+0000] {ssh.py:526} INFO - 25/03/14 02:27:19 INFO SQLHadoopMapReduceCommitProtocol: Using output committer class org.apache.parquet.hadoop.ParquetOutputCommitter
[2025-03-14T02:27:23.190+0000] {ssh.py:526} INFO - 25/03/14 02:27:19 INFO CodecConfig: Compression: SNAPPY
[2025-03-14T02:27:23.190+0000] {ssh.py:526} INFO - 25/03/14 02:27:19 INFO CodecConfig: Compression: SNAPPY
[2025-03-14T02:27:23.190+0000] {ssh.py:526} INFO - 25/03/14 02:27:19 INFO ParquetOutputFormat: ParquetRecordWriter [block size: 134217728b, row group padding size: 8388608b, validating: false]
[2025-03-14T02:27:23.190+0000] {ssh.py:526} INFO - 25/03/14 02:27:19 INFO ParquetWriteSupport: Initialized Parquet WriteSupport with Catalyst schema:
[2025-03-14T02:27:23.190+0000] {ssh.py:526} INFO - {
[2025-03-14T02:27:23.191+0000] {ssh.py:526} INFO -   "type" : "struct",
[2025-03-14T02:27:23.191+0000] {ssh.py:526} INFO -   "fields" : [ {
[2025-03-14T02:27:23.191+0000] {ssh.py:526} INFO -     "name" : "match_id",
[2025-03-14T02:27:23.191+0000] {ssh.py:526} INFO -     "type" : "string",
[2025-03-14T02:27:23.191+0000] {ssh.py:526} INFO -     "nullable" : true,
[2025-03-14T02:27:23.191+0000] {ssh.py:526} INFO -     "metadata" : { }
[2025-03-14T02:27:23.191+0000] {ssh.py:526} INFO -   }, {
[2025-03-14T02:27:23.192+0000] {ssh.py:526} INFO -     "name" : "spid",
[2025-03-14T02:27:23.192+0000] {ssh.py:526} INFO -     "type" : "integer",
[2025-03-14T02:27:23.192+0000] {ssh.py:526} INFO -     "nullable" : true,
[2025-03-14T02:27:23.192+0000] {ssh.py:526} INFO -     "metadata" : { }
[2025-03-14T02:27:23.192+0000] {ssh.py:526} INFO -   }, {
[2025-03-14T02:27:23.192+0000] {ssh.py:526} INFO -     "name" : "season_id",
[2025-03-14T02:27:23.193+0000] {ssh.py:526} INFO -     "type" : "integer",
[2025-03-14T02:27:23.193+0000] {ssh.py:526} INFO -     "nullable" : true,
[2025-03-14T02:27:23.193+0000] {ssh.py:526} INFO -     "metadata" : { }
[2025-03-14T02:27:23.193+0000] {ssh.py:526} INFO -   }, {
[2025-03-14T02:27:23.193+0000] {ssh.py:526} INFO -     "name" : "gamer_nickname",
[2025-03-14T02:27:23.193+0000] {ssh.py:526} INFO -     "type" : "string",
[2025-03-14T02:27:23.193+0000] {ssh.py:526} INFO -     "nullable" : true,
[2025-03-14T02:27:23.194+0000] {ssh.py:526} INFO -     "metadata" : { }
[2025-03-14T02:27:23.194+0000] {ssh.py:526} INFO -   }, {
[2025-03-14T02:27:23.194+0000] {ssh.py:526} INFO -     "name" : "position",
[2025-03-14T02:27:23.194+0000] {ssh.py:526} INFO -     "type" : "integer",
[2025-03-14T02:27:23.194+0000] {ssh.py:526} INFO -     "nullable" : true,
[2025-03-14T02:27:23.194+0000] {ssh.py:526} INFO -     "metadata" : { }
[2025-03-14T02:27:23.194+0000] {ssh.py:526} INFO -   }, {
[2025-03-14T02:27:23.194+0000] {ssh.py:526} INFO -     "name" : "spgrade",
[2025-03-14T02:27:23.195+0000] {ssh.py:526} INFO -     "type" : "integer",
[2025-03-14T02:27:23.195+0000] {ssh.py:526} INFO -     "nullable" : true,
[2025-03-14T02:27:23.195+0000] {ssh.py:526} INFO -     "metadata" : { }
[2025-03-14T02:27:23.195+0000] {ssh.py:526} INFO -   }, {
[2025-03-14T02:27:23.195+0000] {ssh.py:526} INFO -     "name" : "matchresult",
[2025-03-14T02:27:23.196+0000] {ssh.py:526} INFO -     "type" : "string",
[2025-03-14T02:27:23.196+0000] {ssh.py:526} INFO -     "nullable" : true,
[2025-03-14T02:27:23.196+0000] {ssh.py:526} INFO -     "metadata" : { }
[2025-03-14T02:27:23.196+0000] {ssh.py:526} INFO -   } ]
[2025-03-14T02:27:23.196+0000] {ssh.py:526} INFO - }
[2025-03-14T02:27:23.196+0000] {ssh.py:526} INFO - and corresponding Parquet message type:
[2025-03-14T02:27:23.196+0000] {ssh.py:526} INFO - message spark_schema {
[2025-03-14T02:27:23.196+0000] {ssh.py:526} INFO -   optional binary match_id (STRING);
[2025-03-14T02:27:23.197+0000] {ssh.py:526} INFO -   optional int32 spid;
[2025-03-14T02:27:23.197+0000] {ssh.py:526} INFO -   optional int32 season_id;
[2025-03-14T02:27:23.197+0000] {ssh.py:526} INFO -   optional binary gamer_nickname (STRING);
[2025-03-14T02:27:23.197+0000] {ssh.py:526} INFO -   optional int32 position;
[2025-03-14T02:27:23.197+0000] {ssh.py:526} INFO -   optional int32 spgrade;
[2025-03-14T02:27:23.197+0000] {ssh.py:526} INFO -   optional binary matchresult (STRING);
[2025-03-14T02:27:23.197+0000] {ssh.py:526} INFO - }
[2025-03-14T02:27:23.197+0000] {ssh.py:526} INFO - 
[2025-03-14T02:27:23.197+0000] {ssh.py:526} INFO -        
[2025-03-14T02:27:23.198+0000] {ssh.py:526} INFO - 25/03/14 02:27:20 INFO BlockManagerInfo: Removed broadcast_3_piece0 on 0.0.0.0:42711 in memory (size: 81.0 KiB, free: 434.3 MiB)
[2025-03-14T02:27:23.198+0000] {ssh.py:526} INFO - 25/03/14 02:27:20 INFO FileScanRDD: Reading File path: s3a://de5-finalproj-team2/raw_data/json/match_data/2025-03-14/group_0.json, range: 0-1131122, partition values: [empty row]
[2025-03-14T02:27:23.198+0000] {ssh.py:526} INFO - 25/03/14 02:27:20 INFO CodeGenerator: Code generated in 42.748015 ms
[2025-03-14T02:27:23.198+0000] {ssh.py:526} INFO - 25/03/14 02:27:20 INFO CodeGenerator: Code generated in 14.909998 ms
[2025-03-14T02:27:23.198+0000] {ssh.py:526} INFO - 25/03/14 02:27:20 INFO BlockManagerInfo: Removed broadcast_2_piece0 on 0.0.0.0:42711 in memory (size: 34.7 KiB, free: 434.3 MiB)
[2025-03-14T02:27:23.198+0000] {ssh.py:526} INFO - 25/03/14 02:27:21 INFO FileOutputCommitter: Saved output of task 'attempt_202503140227193792905213711821080_0002_m_000000_2' to s3a://de5-finalproj-team2/analytics/match_data/2025-03-14/_temporary/0/task_202503140227193792905213711821080_0002_m_000000
[2025-03-14T02:27:23.198+0000] {ssh.py:526} INFO - 25/03/14 02:27:21 INFO SparkHadoopMapRedUtil: attempt_202503140227193792905213711821080_0002_m_000000_2: Committed. Elapsed time: 583 ms.
[2025-03-14T02:27:23.198+0000] {ssh.py:526} INFO - 25/03/14 02:27:21 INFO Executor: Finished task 0.0 in stage 2.0 (TID 2). 2725 bytes result sent to driver
[2025-03-14T02:27:23.198+0000] {ssh.py:526} INFO - 25/03/14 02:27:21 INFO TaskSetManager: Finished task 0.0 in stage 2.0 (TID 2) in 1695 ms on ip-172-31-12-182.ap-northeast-2.compute.internal (executor driver) (1/1)
[2025-03-14T02:27:23.199+0000] {ssh.py:526} INFO - 25/03/14 02:27:21 INFO TaskSchedulerImpl: Removed TaskSet 2.0, whose tasks have all completed, from pool 
[2025-03-14T02:27:23.199+0000] {ssh.py:526} INFO - 25/03/14 02:27:21 INFO DAGScheduler: ResultStage 2 (save at NativeMethodAccessorImpl.java:0) finished in 1.762 s
[2025-03-14T02:27:23.199+0000] {ssh.py:526} INFO - 25/03/14 02:27:21 INFO DAGScheduler: Job 2 is finished. Cancelling potential speculative or zombie tasks for this job
[2025-03-14T02:27:23.199+0000] {ssh.py:526} INFO - 25/03/14 02:27:21 INFO TaskSchedulerImpl: Killing all running tasks in stage 2: Stage finished
[2025-03-14T02:27:23.199+0000] {ssh.py:526} INFO - 25/03/14 02:27:21 INFO DAGScheduler: Job 2 finished: save at NativeMethodAccessorImpl.java:0, took 1.791078 s
[2025-03-14T02:27:23.199+0000] {ssh.py:526} INFO - 25/03/14 02:27:21 INFO FileFormatWriter: Start to commit write Job 988a4a68-4a81-4b1b-b96d-f38cb8ad5729.
[2025-03-14T02:27:23.199+0000] {ssh.py:526} INFO - 25/03/14 02:27:22 INFO FileFormatWriter: Write Job 988a4a68-4a81-4b1b-b96d-f38cb8ad5729 committed. Elapsed time: 838 ms.
[2025-03-14T02:27:23.200+0000] {ssh.py:526} INFO - 25/03/14 02:27:22 INFO FileFormatWriter: Finished processing stats for write job 988a4a68-4a81-4b1b-b96d-f38cb8ad5729.
[2025-03-14T02:27:23.200+0000] {ssh.py:526} INFO - 25/03/14 02:27:22 INFO SparkContext: SparkContext is stopping with exitCode 0.
[2025-03-14T02:27:23.200+0000] {ssh.py:526} INFO - 25/03/14 02:27:22 INFO SparkUI: Stopped Spark web UI at http://0.0.0.0:4040
[2025-03-14T02:27:23.200+0000] {ssh.py:526} INFO - 25/03/14 02:27:22 INFO MapOutputTrackerMasterEndpoint: MapOutputTrackerMasterEndpoint stopped!
[2025-03-14T02:27:23.200+0000] {ssh.py:526} INFO - 25/03/14 02:27:22 INFO MemoryStore: MemoryStore cleared
[2025-03-14T02:27:23.200+0000] {ssh.py:526} INFO - 25/03/14 02:27:22 INFO BlockManager: BlockManager stopped
[2025-03-14T02:27:23.200+0000] {ssh.py:526} INFO - 25/03/14 02:27:22 INFO BlockManagerMaster: BlockManagerMaster stopped
[2025-03-14T02:27:23.200+0000] {ssh.py:526} INFO - 25/03/14 02:27:22 INFO OutputCommitCoordinator$OutputCommitCoordinatorEndpoint: OutputCommitCoordinator stopped!
[2025-03-14T02:27:23.201+0000] {ssh.py:526} INFO - 25/03/14 02:27:22 INFO SparkContext: Successfully stopped SparkContext
[2025-03-14T02:27:23.201+0000] {ssh.py:526} INFO - 25/03/14 02:27:23 INFO ShutdownHookManager: Shutdown hook called
[2025-03-14T02:27:23.201+0000] {ssh.py:526} INFO - 25/03/14 02:27:23 INFO ShutdownHookManager: Deleting directory /tmp/spark-6ffd618f-6b49-4e14-b229-606f43e03113
[2025-03-14T02:27:23.201+0000] {ssh.py:526} INFO - 25/03/14 02:27:23 INFO ShutdownHookManager: Deleting directory /tmp/spark-77c6ff17-25e1-4095-ba04-a71a73611078/pyspark-176a838e-f0cb-4039-87ad-eaeea40eb21f
[2025-03-14T02:27:23.201+0000] {ssh.py:526} INFO - 25/03/14 02:27:23 INFO ShutdownHookManager: Deleting directory /tmp/spark-77c6ff17-25e1-4095-ba04-a71a73611078
[2025-03-14T02:27:23.201+0000] {ssh.py:526} INFO - 25/03/14 02:27:23 INFO MetricsSystemImpl: Stopping s3a-file-system metrics system...
[2025-03-14T02:27:23.202+0000] {ssh.py:526} INFO - 25/03/14 02:27:23 INFO MetricsSystemImpl: s3a-file-system metrics system stopped.
[2025-03-14T02:27:23.202+0000] {ssh.py:526} INFO - 25/03/14 02:27:23 INFO MetricsSystemImpl: s3a-file-system metrics system shutdown complete.
[2025-03-14T02:27:23.202+0000] {ssh.py:526} INFO - === Spark Job Log End ===
[2025-03-14T02:27:23.202+0000] {ssh.py:526} INFO - Spark Job Succeeded!
[2025-03-14T02:27:23.223+0000] {taskinstance.py:441} INFO - ::group::Post task execution logs
[2025-03-14T02:27:23.268+0000] {taskinstance.py:1206} INFO - Marking task as SUCCESS. dag_id=match_info_spark_processing_dag, task_id=submit_spark_via_ssh, run_id=manual__2025-03-14T02:26:50.581937+00:00, execution_date=20250314T022650, start_date=20250314T022653, end_date=20250314T022723
[2025-03-14T02:27:23.323+0000] {local_task_job_runner.py:240} INFO - Task exited with return code 0
[2025-03-14T02:27:23.366+0000] {taskinstance.py:3498} INFO - 1 downstream tasks scheduled from follow-on schedule check
[2025-03-14T02:27:23.371+0000] {local_task_job_runner.py:222} INFO - ::endgroup::
