[2025-03-14T07:31:38.572+0000] {local_task_job_runner.py:120} INFO - ::group::Pre task execution logs
[2025-03-14T07:31:38.620+0000] {taskinstance.py:2076} INFO - Dependencies all met for dep_context=non-requeueable deps ti=<TaskInstance: daily_ranking_info_update.load_ranking_info_to_redshift manual__2025-03-14T07:26:38.463349+00:00 [queued]>
[2025-03-14T07:31:38.636+0000] {taskinstance.py:2076} INFO - Dependencies all met for dep_context=requeueable deps ti=<TaskInstance: daily_ranking_info_update.load_ranking_info_to_redshift manual__2025-03-14T07:26:38.463349+00:00 [queued]>
[2025-03-14T07:31:38.637+0000] {taskinstance.py:2306} INFO - Starting attempt 3 of 4
[2025-03-14T07:31:38.661+0000] {taskinstance.py:2330} INFO - Executing <Task(S3ToRedshiftOperator): load_ranking_info_to_redshift> on 2025-03-14 07:26:38.463349+00:00
[2025-03-14T07:31:38.669+0000] {standard_task_runner.py:63} INFO - Started process 27978 to run task
[2025-03-14T07:31:38.675+0000] {standard_task_runner.py:90} INFO - Running: ['***', 'tasks', 'run', 'daily_ranking_info_update', 'load_ranking_info_to_redshift', 'manual__2025-03-14T07:26:38.463349+00:00', '--job-id', '192', '--raw', '--subdir', 'DAGS_FOLDER/ranking_info_to_redshift.py', '--cfg-path', '/tmp/tmpd651tg0u']
[2025-03-14T07:31:38.679+0000] {standard_task_runner.py:91} INFO - Job 192: Subtask load_ranking_info_to_redshift
[2025-03-14T07:31:38.871+0000] {task_command.py:426} INFO - Running <TaskInstance: daily_ranking_info_update.load_ranking_info_to_redshift manual__2025-03-14T07:26:38.463349+00:00 [running]> on host a0d797a25898
[2025-03-14T07:31:39.201+0000] {taskinstance.py:2648} INFO - Exporting env vars: AIRFLOW_CTX_DAG_OWNER='***' AIRFLOW_CTX_DAG_ID='daily_ranking_info_update' AIRFLOW_CTX_TASK_ID='load_ranking_info_to_redshift' AIRFLOW_CTX_EXECUTION_DATE='2025-03-14T07:26:38.463349+00:00' AIRFLOW_CTX_TRY_NUMBER='3' AIRFLOW_CTX_DAG_RUN_ID='manual__2025-03-14T07:26:38.463349+00:00'
[2025-03-14T07:31:39.202+0000] {taskinstance.py:430} INFO - ::endgroup::
[2025-03-14T07:31:39.315+0000] {base.py:84} INFO - Using connection ID 's3_conn_team' for task execution.
[2025-03-14T07:31:39.346+0000] {base.py:84} INFO - Using connection ID 's3_conn_team' for task execution.
[2025-03-14T07:31:39.347+0000] {connection_wrapper.py:384} INFO - AWS Connection (conn_id='s3_conn_team', conn_type='aws') credentials retrieved from login and password.
[2025-03-14T07:31:39.378+0000] {s3_to_redshift.py:193} INFO - Executing COPY command...
[2025-03-14T07:31:39.403+0000] {base.py:84} INFO - Using connection ID 'redshift_conn_team' for task execution.
[2025-03-14T07:31:39.885+0000] {sql.py:470} INFO - Running statement: BEGIN;, parameters: None
[2025-03-14T07:31:39.890+0000] {sql.py:470} INFO - Running statement: DELETE FROM analytics.ranking_info;, parameters: None
[2025-03-14T07:31:39.935+0000] {sql.py:479} INFO - Rows affected: 0
[2025-03-14T07:31:39.936+0000] {sql.py:470} INFO - Running statement: 
                    COPY analytics.ranking_info 
                    FROM 's3://de5-finalproj-team2/analytics/ranking_info/2025-03-14/'
                    credentials
                    'aws_access_key_id=AKIA4RRVVY55RK5T7HCV;aws_secret_access_key=***'
                    
                    FORMAT AS PARQUET;
        , parameters: None
[2025-03-14T07:31:46.482+0000] {sql.py:470} INFO - Running statement: COMMIT, parameters: None
[2025-03-14T07:31:46.555+0000] {s3_to_redshift.py:198} INFO - COPY command complete...
[2025-03-14T07:31:46.556+0000] {taskinstance.py:441} INFO - ::group::Post task execution logs
[2025-03-14T07:31:46.591+0000] {taskinstance.py:1206} INFO - Marking task as SUCCESS. dag_id=daily_ranking_info_update, task_id=load_ranking_info_to_redshift, run_id=manual__2025-03-14T07:26:38.463349+00:00, execution_date=20250314T072638, start_date=20250314T073138, end_date=20250314T073146
[2025-03-14T07:31:46.648+0000] {local_task_job_runner.py:240} INFO - Task exited with return code 0
[2025-03-14T07:31:46.686+0000] {taskinstance.py:3498} INFO - 0 downstream tasks scheduled from follow-on schedule check
[2025-03-14T07:31:46.690+0000] {local_task_job_runner.py:222} INFO - ::endgroup::
