[2025-03-12T11:48:02.300+0000] {local_task_job_runner.py:120} INFO - ::group::Pre task execution logs
[2025-03-12T11:48:02.350+0000] {taskinstance.py:2076} INFO - Dependencies all met for dep_context=non-requeueable deps ti=<TaskInstance: team_color_to_parquet_dag.submit_spark_via_ssh manual__2025-03-12T11:48:01.163607+00:00 [queued]>
[2025-03-12T11:48:02.372+0000] {taskinstance.py:2076} INFO - Dependencies all met for dep_context=requeueable deps ti=<TaskInstance: team_color_to_parquet_dag.submit_spark_via_ssh manual__2025-03-12T11:48:01.163607+00:00 [queued]>
[2025-03-12T11:48:02.373+0000] {taskinstance.py:2306} INFO - Starting attempt 1 of 2
[2025-03-12T11:48:02.406+0000] {taskinstance.py:2330} INFO - Executing <Task(SSHOperator): submit_spark_via_ssh> on 2025-03-12 11:48:01.163607+00:00
[2025-03-12T11:48:02.416+0000] {standard_task_runner.py:63} INFO - Started process 30130 to run task
[2025-03-12T11:48:02.425+0000] {standard_task_runner.py:90} INFO - Running: ['***', 'tasks', 'run', 'team_color_to_parquet_dag', 'submit_spark_via_ssh', 'manual__2025-03-12T11:48:01.163607+00:00', '--job-id', '96', '--raw', '--subdir', 'DAGS_FOLDER/team_color_to_parquet_dag.py', '--cfg-path', '/tmp/tmpzto5xi1l']
[2025-03-12T11:48:02.430+0000] {standard_task_runner.py:91} INFO - Job 96: Subtask submit_spark_via_ssh
[2025-03-12T11:48:02.554+0000] {task_command.py:426} INFO - Running <TaskInstance: team_color_to_parquet_dag.submit_spark_via_ssh manual__2025-03-12T11:48:01.163607+00:00 [running]> on host a0d797a25898
[2025-03-12T11:48:02.702+0000] {taskinstance.py:2648} INFO - Exporting env vars: AIRFLOW_CTX_DAG_OWNER='***' AIRFLOW_CTX_DAG_ID='team_color_to_parquet_dag' AIRFLOW_CTX_TASK_ID='submit_spark_via_ssh' AIRFLOW_CTX_EXECUTION_DATE='2025-03-12T11:48:01.163607+00:00' AIRFLOW_CTX_TRY_NUMBER='1' AIRFLOW_CTX_DAG_RUN_ID='manual__2025-03-12T11:48:01.163607+00:00'
[2025-03-12T11:48:02.704+0000] {taskinstance.py:430} INFO - ::endgroup::
[2025-03-12T11:48:02.729+0000] {ssh.py:151} INFO - Creating ssh_client
[2025-03-12T11:48:02.730+0000] {ssh.py:124} INFO - ssh_hook is not provided or invalid. Trying ssh_conn_id to create SSHHook.
[2025-03-12T11:48:02.761+0000] {base.py:84} INFO - Using connection ID 'spark_ssh_conn' for task execution.
[2025-03-12T11:48:02.762+0000] {ssh.py:301} WARNING - No Host Key Verification. This won't protect against Man-In-The-Middle attacks
[2025-03-12T11:48:02.769+0000] {transport.py:1909} INFO - Connected (version 2.0, client OpenSSH_9.6p1)
[2025-03-12T11:48:02.873+0000] {transport.py:1909} INFO - Authentication (publickey) successful!
[2025-03-12T11:48:02.874+0000] {ssh.py:480} INFO - Running command: 
    set -e
    echo "Starting Spark Job for Team Color Info on { data_interval_end | ds }"
    /spark-3.5.3/bin/spark-submit /home/ubuntu/spark_scripts/team_color_to_parquet.py { data_interval_end | ds }
    exit_code=$?

    if [ $exit_code -ne 0 ]; then
        echo "Spark Job Failed! Check logs."
        exit 1
    else
        echo "Spark Job Succeeded!"
    fi
    
[2025-03-12T11:48:03.324+0000] {ssh.py:526} INFO - Starting Spark Job for Team Color Info on { data_interval_end | ds }
[2025-03-12T11:48:03.325+0000] {ssh.py:531} WARNING - bash: line 4: ds: command not found
[2025-03-12T11:48:07.205+0000] {ssh.py:531} WARNING - 25/03/12 11:48:07 INFO SparkContext: Running Spark version 3.5.3
[2025-03-12T11:48:07.207+0000] {ssh.py:531} WARNING - 25/03/12 11:48:07 INFO SparkContext: OS info Linux, 6.8.0-1024-aws, amd64
[2025-03-12T11:48:07.208+0000] {ssh.py:531} WARNING - 25/03/12 11:48:07 INFO SparkContext: Java version 11.0.26
[2025-03-12T11:48:07.323+0000] {ssh.py:531} WARNING - 25/03/12 11:48:07 WARN NativeCodeLoader: Unable to load native-hadoop library for your platform... using builtin-java classes where applicable
[2025-03-12T11:48:07.488+0000] {ssh.py:531} WARNING - 25/03/12 11:48:07 INFO ResourceUtils: ==============================================================
[2025-03-12T11:48:07.489+0000] {ssh.py:531} WARNING - 25/03/12 11:48:07 INFO ResourceUtils: No custom resources configured for spark.driver.
[2025-03-12T11:48:07.489+0000] {ssh.py:531} WARNING - 25/03/12 11:48:07 INFO ResourceUtils: ==============================================================
[2025-03-12T11:48:07.490+0000] {ssh.py:531} WARNING - 25/03/12 11:48:07 INFO SparkContext: Submitted application: Extract_Team_Color_Info
[2025-03-12T11:48:07.533+0000] {ssh.py:531} WARNING - 25/03/12 11:48:07 INFO ResourceProfile: Default ResourceProfile created, executor resources: Map(cores -> name: cores, amount: 1, script: , vendor: , memory -> name: memory, amount: 1024, script: , vendor: , offHeap -> name: offHeap, amount: 0, script: , vendor: ), task resources: Map(cpus -> name: cpus, amount: 1.0)
[2025-03-12T11:48:07.552+0000] {ssh.py:531} WARNING - 25/03/12 11:48:07 INFO ResourceProfile: Limiting resource is cpus at 1 tasks per executor
[2025-03-12T11:48:07.554+0000] {ssh.py:531} WARNING - 25/03/12 11:48:07 INFO ResourceProfileManager: Added ResourceProfile id: 0
[2025-03-12T11:48:07.625+0000] {ssh.py:531} WARNING - 25/03/12 11:48:07 INFO SecurityManager: Changing view acls to: ubuntu
[2025-03-12T11:48:07.626+0000] {ssh.py:531} WARNING - 25/03/12 11:48:07 INFO SecurityManager: Changing modify acls to: ubuntu
[2025-03-12T11:48:07.627+0000] {ssh.py:531} WARNING - 25/03/12 11:48:07 INFO SecurityManager: Changing view acls groups to: 
[2025-03-12T11:48:07.628+0000] {ssh.py:531} WARNING - 25/03/12 11:48:07 INFO SecurityManager: Changing modify acls groups to: 
[2025-03-12T11:48:07.628+0000] {ssh.py:531} WARNING - 25/03/12 11:48:07 INFO SecurityManager: SecurityManager: authentication disabled; ui acls disabled; users with view permissions: ubuntu; groups with view permissions: EMPTY; users with modify permissions: ubuntu; groups with modify permissions: EMPTY
[2025-03-12T11:48:07.993+0000] {ssh.py:531} WARNING - 25/03/12 11:48:07 INFO Utils: Successfully started service 'sparkDriver' on port 33757.
[2025-03-12T11:48:08.043+0000] {ssh.py:531} WARNING - 25/03/12 11:48:08 INFO SparkEnv: Registering MapOutputTracker
[2025-03-12T11:48:08.094+0000] {ssh.py:531} WARNING - 25/03/12 11:48:08 INFO SparkEnv: Registering BlockManagerMaster
[2025-03-12T11:48:08.123+0000] {ssh.py:531} WARNING - 25/03/12 11:48:08 INFO BlockManagerMasterEndpoint: Using org.apache.spark.storage.DefaultTopologyMapper for getting topology information
[2025-03-12T11:48:08.124+0000] {ssh.py:531} WARNING - 25/03/12 11:48:08 INFO BlockManagerMasterEndpoint: BlockManagerMasterEndpoint up
[2025-03-12T11:48:08.128+0000] {ssh.py:531} WARNING - 25/03/12 11:48:08 INFO SparkEnv: Registering BlockManagerMasterHeartbeat
[2025-03-12T11:48:08.169+0000] {ssh.py:531} WARNING - 25/03/12 11:48:08 INFO DiskBlockManager: Created local directory at /tmp/blockmgr-44cd6d11-2b25-472f-aaa0-3ca2601e72c0
[2025-03-12T11:48:08.205+0000] {ssh.py:531} WARNING - 25/03/12 11:48:08 INFO MemoryStore: MemoryStore started with capacity 434.4 MiB
[2025-03-12T11:48:08.229+0000] {ssh.py:531} WARNING - 25/03/12 11:48:08 INFO SparkEnv: Registering OutputCommitCoordinator
[2025-03-12T11:48:08.430+0000] {ssh.py:531} WARNING - 25/03/12 11:48:08 INFO JettyUtils: Start Jetty 0.0.0.0:4040 for SparkUI
[2025-03-12T11:48:08.511+0000] {ssh.py:531} WARNING - 25/03/12 11:48:08 INFO Utils: Successfully started service 'SparkUI' on port 4040.
[2025-03-12T11:48:08.649+0000] {ssh.py:531} WARNING - 25/03/12 11:48:08 INFO Executor: Starting executor ID driver on host ip-172-31-12-182.ap-northeast-2.compute.internal
[2025-03-12T11:48:08.650+0000] {ssh.py:531} WARNING - 25/03/12 11:48:08 INFO Executor: OS info Linux, 6.8.0-1024-aws, amd64
[2025-03-12T11:48:08.650+0000] {ssh.py:531} WARNING - 25/03/12 11:48:08 INFO Executor: Java version 11.0.26
[2025-03-12T11:48:08.658+0000] {ssh.py:531} WARNING - 25/03/12 11:48:08 INFO Executor: Starting executor with user classpath (userClassPathFirst = false): ''
[2025-03-12T11:48:08.659+0000] {ssh.py:531} WARNING - 25/03/12 11:48:08 INFO Executor: Created or updated repl class loader org.apache.spark.util.MutableURLClassLoader@49bb4fe6 for default.
[2025-03-12T11:48:08.686+0000] {ssh.py:531} WARNING - 25/03/12 11:48:08 INFO Utils: Successfully started service 'org.apache.spark.network.netty.NettyBlockTransferService' on port 34693.
[2025-03-12T11:48:08.687+0000] {ssh.py:531} WARNING - 25/03/12 11:48:08 INFO NettyBlockTransferService: Server created on 0.0.0.0:34693
[2025-03-12T11:48:08.687+0000] {ssh.py:531} WARNING - 25/03/12 11:48:08 INFO BlockManager: Using org.apache.spark.storage.RandomBlockReplicationPolicy for block replication policy
[2025-03-12T11:48:08.695+0000] {ssh.py:531} WARNING - 25/03/12 11:48:08 INFO BlockManagerMaster: Registering BlockManager BlockManagerId(driver, 0.0.0.0, 34693, None)
[2025-03-12T11:48:08.700+0000] {ssh.py:531} WARNING - 25/03/12 11:48:08 INFO BlockManagerMasterEndpoint: Registering block manager 0.0.0.0:34693 with 434.4 MiB RAM, BlockManagerId(driver, 0.0.0.0, 34693, None)
[2025-03-12T11:48:08.703+0000] {ssh.py:531} WARNING - 25/03/12 11:48:08 INFO BlockManagerMaster: Registered BlockManager BlockManagerId(driver, 0.0.0.0, 34693, None)
[2025-03-12T11:48:08.704+0000] {ssh.py:531} WARNING - 25/03/12 11:48:08 INFO BlockManager: Initialized BlockManager: BlockManagerId(driver, 0.0.0.0, 34693, None)
[2025-03-12T11:48:09.272+0000] {ssh.py:531} WARNING - 25/03/12 11:48:09 INFO SharedState: Setting hive.metastore.warehouse.dir ('null') to the value of spark.sql.warehouse.dir.
[2025-03-12T11:48:09.283+0000] {ssh.py:531} WARNING - 25/03/12 11:48:09 INFO SharedState: Warehouse path is 'file:/home/ubuntu/spark-warehouse'.
[2025-03-12T11:48:10.364+0000] {ssh.py:531} WARNING - 25/03/12 11:48:10 WARN MetricsConfig: Cannot locate configuration: tried hadoop-metrics2-s3a-file-system.properties,hadoop-metrics2.properties
[2025-03-12T11:48:10.392+0000] {ssh.py:531} WARNING - 25/03/12 11:48:10 INFO MetricsSystemImpl: Scheduled Metric snapshot period at 10 second(s).
[2025-03-12T11:48:10.392+0000] {ssh.py:531} WARNING - 25/03/12 11:48:10 INFO MetricsSystemImpl: s3a-file-system metrics system started
[2025-03-12T11:48:12.200+0000] {ssh.py:531} WARNING - 25/03/12 11:48:12 INFO InMemoryFileIndex: It took 142 ms to list leaf files for 1 paths.
[2025-03-12T11:48:12.368+0000] {ssh.py:531} WARNING - 25/03/12 11:48:12 INFO InMemoryFileIndex: It took 49 ms to list leaf files for 1 paths.
[2025-03-12T11:48:16.139+0000] {ssh.py:531} WARNING - 25/03/12 11:48:16 INFO FileSourceStrategy: Pushed Filters: 
[2025-03-12T11:48:16.143+0000] {ssh.py:531} WARNING - 25/03/12 11:48:16 INFO FileSourceStrategy: Post-Scan Filters: (length(trim(value#0, None)) > 0)
[2025-03-12T11:48:17.013+0000] {ssh.py:531} WARNING - 25/03/12 11:48:17 INFO CodeGenerator: Code generated in 294.839205 ms
[2025-03-12T11:48:17.074+0000] {ssh.py:531} WARNING - 25/03/12 11:48:17 INFO MemoryStore: Block broadcast_0 stored as values in memory (estimated size 201.2 KiB, free 434.2 MiB)
[2025-03-12T11:48:17.170+0000] {ssh.py:531} WARNING - 25/03/12 11:48:17 INFO MemoryStore: Block broadcast_0_piece0 stored as bytes in memory (estimated size 34.8 KiB, free 434.2 MiB)
[2025-03-12T11:48:17.176+0000] {ssh.py:531} WARNING - 25/03/12 11:48:17 INFO BlockManagerInfo: Added broadcast_0_piece0 in memory on 0.0.0.0:34693 (size: 34.8 KiB, free: 434.4 MiB)
[2025-03-12T11:48:17.183+0000] {ssh.py:531} WARNING - 25/03/12 11:48:17 INFO SparkContext: Created broadcast 0 from csv at NativeMethodAccessorImpl.java:0
[2025-03-12T11:48:17.199+0000] {ssh.py:531} WARNING - 25/03/12 11:48:17 INFO FileSourceScanExec: Planning scan with bin packing, max size: 4194304 bytes, open cost is considered as scanning 4194304 bytes.
[2025-03-12T11:48:17.397+0000] {ssh.py:531} WARNING - 25/03/12 11:48:17 INFO SparkContext: Starting job: csv at NativeMethodAccessorImpl.java:0
[2025-03-12T11:48:17.440+0000] {ssh.py:531} WARNING - 25/03/12 11:48:17 INFO DAGScheduler: Got job 0 (csv at NativeMethodAccessorImpl.java:0) with 1 output partitions
[2025-03-12T11:48:17.441+0000] {ssh.py:531} WARNING - 25/03/12 11:48:17 INFO DAGScheduler: Final stage: ResultStage 0 (csv at NativeMethodAccessorImpl.java:0)
[2025-03-12T11:48:17.442+0000] {ssh.py:531} WARNING - 25/03/12 11:48:17 INFO DAGScheduler: Parents of final stage: List()
[2025-03-12T11:48:17.447+0000] {ssh.py:531} WARNING - 25/03/12 11:48:17 INFO DAGScheduler: Missing parents: List()
[2025-03-12T11:48:17.452+0000] {ssh.py:531} WARNING - 25/03/12 11:48:17 INFO DAGScheduler: Submitting ResultStage 0 (MapPartitionsRDD[3] at csv at NativeMethodAccessorImpl.java:0), which has no missing parents
[2025-03-12T11:48:17.602+0000] {ssh.py:531} WARNING - 25/03/12 11:48:17 INFO MemoryStore: Block broadcast_1 stored as values in memory (estimated size 13.5 KiB, free 434.2 MiB)
[2025-03-12T11:48:17.605+0000] {ssh.py:531} WARNING - 25/03/12 11:48:17 INFO MemoryStore: Block broadcast_1_piece0 stored as bytes in memory (estimated size 6.4 KiB, free 434.2 MiB)
[2025-03-12T11:48:17.606+0000] {ssh.py:531} WARNING - 25/03/12 11:48:17 INFO BlockManagerInfo: Added broadcast_1_piece0 in memory on 0.0.0.0:34693 (size: 6.4 KiB, free: 434.4 MiB)
[2025-03-12T11:48:17.609+0000] {ssh.py:531} WARNING - 25/03/12 11:48:17 INFO SparkContext: Created broadcast 1 from broadcast at DAGScheduler.scala:1585
[2025-03-12T11:48:17.665+0000] {ssh.py:531} WARNING - 25/03/12 11:48:17 INFO DAGScheduler: Submitting 1 missing tasks from ResultStage 0 (MapPartitionsRDD[3] at csv at NativeMethodAccessorImpl.java:0) (first 15 tasks are for partitions Vector(0))
[2025-03-12T11:48:17.667+0000] {ssh.py:531} WARNING - 25/03/12 11:48:17 INFO TaskSchedulerImpl: Adding task set 0.0 with 1 tasks resource profile 0
[2025-03-12T11:48:17.735+0000] {ssh.py:531} WARNING - 25/03/12 11:48:17 INFO TaskSetManager: Starting task 0.0 in stage 0.0 (TID 0) (ip-172-31-12-182.ap-northeast-2.compute.internal, executor driver, partition 0, PROCESS_LOCAL, 9640 bytes) 
[2025-03-12T11:48:17.770+0000] {ssh.py:531} WARNING - 25/03/12 11:48:17 INFO Executor: Running task 0.0 in stage 0.0 (TID 0)
[2025-03-12T11:48:17.964+0000] {ssh.py:531} WARNING - 25/03/12 11:48:17 INFO CodeGenerator: Code generated in 21.719901 ms
[2025-03-12T11:48:17.970+0000] {ssh.py:531} WARNING - 25/03/12 11:48:17 INFO FileScanRDD: Reading File path: s3a://de5-finalproj-team2/crawl/2025-03-12/crawl_result_processed_20250312.csv, range: 0-1153085, partition values: [empty row]
[2025-03-12T11:48:17.992+0000] {ssh.py:531} WARNING - 25/03/12 11:48:17 INFO CodeGenerator: Code generated in 15.808194 ms
[2025-03-12T11:48:18.143+0000] {ssh.py:531} WARNING - 25/03/12 11:48:18 INFO LineRecordReader: Found UTF-8 BOM and skipped it
[2025-03-12T11:48:18.181+0000] {ssh.py:531} WARNING - 25/03/12 11:48:18 INFO Executor: Finished task 0.0 in stage 0.0 (TID 0). 1713 bytes result sent to driver
[2025-03-12T11:48:18.194+0000] {ssh.py:531} WARNING - 25/03/12 11:48:18 INFO TaskSetManager: Finished task 0.0 in stage 0.0 (TID 0) in 478 ms on ip-172-31-12-182.ap-northeast-2.compute.internal (executor driver) (1/1)
[2025-03-12T11:48:18.197+0000] {ssh.py:531} WARNING - 25/03/12 11:48:18 INFO TaskSchedulerImpl: Removed TaskSet 0.0, whose tasks have all completed, from pool 
[2025-03-12T11:48:18.205+0000] {ssh.py:531} WARNING - 25/03/12 11:48:18 INFO DAGScheduler: ResultStage 0 (csv at NativeMethodAccessorImpl.java:0) finished in 0.720 s
[2025-03-12T11:48:18.208+0000] {ssh.py:531} WARNING - 25/03/12 11:48:18 INFO DAGScheduler: Job 0 is finished. Cancelling potential speculative or zombie tasks for this job
[2025-03-12T11:48:18.208+0000] {ssh.py:531} WARNING - 25/03/12 11:48:18 INFO TaskSchedulerImpl: Killing all running tasks in stage 0: Stage finished
[2025-03-12T11:48:18.212+0000] {ssh.py:531} WARNING - 25/03/12 11:48:18 INFO DAGScheduler: Job 0 finished: csv at NativeMethodAccessorImpl.java:0, took 0.814538 s
[2025-03-12T11:48:18.249+0000] {ssh.py:531} WARNING - 25/03/12 11:48:18 INFO CodeGenerator: Code generated in 13.013248 ms
[2025-03-12T11:48:18.383+0000] {ssh.py:531} WARNING - 25/03/12 11:48:18 INFO BlockManagerInfo: Removed broadcast_1_piece0 on 0.0.0.0:34693 in memory (size: 6.4 KiB, free: 434.4 MiB)
[2025-03-12T11:48:18.445+0000] {ssh.py:531} WARNING - 25/03/12 11:48:18 INFO FileSourceStrategy: Pushed Filters: 
[2025-03-12T11:48:18.446+0000] {ssh.py:531} WARNING - 25/03/12 11:48:18 INFO FileSourceStrategy: Post-Scan Filters: 
[2025-03-12T11:48:18.463+0000] {ssh.py:531} WARNING - 25/03/12 11:48:18 INFO MemoryStore: Block broadcast_2 stored as values in memory (estimated size 201.2 KiB, free 434.0 MiB)
[2025-03-12T11:48:18.490+0000] {ssh.py:531} WARNING - 25/03/12 11:48:18 INFO MemoryStore: Block broadcast_2_piece0 stored as bytes in memory (estimated size 34.8 KiB, free 433.9 MiB)
[2025-03-12T11:48:18.491+0000] {ssh.py:531} WARNING - 25/03/12 11:48:18 INFO BlockManagerInfo: Added broadcast_2_piece0 in memory on 0.0.0.0:34693 (size: 34.8 KiB, free: 434.3 MiB)
[2025-03-12T11:48:18.495+0000] {ssh.py:531} WARNING - 25/03/12 11:48:18 INFO SparkContext: Created broadcast 2 from csv at NativeMethodAccessorImpl.java:0
[2025-03-12T11:48:18.499+0000] {ssh.py:531} WARNING - 25/03/12 11:48:18 INFO FileSourceScanExec: Planning scan with bin packing, max size: 4194304 bytes, open cost is considered as scanning 4194304 bytes.
[2025-03-12T11:48:19.077+0000] {ssh.py:531} WARNING - 25/03/12 11:48:19 INFO FileSourceStrategy: Pushed Filters: 
[2025-03-12T11:48:19.078+0000] {ssh.py:531} WARNING - 25/03/12 11:48:19 INFO FileSourceStrategy: Post-Scan Filters: 
[2025-03-12T11:48:19.587+0000] {ssh.py:531} WARNING - 25/03/12 11:48:19 INFO ParquetUtils: Using default output committer for Parquet: org.apache.parquet.hadoop.ParquetOutputCommitter
[2025-03-12T11:48:19.606+0000] {ssh.py:531} WARNING - 25/03/12 11:48:19 INFO FileOutputCommitter: File Output Committer Algorithm version is 1
[2025-03-12T11:48:19.607+0000] {ssh.py:531} WARNING - 25/03/12 11:48:19 INFO FileOutputCommitter: FileOutputCommitter skip cleanup _temporary folders under output directory:false, ignore cleanup failures: false
[2025-03-12T11:48:19.607+0000] {ssh.py:531} WARNING - 25/03/12 11:48:19 INFO SQLHadoopMapReduceCommitProtocol: Using user defined output committer class org.apache.parquet.hadoop.ParquetOutputCommitter
[2025-03-12T11:48:19.608+0000] {ssh.py:531} WARNING - 25/03/12 11:48:19 INFO FileOutputCommitter: File Output Committer Algorithm version is 1
[2025-03-12T11:48:19.608+0000] {ssh.py:531} WARNING - 25/03/12 11:48:19 INFO FileOutputCommitter: FileOutputCommitter skip cleanup _temporary folders under output directory:false, ignore cleanup failures: false
[2025-03-12T11:48:19.608+0000] {ssh.py:531} WARNING - 25/03/12 11:48:19 INFO SQLHadoopMapReduceCommitProtocol: Using output committer class org.apache.parquet.hadoop.ParquetOutputCommitter
[2025-03-12T11:48:19.962+0000] {ssh.py:531} WARNING - 25/03/12 11:48:19 INFO CodeGenerator: Code generated in 54.567698 ms
[2025-03-12T11:48:19.968+0000] {ssh.py:531} WARNING - 25/03/12 11:48:19 INFO MemoryStore: Block broadcast_3 stored as values in memory (estimated size 201.1 KiB, free 433.7 MiB)
[2025-03-12T11:48:19.985+0000] {ssh.py:531} WARNING - 25/03/12 11:48:19 INFO MemoryStore: Block broadcast_3_piece0 stored as bytes in memory (estimated size 34.8 KiB, free 433.7 MiB)
[2025-03-12T11:48:19.986+0000] {ssh.py:531} WARNING - 25/03/12 11:48:19 INFO BlockManagerInfo: Added broadcast_3_piece0 in memory on 0.0.0.0:34693 (size: 34.8 KiB, free: 434.3 MiB)
[2025-03-12T11:48:19.987+0000] {ssh.py:531} WARNING - 25/03/12 11:48:19 INFO SparkContext: Created broadcast 3 from parquet at NativeMethodAccessorImpl.java:0
[2025-03-12T11:48:19.994+0000] {ssh.py:531} WARNING - 25/03/12 11:48:19 INFO FileSourceScanExec: Planning scan with bin packing, max size: 4194304 bytes, open cost is considered as scanning 4194304 bytes.
[2025-03-12T11:48:20.013+0000] {ssh.py:531} WARNING - 25/03/12 11:48:20 INFO SparkContext: Starting job: parquet at NativeMethodAccessorImpl.java:0
[2025-03-12T11:48:20.014+0000] {ssh.py:531} WARNING - 25/03/12 11:48:20 INFO DAGScheduler: Got job 1 (parquet at NativeMethodAccessorImpl.java:0) with 1 output partitions
[2025-03-12T11:48:20.017+0000] {ssh.py:531} WARNING - 25/03/12 11:48:20 INFO DAGScheduler: Final stage: ResultStage 1 (parquet at NativeMethodAccessorImpl.java:0)
[2025-03-12T11:48:20.017+0000] {ssh.py:531} WARNING - 25/03/12 11:48:20 INFO DAGScheduler: Parents of final stage: List()
[2025-03-12T11:48:20.018+0000] {ssh.py:531} WARNING - 25/03/12 11:48:20 INFO DAGScheduler: Missing parents: List()
[2025-03-12T11:48:20.018+0000] {ssh.py:531} WARNING - 25/03/12 11:48:20 INFO DAGScheduler: Submitting ResultStage 1 (MapPartitionsRDD[13] at parquet at NativeMethodAccessorImpl.java:0), which has no missing parents
[2025-03-12T11:48:20.060+0000] {ssh.py:531} WARNING - 25/03/12 11:48:20 INFO MemoryStore: Block broadcast_4 stored as values in memory (estimated size 222.3 KiB, free 433.5 MiB)
[2025-03-12T11:48:20.091+0000] {ssh.py:531} WARNING - 25/03/12 11:48:20 INFO MemoryStore: Block broadcast_4_piece0 stored as bytes in memory (estimated size 80.4 KiB, free 433.4 MiB)
[2025-03-12T11:48:20.091+0000] {ssh.py:531} WARNING - 25/03/12 11:48:20 INFO BlockManagerInfo: Added broadcast_4_piece0 in memory on 0.0.0.0:34693 (size: 80.4 KiB, free: 434.2 MiB)
[2025-03-12T11:48:20.092+0000] {ssh.py:531} WARNING - 25/03/12 11:48:20 INFO SparkContext: Created broadcast 4 from broadcast at DAGScheduler.scala:1585
[2025-03-12T11:48:20.093+0000] {ssh.py:531} WARNING - 25/03/12 11:48:20 INFO DAGScheduler: Submitting 1 missing tasks from ResultStage 1 (MapPartitionsRDD[13] at parquet at NativeMethodAccessorImpl.java:0) (first 15 tasks are for partitions Vector(0))
[2025-03-12T11:48:20.096+0000] {ssh.py:531} WARNING - 25/03/12 11:48:20 INFO TaskSchedulerImpl: Adding task set 1.0 with 1 tasks resource profile 0
[2025-03-12T11:48:20.099+0000] {ssh.py:531} WARNING - 25/03/12 11:48:20 INFO BlockManagerInfo: Removed broadcast_0_piece0 on 0.0.0.0:34693 in memory (size: 34.8 KiB, free: 434.3 MiB)
[2025-03-12T11:48:20.100+0000] {ssh.py:531} WARNING - 25/03/12 11:48:20 INFO TaskSetManager: Starting task 0.0 in stage 1.0 (TID 1) (ip-172-31-12-182.ap-northeast-2.compute.internal, executor driver, partition 0, PROCESS_LOCAL, 9640 bytes) 
[2025-03-12T11:48:20.106+0000] {ssh.py:531} WARNING - 25/03/12 11:48:20 INFO Executor: Running task 0.0 in stage 1.0 (TID 1)
[2025-03-12T11:48:20.122+0000] {ssh.py:531} WARNING - 25/03/12 11:48:20 INFO BlockManagerInfo: Removed broadcast_2_piece0 on 0.0.0.0:34693 in memory (size: 34.8 KiB, free: 434.3 MiB)
[2025-03-12T11:48:20.280+0000] {ssh.py:531} WARNING - 25/03/12 11:48:20 INFO CodeGenerator: Code generated in 52.32066 ms
[2025-03-12T11:48:20.283+0000] {ssh.py:531} WARNING - 25/03/12 11:48:20 INFO FileOutputCommitter: File Output Committer Algorithm version is 1
[2025-03-12T11:48:20.284+0000] {ssh.py:531} WARNING - 25/03/12 11:48:20 INFO FileOutputCommitter: FileOutputCommitter skip cleanup _temporary folders under output directory:false, ignore cleanup failures: false
[2025-03-12T11:48:20.285+0000] {ssh.py:531} WARNING - 25/03/12 11:48:20 INFO SQLHadoopMapReduceCommitProtocol: Using user defined output committer class org.apache.parquet.hadoop.ParquetOutputCommitter
[2025-03-12T11:48:20.285+0000] {ssh.py:531} WARNING - 25/03/12 11:48:20 INFO FileOutputCommitter: File Output Committer Algorithm version is 1
[2025-03-12T11:48:20.285+0000] {ssh.py:531} WARNING - 25/03/12 11:48:20 INFO FileOutputCommitter: FileOutputCommitter skip cleanup _temporary folders under output directory:false, ignore cleanup failures: false
[2025-03-12T11:48:20.286+0000] {ssh.py:531} WARNING - 25/03/12 11:48:20 INFO SQLHadoopMapReduceCommitProtocol: Using output committer class org.apache.parquet.hadoop.ParquetOutputCommitter
[2025-03-12T11:48:20.293+0000] {ssh.py:531} WARNING - 25/03/12 11:48:20 INFO CodecConfig: Compression: SNAPPY
[2025-03-12T11:48:20.297+0000] {ssh.py:531} WARNING - 25/03/12 11:48:20 INFO CodecConfig: Compression: SNAPPY
[2025-03-12T11:48:20.321+0000] {ssh.py:531} WARNING - 25/03/12 11:48:20 INFO ParquetOutputFormat: ParquetRecordWriter [block size: 134217728b, row group padding size: 8388608b, validating: false]
[2025-03-12T11:48:20.358+0000] {ssh.py:531} WARNING - 25/03/12 11:48:20 INFO ParquetWriteSupport: Initialized Parquet WriteSupport with Catalyst schema:
[2025-03-12T11:48:20.358+0000] {ssh.py:531} WARNING - {
[2025-03-12T11:48:20.358+0000] {ssh.py:531} WARNING -   "type" : "struct",
[2025-03-12T11:48:20.358+0000] {ssh.py:531} WARNING -   "fields" : [ {
[2025-03-12T11:48:20.358+0000] {ssh.py:531} WARNING -     "name" : "gamer_nickname",
[2025-03-12T11:48:20.359+0000] {ssh.py:531} WARNING -     "type" : "string",
[2025-03-12T11:48:20.359+0000] {ssh.py:531} WARNING -     "nullable" : true,
[2025-03-12T11:48:20.359+0000] {ssh.py:531} WARNING -     "metadata" : { }
[2025-03-12T11:48:20.359+0000] {ssh.py:531} WARNING -   }, {
[2025-03-12T11:48:20.359+0000] {ssh.py:531} WARNING -     "name" : "team_color",
[2025-03-12T11:48:20.359+0000] {ssh.py:531} WARNING -     "type" : "string",
[2025-03-12T11:48:20.359+0000] {ssh.py:531} WARNING -     "nullable" : false,
[2025-03-12T11:48:20.360+0000] {ssh.py:531} WARNING -     "metadata" : { }
[2025-03-12T11:48:20.360+0000] {ssh.py:531} WARNING -   }, {
[2025-03-12T11:48:20.360+0000] {ssh.py:531} WARNING -     "name" : "team_count",
[2025-03-12T11:48:20.360+0000] {ssh.py:531} WARNING -     "type" : "integer",
[2025-03-12T11:48:20.360+0000] {ssh.py:531} WARNING -     "nullable" : true,
[2025-03-12T11:48:20.360+0000] {ssh.py:531} WARNING -     "metadata" : { }
[2025-03-12T11:48:20.360+0000] {ssh.py:531} WARNING -   }, {
[2025-03-12T11:48:20.361+0000] {ssh.py:531} WARNING -     "name" : "created_at",
[2025-03-12T11:48:20.361+0000] {ssh.py:531} WARNING -     "type" : "string",
[2025-03-12T11:48:20.361+0000] {ssh.py:531} WARNING -     "nullable" : false,
[2025-03-12T11:48:20.361+0000] {ssh.py:531} WARNING -     "metadata" : { }
[2025-03-12T11:48:20.361+0000] {ssh.py:531} WARNING -   } ]
[2025-03-12T11:48:20.361+0000] {ssh.py:531} WARNING - }
[2025-03-12T11:48:20.361+0000] {ssh.py:531} WARNING - and corresponding Parquet message type:
[2025-03-12T11:48:20.361+0000] {ssh.py:531} WARNING - message spark_schema {
[2025-03-12T11:48:20.361+0000] {ssh.py:531} WARNING -   optional binary gamer_nickname (STRING);
[2025-03-12T11:48:20.362+0000] {ssh.py:531} WARNING -   required binary team_color (STRING);
[2025-03-12T11:48:20.362+0000] {ssh.py:531} WARNING -   optional int32 team_count;
[2025-03-12T11:48:20.362+0000] {ssh.py:531} WARNING -   required binary created_at (STRING);
[2025-03-12T11:48:20.362+0000] {ssh.py:531} WARNING - }
[2025-03-12T11:48:20.362+0000] {ssh.py:531} WARNING - 
[2025-03-12T11:48:20.362+0000] {ssh.py:531} WARNING -        
[2025-03-12T11:48:20.490+0000] {ssh.py:531} WARNING - 25/03/12 11:48:20 INFO CodecPool: Got brand-new compressor [.snappy]
[2025-03-12T11:48:20.728+0000] {ssh.py:531} WARNING - 25/03/12 11:48:20 INFO FileScanRDD: Reading File path: s3a://de5-finalproj-team2/crawl/2025-03-12/crawl_result_processed_20250312.csv, range: 0-1153085, partition values: [empty row]
[2025-03-12T11:48:20.751+0000] {ssh.py:531} WARNING - 25/03/12 11:48:20 INFO CodeGenerator: Code generated in 18.545724 ms
[2025-03-12T11:48:20.833+0000] {ssh.py:531} WARNING - 25/03/12 11:48:20 INFO LineRecordReader: Found UTF-8 BOM and skipped it
[2025-03-12T11:48:22.890+0000] {ssh.py:531} WARNING - 25/03/12 11:48:22 INFO FileOutputCommitter: Saved output of task 'attempt_202503121148207206759527748186352_0001_m_000000_1' to s3a://de5-finalproj-team2/analytics/team_color_info/2025-03-12/team_color_info.parquet/_temporary/0/task_202503121148207206759527748186352_0001_m_000000
[2025-03-12T11:48:22.891+0000] {ssh.py:531} WARNING - 25/03/12 11:48:22 INFO SparkHadoopMapRedUtil: attempt_202503121148207206759527748186352_0001_m_000000_1: Committed. Elapsed time: 671 ms.
[2025-03-12T11:48:22.922+0000] {ssh.py:531} WARNING - 25/03/12 11:48:22 INFO Executor: Finished task 0.0 in stage 1.0 (TID 1). 2669 bytes result sent to driver
[2025-03-12T11:48:22.931+0000] {ssh.py:531} WARNING - 25/03/12 11:48:22 INFO TaskSetManager: Finished task 0.0 in stage 1.0 (TID 1) in 2829 ms on ip-172-31-12-182.ap-northeast-2.compute.internal (executor driver) (1/1)
[2025-03-12T11:48:22.932+0000] {ssh.py:531} WARNING - 25/03/12 11:48:22 INFO DAGScheduler: ResultStage 1 (parquet at NativeMethodAccessorImpl.java:0) finished in 2.912 s
[2025-03-12T11:48:22.933+0000] {ssh.py:531} WARNING - 25/03/12 11:48:22 INFO DAGScheduler: Job 1 is finished. Cancelling potential speculative or zombie tasks for this job
[2025-03-12T11:48:22.933+0000] {ssh.py:531} WARNING - 25/03/12 11:48:22 INFO TaskSchedulerImpl: Removed TaskSet 1.0, whose tasks have all completed, from pool 
[2025-03-12T11:48:22.933+0000] {ssh.py:531} WARNING - 25/03/12 11:48:22 INFO TaskSchedulerImpl: Killing all running tasks in stage 1: Stage finished
[2025-03-12T11:48:22.937+0000] {ssh.py:531} WARNING - 25/03/12 11:48:22 INFO DAGScheduler: Job 1 finished: parquet at NativeMethodAccessorImpl.java:0, took 2.921753 s
[2025-03-12T11:48:22.943+0000] {ssh.py:531} WARNING - 25/03/12 11:48:22 INFO FileFormatWriter: Start to commit write Job 7c00227c-b0ae-4256-be17-17557c85c245.
[2025-03-12T11:48:23.837+0000] {ssh.py:531} WARNING - 25/03/12 11:48:23 INFO FileFormatWriter: Write Job 7c00227c-b0ae-4256-be17-17557c85c245 committed. Elapsed time: 893 ms.
[2025-03-12T11:48:23.841+0000] {ssh.py:531} WARNING - 25/03/12 11:48:23 INFO FileFormatWriter: Finished processing stats for write job 7c00227c-b0ae-4256-be17-17557c85c245.
[2025-03-12T11:48:23.899+0000] {ssh.py:531} WARNING - 25/03/12 11:48:23 INFO SparkContext: Invoking stop() from shutdown hook
[2025-03-12T11:48:23.900+0000] {ssh.py:531} WARNING - 25/03/12 11:48:23 INFO SparkContext: SparkContext is stopping with exitCode 0.
[2025-03-12T11:48:23.910+0000] {ssh.py:531} WARNING - 25/03/12 11:48:23 INFO SparkUI: Stopped Spark web UI at http://0.0.0.0:4040
[2025-03-12T11:48:23.926+0000] {ssh.py:531} WARNING - 25/03/12 11:48:23 INFO MapOutputTrackerMasterEndpoint: MapOutputTrackerMasterEndpoint stopped!
[2025-03-12T11:48:23.938+0000] {ssh.py:531} WARNING - 25/03/12 11:48:23 INFO MemoryStore: MemoryStore cleared
[2025-03-12T11:48:23.939+0000] {ssh.py:531} WARNING - 25/03/12 11:48:23 INFO BlockManager: BlockManager stopped
[2025-03-12T11:48:23.941+0000] {ssh.py:531} WARNING - 25/03/12 11:48:23 INFO BlockManagerMaster: BlockManagerMaster stopped
[2025-03-12T11:48:23.945+0000] {ssh.py:531} WARNING - 25/03/12 11:48:23 INFO OutputCommitCoordinator$OutputCommitCoordinatorEndpoint: OutputCommitCoordinator stopped!
[2025-03-12T11:48:23.952+0000] {ssh.py:531} WARNING - 25/03/12 11:48:23 INFO SparkContext: Successfully stopped SparkContext
[2025-03-12T11:48:23.953+0000] {ssh.py:531} WARNING - 25/03/12 11:48:23 INFO ShutdownHookManager: Shutdown hook called
[2025-03-12T11:48:23.953+0000] {ssh.py:531} WARNING - 25/03/12 11:48:23 INFO ShutdownHookManager: Deleting directory /tmp/spark-1758ff81-57ed-4ea8-8679-c1735ff3aa80/pyspark-f39bd195-e651-4588-a6e1-3e69d9d19232
[2025-03-12T11:48:23.956+0000] {ssh.py:531} WARNING - 25/03/12 11:48:23 INFO ShutdownHookManager: Deleting directory /tmp/spark-0bdb5bbe-2261-4d1e-bc73-7999d9c072ed
[2025-03-12T11:48:23.959+0000] {ssh.py:531} WARNING - 25/03/12 11:48:23 INFO ShutdownHookManager: Deleting directory /tmp/spark-1758ff81-57ed-4ea8-8679-c1735ff3aa80
[2025-03-12T11:48:23.968+0000] {ssh.py:531} WARNING - 25/03/12 11:48:23 INFO MetricsSystemImpl: Stopping s3a-file-system metrics system...
[2025-03-12T11:48:23.969+0000] {ssh.py:531} WARNING - 25/03/12 11:48:23 INFO MetricsSystemImpl: s3a-file-system metrics system stopped.
[2025-03-12T11:48:23.969+0000] {ssh.py:531} WARNING - 25/03/12 11:48:23 INFO MetricsSystemImpl: s3a-file-system metrics system shutdown complete.
[2025-03-12T11:48:24.045+0000] {taskinstance.py:441} INFO - ::group::Post task execution logs
[2025-03-12T11:48:24.060+0000] {taskinstance.py:2905} ERROR - Task failed with exception
Traceback (most recent call last):
  File "/home/airflow/.local/lib/python3.9/site-packages/airflow/models/taskinstance.py", line 465, in _execute_task
    result = _execute_callable(context=context, **execute_callable_kwargs)
  File "/home/airflow/.local/lib/python3.9/site-packages/airflow/models/taskinstance.py", line 432, in _execute_callable
    return execute_callable(context=context, **execute_callable_kwargs)
  File "/home/airflow/.local/lib/python3.9/site-packages/airflow/models/baseoperator.py", line 400, in wrapper
    return func(self, *args, **kwargs)
  File "/home/airflow/.local/lib/python3.9/site-packages/airflow/providers/ssh/operators/ssh.py", line 191, in execute
    result = self.run_ssh_client_command(ssh_client, self.command, context=context)
  File "/home/airflow/.local/lib/python3.9/site-packages/airflow/providers/ssh/operators/ssh.py", line 179, in run_ssh_client_command
    self.raise_for_status(exit_status, agg_stderr, context=context)
  File "/home/airflow/.local/lib/python3.9/site-packages/airflow/providers/ssh/operators/ssh.py", line 173, in raise_for_status
    raise AirflowException(f"SSH operator error: exit status = {exit_status}")
airflow.exceptions.AirflowException: SSH operator error: exit status = 127
[2025-03-12T11:48:24.064+0000] {taskinstance.py:1206} INFO - Marking task as UP_FOR_RETRY. dag_id=team_color_to_parquet_dag, task_id=submit_spark_via_ssh, run_id=manual__2025-03-12T11:48:01.163607+00:00, execution_date=20250312T114801, start_date=20250312T114802, end_date=20250312T114824
[2025-03-12T11:48:24.077+0000] {standard_task_runner.py:110} ERROR - Failed to execute job 96 for task submit_spark_via_ssh (SSH operator error: exit status = 127; 30130)
[2025-03-12T11:48:24.125+0000] {local_task_job_runner.py:240} INFO - Task exited with return code 1
[2025-03-12T11:48:24.146+0000] {taskinstance.py:3498} INFO - 0 downstream tasks scheduled from follow-on schedule check
[2025-03-12T11:48:24.148+0000] {local_task_job_runner.py:222} INFO - ::endgroup::
