[2025-03-15T02:51:51.216+0000] {local_task_job_runner.py:120} INFO - ::group::Pre task execution logs
[2025-03-15T02:51:51.248+0000] {taskinstance.py:2076} INFO - Dependencies all met for dep_context=non-requeueable deps ti=<TaskInstance: match_info_spark_processing_dag.submit_spark_via_ssh manual__2025-03-15T02:51:47.893189+00:00 [queued]>
[2025-03-15T02:51:51.260+0000] {taskinstance.py:2076} INFO - Dependencies all met for dep_context=requeueable deps ti=<TaskInstance: match_info_spark_processing_dag.submit_spark_via_ssh manual__2025-03-15T02:51:47.893189+00:00 [queued]>
[2025-03-15T02:51:51.260+0000] {taskinstance.py:2306} INFO - Starting attempt 1 of 2
[2025-03-15T02:51:51.275+0000] {taskinstance.py:2330} INFO - Executing <Task(SSHOperator): submit_spark_via_ssh> on 2025-03-15 02:51:47.893189+00:00
[2025-03-15T02:51:51.281+0000] {standard_task_runner.py:63} INFO - Started process 15360 to run task
[2025-03-15T02:51:51.285+0000] {standard_task_runner.py:90} INFO - Running: ['***', 'tasks', 'run', 'match_info_spark_processing_dag', 'submit_spark_via_ssh', 'manual__2025-03-15T02:51:47.893189+00:00', '--job-id', '261', '--raw', '--subdir', 'DAGS_FOLDER/match_info_spark_process_dag.py', '--cfg-path', '/tmp/tmpwm6b9l32']
[2025-03-15T02:51:51.288+0000] {standard_task_runner.py:91} INFO - Job 261: Subtask submit_spark_via_ssh
[2025-03-15T02:51:51.361+0000] {task_command.py:426} INFO - Running <TaskInstance: match_info_spark_processing_dag.submit_spark_via_ssh manual__2025-03-15T02:51:47.893189+00:00 [running]> on host a0d797a25898
[2025-03-15T02:51:51.554+0000] {taskinstance.py:2648} INFO - Exporting env vars: AIRFLOW_CTX_DAG_OWNER='***' AIRFLOW_CTX_DAG_ID='match_info_spark_processing_dag' AIRFLOW_CTX_TASK_ID='submit_spark_via_ssh' AIRFLOW_CTX_EXECUTION_DATE='2025-03-15T02:51:47.893189+00:00' AIRFLOW_CTX_TRY_NUMBER='1' AIRFLOW_CTX_DAG_RUN_ID='manual__2025-03-15T02:51:47.893189+00:00'
[2025-03-15T02:51:51.555+0000] {taskinstance.py:430} INFO - ::endgroup::
[2025-03-15T02:51:51.579+0000] {ssh.py:151} INFO - Creating ssh_client
[2025-03-15T02:51:51.579+0000] {ssh.py:124} INFO - ssh_hook is not provided or invalid. Trying ssh_conn_id to create SSHHook.
[2025-03-15T02:51:51.603+0000] {base.py:84} INFO - Using connection ID 'spark_ssh_conn' for task execution.
[2025-03-15T02:51:51.604+0000] {ssh.py:301} WARNING - No Host Key Verification. This won't protect against Man-In-The-Middle attacks
[2025-03-15T02:51:51.612+0000] {transport.py:1909} INFO - Connected (version 2.0, client OpenSSH_9.6p1)
[2025-03-15T02:51:51.731+0000] {transport.py:1909} INFO - Authentication (publickey) successful!
[2025-03-15T02:51:51.731+0000] {ssh.py:480} INFO - Running command: 
    set -e  # 명령어 실패 시 즉시 종료
    echo "Starting Spark Job on 2025-03-15"

    echo "Submitting Spark Job... for 2025-03-15 data"
   /spark-3.5.3/bin/spark-submit /home/ubuntu/spark_scripts/match_info_pyspark.py 2025-03-15 > spark_job.log 2>&1
    exit_code=$?

    # 실행 로그 출력 (Airflow에서 확인 가능)
    if [ -f spark_job.log ]; then
        echo "=== Spark Job Log Start ==="
        cat spark_job.log
        echo "=== Spark Job Log End ==="
    else
        echo "Warning: spark_job.log not found!"
    fi

    # Spark 실패 감지
    if [ $exit_code -ne 0 ]; then
        echo "Spark Job Failed! Check logs."
        exit 1
    else
        echo "Spark Job Succeeded!"
    fi
    
[2025-03-15T02:51:52.581+0000] {ssh.py:526} INFO - Starting Spark Job on 2025-03-15
[2025-03-15T02:51:52.582+0000] {ssh.py:526} INFO - Submitting Spark Job... for 2025-03-15 data
[2025-03-15T02:52:22.170+0000] {ssh.py:526} INFO - === Spark Job Log Start ===
[2025-03-15T02:52:22.175+0000] {ssh.py:526} INFO - Processing date: 2025-03-15
[2025-03-15T02:52:22.176+0000] {ssh.py:526} INFO - 25/03/15 02:51:57 INFO SparkContext: Running Spark version 3.5.3
[2025-03-15T02:52:22.177+0000] {ssh.py:526} INFO - 25/03/15 02:51:57 INFO SparkContext: OS info Linux, 6.8.0-1024-aws, amd64
[2025-03-15T02:52:22.177+0000] {ssh.py:526} INFO - 25/03/15 02:51:57 INFO SparkContext: Java version 11.0.26
[2025-03-15T02:52:22.177+0000] {ssh.py:526} INFO - 25/03/15 02:51:57 WARN NativeCodeLoader: Unable to load native-hadoop library for your platform... using builtin-java classes where applicable
[2025-03-15T02:52:22.177+0000] {ssh.py:526} INFO - 25/03/15 02:51:57 INFO ResourceUtils: ==============================================================
[2025-03-15T02:52:22.178+0000] {ssh.py:526} INFO - 25/03/15 02:51:57 INFO ResourceUtils: No custom resources configured for spark.driver.
[2025-03-15T02:52:22.179+0000] {ssh.py:526} INFO - 25/03/15 02:51:57 INFO ResourceUtils: ==============================================================
[2025-03-15T02:52:22.179+0000] {ssh.py:526} INFO - 25/03/15 02:51:57 INFO SparkContext: Submitted application: json to parquet
[2025-03-15T02:52:22.179+0000] {ssh.py:526} INFO - 25/03/15 02:51:57 INFO ResourceProfile: Default ResourceProfile created, executor resources: Map(cores -> name: cores, amount: 1, script: , vendor: , memory -> name: memory, amount: 1024, script: , vendor: , offHeap -> name: offHeap, amount: 0, script: , vendor: ), task resources: Map(cpus -> name: cpus, amount: 1.0)
[2025-03-15T02:52:22.179+0000] {ssh.py:526} INFO - 25/03/15 02:51:57 INFO ResourceProfile: Limiting resource is cpu
[2025-03-15T02:52:22.179+0000] {ssh.py:526} INFO - 25/03/15 02:51:57 INFO ResourceProfileManager: Added ResourceProfile id: 0
[2025-03-15T02:52:22.180+0000] {ssh.py:526} INFO - 25/03/15 02:51:57 INFO SecurityManager: Changing view acls to: ubuntu
[2025-03-15T02:52:22.180+0000] {ssh.py:526} INFO - 25/03/15 02:51:57 INFO SecurityManager: Changing modify acls to: ubuntu
[2025-03-15T02:52:22.180+0000] {ssh.py:526} INFO - 25/03/15 02:51:57 INFO SecurityManager: Changing view acls groups to: 
[2025-03-15T02:52:22.180+0000] {ssh.py:526} INFO - 25/03/15 02:51:57 INFO SecurityManager: Changing modify acls groups to: 
[2025-03-15T02:52:22.180+0000] {ssh.py:526} INFO - 25/03/15 02:51:57 INFO SecurityManager: SecurityManager: authentication disabled; ui acls disabled; users with view permissions: ubuntu; groups with view permissions: EMPTY; users with modify permissions: ubuntu; groups with modify permissions: EMPTY
[2025-03-15T02:52:22.180+0000] {ssh.py:526} INFO - 25/03/15 02:51:58 INFO Utils: Successfully started service 'sparkDriver' on port 41931.
[2025-03-15T02:52:22.180+0000] {ssh.py:526} INFO - 25/03/15 02:51:58 INFO SparkEnv: Registering MapOutputTracker
[2025-03-15T02:52:22.181+0000] {ssh.py:526} INFO - 25/03/15 02:51:58 INFO SparkEnv: Registering BlockManagerMaster
[2025-03-15T02:52:22.181+0000] {ssh.py:526} INFO - 25/03/15 02:51:58 INFO BlockManagerMasterEndpoint: Using org.apache.spark.storage.DefaultTopologyMapper for getting topology information
[2025-03-15T02:52:22.181+0000] {ssh.py:526} INFO - 25/03/15 02:51:58 INFO BlockManagerMasterEndpoint: BlockManagerMasterEndpoint up
[2025-03-15T02:52:22.181+0000] {ssh.py:526} INFO - 25/03/15 02:51:58 INFO SparkEnv: Registering BlockManagerMasterHeartbeat
[2025-03-15T02:52:22.181+0000] {ssh.py:526} INFO - 25/03/15 02:51:58 INFO DiskBlockManager: Created local directory at /tmp/blockmgr-666c55ad-47c4-42e5-8f0c-26c6ea95a90b
[2025-03-15T02:52:22.181+0000] {ssh.py:526} INFO - 25/03/15 02:51:58 INFO MemoryStore: MemoryStore started with capacity 434.4 MiB
[2025-03-15T02:52:22.181+0000] {ssh.py:526} INFO - 25/03/15 02:51:58 INFO SparkEnv: Registering OutputCommitCoordinator
[2025-03-15T02:52:22.182+0000] {ssh.py:526} INFO - 25/03/15 02:51:59 INFO JettyUtils: Start Jetty 0.0.0.0:4040 for SparkUI
[2025-03-15T02:52:22.182+0000] {ssh.py:526} INFO - 25/03/15 02:51:59 INFO Utils: Successfully started service 'SparkUI' on port 4040.
[2025-03-15T02:52:22.182+0000] {ssh.py:526} INFO - 25/03/15 02:51:59 INFO Executor: Starting executor ID driver on host ip-172-31-12-182.ap-northeast-2.compute.internal
[2025-03-15T02:52:22.182+0000] {ssh.py:526} INFO - 25/03/15 02:51:59 INFO Executor: OS info Linux, 6.8.0-1024-aws, amd64
[2025-03-15T02:52:22.182+0000] {ssh.py:526} INFO - 25/03/15 02:51:59 INFO Executor: Java version 11.0.26
[2025-03-15T02:52:22.182+0000] {ssh.py:526} INFO - 25/03/15 02:51:59 INFO Executor: Starting executor with user classpath (userClassPathFirst = false): ''
[2025-03-15T02:52:22.182+0000] {ssh.py:526} INFO - 25/03/15 02:51:59 INFO Executor: Created or updated repl class loader org.apache.spark.util.MutableURLClassLoader@5013e187 for default.
[2025-03-15T02:52:22.184+0000] {ssh.py:526} INFO - 25/03/15 02:51:59 INFO Utils: Successfully started service 'org.apache.spark.network.netty.NettyBlockTransferService' on port 33561.
[2025-03-15T02:52:22.184+0000] {ssh.py:526} INFO - 25/03/15 02:51:59 INFO NettyBlockTransferService: Server created on 0.0.0.0:33561
[2025-03-15T02:52:22.184+0000] {ssh.py:526} INFO - 25/03/15 02:51:59 INFO BlockManager: Using org.apache.spark.storage.RandomBlockReplicationPolicy for block replication policy
[2025-03-15T02:52:22.184+0000] {ssh.py:526} INFO - 25/03/15 02:51:59 INFO BlockManagerMaster: Registering BlockManager BlockManagerId(driver, 0.0.0.0, 33561, None)
[2025-03-15T02:52:22.185+0000] {ssh.py:526} INFO - 25/03/15 02:51:59 INFO BlockManagerMasterEndpoint: Registering block manager 0.0.0.0:33561 with 434.4 MiB RAM, BlockManagerId(driver, 0.0.0.0, 33561, None)
[2025-03-15T02:52:22.185+0000] {ssh.py:526} INFO - 25/03/15 02:51:59 INFO BlockManagerMaster: Registered BlockManager BlockManagerId(driver, 0.0.0.0, 33561, None)
[2025-03-15T02:52:22.185+0000] {ssh.py:526} INFO - 25/03/15 02:51:59 INFO BlockManager: Initialized BlockManager: BlockManagerId(driver, 0.0.0.0, 33561, None)
[2025-03-15T02:52:22.185+0000] {ssh.py:526} INFO - Reading json file from: s3a://de5-finalproj-team2/raw_data/json/match_data/2025-03-15/*.json
[2025-03-15T02:52:22.185+0000] {ssh.py:526} INFO - 25/03/15 02:52:00 INFO SharedState: Setting hive.metastore.warehouse.dir ('null') to the value of spark.sql.warehouse.dir.
[2025-03-15T02:52:22.185+0000] {ssh.py:526} INFO - 25/03/15 02:52:00 INFO SharedState: Warehouse path is 'file:/home/ubuntu/spark-warehouse'.
[2025-03-15T02:52:22.185+0000] {ssh.py:526} INFO - 25/03/15 02:52:02 WARN MetricsConfig: Cannot locate configuration: tried hadoop-metrics2-s3a-file-system.properties,hadoop-metrics2.properties
[2025-03-15T02:52:22.185+0000] {ssh.py:526} INFO - 25/03/15 02:52:02 INFO MetricsSystemImpl: Scheduled Metric snapshot period at 10 second(s).
[2025-03-15T02:52:22.186+0000] {ssh.py:526} INFO - 25/03/15 02:52:02 INFO MetricsSystemImpl: s3a-file-system metrics system started
[2025-03-15T02:52:22.186+0000] {ssh.py:526} INFO - 25/03/15 02:52:04 INFO InMemoryFileIndex: It took 146 ms to list leaf files for 1 paths.
[2025-03-15T02:52:22.186+0000] {ssh.py:526} INFO - 25/03/15 02:52:04 INFO InMemoryFileIndex: It took 45 ms to list leaf files for 1 paths.
[2025-03-15T02:52:22.186+0000] {ssh.py:526} INFO - 25/03/15 02:52:08 INFO FileSourceStrategy: Pushed Filters: 
[2025-03-15T02:52:22.186+0000] {ssh.py:526} INFO - 25/03/15 02:52:08 INFO FileSourceStrategy: Post-Scan Filters: 
[2025-03-15T02:52:22.186+0000] {ssh.py:526} INFO - 25/03/15 02:52:08 INFO MemoryStore: Block broadcast_0 stored as values in memory (estimated size 201.0 KiB, free 434.2 MiB)
[2025-03-15T02:52:22.187+0000] {ssh.py:526} INFO - 25/03/15 02:52:08 INFO MemoryStore: Block broadcast_0_piece0 stored as bytes in memory (estimated size 34.7 KiB, free 434.2 MiB)
[2025-03-15T02:52:22.187+0000] {ssh.py:526} INFO - 25/03/15 02:52:08 INFO BlockManagerInfo: Added broadcast_0_piece0 in memory on 0.0.0.0:33561 (size: 34.7 KiB, free: 434.4 MiB)
[2025-03-15T02:52:22.187+0000] {ssh.py:526} INFO - 25/03/15 02:52:08 INFO SparkContext: Created broadcast 0 from json at NativeMethodAccessorImpl.java:0
[2025-03-15T02:52:22.187+0000] {ssh.py:526} INFO - 25/03/15 02:52:08 INFO FileSourceScanExec: Planning scan with bin packing, max size: 5323983 bytes, open cost is considered as scanning 4194304 bytes.
[2025-03-15T02:52:22.187+0000] {ssh.py:526} INFO - 25/03/15 02:52:09 INFO SparkContext: Starting job: json at NativeMethodAccessorImpl.java:0
[2025-03-15T02:52:22.187+0000] {ssh.py:526} INFO - 25/03/15 02:52:09 INFO DAGScheduler: Got job 0 (json at NativeMethodAccessorImpl.java:0) with 1 output partitions
[2025-03-15T02:52:22.187+0000] {ssh.py:526} INFO - 25/03/15 02:52:09 INFO DAGScheduler: Final stage: ResultStage 0 (json at NativeMethodAccessorImpl.java:0)
[2025-03-15T02:52:22.187+0000] {ssh.py:526} INFO - 25/03/15 02:52:09 INFO DAGScheduler: Parents of final stage: List()
[2025-03-15T02:52:22.188+0000] {ssh.py:526} INFO - 25/03/15 02:52:09 INFO DAGScheduler: Missing parents: List()
[2025-03-15T02:52:22.188+0000] {ssh.py:526} INFO - 25/03/15 02:52:09 INFO DAGScheduler: Submitting ResultStage 0 (MapPartitionsRDD[3] at json at NativeMethodAccessorImpl.java:0), which has no missing parents
[2025-03-15T02:52:22.188+0000] {ssh.py:526} INFO - 25/03/15 02:52:09 INFO MemoryStore: Block broadcast_1 stored as values in memory (estimated size 16.5 KiB, free 434.2 MiB)
[2025-03-15T02:52:22.188+0000] {ssh.py:526} INFO - 25/03/15 02:52:09 INFO MemoryStore: Block broadcast_1_piece0 stored as bytes in memory (estimated size 7.8 KiB, free 434.1 MiB)
[2025-03-15T02:52:22.188+0000] {ssh.py:526} INFO - 25/03/15 02:52:09 INFO BlockManagerInfo: Added broadcast_1_piece0 in memory on 0.0.0.0:33561 (size: 7.8 KiB, free: 434.4 MiB)
[2025-03-15T02:52:22.189+0000] {ssh.py:526} INFO - 25/03/15 02:52:09 INFO SparkContext: Created broadcast 1 from broadcast at DAGScheduler.scala:1585
[2025-03-15T02:52:22.189+0000] {ssh.py:526} INFO - 25/03/15 02:52:09 INFO DAGScheduler: Submitting 1 missing tasks from ResultStage 0 (MapPartitionsRDD[3] at json at NativeMethodAccessorImpl.java:0) (first 15 tasks are for partitions Vector(0))
[2025-03-15T02:52:22.189+0000] {ssh.py:526} INFO - 25/03/15 02:52:09 INFO TaskSchedulerImpl: Adding task set 0.0 with 1 tasks resource profile 0
[2025-03-15T02:52:22.189+0000] {ssh.py:526} INFO - 25/03/15 02:52:09 INFO TaskSetManager: Starting task 0.0 in stage 0.0 (TID 0) (ip-172-31-12-182.ap-northeast-2.compute.internal, executor driver, partition 0, PROCESS_LOCAL, 9636 bytes) 
[2025-03-15T02:52:22.189+0000] {ssh.py:526} INFO - 25/03/15 02:52:09 INFO Executor: Running task 0.0 in stage 0.0 (TID 0)
[2025-03-15T02:52:22.189+0000] {ssh.py:526} INFO - 25/03/15 02:52:09 INFO FileScanRDD: Reading File path: s3a://de5-finalproj-team2/raw_data/json/match_data/2025-03-15/group_0.json, range: 0-1129679, partition values: [empty row]
[2025-03-15T02:52:22.189+0000] {ssh.py:526} INFO - 25/03/15 02:52:10 INFO CodeGenerator: Code generated in 476.492026 ms
[2025-03-15T02:52:22.190+0000] {ssh.py:526} INFO - 25/03/15 02:52:11 INFO Executor: Finished task 0.0 in stage 0.0 (TID 0). 2408 bytes result sent to driver
[2025-03-15T02:52:22.190+0000] {ssh.py:526} INFO - 25/03/15 02:52:11 INFO TaskSetManager: Finished task 0.0 in stage 0.0 (TID 0) in 1541 ms on ip-172-31-12-182.ap-northeast-2.compute.internal (executor driver) (1/1)
[2025-03-15T02:52:22.190+0000] {ssh.py:526} INFO - 25/03/15 02:52:11 INFO TaskSchedulerImpl: Removed TaskSet 0.0, whose tasks have all completed, from pool 
[2025-03-15T02:52:22.190+0000] {ssh.py:526} INFO - 25/03/15 02:52:11 INFO DAGScheduler: ResultStage 0 (json at NativeMethodAccessorImpl.java:0) finished in 1.877 s
[2025-03-15T02:52:22.190+0000] {ssh.py:526} INFO - 25/03/15 02:52:11 INFO DAGScheduler: Job 0 is finished. Cancelling potential speculative or zombie tasks for this job
[2025-03-15T02:52:22.190+0000] {ssh.py:526} INFO - 25/03/15 02:52:11 INFO TaskSchedulerImpl: Killing all running tasks in stage 0: Stage finished
[2025-03-15T02:52:22.190+0000] {ssh.py:526} INFO - 25/03/15 02:52:11 INFO DAGScheduler: Job 0 finished: json at NativeMethodAccessorImpl.java:0, took 2.022835 s
[2025-03-15T02:52:22.191+0000] {ssh.py:526} INFO - Writing trend_analysis parquet
[2025-03-15T02:52:22.191+0000] {ssh.py:526} INFO - 25/03/15 02:52:12 INFO FileSourceStrategy: Pushed Filters: IsNotNull(player_info)
[2025-03-15T02:52:22.191+0000] {ssh.py:526} INFO - 25/03/15 02:52:12 INFO FileSourceStrategy: Post-Scan Filters: (size(player_info#13, true) > 0),isnotnull(player_info#13)
[2025-03-15T02:52:22.191+0000] {ssh.py:526} INFO - 25/03/15 02:52:12 INFO ParquetUtils: Using default output committer for Parquet: org.apache.parquet.hadoop.ParquetOutputCommitter
[2025-03-15T02:52:22.191+0000] {ssh.py:526} INFO - 25/03/15 02:52:12 INFO FileOutputCommitter: File Output Committer Algorithm version is 1
[2025-03-15T02:52:22.191+0000] {ssh.py:526} INFO - 25/03/15 02:52:12 INFO FileOutputCommitter: FileOutputCommitter skip cleanup _temporary folders under output directory:false, ignore cleanup failures: false
[2025-03-15T02:52:22.192+0000] {ssh.py:526} INFO - 25/03/15 02:52:12 INFO SQLHadoopMapReduceCommitProtocol: Using user defined output committer class org.apache.parquet.hadoop.ParquetOutputCommitter
[2025-03-15T02:52:22.192+0000] {ssh.py:526} INFO - 25/03/15 02:52:12 INFO FileOutputCommitter: File Output Committer Algorithm version is 1
[2025-03-15T02:52:22.192+0000] {ssh.py:526} INFO - 25/03/15 02:52:12 INFO FileOutputCommitter: FileOutputCommitter skip cleanup _temporary folders under output directory:false, ignore cleanup failures: false
[2025-03-15T02:52:22.192+0000] {ssh.py:526} INFO - 25/03/15 02:52:12 INFO SQLHadoopMapReduceCommitProtocol: Using output committer class org.apache.parquet.hadoop.ParquetOutputCommitter
[2025-03-15T02:52:22.192+0000] {ssh.py:526} INFO - 25/03/15 02:52:12 INFO CodeGenerator: Code generated in 103.528173 ms
[2025-03-15T02:52:22.192+0000] {ssh.py:526} INFO - 25/03/15 02:52:12 INFO MemoryStore: Block broadcast_2 stored as values in memory (estimated size 200.9 KiB, free 433.9 MiB)
[2025-03-15T02:52:22.193+0000] {ssh.py:526} INFO - 25/03/15 02:52:12 INFO MemoryStore: Block broadcast_2_piece0 stored as bytes in memory (estimated size 34.7 KiB, free 433.9 MiB)
[2025-03-15T02:52:22.193+0000] {ssh.py:526} INFO - 25/03/15 02:52:12 INFO BlockManagerInfo: Added broadcast_2_piece0 in memory on 0.0.0.0:33561 (size: 34.7 KiB, free: 434.3 MiB)
[2025-03-15T02:52:22.193+0000] {ssh.py:526} INFO - 25/03/15 02:52:12 INFO SparkContext: Created broadcast 2 from save at NativeMethodAccessorImpl.java:0
[2025-03-15T02:52:22.193+0000] {ssh.py:526} INFO - 25/03/15 02:52:12 INFO FileSourceScanExec: Planning scan with bin packing, max size: 5323983 bytes, open cost is considered as scanning 4194304 bytes.
[2025-03-15T02:52:22.193+0000] {ssh.py:526} INFO - 25/03/15 02:52:12 INFO SparkContext: Starting job: save at NativeMethodAccessorImpl.java:0
[2025-03-15T02:52:22.193+0000] {ssh.py:526} INFO - 25/03/15 02:52:12 INFO DAGScheduler: Got job 1 (save at NativeMethodAccessorImpl.java:0) with 1 output partitions
[2025-03-15T02:52:22.193+0000] {ssh.py:526} INFO - 25/03/15 02:52:12 INFO DAGScheduler: Final stage: ResultStage 1 (save at NativeMethodAccessorImpl.java:0)
[2025-03-15T02:52:22.194+0000] {ssh.py:526} INFO - 25/03/15 02:52:12 INFO DAGScheduler: Parents of final stage: List()
[2025-03-15T02:52:22.194+0000] {ssh.py:526} INFO - 25/03/15 02:52:13 INFO DAGScheduler: Missing parents: List()
[2025-03-15T02:52:22.194+0000] {ssh.py:526} INFO - 25/03/15 02:52:13 INFO DAGScheduler: Submitting ResultStage 1 (MapPartitionsRDD[7] at save at NativeMethodAccessorImpl.java:0), which has no missing parents
[2025-03-15T02:52:22.194+0000] {ssh.py:526} INFO - 25/03/15 02:52:13 INFO MemoryStore: Block broadcast_3 stored as values in memory (estimated size 225.1 KiB, free 433.7 MiB)
[2025-03-15T02:52:22.194+0000] {ssh.py:526} INFO - 25/03/15 02:52:13 INFO MemoryStore: Block broadcast_3_piece0 stored as bytes in memory (estimated size 81.0 KiB, free 433.6 MiB)
[2025-03-15T02:52:22.194+0000] {ssh.py:526} INFO - 25/03/15 02:52:13 INFO BlockManagerInfo: Added broadcast_3_piece0 in memory on 0.0.0.0:33561 (size: 81.0 KiB, free: 434.2 MiB)
[2025-03-15T02:52:22.194+0000] {ssh.py:526} INFO - 25/03/15 02:52:13 INFO SparkContext: Created broadcast 3 from broadcast at DAGScheduler.scala:1585
[2025-03-15T02:52:22.194+0000] {ssh.py:526} INFO - 25/03/15 02:52:13 INFO DAGScheduler: Submitting 1 missing tasks from ResultStage 1 (MapPartitionsRDD[7] at save at NativeMethodAccessorImpl.java:0) (first 15 tasks are for partitions Vector(0))
[2025-03-15T02:52:22.195+0000] {ssh.py:526} INFO - 25/03/15 02:52:13 INFO TaskSchedulerImpl: Adding task set 1.0 with 1 tasks resource profile 0
[2025-03-15T02:52:22.195+0000] {ssh.py:526} INFO - 25/03/15 02:52:13 INFO TaskSetManager: Starting task 0.0 in stage 1.0 (TID 1) (ip-172-31-12-182.ap-northeast-2.compute.internal, executor driver, partition 0, PROCESS_LOCAL, 9636 bytes) 
[2025-03-15T02:52:22.195+0000] {ssh.py:526} INFO - 25/03/15 02:52:13 INFO Executor: Running task 0.0 in stage 1.0 (TID 1)
[2025-03-15T02:52:22.195+0000] {ssh.py:526} INFO - 25/03/15 02:52:13 INFO CodeGenerator: Code generated in 182.062259 ms
[2025-03-15T02:52:22.195+0000] {ssh.py:526} INFO - 25/03/15 02:52:13 INFO FileOutputCommitter: File Output Committer Algorithm version is 1
[2025-03-15T02:52:22.195+0000] {ssh.py:526} INFO - 25/03/15 02:52:13 INFO BlockManagerInfo: Removed broadcast_1_piece0 on 0.0.0.0:33561 in memory (size: 7.8 KiB, free: 434.3 MiB)
[2025-03-15T02:52:22.195+0000] {ssh.py:526} INFO - 25/03/15 02:52:13 INFO FileOutputCommitter: FileOutputCommitter skip cleanup _temporary folders under output directory:false, ignore cleanup failures: false
[2025-03-15T02:52:22.196+0000] {ssh.py:526} INFO - 25/03/15 02:52:13 INFO SQLHadoopMapReduceCommitProtocol: Using user defined output committer class org.apache.parquet.hadoop.ParquetOutputCommitter
[2025-03-15T02:52:22.196+0000] {ssh.py:526} INFO - 25/03/15 02:52:13 INFO FileOutputCommitter: File Output Committer Algorithm version is 1
[2025-03-15T02:52:22.196+0000] {ssh.py:526} INFO - 25/03/15 02:52:13 INFO FileOutputCommitter: FileOutputCommitter skip cleanup _temporary folders under output directory:false, ignore cleanup failures: false
[2025-03-15T02:52:22.196+0000] {ssh.py:526} INFO - 25/03/15 02:52:13 INFO SQLHadoopMapReduceCommitProtocol: Using output committer class org.apache.parquet.hadoop.ParquetOutputCommitter
[2025-03-15T02:52:22.196+0000] {ssh.py:526} INFO - 25/03/15 02:52:13 INFO BlockManagerInfo: Removed broadcast_0_piece0 on 0.0.0.0:33561 in memory (size: 34.7 KiB, free: 434.3 MiB)
[2025-03-15T02:52:22.196+0000] {ssh.py:526} INFO - 25/03/15 02:52:13 INFO CodecConfig: Compression: SNAPPY
[2025-03-15T02:52:22.197+0000] {ssh.py:526} INFO - 25/03/15 02:52:13 INFO CodecConfig: Compression: SNAPPY
[2025-03-15T02:52:22.197+0000] {ssh.py:526} INFO - 25/03/15 02:52:13 INFO ParquetOutputFormat: ParquetRecordWriter [block size: 134217728b, row group padding size: 8388608b, validating: false]
[2025-03-15T02:52:22.197+0000] {ssh.py:526} INFO - 25/03/15 02:52:13 INFO ParquetWriteSupport: Initialized Parquet WriteSupport with Catalyst schema:
[2025-03-15T02:52:22.197+0000] {ssh.py:526} INFO - {
[2025-03-15T02:52:22.197+0000] {ssh.py:526} INFO -   "type" : "struct",
[2025-03-15T02:52:22.198+0000] {ssh.py:526} INFO -   "fields" : [ {
[2025-03-15T02:52:22.198+0000] {ssh.py:526} INFO -     "name" : "match_id",
[2025-03-15T02:52:22.198+0000] {ssh.py:526} INFO -     "type" : "string",
[2025-03-15T02:52:22.198+0000] {ssh.py:526} INFO -     "nullable" : true,
[2025-03-15T02:52:22.198+0000] {ssh.py:526} INFO -     "metadata" : { }
[2025-03-15T02:52:22.198+0000] {ssh.py:526} INFO -   }, {
[2025-03-15T02:52:22.198+0000] {ssh.py:526} INFO -     "name" : "spid",
[2025-03-15T02:52:22.199+0000] {ssh.py:526} INFO -     "type" : "integer",
[2025-03-15T02:52:22.199+0000] {ssh.py:526} INFO -     "nullable" : true,
[2025-03-15T02:52:22.199+0000] {ssh.py:526} INFO -     "metadata" : { }
[2025-03-15T02:52:22.199+0000] {ssh.py:526} INFO -   }, {
[2025-03-15T02:52:22.199+0000] {ssh.py:526} INFO -     "name" : "season_id",
[2025-03-15T02:52:22.199+0000] {ssh.py:526} INFO -     "type" : "integer",
[2025-03-15T02:52:22.199+0000] {ssh.py:526} INFO -     "nullable" : true,
[2025-03-15T02:52:22.200+0000] {ssh.py:526} INFO -     "metadata" : { }
[2025-03-15T02:52:22.200+0000] {ssh.py:526} INFO -   }, {
[2025-03-15T02:52:22.200+0000] {ssh.py:526} INFO -     "name" : "gamer_nickname",
[2025-03-15T02:52:22.200+0000] {ssh.py:526} INFO -     "type" : "string",
[2025-03-15T02:52:22.200+0000] {ssh.py:526} INFO -     "nullable" : true,
[2025-03-15T02:52:22.201+0000] {ssh.py:526} INFO -     "metadata" : { }
[2025-03-15T02:52:22.201+0000] {ssh.py:526} INFO -   }, {
[2025-03-15T02:52:22.201+0000] {ssh.py:526} INFO -     "name" : "position",
[2025-03-15T02:52:22.201+0000] {ssh.py:526} INFO -     "type" : "integer",
[2025-03-15T02:52:22.201+0000] {ssh.py:526} INFO -     "nullable" : true,
[2025-03-15T02:52:22.202+0000] {ssh.py:526} INFO -     "metadata" : { }
[2025-03-15T02:52:22.202+0000] {ssh.py:526} INFO -   }, {
[2025-03-15T02:52:22.202+0000] {ssh.py:526} INFO -     "name" : "ouid",
[2025-03-15T02:52:22.202+0000] {ssh.py:526} INFO -     "type" : "string",
[2025-03-15T02:52:22.202+0000] {ssh.py:526} INFO -     "nullable" : true,
[2025-03-15T02:52:22.202+0000] {ssh.py:526} INFO -     "metadata" : { }
[2025-03-15T02:52:22.202+0000] {ssh.py:526} INFO -   }, {
[2025-03-15T02:52:22.203+0000] {ssh.py:526} INFO -     "name" : "spgrade",
[2025-03-15T02:52:22.203+0000] {ssh.py:526} INFO -     "type" : "integer",
[2025-03-15T02:52:22.203+0000] {ssh.py:526} INFO -     "nullable" : true,
[2025-03-15T02:52:22.203+0000] {ssh.py:526} INFO -     "metadata" : { }
[2025-03-15T02:52:22.203+0000] {ssh.py:526} INFO -   }, {
[2025-03-15T02:52:22.203+0000] {ssh.py:526} INFO -     "name" : "matchresult",
[2025-03-15T02:52:22.203+0000] {ssh.py:526} INFO -     "type" : "string",
[2025-03-15T02:52:22.203+0000] {ssh.py:526} INFO -     "nullable" : true,
[2025-03-15T02:52:22.204+0000] {ssh.py:526} INFO -     "metadata" : { }
[2025-03-15T02:52:22.204+0000] {ssh.py:526} INFO -   }, {
[2025-03-15T02:52:22.204+0000] {ssh.py:526} INFO -     "name" : "match_date",
[2025-03-15T02:52:22.204+0000] {ssh.py:526} INFO -     "type" : "date",
[2025-03-15T02:52:22.204+0000] {ssh.py:526} INFO -     "nullable" : true,
[2025-03-15T02:52:22.204+0000] {ssh.py:526} INFO -     "metadata" : { }
[2025-03-15T02:52:22.205+0000] {ssh.py:526} INFO -   } ]
[2025-03-15T02:52:22.205+0000] {ssh.py:526} INFO - }
[2025-03-15T02:52:22.205+0000] {ssh.py:526} INFO - and corresponding Parquet message type:
[2025-03-15T02:52:22.205+0000] {ssh.py:526} INFO - message spark_schema {
[2025-03-15T02:52:22.205+0000] {ssh.py:526} INFO -   optional binary match_id (STRING);
[2025-03-15T02:52:22.205+0000] {ssh.py:526} INFO -   optional int32 spid;
[2025-03-15T02:52:22.205+0000] {ssh.py:526} INFO -   optional int32 season_id;
[2025-03-15T02:52:22.205+0000] {ssh.py:526} INFO -   optional binary gamer_nickname (STRING);
[2025-03-15T02:52:22.206+0000] {ssh.py:526} INFO -   optional int32 position;
[2025-03-15T02:52:22.206+0000] {ssh.py:526} INFO -   optional binary ouid (STRING);
[2025-03-15T02:52:22.206+0000] {ssh.py:526} INFO -   optional int32 spgrade;
[2025-03-15T02:52:22.206+0000] {ssh.py:526} INFO -   optional binary matchresult (STRING);
[2025-03-15T02:52:22.206+0000] {ssh.py:526} INFO -   optional int32 match_date (DATE);
[2025-03-15T02:52:22.206+0000] {ssh.py:526} INFO - }
[2025-03-15T02:52:22.206+0000] {ssh.py:526} INFO - 
[2025-03-15T02:52:22.206+0000] {ssh.py:526} INFO -        
[2025-03-15T02:52:22.206+0000] {ssh.py:526} INFO - 25/03/15 02:52:13 INFO CodecPool: Got brand-new compressor [.snappy]
[2025-03-15T02:52:22.207+0000] {ssh.py:526} INFO - 25/03/15 02:52:14 INFO FileScanRDD: Reading File path: s3a://de5-finalproj-team2/raw_data/json/match_data/2025-03-15/group_0.json, range: 0-1129679, partition values: [empty row]
[2025-03-15T02:52:22.207+0000] {ssh.py:526} INFO - 25/03/15 02:52:14 INFO CodeGenerator: Code generated in 73.693057 ms
[2025-03-15T02:52:22.207+0000] {ssh.py:526} INFO - 25/03/15 02:52:14 INFO CodeGenerator: Code generated in 12.755746 ms
[2025-03-15T02:52:22.207+0000] {ssh.py:526} INFO - 25/03/15 02:52:16 INFO FileOutputCommitter: Saved output of task 'attempt_202503150252123238069610818264461_0001_m_000000_1' to s3a://de5-finalproj-team2/trend_analysis/match_data/2025-03-15/_temporary/0/task_202503150252123238069610818264461_0001_m_000000
[2025-03-15T02:52:22.207+0000] {ssh.py:526} INFO - 25/03/15 02:52:16 INFO SparkHadoopMapRedUtil: attempt_202503150252123238069610818264461_0001_m_000000_1: Committed. Elapsed time: 765 ms.
[2025-03-15T02:52:22.207+0000] {ssh.py:526} INFO - 25/03/15 02:52:17 INFO Executor: Finished task 0.0 in stage 1.0 (TID 1). 2725 bytes result sent to driver
[2025-03-15T02:52:22.208+0000] {ssh.py:526} INFO - 25/03/15 02:52:17 INFO TaskSetManager: Finished task 0.0 in stage 1.0 (TID 1) in 3893 ms on ip-172-31-12-182.ap-northeast-2.compute.internal (executor driver) (1/1)
[2025-03-15T02:52:22.208+0000] {ssh.py:526} INFO - 25/03/15 02:52:17 INFO TaskSchedulerImpl: Removed TaskSet 1.0, whose tasks have all completed, from pool 
[2025-03-15T02:52:22.208+0000] {ssh.py:526} INFO - 25/03/15 02:52:17 INFO DAGScheduler: ResultStage 1 (save at NativeMethodAccessorImpl.java:0) finished in 4.016 s
[2025-03-15T02:52:22.208+0000] {ssh.py:526} INFO - 25/03/15 02:52:17 INFO DAGScheduler: Job 1 is finished. Cancelling potential speculative or zombie tasks for this job
[2025-03-15T02:52:22.208+0000] {ssh.py:526} INFO - 25/03/15 02:52:17 INFO TaskSchedulerImpl: Killing all running tasks in stage 1: Stage finished
[2025-03-15T02:52:22.209+0000] {ssh.py:526} INFO - 25/03/15 02:52:17 INFO DAGScheduler: Job 1 finished: save at NativeMethodAccessorImpl.java:0, took 4.043944 s
[2025-03-15T02:52:22.209+0000] {ssh.py:526} INFO - 25/03/15 02:52:17 INFO FileFormatWriter: Start to commit write Job 97c5a747-7693-46e7-9de0-3627d9373cc6.
[2025-03-15T02:52:22.209+0000] {ssh.py:526} INFO - 25/03/15 02:52:18 INFO FileFormatWriter: Write Job 97c5a747-7693-46e7-9de0-3627d9373cc6 committed. Elapsed time: 1018 ms.
[2025-03-15T02:52:22.209+0000] {ssh.py:526} INFO - 25/03/15 02:52:18 INFO FileFormatWriter: Finished processing stats for write job 97c5a747-7693-46e7-9de0-3627d9373cc6.
[2025-03-15T02:52:22.209+0000] {ssh.py:526} INFO - Writing analytics parquet
[2025-03-15T02:52:22.209+0000] {ssh.py:526} INFO - 25/03/15 02:52:18 INFO FileSourceStrategy: Pushed Filters: IsNotNull(player_info)
[2025-03-15T02:52:22.210+0000] {ssh.py:526} INFO - 25/03/15 02:52:18 INFO FileSourceStrategy: Post-Scan Filters: (size(player_info#13, true) > 0),isnotnull(player_info#13)
[2025-03-15T02:52:22.210+0000] {ssh.py:526} INFO - 25/03/15 02:52:18 INFO ParquetUtils: Using default output committer for Parquet: org.apache.parquet.hadoop.ParquetOutputCommitter
[2025-03-15T02:52:22.210+0000] {ssh.py:526} INFO - 25/03/15 02:52:18 INFO FileOutputCommitter: File Output Committer Algorithm version is 1
[2025-03-15T02:52:22.210+0000] {ssh.py:526} INFO - 25/03/15 02:52:18 INFO FileOutputCommitter: FileOutputCommitter skip cleanup _temporary folders under output directory:false, ignore cleanup failures: false
[2025-03-15T02:52:22.210+0000] {ssh.py:526} INFO - 25/03/15 02:52:18 INFO SQLHadoopMapReduceCommitProtocol: Using user defined output committer class org.apache.parquet.hadoop.ParquetOutputCommitter
[2025-03-15T02:52:22.210+0000] {ssh.py:526} INFO - 25/03/15 02:52:18 INFO FileOutputCommitter: File Output Committer Algorithm version is 1
[2025-03-15T02:52:22.211+0000] {ssh.py:526} INFO - 25/03/15 02:52:18 INFO FileOutputCommitter: FileOutputCommitter skip cleanup _temporary folders under output directory:false, ignore cleanup failures: false
[2025-03-15T02:52:22.211+0000] {ssh.py:526} INFO - 25/03/15 02:52:18 INFO SQLHadoopMapReduceCommitProtocol: Using output committer class org.apache.parquet.hadoop.ParquetOutputCommitter
[2025-03-15T02:52:22.211+0000] {ssh.py:526} INFO - 25/03/15 02:52:18 INFO CodeGenerator: Code generated in 58.43321 ms
[2025-03-15T02:52:22.211+0000] {ssh.py:526} INFO - 25/03/15 02:52:18 INFO MemoryStore: Block broadcast_4 stored as values in memory (estimated size 200.9 KiB, free 433.7 MiB)
[2025-03-15T02:52:22.211+0000] {ssh.py:526} INFO - 25/03/15 02:52:18 INFO MemoryStore: Block broadcast_4_piece0 stored as bytes in memory (estimated size 34.7 KiB, free 433.6 MiB)
[2025-03-15T02:52:22.212+0000] {ssh.py:526} INFO - 25/03/15 02:52:18 INFO BlockManagerInfo: Added broadcast_4_piece0 in memory on 0.0.0.0:33561 (size: 34.7 KiB, free: 434.3 MiB)
[2025-03-15T02:52:22.212+0000] {ssh.py:526} INFO - 25/03/15 02:52:18 INFO SparkContext: Created broadcast 4 from save at NativeMethodAccessorImpl.java:0
[2025-03-15T02:52:22.212+0000] {ssh.py:526} INFO - 25/03/15 02:52:18 INFO FileSourceScanExec: Planning scan with bin packing, max size: 5323983 bytes, open cost is considered as scanning 4194304 bytes.
[2025-03-15T02:52:22.212+0000] {ssh.py:526} INFO - 25/03/15 02:52:18 INFO SparkContext: Starting job: save at NativeMethodAccessorImpl.java:0
[2025-03-15T02:52:22.212+0000] {ssh.py:526} INFO - 25/03/15 02:52:18 INFO DAGScheduler: Got job 2 (save at NativeMethodAccessorImpl.java:0) with 1 output partitions
[2025-03-15T02:52:22.212+0000] {ssh.py:526} INFO - 25/03/15 02:52:18 INFO DAGScheduler: Final stage: ResultStage 2 (save at NativeMethodAccessorImpl.java:0)
[2025-03-15T02:52:22.213+0000] {ssh.py:526} INFO - 25/03/15 02:52:18 INFO DAGScheduler: Parents of final stage: List()
[2025-03-15T02:52:22.213+0000] {ssh.py:526} INFO - 25/03/15 02:52:18 INFO DAGScheduler: Missing parents: List()
[2025-03-15T02:52:22.213+0000] {ssh.py:526} INFO - 25/03/15 02:52:18 INFO DAGScheduler: Submitting ResultStage 2 (MapPartitionsRDD[11] at save at NativeMethodAccessorImpl.java:0), which has no missing parents
[2025-03-15T02:52:22.213+0000] {ssh.py:526} INFO - 25/03/15 02:52:18 INFO MemoryStore: Block broadcast_5 stored as values in memory (estimated size 223.4 KiB, free 433.4 MiB)
[2025-03-15T02:52:22.213+0000] {ssh.py:526} INFO - 25/03/15 02:52:18 INFO MemoryStore: Block broadcast_5_piece0 stored as bytes in memory (estimated size 80.4 KiB, free 433.3 MiB)
[2025-03-15T02:52:22.213+0000] {ssh.py:526} INFO - 25/03/15 02:52:18 INFO BlockManagerInfo: Added broadcast_5_piece0 in memory on 0.0.0.0:33561 (size: 80.4 KiB, free: 434.2 MiB)
[2025-03-15T02:52:22.213+0000] {ssh.py:526} INFO - 25/03/15 02:52:18 INFO SparkContext: Created broadcast 5 from broadcast at DAGScheduler.scala:1585
[2025-03-15T02:52:22.214+0000] {ssh.py:526} INFO - 25/03/15 02:52:18 INFO DAGScheduler: Submitting 1 missing tasks from ResultStage 2 (MapPartitionsRDD[11] at save at NativeMethodAccessorImpl.java:0) (first 15 tasks are for partitions Vector(0))
[2025-03-15T02:52:22.214+0000] {ssh.py:526} INFO - 25/03/15 02:52:18 INFO TaskSchedulerImpl: Adding task set 2.0 with 1 tasks resource profile 0
[2025-03-15T02:52:22.214+0000] {ssh.py:526} INFO - 25/03/15 02:52:18 INFO TaskSetManager: Starting task 0.0 in stage 2.0 (TID 2) (ip-172-31-12-182.ap-northeast-2.compute.internal, executor driver, partition 0, PROCESS_LOCAL, 9636 bytes) 
[2025-03-15T02:52:22.214+0000] {ssh.py:526} INFO - 25/03/15 02:52:18 INFO Executor: Running task 0.0 in stage 2.0 (TID 2)
[2025-03-15T02:52:22.214+0000] {ssh.py:526} INFO - 25/03/15 02:52:18 INFO BlockManagerInfo: Removed broadcast_3_piece0 on 0.0.0.0:33561 in memory (size: 81.0 KiB, free: 434.3 MiB)
[2025-03-15T02:52:22.215+0000] {ssh.py:526} INFO - 25/03/15 02:52:18 INFO CodeGenerator: Code generated in 132.721186 ms
[2025-03-15T02:52:22.215+0000] {ssh.py:526} INFO - 25/03/15 02:52:18 INFO FileOutputCommitter: File Output Committer Algorithm version is 1
[2025-03-15T02:52:22.215+0000] {ssh.py:526} INFO - 25/03/15 02:52:18 INFO FileOutputCommitter: FileOutputCommitter skip cleanup _temporary folders under output directory:false, ignore cleanup failures: false
[2025-03-15T02:52:22.215+0000] {ssh.py:526} INFO - 25/03/15 02:52:18 INFO SQLHadoopMapReduceCommitProtocol: Using user defined output committer class org.apache.parquet.hadoop.ParquetOutputCommitter
[2025-03-15T02:52:22.215+0000] {ssh.py:526} INFO - 25/03/15 02:52:18 INFO FileOutputCommitter: File Output Committer Algorithm version is 1
[2025-03-15T02:52:22.215+0000] {ssh.py:526} INFO - 25/03/15 02:52:18 INFO FileOutputCommitter: FileOutputCommitter skip cleanup _temporary folders under output directory:false, ignore cleanup failures: false
[2025-03-15T02:52:22.215+0000] {ssh.py:526} INFO - 25/03/15 02:52:18 INFO SQLHadoopMapReduceCommitProtocol: Using output committer class org.apache.parquet.hadoop.ParquetOutputCommitter
[2025-03-15T02:52:22.215+0000] {ssh.py:526} INFO - 25/03/15 02:52:18 INFO CodecConfig: Compression: SNAPPY
[2025-03-15T02:52:22.216+0000] {ssh.py:526} INFO - 25/03/15 02:52:18 INFO CodecConfig: Compression: SNAPPY
[2025-03-15T02:52:22.216+0000] {ssh.py:526} INFO - 25/03/15 02:52:18 INFO ParquetOutputFormat: ParquetRecordWriter [block size: 134217728b, row group padding size: 8388608b, validating: false]
[2025-03-15T02:52:22.216+0000] {ssh.py:526} INFO - 25/03/15 02:52:18 INFO ParquetWriteSupport: Initialized Parquet WriteSupport with Catalyst schema:
[2025-03-15T02:52:22.216+0000] {ssh.py:526} INFO - {
[2025-03-15T02:52:22.216+0000] {ssh.py:526} INFO -   "type" : "struct",
[2025-03-15T02:52:22.216+0000] {ssh.py:526} INFO -   "fields" : [ {
[2025-03-15T02:52:22.217+0000] {ssh.py:526} INFO -     "name" : "match_id",
[2025-03-15T02:52:22.217+0000] {ssh.py:526} INFO -     "type" : "string",
[2025-03-15T02:52:22.217+0000] {ssh.py:526} INFO -     "nullable" : true,
[2025-03-15T02:52:22.217+0000] {ssh.py:526} INFO -     "metadata" : { }
[2025-03-15T02:52:22.217+0000] {ssh.py:526} INFO -   }, {
[2025-03-15T02:52:22.217+0000] {ssh.py:526} INFO -     "name" : "spid",
[2025-03-15T02:52:22.217+0000] {ssh.py:526} INFO -     "type" : "integer",
[2025-03-15T02:52:22.217+0000] {ssh.py:526} INFO -     "nullable" : true,
[2025-03-15T02:52:22.218+0000] {ssh.py:526} INFO -     "metadata" : { }
[2025-03-15T02:52:22.218+0000] {ssh.py:526} INFO -   }, {
[2025-03-15T02:52:22.218+0000] {ssh.py:526} INFO -     "name" : "season_id",
[2025-03-15T02:52:22.218+0000] {ssh.py:526} INFO -     "type" : "integer",
[2025-03-15T02:52:22.218+0000] {ssh.py:526} INFO -     "nullable" : true,
[2025-03-15T02:52:22.218+0000] {ssh.py:526} INFO -     "metadata" : { }
[2025-03-15T02:52:22.218+0000] {ssh.py:526} INFO -   }, {
[2025-03-15T02:52:22.219+0000] {ssh.py:526} INFO -     "name" : "gamer_nickname",
[2025-03-15T02:52:22.219+0000] {ssh.py:526} INFO -     "type" : "string",
[2025-03-15T02:52:22.219+0000] {ssh.py:526} INFO -     "nullable" : true,
[2025-03-15T02:52:22.219+0000] {ssh.py:526} INFO -     "metadata" : { }
[2025-03-15T02:52:22.219+0000] {ssh.py:526} INFO -   }, {
[2025-03-15T02:52:22.220+0000] {ssh.py:526} INFO -     "name" : "position",
[2025-03-15T02:52:22.220+0000] {ssh.py:526} INFO -     "type" : "integer",
[2025-03-15T02:52:22.220+0000] {ssh.py:526} INFO -     "nullable" : true,
[2025-03-15T02:52:22.220+0000] {ssh.py:526} INFO -     "metadata" : { }
[2025-03-15T02:52:22.220+0000] {ssh.py:526} INFO -   }, {
[2025-03-15T02:52:22.220+0000] {ssh.py:526} INFO -     "name" : "spgrade",
[2025-03-15T02:52:22.221+0000] {ssh.py:526} INFO -     "type" : "integer",
[2025-03-15T02:52:22.221+0000] {ssh.py:526} INFO -     "nullable" : true,
[2025-03-15T02:52:22.221+0000] {ssh.py:526} INFO -     "metadata" : { }
[2025-03-15T02:52:22.221+0000] {ssh.py:526} INFO -   }, {
[2025-03-15T02:52:22.221+0000] {ssh.py:526} INFO -     "name" : "matchresult",
[2025-03-15T02:52:22.221+0000] {ssh.py:526} INFO -     "type" : "string",
[2025-03-15T02:52:22.221+0000] {ssh.py:526} INFO -     "nullable" : true,
[2025-03-15T02:52:22.221+0000] {ssh.py:526} INFO -     "metadata" : { }
[2025-03-15T02:52:22.221+0000] {ssh.py:526} INFO -   } ]
[2025-03-15T02:52:22.222+0000] {ssh.py:526} INFO - }
[2025-03-15T02:52:22.222+0000] {ssh.py:526} INFO - and corresponding Parquet message type:
[2025-03-15T02:52:22.222+0000] {ssh.py:526} INFO - message spark_schema {
[2025-03-15T02:52:22.222+0000] {ssh.py:526} INFO -   optional binary match_id (STRING);
[2025-03-15T02:52:22.222+0000] {ssh.py:526} INFO -   optional int32 spid;
[2025-03-15T02:52:22.223+0000] {ssh.py:526} INFO -   optional int32 season_id;
[2025-03-15T02:52:22.223+0000] {ssh.py:526} INFO -   optional binary gamer_nickname (STRING);
[2025-03-15T02:52:22.223+0000] {ssh.py:526} INFO -   optional int32 position;
[2025-03-15T02:52:22.223+0000] {ssh.py:526} INFO -   optional int32 spgrade;
[2025-03-15T02:52:22.223+0000] {ssh.py:526} INFO -   optional binary matchresult (STRING);
[2025-03-15T02:52:22.223+0000] {ssh.py:526} INFO - }
[2025-03-15T02:52:22.223+0000] {ssh.py:526} INFO - 
[2025-03-15T02:52:22.223+0000] {ssh.py:526} INFO -        
[2025-03-15T02:52:22.224+0000] {ssh.py:526} INFO - 25/03/15 02:52:19 INFO FileScanRDD: Reading File path: s3a://de5-finalproj-team2/raw_data/json/match_data/2025-03-15/group_0.json, range: 0-1129679, partition values: [empty row]
[2025-03-15T02:52:22.224+0000] {ssh.py:526} INFO - 25/03/15 02:52:19 INFO CodeGenerator: Code generated in 49.356558 ms
[2025-03-15T02:52:22.224+0000] {ssh.py:526} INFO - 25/03/15 02:52:19 INFO CodeGenerator: Code generated in 15.723151 ms
[2025-03-15T02:52:22.224+0000] {ssh.py:526} INFO - 25/03/15 02:52:19 INFO BlockManagerInfo: Removed broadcast_2_piece0 on 0.0.0.0:33561 in memory (size: 34.7 KiB, free: 434.3 MiB)
[2025-03-15T02:52:22.224+0000] {ssh.py:526} INFO - 25/03/15 02:52:20 INFO FileOutputCommitter: Saved output of task 'attempt_202503150252182520781773516603452_0002_m_000000_2' to s3a://de5-finalproj-team2/analytics/match_data/2025-03-15/_temporary/0/task_202503150252182520781773516603452_0002_m_000000
[2025-03-15T02:52:22.224+0000] {ssh.py:526} INFO - 25/03/15 02:52:20 INFO SparkHadoopMapRedUtil: attempt_202503150252182520781773516603452_0002_m_000000_2: Committed. Elapsed time: 557 ms.
[2025-03-15T02:52:22.225+0000] {ssh.py:526} INFO - 25/03/15 02:52:20 INFO Executor: Finished task 0.0 in stage 2.0 (TID 2). 2725 bytes result sent to driver
[2025-03-15T02:52:22.225+0000] {ssh.py:526} INFO - 25/03/15 02:52:20 INFO TaskSetManager: Finished task 0.0 in stage 2.0 (TID 2) in 1765 ms on ip-172-31-12-182.ap-northeast-2.compute.internal (executor driver) (1/1)
[2025-03-15T02:52:22.225+0000] {ssh.py:526} INFO - 25/03/15 02:52:20 INFO TaskSchedulerImpl: Removed TaskSet 2.0, whose tasks have all completed, from pool 
[2025-03-15T02:52:22.225+0000] {ssh.py:526} INFO - 25/03/15 02:52:20 INFO DAGScheduler: ResultStage 2 (save at NativeMethodAccessorImpl.java:0) finished in 1.857 s
[2025-03-15T02:52:22.225+0000] {ssh.py:526} INFO - 25/03/15 02:52:20 INFO DAGScheduler: Job 2 is finished. Cancelling potential speculative or zombie tasks for this job
[2025-03-15T02:52:22.225+0000] {ssh.py:526} INFO - 25/03/15 02:52:20 INFO TaskSchedulerImpl: Killing all running tasks in stage 2: Stage finished
[2025-03-15T02:52:22.225+0000] {ssh.py:526} INFO - 25/03/15 02:52:20 INFO DAGScheduler: Job 2 finished: save at NativeMethodAccessorImpl.java:0, took 1.870441 s
[2025-03-15T02:52:22.225+0000] {ssh.py:526} INFO - 25/03/15 02:52:20 INFO FileFormatWriter: Start to commit write Job b5bb9c31-3d24-42b1-94c2-0f883fbd2b8e.
[2025-03-15T02:52:22.226+0000] {ssh.py:526} INFO - 25/03/15 02:52:21 INFO FileFormatWriter: Write Job b5bb9c31-3d24-42b1-94c2-0f883fbd2b8e committed. Elapsed time: 906 ms.
[2025-03-15T02:52:22.226+0000] {ssh.py:526} INFO - 25/03/15 02:52:21 INFO FileFormatWriter: Finished processing stats for write job b5bb9c31-3d24-42b1-94c2-0f883fbd2b8e.
[2025-03-15T02:52:22.226+0000] {ssh.py:526} INFO - 25/03/15 02:52:21 INFO SparkContext: SparkContext is stopping with exitCode 0.
[2025-03-15T02:52:22.226+0000] {ssh.py:526} INFO - 25/03/15 02:52:21 INFO SparkUI: Stopped Spark web UI at http://0.0.0.0:4040
[2025-03-15T02:52:22.226+0000] {ssh.py:526} INFO - 25/03/15 02:52:21 INFO MapOutputTrackerMasterEndpoint: MapOutputTrackerMasterEndpoint stopped!
[2025-03-15T02:52:22.227+0000] {ssh.py:526} INFO - 25/03/15 02:52:21 INFO MemoryStore: MemoryStore cleared
[2025-03-15T02:52:22.227+0000] {ssh.py:526} INFO - 25/03/15 02:52:21 INFO BlockManager: BlockManager stopped
[2025-03-15T02:52:22.227+0000] {ssh.py:526} INFO - 25/03/15 02:52:21 INFO BlockManagerMaster: BlockManagerMaster stopped
[2025-03-15T02:52:22.227+0000] {ssh.py:526} INFO - 25/03/15 02:52:21 INFO OutputCommitCoordinator$OutputCommitCoordinatorEndpoint: OutputCommitCoordinator stopped!
[2025-03-15T02:52:22.227+0000] {ssh.py:526} INFO - 25/03/15 02:52:21 INFO SparkContext: Successfully stopped SparkContext
[2025-03-15T02:52:22.227+0000] {ssh.py:526} INFO - 25/03/15 02:52:22 INFO ShutdownHookManager: Shutdown hook called
[2025-03-15T02:52:22.228+0000] {ssh.py:526} INFO - 25/03/15 02:52:22 INFO ShutdownHookManager: Deleting directory /tmp/spark-38d14e54-2e4c-4b10-bb46-b231caf84f20/pyspark-830ddff8-4e73-40ff-8338-15060f8b77b2
[2025-03-15T02:52:22.228+0000] {ssh.py:526} INFO - 25/03/15 02:52:22 INFO ShutdownHookManager: Deleting directory /tmp/spark-947fcf11-9483-40df-9595-4d5fe510da35
[2025-03-15T02:52:22.228+0000] {ssh.py:526} INFO - 25/03/15 02:52:22 INFO ShutdownHookManager: Deleting directory /tmp/spark-38d14e54-2e4c-4b10-bb46-b231caf84f20
[2025-03-15T02:52:22.228+0000] {ssh.py:526} INFO - 25/03/15 02:52:22 INFO MetricsSystemImpl: Stopping s3a-file-system metrics system...
[2025-03-15T02:52:22.228+0000] {ssh.py:526} INFO - 25/03/15 02:52:22 INFO MetricsSystemImpl: s3a-file-system metrics system stopped.
[2025-03-15T02:52:22.229+0000] {ssh.py:526} INFO - 25/03/15 02:52:22 INFO MetricsSystemImpl: s3a-file-system metrics system shutdown complete.
[2025-03-15T02:52:22.229+0000] {ssh.py:526} INFO - === Spark Job Log End ===
[2025-03-15T02:52:22.229+0000] {ssh.py:526} INFO - Spark Job Succeeded!
[2025-03-15T02:52:22.250+0000] {taskinstance.py:441} INFO - ::group::Post task execution logs
[2025-03-15T02:52:22.298+0000] {taskinstance.py:1206} INFO - Marking task as SUCCESS. dag_id=match_info_spark_processing_dag, task_id=submit_spark_via_ssh, run_id=manual__2025-03-15T02:51:47.893189+00:00, execution_date=20250315T025147, start_date=20250315T025151, end_date=20250315T025222
[2025-03-15T02:52:22.335+0000] {local_task_job_runner.py:240} INFO - Task exited with return code 0
[2025-03-15T02:52:22.384+0000] {taskinstance.py:3498} INFO - 1 downstream tasks scheduled from follow-on schedule check
[2025-03-15T02:52:22.386+0000] {local_task_job_runner.py:222} INFO - ::endgroup::
