[2025-03-14T11:11:30.948+0000] {local_task_job_runner.py:120} INFO - ::group::Pre task execution logs
[2025-03-14T11:11:30.976+0000] {taskinstance.py:2076} INFO - Dependencies all met for dep_context=non-requeueable deps ti=<TaskInstance: daily_review_data_update.load_review_data_to_redshift manual__2025-03-14T11:11:29.595515+00:00 [queued]>
[2025-03-14T11:11:30.987+0000] {taskinstance.py:2076} INFO - Dependencies all met for dep_context=requeueable deps ti=<TaskInstance: daily_review_data_update.load_review_data_to_redshift manual__2025-03-14T11:11:29.595515+00:00 [queued]>
[2025-03-14T11:11:30.988+0000] {taskinstance.py:2306} INFO - Starting attempt 1 of 2
[2025-03-14T11:11:31.005+0000] {taskinstance.py:2330} INFO - Executing <Task(S3ToRedshiftOperator): load_review_data_to_redshift> on 2025-03-14 11:11:29.595515+00:00
[2025-03-14T11:11:31.012+0000] {standard_task_runner.py:63} INFO - Started process 45641 to run task
[2025-03-14T11:11:31.018+0000] {standard_task_runner.py:90} INFO - Running: ['***', 'tasks', 'run', 'daily_review_data_update', 'load_review_data_to_redshift', 'manual__2025-03-14T11:11:29.595515+00:00', '--job-id', '249', '--raw', '--subdir', 'DAGS_FOLDER/review_info_to_redshift.py', '--cfg-path', '/tmp/tmpzmux2b5d']
[2025-03-14T11:11:31.021+0000] {standard_task_runner.py:91} INFO - Job 249: Subtask load_review_data_to_redshift
[2025-03-14T11:11:31.123+0000] {task_command.py:426} INFO - Running <TaskInstance: daily_review_data_update.load_review_data_to_redshift manual__2025-03-14T11:11:29.595515+00:00 [running]> on host a0d797a25898
[2025-03-14T11:11:31.276+0000] {taskinstance.py:2648} INFO - Exporting env vars: AIRFLOW_CTX_DAG_OWNER='***' AIRFLOW_CTX_DAG_ID='daily_review_data_update' AIRFLOW_CTX_TASK_ID='load_review_data_to_redshift' AIRFLOW_CTX_EXECUTION_DATE='2025-03-14T11:11:29.595515+00:00' AIRFLOW_CTX_TRY_NUMBER='1' AIRFLOW_CTX_DAG_RUN_ID='manual__2025-03-14T11:11:29.595515+00:00'
[2025-03-14T11:11:31.277+0000] {taskinstance.py:430} INFO - ::endgroup::
[2025-03-14T11:11:31.349+0000] {base.py:84} INFO - Using connection ID 's3_conn_team' for task execution.
[2025-03-14T11:11:31.366+0000] {base.py:84} INFO - Using connection ID 's3_conn_team' for task execution.
[2025-03-14T11:11:31.366+0000] {connection_wrapper.py:384} INFO - AWS Connection (conn_id='s3_conn_team', conn_type='aws') credentials retrieved from login and password.
[2025-03-14T11:11:31.380+0000] {s3_to_redshift.py:193} INFO - Executing COPY command...
[2025-03-14T11:11:31.395+0000] {base.py:84} INFO - Using connection ID 'redshift_conn_team' for task execution.
[2025-03-14T11:11:31.932+0000] {sql.py:470} INFO - Running statement: BEGIN;, parameters: None
[2025-03-14T11:11:31.938+0000] {sql.py:470} INFO - Running statement: DELETE FROM analytics.player_review_info;, parameters: None
[2025-03-14T11:11:32.079+0000] {sql.py:479} INFO - Rows affected: 18152
[2025-03-14T11:11:32.079+0000] {sql.py:470} INFO - Running statement: 
                    COPY analytics.player_review_info 
                    FROM 's3://de5-finalproj-team2/analytics/review_data_ML/2025-03-14/'
                    credentials
                    'aws_access_key_id=AKIA4RRVVY55RK5T7HCV;aws_secret_access_key=***'
                    
                    FORMAT AS PARQUET;
        , parameters: None
[2025-03-14T11:11:41.011+0000] {sql.py:470} INFO - Running statement: COMMIT, parameters: None
[2025-03-14T11:11:41.070+0000] {s3_to_redshift.py:198} INFO - COPY command complete...
[2025-03-14T11:11:41.070+0000] {taskinstance.py:441} INFO - ::group::Post task execution logs
[2025-03-14T11:11:41.092+0000] {taskinstance.py:1206} INFO - Marking task as SUCCESS. dag_id=daily_review_data_update, task_id=load_review_data_to_redshift, run_id=manual__2025-03-14T11:11:29.595515+00:00, execution_date=20250314T111129, start_date=20250314T111130, end_date=20250314T111141
[2025-03-14T11:11:41.132+0000] {local_task_job_runner.py:240} INFO - Task exited with return code 0
[2025-03-14T11:11:41.159+0000] {taskinstance.py:3498} INFO - 0 downstream tasks scheduled from follow-on schedule check
[2025-03-14T11:11:41.161+0000] {local_task_job_runner.py:222} INFO - ::endgroup::
