[2025-03-12T04:23:19.099+0000] {local_task_job_runner.py:120} INFO - ::group::Pre task execution logs
[2025-03-12T04:23:19.124+0000] {taskinstance.py:2076} INFO - Dependencies all met for dep_context=non-requeueable deps ti=<TaskInstance: s3_csv_to_parquet_dag.submit_spark_via_ssh scheduled__2025-03-10T12:00:00+00:00 [queued]>
[2025-03-12T04:23:19.134+0000] {taskinstance.py:2076} INFO - Dependencies all met for dep_context=requeueable deps ti=<TaskInstance: s3_csv_to_parquet_dag.submit_spark_via_ssh scheduled__2025-03-10T12:00:00+00:00 [queued]>
[2025-03-12T04:23:19.134+0000] {taskinstance.py:2306} INFO - Starting attempt 2 of 3
[2025-03-12T04:23:19.150+0000] {taskinstance.py:2330} INFO - Executing <Task(SSHOperator): submit_spark_via_ssh> on 2025-03-10 12:00:00+00:00
[2025-03-12T04:23:19.156+0000] {standard_task_runner.py:63} INFO - Started process 10869 to run task
[2025-03-12T04:23:19.161+0000] {standard_task_runner.py:90} INFO - Running: ['***', 'tasks', 'run', 's3_csv_to_parquet_dag', 'submit_spark_via_ssh', 'scheduled__2025-03-10T12:00:00+00:00', '--job-id', '73', '--raw', '--subdir', 'DAGS_FOLDER/s3_csv_to_parquet_dag.py', '--cfg-path', '/tmp/tmpubym7gnq']
[2025-03-12T04:23:19.164+0000] {standard_task_runner.py:91} INFO - Job 73: Subtask submit_spark_via_ssh
[2025-03-12T04:23:19.234+0000] {task_command.py:426} INFO - Running <TaskInstance: s3_csv_to_parquet_dag.submit_spark_via_ssh scheduled__2025-03-10T12:00:00+00:00 [running]> on host a0d797a25898
[2025-03-12T04:23:19.363+0000] {taskinstance.py:2648} INFO - Exporting env vars: AIRFLOW_CTX_DAG_OWNER='***' AIRFLOW_CTX_DAG_ID='s3_csv_to_parquet_dag' AIRFLOW_CTX_TASK_ID='submit_spark_via_ssh' AIRFLOW_CTX_EXECUTION_DATE='2025-03-10T12:00:00+00:00' AIRFLOW_CTX_TRY_NUMBER='2' AIRFLOW_CTX_DAG_RUN_ID='scheduled__2025-03-10T12:00:00+00:00'
[2025-03-12T04:23:19.364+0000] {taskinstance.py:430} INFO - ::endgroup::
[2025-03-12T04:23:19.381+0000] {ssh.py:151} INFO - Creating ssh_client
[2025-03-12T04:23:19.381+0000] {ssh.py:124} INFO - ssh_hook is not provided or invalid. Trying ssh_conn_id to create SSHHook.
[2025-03-12T04:23:19.396+0000] {base.py:84} INFO - Using connection ID 'spark_ssh_conn' for task execution.
[2025-03-12T04:23:19.397+0000] {ssh.py:301} WARNING - No Host Key Verification. This won't protect against Man-In-The-Middle attacks
[2025-03-12T04:23:19.402+0000] {transport.py:1909} INFO - Connected (version 2.0, client OpenSSH_9.6p1)
[2025-03-12T04:23:19.505+0000] {transport.py:1909} INFO - Authentication (publickey) successful!
[2025-03-12T04:23:19.506+0000] {ssh.py:480} INFO - Running command: 
    set -e
    echo "Starting Spark Job on 2025-03-11"
    /spark-3.5.3/bin/spark-submit /home/ubuntu/spark_scripts/rankingInfo_To_Parquet.py 2025-03-11
    exit_code=$?

    if [ $exit_code -ne 0 ]; then
        echo "Spark Job Failed! Check logs."
        exit 1
    else
        echo "Spark Job Succeeded!"
    fi
    
[2025-03-12T04:23:19.948+0000] {ssh.py:526} INFO - Starting Spark Job on 2025-03-11
[2025-03-12T04:23:23.951+0000] {ssh.py:531} WARNING - 25/03/12 04:23:23 INFO SparkContext: Running Spark version 3.5.3
[2025-03-12T04:23:23.956+0000] {ssh.py:531} WARNING - 25/03/12 04:23:23 INFO SparkContext: OS info Linux, 6.8.0-1024-aws, amd64
[2025-03-12T04:23:23.956+0000] {ssh.py:531} WARNING - 25/03/12 04:23:23 INFO SparkContext: Java version 11.0.26
[2025-03-12T04:23:24.064+0000] {ssh.py:531} WARNING - 25/03/12 04:23:24 WARN NativeCodeLoader: Unable to load native-hadoop library for your platform... using builtin-java classes where applicable
[2025-03-12T04:23:24.220+0000] {ssh.py:531} WARNING - 25/03/12 04:23:24 INFO ResourceUtils: ==============================================================
[2025-03-12T04:23:24.220+0000] {ssh.py:531} WARNING - 25/03/12 04:23:24 INFO ResourceUtils: No custom resources configured for spark.driver.
[2025-03-12T04:23:24.225+0000] {ssh.py:531} WARNING - 25/03/12 04:23:24 INFO ResourceUtils: ==============================================================
[2025-03-12T04:23:24.226+0000] {ssh.py:531} WARNING - 25/03/12 04:23:24 INFO SparkContext: Submitted application: S3_CSV_to_Parquet
[2025-03-12T04:23:24.252+0000] {ssh.py:531} WARNING - 25/03/12 04:23:24 INFO ResourceProfile: Default ResourceProfile created, executor resources: Map(cores -> name: cores, amount: 1, script: , vendor: , memory -> name: memory, amount: 1024, script: , vendor: , offHeap -> name: offHeap, amount: 0, script: , vendor: ), task resources: Map(cpus -> name: cpus, amount: 1.0)
[2025-03-12T04:23:24.268+0000] {ssh.py:531} WARNING - 25/03/12 04:23:24 INFO ResourceProfile: Limiting resource is cpu
[2025-03-12T04:23:24.269+0000] {ssh.py:531} WARNING - 25/03/12 04:23:24 INFO ResourceProfileManager: Added ResourceProfile id: 0
[2025-03-12T04:23:24.344+0000] {ssh.py:531} WARNING - 25/03/12 04:23:24 INFO SecurityManager: Changing view acls to: ubuntu
[2025-03-12T04:23:24.345+0000] {ssh.py:531} WARNING - 25/03/12 04:23:24 INFO SecurityManager: Changing modify acls to: ubuntu
[2025-03-12T04:23:24.345+0000] {ssh.py:531} WARNING - 25/03/12 04:23:24 INFO SecurityManager: Changing view acls groups to: 
[2025-03-12T04:23:24.345+0000] {ssh.py:531} WARNING - 25/03/12 04:23:24 INFO SecurityManager: Changing modify acls groups to: 
[2025-03-12T04:23:24.345+0000] {ssh.py:531} WARNING - 25/03/12 04:23:24 INFO SecurityManager: SecurityManager: authentication disabled; ui acls disabled; users with view permissions: ubuntu; groups with view permissions: EMPTY; users with modify permissions: ubuntu; groups with modify permissions: EMPTY
[2025-03-12T04:23:24.762+0000] {ssh.py:531} WARNING - 25/03/12 04:23:24 INFO Utils: Successfully started service 'sparkDriver' on port 43371.
[2025-03-12T04:23:24.794+0000] {ssh.py:531} WARNING - 25/03/12 04:23:24 INFO SparkEnv: Registering MapOutputTracker
[2025-03-12T04:23:24.837+0000] {ssh.py:531} WARNING - 25/03/12 04:23:24 INFO SparkEnv: Registering BlockManagerMaster
[2025-03-12T04:23:24.859+0000] {ssh.py:531} WARNING - 25/03/12 04:23:24 INFO BlockManagerMasterEndpoint: Using org.apache.spark.storage.DefaultTopologyMapper for getting topology information
[2025-03-12T04:23:24.861+0000] {ssh.py:531} WARNING - 25/03/12 04:23:24 INFO BlockManagerMasterEndpoint: BlockManagerMasterEndpoint up
[2025-03-12T04:23:24.864+0000] {ssh.py:531} WARNING - 25/03/12 04:23:24 INFO SparkEnv: Registering BlockManagerMasterHeartbeat
[2025-03-12T04:23:24.893+0000] {ssh.py:531} WARNING - 25/03/12 04:23:24 INFO DiskBlockManager: Created local directory at /tmp/blockmgr-ebadd50b-d70a-477a-9ab8-e5d0bfa0fd0b
[2025-03-12T04:23:24.913+0000] {ssh.py:531} WARNING - 25/03/12 04:23:24 INFO MemoryStore: MemoryStore started with capacity 434.4 MiB
[2025-03-12T04:23:24.937+0000] {ssh.py:531} WARNING - 25/03/12 04:23:24 INFO SparkEnv: Registering OutputCommitCoordinator
[2025-03-12T04:23:25.179+0000] {ssh.py:531} WARNING - 25/03/12 04:23:25 INFO JettyUtils: Start Jetty 0.0.0.0:4040 for SparkUI
[2025-03-12T04:23:25.277+0000] {ssh.py:531} WARNING - 25/03/12 04:23:25 INFO Utils: Successfully started service 'SparkUI' on port 4040.
[2025-03-12T04:23:25.480+0000] {ssh.py:531} WARNING - 25/03/12 04:23:25 INFO Executor: Starting executor ID driver on host ip-172-31-12-182.ap-northeast-2.compute.internal
[2025-03-12T04:23:25.481+0000] {ssh.py:531} WARNING - 25/03/12 04:23:25 INFO Executor: OS info Linux, 6.8.0-1024-aws, amd64
[2025-03-12T04:23:25.481+0000] {ssh.py:531} WARNING - 25/03/12 04:23:25 INFO Executor: Java version 11.0.26
[2025-03-12T04:23:25.490+0000] {ssh.py:531} WARNING - 25/03/12 04:23:25 INFO Executor: Starting executor with user classpath (userClassPathFirst = false): ''
[2025-03-12T04:23:25.492+0000] {ssh.py:531} WARNING - 25/03/12 04:23:25 INFO Executor: Created or updated repl class loader org.apache.spark.util.MutableURLClassLoader@10af2c7 for default.
[2025-03-12T04:23:25.532+0000] {ssh.py:531} WARNING - 25/03/12 04:23:25 INFO Utils: Successfully started service 'org.apache.spark.network.netty.NettyBlockTransferService' on port 37777.
[2025-03-12T04:23:25.532+0000] {ssh.py:531} WARNING - 25/03/12 04:23:25 INFO NettyBlockTransferService: Server created on 0.0.0.0:37777
[2025-03-12T04:23:25.534+0000] {ssh.py:531} WARNING - 25/03/12 04:23:25 INFO BlockManager: Using org.apache.spark.storage.RandomBlockReplicationPolicy for block replication policy
[2025-03-12T04:23:25.545+0000] {ssh.py:531} WARNING - 25/03/12 04:23:25 INFO BlockManagerMaster: Registering BlockManager BlockManagerId(driver, 0.0.0.0, 37777, None)
[2025-03-12T04:23:25.550+0000] {ssh.py:531} WARNING - 25/03/12 04:23:25 INFO BlockManagerMasterEndpoint: Registering block manager 0.0.0.0:37777 with 434.4 MiB RAM, BlockManagerId(driver, 0.0.0.0, 37777, None)
[2025-03-12T04:23:25.553+0000] {ssh.py:531} WARNING - 25/03/12 04:23:25 INFO BlockManagerMaster: Registered BlockManager BlockManagerId(driver, 0.0.0.0, 37777, None)
[2025-03-12T04:23:25.554+0000] {ssh.py:531} WARNING - 25/03/12 04:23:25 INFO BlockManager: Initialized BlockManager: BlockManagerId(driver, 0.0.0.0, 37777, None)
[2025-03-12T04:23:26.150+0000] {ssh.py:531} WARNING - 25/03/12 04:23:26 INFO SharedState: Setting hive.metastore.warehouse.dir ('null') to the value of spark.sql.warehouse.dir.
[2025-03-12T04:23:26.162+0000] {ssh.py:531} WARNING - 25/03/12 04:23:26 INFO SharedState: Warehouse path is 'file:/home/ubuntu/spark-warehouse'.
[2025-03-12T04:23:27.426+0000] {ssh.py:531} WARNING - 25/03/12 04:23:27 WARN MetricsConfig: Cannot locate configuration: tried hadoop-metrics2-s3a-file-system.properties,hadoop-metrics2.properties
[2025-03-12T04:23:27.450+0000] {ssh.py:531} WARNING - 25/03/12 04:23:27 INFO MetricsSystemImpl: Scheduled Metric snapshot period at 10 second(s).
[2025-03-12T04:23:27.451+0000] {ssh.py:531} WARNING - 25/03/12 04:23:27 INFO MetricsSystemImpl: s3a-file-system metrics system started
[2025-03-12T04:23:29.107+0000] {ssh.py:531} WARNING - 25/03/12 04:23:29 INFO InMemoryFileIndex: It took 128 ms to list leaf files for 1 paths.
[2025-03-12T04:23:29.271+0000] {ssh.py:531} WARNING - 25/03/12 04:23:29 INFO InMemoryFileIndex: It took 44 ms to list leaf files for 1 paths.
[2025-03-12T04:23:32.774+0000] {ssh.py:531} WARNING - 25/03/12 04:23:32 INFO FileSourceStrategy: Pushed Filters: 
[2025-03-12T04:23:32.778+0000] {ssh.py:531} WARNING - 25/03/12 04:23:32 INFO FileSourceStrategy: Post-Scan Filters: (length(trim(value#0, None)) > 0)
[2025-03-12T04:23:33.774+0000] {ssh.py:531} WARNING - 25/03/12 04:23:33 INFO CodeGenerator: Code generated in 372.450818 ms
[2025-03-12T04:23:33.854+0000] {ssh.py:531} WARNING - 25/03/12 04:23:33 INFO MemoryStore: Block broadcast_0 stored as values in memory (estimated size 200.5 KiB, free 434.2 MiB)
[2025-03-12T04:23:33.938+0000] {ssh.py:531} WARNING - 25/03/12 04:23:33 INFO MemoryStore: Block broadcast_0_piece0 stored as bytes in memory (estimated size 34.7 KiB, free 434.2 MiB)
[2025-03-12T04:23:33.940+0000] {ssh.py:531} WARNING - 25/03/12 04:23:33 INFO BlockManagerInfo: Added broadcast_0_piece0 in memory on 0.0.0.0:37777 (size: 34.7 KiB, free: 434.4 MiB)
[2025-03-12T04:23:33.945+0000] {ssh.py:531} WARNING - 25/03/12 04:23:33 INFO SparkContext: Created broadcast 0 from csv at NativeMethodAccessorImpl.java:0
[2025-03-12T04:23:33.959+0000] {ssh.py:531} WARNING - 25/03/12 04:23:33 INFO FileSourceScanExec: Planning scan with bin packing, max size: 4194304 bytes, open cost is considered as scanning 4194304 bytes.
[2025-03-12T04:23:34.175+0000] {ssh.py:531} WARNING - 25/03/12 04:23:34 INFO SparkContext: Starting job: csv at NativeMethodAccessorImpl.java:0
[2025-03-12T04:23:34.197+0000] {ssh.py:531} WARNING - 25/03/12 04:23:34 INFO DAGScheduler: Got job 0 (csv at NativeMethodAccessorImpl.java:0) with 1 output partitions
[2025-03-12T04:23:34.198+0000] {ssh.py:531} WARNING - 25/03/12 04:23:34 INFO DAGScheduler: Final stage: ResultStage 0 (csv at NativeMethodAccessorImpl.java:0)
[2025-03-12T04:23:34.199+0000] {ssh.py:531} WARNING - 25/03/12 04:23:34 INFO DAGScheduler: Parents of final stage: List()
[2025-03-12T04:23:34.202+0000] {ssh.py:531} WARNING - 25/03/12 04:23:34 INFO DAGScheduler: Missing parents: List()
[2025-03-12T04:23:34.214+0000] {ssh.py:531} WARNING - 25/03/12 04:23:34 INFO DAGScheduler: Submitting ResultStage 0 (MapPartitionsRDD[3] at csv at NativeMethodAccessorImpl.java:0), which has no missing parents
[2025-03-12T04:23:34.388+0000] {ssh.py:531} WARNING - 25/03/12 04:23:34 INFO MemoryStore: Block broadcast_1 stored as values in memory (estimated size 13.5 KiB, free 434.2 MiB)
[2025-03-12T04:23:34.391+0000] {ssh.py:531} WARNING - 25/03/12 04:23:34 INFO MemoryStore: Block broadcast_1_piece0 stored as bytes in memory (estimated size 6.4 KiB, free 434.2 MiB)
[2025-03-12T04:23:34.392+0000] {ssh.py:531} WARNING - 25/03/12 04:23:34 INFO BlockManagerInfo: Added broadcast_1_piece0 in memory on 0.0.0.0:37777 (size: 6.4 KiB, free: 434.4 MiB)
[2025-03-12T04:23:34.395+0000] {ssh.py:531} WARNING - 25/03/12 04:23:34 INFO SparkContext: Created broadcast 1 from broadcast at DAGScheduler.scala:1585
[2025-03-12T04:23:34.430+0000] {ssh.py:531} WARNING - 25/03/12 04:23:34 INFO DAGScheduler: Submitting 1 missing tasks from ResultStage 0 (MapPartitionsRDD[3] at csv at NativeMethodAccessorImpl.java:0) (first 15 tasks are for partitions Vector(0))
[2025-03-12T04:23:34.431+0000] {ssh.py:531} WARNING - 25/03/12 04:23:34 INFO TaskSchedulerImpl: Adding task set 0.0 with 1 tasks resource profile 0
[2025-03-12T04:23:34.498+0000] {ssh.py:531} WARNING - 25/03/12 04:23:34 INFO TaskSetManager: Starting task 0.0 in stage 0.0 (TID 0) (ip-172-31-12-182.ap-northeast-2.compute.internal, executor driver, partition 0, PROCESS_LOCAL, 9640 bytes) 
[2025-03-12T04:23:34.526+0000] {ssh.py:531} WARNING - 25/03/12 04:23:34 INFO Executor: Running task 0.0 in stage 0.0 (TID 0)
[2025-03-12T04:23:34.711+0000] {ssh.py:531} WARNING - 25/03/12 04:23:34 INFO CodeGenerator: Code generated in 18.271553 ms
[2025-03-12T04:23:34.716+0000] {ssh.py:531} WARNING - 25/03/12 04:23:34 INFO FileScanRDD: Reading File path: s3a://de5-finalproj-team2/crawl/2025-03-12/crawl_result_processed_20250312.csv, range: 0-1154085, partition values: [empty row]
[2025-03-12T04:23:34.773+0000] {ssh.py:531} WARNING - 25/03/12 04:23:34 INFO CodeGenerator: Code generated in 47.261852 ms
[2025-03-12T04:23:34.939+0000] {ssh.py:531} WARNING - 25/03/12 04:23:34 INFO LineRecordReader: Found UTF-8 BOM and skipped it
[2025-03-12T04:23:34.984+0000] {ssh.py:531} WARNING - 25/03/12 04:23:34 INFO Executor: Finished task 0.0 in stage 0.0 (TID 0). 1756 bytes result sent to driver
[2025-03-12T04:23:35.000+0000] {ssh.py:531} WARNING - 25/03/12 04:23:34 INFO TaskSetManager: Finished task 0.0 in stage 0.0 (TID 0) in 520 ms on ip-172-31-12-182.ap-northeast-2.compute.internal (executor driver) (1/1)
[2025-03-12T04:23:35.003+0000] {ssh.py:531} WARNING - 25/03/12 04:23:35 INFO TaskSchedulerImpl: Removed TaskSet 0.0, whose tasks have all completed, from pool 
[2025-03-12T04:23:35.009+0000] {ssh.py:531} WARNING - 25/03/12 04:23:35 INFO DAGScheduler: ResultStage 0 (csv at NativeMethodAccessorImpl.java:0) finished in 0.765 s
[2025-03-12T04:23:35.014+0000] {ssh.py:531} WARNING - 25/03/12 04:23:35 INFO DAGScheduler: Job 0 is finished. Cancelling potential speculative or zombie tasks for this job
[2025-03-12T04:23:35.015+0000] {ssh.py:531} WARNING - 25/03/12 04:23:35 INFO TaskSchedulerImpl: Killing all running tasks in stage 0: Stage finished
[2025-03-12T04:23:35.017+0000] {ssh.py:531} WARNING - 25/03/12 04:23:35 INFO DAGScheduler: Job 0 finished: csv at NativeMethodAccessorImpl.java:0, took 0.845159 s
[2025-03-12T04:23:35.053+0000] {ssh.py:531} WARNING - 25/03/12 04:23:35 INFO CodeGenerator: Code generated in 13.075482 ms
[2025-03-12T04:23:35.136+0000] {ssh.py:531} WARNING - 25/03/12 04:23:35 INFO FileSourceStrategy: Pushed Filters: 
[2025-03-12T04:23:35.136+0000] {ssh.py:531} WARNING - 25/03/12 04:23:35 INFO FileSourceStrategy: Post-Scan Filters: 
[2025-03-12T04:23:35.148+0000] {ssh.py:531} WARNING - 25/03/12 04:23:35 INFO MemoryStore: Block broadcast_2 stored as values in memory (estimated size 200.5 KiB, free 434.0 MiB)
[2025-03-12T04:23:35.162+0000] {ssh.py:531} WARNING - 25/03/12 04:23:35 INFO MemoryStore: Block broadcast_2_piece0 stored as bytes in memory (estimated size 34.7 KiB, free 433.9 MiB)
[2025-03-12T04:23:35.163+0000] {ssh.py:531} WARNING - 25/03/12 04:23:35 INFO BlockManagerInfo: Added broadcast_2_piece0 in memory on 0.0.0.0:37777 (size: 34.7 KiB, free: 434.3 MiB)
[2025-03-12T04:23:35.164+0000] {ssh.py:531} WARNING - 25/03/12 04:23:35 INFO SparkContext: Created broadcast 2 from csv at NativeMethodAccessorImpl.java:0
[2025-03-12T04:23:35.168+0000] {ssh.py:531} WARNING - 25/03/12 04:23:35 INFO FileSourceScanExec: Planning scan with bin packing, max size: 4194304 bytes, open cost is considered as scanning 4194304 bytes.
[2025-03-12T04:23:35.806+0000] {ssh.py:531} WARNING - 25/03/12 04:23:35 INFO FileSourceStrategy: Pushed Filters: 
[2025-03-12T04:23:35.807+0000] {ssh.py:531} WARNING - 25/03/12 04:23:35 INFO FileSourceStrategy: Post-Scan Filters: 
[2025-03-12T04:23:36.382+0000] {ssh.py:531} WARNING - 25/03/12 04:23:36 INFO ParquetUtils: Using default output committer for Parquet: org.apache.parquet.hadoop.ParquetOutputCommitter
[2025-03-12T04:23:36.403+0000] {ssh.py:531} WARNING - 25/03/12 04:23:36 INFO FileOutputCommitter: File Output Committer Algorithm version is 1
[2025-03-12T04:23:36.404+0000] {ssh.py:531} WARNING - 25/03/12 04:23:36 INFO FileOutputCommitter: FileOutputCommitter skip cleanup _temporary folders under output directory:false, ignore cleanup failures: false
[2025-03-12T04:23:36.404+0000] {ssh.py:531} WARNING - 25/03/12 04:23:36 INFO SQLHadoopMapReduceCommitProtocol: Using user defined output committer class org.apache.parquet.hadoop.ParquetOutputCommitter
[2025-03-12T04:23:36.405+0000] {ssh.py:531} WARNING - 25/03/12 04:23:36 INFO FileOutputCommitter: File Output Committer Algorithm version is 1
[2025-03-12T04:23:36.405+0000] {ssh.py:531} WARNING - 25/03/12 04:23:36 INFO FileOutputCommitter: FileOutputCommitter skip cleanup _temporary folders under output directory:false, ignore cleanup failures: false
[2025-03-12T04:23:36.406+0000] {ssh.py:531} WARNING - 25/03/12 04:23:36 INFO SQLHadoopMapReduceCommitProtocol: Using output committer class org.apache.parquet.hadoop.ParquetOutputCommitter
[2025-03-12T04:23:36.731+0000] {ssh.py:531} WARNING - 25/03/12 04:23:36 INFO CodeGenerator: Code generated in 34.991984 ms
[2025-03-12T04:23:36.735+0000] {ssh.py:531} WARNING - 25/03/12 04:23:36 INFO MemoryStore: Block broadcast_3 stored as values in memory (estimated size 200.4 KiB, free 433.7 MiB)
[2025-03-12T04:23:36.746+0000] {ssh.py:531} WARNING - 25/03/12 04:23:36 INFO MemoryStore: Block broadcast_3_piece0 stored as bytes in memory (estimated size 34.6 KiB, free 433.7 MiB)
[2025-03-12T04:23:36.746+0000] {ssh.py:531} WARNING - 25/03/12 04:23:36 INFO BlockManagerInfo: Added broadcast_3_piece0 in memory on 0.0.0.0:37777 (size: 34.6 KiB, free: 434.3 MiB)
[2025-03-12T04:23:36.747+0000] {ssh.py:531} WARNING - 25/03/12 04:23:36 INFO SparkContext: Created broadcast 3 from parquet at NativeMethodAccessorImpl.java:0
[2025-03-12T04:23:36.753+0000] {ssh.py:531} WARNING - 25/03/12 04:23:36 INFO FileSourceScanExec: Planning scan with bin packing, max size: 4194304 bytes, open cost is considered as scanning 4194304 bytes.
[2025-03-12T04:23:36.772+0000] {ssh.py:531} WARNING - 25/03/12 04:23:36 INFO SparkContext: Starting job: parquet at NativeMethodAccessorImpl.java:0
[2025-03-12T04:23:36.773+0000] {ssh.py:531} WARNING - 25/03/12 04:23:36 INFO DAGScheduler: Got job 1 (parquet at NativeMethodAccessorImpl.java:0) with 1 output partitions
[2025-03-12T04:23:36.774+0000] {ssh.py:531} WARNING - 25/03/12 04:23:36 INFO DAGScheduler: Final stage: ResultStage 1 (parquet at NativeMethodAccessorImpl.java:0)
[2025-03-12T04:23:36.775+0000] {ssh.py:531} WARNING - 25/03/12 04:23:36 INFO DAGScheduler: Parents of final stage: List()
[2025-03-12T04:23:36.776+0000] {ssh.py:531} WARNING - 25/03/12 04:23:36 INFO DAGScheduler: Missing parents: List()
[2025-03-12T04:23:36.780+0000] {ssh.py:531} WARNING - 25/03/12 04:23:36 INFO DAGScheduler: Submitting ResultStage 1 (MapPartitionsRDD[13] at parquet at NativeMethodAccessorImpl.java:0), which has no missing parents
[2025-03-12T04:23:36.859+0000] {ssh.py:531} WARNING - 25/03/12 04:23:36 INFO MemoryStore: Block broadcast_4 stored as values in memory (estimated size 223.0 KiB, free 433.5 MiB)
[2025-03-12T04:23:36.868+0000] {ssh.py:531} WARNING - 25/03/12 04:23:36 INFO MemoryStore: Block broadcast_4_piece0 stored as bytes in memory (estimated size 80.0 KiB, free 433.4 MiB)
[2025-03-12T04:23:36.869+0000] {ssh.py:531} WARNING - 25/03/12 04:23:36 INFO BlockManagerInfo: Added broadcast_4_piece0 in memory on 0.0.0.0:37777 (size: 80.0 KiB, free: 434.2 MiB)
[2025-03-12T04:23:36.870+0000] {ssh.py:531} WARNING - 25/03/12 04:23:36 INFO SparkContext: Created broadcast 4 from broadcast at DAGScheduler.scala:1585
[2025-03-12T04:23:36.876+0000] {ssh.py:531} WARNING - 25/03/12 04:23:36 INFO DAGScheduler: Submitting 1 missing tasks from ResultStage 1 (MapPartitionsRDD[13] at parquet at NativeMethodAccessorImpl.java:0) (first 15 tasks are for partitions Vector(0))
[2025-03-12T04:23:36.876+0000] {ssh.py:531} WARNING - 25/03/12 04:23:36 INFO TaskSchedulerImpl: Adding task set 1.0 with 1 tasks resource profile 0
[2025-03-12T04:23:36.880+0000] {ssh.py:531} WARNING - 25/03/12 04:23:36 INFO TaskSetManager: Starting task 0.0 in stage 1.0 (TID 1) (ip-172-31-12-182.ap-northeast-2.compute.internal, executor driver, partition 0, PROCESS_LOCAL, 9640 bytes) 
[2025-03-12T04:23:36.886+0000] {ssh.py:531} WARNING - 25/03/12 04:23:36 INFO Executor: Running task 0.0 in stage 1.0 (TID 1)
[2025-03-12T04:23:36.921+0000] {ssh.py:531} WARNING - 25/03/12 04:23:36 INFO BlockManagerInfo: Removed broadcast_0_piece0 on 0.0.0.0:37777 in memory (size: 34.7 KiB, free: 434.2 MiB)
[2025-03-12T04:23:36.945+0000] {ssh.py:531} WARNING - 25/03/12 04:23:36 INFO BlockManagerInfo: Removed broadcast_2_piece0 on 0.0.0.0:37777 in memory (size: 34.7 KiB, free: 434.3 MiB)
[2025-03-12T04:23:36.966+0000] {ssh.py:531} WARNING - 25/03/12 04:23:36 INFO BlockManagerInfo: Removed broadcast_1_piece0 on 0.0.0.0:37777 in memory (size: 6.4 KiB, free: 434.3 MiB)
[2025-03-12T04:23:37.078+0000] {ssh.py:531} WARNING - 25/03/12 04:23:37 INFO CodeGenerator: Code generated in 59.995779 ms
[2025-03-12T04:23:37.086+0000] {ssh.py:531} WARNING - 25/03/12 04:23:37 INFO FileOutputCommitter: File Output Committer Algorithm version is 1
[2025-03-12T04:23:37.086+0000] {ssh.py:531} WARNING - 25/03/12 04:23:37 INFO FileOutputCommitter: FileOutputCommitter skip cleanup _temporary folders under output directory:false, ignore cleanup failures: false
[2025-03-12T04:23:37.089+0000] {ssh.py:531} WARNING - 25/03/12 04:23:37 INFO SQLHadoopMapReduceCommitProtocol: Using user defined output committer class org.apache.parquet.hadoop.ParquetOutputCommitter
[2025-03-12T04:23:37.090+0000] {ssh.py:531} WARNING - 25/03/12 04:23:37 INFO FileOutputCommitter: File Output Committer Algorithm version is 1
[2025-03-12T04:23:37.090+0000] {ssh.py:531} WARNING - 25/03/12 04:23:37 INFO FileOutputCommitter: FileOutputCommitter skip cleanup _temporary folders under output directory:false, ignore cleanup failures: false
[2025-03-12T04:23:37.090+0000] {ssh.py:531} WARNING - 25/03/12 04:23:37 INFO SQLHadoopMapReduceCommitProtocol: Using output committer class org.apache.parquet.hadoop.ParquetOutputCommitter
[2025-03-12T04:23:37.100+0000] {ssh.py:531} WARNING - 25/03/12 04:23:37 INFO CodecConfig: Compression: SNAPPY
[2025-03-12T04:23:37.105+0000] {ssh.py:531} WARNING - 25/03/12 04:23:37 INFO CodecConfig: Compression: SNAPPY
[2025-03-12T04:23:37.133+0000] {ssh.py:531} WARNING - 25/03/12 04:23:37 INFO ParquetOutputFormat: ParquetRecordWriter [block size: 134217728b, row group padding size: 8388608b, validating: false]
[2025-03-12T04:23:37.181+0000] {ssh.py:531} WARNING - 25/03/12 04:23:37 INFO ParquetWriteSupport: Initialized Parquet WriteSupport with Catalyst schema:
[2025-03-12T04:23:37.182+0000] {ssh.py:531} WARNING - {
[2025-03-12T04:23:37.182+0000] {ssh.py:531} WARNING -   "type" : "struct",
[2025-03-12T04:23:37.183+0000] {ssh.py:531} WARNING -   "fields" : [ {
[2025-03-12T04:23:37.183+0000] {ssh.py:531} WARNING -     "name" : "ranking",
[2025-03-12T04:23:37.183+0000] {ssh.py:531} WARNING -     "type" : "string",
[2025-03-12T04:23:37.183+0000] {ssh.py:531} WARNING -     "nullable" : true,
[2025-03-12T04:23:37.184+0000] {ssh.py:531} WARNING -     "metadata" : { }
[2025-03-12T04:23:37.184+0000] {ssh.py:531} WARNING -   }, {
[2025-03-12T04:23:37.184+0000] {ssh.py:531} WARNING -     "name" : "division_id",
[2025-03-12T04:23:37.184+0000] {ssh.py:531} WARNING -     "type" : "string",
[2025-03-12T04:23:37.184+0000] {ssh.py:531} WARNING -     "nullable" : true,
[2025-03-12T04:23:37.185+0000] {ssh.py:531} WARNING -     "metadata" : { }
[2025-03-12T04:23:37.185+0000] {ssh.py:531} WARNING -   }, {
[2025-03-12T04:23:37.185+0000] {ssh.py:531} WARNING -     "name" : "gamer_nickname",
[2025-03-12T04:23:37.185+0000] {ssh.py:531} WARNING -     "type" : "string",
[2025-03-12T04:23:37.185+0000] {ssh.py:531} WARNING -     "nullable" : true,
[2025-03-12T04:23:37.185+0000] {ssh.py:531} WARNING -     "metadata" : { }
[2025-03-12T04:23:37.186+0000] {ssh.py:531} WARNING -   }, {
[2025-03-12T04:23:37.186+0000] {ssh.py:531} WARNING -     "name" : "level",
[2025-03-12T04:23:37.186+0000] {ssh.py:531} WARNING -     "type" : "string",
[2025-03-12T04:23:37.186+0000] {ssh.py:531} WARNING -     "nullable" : true,
[2025-03-12T04:23:37.186+0000] {ssh.py:531} WARNING -     "metadata" : { }
[2025-03-12T04:23:37.187+0000] {ssh.py:531} WARNING -   }, {
[2025-03-12T04:23:37.187+0000] {ssh.py:531} WARNING -     "name" : "team_worth",
[2025-03-12T04:23:37.187+0000] {ssh.py:531} WARNING -     "type" : "string",
[2025-03-12T04:23:37.187+0000] {ssh.py:531} WARNING -     "nullable" : true,
[2025-03-12T04:23:37.187+0000] {ssh.py:531} WARNING -     "metadata" : { }
[2025-03-12T04:23:37.187+0000] {ssh.py:531} WARNING -   }, {
[2025-03-12T04:23:37.188+0000] {ssh.py:531} WARNING -     "name" : "points",
[2025-03-12T04:23:37.188+0000] {ssh.py:531} WARNING -     "type" : "string",
[2025-03-12T04:23:37.188+0000] {ssh.py:531} WARNING -     "nullable" : true,
[2025-03-12T04:23:37.188+0000] {ssh.py:531} WARNING -     "metadata" : { }
[2025-03-12T04:23:37.188+0000] {ssh.py:531} WARNING -   }, {
[2025-03-12T04:23:37.189+0000] {ssh.py:531} WARNING -     "name" : "winning_rate",
[2025-03-12T04:23:37.189+0000] {ssh.py:531} WARNING -     "type" : "string",
[2025-03-12T04:23:37.189+0000] {ssh.py:531} WARNING -     "nullable" : true,
[2025-03-12T04:23:37.189+0000] {ssh.py:531} WARNING -     "metadata" : { }
[2025-03-12T04:23:37.189+0000] {ssh.py:531} WARNING -   }, {
[2025-03-12T04:23:37.189+0000] {ssh.py:531} WARNING -     "name" : "team_name",
[2025-03-12T04:23:37.190+0000] {ssh.py:531} WARNING -     "type" : "string",
[2025-03-12T04:23:37.190+0000] {ssh.py:531} WARNING -     "nullable" : true,
[2025-03-12T04:23:37.190+0000] {ssh.py:531} WARNING -     "metadata" : { }
[2025-03-12T04:23:37.190+0000] {ssh.py:531} WARNING -   }, {
[2025-03-12T04:23:37.190+0000] {ssh.py:531} WARNING -     "name" : "formation",
[2025-03-12T04:23:37.191+0000] {ssh.py:531} WARNING -     "type" : "string",
[2025-03-12T04:23:37.191+0000] {ssh.py:531} WARNING -     "nullable" : true,
[2025-03-12T04:23:37.191+0000] {ssh.py:531} WARNING -     "metadata" : { }
[2025-03-12T04:23:37.191+0000] {ssh.py:531} WARNING -   }, {
[2025-03-12T04:23:37.191+0000] {ssh.py:531} WARNING -     "name" : "created_at",
[2025-03-12T04:23:37.191+0000] {ssh.py:531} WARNING -     "type" : "string",
[2025-03-12T04:23:37.192+0000] {ssh.py:531} WARNING -     "nullable" : true,
[2025-03-12T04:23:37.192+0000] {ssh.py:531} WARNING -     "metadata" : { }
[2025-03-12T04:23:37.192+0000] {ssh.py:531} WARNING -   }, {
[2025-03-12T04:23:37.192+0000] {ssh.py:531} WARNING -     "name" : "total_win",
[2025-03-12T04:23:37.192+0000] {ssh.py:531} WARNING -     "type" : "string",
[2025-03-12T04:23:37.193+0000] {ssh.py:531} WARNING -     "nullable" : true,
[2025-03-12T04:23:37.193+0000] {ssh.py:531} WARNING -     "metadata" : { }
[2025-03-12T04:23:37.193+0000] {ssh.py:531} WARNING -   }, {
[2025-03-12T04:23:37.193+0000] {ssh.py:531} WARNING -     "name" : "total_draw",
[2025-03-12T04:23:37.193+0000] {ssh.py:531} WARNING -     "type" : "string",
[2025-03-12T04:23:37.193+0000] {ssh.py:531} WARNING -     "nullable" : true,
[2025-03-12T04:23:37.194+0000] {ssh.py:531} WARNING -     "metadata" : { }
[2025-03-12T04:23:37.194+0000] {ssh.py:531} WARNING -   }, {
[2025-03-12T04:23:37.194+0000] {ssh.py:531} WARNING -     "name" : "total_lose",
[2025-03-12T04:23:37.194+0000] {ssh.py:531} WARNING -     "type" : "string",
[2025-03-12T04:23:37.194+0000] {ssh.py:531} WARNING -     "nullable" : true,
[2025-03-12T04:23:37.194+0000] {ssh.py:531} WARNING -     "metadata" : { }
[2025-03-12T04:23:37.195+0000] {ssh.py:531} WARNING -   } ]
[2025-03-12T04:23:37.195+0000] {ssh.py:531} WARNING - }
[2025-03-12T04:23:37.195+0000] {ssh.py:531} WARNING - and corresponding Parquet message type:
[2025-03-12T04:23:37.195+0000] {ssh.py:531} WARNING - message spark_schema {
[2025-03-12T04:23:37.195+0000] {ssh.py:531} WARNING -   optional binary ranking (STRING);
[2025-03-12T04:23:37.196+0000] {ssh.py:531} WARNING -   optional binary division_id (STRING);
[2025-03-12T04:23:37.196+0000] {ssh.py:531} WARNING -   optional binary gamer_nickname (STRING);
[2025-03-12T04:23:37.196+0000] {ssh.py:531} WARNING -   optional binary level (STRING);
[2025-03-12T04:23:37.196+0000] {ssh.py:531} WARNING -   optional binary team_worth (STRING);
[2025-03-12T04:23:37.196+0000] {ssh.py:531} WARNING -   optional binary points (STRING);
[2025-03-12T04:23:37.196+0000] {ssh.py:531} WARNING -   optional binary winning_rate (STRING);
[2025-03-12T04:23:37.197+0000] {ssh.py:531} WARNING -   optional binary team_name (STRING);
[2025-03-12T04:23:37.197+0000] {ssh.py:531} WARNING -   optional binary formation (STRING);
[2025-03-12T04:23:37.197+0000] {ssh.py:531} WARNING -   optional binary created_at (STRING);
[2025-03-12T04:23:37.197+0000] {ssh.py:531} WARNING -   optional binary total_win (STRING);
[2025-03-12T04:23:37.197+0000] {ssh.py:531} WARNING -   optional binary total_draw (STRING);
[2025-03-12T04:23:37.198+0000] {ssh.py:531} WARNING -   optional binary total_lose (STRING);
[2025-03-12T04:23:37.198+0000] {ssh.py:531} WARNING - }
[2025-03-12T04:23:37.198+0000] {ssh.py:531} WARNING - 
[2025-03-12T04:23:37.198+0000] {ssh.py:531} WARNING -        
[2025-03-12T04:23:37.366+0000] {ssh.py:531} WARNING - 25/03/12 04:23:37 INFO CodecPool: Got brand-new compressor [.snappy]
[2025-03-12T04:23:37.691+0000] {ssh.py:531} WARNING - 25/03/12 04:23:37 INFO FileScanRDD: Reading File path: s3a://de5-finalproj-team2/crawl/2025-03-12/crawl_result_processed_20250312.csv, range: 0-1154085, partition values: [empty row]
[2025-03-12T04:23:37.774+0000] {ssh.py:531} WARNING - 25/03/12 04:23:37 INFO CodeGenerator: Code generated in 65.766041 ms
[2025-03-12T04:23:37.861+0000] {ssh.py:531} WARNING - 25/03/12 04:23:37 INFO LineRecordReader: Found UTF-8 BOM and skipped it
[2025-03-12T04:23:40.053+0000] {ssh.py:531} WARNING - 25/03/12 04:23:40 INFO FileOutputCommitter: Saved output of task 'attempt_202503120423364222588780850228894_0001_m_000000_1' to s3a://de5-finalproj-team2/analytics/ranking_info/2025-03-12/ranking_info_data.parquet/_temporary/0/task_202503120423364222588780850228894_0001_m_000000
[2025-03-12T04:23:40.054+0000] {ssh.py:531} WARNING - 25/03/12 04:23:40 INFO SparkHadoopMapRedUtil: attempt_202503120423364222588780850228894_0001_m_000000_1: Committed. Elapsed time: 675 ms.
[2025-03-12T04:23:40.084+0000] {ssh.py:531} WARNING - 25/03/12 04:23:40 INFO Executor: Finished task 0.0 in stage 1.0 (TID 1). 2613 bytes result sent to driver
[2025-03-12T04:23:40.088+0000] {ssh.py:531} WARNING - 25/03/12 04:23:40 INFO TaskSetManager: Finished task 0.0 in stage 1.0 (TID 1) in 3208 ms on ip-172-31-12-182.ap-northeast-2.compute.internal (executor driver) (1/1)
[2025-03-12T04:23:40.089+0000] {ssh.py:531} WARNING - 25/03/12 04:23:40 INFO TaskSchedulerImpl: Removed TaskSet 1.0, whose tasks have all completed, from pool 
[2025-03-12T04:23:40.090+0000] {ssh.py:531} WARNING - 25/03/12 04:23:40 INFO DAGScheduler: ResultStage 1 (parquet at NativeMethodAccessorImpl.java:0) finished in 3.309 s
[2025-03-12T04:23:40.090+0000] {ssh.py:531} WARNING - 25/03/12 04:23:40 INFO DAGScheduler: Job 1 is finished. Cancelling potential speculative or zombie tasks for this job
[2025-03-12T04:23:40.090+0000] {ssh.py:531} WARNING - 25/03/12 04:23:40 INFO TaskSchedulerImpl: Killing all running tasks in stage 1: Stage finished
[2025-03-12T04:23:40.094+0000] {ssh.py:531} WARNING - 25/03/12 04:23:40 INFO DAGScheduler: Job 1 finished: parquet at NativeMethodAccessorImpl.java:0, took 3.321123 s
[2025-03-12T04:23:40.096+0000] {ssh.py:531} WARNING - 25/03/12 04:23:40 INFO FileFormatWriter: Start to commit write Job ddd84620-404f-4511-bb68-62eac0c8a159.
[2025-03-12T04:23:41.025+0000] {ssh.py:531} WARNING - 25/03/12 04:23:41 INFO FileFormatWriter: Write Job ddd84620-404f-4511-bb68-62eac0c8a159 committed. Elapsed time: 928 ms.
[2025-03-12T04:23:41.029+0000] {ssh.py:531} WARNING - 25/03/12 04:23:41 INFO FileFormatWriter: Finished processing stats for write job ddd84620-404f-4511-bb68-62eac0c8a159.
[2025-03-12T04:23:41.036+0000] {ssh.py:526} INFO - ✅ Parquet 파일 변환 완료!
[2025-03-12T04:23:41.089+0000] {ssh.py:531} WARNING - 25/03/12 04:23:41 INFO SparkContext: Invoking stop() from shutdown hook
[2025-03-12T04:23:41.089+0000] {ssh.py:531} WARNING - 25/03/12 04:23:41 INFO SparkContext: SparkContext is stopping with exitCode 0.
[2025-03-12T04:23:41.102+0000] {ssh.py:531} WARNING - 25/03/12 04:23:41 INFO SparkUI: Stopped Spark web UI at http://0.0.0.0:4040
[2025-03-12T04:23:41.121+0000] {ssh.py:531} WARNING - 25/03/12 04:23:41 INFO MapOutputTrackerMasterEndpoint: MapOutputTrackerMasterEndpoint stopped!
[2025-03-12T04:23:41.133+0000] {ssh.py:531} WARNING - 25/03/12 04:23:41 INFO MemoryStore: MemoryStore cleared
[2025-03-12T04:23:41.134+0000] {ssh.py:531} WARNING - 25/03/12 04:23:41 INFO BlockManager: BlockManager stopped
[2025-03-12T04:23:41.138+0000] {ssh.py:531} WARNING - 25/03/12 04:23:41 INFO BlockManagerMaster: BlockManagerMaster stopped
[2025-03-12T04:23:41.140+0000] {ssh.py:531} WARNING - 25/03/12 04:23:41 INFO OutputCommitCoordinator$OutputCommitCoordinatorEndpoint: OutputCommitCoordinator stopped!
[2025-03-12T04:23:41.146+0000] {ssh.py:531} WARNING - 25/03/12 04:23:41 INFO SparkContext: Successfully stopped SparkContext
[2025-03-12T04:23:41.147+0000] {ssh.py:531} WARNING - 25/03/12 04:23:41 INFO ShutdownHookManager: Shutdown hook called
[2025-03-12T04:23:41.149+0000] {ssh.py:531} WARNING - 25/03/12 04:23:41 INFO ShutdownHookManager: Deleting directory /tmp/spark-f5cb7bff-eb58-4e89-b1e1-e3a0e79f7252
[2025-03-12T04:23:41.151+0000] {ssh.py:531} WARNING - 25/03/12 04:23:41 INFO ShutdownHookManager: Deleting directory /tmp/spark-e8484bdf-064f-42d9-98ac-57dfbb68da37
[2025-03-12T04:23:41.155+0000] {ssh.py:531} WARNING - 25/03/12 04:23:41 INFO ShutdownHookManager: Deleting directory /tmp/spark-f5cb7bff-eb58-4e89-b1e1-e3a0e79f7252/pyspark-1dc43e8c-398d-4a44-ac10-9a1a267f77ff
[2025-03-12T04:23:41.164+0000] {ssh.py:531} WARNING - 25/03/12 04:23:41 INFO MetricsSystemImpl: Stopping s3a-file-system metrics system...
[2025-03-12T04:23:41.165+0000] {ssh.py:531} WARNING - 25/03/12 04:23:41 INFO MetricsSystemImpl: s3a-file-system metrics system stopped.
[2025-03-12T04:23:41.165+0000] {ssh.py:531} WARNING - 25/03/12 04:23:41 INFO MetricsSystemImpl: s3a-file-system metrics system shutdown complete.
[2025-03-12T04:23:41.210+0000] {ssh.py:526} INFO - Spark Job Succeeded!
[2025-03-12T04:23:41.230+0000] {taskinstance.py:441} INFO - ::group::Post task execution logs
[2025-03-12T04:23:41.262+0000] {taskinstance.py:1206} INFO - Marking task as SUCCESS. dag_id=s3_csv_to_parquet_dag, task_id=submit_spark_via_ssh, run_id=scheduled__2025-03-10T12:00:00+00:00, execution_date=20250310T120000, start_date=20250312T042319, end_date=20250312T042341
[2025-03-12T04:23:41.286+0000] {local_task_job_runner.py:240} INFO - Task exited with return code 0
[2025-03-12T04:23:41.307+0000] {taskinstance.py:3498} INFO - 0 downstream tasks scheduled from follow-on schedule check
[2025-03-12T04:23:41.309+0000] {local_task_job_runner.py:222} INFO - ::endgroup::
