[2025-03-09T07:09:08.926+0000] {processor.py:161} INFO - Started process (PID=10624) to work on /opt/airflow/dags/team_color_spark_process.py
[2025-03-09T07:09:08.927+0000] {processor.py:830} INFO - Processing file /opt/airflow/dags/team_color_spark_process.py for tasks to queue
[2025-03-09T07:09:08.928+0000] {logging_mixin.py:188} INFO - [2025-03-09T07:09:08.928+0000] {dagbag.py:545} INFO - Filling up the DagBag from /opt/airflow/dags/team_color_spark_process.py
[2025-03-09T07:09:08.942+0000] {processor.py:840} INFO - DAG(s) 'team_color_spark_job_v3' retrieved from /opt/airflow/dags/team_color_spark_process.py
[2025-03-09T07:09:09.061+0000] {logging_mixin.py:188} INFO - [2025-03-09T07:09:09.060+0000] {override.py:1829} INFO - Created Permission View: can delete on DAG:team_color_spark_job_v3
[2025-03-09T07:09:09.072+0000] {logging_mixin.py:188} INFO - [2025-03-09T07:09:09.072+0000] {override.py:1829} INFO - Created Permission View: can read on DAG:team_color_spark_job_v3
[2025-03-09T07:09:09.079+0000] {logging_mixin.py:188} INFO - [2025-03-09T07:09:09.079+0000] {override.py:1829} INFO - Created Permission View: can edit on DAG:team_color_spark_job_v3
[2025-03-09T07:09:09.080+0000] {logging_mixin.py:188} INFO - [2025-03-09T07:09:09.080+0000] {dag.py:3096} INFO - Sync 1 DAGs
[2025-03-09T07:09:09.092+0000] {logging_mixin.py:188} INFO - [2025-03-09T07:09:09.092+0000] {dag.py:3118} INFO - Creating ORM DAG for team_color_spark_job_v3
[2025-03-09T07:09:09.103+0000] {logging_mixin.py:188} INFO - [2025-03-09T07:09:09.103+0000] {dag.py:3954} INFO - Setting next_dagrun for team_color_spark_job_v3 to 2025-03-07 01:00:00+00:00, run_after=2025-03-08 01:00:00+00:00
[2025-03-09T07:09:09.122+0000] {processor.py:183} INFO - Processing /opt/airflow/dags/team_color_spark_process.py took 0.203 seconds
[2025-03-09T07:09:39.292+0000] {processor.py:161} INFO - Started process (PID=10645) to work on /opt/airflow/dags/team_color_spark_process.py
[2025-03-09T07:09:39.293+0000] {processor.py:830} INFO - Processing file /opt/airflow/dags/team_color_spark_process.py for tasks to queue
[2025-03-09T07:09:39.294+0000] {logging_mixin.py:188} INFO - [2025-03-09T07:09:39.294+0000] {dagbag.py:545} INFO - Filling up the DagBag from /opt/airflow/dags/team_color_spark_process.py
[2025-03-09T07:09:39.306+0000] {processor.py:840} INFO - DAG(s) 'team_color_spark_job_v3' retrieved from /opt/airflow/dags/team_color_spark_process.py
[2025-03-09T07:09:39.336+0000] {logging_mixin.py:188} INFO - [2025-03-09T07:09:39.336+0000] {dag.py:3096} INFO - Sync 1 DAGs
[2025-03-09T07:09:39.359+0000] {logging_mixin.py:188} INFO - [2025-03-09T07:09:39.359+0000] {dag.py:3954} INFO - Setting next_dagrun for team_color_spark_job_v3 to 2025-03-07 01:00:00+00:00, run_after=2025-03-08 01:00:00+00:00
[2025-03-09T07:09:39.377+0000] {processor.py:183} INFO - Processing /opt/airflow/dags/team_color_spark_process.py took 0.092 seconds
[2025-03-09T07:10:09.634+0000] {processor.py:161} INFO - Started process (PID=10666) to work on /opt/airflow/dags/team_color_spark_process.py
[2025-03-09T07:10:09.635+0000] {processor.py:830} INFO - Processing file /opt/airflow/dags/team_color_spark_process.py for tasks to queue
[2025-03-09T07:10:09.636+0000] {logging_mixin.py:188} INFO - [2025-03-09T07:10:09.636+0000] {dagbag.py:545} INFO - Filling up the DagBag from /opt/airflow/dags/team_color_spark_process.py
[2025-03-09T07:10:09.649+0000] {processor.py:840} INFO - DAG(s) 'team_color_spark_job_v3' retrieved from /opt/airflow/dags/team_color_spark_process.py
[2025-03-09T07:10:09.679+0000] {logging_mixin.py:188} INFO - [2025-03-09T07:10:09.679+0000] {dag.py:3096} INFO - Sync 1 DAGs
[2025-03-09T07:10:09.703+0000] {logging_mixin.py:188} INFO - [2025-03-09T07:10:09.702+0000] {dag.py:3954} INFO - Setting next_dagrun for team_color_spark_job_v3 to 2025-03-07 01:00:00+00:00, run_after=2025-03-08 01:00:00+00:00
[2025-03-09T07:10:09.722+0000] {processor.py:183} INFO - Processing /opt/airflow/dags/team_color_spark_process.py took 0.096 seconds
[2025-03-09T07:10:39.990+0000] {processor.py:161} INFO - Started process (PID=10687) to work on /opt/airflow/dags/team_color_spark_process.py
[2025-03-09T07:10:39.991+0000] {processor.py:830} INFO - Processing file /opt/airflow/dags/team_color_spark_process.py for tasks to queue
[2025-03-09T07:10:39.992+0000] {logging_mixin.py:188} INFO - [2025-03-09T07:10:39.992+0000] {dagbag.py:545} INFO - Filling up the DagBag from /opt/airflow/dags/team_color_spark_process.py
[2025-03-09T07:10:40.006+0000] {processor.py:840} INFO - DAG(s) 'team_color_spark_job_v3' retrieved from /opt/airflow/dags/team_color_spark_process.py
[2025-03-09T07:10:40.042+0000] {logging_mixin.py:188} INFO - [2025-03-09T07:10:40.042+0000] {dag.py:3096} INFO - Sync 1 DAGs
[2025-03-09T07:10:40.068+0000] {logging_mixin.py:188} INFO - [2025-03-09T07:10:40.068+0000] {dag.py:3954} INFO - Setting next_dagrun for team_color_spark_job_v3 to 2025-03-07 01:00:00+00:00, run_after=2025-03-08 01:00:00+00:00
[2025-03-09T07:10:40.090+0000] {processor.py:183} INFO - Processing /opt/airflow/dags/team_color_spark_process.py took 0.108 seconds
[2025-03-09T07:11:10.329+0000] {processor.py:161} INFO - Started process (PID=10708) to work on /opt/airflow/dags/team_color_spark_process.py
[2025-03-09T07:11:10.330+0000] {processor.py:830} INFO - Processing file /opt/airflow/dags/team_color_spark_process.py for tasks to queue
[2025-03-09T07:11:10.331+0000] {logging_mixin.py:188} INFO - [2025-03-09T07:11:10.331+0000] {dagbag.py:545} INFO - Filling up the DagBag from /opt/airflow/dags/team_color_spark_process.py
[2025-03-09T07:11:10.344+0000] {processor.py:840} INFO - DAG(s) 'team_color_spark_job_v3' retrieved from /opt/airflow/dags/team_color_spark_process.py
[2025-03-09T07:11:10.374+0000] {logging_mixin.py:188} INFO - [2025-03-09T07:11:10.374+0000] {dag.py:3096} INFO - Sync 1 DAGs
[2025-03-09T07:11:10.397+0000] {logging_mixin.py:188} INFO - [2025-03-09T07:11:10.397+0000] {dag.py:3954} INFO - Setting next_dagrun for team_color_spark_job_v3 to 2025-03-07 01:00:00+00:00, run_after=2025-03-08 01:00:00+00:00
[2025-03-09T07:11:10.417+0000] {processor.py:183} INFO - Processing /opt/airflow/dags/team_color_spark_process.py took 0.094 seconds
[2025-03-09T07:11:40.682+0000] {processor.py:161} INFO - Started process (PID=10729) to work on /opt/airflow/dags/team_color_spark_process.py
[2025-03-09T07:11:40.683+0000] {processor.py:830} INFO - Processing file /opt/airflow/dags/team_color_spark_process.py for tasks to queue
[2025-03-09T07:11:40.684+0000] {logging_mixin.py:188} INFO - [2025-03-09T07:11:40.684+0000] {dagbag.py:545} INFO - Filling up the DagBag from /opt/airflow/dags/team_color_spark_process.py
[2025-03-09T07:11:40.698+0000] {processor.py:840} INFO - DAG(s) 'team_color_spark_job_v3' retrieved from /opt/airflow/dags/team_color_spark_process.py
[2025-03-09T07:11:40.728+0000] {logging_mixin.py:188} INFO - [2025-03-09T07:11:40.727+0000] {dag.py:3096} INFO - Sync 1 DAGs
[2025-03-09T07:11:40.750+0000] {logging_mixin.py:188} INFO - [2025-03-09T07:11:40.750+0000] {dag.py:3954} INFO - Setting next_dagrun for team_color_spark_job_v3 to 2025-03-07 01:00:00+00:00, run_after=2025-03-08 01:00:00+00:00
[2025-03-09T07:11:40.768+0000] {processor.py:183} INFO - Processing /opt/airflow/dags/team_color_spark_process.py took 0.093 seconds
[2025-03-09T07:12:11.040+0000] {processor.py:161} INFO - Started process (PID=10750) to work on /opt/airflow/dags/team_color_spark_process.py
[2025-03-09T07:12:11.041+0000] {processor.py:830} INFO - Processing file /opt/airflow/dags/team_color_spark_process.py for tasks to queue
[2025-03-09T07:12:11.042+0000] {logging_mixin.py:188} INFO - [2025-03-09T07:12:11.042+0000] {dagbag.py:545} INFO - Filling up the DagBag from /opt/airflow/dags/team_color_spark_process.py
[2025-03-09T07:12:11.055+0000] {processor.py:840} INFO - DAG(s) 'team_color_spark_job_v3' retrieved from /opt/airflow/dags/team_color_spark_process.py
[2025-03-09T07:12:11.086+0000] {logging_mixin.py:188} INFO - [2025-03-09T07:12:11.086+0000] {dag.py:3096} INFO - Sync 1 DAGs
[2025-03-09T07:12:11.111+0000] {logging_mixin.py:188} INFO - [2025-03-09T07:12:11.110+0000] {dag.py:3954} INFO - Setting next_dagrun for team_color_spark_job_v3 to 2025-03-07 01:00:00+00:00, run_after=2025-03-08 01:00:00+00:00
[2025-03-09T07:12:11.130+0000] {processor.py:183} INFO - Processing /opt/airflow/dags/team_color_spark_process.py took 0.097 seconds
[2025-03-09T07:12:41.390+0000] {processor.py:161} INFO - Started process (PID=10771) to work on /opt/airflow/dags/team_color_spark_process.py
[2025-03-09T07:12:41.392+0000] {processor.py:830} INFO - Processing file /opt/airflow/dags/team_color_spark_process.py for tasks to queue
[2025-03-09T07:12:41.393+0000] {logging_mixin.py:188} INFO - [2025-03-09T07:12:41.392+0000] {dagbag.py:545} INFO - Filling up the DagBag from /opt/airflow/dags/team_color_spark_process.py
[2025-03-09T07:12:41.407+0000] {processor.py:840} INFO - DAG(s) 'team_color_spark_job_v3' retrieved from /opt/airflow/dags/team_color_spark_process.py
[2025-03-09T07:12:41.438+0000] {logging_mixin.py:188} INFO - [2025-03-09T07:12:41.438+0000] {dag.py:3096} INFO - Sync 1 DAGs
[2025-03-09T07:12:41.461+0000] {logging_mixin.py:188} INFO - [2025-03-09T07:12:41.461+0000] {dag.py:3954} INFO - Setting next_dagrun for team_color_spark_job_v3 to 2025-03-07 01:00:00+00:00, run_after=2025-03-08 01:00:00+00:00
[2025-03-09T07:12:41.479+0000] {processor.py:183} INFO - Processing /opt/airflow/dags/team_color_spark_process.py took 0.096 seconds
[2025-03-09T07:13:11.741+0000] {processor.py:161} INFO - Started process (PID=10792) to work on /opt/airflow/dags/team_color_spark_process.py
[2025-03-09T07:13:11.742+0000] {processor.py:830} INFO - Processing file /opt/airflow/dags/team_color_spark_process.py for tasks to queue
[2025-03-09T07:13:11.742+0000] {logging_mixin.py:188} INFO - [2025-03-09T07:13:11.742+0000] {dagbag.py:545} INFO - Filling up the DagBag from /opt/airflow/dags/team_color_spark_process.py
[2025-03-09T07:13:11.756+0000] {processor.py:840} INFO - DAG(s) 'team_color_spark_job_v3' retrieved from /opt/airflow/dags/team_color_spark_process.py
[2025-03-09T07:13:11.787+0000] {logging_mixin.py:188} INFO - [2025-03-09T07:13:11.786+0000] {dag.py:3096} INFO - Sync 1 DAGs
[2025-03-09T07:13:11.811+0000] {logging_mixin.py:188} INFO - [2025-03-09T07:13:11.811+0000] {dag.py:3954} INFO - Setting next_dagrun for team_color_spark_job_v3 to 2025-03-07 01:00:00+00:00, run_after=2025-03-08 01:00:00+00:00
[2025-03-09T07:13:11.831+0000] {processor.py:183} INFO - Processing /opt/airflow/dags/team_color_spark_process.py took 0.098 seconds
[2025-03-09T07:13:42.095+0000] {processor.py:161} INFO - Started process (PID=10813) to work on /opt/airflow/dags/team_color_spark_process.py
[2025-03-09T07:13:42.097+0000] {processor.py:830} INFO - Processing file /opt/airflow/dags/team_color_spark_process.py for tasks to queue
[2025-03-09T07:13:42.098+0000] {logging_mixin.py:188} INFO - [2025-03-09T07:13:42.098+0000] {dagbag.py:545} INFO - Filling up the DagBag from /opt/airflow/dags/team_color_spark_process.py
[2025-03-09T07:13:42.112+0000] {processor.py:840} INFO - DAG(s) 'team_color_spark_job_v3' retrieved from /opt/airflow/dags/team_color_spark_process.py
[2025-03-09T07:13:42.143+0000] {logging_mixin.py:188} INFO - [2025-03-09T07:13:42.143+0000] {dag.py:3096} INFO - Sync 1 DAGs
[2025-03-09T07:13:42.168+0000] {logging_mixin.py:188} INFO - [2025-03-09T07:13:42.167+0000] {dag.py:3954} INFO - Setting next_dagrun for team_color_spark_job_v3 to 2025-03-07 01:00:00+00:00, run_after=2025-03-08 01:00:00+00:00
[2025-03-09T07:13:42.187+0000] {processor.py:183} INFO - Processing /opt/airflow/dags/team_color_spark_process.py took 0.099 seconds
[2025-03-09T07:14:12.460+0000] {processor.py:161} INFO - Started process (PID=10834) to work on /opt/airflow/dags/team_color_spark_process.py
[2025-03-09T07:14:12.461+0000] {processor.py:830} INFO - Processing file /opt/airflow/dags/team_color_spark_process.py for tasks to queue
[2025-03-09T07:14:12.462+0000] {logging_mixin.py:188} INFO - [2025-03-09T07:14:12.461+0000] {dagbag.py:545} INFO - Filling up the DagBag from /opt/airflow/dags/team_color_spark_process.py
[2025-03-09T07:14:12.476+0000] {processor.py:840} INFO - DAG(s) 'team_color_spark_job_v3' retrieved from /opt/airflow/dags/team_color_spark_process.py
[2025-03-09T07:14:12.506+0000] {logging_mixin.py:188} INFO - [2025-03-09T07:14:12.506+0000] {dag.py:3096} INFO - Sync 1 DAGs
[2025-03-09T07:14:12.530+0000] {logging_mixin.py:188} INFO - [2025-03-09T07:14:12.530+0000] {dag.py:3954} INFO - Setting next_dagrun for team_color_spark_job_v3 to 2025-03-07 01:00:00+00:00, run_after=2025-03-08 01:00:00+00:00
[2025-03-09T07:14:12.548+0000] {processor.py:183} INFO - Processing /opt/airflow/dags/team_color_spark_process.py took 0.095 seconds
[2025-03-09T07:14:42.799+0000] {processor.py:161} INFO - Started process (PID=10855) to work on /opt/airflow/dags/team_color_spark_process.py
[2025-03-09T07:14:42.801+0000] {processor.py:830} INFO - Processing file /opt/airflow/dags/team_color_spark_process.py for tasks to queue
[2025-03-09T07:14:42.802+0000] {logging_mixin.py:188} INFO - [2025-03-09T07:14:42.802+0000] {dagbag.py:545} INFO - Filling up the DagBag from /opt/airflow/dags/team_color_spark_process.py
[2025-03-09T07:14:42.816+0000] {processor.py:840} INFO - DAG(s) 'team_color_spark_job_v3' retrieved from /opt/airflow/dags/team_color_spark_process.py
[2025-03-09T07:14:42.846+0000] {logging_mixin.py:188} INFO - [2025-03-09T07:14:42.846+0000] {dag.py:3096} INFO - Sync 1 DAGs
[2025-03-09T07:14:42.871+0000] {logging_mixin.py:188} INFO - [2025-03-09T07:14:42.870+0000] {dag.py:3954} INFO - Setting next_dagrun for team_color_spark_job_v3 to 2025-03-07 01:00:00+00:00, run_after=2025-03-08 01:00:00+00:00
[2025-03-09T07:14:42.891+0000] {processor.py:183} INFO - Processing /opt/airflow/dags/team_color_spark_process.py took 0.099 seconds
[2025-03-09T07:15:13.155+0000] {processor.py:161} INFO - Started process (PID=10876) to work on /opt/airflow/dags/team_color_spark_process.py
[2025-03-09T07:15:13.156+0000] {processor.py:830} INFO - Processing file /opt/airflow/dags/team_color_spark_process.py for tasks to queue
[2025-03-09T07:15:13.157+0000] {logging_mixin.py:188} INFO - [2025-03-09T07:15:13.157+0000] {dagbag.py:545} INFO - Filling up the DagBag from /opt/airflow/dags/team_color_spark_process.py
[2025-03-09T07:15:13.171+0000] {processor.py:840} INFO - DAG(s) 'team_color_spark_job_v3' retrieved from /opt/airflow/dags/team_color_spark_process.py
[2025-03-09T07:15:13.201+0000] {logging_mixin.py:188} INFO - [2025-03-09T07:15:13.201+0000] {dag.py:3096} INFO - Sync 1 DAGs
[2025-03-09T07:15:13.226+0000] {logging_mixin.py:188} INFO - [2025-03-09T07:15:13.225+0000] {dag.py:3954} INFO - Setting next_dagrun for team_color_spark_job_v3 to 2025-03-07 01:00:00+00:00, run_after=2025-03-08 01:00:00+00:00
[2025-03-09T07:15:13.244+0000] {processor.py:183} INFO - Processing /opt/airflow/dags/team_color_spark_process.py took 0.096 seconds
[2025-03-09T07:15:43.508+0000] {processor.py:161} INFO - Started process (PID=10897) to work on /opt/airflow/dags/team_color_spark_process.py
[2025-03-09T07:15:43.510+0000] {processor.py:830} INFO - Processing file /opt/airflow/dags/team_color_spark_process.py for tasks to queue
[2025-03-09T07:15:43.511+0000] {logging_mixin.py:188} INFO - [2025-03-09T07:15:43.510+0000] {dagbag.py:545} INFO - Filling up the DagBag from /opt/airflow/dags/team_color_spark_process.py
[2025-03-09T07:15:43.523+0000] {processor.py:840} INFO - DAG(s) 'team_color_spark_job_v3' retrieved from /opt/airflow/dags/team_color_spark_process.py
[2025-03-09T07:15:43.554+0000] {logging_mixin.py:188} INFO - [2025-03-09T07:15:43.553+0000] {dag.py:3096} INFO - Sync 1 DAGs
[2025-03-09T07:15:43.576+0000] {logging_mixin.py:188} INFO - [2025-03-09T07:15:43.576+0000] {dag.py:3954} INFO - Setting next_dagrun for team_color_spark_job_v3 to 2025-03-07 01:00:00+00:00, run_after=2025-03-08 01:00:00+00:00
[2025-03-09T07:15:43.594+0000] {processor.py:183} INFO - Processing /opt/airflow/dags/team_color_spark_process.py took 0.093 seconds
[2025-03-09T07:16:13.853+0000] {processor.py:161} INFO - Started process (PID=10918) to work on /opt/airflow/dags/team_color_spark_process.py
[2025-03-09T07:16:13.854+0000] {processor.py:830} INFO - Processing file /opt/airflow/dags/team_color_spark_process.py for tasks to queue
[2025-03-09T07:16:13.855+0000] {logging_mixin.py:188} INFO - [2025-03-09T07:16:13.855+0000] {dagbag.py:545} INFO - Filling up the DagBag from /opt/airflow/dags/team_color_spark_process.py
[2025-03-09T07:16:13.868+0000] {processor.py:840} INFO - DAG(s) 'team_color_spark_job_v3' retrieved from /opt/airflow/dags/team_color_spark_process.py
[2025-03-09T07:16:13.899+0000] {logging_mixin.py:188} INFO - [2025-03-09T07:16:13.899+0000] {dag.py:3096} INFO - Sync 1 DAGs
[2025-03-09T07:16:13.923+0000] {logging_mixin.py:188} INFO - [2025-03-09T07:16:13.923+0000] {dag.py:3954} INFO - Setting next_dagrun for team_color_spark_job_v3 to 2025-03-07 01:00:00+00:00, run_after=2025-03-08 01:00:00+00:00
[2025-03-09T07:16:13.943+0000] {processor.py:183} INFO - Processing /opt/airflow/dags/team_color_spark_process.py took 0.097 seconds
[2025-03-09T07:16:44.091+0000] {processor.py:161} INFO - Started process (PID=10933) to work on /opt/airflow/dags/team_color_spark_process.py
[2025-03-09T07:16:44.092+0000] {processor.py:830} INFO - Processing file /opt/airflow/dags/team_color_spark_process.py for tasks to queue
[2025-03-09T07:16:44.093+0000] {logging_mixin.py:188} INFO - [2025-03-09T07:16:44.093+0000] {dagbag.py:545} INFO - Filling up the DagBag from /opt/airflow/dags/team_color_spark_process.py
[2025-03-09T07:16:44.106+0000] {processor.py:840} INFO - DAG(s) 'team_color_spark_job_v3' retrieved from /opt/airflow/dags/team_color_spark_process.py
[2025-03-09T07:16:44.137+0000] {logging_mixin.py:188} INFO - [2025-03-09T07:16:44.136+0000] {dag.py:3096} INFO - Sync 1 DAGs
[2025-03-09T07:16:44.161+0000] {logging_mixin.py:188} INFO - [2025-03-09T07:16:44.160+0000] {dag.py:3954} INFO - Setting next_dagrun for team_color_spark_job_v3 to 2025-03-07 01:00:00+00:00, run_after=2025-03-08 01:00:00+00:00
[2025-03-09T07:16:44.178+0000] {processor.py:183} INFO - Processing /opt/airflow/dags/team_color_spark_process.py took 0.094 seconds
[2025-03-09T07:17:14.432+0000] {processor.py:161} INFO - Started process (PID=10954) to work on /opt/airflow/dags/team_color_spark_process.py
[2025-03-09T07:17:14.433+0000] {processor.py:830} INFO - Processing file /opt/airflow/dags/team_color_spark_process.py for tasks to queue
[2025-03-09T07:17:14.434+0000] {logging_mixin.py:188} INFO - [2025-03-09T07:17:14.434+0000] {dagbag.py:545} INFO - Filling up the DagBag from /opt/airflow/dags/team_color_spark_process.py
[2025-03-09T07:17:14.447+0000] {processor.py:840} INFO - DAG(s) 'team_color_spark_job_v3' retrieved from /opt/airflow/dags/team_color_spark_process.py
[2025-03-09T07:17:14.477+0000] {logging_mixin.py:188} INFO - [2025-03-09T07:17:14.477+0000] {dag.py:3096} INFO - Sync 1 DAGs
[2025-03-09T07:17:14.501+0000] {logging_mixin.py:188} INFO - [2025-03-09T07:17:14.501+0000] {dag.py:3954} INFO - Setting next_dagrun for team_color_spark_job_v3 to 2025-03-07 01:00:00+00:00, run_after=2025-03-08 01:00:00+00:00
[2025-03-09T07:17:14.520+0000] {processor.py:183} INFO - Processing /opt/airflow/dags/team_color_spark_process.py took 0.095 seconds
[2025-03-09T07:17:44.779+0000] {processor.py:161} INFO - Started process (PID=10975) to work on /opt/airflow/dags/team_color_spark_process.py
[2025-03-09T07:17:44.779+0000] {processor.py:830} INFO - Processing file /opt/airflow/dags/team_color_spark_process.py for tasks to queue
[2025-03-09T07:17:44.780+0000] {logging_mixin.py:188} INFO - [2025-03-09T07:17:44.780+0000] {dagbag.py:545} INFO - Filling up the DagBag from /opt/airflow/dags/team_color_spark_process.py
[2025-03-09T07:17:44.793+0000] {processor.py:840} INFO - DAG(s) 'team_color_spark_job_v3' retrieved from /opt/airflow/dags/team_color_spark_process.py
[2025-03-09T07:17:44.825+0000] {logging_mixin.py:188} INFO - [2025-03-09T07:17:44.825+0000] {dag.py:3096} INFO - Sync 1 DAGs
[2025-03-09T07:17:44.854+0000] {logging_mixin.py:188} INFO - [2025-03-09T07:17:44.854+0000] {dag.py:3954} INFO - Setting next_dagrun for team_color_spark_job_v3 to 2025-03-07 01:00:00+00:00, run_after=2025-03-08 01:00:00+00:00
[2025-03-09T07:17:44.873+0000] {processor.py:183} INFO - Processing /opt/airflow/dags/team_color_spark_process.py took 0.101 seconds
[2025-03-09T07:18:15.134+0000] {processor.py:161} INFO - Started process (PID=10996) to work on /opt/airflow/dags/team_color_spark_process.py
[2025-03-09T07:18:15.135+0000] {processor.py:830} INFO - Processing file /opt/airflow/dags/team_color_spark_process.py for tasks to queue
[2025-03-09T07:18:15.135+0000] {logging_mixin.py:188} INFO - [2025-03-09T07:18:15.135+0000] {dagbag.py:545} INFO - Filling up the DagBag from /opt/airflow/dags/team_color_spark_process.py
[2025-03-09T07:18:15.148+0000] {processor.py:840} INFO - DAG(s) 'team_color_spark_job_v3' retrieved from /opt/airflow/dags/team_color_spark_process.py
[2025-03-09T07:18:15.194+0000] {logging_mixin.py:188} INFO - [2025-03-09T07:18:15.194+0000] {dag.py:3096} INFO - Sync 1 DAGs
[2025-03-09T07:18:15.219+0000] {logging_mixin.py:188} INFO - [2025-03-09T07:18:15.219+0000] {dag.py:3954} INFO - Setting next_dagrun for team_color_spark_job_v3 to 2025-03-07 01:00:00+00:00, run_after=2025-03-08 01:00:00+00:00
[2025-03-09T07:18:15.237+0000] {processor.py:183} INFO - Processing /opt/airflow/dags/team_color_spark_process.py took 0.110 seconds
[2025-03-09T07:18:45.491+0000] {processor.py:161} INFO - Started process (PID=11017) to work on /opt/airflow/dags/team_color_spark_process.py
[2025-03-09T07:18:45.492+0000] {processor.py:830} INFO - Processing file /opt/airflow/dags/team_color_spark_process.py for tasks to queue
[2025-03-09T07:18:45.493+0000] {logging_mixin.py:188} INFO - [2025-03-09T07:18:45.493+0000] {dagbag.py:545} INFO - Filling up the DagBag from /opt/airflow/dags/team_color_spark_process.py
[2025-03-09T07:18:45.506+0000] {processor.py:840} INFO - DAG(s) 'team_color_spark_job_v3' retrieved from /opt/airflow/dags/team_color_spark_process.py
[2025-03-09T07:18:45.536+0000] {logging_mixin.py:188} INFO - [2025-03-09T07:18:45.536+0000] {dag.py:3096} INFO - Sync 1 DAGs
[2025-03-09T07:18:45.559+0000] {logging_mixin.py:188} INFO - [2025-03-09T07:18:45.559+0000] {dag.py:3954} INFO - Setting next_dagrun for team_color_spark_job_v3 to 2025-03-07 01:00:00+00:00, run_after=2025-03-08 01:00:00+00:00
[2025-03-09T07:18:45.576+0000] {processor.py:183} INFO - Processing /opt/airflow/dags/team_color_spark_process.py took 0.091 seconds
[2025-03-09T07:19:15.850+0000] {processor.py:161} INFO - Started process (PID=11038) to work on /opt/airflow/dags/team_color_spark_process.py
[2025-03-09T07:19:15.850+0000] {processor.py:830} INFO - Processing file /opt/airflow/dags/team_color_spark_process.py for tasks to queue
[2025-03-09T07:19:15.851+0000] {logging_mixin.py:188} INFO - [2025-03-09T07:19:15.851+0000] {dagbag.py:545} INFO - Filling up the DagBag from /opt/airflow/dags/team_color_spark_process.py
[2025-03-09T07:19:15.864+0000] {processor.py:840} INFO - DAG(s) 'team_color_spark_job_v3' retrieved from /opt/airflow/dags/team_color_spark_process.py
[2025-03-09T07:19:15.894+0000] {logging_mixin.py:188} INFO - [2025-03-09T07:19:15.893+0000] {dag.py:3096} INFO - Sync 1 DAGs
[2025-03-09T07:19:15.917+0000] {logging_mixin.py:188} INFO - [2025-03-09T07:19:15.917+0000] {dag.py:3954} INFO - Setting next_dagrun for team_color_spark_job_v3 to 2025-03-07 01:00:00+00:00, run_after=2025-03-08 01:00:00+00:00
[2025-03-09T07:19:15.935+0000] {processor.py:183} INFO - Processing /opt/airflow/dags/team_color_spark_process.py took 0.092 seconds
[2025-03-09T07:19:46.206+0000] {processor.py:161} INFO - Started process (PID=11059) to work on /opt/airflow/dags/team_color_spark_process.py
[2025-03-09T07:19:46.207+0000] {processor.py:830} INFO - Processing file /opt/airflow/dags/team_color_spark_process.py for tasks to queue
[2025-03-09T07:19:46.208+0000] {logging_mixin.py:188} INFO - [2025-03-09T07:19:46.208+0000] {dagbag.py:545} INFO - Filling up the DagBag from /opt/airflow/dags/team_color_spark_process.py
[2025-03-09T07:19:46.222+0000] {processor.py:840} INFO - DAG(s) 'team_color_spark_job_v3' retrieved from /opt/airflow/dags/team_color_spark_process.py
[2025-03-09T07:19:46.252+0000] {logging_mixin.py:188} INFO - [2025-03-09T07:19:46.252+0000] {dag.py:3096} INFO - Sync 1 DAGs
[2025-03-09T07:19:46.276+0000] {logging_mixin.py:188} INFO - [2025-03-09T07:19:46.276+0000] {dag.py:3954} INFO - Setting next_dagrun for team_color_spark_job_v3 to 2025-03-07 01:00:00+00:00, run_after=2025-03-08 01:00:00+00:00
[2025-03-09T07:19:46.294+0000] {processor.py:183} INFO - Processing /opt/airflow/dags/team_color_spark_process.py took 0.095 seconds
[2025-03-09T07:20:16.452+0000] {processor.py:161} INFO - Started process (PID=11080) to work on /opt/airflow/dags/team_color_spark_process.py
[2025-03-09T07:20:16.453+0000] {processor.py:830} INFO - Processing file /opt/airflow/dags/team_color_spark_process.py for tasks to queue
[2025-03-09T07:20:16.454+0000] {logging_mixin.py:188} INFO - [2025-03-09T07:20:16.454+0000] {dagbag.py:545} INFO - Filling up the DagBag from /opt/airflow/dags/team_color_spark_process.py
[2025-03-09T07:20:16.467+0000] {processor.py:840} INFO - DAG(s) 'team_color_spark_job_v3' retrieved from /opt/airflow/dags/team_color_spark_process.py
[2025-03-09T07:20:16.497+0000] {logging_mixin.py:188} INFO - [2025-03-09T07:20:16.497+0000] {dag.py:3096} INFO - Sync 1 DAGs
[2025-03-09T07:20:16.520+0000] {logging_mixin.py:188} INFO - [2025-03-09T07:20:16.519+0000] {dag.py:3954} INFO - Setting next_dagrun for team_color_spark_job_v3 to 2025-03-07 01:00:00+00:00, run_after=2025-03-08 01:00:00+00:00
[2025-03-09T07:20:16.537+0000] {processor.py:183} INFO - Processing /opt/airflow/dags/team_color_spark_process.py took 0.091 seconds
[2025-03-09T07:20:46.838+0000] {processor.py:161} INFO - Started process (PID=11107) to work on /opt/airflow/dags/team_color_spark_process.py
[2025-03-09T07:20:46.840+0000] {processor.py:830} INFO - Processing file /opt/airflow/dags/team_color_spark_process.py for tasks to queue
[2025-03-09T07:20:46.841+0000] {logging_mixin.py:188} INFO - [2025-03-09T07:20:46.841+0000] {dagbag.py:545} INFO - Filling up the DagBag from /opt/airflow/dags/team_color_spark_process.py
[2025-03-09T07:20:46.853+0000] {processor.py:840} INFO - DAG(s) 'team_color_spark_job_v3' retrieved from /opt/airflow/dags/team_color_spark_process.py
[2025-03-09T07:20:46.882+0000] {logging_mixin.py:188} INFO - [2025-03-09T07:20:46.882+0000] {dag.py:3096} INFO - Sync 1 DAGs
[2025-03-09T07:20:46.905+0000] {logging_mixin.py:188} INFO - [2025-03-09T07:20:46.905+0000] {dag.py:3954} INFO - Setting next_dagrun for team_color_spark_job_v3 to 2025-03-07 01:00:00+00:00, run_after=2025-03-08 01:00:00+00:00
[2025-03-09T07:20:46.924+0000] {processor.py:183} INFO - Processing /opt/airflow/dags/team_color_spark_process.py took 0.094 seconds
[2025-03-09T07:21:17.203+0000] {processor.py:161} INFO - Started process (PID=11133) to work on /opt/airflow/dags/team_color_spark_process.py
[2025-03-09T07:21:17.204+0000] {processor.py:830} INFO - Processing file /opt/airflow/dags/team_color_spark_process.py for tasks to queue
[2025-03-09T07:21:17.205+0000] {logging_mixin.py:188} INFO - [2025-03-09T07:21:17.204+0000] {dagbag.py:545} INFO - Filling up the DagBag from /opt/airflow/dags/team_color_spark_process.py
[2025-03-09T07:21:17.217+0000] {processor.py:840} INFO - DAG(s) 'team_color_spark_job_v3' retrieved from /opt/airflow/dags/team_color_spark_process.py
[2025-03-09T07:21:17.247+0000] {logging_mixin.py:188} INFO - [2025-03-09T07:21:17.247+0000] {dag.py:3096} INFO - Sync 1 DAGs
[2025-03-09T07:21:17.271+0000] {logging_mixin.py:188} INFO - [2025-03-09T07:21:17.271+0000] {dag.py:3954} INFO - Setting next_dagrun for team_color_spark_job_v3 to 2025-03-07 01:00:00+00:00, run_after=2025-03-08 01:00:00+00:00
[2025-03-09T07:21:17.290+0000] {processor.py:183} INFO - Processing /opt/airflow/dags/team_color_spark_process.py took 0.094 seconds
[2025-03-09T07:21:47.544+0000] {processor.py:161} INFO - Started process (PID=11154) to work on /opt/airflow/dags/team_color_spark_process.py
[2025-03-09T07:21:47.546+0000] {processor.py:830} INFO - Processing file /opt/airflow/dags/team_color_spark_process.py for tasks to queue
[2025-03-09T07:21:47.546+0000] {logging_mixin.py:188} INFO - [2025-03-09T07:21:47.546+0000] {dagbag.py:545} INFO - Filling up the DagBag from /opt/airflow/dags/team_color_spark_process.py
[2025-03-09T07:21:47.560+0000] {processor.py:840} INFO - DAG(s) 'team_color_spark_job_v3' retrieved from /opt/airflow/dags/team_color_spark_process.py
[2025-03-09T07:21:47.590+0000] {logging_mixin.py:188} INFO - [2025-03-09T07:21:47.590+0000] {dag.py:3096} INFO - Sync 1 DAGs
[2025-03-09T07:21:47.614+0000] {logging_mixin.py:188} INFO - [2025-03-09T07:21:47.614+0000] {dag.py:3954} INFO - Setting next_dagrun for team_color_spark_job_v3 to 2025-03-07 01:00:00+00:00, run_after=2025-03-08 01:00:00+00:00
[2025-03-09T07:21:47.632+0000] {processor.py:183} INFO - Processing /opt/airflow/dags/team_color_spark_process.py took 0.095 seconds
[2025-03-09T07:22:17.776+0000] {processor.py:161} INFO - Started process (PID=11175) to work on /opt/airflow/dags/team_color_spark_process.py
[2025-03-09T07:22:17.777+0000] {processor.py:830} INFO - Processing file /opt/airflow/dags/team_color_spark_process.py for tasks to queue
[2025-03-09T07:22:17.778+0000] {logging_mixin.py:188} INFO - [2025-03-09T07:22:17.778+0000] {dagbag.py:545} INFO - Filling up the DagBag from /opt/airflow/dags/team_color_spark_process.py
[2025-03-09T07:22:17.791+0000] {processor.py:840} INFO - DAG(s) 'team_color_spark_job_v3' retrieved from /opt/airflow/dags/team_color_spark_process.py
[2025-03-09T07:22:17.823+0000] {logging_mixin.py:188} INFO - [2025-03-09T07:22:17.823+0000] {dag.py:3096} INFO - Sync 1 DAGs
[2025-03-09T07:22:17.846+0000] {logging_mixin.py:188} INFO - [2025-03-09T07:22:17.846+0000] {dag.py:3954} INFO - Setting next_dagrun for team_color_spark_job_v3 to 2025-03-07 01:00:00+00:00, run_after=2025-03-08 01:00:00+00:00
[2025-03-09T07:22:17.865+0000] {processor.py:183} INFO - Processing /opt/airflow/dags/team_color_spark_process.py took 0.096 seconds
[2025-03-09T07:22:48.202+0000] {processor.py:161} INFO - Started process (PID=11196) to work on /opt/airflow/dags/team_color_spark_process.py
[2025-03-09T07:22:48.203+0000] {processor.py:830} INFO - Processing file /opt/airflow/dags/team_color_spark_process.py for tasks to queue
[2025-03-09T07:22:48.204+0000] {logging_mixin.py:188} INFO - [2025-03-09T07:22:48.204+0000] {dagbag.py:545} INFO - Filling up the DagBag from /opt/airflow/dags/team_color_spark_process.py
[2025-03-09T07:22:48.218+0000] {processor.py:840} INFO - DAG(s) 'team_color_spark_job_v3' retrieved from /opt/airflow/dags/team_color_spark_process.py
[2025-03-09T07:22:48.249+0000] {logging_mixin.py:188} INFO - [2025-03-09T07:22:48.249+0000] {dag.py:3096} INFO - Sync 1 DAGs
[2025-03-09T07:22:48.273+0000] {logging_mixin.py:188} INFO - [2025-03-09T07:22:48.273+0000] {dag.py:3954} INFO - Setting next_dagrun for team_color_spark_job_v3 to 2025-03-07 01:00:00+00:00, run_after=2025-03-08 01:00:00+00:00
[2025-03-09T07:22:48.293+0000] {processor.py:183} INFO - Processing /opt/airflow/dags/team_color_spark_process.py took 0.099 seconds
[2025-03-09T07:23:18.561+0000] {processor.py:161} INFO - Started process (PID=11217) to work on /opt/airflow/dags/team_color_spark_process.py
[2025-03-09T07:23:18.563+0000] {processor.py:830} INFO - Processing file /opt/airflow/dags/team_color_spark_process.py for tasks to queue
[2025-03-09T07:23:18.563+0000] {logging_mixin.py:188} INFO - [2025-03-09T07:23:18.563+0000] {dagbag.py:545} INFO - Filling up the DagBag from /opt/airflow/dags/team_color_spark_process.py
[2025-03-09T07:23:18.577+0000] {processor.py:840} INFO - DAG(s) 'team_color_spark_job_v3' retrieved from /opt/airflow/dags/team_color_spark_process.py
[2025-03-09T07:23:18.609+0000] {logging_mixin.py:188} INFO - [2025-03-09T07:23:18.608+0000] {dag.py:3096} INFO - Sync 1 DAGs
[2025-03-09T07:23:18.632+0000] {logging_mixin.py:188} INFO - [2025-03-09T07:23:18.632+0000] {dag.py:3954} INFO - Setting next_dagrun for team_color_spark_job_v3 to 2025-03-07 01:00:00+00:00, run_after=2025-03-08 01:00:00+00:00
[2025-03-09T07:23:18.650+0000] {processor.py:183} INFO - Processing /opt/airflow/dags/team_color_spark_process.py took 0.096 seconds
[2025-03-09T07:23:48.902+0000] {processor.py:161} INFO - Started process (PID=11238) to work on /opt/airflow/dags/team_color_spark_process.py
[2025-03-09T07:23:48.904+0000] {processor.py:830} INFO - Processing file /opt/airflow/dags/team_color_spark_process.py for tasks to queue
[2025-03-09T07:23:48.905+0000] {logging_mixin.py:188} INFO - [2025-03-09T07:23:48.905+0000] {dagbag.py:545} INFO - Filling up the DagBag from /opt/airflow/dags/team_color_spark_process.py
[2025-03-09T07:23:48.918+0000] {processor.py:840} INFO - DAG(s) 'team_color_spark_job_v3' retrieved from /opt/airflow/dags/team_color_spark_process.py
[2025-03-09T07:23:48.949+0000] {logging_mixin.py:188} INFO - [2025-03-09T07:23:48.949+0000] {dag.py:3096} INFO - Sync 1 DAGs
[2025-03-09T07:23:48.974+0000] {logging_mixin.py:188} INFO - [2025-03-09T07:23:48.974+0000] {dag.py:3954} INFO - Setting next_dagrun for team_color_spark_job_v3 to 2025-03-07 01:00:00+00:00, run_after=2025-03-08 01:00:00+00:00
[2025-03-09T07:23:48.993+0000] {processor.py:183} INFO - Processing /opt/airflow/dags/team_color_spark_process.py took 0.098 seconds
[2025-03-09T07:24:19.245+0000] {processor.py:161} INFO - Started process (PID=11259) to work on /opt/airflow/dags/team_color_spark_process.py
[2025-03-09T07:24:19.246+0000] {processor.py:830} INFO - Processing file /opt/airflow/dags/team_color_spark_process.py for tasks to queue
[2025-03-09T07:24:19.247+0000] {logging_mixin.py:188} INFO - [2025-03-09T07:24:19.247+0000] {dagbag.py:545} INFO - Filling up the DagBag from /opt/airflow/dags/team_color_spark_process.py
[2025-03-09T07:24:19.260+0000] {processor.py:840} INFO - DAG(s) 'team_color_spark_job_v3' retrieved from /opt/airflow/dags/team_color_spark_process.py
[2025-03-09T07:24:19.291+0000] {logging_mixin.py:188} INFO - [2025-03-09T07:24:19.290+0000] {dag.py:3096} INFO - Sync 1 DAGs
[2025-03-09T07:24:19.314+0000] {logging_mixin.py:188} INFO - [2025-03-09T07:24:19.314+0000] {dag.py:3954} INFO - Setting next_dagrun for team_color_spark_job_v3 to 2025-03-07 01:00:00+00:00, run_after=2025-03-08 01:00:00+00:00
[2025-03-09T07:24:19.333+0000] {processor.py:183} INFO - Processing /opt/airflow/dags/team_color_spark_process.py took 0.095 seconds
[2025-03-09T07:24:49.579+0000] {processor.py:161} INFO - Started process (PID=11280) to work on /opt/airflow/dags/team_color_spark_process.py
[2025-03-09T07:24:49.580+0000] {processor.py:830} INFO - Processing file /opt/airflow/dags/team_color_spark_process.py for tasks to queue
[2025-03-09T07:24:49.581+0000] {logging_mixin.py:188} INFO - [2025-03-09T07:24:49.581+0000] {dagbag.py:545} INFO - Filling up the DagBag from /opt/airflow/dags/team_color_spark_process.py
[2025-03-09T07:24:49.595+0000] {processor.py:840} INFO - DAG(s) 'team_color_spark_job_v3' retrieved from /opt/airflow/dags/team_color_spark_process.py
[2025-03-09T07:24:49.625+0000] {logging_mixin.py:188} INFO - [2025-03-09T07:24:49.625+0000] {dag.py:3096} INFO - Sync 1 DAGs
[2025-03-09T07:24:49.648+0000] {logging_mixin.py:188} INFO - [2025-03-09T07:24:49.647+0000] {dag.py:3954} INFO - Setting next_dagrun for team_color_spark_job_v3 to 2025-03-07 01:00:00+00:00, run_after=2025-03-08 01:00:00+00:00
[2025-03-09T07:24:49.666+0000] {processor.py:183} INFO - Processing /opt/airflow/dags/team_color_spark_process.py took 0.094 seconds
[2025-03-09T07:25:19.923+0000] {processor.py:161} INFO - Started process (PID=11301) to work on /opt/airflow/dags/team_color_spark_process.py
[2025-03-09T07:25:19.924+0000] {processor.py:830} INFO - Processing file /opt/airflow/dags/team_color_spark_process.py for tasks to queue
[2025-03-09T07:25:19.925+0000] {logging_mixin.py:188} INFO - [2025-03-09T07:25:19.925+0000] {dagbag.py:545} INFO - Filling up the DagBag from /opt/airflow/dags/team_color_spark_process.py
[2025-03-09T07:25:19.939+0000] {processor.py:840} INFO - DAG(s) 'team_color_spark_job_v3' retrieved from /opt/airflow/dags/team_color_spark_process.py
[2025-03-09T07:25:19.969+0000] {logging_mixin.py:188} INFO - [2025-03-09T07:25:19.969+0000] {dag.py:3096} INFO - Sync 1 DAGs
[2025-03-09T07:25:19.992+0000] {logging_mixin.py:188} INFO - [2025-03-09T07:25:19.992+0000] {dag.py:3954} INFO - Setting next_dagrun for team_color_spark_job_v3 to 2025-03-07 01:00:00+00:00, run_after=2025-03-08 01:00:00+00:00
[2025-03-09T07:25:20.013+0000] {processor.py:183} INFO - Processing /opt/airflow/dags/team_color_spark_process.py took 0.098 seconds
[2025-03-09T07:25:50.262+0000] {processor.py:161} INFO - Started process (PID=11322) to work on /opt/airflow/dags/team_color_spark_process.py
[2025-03-09T07:25:50.263+0000] {processor.py:830} INFO - Processing file /opt/airflow/dags/team_color_spark_process.py for tasks to queue
[2025-03-09T07:25:50.265+0000] {logging_mixin.py:188} INFO - [2025-03-09T07:25:50.264+0000] {dagbag.py:545} INFO - Filling up the DagBag from /opt/airflow/dags/team_color_spark_process.py
[2025-03-09T07:25:50.283+0000] {processor.py:840} INFO - DAG(s) 'team_color_spark_job_v3' retrieved from /opt/airflow/dags/team_color_spark_process.py
[2025-03-09T07:25:50.315+0000] {logging_mixin.py:188} INFO - [2025-03-09T07:25:50.315+0000] {dag.py:3096} INFO - Sync 1 DAGs
[2025-03-09T07:25:50.339+0000] {logging_mixin.py:188} INFO - [2025-03-09T07:25:50.339+0000] {dag.py:3954} INFO - Setting next_dagrun for team_color_spark_job_v3 to 2025-03-07 01:00:00+00:00, run_after=2025-03-08 01:00:00+00:00
[2025-03-09T07:25:50.358+0000] {processor.py:183} INFO - Processing /opt/airflow/dags/team_color_spark_process.py took 0.103 seconds
[2025-03-09T07:26:20.601+0000] {processor.py:161} INFO - Started process (PID=11343) to work on /opt/airflow/dags/team_color_spark_process.py
[2025-03-09T07:26:20.603+0000] {processor.py:830} INFO - Processing file /opt/airflow/dags/team_color_spark_process.py for tasks to queue
[2025-03-09T07:26:20.604+0000] {logging_mixin.py:188} INFO - [2025-03-09T07:26:20.603+0000] {dagbag.py:545} INFO - Filling up the DagBag from /opt/airflow/dags/team_color_spark_process.py
[2025-03-09T07:26:20.616+0000] {processor.py:840} INFO - DAG(s) 'team_color_spark_job_v3' retrieved from /opt/airflow/dags/team_color_spark_process.py
[2025-03-09T07:26:20.646+0000] {logging_mixin.py:188} INFO - [2025-03-09T07:26:20.646+0000] {dag.py:3096} INFO - Sync 1 DAGs
[2025-03-09T07:26:20.669+0000] {logging_mixin.py:188} INFO - [2025-03-09T07:26:20.669+0000] {dag.py:3954} INFO - Setting next_dagrun for team_color_spark_job_v3 to 2025-03-07 01:00:00+00:00, run_after=2025-03-08 01:00:00+00:00
[2025-03-09T07:26:20.690+0000] {processor.py:183} INFO - Processing /opt/airflow/dags/team_color_spark_process.py took 0.095 seconds
[2025-03-09T07:26:50.931+0000] {processor.py:161} INFO - Started process (PID=11364) to work on /opt/airflow/dags/team_color_spark_process.py
[2025-03-09T07:26:50.933+0000] {processor.py:830} INFO - Processing file /opt/airflow/dags/team_color_spark_process.py for tasks to queue
[2025-03-09T07:26:50.933+0000] {logging_mixin.py:188} INFO - [2025-03-09T07:26:50.933+0000] {dagbag.py:545} INFO - Filling up the DagBag from /opt/airflow/dags/team_color_spark_process.py
[2025-03-09T07:26:50.946+0000] {processor.py:840} INFO - DAG(s) 'team_color_spark_job_v3' retrieved from /opt/airflow/dags/team_color_spark_process.py
[2025-03-09T07:26:50.976+0000] {logging_mixin.py:188} INFO - [2025-03-09T07:26:50.976+0000] {dag.py:3096} INFO - Sync 1 DAGs
[2025-03-09T07:26:50.999+0000] {logging_mixin.py:188} INFO - [2025-03-09T07:26:50.999+0000] {dag.py:3954} INFO - Setting next_dagrun for team_color_spark_job_v3 to 2025-03-07 01:00:00+00:00, run_after=2025-03-08 01:00:00+00:00
[2025-03-09T07:26:51.018+0000] {processor.py:183} INFO - Processing /opt/airflow/dags/team_color_spark_process.py took 0.094 seconds
[2025-03-09T07:27:21.201+0000] {processor.py:161} INFO - Started process (PID=11382) to work on /opt/airflow/dags/team_color_spark_process.py
[2025-03-09T07:27:21.203+0000] {processor.py:830} INFO - Processing file /opt/airflow/dags/team_color_spark_process.py for tasks to queue
[2025-03-09T07:27:21.204+0000] {logging_mixin.py:188} INFO - [2025-03-09T07:27:21.204+0000] {dagbag.py:545} INFO - Filling up the DagBag from /opt/airflow/dags/team_color_spark_process.py
[2025-03-09T07:27:21.223+0000] {processor.py:840} INFO - DAG(s) 'team_color_spark_job_v3' retrieved from /opt/airflow/dags/team_color_spark_process.py
[2025-03-09T07:27:21.270+0000] {logging_mixin.py:188} INFO - [2025-03-09T07:27:21.270+0000] {dag.py:3096} INFO - Sync 1 DAGs
[2025-03-09T07:27:21.307+0000] {logging_mixin.py:188} INFO - [2025-03-09T07:27:21.307+0000] {dag.py:3954} INFO - Setting next_dagrun for team_color_spark_job_v3 to 2025-03-07 01:00:00+00:00, run_after=2025-03-08 01:00:00+00:00
[2025-03-09T07:27:21.332+0000] {processor.py:183} INFO - Processing /opt/airflow/dags/team_color_spark_process.py took 0.141 seconds
[2025-03-09T07:27:51.496+0000] {processor.py:161} INFO - Started process (PID=11400) to work on /opt/airflow/dags/team_color_spark_process.py
[2025-03-09T07:27:51.498+0000] {processor.py:830} INFO - Processing file /opt/airflow/dags/team_color_spark_process.py for tasks to queue
[2025-03-09T07:27:51.498+0000] {logging_mixin.py:188} INFO - [2025-03-09T07:27:51.498+0000] {dagbag.py:545} INFO - Filling up the DagBag from /opt/airflow/dags/team_color_spark_process.py
[2025-03-09T07:27:51.512+0000] {processor.py:840} INFO - DAG(s) 'team_color_spark_job_v3' retrieved from /opt/airflow/dags/team_color_spark_process.py
[2025-03-09T07:27:51.542+0000] {logging_mixin.py:188} INFO - [2025-03-09T07:27:51.542+0000] {dag.py:3096} INFO - Sync 1 DAGs
[2025-03-09T07:27:51.567+0000] {logging_mixin.py:188} INFO - [2025-03-09T07:27:51.567+0000] {dag.py:3954} INFO - Setting next_dagrun for team_color_spark_job_v3 to 2025-03-07 01:00:00+00:00, run_after=2025-03-08 01:00:00+00:00
[2025-03-09T07:27:51.585+0000] {processor.py:183} INFO - Processing /opt/airflow/dags/team_color_spark_process.py took 0.096 seconds
[2025-03-09T07:28:21.741+0000] {processor.py:161} INFO - Started process (PID=11421) to work on /opt/airflow/dags/team_color_spark_process.py
[2025-03-09T07:28:21.743+0000] {processor.py:830} INFO - Processing file /opt/airflow/dags/team_color_spark_process.py for tasks to queue
[2025-03-09T07:28:21.744+0000] {logging_mixin.py:188} INFO - [2025-03-09T07:28:21.743+0000] {dagbag.py:545} INFO - Filling up the DagBag from /opt/airflow/dags/team_color_spark_process.py
[2025-03-09T07:28:21.758+0000] {processor.py:840} INFO - DAG(s) 'team_color_spark_job_v3' retrieved from /opt/airflow/dags/team_color_spark_process.py
[2025-03-09T07:28:21.788+0000] {logging_mixin.py:188} INFO - [2025-03-09T07:28:21.788+0000] {dag.py:3096} INFO - Sync 1 DAGs
[2025-03-09T07:28:21.811+0000] {logging_mixin.py:188} INFO - [2025-03-09T07:28:21.811+0000] {dag.py:3954} INFO - Setting next_dagrun for team_color_spark_job_v3 to 2025-03-07 01:00:00+00:00, run_after=2025-03-08 01:00:00+00:00
[2025-03-09T07:28:21.831+0000] {processor.py:183} INFO - Processing /opt/airflow/dags/team_color_spark_process.py took 0.097 seconds
[2025-03-09T07:28:51.983+0000] {processor.py:161} INFO - Started process (PID=11442) to work on /opt/airflow/dags/team_color_spark_process.py
[2025-03-09T07:28:51.985+0000] {processor.py:830} INFO - Processing file /opt/airflow/dags/team_color_spark_process.py for tasks to queue
[2025-03-09T07:28:51.986+0000] {logging_mixin.py:188} INFO - [2025-03-09T07:28:51.986+0000] {dagbag.py:545} INFO - Filling up the DagBag from /opt/airflow/dags/team_color_spark_process.py
[2025-03-09T07:28:51.999+0000] {processor.py:840} INFO - DAG(s) 'team_color_spark_job_v3' retrieved from /opt/airflow/dags/team_color_spark_process.py
[2025-03-09T07:28:52.030+0000] {logging_mixin.py:188} INFO - [2025-03-09T07:28:52.030+0000] {dag.py:3096} INFO - Sync 1 DAGs
[2025-03-09T07:28:52.054+0000] {logging_mixin.py:188} INFO - [2025-03-09T07:28:52.053+0000] {dag.py:3954} INFO - Setting next_dagrun for team_color_spark_job_v3 to 2025-03-07 01:00:00+00:00, run_after=2025-03-08 01:00:00+00:00
[2025-03-09T07:28:52.074+0000] {processor.py:183} INFO - Processing /opt/airflow/dags/team_color_spark_process.py took 0.098 seconds
[2025-03-09T07:29:22.237+0000] {processor.py:161} INFO - Started process (PID=11463) to work on /opt/airflow/dags/team_color_spark_process.py
[2025-03-09T07:29:22.239+0000] {processor.py:830} INFO - Processing file /opt/airflow/dags/team_color_spark_process.py for tasks to queue
[2025-03-09T07:29:22.240+0000] {logging_mixin.py:188} INFO - [2025-03-09T07:29:22.240+0000] {dagbag.py:545} INFO - Filling up the DagBag from /opt/airflow/dags/team_color_spark_process.py
[2025-03-09T07:29:22.253+0000] {processor.py:840} INFO - DAG(s) 'team_color_spark_job_v3' retrieved from /opt/airflow/dags/team_color_spark_process.py
[2025-03-09T07:29:22.284+0000] {logging_mixin.py:188} INFO - [2025-03-09T07:29:22.284+0000] {dag.py:3096} INFO - Sync 1 DAGs
[2025-03-09T07:29:22.308+0000] {logging_mixin.py:188} INFO - [2025-03-09T07:29:22.308+0000] {dag.py:3954} INFO - Setting next_dagrun for team_color_spark_job_v3 to 2025-03-07 01:00:00+00:00, run_after=2025-03-08 01:00:00+00:00
[2025-03-09T07:29:22.328+0000] {processor.py:183} INFO - Processing /opt/airflow/dags/team_color_spark_process.py took 0.097 seconds
[2025-03-09T07:29:52.589+0000] {processor.py:161} INFO - Started process (PID=11484) to work on /opt/airflow/dags/team_color_spark_process.py
[2025-03-09T07:29:52.590+0000] {processor.py:830} INFO - Processing file /opt/airflow/dags/team_color_spark_process.py for tasks to queue
[2025-03-09T07:29:52.591+0000] {logging_mixin.py:188} INFO - [2025-03-09T07:29:52.591+0000] {dagbag.py:545} INFO - Filling up the DagBag from /opt/airflow/dags/team_color_spark_process.py
[2025-03-09T07:29:52.604+0000] {processor.py:840} INFO - DAG(s) 'team_color_spark_job_v3' retrieved from /opt/airflow/dags/team_color_spark_process.py
[2025-03-09T07:29:52.634+0000] {logging_mixin.py:188} INFO - [2025-03-09T07:29:52.633+0000] {dag.py:3096} INFO - Sync 1 DAGs
[2025-03-09T07:29:52.657+0000] {logging_mixin.py:188} INFO - [2025-03-09T07:29:52.657+0000] {dag.py:3954} INFO - Setting next_dagrun for team_color_spark_job_v3 to 2025-03-07 01:00:00+00:00, run_after=2025-03-08 01:00:00+00:00
[2025-03-09T07:29:52.683+0000] {processor.py:183} INFO - Processing /opt/airflow/dags/team_color_spark_process.py took 0.100 seconds
[2025-03-09T07:30:22.837+0000] {processor.py:161} INFO - Started process (PID=11505) to work on /opt/airflow/dags/team_color_spark_process.py
[2025-03-09T07:30:22.839+0000] {processor.py:830} INFO - Processing file /opt/airflow/dags/team_color_spark_process.py for tasks to queue
[2025-03-09T07:30:22.840+0000] {logging_mixin.py:188} INFO - [2025-03-09T07:30:22.839+0000] {dagbag.py:545} INFO - Filling up the DagBag from /opt/airflow/dags/team_color_spark_process.py
[2025-03-09T07:30:22.852+0000] {processor.py:840} INFO - DAG(s) 'team_color_spark_job_v3' retrieved from /opt/airflow/dags/team_color_spark_process.py
[2025-03-09T07:30:22.883+0000] {logging_mixin.py:188} INFO - [2025-03-09T07:30:22.883+0000] {dag.py:3096} INFO - Sync 1 DAGs
[2025-03-09T07:30:22.906+0000] {logging_mixin.py:188} INFO - [2025-03-09T07:30:22.905+0000] {dag.py:3954} INFO - Setting next_dagrun for team_color_spark_job_v3 to 2025-03-07 01:00:00+00:00, run_after=2025-03-08 01:00:00+00:00
[2025-03-09T07:30:22.925+0000] {processor.py:183} INFO - Processing /opt/airflow/dags/team_color_spark_process.py took 0.096 seconds
[2025-03-09T07:30:53.187+0000] {processor.py:161} INFO - Started process (PID=11526) to work on /opt/airflow/dags/team_color_spark_process.py
[2025-03-09T07:30:53.188+0000] {processor.py:830} INFO - Processing file /opt/airflow/dags/team_color_spark_process.py for tasks to queue
[2025-03-09T07:30:53.189+0000] {logging_mixin.py:188} INFO - [2025-03-09T07:30:53.189+0000] {dagbag.py:545} INFO - Filling up the DagBag from /opt/airflow/dags/team_color_spark_process.py
[2025-03-09T07:30:53.208+0000] {processor.py:840} INFO - DAG(s) 'team_color_spark_job_v3' retrieved from /opt/airflow/dags/team_color_spark_process.py
[2025-03-09T07:30:53.242+0000] {logging_mixin.py:188} INFO - [2025-03-09T07:30:53.241+0000] {dag.py:3096} INFO - Sync 1 DAGs
[2025-03-09T07:30:53.266+0000] {logging_mixin.py:188} INFO - [2025-03-09T07:30:53.265+0000] {dag.py:3954} INFO - Setting next_dagrun for team_color_spark_job_v3 to 2025-03-07 01:00:00+00:00, run_after=2025-03-08 01:00:00+00:00
[2025-03-09T07:30:53.284+0000] {processor.py:183} INFO - Processing /opt/airflow/dags/team_color_spark_process.py took 0.104 seconds
[2025-03-09T07:31:21.434+0000] {processor.py:161} INFO - Started process (PID=11547) to work on /opt/airflow/dags/team_color_spark_process.py
[2025-03-09T07:31:21.435+0000] {processor.py:830} INFO - Processing file /opt/airflow/dags/team_color_spark_process.py for tasks to queue
[2025-03-09T07:31:21.436+0000] {logging_mixin.py:188} INFO - [2025-03-09T07:31:21.436+0000] {dagbag.py:545} INFO - Filling up the DagBag from /opt/airflow/dags/team_color_spark_process.py
[2025-03-09T07:31:21.451+0000] {processor.py:840} INFO - DAG(s) 'team_color_spark_job_v3' retrieved from /opt/airflow/dags/team_color_spark_process.py
[2025-03-09T07:31:21.569+0000] {logging_mixin.py:188} INFO - [2025-03-09T07:31:21.569+0000] {dag.py:3096} INFO - Sync 1 DAGs
[2025-03-09T07:31:21.590+0000] {logging_mixin.py:188} INFO - [2025-03-09T07:31:21.589+0000] {dag.py:3954} INFO - Setting next_dagrun for team_color_spark_job_v3 to 2025-03-07 01:00:00+00:00, run_after=2025-03-08 01:00:00+00:00
[2025-03-09T07:31:21.611+0000] {processor.py:183} INFO - Processing /opt/airflow/dags/team_color_spark_process.py took 0.184 seconds
