[2025-03-08T06:45:56.736+0000] {local_task_job_runner.py:120} INFO - ::group::Pre task execution logs
[2025-03-08T06:45:56.760+0000] {taskinstance.py:2076} INFO - Dependencies all met for dep_context=non-requeueable deps ti=<TaskInstance: parquet_to_redshift.s3_to_redshift_match_data manual__2025-03-04T00:00:00+00:00 [queued]>
[2025-03-08T06:45:56.770+0000] {taskinstance.py:2076} INFO - Dependencies all met for dep_context=requeueable deps ti=<TaskInstance: parquet_to_redshift.s3_to_redshift_match_data manual__2025-03-04T00:00:00+00:00 [queued]>
[2025-03-08T06:45:56.771+0000] {taskinstance.py:2306} INFO - Starting attempt 1 of 2
[2025-03-08T06:45:56.785+0000] {taskinstance.py:2330} INFO - Executing <Task(S3ToRedshiftOperator): s3_to_redshift_match_data> on 2025-03-04 00:00:00+00:00
[2025-03-08T06:45:56.791+0000] {standard_task_runner.py:63} INFO - Started process 8447 to run task
[2025-03-08T06:45:56.796+0000] {standard_task_runner.py:90} INFO - Running: ['***', 'tasks', 'run', 'parquet_to_redshift', 's3_to_redshift_match_data', 'manual__2025-03-04T00:00:00+00:00', '--job-id', '27', '--raw', '--subdir', 'DAGS_FOLDER/match_info_redshift.py', '--cfg-path', '/tmp/tmp6v7fuy1t']
[2025-03-08T06:45:56.798+0000] {standard_task_runner.py:91} INFO - Job 27: Subtask s3_to_redshift_match_data
[2025-03-08T06:45:56.866+0000] {task_command.py:426} INFO - Running <TaskInstance: parquet_to_redshift.s3_to_redshift_match_data manual__2025-03-04T00:00:00+00:00 [running]> on host be828dc9717c
[2025-03-08T06:45:56.939+0000] {logging_mixin.py:188} WARNING - /home/***/.local/lib/python3.9/site-packages/***/utils/context.py:212 AirflowContextDeprecationWarning: Accessing 'execution_date' from the template is deprecated and will be removed in a future version. Please use 'data_interval_start' or 'logical_date' instead.
[2025-03-08T06:45:56.985+0000] {taskinstance.py:2648} INFO - Exporting env vars: AIRFLOW_CTX_DAG_OWNER='***' AIRFLOW_CTX_DAG_ID='parquet_to_redshift' AIRFLOW_CTX_TASK_ID='s3_to_redshift_match_data' AIRFLOW_CTX_EXECUTION_DATE='2025-03-04T00:00:00+00:00' AIRFLOW_CTX_TRY_NUMBER='1' AIRFLOW_CTX_DAG_RUN_ID='manual__2025-03-04T00:00:00+00:00'
[2025-03-08T06:45:56.986+0000] {taskinstance.py:430} INFO - ::endgroup::
[2025-03-08T06:45:57.019+0000] {base.py:84} INFO - Using connection ID 's3_conn_team' for task execution.
[2025-03-08T06:45:57.031+0000] {base.py:84} INFO - Using connection ID 's3_conn_team' for task execution.
[2025-03-08T06:45:57.032+0000] {connection_wrapper.py:384} INFO - AWS Connection (conn_id='s3_conn_team', conn_type='aws') credentials retrieved from login and password.
[2025-03-08T06:45:57.045+0000] {s3_to_redshift.py:193} INFO - Executing COPY command...
[2025-03-08T06:45:57.057+0000] {base.py:84} INFO - Using connection ID 'redshift_conn_team' for task execution.
[2025-03-08T06:45:57.572+0000] {sql.py:470} INFO - Running statement: BEGIN;, parameters: None
[2025-03-08T06:45:57.577+0000] {sql.py:470} INFO - Running statement: DELETE FROM analytics.match_info;, parameters: None
[2025-03-08T06:45:57.606+0000] {sql.py:479} INFO - Rows affected: 1044
[2025-03-08T06:45:57.607+0000] {sql.py:470} INFO - Running statement: 
                    COPY analytics.match_info 
                    FROM 's3://de5-finalproj-team2/analytics/match_data/2025-03-04/'
                    credentials
                    'aws_access_key_id=AKIA4RRVVY55RK5T7HCV;aws_secret_access_key=***'
                    
                    FORMAT AS PARQUET;
        , parameters: None
[2025-03-08T06:45:57.914+0000] {sql.py:470} INFO - Running statement: COMMIT, parameters: None
[2025-03-08T06:45:57.998+0000] {s3_to_redshift.py:198} INFO - COPY command complete...
[2025-03-08T06:45:57.998+0000] {taskinstance.py:441} INFO - ::group::Post task execution logs
[2025-03-08T06:45:58.017+0000] {taskinstance.py:1206} INFO - Marking task as SUCCESS. dag_id=parquet_to_redshift, task_id=s3_to_redshift_match_data, run_id=manual__2025-03-04T00:00:00+00:00, execution_date=20250304T000000, start_date=20250308T064556, end_date=20250308T064558
[2025-03-08T06:45:58.057+0000] {local_task_job_runner.py:240} INFO - Task exited with return code 0
[2025-03-08T06:45:58.082+0000] {taskinstance.py:3498} INFO - 0 downstream tasks scheduled from follow-on schedule check
[2025-03-08T06:45:58.084+0000] {local_task_job_runner.py:222} INFO - ::endgroup::
