[2025-03-12T04:22:29.294+0000] {local_task_job_runner.py:120} INFO - ::group::Pre task execution logs
[2025-03-12T04:22:29.317+0000] {taskinstance.py:2076} INFO - Dependencies all met for dep_context=non-requeueable deps ti=<TaskInstance: s3_csv_to_parquet_dag.submit_spark_via_ssh scheduled__2025-03-09T12:00:00+00:00 [queued]>
[2025-03-12T04:22:29.328+0000] {taskinstance.py:2076} INFO - Dependencies all met for dep_context=requeueable deps ti=<TaskInstance: s3_csv_to_parquet_dag.submit_spark_via_ssh scheduled__2025-03-09T12:00:00+00:00 [queued]>
[2025-03-12T04:22:29.328+0000] {taskinstance.py:2306} INFO - Starting attempt 2 of 3
[2025-03-12T04:22:29.343+0000] {taskinstance.py:2330} INFO - Executing <Task(SSHOperator): submit_spark_via_ssh> on 2025-03-09 12:00:00+00:00
[2025-03-12T04:22:29.349+0000] {standard_task_runner.py:63} INFO - Started process 10828 to run task
[2025-03-12T04:22:29.354+0000] {standard_task_runner.py:90} INFO - Running: ['***', 'tasks', 'run', 's3_csv_to_parquet_dag', 'submit_spark_via_ssh', 'scheduled__2025-03-09T12:00:00+00:00', '--job-id', '72', '--raw', '--subdir', 'DAGS_FOLDER/s3_csv_to_parquet_dag.py', '--cfg-path', '/tmp/tmpvbfhy0e8']
[2025-03-12T04:22:29.356+0000] {standard_task_runner.py:91} INFO - Job 72: Subtask submit_spark_via_ssh
[2025-03-12T04:22:29.427+0000] {task_command.py:426} INFO - Running <TaskInstance: s3_csv_to_parquet_dag.submit_spark_via_ssh scheduled__2025-03-09T12:00:00+00:00 [running]> on host a0d797a25898
[2025-03-12T04:22:29.547+0000] {taskinstance.py:2648} INFO - Exporting env vars: AIRFLOW_CTX_DAG_OWNER='***' AIRFLOW_CTX_DAG_ID='s3_csv_to_parquet_dag' AIRFLOW_CTX_TASK_ID='submit_spark_via_ssh' AIRFLOW_CTX_EXECUTION_DATE='2025-03-09T12:00:00+00:00' AIRFLOW_CTX_TRY_NUMBER='2' AIRFLOW_CTX_DAG_RUN_ID='scheduled__2025-03-09T12:00:00+00:00'
[2025-03-12T04:22:29.548+0000] {taskinstance.py:430} INFO - ::endgroup::
[2025-03-12T04:22:29.564+0000] {ssh.py:151} INFO - Creating ssh_client
[2025-03-12T04:22:29.564+0000] {ssh.py:124} INFO - ssh_hook is not provided or invalid. Trying ssh_conn_id to create SSHHook.
[2025-03-12T04:22:29.578+0000] {base.py:84} INFO - Using connection ID 'spark_ssh_conn' for task execution.
[2025-03-12T04:22:29.579+0000] {ssh.py:301} WARNING - No Host Key Verification. This won't protect against Man-In-The-Middle attacks
[2025-03-12T04:22:29.586+0000] {transport.py:1909} INFO - Connected (version 2.0, client OpenSSH_9.6p1)
[2025-03-12T04:22:29.689+0000] {transport.py:1909} INFO - Authentication (publickey) successful!
[2025-03-12T04:22:29.690+0000] {ssh.py:480} INFO - Running command: 
    set -e
    echo "Starting Spark Job on 2025-03-10"
    /spark-3.5.3/bin/spark-submit /home/ubuntu/spark_scripts/rankingInfo_To_Parquet.py 2025-03-10
    exit_code=$?

    if [ $exit_code -ne 0 ]; then
        echo "Spark Job Failed! Check logs."
        exit 1
    else
        echo "Spark Job Succeeded!"
    fi
    
[2025-03-12T04:22:29.786+0000] {ssh.py:526} INFO - Starting Spark Job on 2025-03-10
[2025-03-12T04:22:33.642+0000] {ssh.py:531} WARNING - 25/03/12 04:22:33 INFO SparkContext: Running Spark version 3.5.3
[2025-03-12T04:22:33.645+0000] {ssh.py:531} WARNING - 25/03/12 04:22:33 INFO SparkContext: OS info Linux, 6.8.0-1024-aws, amd64
[2025-03-12T04:22:33.645+0000] {ssh.py:531} WARNING - 25/03/12 04:22:33 INFO SparkContext: Java version 11.0.26
[2025-03-12T04:22:33.755+0000] {ssh.py:531} WARNING - 25/03/12 04:22:33 WARN NativeCodeLoader: Unable to load native-hadoop library for your platform... using builtin-java classes where applicable
[2025-03-12T04:22:33.904+0000] {ssh.py:531} WARNING - 25/03/12 04:22:33 INFO ResourceUtils: ==============================================================
[2025-03-12T04:22:33.905+0000] {ssh.py:531} WARNING - 25/03/12 04:22:33 INFO ResourceUtils: No custom resources configured for spark.driver.
[2025-03-12T04:22:33.905+0000] {ssh.py:531} WARNING - 25/03/12 04:22:33 INFO ResourceUtils: ==============================================================
[2025-03-12T04:22:33.905+0000] {ssh.py:531} WARNING - 25/03/12 04:22:33 INFO SparkContext: Submitted application: S3_CSV_to_Parquet
[2025-03-12T04:22:33.943+0000] {ssh.py:531} WARNING - 25/03/12 04:22:33 INFO ResourceProfile: Default ResourceProfile created, executor resources: Map(cores -> name: cores, amount: 1, script: , vendor: , memory -> name: memory, amount: 1024, script: , vendor: , offHeap -> name: offHeap, amount: 0, script: , vendor: ), task resources: Map(cpus -> name: cpus, amount: 1.0)
[2025-03-12T04:22:33.965+0000] {ssh.py:531} WARNING - 25/03/12 04:22:33 INFO ResourceProfile: Limiting resource is cpu
[2025-03-12T04:22:33.965+0000] {ssh.py:531} WARNING - 25/03/12 04:22:33 INFO ResourceProfileManager: Added ResourceProfile id: 0
[2025-03-12T04:22:34.034+0000] {ssh.py:531} WARNING - 25/03/12 04:22:34 INFO SecurityManager: Changing view acls to: ubuntu
[2025-03-12T04:22:34.037+0000] {ssh.py:531} WARNING - 25/03/12 04:22:34 INFO SecurityManager: Changing modify acls to: ubuntu
[2025-03-12T04:22:34.038+0000] {ssh.py:531} WARNING - 25/03/12 04:22:34 INFO SecurityManager: Changing view acls groups to: 
[2025-03-12T04:22:34.038+0000] {ssh.py:531} WARNING - 25/03/12 04:22:34 INFO SecurityManager: Changing modify acls groups to: 
[2025-03-12T04:22:34.038+0000] {ssh.py:531} WARNING - 25/03/12 04:22:34 INFO SecurityManager: SecurityManager: authentication disabled; ui acls disabled; users with view permissions: ubuntu; groups with view permissions: EMPTY; users with modify permissions: ubuntu; groups with modify permissions: EMPTY
[2025-03-12T04:22:34.409+0000] {ssh.py:531} WARNING - 25/03/12 04:22:34 INFO Utils: Successfully started service 'sparkDriver' on port 41733.
[2025-03-12T04:22:34.450+0000] {ssh.py:531} WARNING - 25/03/12 04:22:34 INFO SparkEnv: Registering MapOutputTracker
[2025-03-12T04:22:34.495+0000] {ssh.py:531} WARNING - 25/03/12 04:22:34 INFO SparkEnv: Registering BlockManagerMaster
[2025-03-12T04:22:34.518+0000] {ssh.py:531} WARNING - 25/03/12 04:22:34 INFO BlockManagerMasterEndpoint: Using org.apache.spark.storage.DefaultTopologyMapper for getting topology information
[2025-03-12T04:22:34.523+0000] {ssh.py:531} WARNING - 25/03/12 04:22:34 INFO BlockManagerMasterEndpoint: BlockManagerMasterEndpoint up
[2025-03-12T04:22:34.524+0000] {ssh.py:531} WARNING - 25/03/12 04:22:34 INFO SparkEnv: Registering BlockManagerMasterHeartbeat
[2025-03-12T04:22:34.559+0000] {ssh.py:531} WARNING - 25/03/12 04:22:34 INFO DiskBlockManager: Created local directory at /tmp/blockmgr-471e8eb8-2dc9-4e5e-90e2-4c5ed79cc134
[2025-03-12T04:22:34.577+0000] {ssh.py:531} WARNING - 25/03/12 04:22:34 INFO MemoryStore: MemoryStore started with capacity 434.4 MiB
[2025-03-12T04:22:34.596+0000] {ssh.py:531} WARNING - 25/03/12 04:22:34 INFO SparkEnv: Registering OutputCommitCoordinator
[2025-03-12T04:22:34.796+0000] {ssh.py:531} WARNING - 25/03/12 04:22:34 INFO JettyUtils: Start Jetty 0.0.0.0:4040 for SparkUI
[2025-03-12T04:22:34.908+0000] {ssh.py:531} WARNING - 25/03/12 04:22:34 INFO Utils: Successfully started service 'SparkUI' on port 4040.
[2025-03-12T04:22:35.097+0000] {ssh.py:531} WARNING - 25/03/12 04:22:35 INFO Executor: Starting executor ID driver on host ip-172-31-12-182.ap-northeast-2.compute.internal
[2025-03-12T04:22:35.098+0000] {ssh.py:531} WARNING - 25/03/12 04:22:35 INFO Executor: OS info Linux, 6.8.0-1024-aws, amd64
[2025-03-12T04:22:35.098+0000] {ssh.py:531} WARNING - 25/03/12 04:22:35 INFO Executor: Java version 11.0.26
[2025-03-12T04:22:35.109+0000] {ssh.py:531} WARNING - 25/03/12 04:22:35 INFO Executor: Starting executor with user classpath (userClassPathFirst = false): ''
[2025-03-12T04:22:35.110+0000] {ssh.py:531} WARNING - 25/03/12 04:22:35 INFO Executor: Created or updated repl class loader org.apache.spark.util.MutableURLClassLoader@649bf47e for default.
[2025-03-12T04:22:35.151+0000] {ssh.py:531} WARNING - 25/03/12 04:22:35 INFO Utils: Successfully started service 'org.apache.spark.network.netty.NettyBlockTransferService' on port 40453.
[2025-03-12T04:22:35.151+0000] {ssh.py:531} WARNING - 25/03/12 04:22:35 INFO NettyBlockTransferService: Server created on 0.0.0.0:40453
[2025-03-12T04:22:35.154+0000] {ssh.py:531} WARNING - 25/03/12 04:22:35 INFO BlockManager: Using org.apache.spark.storage.RandomBlockReplicationPolicy for block replication policy
[2025-03-12T04:22:35.165+0000] {ssh.py:531} WARNING - 25/03/12 04:22:35 INFO BlockManagerMaster: Registering BlockManager BlockManagerId(driver, 0.0.0.0, 40453, None)
[2025-03-12T04:22:35.174+0000] {ssh.py:531} WARNING - 25/03/12 04:22:35 INFO BlockManagerMasterEndpoint: Registering block manager 0.0.0.0:40453 with 434.4 MiB RAM, BlockManagerId(driver, 0.0.0.0, 40453, None)
[2025-03-12T04:22:35.179+0000] {ssh.py:531} WARNING - 25/03/12 04:22:35 INFO BlockManagerMaster: Registered BlockManager BlockManagerId(driver, 0.0.0.0, 40453, None)
[2025-03-12T04:22:35.181+0000] {ssh.py:531} WARNING - 25/03/12 04:22:35 INFO BlockManager: Initialized BlockManager: BlockManagerId(driver, 0.0.0.0, 40453, None)
[2025-03-12T04:22:35.859+0000] {ssh.py:531} WARNING - 25/03/12 04:22:35 INFO SharedState: Setting hive.metastore.warehouse.dir ('null') to the value of spark.sql.warehouse.dir.
[2025-03-12T04:22:35.871+0000] {ssh.py:531} WARNING - 25/03/12 04:22:35 INFO SharedState: Warehouse path is 'file:/home/ubuntu/spark-warehouse'.
[2025-03-12T04:22:37.153+0000] {ssh.py:531} WARNING - 25/03/12 04:22:37 WARN MetricsConfig: Cannot locate configuration: tried hadoop-metrics2-s3a-file-system.properties,hadoop-metrics2.properties
[2025-03-12T04:22:37.178+0000] {ssh.py:531} WARNING - 25/03/12 04:22:37 INFO MetricsSystemImpl: Scheduled Metric snapshot period at 10 second(s).
[2025-03-12T04:22:37.178+0000] {ssh.py:531} WARNING - 25/03/12 04:22:37 INFO MetricsSystemImpl: s3a-file-system metrics system started
[2025-03-12T04:22:39.000+0000] {ssh.py:531} WARNING - 25/03/12 04:22:38 INFO InMemoryFileIndex: It took 126 ms to list leaf files for 1 paths.
[2025-03-12T04:22:39.181+0000] {ssh.py:531} WARNING - 25/03/12 04:22:39 INFO InMemoryFileIndex: It took 45 ms to list leaf files for 1 paths.
[2025-03-12T04:22:42.686+0000] {ssh.py:531} WARNING - 25/03/12 04:22:42 INFO FileSourceStrategy: Pushed Filters: 
[2025-03-12T04:22:42.693+0000] {ssh.py:531} WARNING - 25/03/12 04:22:42 INFO FileSourceStrategy: Post-Scan Filters: (length(trim(value#0, None)) > 0)
[2025-03-12T04:22:43.653+0000] {ssh.py:531} WARNING - 25/03/12 04:22:43 INFO CodeGenerator: Code generated in 326.21617 ms
[2025-03-12T04:22:43.711+0000] {ssh.py:531} WARNING - 25/03/12 04:22:43 INFO MemoryStore: Block broadcast_0 stored as values in memory (estimated size 200.5 KiB, free 434.2 MiB)
[2025-03-12T04:22:43.815+0000] {ssh.py:531} WARNING - 25/03/12 04:22:43 INFO MemoryStore: Block broadcast_0_piece0 stored as bytes in memory (estimated size 34.7 KiB, free 434.2 MiB)
[2025-03-12T04:22:43.819+0000] {ssh.py:531} WARNING - 25/03/12 04:22:43 INFO BlockManagerInfo: Added broadcast_0_piece0 in memory on 0.0.0.0:40453 (size: 34.7 KiB, free: 434.4 MiB)
[2025-03-12T04:22:43.822+0000] {ssh.py:531} WARNING - 25/03/12 04:22:43 INFO SparkContext: Created broadcast 0 from csv at NativeMethodAccessorImpl.java:0
[2025-03-12T04:22:43.841+0000] {ssh.py:531} WARNING - 25/03/12 04:22:43 INFO FileSourceScanExec: Planning scan with bin packing, max size: 4194304 bytes, open cost is considered as scanning 4194304 bytes.
[2025-03-12T04:22:44.046+0000] {ssh.py:531} WARNING - 25/03/12 04:22:44 INFO SparkContext: Starting job: csv at NativeMethodAccessorImpl.java:0
[2025-03-12T04:22:44.065+0000] {ssh.py:531} WARNING - 25/03/12 04:22:44 INFO DAGScheduler: Got job 0 (csv at NativeMethodAccessorImpl.java:0) with 1 output partitions
[2025-03-12T04:22:44.066+0000] {ssh.py:531} WARNING - 25/03/12 04:22:44 INFO DAGScheduler: Final stage: ResultStage 0 (csv at NativeMethodAccessorImpl.java:0)
[2025-03-12T04:22:44.067+0000] {ssh.py:531} WARNING - 25/03/12 04:22:44 INFO DAGScheduler: Parents of final stage: List()
[2025-03-12T04:22:44.069+0000] {ssh.py:531} WARNING - 25/03/12 04:22:44 INFO DAGScheduler: Missing parents: List()
[2025-03-12T04:22:44.073+0000] {ssh.py:531} WARNING - 25/03/12 04:22:44 INFO DAGScheduler: Submitting ResultStage 0 (MapPartitionsRDD[3] at csv at NativeMethodAccessorImpl.java:0), which has no missing parents
[2025-03-12T04:22:44.172+0000] {ssh.py:531} WARNING - 25/03/12 04:22:44 INFO MemoryStore: Block broadcast_1 stored as values in memory (estimated size 13.5 KiB, free 434.2 MiB)
[2025-03-12T04:22:44.174+0000] {ssh.py:531} WARNING - 25/03/12 04:22:44 INFO MemoryStore: Block broadcast_1_piece0 stored as bytes in memory (estimated size 6.4 KiB, free 434.2 MiB)
[2025-03-12T04:22:44.175+0000] {ssh.py:531} WARNING - 25/03/12 04:22:44 INFO BlockManagerInfo: Added broadcast_1_piece0 in memory on 0.0.0.0:40453 (size: 6.4 KiB, free: 434.4 MiB)
[2025-03-12T04:22:44.176+0000] {ssh.py:531} WARNING - 25/03/12 04:22:44 INFO SparkContext: Created broadcast 1 from broadcast at DAGScheduler.scala:1585
[2025-03-12T04:22:44.196+0000] {ssh.py:531} WARNING - 25/03/12 04:22:44 INFO DAGScheduler: Submitting 1 missing tasks from ResultStage 0 (MapPartitionsRDD[3] at csv at NativeMethodAccessorImpl.java:0) (first 15 tasks are for partitions Vector(0))
[2025-03-12T04:22:44.197+0000] {ssh.py:531} WARNING - 25/03/12 04:22:44 INFO TaskSchedulerImpl: Adding task set 0.0 with 1 tasks resource profile 0
[2025-03-12T04:22:44.246+0000] {ssh.py:531} WARNING - 25/03/12 04:22:44 INFO TaskSetManager: Starting task 0.0 in stage 0.0 (TID 0) (ip-172-31-12-182.ap-northeast-2.compute.internal, executor driver, partition 0, PROCESS_LOCAL, 9640 bytes) 
[2025-03-12T04:22:44.261+0000] {ssh.py:531} WARNING - 25/03/12 04:22:44 INFO Executor: Running task 0.0 in stage 0.0 (TID 0)
[2025-03-12T04:22:44.424+0000] {ssh.py:531} WARNING - 25/03/12 04:22:44 INFO CodeGenerator: Code generated in 20.545962 ms
[2025-03-12T04:22:44.428+0000] {ssh.py:531} WARNING - 25/03/12 04:22:44 INFO FileScanRDD: Reading File path: s3a://de5-finalproj-team2/crawl/2025-03-12/crawl_result_processed_20250312.csv, range: 0-1154085, partition values: [empty row]
[2025-03-12T04:22:44.452+0000] {ssh.py:531} WARNING - 25/03/12 04:22:44 INFO CodeGenerator: Code generated in 19.056061 ms
[2025-03-12T04:22:44.607+0000] {ssh.py:531} WARNING - 25/03/12 04:22:44 INFO LineRecordReader: Found UTF-8 BOM and skipped it
[2025-03-12T04:22:44.694+0000] {ssh.py:531} WARNING - 25/03/12 04:22:44 INFO Executor: Finished task 0.0 in stage 0.0 (TID 0). 1756 bytes result sent to driver
[2025-03-12T04:22:44.750+0000] {ssh.py:531} WARNING - 25/03/12 04:22:44 INFO TaskSetManager: Finished task 0.0 in stage 0.0 (TID 0) in 514 ms on ip-172-31-12-182.ap-northeast-2.compute.internal (executor driver) (1/1)
[2025-03-12T04:22:44.755+0000] {ssh.py:531} WARNING - 25/03/12 04:22:44 INFO TaskSchedulerImpl: Removed TaskSet 0.0, whose tasks have all completed, from pool 
[2025-03-12T04:22:44.769+0000] {ssh.py:531} WARNING - 25/03/12 04:22:44 INFO DAGScheduler: ResultStage 0 (csv at NativeMethodAccessorImpl.java:0) finished in 0.677 s
[2025-03-12T04:22:44.775+0000] {ssh.py:531} WARNING - 25/03/12 04:22:44 INFO DAGScheduler: Job 0 is finished. Cancelling potential speculative or zombie tasks for this job
[2025-03-12T04:22:44.778+0000] {ssh.py:531} WARNING - 25/03/12 04:22:44 INFO TaskSchedulerImpl: Killing all running tasks in stage 0: Stage finished
[2025-03-12T04:22:44.780+0000] {ssh.py:531} WARNING - 25/03/12 04:22:44 INFO DAGScheduler: Job 0 finished: csv at NativeMethodAccessorImpl.java:0, took 0.734005 s
[2025-03-12T04:22:44.838+0000] {ssh.py:531} WARNING - 25/03/12 04:22:44 INFO CodeGenerator: Code generated in 28.836397 ms
[2025-03-12T04:22:44.921+0000] {ssh.py:531} WARNING - 25/03/12 04:22:44 INFO FileSourceStrategy: Pushed Filters: 
[2025-03-12T04:22:44.921+0000] {ssh.py:531} WARNING - 25/03/12 04:22:44 INFO FileSourceStrategy: Post-Scan Filters: 
[2025-03-12T04:22:44.931+0000] {ssh.py:531} WARNING - 25/03/12 04:22:44 INFO MemoryStore: Block broadcast_2 stored as values in memory (estimated size 200.5 KiB, free 434.0 MiB)
[2025-03-12T04:22:44.972+0000] {ssh.py:531} WARNING - 25/03/12 04:22:44 INFO MemoryStore: Block broadcast_2_piece0 stored as bytes in memory (estimated size 34.7 KiB, free 433.9 MiB)
[2025-03-12T04:22:44.992+0000] {ssh.py:531} WARNING - 25/03/12 04:22:44 INFO BlockManagerInfo: Added broadcast_2_piece0 in memory on 0.0.0.0:40453 (size: 34.7 KiB, free: 434.3 MiB)
[2025-03-12T04:22:44.996+0000] {ssh.py:531} WARNING - 25/03/12 04:22:44 INFO SparkContext: Created broadcast 2 from csv at NativeMethodAccessorImpl.java:0
[2025-03-12T04:22:44.996+0000] {ssh.py:531} WARNING - 25/03/12 04:22:44 INFO FileSourceScanExec: Planning scan with bin packing, max size: 4194304 bytes, open cost is considered as scanning 4194304 bytes.
[2025-03-12T04:22:45.023+0000] {ssh.py:531} WARNING - 25/03/12 04:22:45 INFO BlockManagerInfo: Removed broadcast_1_piece0 on 0.0.0.0:40453 in memory (size: 6.4 KiB, free: 434.3 MiB)
[2025-03-12T04:22:45.731+0000] {ssh.py:531} WARNING - 25/03/12 04:22:45 INFO FileSourceStrategy: Pushed Filters: 
[2025-03-12T04:22:45.732+0000] {ssh.py:531} WARNING - 25/03/12 04:22:45 INFO FileSourceStrategy: Post-Scan Filters: 
[2025-03-12T04:22:45.920+0000] {ssh.py:531} WARNING - 25/03/12 04:22:45 INFO ParquetUtils: Using default output committer for Parquet: org.apache.parquet.hadoop.ParquetOutputCommitter
[2025-03-12T04:22:45.945+0000] {ssh.py:531} WARNING - 25/03/12 04:22:45 INFO FileOutputCommitter: File Output Committer Algorithm version is 1
[2025-03-12T04:22:45.946+0000] {ssh.py:531} WARNING - 25/03/12 04:22:45 INFO FileOutputCommitter: FileOutputCommitter skip cleanup _temporary folders under output directory:false, ignore cleanup failures: false
[2025-03-12T04:22:45.948+0000] {ssh.py:531} WARNING - 25/03/12 04:22:45 INFO SQLHadoopMapReduceCommitProtocol: Using user defined output committer class org.apache.parquet.hadoop.ParquetOutputCommitter
[2025-03-12T04:22:45.948+0000] {ssh.py:531} WARNING - 25/03/12 04:22:45 INFO FileOutputCommitter: File Output Committer Algorithm version is 1
[2025-03-12T04:22:45.949+0000] {ssh.py:531} WARNING - 25/03/12 04:22:45 INFO FileOutputCommitter: FileOutputCommitter skip cleanup _temporary folders under output directory:false, ignore cleanup failures: false
[2025-03-12T04:22:45.953+0000] {ssh.py:531} WARNING - 25/03/12 04:22:45 INFO SQLHadoopMapReduceCommitProtocol: Using output committer class org.apache.parquet.hadoop.ParquetOutputCommitter
[2025-03-12T04:22:46.428+0000] {ssh.py:531} WARNING - 25/03/12 04:22:46 INFO CodeGenerator: Code generated in 36.574217 ms
[2025-03-12T04:22:46.433+0000] {ssh.py:531} WARNING - 25/03/12 04:22:46 INFO MemoryStore: Block broadcast_3 stored as values in memory (estimated size 200.4 KiB, free 433.7 MiB)
[2025-03-12T04:22:46.490+0000] {ssh.py:531} WARNING - 25/03/12 04:22:46 INFO MemoryStore: Block broadcast_3_piece0 stored as bytes in memory (estimated size 34.6 KiB, free 433.7 MiB)
[2025-03-12T04:22:46.495+0000] {ssh.py:531} WARNING - 25/03/12 04:22:46 INFO BlockManagerInfo: Added broadcast_3_piece0 in memory on 0.0.0.0:40453 (size: 34.6 KiB, free: 434.3 MiB)
[2025-03-12T04:22:46.496+0000] {ssh.py:531} WARNING - 25/03/12 04:22:46 INFO SparkContext: Created broadcast 3 from parquet at NativeMethodAccessorImpl.java:0
[2025-03-12T04:22:46.510+0000] {ssh.py:531} WARNING - 25/03/12 04:22:46 INFO FileSourceScanExec: Planning scan with bin packing, max size: 4194304 bytes, open cost is considered as scanning 4194304 bytes.
[2025-03-12T04:22:46.531+0000] {ssh.py:531} WARNING - 25/03/12 04:22:46 INFO SparkContext: Starting job: parquet at NativeMethodAccessorImpl.java:0
[2025-03-12T04:22:46.532+0000] {ssh.py:531} WARNING - 25/03/12 04:22:46 INFO DAGScheduler: Got job 1 (parquet at NativeMethodAccessorImpl.java:0) with 1 output partitions
[2025-03-12T04:22:46.533+0000] {ssh.py:531} WARNING - 25/03/12 04:22:46 INFO DAGScheduler: Final stage: ResultStage 1 (parquet at NativeMethodAccessorImpl.java:0)
[2025-03-12T04:22:46.533+0000] {ssh.py:531} WARNING - 25/03/12 04:22:46 INFO DAGScheduler: Parents of final stage: List()
[2025-03-12T04:22:46.537+0000] {ssh.py:531} WARNING - 25/03/12 04:22:46 INFO DAGScheduler: Missing parents: List()
[2025-03-12T04:22:46.542+0000] {ssh.py:531} WARNING - 25/03/12 04:22:46 INFO DAGScheduler: Submitting ResultStage 1 (MapPartitionsRDD[13] at parquet at NativeMethodAccessorImpl.java:0), which has no missing parents
[2025-03-12T04:22:46.641+0000] {ssh.py:531} WARNING - 25/03/12 04:22:46 INFO MemoryStore: Block broadcast_4 stored as values in memory (estimated size 223.0 KiB, free 433.5 MiB)
[2025-03-12T04:22:46.648+0000] {ssh.py:531} WARNING - 25/03/12 04:22:46 INFO MemoryStore: Block broadcast_4_piece0 stored as bytes in memory (estimated size 80.0 KiB, free 433.4 MiB)
[2025-03-12T04:22:46.649+0000] {ssh.py:531} WARNING - 25/03/12 04:22:46 INFO BlockManagerInfo: Added broadcast_4_piece0 in memory on 0.0.0.0:40453 (size: 80.0 KiB, free: 434.2 MiB)
[2025-03-12T04:22:46.682+0000] {ssh.py:531} WARNING - 25/03/12 04:22:46 INFO SparkContext: Created broadcast 4 from broadcast at DAGScheduler.scala:1585
[2025-03-12T04:22:46.686+0000] {ssh.py:531} WARNING - 25/03/12 04:22:46 INFO DAGScheduler: Submitting 1 missing tasks from ResultStage 1 (MapPartitionsRDD[13] at parquet at NativeMethodAccessorImpl.java:0) (first 15 tasks are for partitions Vector(0))
[2025-03-12T04:22:46.687+0000] {ssh.py:531} WARNING - 25/03/12 04:22:46 INFO TaskSchedulerImpl: Adding task set 1.0 with 1 tasks resource profile 0
[2025-03-12T04:22:46.693+0000] {ssh.py:531} WARNING - 25/03/12 04:22:46 INFO TaskSetManager: Starting task 0.0 in stage 1.0 (TID 1) (ip-172-31-12-182.ap-northeast-2.compute.internal, executor driver, partition 0, PROCESS_LOCAL, 9640 bytes) 
[2025-03-12T04:22:46.694+0000] {ssh.py:531} WARNING - 25/03/12 04:22:46 INFO Executor: Running task 0.0 in stage 1.0 (TID 1)
[2025-03-12T04:22:46.699+0000] {ssh.py:531} WARNING - 25/03/12 04:22:46 INFO BlockManagerInfo: Removed broadcast_0_piece0 on 0.0.0.0:40453 in memory (size: 34.7 KiB, free: 434.3 MiB)
[2025-03-12T04:22:46.720+0000] {ssh.py:531} WARNING - 25/03/12 04:22:46 INFO BlockManagerInfo: Removed broadcast_2_piece0 on 0.0.0.0:40453 in memory (size: 34.7 KiB, free: 434.3 MiB)
[2025-03-12T04:22:46.873+0000] {ssh.py:531} WARNING - 25/03/12 04:22:46 INFO CodeGenerator: Code generated in 57.220142 ms
[2025-03-12T04:22:46.879+0000] {ssh.py:531} WARNING - 25/03/12 04:22:46 INFO FileOutputCommitter: File Output Committer Algorithm version is 1
[2025-03-12T04:22:46.879+0000] {ssh.py:531} WARNING - 25/03/12 04:22:46 INFO FileOutputCommitter: FileOutputCommitter skip cleanup _temporary folders under output directory:false, ignore cleanup failures: false
[2025-03-12T04:22:46.881+0000] {ssh.py:531} WARNING - 25/03/12 04:22:46 INFO SQLHadoopMapReduceCommitProtocol: Using user defined output committer class org.apache.parquet.hadoop.ParquetOutputCommitter
[2025-03-12T04:22:46.881+0000] {ssh.py:531} WARNING - 25/03/12 04:22:46 INFO FileOutputCommitter: File Output Committer Algorithm version is 1
[2025-03-12T04:22:46.881+0000] {ssh.py:531} WARNING - 25/03/12 04:22:46 INFO FileOutputCommitter: FileOutputCommitter skip cleanup _temporary folders under output directory:false, ignore cleanup failures: false
[2025-03-12T04:22:46.881+0000] {ssh.py:531} WARNING - 25/03/12 04:22:46 INFO SQLHadoopMapReduceCommitProtocol: Using output committer class org.apache.parquet.hadoop.ParquetOutputCommitter
[2025-03-12T04:22:46.890+0000] {ssh.py:531} WARNING - 25/03/12 04:22:46 INFO CodecConfig: Compression: SNAPPY
[2025-03-12T04:22:46.894+0000] {ssh.py:531} WARNING - 25/03/12 04:22:46 INFO CodecConfig: Compression: SNAPPY
[2025-03-12T04:22:46.931+0000] {ssh.py:531} WARNING - 25/03/12 04:22:46 INFO ParquetOutputFormat: ParquetRecordWriter [block size: 134217728b, row group padding size: 8388608b, validating: false]
[2025-03-12T04:22:46.984+0000] {ssh.py:531} WARNING - 25/03/12 04:22:46 INFO ParquetWriteSupport: Initialized Parquet WriteSupport with Catalyst schema:
[2025-03-12T04:22:46.984+0000] {ssh.py:531} WARNING - {
[2025-03-12T04:22:46.985+0000] {ssh.py:531} WARNING -   "type" : "struct",
[2025-03-12T04:22:46.985+0000] {ssh.py:531} WARNING -   "fields" : [ {
[2025-03-12T04:22:46.985+0000] {ssh.py:531} WARNING -     "name" : "ranking",
[2025-03-12T04:22:46.985+0000] {ssh.py:531} WARNING -     "type" : "string",
[2025-03-12T04:22:46.985+0000] {ssh.py:531} WARNING -     "nullable" : true,
[2025-03-12T04:22:46.985+0000] {ssh.py:531} WARNING -     "metadata" : { }
[2025-03-12T04:22:46.985+0000] {ssh.py:531} WARNING -   }, {
[2025-03-12T04:22:46.986+0000] {ssh.py:531} WARNING -     "name" : "division_id",
[2025-03-12T04:22:46.986+0000] {ssh.py:531} WARNING -     "type" : "string",
[2025-03-12T04:22:46.986+0000] {ssh.py:531} WARNING -     "nullable" : true,
[2025-03-12T04:22:46.986+0000] {ssh.py:531} WARNING -     "metadata" : { }
[2025-03-12T04:22:46.986+0000] {ssh.py:531} WARNING -   }, {
[2025-03-12T04:22:46.986+0000] {ssh.py:531} WARNING -     "name" : "gamer_nickname",
[2025-03-12T04:22:46.986+0000] {ssh.py:531} WARNING -     "type" : "string",
[2025-03-12T04:22:46.986+0000] {ssh.py:531} WARNING -     "nullable" : true,
[2025-03-12T04:22:46.987+0000] {ssh.py:531} WARNING -     "metadata" : { }
[2025-03-12T04:22:46.987+0000] {ssh.py:531} WARNING -   }, {
[2025-03-12T04:22:46.987+0000] {ssh.py:531} WARNING -     "name" : "level",
[2025-03-12T04:22:46.987+0000] {ssh.py:531} WARNING -     "type" : "string",
[2025-03-12T04:22:46.987+0000] {ssh.py:531} WARNING -     "nullable" : true,
[2025-03-12T04:22:46.987+0000] {ssh.py:531} WARNING -     "metadata" : { }
[2025-03-12T04:22:46.987+0000] {ssh.py:531} WARNING -   }, {
[2025-03-12T04:22:46.988+0000] {ssh.py:531} WARNING -     "name" : "team_worth",
[2025-03-12T04:22:46.988+0000] {ssh.py:531} WARNING -     "type" : "string",
[2025-03-12T04:22:46.988+0000] {ssh.py:531} WARNING -     "nullable" : true,
[2025-03-12T04:22:46.988+0000] {ssh.py:531} WARNING -     "metadata" : { }
[2025-03-12T04:22:46.988+0000] {ssh.py:531} WARNING -   }, {
[2025-03-12T04:22:46.988+0000] {ssh.py:531} WARNING -     "name" : "points",
[2025-03-12T04:22:46.988+0000] {ssh.py:531} WARNING -     "type" : "string",
[2025-03-12T04:22:46.988+0000] {ssh.py:531} WARNING -     "nullable" : true,
[2025-03-12T04:22:46.988+0000] {ssh.py:531} WARNING -     "metadata" : { }
[2025-03-12T04:22:46.989+0000] {ssh.py:531} WARNING -   }, {
[2025-03-12T04:22:46.989+0000] {ssh.py:531} WARNING -     "name" : "winning_rate",
[2025-03-12T04:22:46.989+0000] {ssh.py:531} WARNING -     "type" : "string",
[2025-03-12T04:22:46.989+0000] {ssh.py:531} WARNING -     "nullable" : true,
[2025-03-12T04:22:46.989+0000] {ssh.py:531} WARNING -     "metadata" : { }
[2025-03-12T04:22:46.989+0000] {ssh.py:531} WARNING -   }, {
[2025-03-12T04:22:46.989+0000] {ssh.py:531} WARNING -     "name" : "team_name",
[2025-03-12T04:22:46.989+0000] {ssh.py:531} WARNING -     "type" : "string",
[2025-03-12T04:22:46.989+0000] {ssh.py:531} WARNING -     "nullable" : true,
[2025-03-12T04:22:46.990+0000] {ssh.py:531} WARNING -     "metadata" : { }
[2025-03-12T04:22:46.990+0000] {ssh.py:531} WARNING -   }, {
[2025-03-12T04:22:46.990+0000] {ssh.py:531} WARNING -     "name" : "formation",
[2025-03-12T04:22:46.990+0000] {ssh.py:531} WARNING -     "type" : "string",
[2025-03-12T04:22:46.990+0000] {ssh.py:531} WARNING -     "nullable" : true,
[2025-03-12T04:22:46.990+0000] {ssh.py:531} WARNING -     "metadata" : { }
[2025-03-12T04:22:46.990+0000] {ssh.py:531} WARNING -   }, {
[2025-03-12T04:22:46.990+0000] {ssh.py:531} WARNING -     "name" : "created_at",
[2025-03-12T04:22:46.990+0000] {ssh.py:531} WARNING -     "type" : "string",
[2025-03-12T04:22:46.991+0000] {ssh.py:531} WARNING -     "nullable" : true,
[2025-03-12T04:22:46.991+0000] {ssh.py:531} WARNING -     "metadata" : { }
[2025-03-12T04:22:46.991+0000] {ssh.py:531} WARNING -   }, {
[2025-03-12T04:22:46.991+0000] {ssh.py:531} WARNING -     "name" : "total_win",
[2025-03-12T04:22:46.991+0000] {ssh.py:531} WARNING -     "type" : "string",
[2025-03-12T04:22:46.991+0000] {ssh.py:531} WARNING -     "nullable" : true,
[2025-03-12T04:22:46.991+0000] {ssh.py:531} WARNING -     "metadata" : { }
[2025-03-12T04:22:46.992+0000] {ssh.py:531} WARNING -   }, {
[2025-03-12T04:22:46.992+0000] {ssh.py:531} WARNING -     "name" : "total_draw",
[2025-03-12T04:22:46.992+0000] {ssh.py:531} WARNING -     "type" : "string",
[2025-03-12T04:22:46.992+0000] {ssh.py:531} WARNING -     "nullable" : true,
[2025-03-12T04:22:46.992+0000] {ssh.py:531} WARNING -     "metadata" : { }
[2025-03-12T04:22:46.992+0000] {ssh.py:531} WARNING -   }, {
[2025-03-12T04:22:46.992+0000] {ssh.py:531} WARNING -     "name" : "total_lose",
[2025-03-12T04:22:46.992+0000] {ssh.py:531} WARNING -     "type" : "string",
[2025-03-12T04:22:46.992+0000] {ssh.py:531} WARNING -     "nullable" : true,
[2025-03-12T04:22:46.993+0000] {ssh.py:531} WARNING -     "metadata" : { }
[2025-03-12T04:22:46.993+0000] {ssh.py:531} WARNING -   } ]
[2025-03-12T04:22:46.993+0000] {ssh.py:531} WARNING - }
[2025-03-12T04:22:46.993+0000] {ssh.py:531} WARNING - and corresponding Parquet message type:
[2025-03-12T04:22:46.993+0000] {ssh.py:531} WARNING - message spark_schema {
[2025-03-12T04:22:46.993+0000] {ssh.py:531} WARNING -   optional binary ranking (STRING);
[2025-03-12T04:22:46.993+0000] {ssh.py:531} WARNING -   optional binary division_id (STRING);
[2025-03-12T04:22:46.993+0000] {ssh.py:531} WARNING -   optional binary gamer_nickname (STRING);
[2025-03-12T04:22:46.994+0000] {ssh.py:531} WARNING -   optional binary level (STRING);
[2025-03-12T04:22:46.994+0000] {ssh.py:531} WARNING -   optional binary team_worth (STRING);
[2025-03-12T04:22:46.994+0000] {ssh.py:531} WARNING -   optional binary points (STRING);
[2025-03-12T04:22:46.994+0000] {ssh.py:531} WARNING -   optional binary winning_rate (STRING);
[2025-03-12T04:22:46.994+0000] {ssh.py:531} WARNING -   optional binary team_name (STRING);
[2025-03-12T04:22:46.994+0000] {ssh.py:531} WARNING -   optional binary formation (STRING);
[2025-03-12T04:22:46.994+0000] {ssh.py:531} WARNING -   optional binary created_at (STRING);
[2025-03-12T04:22:46.994+0000] {ssh.py:531} WARNING -   optional binary total_win (STRING);
[2025-03-12T04:22:46.994+0000] {ssh.py:531} WARNING -   optional binary total_draw (STRING);
[2025-03-12T04:22:46.995+0000] {ssh.py:531} WARNING -   optional binary total_lose (STRING);
[2025-03-12T04:22:46.995+0000] {ssh.py:531} WARNING - }
[2025-03-12T04:22:46.995+0000] {ssh.py:531} WARNING - 
[2025-03-12T04:22:46.995+0000] {ssh.py:531} WARNING -        
[2025-03-12T04:22:47.224+0000] {ssh.py:531} WARNING - 25/03/12 04:22:47 INFO CodecPool: Got brand-new compressor [.snappy]
[2025-03-12T04:22:47.659+0000] {ssh.py:531} WARNING - 25/03/12 04:22:47 INFO FileScanRDD: Reading File path: s3a://de5-finalproj-team2/crawl/2025-03-12/crawl_result_processed_20250312.csv, range: 0-1154085, partition values: [empty row]
[2025-03-12T04:22:47.700+0000] {ssh.py:531} WARNING - 25/03/12 04:22:47 INFO CodeGenerator: Code generated in 34.453799 ms
[2025-03-12T04:22:47.793+0000] {ssh.py:531} WARNING - 25/03/12 04:22:47 INFO LineRecordReader: Found UTF-8 BOM and skipped it
[2025-03-12T04:22:50.015+0000] {ssh.py:531} WARNING - 25/03/12 04:22:50 INFO FileOutputCommitter: Saved output of task 'attempt_202503120422468925463564132895471_0001_m_000000_1' to s3a://de5-finalproj-team2/analytics/ranking_info/2025-03-12/ranking_info_data.parquet/_temporary/0/task_202503120422468925463564132895471_0001_m_000000
[2025-03-12T04:22:50.016+0000] {ssh.py:531} WARNING - 25/03/12 04:22:50 INFO SparkHadoopMapRedUtil: attempt_202503120422468925463564132895471_0001_m_000000_1: Committed. Elapsed time: 614 ms.
[2025-03-12T04:22:50.066+0000] {ssh.py:531} WARNING - 25/03/12 04:22:50 INFO Executor: Finished task 0.0 in stage 1.0 (TID 1). 2613 bytes result sent to driver
[2025-03-12T04:22:50.074+0000] {ssh.py:531} WARNING - 25/03/12 04:22:50 INFO TaskSetManager: Finished task 0.0 in stage 1.0 (TID 1) in 3382 ms on ip-172-31-12-182.ap-northeast-2.compute.internal (executor driver) (1/1)
[2025-03-12T04:22:50.074+0000] {ssh.py:531} WARNING - 25/03/12 04:22:50 INFO TaskSchedulerImpl: Removed TaskSet 1.0, whose tasks have all completed, from pool 
[2025-03-12T04:22:50.074+0000] {ssh.py:531} WARNING - 25/03/12 04:22:50 INFO DAGScheduler: ResultStage 1 (parquet at NativeMethodAccessorImpl.java:0) finished in 3.534 s
[2025-03-12T04:22:50.075+0000] {ssh.py:531} WARNING - 25/03/12 04:22:50 INFO DAGScheduler: Job 1 is finished. Cancelling potential speculative or zombie tasks for this job
[2025-03-12T04:22:50.075+0000] {ssh.py:531} WARNING - 25/03/12 04:22:50 INFO TaskSchedulerImpl: Killing all running tasks in stage 1: Stage finished
[2025-03-12T04:22:50.076+0000] {ssh.py:531} WARNING - 25/03/12 04:22:50 INFO DAGScheduler: Job 1 finished: parquet at NativeMethodAccessorImpl.java:0, took 3.544708 s
[2025-03-12T04:22:50.080+0000] {ssh.py:531} WARNING - 25/03/12 04:22:50 INFO FileFormatWriter: Start to commit write Job 896eacd6-8798-4144-b663-b4abe4508248.
[2025-03-12T04:22:51.046+0000] {ssh.py:531} WARNING - 25/03/12 04:22:51 INFO FileFormatWriter: Write Job 896eacd6-8798-4144-b663-b4abe4508248 committed. Elapsed time: 965 ms.
[2025-03-12T04:22:51.050+0000] {ssh.py:531} WARNING - 25/03/12 04:22:51 INFO FileFormatWriter: Finished processing stats for write job 896eacd6-8798-4144-b663-b4abe4508248.
[2025-03-12T04:22:51.055+0000] {ssh.py:526} INFO - ✅ Parquet 파일 변환 완료!
[2025-03-12T04:22:51.106+0000] {ssh.py:531} WARNING - 25/03/12 04:22:51 INFO SparkContext: Invoking stop() from shutdown hook
[2025-03-12T04:22:51.108+0000] {ssh.py:531} WARNING - 25/03/12 04:22:51 INFO SparkContext: SparkContext is stopping with exitCode 0.
[2025-03-12T04:22:51.127+0000] {ssh.py:531} WARNING - 25/03/12 04:22:51 INFO SparkUI: Stopped Spark web UI at http://0.0.0.0:4040
[2025-03-12T04:22:51.142+0000] {ssh.py:531} WARNING - 25/03/12 04:22:51 INFO MapOutputTrackerMasterEndpoint: MapOutputTrackerMasterEndpoint stopped!
[2025-03-12T04:22:51.152+0000] {ssh.py:531} WARNING - 25/03/12 04:22:51 INFO MemoryStore: MemoryStore cleared
[2025-03-12T04:22:51.153+0000] {ssh.py:531} WARNING - 25/03/12 04:22:51 INFO BlockManager: BlockManager stopped
[2025-03-12T04:22:51.156+0000] {ssh.py:531} WARNING - 25/03/12 04:22:51 INFO BlockManagerMaster: BlockManagerMaster stopped
[2025-03-12T04:22:51.160+0000] {ssh.py:531} WARNING - 25/03/12 04:22:51 INFO OutputCommitCoordinator$OutputCommitCoordinatorEndpoint: OutputCommitCoordinator stopped!
[2025-03-12T04:22:51.166+0000] {ssh.py:531} WARNING - 25/03/12 04:22:51 INFO SparkContext: Successfully stopped SparkContext
[2025-03-12T04:22:51.166+0000] {ssh.py:531} WARNING - 25/03/12 04:22:51 INFO ShutdownHookManager: Shutdown hook called
[2025-03-12T04:22:51.167+0000] {ssh.py:531} WARNING - 25/03/12 04:22:51 INFO ShutdownHookManager: Deleting directory /tmp/spark-6db3da16-675f-4d61-9493-5acb49d144e8
[2025-03-12T04:22:51.169+0000] {ssh.py:531} WARNING - 25/03/12 04:22:51 INFO ShutdownHookManager: Deleting directory /tmp/spark-344c7b3f-614d-4c57-b748-3a07ad07045d
[2025-03-12T04:22:51.172+0000] {ssh.py:531} WARNING - 25/03/12 04:22:51 INFO ShutdownHookManager: Deleting directory /tmp/spark-6db3da16-675f-4d61-9493-5acb49d144e8/pyspark-a2c7ba35-2d07-404c-a78b-3dae2ca30065
[2025-03-12T04:22:51.179+0000] {ssh.py:531} WARNING - 25/03/12 04:22:51 INFO MetricsSystemImpl: Stopping s3a-file-system metrics system...
[2025-03-12T04:22:51.180+0000] {ssh.py:531} WARNING - 25/03/12 04:22:51 INFO MetricsSystemImpl: s3a-file-system metrics system stopped.
[2025-03-12T04:22:51.180+0000] {ssh.py:531} WARNING - 25/03/12 04:22:51 INFO MetricsSystemImpl: s3a-file-system metrics system shutdown complete.
[2025-03-12T04:22:51.223+0000] {ssh.py:526} INFO - Spark Job Succeeded!
[2025-03-12T04:22:51.252+0000] {taskinstance.py:441} INFO - ::group::Post task execution logs
[2025-03-12T04:22:51.283+0000] {taskinstance.py:1206} INFO - Marking task as SUCCESS. dag_id=s3_csv_to_parquet_dag, task_id=submit_spark_via_ssh, run_id=scheduled__2025-03-09T12:00:00+00:00, execution_date=20250309T120000, start_date=20250312T042229, end_date=20250312T042251
[2025-03-12T04:22:51.310+0000] {local_task_job_runner.py:240} INFO - Task exited with return code 0
[2025-03-12T04:22:51.332+0000] {taskinstance.py:3498} INFO - 0 downstream tasks scheduled from follow-on schedule check
[2025-03-12T04:22:51.334+0000] {local_task_job_runner.py:222} INFO - ::endgroup::
