[2025-03-11T07:22:26.653+0000] {local_task_job_runner.py:120} INFO - ::group::Pre task execution logs
[2025-03-11T07:22:26.677+0000] {taskinstance.py:2076} INFO - Dependencies all met for dep_context=non-requeueable deps ti=<TaskInstance: s3_csv_to_parquet_dag.submit_spark_via_ssh scheduled__2025-03-09T12:00:00+00:00 [queued]>
[2025-03-11T07:22:26.687+0000] {taskinstance.py:2076} INFO - Dependencies all met for dep_context=requeueable deps ti=<TaskInstance: s3_csv_to_parquet_dag.submit_spark_via_ssh scheduled__2025-03-09T12:00:00+00:00 [queued]>
[2025-03-11T07:22:26.687+0000] {taskinstance.py:2306} INFO - Starting attempt 1 of 2
[2025-03-11T07:22:26.702+0000] {taskinstance.py:2330} INFO - Executing <Task(SSHOperator): submit_spark_via_ssh> on 2025-03-09 12:00:00+00:00
[2025-03-11T07:22:26.710+0000] {standard_task_runner.py:63} INFO - Started process 13958 to run task
[2025-03-11T07:22:26.719+0000] {standard_task_runner.py:90} INFO - Running: ['***', 'tasks', 'run', 's3_csv_to_parquet_dag', 'submit_spark_via_ssh', 'scheduled__2025-03-09T12:00:00+00:00', '--job-id', '57', '--raw', '--subdir', 'DAGS_FOLDER/s3_csv_to_parquet_dag.py', '--cfg-path', '/tmp/tmp0dx5j35v']
[2025-03-11T07:22:26.722+0000] {standard_task_runner.py:91} INFO - Job 57: Subtask submit_spark_via_ssh
[2025-03-11T07:22:26.807+0000] {task_command.py:426} INFO - Running <TaskInstance: s3_csv_to_parquet_dag.submit_spark_via_ssh scheduled__2025-03-09T12:00:00+00:00 [running]> on host a0d797a25898
[2025-03-11T07:22:26.921+0000] {taskinstance.py:2648} INFO - Exporting env vars: AIRFLOW_CTX_DAG_OWNER='***' AIRFLOW_CTX_DAG_ID='s3_csv_to_parquet_dag' AIRFLOW_CTX_TASK_ID='submit_spark_via_ssh' AIRFLOW_CTX_EXECUTION_DATE='2025-03-09T12:00:00+00:00' AIRFLOW_CTX_TRY_NUMBER='1' AIRFLOW_CTX_DAG_RUN_ID='scheduled__2025-03-09T12:00:00+00:00'
[2025-03-11T07:22:26.922+0000] {taskinstance.py:430} INFO - ::endgroup::
[2025-03-11T07:22:26.937+0000] {ssh.py:151} INFO - Creating ssh_client
[2025-03-11T07:22:26.938+0000] {ssh.py:124} INFO - ssh_hook is not provided or invalid. Trying ssh_conn_id to create SSHHook.
[2025-03-11T07:22:26.953+0000] {base.py:84} INFO - Using connection ID 'spark_ssh_conn' for task execution.
[2025-03-11T07:22:26.954+0000] {ssh.py:301} WARNING - No Host Key Verification. This won't protect against Man-In-The-Middle attacks
[2025-03-11T07:22:26.958+0000] {transport.py:1909} INFO - Connected (version 2.0, client OpenSSH_9.6p1)
[2025-03-11T07:22:27.021+0000] {transport.py:1909} INFO - Authentication (publickey) successful!
[2025-03-11T07:22:27.022+0000] {ssh.py:480} INFO - Running command: 
    set -e
    echo "Starting Spark Job on 2025-03-09"
    /spark-3.5.3/bin/spark-submit /home/ubuntu/spark_scripts/rankingInfo_To_Parquet.py 2025-03-09
    exit_code=$?

    if [ $exit_code -ne 0 ]; then
        echo "Spark Job Failed! Check logs."
        exit 1
    else
        echo "Spark Job Succeeded!"
    fi
    
[2025-03-11T07:22:27.492+0000] {ssh.py:526} INFO - Starting Spark Job on 2025-03-09
[2025-03-11T07:22:31.365+0000] {ssh.py:531} WARNING - 25/03/11 07:22:31 INFO SparkContext: Running Spark version 3.5.3
[2025-03-11T07:22:31.367+0000] {ssh.py:531} WARNING - 25/03/11 07:22:31 INFO SparkContext: OS info Linux, 6.8.0-1024-aws, amd64
[2025-03-11T07:22:31.368+0000] {ssh.py:531} WARNING - 25/03/11 07:22:31 INFO SparkContext: Java version 11.0.26
[2025-03-11T07:22:31.471+0000] {ssh.py:531} WARNING - 25/03/11 07:22:31 WARN NativeCodeLoader: Unable to load native-hadoop library for your platform... using builtin-java classes where applicable
[2025-03-11T07:22:31.610+0000] {ssh.py:531} WARNING - 25/03/11 07:22:31 INFO ResourceUtils: ==============================================================
[2025-03-11T07:22:31.610+0000] {ssh.py:531} WARNING - 25/03/11 07:22:31 INFO ResourceUtils: No custom resources configured for spark.driver.
[2025-03-11T07:22:31.610+0000] {ssh.py:531} WARNING - 25/03/11 07:22:31 INFO ResourceUtils: ==============================================================
[2025-03-11T07:22:31.612+0000] {ssh.py:531} WARNING - 25/03/11 07:22:31 INFO SparkContext: Submitted application: S3_CSV_to_Parquet
[2025-03-11T07:22:31.648+0000] {ssh.py:531} WARNING - 25/03/11 07:22:31 INFO ResourceProfile: Default ResourceProfile created, executor resources: Map(cores -> name: cores, amount: 1, script: , vendor: , memory -> name: memory, amount: 1024, script: , vendor: , offHeap -> name: offHeap, amount: 0, script: , vendor: ), task resources: Map(cpus -> name: cpus, amount: 1.0)
[2025-03-11T07:22:31.671+0000] {ssh.py:531} WARNING - 25/03/11 07:22:31 INFO ResourceProfile: Limiting resource is cpu
[2025-03-11T07:22:31.673+0000] {ssh.py:531} WARNING - 25/03/11 07:22:31 INFO ResourceProfileManager: Added ResourceProfile id: 0
[2025-03-11T07:22:31.740+0000] {ssh.py:531} WARNING - 25/03/11 07:22:31 INFO SecurityManager: Changing view acls to: ubuntu
[2025-03-11T07:22:31.740+0000] {ssh.py:531} WARNING - 25/03/11 07:22:31 INFO SecurityManager: Changing modify acls to: ubuntu
[2025-03-11T07:22:31.742+0000] {ssh.py:531} WARNING - 25/03/11 07:22:31 INFO SecurityManager: Changing view acls groups to: 
[2025-03-11T07:22:31.743+0000] {ssh.py:531} WARNING - 25/03/11 07:22:31 INFO SecurityManager: Changing modify acls groups to: 
[2025-03-11T07:22:31.743+0000] {ssh.py:531} WARNING - 25/03/11 07:22:31 INFO SecurityManager: SecurityManager: authentication disabled; ui acls disabled; users with view permissions: ubuntu; groups with view permissions: EMPTY; users with modify permissions: ubuntu; groups with modify permissions: EMPTY
[2025-03-11T07:22:32.072+0000] {ssh.py:531} WARNING - 25/03/11 07:22:32 INFO Utils: Successfully started service 'sparkDriver' on port 46419.
[2025-03-11T07:22:32.109+0000] {ssh.py:531} WARNING - 25/03/11 07:22:32 INFO SparkEnv: Registering MapOutputTracker
[2025-03-11T07:22:32.154+0000] {ssh.py:531} WARNING - 25/03/11 07:22:32 INFO SparkEnv: Registering BlockManagerMaster
[2025-03-11T07:22:32.180+0000] {ssh.py:531} WARNING - 25/03/11 07:22:32 INFO BlockManagerMasterEndpoint: Using org.apache.spark.storage.DefaultTopologyMapper for getting topology information
[2025-03-11T07:22:32.181+0000] {ssh.py:531} WARNING - 25/03/11 07:22:32 INFO BlockManagerMasterEndpoint: BlockManagerMasterEndpoint up
[2025-03-11T07:22:32.187+0000] {ssh.py:531} WARNING - 25/03/11 07:22:32 INFO SparkEnv: Registering BlockManagerMasterHeartbeat
[2025-03-11T07:22:32.223+0000] {ssh.py:531} WARNING - 25/03/11 07:22:32 INFO DiskBlockManager: Created local directory at /tmp/blockmgr-78058038-83de-4753-b4d2-6bc22ab4e4ac
[2025-03-11T07:22:32.245+0000] {ssh.py:531} WARNING - 25/03/11 07:22:32 INFO MemoryStore: MemoryStore started with capacity 434.4 MiB
[2025-03-11T07:22:32.262+0000] {ssh.py:531} WARNING - 25/03/11 07:22:32 INFO SparkEnv: Registering OutputCommitCoordinator
[2025-03-11T07:22:32.481+0000] {ssh.py:531} WARNING - 25/03/11 07:22:32 INFO JettyUtils: Start Jetty 0.0.0.0:4040 for SparkUI
[2025-03-11T07:22:32.559+0000] {ssh.py:531} WARNING - 25/03/11 07:22:32 INFO Utils: Successfully started service 'SparkUI' on port 4040.
[2025-03-11T07:22:32.736+0000] {ssh.py:531} WARNING - 25/03/11 07:22:32 INFO Executor: Starting executor ID driver on host ip-172-31-12-182.ap-northeast-2.compute.internal
[2025-03-11T07:22:32.737+0000] {ssh.py:531} WARNING - 25/03/11 07:22:32 INFO Executor: OS info Linux, 6.8.0-1024-aws, amd64
[2025-03-11T07:22:32.737+0000] {ssh.py:531} WARNING - 25/03/11 07:22:32 INFO Executor: Java version 11.0.26
[2025-03-11T07:22:32.749+0000] {ssh.py:531} WARNING - 25/03/11 07:22:32 INFO Executor: Starting executor with user classpath (userClassPathFirst = false): ''
[2025-03-11T07:22:32.750+0000] {ssh.py:531} WARNING - 25/03/11 07:22:32 INFO Executor: Created or updated repl class loader org.apache.spark.util.MutableURLClassLoader@2db19343 for default.
[2025-03-11T07:22:32.781+0000] {ssh.py:531} WARNING - 25/03/11 07:22:32 INFO Utils: Successfully started service 'org.apache.spark.network.netty.NettyBlockTransferService' on port 33641.
[2025-03-11T07:22:32.782+0000] {ssh.py:531} WARNING - 25/03/11 07:22:32 INFO NettyBlockTransferService: Server created on 0.0.0.0:33641
[2025-03-11T07:22:32.785+0000] {ssh.py:531} WARNING - 25/03/11 07:22:32 INFO BlockManager: Using org.apache.spark.storage.RandomBlockReplicationPolicy for block replication policy
[2025-03-11T07:22:32.794+0000] {ssh.py:531} WARNING - 25/03/11 07:22:32 INFO BlockManagerMaster: Registering BlockManager BlockManagerId(driver, 0.0.0.0, 33641, None)
[2025-03-11T07:22:32.799+0000] {ssh.py:531} WARNING - 25/03/11 07:22:32 INFO BlockManagerMasterEndpoint: Registering block manager 0.0.0.0:33641 with 434.4 MiB RAM, BlockManagerId(driver, 0.0.0.0, 33641, None)
[2025-03-11T07:22:32.802+0000] {ssh.py:531} WARNING - 25/03/11 07:22:32 INFO BlockManagerMaster: Registered BlockManager BlockManagerId(driver, 0.0.0.0, 33641, None)
[2025-03-11T07:22:32.804+0000] {ssh.py:531} WARNING - 25/03/11 07:22:32 INFO BlockManager: Initialized BlockManager: BlockManagerId(driver, 0.0.0.0, 33641, None)
[2025-03-11T07:22:33.523+0000] {ssh.py:531} WARNING - 25/03/11 07:22:33 INFO SharedState: Setting hive.metastore.warehouse.dir ('null') to the value of spark.sql.warehouse.dir.
[2025-03-11T07:22:33.535+0000] {ssh.py:531} WARNING - 25/03/11 07:22:33 INFO SharedState: Warehouse path is 'file:/home/ubuntu/spark-warehouse'.
[2025-03-11T07:22:34.845+0000] {ssh.py:531} WARNING - 25/03/11 07:22:34 WARN MetricsConfig: Cannot locate configuration: tried hadoop-metrics2-s3a-file-system.properties,hadoop-metrics2.properties
[2025-03-11T07:22:34.875+0000] {ssh.py:531} WARNING - 25/03/11 07:22:34 INFO MetricsSystemImpl: Scheduled Metric snapshot period at 10 second(s).
[2025-03-11T07:22:34.876+0000] {ssh.py:531} WARNING - 25/03/11 07:22:34 INFO MetricsSystemImpl: s3a-file-system metrics system started
[2025-03-11T07:22:36.464+0000] {ssh.py:531} WARNING - 25/03/11 07:22:36 INFO InMemoryFileIndex: It took 100 ms to list leaf files for 1 paths.
[2025-03-11T07:22:36.577+0000] {ssh.py:531} WARNING - 25/03/11 07:22:36 INFO InMemoryFileIndex: It took 36 ms to list leaf files for 1 paths.
[2025-03-11T07:22:39.572+0000] {ssh.py:531} WARNING - 25/03/11 07:22:39 INFO FileSourceStrategy: Pushed Filters: 
[2025-03-11T07:22:39.576+0000] {ssh.py:531} WARNING - 25/03/11 07:22:39 INFO FileSourceStrategy: Post-Scan Filters: (length(trim(value#0, None)) > 0)
[2025-03-11T07:22:40.495+0000] {ssh.py:531} WARNING - 25/03/11 07:22:40 INFO CodeGenerator: Code generated in 334.490702 ms
[2025-03-11T07:22:40.598+0000] {ssh.py:531} WARNING - 25/03/11 07:22:40 INFO MemoryStore: Block broadcast_0 stored as values in memory (estimated size 200.5 KiB, free 434.2 MiB)
[2025-03-11T07:22:40.696+0000] {ssh.py:531} WARNING - 25/03/11 07:22:40 INFO MemoryStore: Block broadcast_0_piece0 stored as bytes in memory (estimated size 34.7 KiB, free 434.2 MiB)
[2025-03-11T07:22:40.698+0000] {ssh.py:531} WARNING - 25/03/11 07:22:40 INFO BlockManagerInfo: Added broadcast_0_piece0 in memory on 0.0.0.0:33641 (size: 34.7 KiB, free: 434.4 MiB)
[2025-03-11T07:22:40.706+0000] {ssh.py:531} WARNING - 25/03/11 07:22:40 INFO SparkContext: Created broadcast 0 from csv at NativeMethodAccessorImpl.java:0
[2025-03-11T07:22:40.724+0000] {ssh.py:531} WARNING - 25/03/11 07:22:40 INFO FileSourceScanExec: Planning scan with bin packing, max size: 4194304 bytes, open cost is considered as scanning 4194304 bytes.
[2025-03-11T07:22:40.902+0000] {ssh.py:531} WARNING - 25/03/11 07:22:40 INFO SparkContext: Starting job: csv at NativeMethodAccessorImpl.java:0
[2025-03-11T07:22:40.944+0000] {ssh.py:531} WARNING - 25/03/11 07:22:40 INFO DAGScheduler: Got job 0 (csv at NativeMethodAccessorImpl.java:0) with 1 output partitions
[2025-03-11T07:22:40.945+0000] {ssh.py:531} WARNING - 25/03/11 07:22:40 INFO DAGScheduler: Final stage: ResultStage 0 (csv at NativeMethodAccessorImpl.java:0)
[2025-03-11T07:22:40.945+0000] {ssh.py:531} WARNING - 25/03/11 07:22:40 INFO DAGScheduler: Parents of final stage: List()
[2025-03-11T07:22:40.947+0000] {ssh.py:531} WARNING - 25/03/11 07:22:40 INFO DAGScheduler: Missing parents: List()
[2025-03-11T07:22:40.952+0000] {ssh.py:531} WARNING - 25/03/11 07:22:40 INFO DAGScheduler: Submitting ResultStage 0 (MapPartitionsRDD[3] at csv at NativeMethodAccessorImpl.java:0), which has no missing parents
[2025-03-11T07:22:41.097+0000] {ssh.py:531} WARNING - 25/03/11 07:22:41 INFO MemoryStore: Block broadcast_1 stored as values in memory (estimated size 13.5 KiB, free 434.2 MiB)
[2025-03-11T07:22:41.121+0000] {ssh.py:531} WARNING - 25/03/11 07:22:41 INFO MemoryStore: Block broadcast_1_piece0 stored as bytes in memory (estimated size 6.4 KiB, free 434.2 MiB)
[2025-03-11T07:22:41.121+0000] {ssh.py:531} WARNING - 25/03/11 07:22:41 INFO BlockManagerInfo: Added broadcast_1_piece0 in memory on 0.0.0.0:33641 (size: 6.4 KiB, free: 434.4 MiB)
[2025-03-11T07:22:41.122+0000] {ssh.py:531} WARNING - 25/03/11 07:22:41 INFO SparkContext: Created broadcast 1 from broadcast at DAGScheduler.scala:1585
[2025-03-11T07:22:41.157+0000] {ssh.py:531} WARNING - 25/03/11 07:22:41 INFO DAGScheduler: Submitting 1 missing tasks from ResultStage 0 (MapPartitionsRDD[3] at csv at NativeMethodAccessorImpl.java:0) (first 15 tasks are for partitions Vector(0))
[2025-03-11T07:22:41.157+0000] {ssh.py:531} WARNING - 25/03/11 07:22:41 INFO TaskSchedulerImpl: Adding task set 0.0 with 1 tasks resource profile 0
[2025-03-11T07:22:41.292+0000] {ssh.py:531} WARNING - 25/03/11 07:22:41 INFO TaskSetManager: Starting task 0.0 in stage 0.0 (TID 0) (ip-172-31-12-182.ap-northeast-2.compute.internal, executor driver, partition 0, PROCESS_LOCAL, 9640 bytes) 
[2025-03-11T07:22:41.329+0000] {ssh.py:531} WARNING - 25/03/11 07:22:41 INFO Executor: Running task 0.0 in stage 0.0 (TID 0)
[2025-03-11T07:22:41.546+0000] {ssh.py:531} WARNING - 25/03/11 07:22:41 INFO CodeGenerator: Code generated in 30.628218 ms
[2025-03-11T07:22:41.553+0000] {ssh.py:531} WARNING - 25/03/11 07:22:41 INFO FileScanRDD: Reading File path: s3a://de5-finalproj-team2/crawl/2025-03-11/crawl_result_processed_20250311.csv, range: 0-1153114, partition values: [empty row]
[2025-03-11T07:22:41.587+0000] {ssh.py:531} WARNING - 25/03/11 07:22:41 INFO CodeGenerator: Code generated in 25.521547 ms
[2025-03-11T07:22:41.744+0000] {ssh.py:531} WARNING - 25/03/11 07:22:41 INFO LineRecordReader: Found UTF-8 BOM and skipped it
[2025-03-11T07:22:41.850+0000] {ssh.py:531} WARNING - 25/03/11 07:22:41 INFO Executor: Finished task 0.0 in stage 0.0 (TID 0). 1756 bytes result sent to driver
[2025-03-11T07:22:41.885+0000] {ssh.py:531} WARNING - 25/03/11 07:22:41 INFO TaskSetManager: Finished task 0.0 in stage 0.0 (TID 0) in 655 ms on ip-172-31-12-182.ap-northeast-2.compute.internal (executor driver) (1/1)
[2025-03-11T07:22:41.926+0000] {ssh.py:531} WARNING - 25/03/11 07:22:41 INFO TaskSchedulerImpl: Removed TaskSet 0.0, whose tasks have all completed, from pool 
[2025-03-11T07:22:41.931+0000] {ssh.py:531} WARNING - 25/03/11 07:22:41 INFO DAGScheduler: ResultStage 0 (csv at NativeMethodAccessorImpl.java:0) finished in 0.948 s
[2025-03-11T07:22:41.939+0000] {ssh.py:531} WARNING - 25/03/11 07:22:41 INFO DAGScheduler: Job 0 is finished. Cancelling potential speculative or zombie tasks for this job
[2025-03-11T07:22:41.943+0000] {ssh.py:531} WARNING - 25/03/11 07:22:41 INFO TaskSchedulerImpl: Killing all running tasks in stage 0: Stage finished
[2025-03-11T07:22:41.947+0000] {ssh.py:531} WARNING - 25/03/11 07:22:41 INFO DAGScheduler: Job 0 finished: csv at NativeMethodAccessorImpl.java:0, took 1.045537 s
[2025-03-11T07:22:42.016+0000] {ssh.py:531} WARNING - 25/03/11 07:22:42 INFO CodeGenerator: Code generated in 25.079852 ms
[2025-03-11T07:22:42.168+0000] {ssh.py:531} WARNING - 25/03/11 07:22:42 INFO BlockManagerInfo: Removed broadcast_1_piece0 on 0.0.0.0:33641 in memory (size: 6.4 KiB, free: 434.4 MiB)
[2025-03-11T07:22:42.169+0000] {ssh.py:531} WARNING - 25/03/11 07:22:42 INFO FileSourceStrategy: Pushed Filters: 
[2025-03-11T07:22:42.169+0000] {ssh.py:531} WARNING - 25/03/11 07:22:42 INFO FileSourceStrategy: Post-Scan Filters: 
[2025-03-11T07:22:42.199+0000] {ssh.py:531} WARNING - 25/03/11 07:22:42 INFO MemoryStore: Block broadcast_2 stored as values in memory (estimated size 200.5 KiB, free 434.0 MiB)
[2025-03-11T07:22:42.232+0000] {ssh.py:531} WARNING - 25/03/11 07:22:42 INFO MemoryStore: Block broadcast_2_piece0 stored as bytes in memory (estimated size 34.7 KiB, free 433.9 MiB)
[2025-03-11T07:22:42.235+0000] {ssh.py:531} WARNING - 25/03/11 07:22:42 INFO BlockManagerInfo: Added broadcast_2_piece0 in memory on 0.0.0.0:33641 (size: 34.7 KiB, free: 434.3 MiB)
[2025-03-11T07:22:42.238+0000] {ssh.py:531} WARNING - 25/03/11 07:22:42 INFO SparkContext: Created broadcast 2 from csv at NativeMethodAccessorImpl.java:0
[2025-03-11T07:22:42.240+0000] {ssh.py:531} WARNING - 25/03/11 07:22:42 INFO FileSourceScanExec: Planning scan with bin packing, max size: 4194304 bytes, open cost is considered as scanning 4194304 bytes.
[2025-03-11T07:22:42.916+0000] {ssh.py:531} WARNING - 25/03/11 07:22:42 INFO FileSourceStrategy: Pushed Filters: 
[2025-03-11T07:22:42.917+0000] {ssh.py:531} WARNING - 25/03/11 07:22:42 INFO FileSourceStrategy: Post-Scan Filters: 
[2025-03-11T07:22:43.088+0000] {ssh.py:531} WARNING - 25/03/11 07:22:43 INFO ParquetUtils: Using default output committer for Parquet: org.apache.parquet.hadoop.ParquetOutputCommitter
[2025-03-11T07:22:43.109+0000] {ssh.py:531} WARNING - 25/03/11 07:22:43 INFO FileOutputCommitter: File Output Committer Algorithm version is 1
[2025-03-11T07:22:43.110+0000] {ssh.py:531} WARNING - 25/03/11 07:22:43 INFO FileOutputCommitter: FileOutputCommitter skip cleanup _temporary folders under output directory:false, ignore cleanup failures: false
[2025-03-11T07:22:43.112+0000] {ssh.py:531} WARNING - 25/03/11 07:22:43 INFO SQLHadoopMapReduceCommitProtocol: Using user defined output committer class org.apache.parquet.hadoop.ParquetOutputCommitter
[2025-03-11T07:22:43.112+0000] {ssh.py:531} WARNING - 25/03/11 07:22:43 INFO FileOutputCommitter: File Output Committer Algorithm version is 1
[2025-03-11T07:22:43.112+0000] {ssh.py:531} WARNING - 25/03/11 07:22:43 INFO FileOutputCommitter: FileOutputCommitter skip cleanup _temporary folders under output directory:false, ignore cleanup failures: false
[2025-03-11T07:22:43.114+0000] {ssh.py:531} WARNING - 25/03/11 07:22:43 INFO SQLHadoopMapReduceCommitProtocol: Using output committer class org.apache.parquet.hadoop.ParquetOutputCommitter
[2025-03-11T07:22:43.502+0000] {ssh.py:531} WARNING - 25/03/11 07:22:43 INFO CodeGenerator: Code generated in 20.813048 ms
[2025-03-11T07:22:43.506+0000] {ssh.py:531} WARNING - 25/03/11 07:22:43 INFO MemoryStore: Block broadcast_3 stored as values in memory (estimated size 200.4 KiB, free 433.7 MiB)
[2025-03-11T07:22:43.517+0000] {ssh.py:531} WARNING - 25/03/11 07:22:43 INFO MemoryStore: Block broadcast_3_piece0 stored as bytes in memory (estimated size 34.6 KiB, free 433.7 MiB)
[2025-03-11T07:22:43.518+0000] {ssh.py:531} WARNING - 25/03/11 07:22:43 INFO BlockManagerInfo: Added broadcast_3_piece0 in memory on 0.0.0.0:33641 (size: 34.6 KiB, free: 434.3 MiB)
[2025-03-11T07:22:43.521+0000] {ssh.py:531} WARNING - 25/03/11 07:22:43 INFO SparkContext: Created broadcast 3 from parquet at NativeMethodAccessorImpl.java:0
[2025-03-11T07:22:43.529+0000] {ssh.py:531} WARNING - 25/03/11 07:22:43 INFO FileSourceScanExec: Planning scan with bin packing, max size: 4194304 bytes, open cost is considered as scanning 4194304 bytes.
[2025-03-11T07:22:43.549+0000] {ssh.py:531} WARNING - 25/03/11 07:22:43 INFO SparkContext: Starting job: parquet at NativeMethodAccessorImpl.java:0
[2025-03-11T07:22:43.550+0000] {ssh.py:531} WARNING - 25/03/11 07:22:43 INFO DAGScheduler: Got job 1 (parquet at NativeMethodAccessorImpl.java:0) with 1 output partitions
[2025-03-11T07:22:43.550+0000] {ssh.py:531} WARNING - 25/03/11 07:22:43 INFO DAGScheduler: Final stage: ResultStage 1 (parquet at NativeMethodAccessorImpl.java:0)
[2025-03-11T07:22:43.550+0000] {ssh.py:531} WARNING - 25/03/11 07:22:43 INFO DAGScheduler: Parents of final stage: List()
[2025-03-11T07:22:43.552+0000] {ssh.py:531} WARNING - 25/03/11 07:22:43 INFO DAGScheduler: Missing parents: List()
[2025-03-11T07:22:43.555+0000] {ssh.py:531} WARNING - 25/03/11 07:22:43 INFO DAGScheduler: Submitting ResultStage 1 (MapPartitionsRDD[13] at parquet at NativeMethodAccessorImpl.java:0), which has no missing parents
[2025-03-11T07:22:43.594+0000] {ssh.py:531} WARNING - 25/03/11 07:22:43 INFO MemoryStore: Block broadcast_4 stored as values in memory (estimated size 223.0 KiB, free 433.5 MiB)
[2025-03-11T07:22:43.612+0000] {ssh.py:531} WARNING - 25/03/11 07:22:43 INFO MemoryStore: Block broadcast_4_piece0 stored as bytes in memory (estimated size 79.9 KiB, free 433.4 MiB)
[2025-03-11T07:22:43.613+0000] {ssh.py:531} WARNING - 25/03/11 07:22:43 INFO BlockManagerInfo: Added broadcast_4_piece0 in memory on 0.0.0.0:33641 (size: 79.9 KiB, free: 434.2 MiB)
[2025-03-11T07:22:43.614+0000] {ssh.py:531} WARNING - 25/03/11 07:22:43 INFO SparkContext: Created broadcast 4 from broadcast at DAGScheduler.scala:1585
[2025-03-11T07:22:43.615+0000] {ssh.py:531} WARNING - 25/03/11 07:22:43 INFO DAGScheduler: Submitting 1 missing tasks from ResultStage 1 (MapPartitionsRDD[13] at parquet at NativeMethodAccessorImpl.java:0) (first 15 tasks are for partitions Vector(0))
[2025-03-11T07:22:43.615+0000] {ssh.py:531} WARNING - 25/03/11 07:22:43 INFO TaskSchedulerImpl: Adding task set 1.0 with 1 tasks resource profile 0
[2025-03-11T07:22:43.617+0000] {ssh.py:531} WARNING - 25/03/11 07:22:43 INFO TaskSetManager: Starting task 0.0 in stage 1.0 (TID 1) (ip-172-31-12-182.ap-northeast-2.compute.internal, executor driver, partition 0, PROCESS_LOCAL, 9640 bytes) 
[2025-03-11T07:22:43.618+0000] {ssh.py:531} WARNING - 25/03/11 07:22:43 INFO Executor: Running task 0.0 in stage 1.0 (TID 1)
[2025-03-11T07:22:43.705+0000] {ssh.py:531} WARNING - 25/03/11 07:22:43 INFO CodeGenerator: Code generated in 31.010459 ms
[2025-03-11T07:22:43.707+0000] {ssh.py:531} WARNING - 25/03/11 07:22:43 INFO FileOutputCommitter: File Output Committer Algorithm version is 1
[2025-03-11T07:22:43.708+0000] {ssh.py:531} WARNING - 25/03/11 07:22:43 INFO FileOutputCommitter: FileOutputCommitter skip cleanup _temporary folders under output directory:false, ignore cleanup failures: false
[2025-03-11T07:22:43.708+0000] {ssh.py:531} WARNING - 25/03/11 07:22:43 INFO SQLHadoopMapReduceCommitProtocol: Using user defined output committer class org.apache.parquet.hadoop.ParquetOutputCommitter
[2025-03-11T07:22:43.709+0000] {ssh.py:531} WARNING - 25/03/11 07:22:43 INFO FileOutputCommitter: File Output Committer Algorithm version is 1
[2025-03-11T07:22:43.709+0000] {ssh.py:531} WARNING - 25/03/11 07:22:43 INFO FileOutputCommitter: FileOutputCommitter skip cleanup _temporary folders under output directory:false, ignore cleanup failures: false
[2025-03-11T07:22:43.709+0000] {ssh.py:531} WARNING - 25/03/11 07:22:43 INFO SQLHadoopMapReduceCommitProtocol: Using output committer class org.apache.parquet.hadoop.ParquetOutputCommitter
[2025-03-11T07:22:43.716+0000] {ssh.py:531} WARNING - 25/03/11 07:22:43 INFO CodecConfig: Compression: SNAPPY
[2025-03-11T07:22:43.719+0000] {ssh.py:531} WARNING - 25/03/11 07:22:43 INFO CodecConfig: Compression: SNAPPY
[2025-03-11T07:22:43.740+0000] {ssh.py:531} WARNING - 25/03/11 07:22:43 INFO ParquetOutputFormat: ParquetRecordWriter [block size: 134217728b, row group padding size: 8388608b, validating: false]
[2025-03-11T07:22:43.778+0000] {ssh.py:531} WARNING - 25/03/11 07:22:43 INFO ParquetWriteSupport: Initialized Parquet WriteSupport with Catalyst schema:
[2025-03-11T07:22:43.778+0000] {ssh.py:531} WARNING - {
[2025-03-11T07:22:43.779+0000] {ssh.py:531} WARNING -   "type" : "struct",
[2025-03-11T07:22:43.779+0000] {ssh.py:531} WARNING -   "fields" : [ {
[2025-03-11T07:22:43.779+0000] {ssh.py:531} WARNING -     "name" : "ranking",
[2025-03-11T07:22:43.779+0000] {ssh.py:531} WARNING -     "type" : "string",
[2025-03-11T07:22:43.779+0000] {ssh.py:531} WARNING -     "nullable" : true,
[2025-03-11T07:22:43.779+0000] {ssh.py:531} WARNING -     "metadata" : { }
[2025-03-11T07:22:43.780+0000] {ssh.py:531} WARNING -   }, {
[2025-03-11T07:22:43.780+0000] {ssh.py:531} WARNING -     "name" : "division_id",
[2025-03-11T07:22:43.780+0000] {ssh.py:531} WARNING -     "type" : "string",
[2025-03-11T07:22:43.780+0000] {ssh.py:531} WARNING -     "nullable" : true,
[2025-03-11T07:22:43.780+0000] {ssh.py:531} WARNING -     "metadata" : { }
[2025-03-11T07:22:43.780+0000] {ssh.py:531} WARNING -   }, {
[2025-03-11T07:22:43.780+0000] {ssh.py:531} WARNING -     "name" : "gamer_nickname",
[2025-03-11T07:22:43.780+0000] {ssh.py:531} WARNING -     "type" : "string",
[2025-03-11T07:22:43.781+0000] {ssh.py:531} WARNING -     "nullable" : true,
[2025-03-11T07:22:43.781+0000] {ssh.py:531} WARNING -     "metadata" : { }
[2025-03-11T07:22:43.781+0000] {ssh.py:531} WARNING -   }, {
[2025-03-11T07:22:43.781+0000] {ssh.py:531} WARNING -     "name" : "level",
[2025-03-11T07:22:43.781+0000] {ssh.py:531} WARNING -     "type" : "string",
[2025-03-11T07:22:43.781+0000] {ssh.py:531} WARNING -     "nullable" : true,
[2025-03-11T07:22:43.781+0000] {ssh.py:531} WARNING -     "metadata" : { }
[2025-03-11T07:22:43.781+0000] {ssh.py:531} WARNING -   }, {
[2025-03-11T07:22:43.781+0000] {ssh.py:531} WARNING -     "name" : "team_worth",
[2025-03-11T07:22:43.782+0000] {ssh.py:531} WARNING -     "type" : "string",
[2025-03-11T07:22:43.782+0000] {ssh.py:531} WARNING -     "nullable" : true,
[2025-03-11T07:22:43.782+0000] {ssh.py:531} WARNING -     "metadata" : { }
[2025-03-11T07:22:43.782+0000] {ssh.py:531} WARNING -   }, {
[2025-03-11T07:22:43.782+0000] {ssh.py:531} WARNING -     "name" : "points",
[2025-03-11T07:22:43.782+0000] {ssh.py:531} WARNING -     "type" : "string",
[2025-03-11T07:22:43.782+0000] {ssh.py:531} WARNING -     "nullable" : true,
[2025-03-11T07:22:43.782+0000] {ssh.py:531} WARNING -     "metadata" : { }
[2025-03-11T07:22:43.782+0000] {ssh.py:531} WARNING -   }, {
[2025-03-11T07:22:43.783+0000] {ssh.py:531} WARNING -     "name" : "winning_rate",
[2025-03-11T07:22:43.783+0000] {ssh.py:531} WARNING -     "type" : "string",
[2025-03-11T07:22:43.783+0000] {ssh.py:531} WARNING -     "nullable" : true,
[2025-03-11T07:22:43.783+0000] {ssh.py:531} WARNING -     "metadata" : { }
[2025-03-11T07:22:43.783+0000] {ssh.py:531} WARNING -   }, {
[2025-03-11T07:22:43.783+0000] {ssh.py:531} WARNING -     "name" : "team_name",
[2025-03-11T07:22:43.783+0000] {ssh.py:531} WARNING -     "type" : "string",
[2025-03-11T07:22:43.783+0000] {ssh.py:531} WARNING -     "nullable" : true,
[2025-03-11T07:22:43.783+0000] {ssh.py:531} WARNING -     "metadata" : { }
[2025-03-11T07:22:43.784+0000] {ssh.py:531} WARNING -   }, {
[2025-03-11T07:22:43.784+0000] {ssh.py:531} WARNING -     "name" : "formation",
[2025-03-11T07:22:43.784+0000] {ssh.py:531} WARNING -     "type" : "string",
[2025-03-11T07:22:43.784+0000] {ssh.py:531} WARNING -     "nullable" : true,
[2025-03-11T07:22:43.784+0000] {ssh.py:531} WARNING -     "metadata" : { }
[2025-03-11T07:22:43.784+0000] {ssh.py:531} WARNING -   }, {
[2025-03-11T07:22:43.784+0000] {ssh.py:531} WARNING -     "name" : "created_at",
[2025-03-11T07:22:43.784+0000] {ssh.py:531} WARNING -     "type" : "string",
[2025-03-11T07:22:43.784+0000] {ssh.py:531} WARNING -     "nullable" : true,
[2025-03-11T07:22:43.785+0000] {ssh.py:531} WARNING -     "metadata" : { }
[2025-03-11T07:22:43.785+0000] {ssh.py:531} WARNING -   }, {
[2025-03-11T07:22:43.785+0000] {ssh.py:531} WARNING -     "name" : "total_win",
[2025-03-11T07:22:43.785+0000] {ssh.py:531} WARNING -     "type" : "string",
[2025-03-11T07:22:43.785+0000] {ssh.py:531} WARNING -     "nullable" : true,
[2025-03-11T07:22:43.785+0000] {ssh.py:531} WARNING -     "metadata" : { }
[2025-03-11T07:22:43.785+0000] {ssh.py:531} WARNING -   }, {
[2025-03-11T07:22:43.785+0000] {ssh.py:531} WARNING -     "name" : "total_draw",
[2025-03-11T07:22:43.785+0000] {ssh.py:531} WARNING -     "type" : "string",
[2025-03-11T07:22:43.786+0000] {ssh.py:531} WARNING -     "nullable" : true,
[2025-03-11T07:22:43.786+0000] {ssh.py:531} WARNING -     "metadata" : { }
[2025-03-11T07:22:43.786+0000] {ssh.py:531} WARNING -   }, {
[2025-03-11T07:22:43.786+0000] {ssh.py:531} WARNING -     "name" : "total_lose",
[2025-03-11T07:22:43.786+0000] {ssh.py:531} WARNING -     "type" : "string",
[2025-03-11T07:22:43.786+0000] {ssh.py:531} WARNING -     "nullable" : true,
[2025-03-11T07:22:43.786+0000] {ssh.py:531} WARNING -     "metadata" : { }
[2025-03-11T07:22:43.786+0000] {ssh.py:531} WARNING -   } ]
[2025-03-11T07:22:43.786+0000] {ssh.py:531} WARNING - }
[2025-03-11T07:22:43.786+0000] {ssh.py:531} WARNING - and corresponding Parquet message type:
[2025-03-11T07:22:43.787+0000] {ssh.py:531} WARNING - message spark_schema {
[2025-03-11T07:22:43.787+0000] {ssh.py:531} WARNING -   optional binary ranking (STRING);
[2025-03-11T07:22:43.787+0000] {ssh.py:531} WARNING -   optional binary division_id (STRING);
[2025-03-11T07:22:43.787+0000] {ssh.py:531} WARNING -   optional binary gamer_nickname (STRING);
[2025-03-11T07:22:43.787+0000] {ssh.py:531} WARNING -   optional binary level (STRING);
[2025-03-11T07:22:43.787+0000] {ssh.py:531} WARNING -   optional binary team_worth (STRING);
[2025-03-11T07:22:43.787+0000] {ssh.py:531} WARNING -   optional binary points (STRING);
[2025-03-11T07:22:43.787+0000] {ssh.py:531} WARNING -   optional binary winning_rate (STRING);
[2025-03-11T07:22:43.788+0000] {ssh.py:531} WARNING -   optional binary team_name (STRING);
[2025-03-11T07:22:43.788+0000] {ssh.py:531} WARNING -   optional binary formation (STRING);
[2025-03-11T07:22:43.788+0000] {ssh.py:531} WARNING -   optional binary created_at (STRING);
[2025-03-11T07:22:43.788+0000] {ssh.py:531} WARNING -   optional binary total_win (STRING);
[2025-03-11T07:22:43.788+0000] {ssh.py:531} WARNING -   optional binary total_draw (STRING);
[2025-03-11T07:22:43.788+0000] {ssh.py:531} WARNING -   optional binary total_lose (STRING);
[2025-03-11T07:22:43.788+0000] {ssh.py:531} WARNING - }
[2025-03-11T07:22:43.788+0000] {ssh.py:531} WARNING - 
[2025-03-11T07:22:43.788+0000] {ssh.py:531} WARNING -        
[2025-03-11T07:22:43.914+0000] {ssh.py:531} WARNING - 25/03/11 07:22:43 INFO CodecPool: Got brand-new compressor [.snappy]
[2025-03-11T07:22:44.138+0000] {ssh.py:531} WARNING - 25/03/11 07:22:44 INFO FileScanRDD: Reading File path: s3a://de5-finalproj-team2/crawl/2025-03-11/crawl_result_processed_20250311.csv, range: 0-1153114, partition values: [empty row]
[2025-03-11T07:22:44.193+0000] {ssh.py:531} WARNING - 25/03/11 07:22:44 INFO CodeGenerator: Code generated in 39.804484 ms
[2025-03-11T07:22:44.253+0000] {ssh.py:531} WARNING - 25/03/11 07:22:44 INFO LineRecordReader: Found UTF-8 BOM and skipped it
[2025-03-11T07:22:46.445+0000] {ssh.py:531} WARNING - 25/03/11 07:22:46 INFO FileOutputCommitter: Saved output of task 'attempt_202503110722436914590699337983308_0001_m_000000_1' to s3a://de5-finalproj-team2/analytics/ranking_info/2025-03-11/ranking_info_data.parquet/_temporary/0/task_202503110722436914590699337983308_0001_m_000000
[2025-03-11T07:22:46.446+0000] {ssh.py:531} WARNING - 25/03/11 07:22:46 INFO SparkHadoopMapRedUtil: attempt_202503110722436914590699337983308_0001_m_000000_1: Committed. Elapsed time: 689 ms.
[2025-03-11T07:22:46.469+0000] {ssh.py:531} WARNING - 25/03/11 07:22:46 INFO Executor: Finished task 0.0 in stage 1.0 (TID 1). 2613 bytes result sent to driver
[2025-03-11T07:22:46.475+0000] {ssh.py:531} WARNING - 25/03/11 07:22:46 INFO TaskSetManager: Finished task 0.0 in stage 1.0 (TID 1) in 2858 ms on ip-172-31-12-182.ap-northeast-2.compute.internal (executor driver) (1/1)
[2025-03-11T07:22:46.475+0000] {ssh.py:531} WARNING - 25/03/11 07:22:46 INFO TaskSchedulerImpl: Removed TaskSet 1.0, whose tasks have all completed, from pool 
[2025-03-11T07:22:46.476+0000] {ssh.py:531} WARNING - 25/03/11 07:22:46 INFO DAGScheduler: ResultStage 1 (parquet at NativeMethodAccessorImpl.java:0) finished in 2.920 s
[2025-03-11T07:22:46.477+0000] {ssh.py:531} WARNING - 25/03/11 07:22:46 INFO DAGScheduler: Job 1 is finished. Cancelling potential speculative or zombie tasks for this job
[2025-03-11T07:22:46.477+0000] {ssh.py:531} WARNING - 25/03/11 07:22:46 INFO TaskSchedulerImpl: Killing all running tasks in stage 1: Stage finished
[2025-03-11T07:22:46.482+0000] {ssh.py:531} WARNING - 25/03/11 07:22:46 INFO DAGScheduler: Job 1 finished: parquet at NativeMethodAccessorImpl.java:0, took 2.933681 s
[2025-03-11T07:22:46.486+0000] {ssh.py:531} WARNING - 25/03/11 07:22:46 INFO FileFormatWriter: Start to commit write Job c867f6c7-b913-4afc-93b8-07dd259a5420.
[2025-03-11T07:22:47.444+0000] {ssh.py:531} WARNING - 25/03/11 07:22:47 INFO FileFormatWriter: Write Job c867f6c7-b913-4afc-93b8-07dd259a5420 committed. Elapsed time: 956 ms.
[2025-03-11T07:22:47.453+0000] {ssh.py:531} WARNING - 25/03/11 07:22:47 INFO FileFormatWriter: Finished processing stats for write job c867f6c7-b913-4afc-93b8-07dd259a5420.
[2025-03-11T07:22:47.473+0000] {ssh.py:526} INFO - ✅ Parquet 파일 변환 완료!
[2025-03-11T07:22:47.550+0000] {ssh.py:531} WARNING - 25/03/11 07:22:47 INFO SparkContext: Invoking stop() from shutdown hook
[2025-03-11T07:22:47.550+0000] {ssh.py:531} WARNING - 25/03/11 07:22:47 INFO SparkContext: SparkContext is stopping with exitCode 0.
[2025-03-11T07:22:47.569+0000] {ssh.py:531} WARNING - 25/03/11 07:22:47 INFO SparkUI: Stopped Spark web UI at http://0.0.0.0:4040
[2025-03-11T07:22:47.592+0000] {ssh.py:531} WARNING - 25/03/11 07:22:47 INFO MapOutputTrackerMasterEndpoint: MapOutputTrackerMasterEndpoint stopped!
[2025-03-11T07:22:47.607+0000] {ssh.py:531} WARNING - 25/03/11 07:22:47 INFO MemoryStore: MemoryStore cleared
[2025-03-11T07:22:47.608+0000] {ssh.py:531} WARNING - 25/03/11 07:22:47 INFO BlockManager: BlockManager stopped
[2025-03-11T07:22:47.612+0000] {ssh.py:531} WARNING - 25/03/11 07:22:47 INFO BlockManagerMaster: BlockManagerMaster stopped
[2025-03-11T07:22:47.616+0000] {ssh.py:531} WARNING - 25/03/11 07:22:47 INFO OutputCommitCoordinator$OutputCommitCoordinatorEndpoint: OutputCommitCoordinator stopped!
[2025-03-11T07:22:47.628+0000] {ssh.py:531} WARNING - 25/03/11 07:22:47 INFO SparkContext: Successfully stopped SparkContext
[2025-03-11T07:22:47.629+0000] {ssh.py:531} WARNING - 25/03/11 07:22:47 INFO ShutdownHookManager: Shutdown hook called
[2025-03-11T07:22:47.630+0000] {ssh.py:531} WARNING - 25/03/11 07:22:47 INFO ShutdownHookManager: Deleting directory /tmp/spark-1b828ef8-d331-4751-a1cf-86d83d0e8b3c
[2025-03-11T07:22:47.634+0000] {ssh.py:531} WARNING - 25/03/11 07:22:47 INFO ShutdownHookManager: Deleting directory /tmp/spark-ffb9f8e1-1f2b-47bf-98aa-a7d0d919e561
[2025-03-11T07:22:47.638+0000] {ssh.py:531} WARNING - 25/03/11 07:22:47 INFO ShutdownHookManager: Deleting directory /tmp/spark-1b828ef8-d331-4751-a1cf-86d83d0e8b3c/pyspark-d06b5837-0889-486c-b612-fc2345985ce4
[2025-03-11T07:22:47.655+0000] {ssh.py:531} WARNING - 25/03/11 07:22:47 INFO MetricsSystemImpl: Stopping s3a-file-system metrics system...
[2025-03-11T07:22:47.655+0000] {ssh.py:531} WARNING - 25/03/11 07:22:47 INFO MetricsSystemImpl: s3a-file-system metrics system stopped.
[2025-03-11T07:22:47.655+0000] {ssh.py:531} WARNING - 25/03/11 07:22:47 INFO MetricsSystemImpl: s3a-file-system metrics system shutdown complete.
[2025-03-11T07:22:47.723+0000] {ssh.py:526} INFO - Spark Job Succeeded!
[2025-03-11T07:22:47.742+0000] {taskinstance.py:441} INFO - ::group::Post task execution logs
[2025-03-11T07:22:47.773+0000] {taskinstance.py:1206} INFO - Marking task as SUCCESS. dag_id=s3_csv_to_parquet_dag, task_id=submit_spark_via_ssh, run_id=scheduled__2025-03-09T12:00:00+00:00, execution_date=20250309T120000, start_date=20250311T072226, end_date=20250311T072247
[2025-03-11T07:22:47.805+0000] {local_task_job_runner.py:240} INFO - Task exited with return code 0
[2025-03-11T07:22:47.825+0000] {taskinstance.py:3498} INFO - 0 downstream tasks scheduled from follow-on schedule check
[2025-03-11T07:22:47.827+0000] {local_task_job_runner.py:222} INFO - ::endgroup::
