[2025-03-13T02:25:39.394+0000] {local_task_job_runner.py:120} INFO - ::group::Pre task execution logs
[2025-03-13T02:25:39.416+0000] {taskinstance.py:2076} INFO - Dependencies all met for dep_context=non-requeueable deps ti=<TaskInstance: team_color_to_parquet_dag.submit_spark_via_ssh scheduled__2025-03-11T03:25:00+00:00 [queued]>
[2025-03-13T02:25:39.425+0000] {taskinstance.py:2076} INFO - Dependencies all met for dep_context=requeueable deps ti=<TaskInstance: team_color_to_parquet_dag.submit_spark_via_ssh scheduled__2025-03-11T03:25:00+00:00 [queued]>
[2025-03-13T02:25:39.425+0000] {taskinstance.py:2306} INFO - Starting attempt 1 of 2
[2025-03-13T02:25:39.438+0000] {taskinstance.py:2330} INFO - Executing <Task(SSHOperator): submit_spark_via_ssh> on 2025-03-11 03:25:00+00:00
[2025-03-13T02:25:39.444+0000] {standard_task_runner.py:63} INFO - Started process 8834 to run task
[2025-03-13T02:25:39.448+0000] {standard_task_runner.py:90} INFO - Running: ['***', 'tasks', 'run', 'team_color_to_parquet_dag', 'submit_spark_via_ssh', 'scheduled__2025-03-11T03:25:00+00:00', '--job-id', '112', '--raw', '--subdir', 'DAGS_FOLDER/team_color_to_parquet_dag.py', '--cfg-path', '/tmp/tmp5xzl2jit']
[2025-03-13T02:25:39.450+0000] {standard_task_runner.py:91} INFO - Job 112: Subtask submit_spark_via_ssh
[2025-03-13T02:25:39.515+0000] {task_command.py:426} INFO - Running <TaskInstance: team_color_to_parquet_dag.submit_spark_via_ssh scheduled__2025-03-11T03:25:00+00:00 [running]> on host a0d797a25898
[2025-03-13T02:25:39.671+0000] {taskinstance.py:2648} INFO - Exporting env vars: AIRFLOW_CTX_DAG_OWNER='***' AIRFLOW_CTX_DAG_ID='team_color_to_parquet_dag' AIRFLOW_CTX_TASK_ID='submit_spark_via_ssh' AIRFLOW_CTX_EXECUTION_DATE='2025-03-11T03:25:00+00:00' AIRFLOW_CTX_TRY_NUMBER='1' AIRFLOW_CTX_DAG_RUN_ID='scheduled__2025-03-11T03:25:00+00:00'
[2025-03-13T02:25:39.672+0000] {taskinstance.py:430} INFO - ::endgroup::
[2025-03-13T02:25:39.692+0000] {ssh.py:151} INFO - Creating ssh_client
[2025-03-13T02:25:39.692+0000] {ssh.py:124} INFO - ssh_hook is not provided or invalid. Trying ssh_conn_id to create SSHHook.
[2025-03-13T02:25:39.707+0000] {base.py:84} INFO - Using connection ID 'spark_ssh_conn' for task execution.
[2025-03-13T02:25:39.708+0000] {ssh.py:301} WARNING - No Host Key Verification. This won't protect against Man-In-The-Middle attacks
[2025-03-13T02:25:39.713+0000] {transport.py:1909} INFO - Connected (version 2.0, client OpenSSH_9.6p1)
[2025-03-13T02:25:39.776+0000] {transport.py:1909} INFO - Authentication (publickey) successful!
[2025-03-13T02:25:39.776+0000] {ssh.py:480} INFO - Running command: 
    set -e
    echo "Starting Spark Job on 2025-03-12"
    /spark-3.5.3/bin/spark-submit /home/ubuntu/spark_scripts/team_color_to_parquet.py 2025-03-12
    exit_code=$?

    if [ $exit_code -ne 0 ]; then
        echo "Spark Job Failed! Check logs."
        exit 1
    else
        echo "Spark Job Succeeded!"
    fi
    
[2025-03-13T02:25:40.212+0000] {ssh.py:526} INFO - Starting Spark Job on 2025-03-12
[2025-03-13T02:25:44.026+0000] {ssh.py:531} WARNING - 25/03/13 02:25:44 INFO SparkContext: Running Spark version 3.5.3
[2025-03-13T02:25:44.028+0000] {ssh.py:531} WARNING - 25/03/13 02:25:44 INFO SparkContext: OS info Linux, 6.8.0-1024-aws, amd64
[2025-03-13T02:25:44.029+0000] {ssh.py:531} WARNING - 25/03/13 02:25:44 INFO SparkContext: Java version 11.0.26
[2025-03-13T02:25:44.138+0000] {ssh.py:531} WARNING - 25/03/13 02:25:44 WARN NativeCodeLoader: Unable to load native-hadoop library for your platform... using builtin-java classes where applicable
[2025-03-13T02:25:44.293+0000] {ssh.py:531} WARNING - 25/03/13 02:25:44 INFO ResourceUtils: ==============================================================
[2025-03-13T02:25:44.294+0000] {ssh.py:531} WARNING - 25/03/13 02:25:44 INFO ResourceUtils: No custom resources configured for spark.driver.
[2025-03-13T02:25:44.294+0000] {ssh.py:531} WARNING - 25/03/13 02:25:44 INFO ResourceUtils: ==============================================================
[2025-03-13T02:25:44.294+0000] {ssh.py:531} WARNING - 25/03/13 02:25:44 INFO SparkContext: Submitted application: Extract_Team_Color_Info
[2025-03-13T02:25:44.323+0000] {ssh.py:531} WARNING - 25/03/13 02:25:44 INFO ResourceProfile: Default ResourceProfile created, executor resources: Map(cores -> name: cores, amount: 1, script: , vendor: , memory -> name: memory, amount: 1024, script: , vendor: , offHeap -> name: offHeap, amount: 0, script: , vendor: ), task resources: Map(cpus -> name: cpus, amount: 1.0)
[2025-03-13T02:25:44.343+0000] {ssh.py:531} WARNING - 25/03/13 02:25:44 INFO ResourceProfile: Limiting resource is cpus at 1 tasks per executor
[2025-03-13T02:25:44.346+0000] {ssh.py:531} WARNING - 25/03/13 02:25:44 INFO ResourceProfileManager: Added ResourceProfile id: 0
[2025-03-13T02:25:44.421+0000] {ssh.py:531} WARNING - 25/03/13 02:25:44 INFO SecurityManager: Changing view acls to: ubuntu
[2025-03-13T02:25:44.422+0000] {ssh.py:531} WARNING - 25/03/13 02:25:44 INFO SecurityManager: Changing modify acls to: ubuntu
[2025-03-13T02:25:44.422+0000] {ssh.py:531} WARNING - 25/03/13 02:25:44 INFO SecurityManager: Changing view acls groups to: 
[2025-03-13T02:25:44.423+0000] {ssh.py:531} WARNING - 25/03/13 02:25:44 INFO SecurityManager: Changing modify acls groups to: 
[2025-03-13T02:25:44.423+0000] {ssh.py:531} WARNING - 25/03/13 02:25:44 INFO SecurityManager: SecurityManager: authentication disabled; ui acls disabled; users with view permissions: ubuntu; groups with view permissions: EMPTY; users with modify permissions: ubuntu; groups with modify permissions: EMPTY
[2025-03-13T02:25:44.808+0000] {ssh.py:531} WARNING - 25/03/13 02:25:44 INFO Utils: Successfully started service 'sparkDriver' on port 34771.
[2025-03-13T02:25:44.851+0000] {ssh.py:531} WARNING - 25/03/13 02:25:44 INFO SparkEnv: Registering MapOutputTracker
[2025-03-13T02:25:44.891+0000] {ssh.py:531} WARNING - 25/03/13 02:25:44 INFO SparkEnv: Registering BlockManagerMaster
[2025-03-13T02:25:44.925+0000] {ssh.py:531} WARNING - 25/03/13 02:25:44 INFO BlockManagerMasterEndpoint: Using org.apache.spark.storage.DefaultTopologyMapper for getting topology information
[2025-03-13T02:25:44.925+0000] {ssh.py:531} WARNING - 25/03/13 02:25:44 INFO BlockManagerMasterEndpoint: BlockManagerMasterEndpoint up
[2025-03-13T02:25:44.930+0000] {ssh.py:531} WARNING - 25/03/13 02:25:44 INFO SparkEnv: Registering BlockManagerMasterHeartbeat
[2025-03-13T02:25:44.961+0000] {ssh.py:531} WARNING - 25/03/13 02:25:44 INFO DiskBlockManager: Created local directory at /tmp/blockmgr-6e554892-131a-4b6e-b596-fac61c41afff
[2025-03-13T02:25:44.983+0000] {ssh.py:531} WARNING - 25/03/13 02:25:44 INFO MemoryStore: MemoryStore started with capacity 434.4 MiB
[2025-03-13T02:25:45.006+0000] {ssh.py:531} WARNING - 25/03/13 02:25:45 INFO SparkEnv: Registering OutputCommitCoordinator
[2025-03-13T02:25:45.242+0000] {ssh.py:531} WARNING - 25/03/13 02:25:45 INFO JettyUtils: Start Jetty 0.0.0.0:4040 for SparkUI
[2025-03-13T02:25:45.336+0000] {ssh.py:531} WARNING - 25/03/13 02:25:45 INFO Utils: Successfully started service 'SparkUI' on port 4040.
[2025-03-13T02:25:45.504+0000] {ssh.py:531} WARNING - 25/03/13 02:25:45 INFO Executor: Starting executor ID driver on host ip-172-31-12-182.ap-northeast-2.compute.internal
[2025-03-13T02:25:45.504+0000] {ssh.py:531} WARNING - 25/03/13 02:25:45 INFO Executor: OS info Linux, 6.8.0-1024-aws, amd64
[2025-03-13T02:25:45.505+0000] {ssh.py:531} WARNING - 25/03/13 02:25:45 INFO Executor: Java version 11.0.26
[2025-03-13T02:25:45.515+0000] {ssh.py:531} WARNING - 25/03/13 02:25:45 INFO Executor: Starting executor with user classpath (userClassPathFirst = false): ''
[2025-03-13T02:25:45.516+0000] {ssh.py:531} WARNING - 25/03/13 02:25:45 INFO Executor: Created or updated repl class loader org.apache.spark.util.MutableURLClassLoader@19228106 for default.
[2025-03-13T02:25:45.549+0000] {ssh.py:531} WARNING - 25/03/13 02:25:45 INFO Utils: Successfully started service 'org.apache.spark.network.netty.NettyBlockTransferService' on port 34029.
[2025-03-13T02:25:45.550+0000] {ssh.py:531} WARNING - 25/03/13 02:25:45 INFO NettyBlockTransferService: Server created on 0.0.0.0:34029
[2025-03-13T02:25:45.553+0000] {ssh.py:531} WARNING - 25/03/13 02:25:45 INFO BlockManager: Using org.apache.spark.storage.RandomBlockReplicationPolicy for block replication policy
[2025-03-13T02:25:45.563+0000] {ssh.py:531} WARNING - 25/03/13 02:25:45 INFO BlockManagerMaster: Registering BlockManager BlockManagerId(driver, 0.0.0.0, 34029, None)
[2025-03-13T02:25:45.574+0000] {ssh.py:531} WARNING - 25/03/13 02:25:45 INFO BlockManagerMasterEndpoint: Registering block manager 0.0.0.0:34029 with 434.4 MiB RAM, BlockManagerId(driver, 0.0.0.0, 34029, None)
[2025-03-13T02:25:45.577+0000] {ssh.py:531} WARNING - 25/03/13 02:25:45 INFO BlockManagerMaster: Registered BlockManager BlockManagerId(driver, 0.0.0.0, 34029, None)
[2025-03-13T02:25:45.580+0000] {ssh.py:531} WARNING - 25/03/13 02:25:45 INFO BlockManager: Initialized BlockManager: BlockManagerId(driver, 0.0.0.0, 34029, None)
[2025-03-13T02:25:46.356+0000] {ssh.py:531} WARNING - 25/03/13 02:25:46 INFO SharedState: Setting hive.metastore.warehouse.dir ('null') to the value of spark.sql.warehouse.dir.
[2025-03-13T02:25:46.370+0000] {ssh.py:531} WARNING - 25/03/13 02:25:46 INFO SharedState: Warehouse path is 'file:/home/ubuntu/spark-warehouse'.
[2025-03-13T02:25:48.517+0000] {ssh.py:531} WARNING - 25/03/13 02:25:48 WARN MetricsConfig: Cannot locate configuration: tried hadoop-metrics2-s3a-file-system.properties,hadoop-metrics2.properties
[2025-03-13T02:25:48.572+0000] {ssh.py:531} WARNING - 25/03/13 02:25:48 INFO MetricsSystemImpl: Scheduled Metric snapshot period at 10 second(s).
[2025-03-13T02:25:48.573+0000] {ssh.py:531} WARNING - 25/03/13 02:25:48 INFO MetricsSystemImpl: s3a-file-system metrics system started
[2025-03-13T02:25:52.146+0000] {ssh.py:531} WARNING - 25/03/13 02:25:52 INFO InMemoryFileIndex: It took 231 ms to list leaf files for 1 paths.
[2025-03-13T02:25:52.458+0000] {ssh.py:531} WARNING - 25/03/13 02:25:52 INFO InMemoryFileIndex: It took 74 ms to list leaf files for 1 paths.
[2025-03-13T02:25:59.668+0000] {ssh.py:531} WARNING - 25/03/13 02:25:59 INFO FileSourceStrategy: Pushed Filters: 
[2025-03-13T02:25:59.671+0000] {ssh.py:531} WARNING - 25/03/13 02:25:59 INFO FileSourceStrategy: Post-Scan Filters: (length(trim(value#0, None)) > 0)
[2025-03-13T02:26:01.447+0000] {ssh.py:531} WARNING - 25/03/13 02:26:01 INFO CodeGenerator: Code generated in 590.546981 ms
[2025-03-13T02:26:01.635+0000] {ssh.py:531} WARNING - 25/03/13 02:26:01 INFO MemoryStore: Block broadcast_0 stored as values in memory (estimated size 201.2 KiB, free 434.2 MiB)
[2025-03-13T02:26:01.820+0000] {ssh.py:531} WARNING - 25/03/13 02:26:01 INFO MemoryStore: Block broadcast_0_piece0 stored as bytes in memory (estimated size 34.8 KiB, free 434.2 MiB)
[2025-03-13T02:26:01.829+0000] {ssh.py:531} WARNING - 25/03/13 02:26:01 INFO BlockManagerInfo: Added broadcast_0_piece0 in memory on 0.0.0.0:34029 (size: 34.8 KiB, free: 434.4 MiB)
[2025-03-13T02:26:01.844+0000] {ssh.py:531} WARNING - 25/03/13 02:26:01 INFO SparkContext: Created broadcast 0 from csv at NativeMethodAccessorImpl.java:0
[2025-03-13T02:26:01.887+0000] {ssh.py:531} WARNING - 25/03/13 02:26:01 INFO FileSourceScanExec: Planning scan with bin packing, max size: 4194304 bytes, open cost is considered as scanning 4194304 bytes.
[2025-03-13T02:26:02.318+0000] {ssh.py:531} WARNING - 25/03/13 02:26:02 INFO SparkContext: Starting job: csv at NativeMethodAccessorImpl.java:0
[2025-03-13T02:26:02.391+0000] {ssh.py:531} WARNING - 25/03/13 02:26:02 INFO DAGScheduler: Got job 0 (csv at NativeMethodAccessorImpl.java:0) with 1 output partitions
[2025-03-13T02:26:02.392+0000] {ssh.py:531} WARNING - 25/03/13 02:26:02 INFO DAGScheduler: Final stage: ResultStage 0 (csv at NativeMethodAccessorImpl.java:0)
[2025-03-13T02:26:02.392+0000] {ssh.py:531} WARNING - 25/03/13 02:26:02 INFO DAGScheduler: Parents of final stage: List()
[2025-03-13T02:26:02.402+0000] {ssh.py:531} WARNING - 25/03/13 02:26:02 INFO DAGScheduler: Missing parents: List()
[2025-03-13T02:26:02.419+0000] {ssh.py:531} WARNING - 25/03/13 02:26:02 INFO DAGScheduler: Submitting ResultStage 0 (MapPartitionsRDD[3] at csv at NativeMethodAccessorImpl.java:0), which has no missing parents
[2025-03-13T02:26:02.711+0000] {ssh.py:531} WARNING - 25/03/13 02:26:02 INFO MemoryStore: Block broadcast_1 stored as values in memory (estimated size 13.5 KiB, free 434.2 MiB)
[2025-03-13T02:26:02.716+0000] {ssh.py:531} WARNING - 25/03/13 02:26:02 INFO MemoryStore: Block broadcast_1_piece0 stored as bytes in memory (estimated size 6.4 KiB, free 434.2 MiB)
[2025-03-13T02:26:02.716+0000] {ssh.py:531} WARNING - 25/03/13 02:26:02 INFO BlockManagerInfo: Added broadcast_1_piece0 in memory on 0.0.0.0:34029 (size: 6.4 KiB, free: 434.4 MiB)
[2025-03-13T02:26:02.719+0000] {ssh.py:531} WARNING - 25/03/13 02:26:02 INFO SparkContext: Created broadcast 1 from broadcast at DAGScheduler.scala:1585
[2025-03-13T02:26:02.805+0000] {ssh.py:531} WARNING - 25/03/13 02:26:02 INFO DAGScheduler: Submitting 1 missing tasks from ResultStage 0 (MapPartitionsRDD[3] at csv at NativeMethodAccessorImpl.java:0) (first 15 tasks are for partitions Vector(0))
[2025-03-13T02:26:02.808+0000] {ssh.py:531} WARNING - 25/03/13 02:26:02 INFO TaskSchedulerImpl: Adding task set 0.0 with 1 tasks resource profile 0
[2025-03-13T02:26:02.937+0000] {ssh.py:531} WARNING - 25/03/13 02:26:02 INFO TaskSetManager: Starting task 0.0 in stage 0.0 (TID 0) (ip-172-31-12-182.ap-northeast-2.compute.internal, executor driver, partition 0, PROCESS_LOCAL, 9640 bytes) 
[2025-03-13T02:26:02.984+0000] {ssh.py:531} WARNING - 25/03/13 02:26:02 INFO Executor: Running task 0.0 in stage 0.0 (TID 0)
[2025-03-13T02:26:03.345+0000] {ssh.py:531} WARNING - 25/03/13 02:26:03 INFO CodeGenerator: Code generated in 51.552597 ms
[2025-03-13T02:26:03.362+0000] {ssh.py:531} WARNING - 25/03/13 02:26:03 INFO FileScanRDD: Reading File path: s3a://de5-finalproj-team2/crawl/2025-03-13/crawl_result_processed_20250313.csv, range: 0-1155389, partition values: [empty row]
[2025-03-13T02:26:03.421+0000] {ssh.py:531} WARNING - 25/03/13 02:26:03 INFO CodeGenerator: Code generated in 43.717977 ms
[2025-03-13T02:26:03.730+0000] {ssh.py:531} WARNING - 25/03/13 02:26:03 INFO LineRecordReader: Found UTF-8 BOM and skipped it
[2025-03-13T02:26:03.815+0000] {ssh.py:531} WARNING - 25/03/13 02:26:03 INFO Executor: Finished task 0.0 in stage 0.0 (TID 0). 1713 bytes result sent to driver
[2025-03-13T02:26:03.844+0000] {ssh.py:531} WARNING - 25/03/13 02:26:03 INFO TaskSetManager: Finished task 0.0 in stage 0.0 (TID 0) in 929 ms on ip-172-31-12-182.ap-northeast-2.compute.internal (executor driver) (1/1)
[2025-03-13T02:26:03.852+0000] {ssh.py:531} WARNING - 25/03/13 02:26:03 INFO TaskSchedulerImpl: Removed TaskSet 0.0, whose tasks have all completed, from pool 
[2025-03-13T02:26:03.867+0000] {ssh.py:531} WARNING - 25/03/13 02:26:03 INFO DAGScheduler: ResultStage 0 (csv at NativeMethodAccessorImpl.java:0) finished in 1.391 s
[2025-03-13T02:26:03.884+0000] {ssh.py:531} WARNING - 25/03/13 02:26:03 INFO DAGScheduler: Job 0 is finished. Cancelling potential speculative or zombie tasks for this job
[2025-03-13T02:26:03.885+0000] {ssh.py:531} WARNING - 25/03/13 02:26:03 INFO TaskSchedulerImpl: Killing all running tasks in stage 0: Stage finished
[2025-03-13T02:26:03.896+0000] {ssh.py:531} WARNING - 25/03/13 02:26:03 INFO DAGScheduler: Job 0 finished: csv at NativeMethodAccessorImpl.java:0, took 1.579215 s
[2025-03-13T02:26:03.988+0000] {ssh.py:531} WARNING - 25/03/13 02:26:03 INFO CodeGenerator: Code generated in 36.213641 ms
[2025-03-13T02:26:04.164+0000] {ssh.py:531} WARNING - 25/03/13 02:26:04 INFO FileSourceStrategy: Pushed Filters: 
[2025-03-13T02:26:04.165+0000] {ssh.py:531} WARNING - 25/03/13 02:26:04 INFO FileSourceStrategy: Post-Scan Filters: 
[2025-03-13T02:26:04.194+0000] {ssh.py:531} WARNING - 25/03/13 02:26:04 INFO MemoryStore: Block broadcast_2 stored as values in memory (estimated size 201.2 KiB, free 434.0 MiB)
[2025-03-13T02:26:04.230+0000] {ssh.py:531} WARNING - 25/03/13 02:26:04 INFO MemoryStore: Block broadcast_2_piece0 stored as bytes in memory (estimated size 34.8 KiB, free 433.9 MiB)
[2025-03-13T02:26:04.234+0000] {ssh.py:531} WARNING - 25/03/13 02:26:04 INFO BlockManagerInfo: Added broadcast_2_piece0 in memory on 0.0.0.0:34029 (size: 34.8 KiB, free: 434.3 MiB)
[2025-03-13T02:26:04.235+0000] {ssh.py:531} WARNING - 25/03/13 02:26:04 INFO SparkContext: Created broadcast 2 from csv at NativeMethodAccessorImpl.java:0
[2025-03-13T02:26:04.241+0000] {ssh.py:531} WARNING - 25/03/13 02:26:04 INFO FileSourceScanExec: Planning scan with bin packing, max size: 4194304 bytes, open cost is considered as scanning 4194304 bytes.
[2025-03-13T02:26:05.159+0000] {ssh.py:531} WARNING - 25/03/13 02:26:05 INFO FileSourceStrategy: Pushed Filters: 
[2025-03-13T02:26:05.159+0000] {ssh.py:531} WARNING - 25/03/13 02:26:05 INFO FileSourceStrategy: Post-Scan Filters: 
[2025-03-13T02:26:05.437+0000] {ssh.py:531} WARNING - 25/03/13 02:26:05 INFO ParquetUtils: Using default output committer for Parquet: org.apache.parquet.hadoop.ParquetOutputCommitter
[2025-03-13T02:26:05.477+0000] {ssh.py:531} WARNING - 25/03/13 02:26:05 INFO FileOutputCommitter: File Output Committer Algorithm version is 1
[2025-03-13T02:26:05.485+0000] {ssh.py:531} WARNING - 25/03/13 02:26:05 INFO FileOutputCommitter: FileOutputCommitter skip cleanup _temporary folders under output directory:false, ignore cleanup failures: false
[2025-03-13T02:26:05.485+0000] {ssh.py:531} WARNING - 25/03/13 02:26:05 INFO SQLHadoopMapReduceCommitProtocol: Using user defined output committer class org.apache.parquet.hadoop.ParquetOutputCommitter
[2025-03-13T02:26:05.485+0000] {ssh.py:531} WARNING - 25/03/13 02:26:05 INFO FileOutputCommitter: File Output Committer Algorithm version is 1
[2025-03-13T02:26:05.485+0000] {ssh.py:531} WARNING - 25/03/13 02:26:05 INFO FileOutputCommitter: FileOutputCommitter skip cleanup _temporary folders under output directory:false, ignore cleanup failures: false
[2025-03-13T02:26:05.488+0000] {ssh.py:531} WARNING - 25/03/13 02:26:05 INFO SQLHadoopMapReduceCommitProtocol: Using output committer class org.apache.parquet.hadoop.ParquetOutputCommitter
[2025-03-13T02:26:06.278+0000] {ssh.py:531} WARNING - 25/03/13 02:26:06 INFO CodeGenerator: Code generated in 114.891246 ms
[2025-03-13T02:26:06.282+0000] {ssh.py:531} WARNING - 25/03/13 02:26:06 INFO MemoryStore: Block broadcast_3 stored as values in memory (estimated size 201.1 KiB, free 433.7 MiB)
[2025-03-13T02:26:06.321+0000] {ssh.py:531} WARNING - 25/03/13 02:26:06 INFO MemoryStore: Block broadcast_3_piece0 stored as bytes in memory (estimated size 34.8 KiB, free 433.7 MiB)
[2025-03-13T02:26:06.324+0000] {ssh.py:531} WARNING - 25/03/13 02:26:06 INFO BlockManagerInfo: Added broadcast_3_piece0 in memory on 0.0.0.0:34029 (size: 34.8 KiB, free: 434.3 MiB)
[2025-03-13T02:26:06.325+0000] {ssh.py:531} WARNING - 25/03/13 02:26:06 INFO SparkContext: Created broadcast 3 from parquet at NativeMethodAccessorImpl.java:0
[2025-03-13T02:26:06.348+0000] {ssh.py:531} WARNING - 25/03/13 02:26:06 INFO FileSourceScanExec: Planning scan with bin packing, max size: 4194304 bytes, open cost is considered as scanning 4194304 bytes.
[2025-03-13T02:26:06.413+0000] {ssh.py:531} WARNING - 25/03/13 02:26:06 INFO SparkContext: Starting job: parquet at NativeMethodAccessorImpl.java:0
[2025-03-13T02:26:06.414+0000] {ssh.py:531} WARNING - 25/03/13 02:26:06 INFO DAGScheduler: Got job 1 (parquet at NativeMethodAccessorImpl.java:0) with 1 output partitions
[2025-03-13T02:26:06.415+0000] {ssh.py:531} WARNING - 25/03/13 02:26:06 INFO DAGScheduler: Final stage: ResultStage 1 (parquet at NativeMethodAccessorImpl.java:0)
[2025-03-13T02:26:06.415+0000] {ssh.py:531} WARNING - 25/03/13 02:26:06 INFO DAGScheduler: Parents of final stage: List()
[2025-03-13T02:26:06.422+0000] {ssh.py:531} WARNING - 25/03/13 02:26:06 INFO DAGScheduler: Missing parents: List()
[2025-03-13T02:26:06.423+0000] {ssh.py:531} WARNING - 25/03/13 02:26:06 INFO DAGScheduler: Submitting ResultStage 1 (MapPartitionsRDD[13] at parquet at NativeMethodAccessorImpl.java:0), which has no missing parents
[2025-03-13T02:26:06.527+0000] {ssh.py:531} WARNING - 25/03/13 02:26:06 INFO MemoryStore: Block broadcast_4 stored as values in memory (estimated size 222.3 KiB, free 433.5 MiB)
[2025-03-13T02:26:06.532+0000] {ssh.py:531} WARNING - 25/03/13 02:26:06 INFO MemoryStore: Block broadcast_4_piece0 stored as bytes in memory (estimated size 80.4 KiB, free 433.4 MiB)
[2025-03-13T02:26:06.535+0000] {ssh.py:531} WARNING - 25/03/13 02:26:06 INFO BlockManagerInfo: Added broadcast_4_piece0 in memory on 0.0.0.0:34029 (size: 80.4 KiB, free: 434.2 MiB)
[2025-03-13T02:26:06.540+0000] {ssh.py:531} WARNING - 25/03/13 02:26:06 INFO SparkContext: Created broadcast 4 from broadcast at DAGScheduler.scala:1585
[2025-03-13T02:26:06.540+0000] {ssh.py:531} WARNING - 25/03/13 02:26:06 INFO DAGScheduler: Submitting 1 missing tasks from ResultStage 1 (MapPartitionsRDD[13] at parquet at NativeMethodAccessorImpl.java:0) (first 15 tasks are for partitions Vector(0))
[2025-03-13T02:26:06.540+0000] {ssh.py:531} WARNING - 25/03/13 02:26:06 INFO TaskSchedulerImpl: Adding task set 1.0 with 1 tasks resource profile 0
[2025-03-13T02:26:06.547+0000] {ssh.py:531} WARNING - 25/03/13 02:26:06 INFO TaskSetManager: Starting task 0.0 in stage 1.0 (TID 1) (ip-172-31-12-182.ap-northeast-2.compute.internal, executor driver, partition 0, PROCESS_LOCAL, 9640 bytes) 
[2025-03-13T02:26:06.551+0000] {ssh.py:531} WARNING - 25/03/13 02:26:06 INFO Executor: Running task 0.0 in stage 1.0 (TID 1)
[2025-03-13T02:26:06.810+0000] {ssh.py:531} WARNING - 25/03/13 02:26:06 INFO BlockManagerInfo: Removed broadcast_1_piece0 on 0.0.0.0:34029 in memory (size: 6.4 KiB, free: 434.2 MiB)
[2025-03-13T02:26:06.829+0000] {ssh.py:531} WARNING - 25/03/13 02:26:06 INFO BlockManagerInfo: Removed broadcast_2_piece0 on 0.0.0.0:34029 in memory (size: 34.8 KiB, free: 434.3 MiB)
[2025-03-13T02:26:06.840+0000] {ssh.py:531} WARNING - 25/03/13 02:26:06 INFO BlockManagerInfo: Removed broadcast_0_piece0 on 0.0.0.0:34029 in memory (size: 34.8 KiB, free: 434.3 MiB)
[2025-03-13T02:26:06.919+0000] {ssh.py:531} WARNING - 25/03/13 02:26:06 INFO CodeGenerator: Code generated in 93.497727 ms
[2025-03-13T02:26:06.925+0000] {ssh.py:531} WARNING - 25/03/13 02:26:06 INFO FileOutputCommitter: File Output Committer Algorithm version is 1
[2025-03-13T02:26:06.925+0000] {ssh.py:531} WARNING - 25/03/13 02:26:06 INFO FileOutputCommitter: FileOutputCommitter skip cleanup _temporary folders under output directory:false, ignore cleanup failures: false
[2025-03-13T02:26:06.928+0000] {ssh.py:531} WARNING - 25/03/13 02:26:06 INFO SQLHadoopMapReduceCommitProtocol: Using user defined output committer class org.apache.parquet.hadoop.ParquetOutputCommitter
[2025-03-13T02:26:06.928+0000] {ssh.py:531} WARNING - 25/03/13 02:26:06 INFO FileOutputCommitter: File Output Committer Algorithm version is 1
[2025-03-13T02:26:06.928+0000] {ssh.py:531} WARNING - 25/03/13 02:26:06 INFO FileOutputCommitter: FileOutputCommitter skip cleanup _temporary folders under output directory:false, ignore cleanup failures: false
[2025-03-13T02:26:06.930+0000] {ssh.py:531} WARNING - 25/03/13 02:26:06 INFO SQLHadoopMapReduceCommitProtocol: Using output committer class org.apache.parquet.hadoop.ParquetOutputCommitter
[2025-03-13T02:26:06.947+0000] {ssh.py:531} WARNING - 25/03/13 02:26:06 INFO CodecConfig: Compression: SNAPPY
[2025-03-13T02:26:06.952+0000] {ssh.py:531} WARNING - 25/03/13 02:26:06 INFO CodecConfig: Compression: SNAPPY
[2025-03-13T02:26:06.986+0000] {ssh.py:531} WARNING - 25/03/13 02:26:06 INFO ParquetOutputFormat: ParquetRecordWriter [block size: 134217728b, row group padding size: 8388608b, validating: false]
[2025-03-13T02:26:07.050+0000] {ssh.py:531} WARNING - 25/03/13 02:26:07 INFO ParquetWriteSupport: Initialized Parquet WriteSupport with Catalyst schema:
[2025-03-13T02:26:07.051+0000] {ssh.py:531} WARNING - {
[2025-03-13T02:26:07.051+0000] {ssh.py:531} WARNING -   "type" : "struct",
[2025-03-13T02:26:07.051+0000] {ssh.py:531} WARNING -   "fields" : [ {
[2025-03-13T02:26:07.051+0000] {ssh.py:531} WARNING -     "name" : "gamer_nickname",
[2025-03-13T02:26:07.051+0000] {ssh.py:531} WARNING -     "type" : "string",
[2025-03-13T02:26:07.051+0000] {ssh.py:531} WARNING -     "nullable" : true,
[2025-03-13T02:26:07.051+0000] {ssh.py:531} WARNING -     "metadata" : { }
[2025-03-13T02:26:07.051+0000] {ssh.py:531} WARNING -   }, {
[2025-03-13T02:26:07.052+0000] {ssh.py:531} WARNING -     "name" : "team_color",
[2025-03-13T02:26:07.052+0000] {ssh.py:531} WARNING -     "type" : "string",
[2025-03-13T02:26:07.052+0000] {ssh.py:531} WARNING -     "nullable" : false,
[2025-03-13T02:26:07.052+0000] {ssh.py:531} WARNING -     "metadata" : { }
[2025-03-13T02:26:07.052+0000] {ssh.py:531} WARNING -   }, {
[2025-03-13T02:26:07.052+0000] {ssh.py:531} WARNING -     "name" : "team_count",
[2025-03-13T02:26:07.052+0000] {ssh.py:531} WARNING -     "type" : "integer",
[2025-03-13T02:26:07.052+0000] {ssh.py:531} WARNING -     "nullable" : true,
[2025-03-13T02:26:07.053+0000] {ssh.py:531} WARNING -     "metadata" : { }
[2025-03-13T02:26:07.053+0000] {ssh.py:531} WARNING -   }, {
[2025-03-13T02:26:07.053+0000] {ssh.py:531} WARNING -     "name" : "created_at",
[2025-03-13T02:26:07.053+0000] {ssh.py:531} WARNING -     "type" : "string",
[2025-03-13T02:26:07.053+0000] {ssh.py:531} WARNING -     "nullable" : false,
[2025-03-13T02:26:07.053+0000] {ssh.py:531} WARNING -     "metadata" : { }
[2025-03-13T02:26:07.053+0000] {ssh.py:531} WARNING -   } ]
[2025-03-13T02:26:07.053+0000] {ssh.py:531} WARNING - }
[2025-03-13T02:26:07.053+0000] {ssh.py:531} WARNING - and corresponding Parquet message type:
[2025-03-13T02:26:07.054+0000] {ssh.py:531} WARNING - message spark_schema {
[2025-03-13T02:26:07.054+0000] {ssh.py:531} WARNING -   optional binary gamer_nickname (STRING);
[2025-03-13T02:26:07.054+0000] {ssh.py:531} WARNING -   required binary team_color (STRING);
[2025-03-13T02:26:07.054+0000] {ssh.py:531} WARNING -   optional int32 team_count;
[2025-03-13T02:26:07.054+0000] {ssh.py:531} WARNING -   required binary created_at (STRING);
[2025-03-13T02:26:07.054+0000] {ssh.py:531} WARNING - }
[2025-03-13T02:26:07.054+0000] {ssh.py:531} WARNING - 
[2025-03-13T02:26:07.054+0000] {ssh.py:531} WARNING -        
[2025-03-13T02:26:07.345+0000] {ssh.py:531} WARNING - 25/03/13 02:26:07 INFO CodecPool: Got brand-new compressor [.snappy]
[2025-03-13T02:26:07.974+0000] {ssh.py:531} WARNING - 25/03/13 02:26:07 INFO FileScanRDD: Reading File path: s3a://de5-finalproj-team2/crawl/2025-03-13/crawl_result_processed_20250313.csv, range: 0-1155389, partition values: [empty row]
[2025-03-13T02:26:08.052+0000] {ssh.py:531} WARNING - 25/03/13 02:26:08 INFO CodeGenerator: Code generated in 62.591712 ms
[2025-03-13T02:26:08.195+0000] {ssh.py:531} WARNING - 25/03/13 02:26:08 INFO LineRecordReader: Found UTF-8 BOM and skipped it
[2025-03-13T02:26:11.273+0000] {ssh.py:531} WARNING - 25/03/13 02:26:11 INFO FileOutputCommitter: Saved output of task 'attempt_202503130226066271913336975953659_0001_m_000000_1' to s3a://de5-finalproj-team2/analytics/team_color_info/2025-03-13/team_color_info.parquet/_temporary/0/task_202503130226066271913336975953659_0001_m_000000
[2025-03-13T02:26:11.279+0000] {ssh.py:531} WARNING - 25/03/13 02:26:11 INFO SparkHadoopMapRedUtil: attempt_202503130226066271913336975953659_0001_m_000000_1: Committed. Elapsed time: 844 ms.
[2025-03-13T02:26:11.350+0000] {ssh.py:531} WARNING - 25/03/13 02:26:11 INFO Executor: Finished task 0.0 in stage 1.0 (TID 1). 2669 bytes result sent to driver
[2025-03-13T02:26:11.360+0000] {ssh.py:531} WARNING - 25/03/13 02:26:11 INFO TaskSetManager: Finished task 0.0 in stage 1.0 (TID 1) in 4813 ms on ip-172-31-12-182.ap-northeast-2.compute.internal (executor driver) (1/1)
[2025-03-13T02:26:11.366+0000] {ssh.py:531} WARNING - 25/03/13 02:26:11 INFO TaskSchedulerImpl: Removed TaskSet 1.0, whose tasks have all completed, from pool 
[2025-03-13T02:26:11.370+0000] {ssh.py:531} WARNING - 25/03/13 02:26:11 INFO DAGScheduler: ResultStage 1 (parquet at NativeMethodAccessorImpl.java:0) finished in 4.942 s
[2025-03-13T02:26:11.374+0000] {ssh.py:531} WARNING - 25/03/13 02:26:11 INFO DAGScheduler: Job 1 is finished. Cancelling potential speculative or zombie tasks for this job
[2025-03-13T02:26:11.375+0000] {ssh.py:531} WARNING - 25/03/13 02:26:11 INFO TaskSchedulerImpl: Killing all running tasks in stage 1: Stage finished
[2025-03-13T02:26:11.377+0000] {ssh.py:531} WARNING - 25/03/13 02:26:11 INFO DAGScheduler: Job 1 finished: parquet at NativeMethodAccessorImpl.java:0, took 4.967193 s
[2025-03-13T02:26:11.388+0000] {ssh.py:531} WARNING - 25/03/13 02:26:11 INFO FileFormatWriter: Start to commit write Job bb473ea0-21e5-43c9-b99e-377546a7901b.
[2025-03-13T02:26:12.594+0000] {ssh.py:531} WARNING - 25/03/13 02:26:12 INFO FileFormatWriter: Write Job bb473ea0-21e5-43c9-b99e-377546a7901b committed. Elapsed time: 1204 ms.
[2025-03-13T02:26:12.604+0000] {ssh.py:531} WARNING - 25/03/13 02:26:12 INFO FileFormatWriter: Finished processing stats for write job bb473ea0-21e5-43c9-b99e-377546a7901b.
[2025-03-13T02:26:12.615+0000] {ssh.py:526} INFO - Parquet 변환 완료! 저장 경로: s3a://de5-finalproj-team2/analytics/team_color_info/2025-03-13/team_color_info.parquet
[2025-03-13T02:26:12.767+0000] {ssh.py:531} WARNING - 25/03/13 02:26:12 INFO SparkContext: Invoking stop() from shutdown hook
[2025-03-13T02:26:12.767+0000] {ssh.py:531} WARNING - 25/03/13 02:26:12 INFO SparkContext: SparkContext is stopping with exitCode 0.
[2025-03-13T02:26:12.785+0000] {ssh.py:531} WARNING - 25/03/13 02:26:12 INFO SparkUI: Stopped Spark web UI at http://0.0.0.0:4040
[2025-03-13T02:26:12.826+0000] {ssh.py:531} WARNING - 25/03/13 02:26:12 INFO MapOutputTrackerMasterEndpoint: MapOutputTrackerMasterEndpoint stopped!
[2025-03-13T02:26:12.857+0000] {ssh.py:531} WARNING - 25/03/13 02:26:12 INFO MemoryStore: MemoryStore cleared
[2025-03-13T02:26:12.858+0000] {ssh.py:531} WARNING - 25/03/13 02:26:12 INFO BlockManager: BlockManager stopped
[2025-03-13T02:26:12.864+0000] {ssh.py:531} WARNING - 25/03/13 02:26:12 INFO BlockManagerMaster: BlockManagerMaster stopped
[2025-03-13T02:26:12.875+0000] {ssh.py:531} WARNING - 25/03/13 02:26:12 INFO OutputCommitCoordinator$OutputCommitCoordinatorEndpoint: OutputCommitCoordinator stopped!
[2025-03-13T02:26:12.884+0000] {ssh.py:531} WARNING - 25/03/13 02:26:12 INFO SparkContext: Successfully stopped SparkContext
[2025-03-13T02:26:12.885+0000] {ssh.py:531} WARNING - 25/03/13 02:26:12 INFO ShutdownHookManager: Shutdown hook called
[2025-03-13T02:26:12.887+0000] {ssh.py:531} WARNING - 25/03/13 02:26:12 INFO ShutdownHookManager: Deleting directory /tmp/spark-d1bf4f8f-df1c-4c79-b5cc-020f5bbc596c
[2025-03-13T02:26:12.892+0000] {ssh.py:531} WARNING - 25/03/13 02:26:12 INFO ShutdownHookManager: Deleting directory /tmp/spark-d1bf4f8f-df1c-4c79-b5cc-020f5bbc596c/pyspark-dc2a22b1-01c7-47e9-b46e-32ea335d0eeb
[2025-03-13T02:26:12.897+0000] {ssh.py:531} WARNING - 25/03/13 02:26:12 INFO ShutdownHookManager: Deleting directory /tmp/spark-72533d4f-405a-4841-af68-1d26400b4db0
[2025-03-13T02:26:12.907+0000] {ssh.py:531} WARNING - 25/03/13 02:26:12 INFO MetricsSystemImpl: Stopping s3a-file-system metrics system...
[2025-03-13T02:26:12.908+0000] {ssh.py:531} WARNING - 25/03/13 02:26:12 INFO MetricsSystemImpl: s3a-file-system metrics system stopped.
[2025-03-13T02:26:12.909+0000] {ssh.py:531} WARNING - 25/03/13 02:26:12 INFO MetricsSystemImpl: s3a-file-system metrics system shutdown complete.
[2025-03-13T02:26:13.044+0000] {ssh.py:526} INFO - Spark Job Succeeded!
[2025-03-13T02:26:13.095+0000] {taskinstance.py:441} INFO - ::group::Post task execution logs
[2025-03-13T02:26:13.134+0000] {taskinstance.py:1206} INFO - Marking task as SUCCESS. dag_id=team_color_to_parquet_dag, task_id=submit_spark_via_ssh, run_id=scheduled__2025-03-11T03:25:00+00:00, execution_date=20250311T032500, start_date=20250313T022539, end_date=20250313T022613
[2025-03-13T02:26:13.168+0000] {local_task_job_runner.py:240} INFO - Task exited with return code 0
[2025-03-13T02:26:13.189+0000] {taskinstance.py:3498} INFO - 0 downstream tasks scheduled from follow-on schedule check
[2025-03-13T02:26:13.191+0000] {local_task_job_runner.py:222} INFO - ::endgroup::
