[2025-03-13T02:44:43.324+0000] {local_task_job_runner.py:120} INFO - ::group::Pre task execution logs
[2025-03-13T02:44:43.346+0000] {taskinstance.py:2076} INFO - Dependencies all met for dep_context=non-requeueable deps ti=<TaskInstance: team_color_to_parquet_dag.submit_spark_via_ssh scheduled__2025-03-11T03:25:00+00:00 [queued]>
[2025-03-13T02:44:43.354+0000] {taskinstance.py:2076} INFO - Dependencies all met for dep_context=requeueable deps ti=<TaskInstance: team_color_to_parquet_dag.submit_spark_via_ssh scheduled__2025-03-11T03:25:00+00:00 [queued]>
[2025-03-13T02:44:43.355+0000] {taskinstance.py:2306} INFO - Starting attempt 2 of 3
[2025-03-13T02:44:43.368+0000] {taskinstance.py:2330} INFO - Executing <Task(SSHOperator): submit_spark_via_ssh> on 2025-03-11 03:25:00+00:00
[2025-03-13T02:44:43.374+0000] {standard_task_runner.py:63} INFO - Started process 10003 to run task
[2025-03-13T02:44:43.378+0000] {standard_task_runner.py:90} INFO - Running: ['***', 'tasks', 'run', 'team_color_to_parquet_dag', 'submit_spark_via_ssh', 'scheduled__2025-03-11T03:25:00+00:00', '--job-id', '115', '--raw', '--subdir', 'DAGS_FOLDER/team_color_to_parquet_dag.py', '--cfg-path', '/tmp/tmpfb5g4nzb']
[2025-03-13T02:44:43.380+0000] {standard_task_runner.py:91} INFO - Job 115: Subtask submit_spark_via_ssh
[2025-03-13T02:44:43.445+0000] {task_command.py:426} INFO - Running <TaskInstance: team_color_to_parquet_dag.submit_spark_via_ssh scheduled__2025-03-11T03:25:00+00:00 [running]> on host a0d797a25898
[2025-03-13T02:44:43.577+0000] {taskinstance.py:2648} INFO - Exporting env vars: AIRFLOW_CTX_DAG_OWNER='***' AIRFLOW_CTX_DAG_ID='team_color_to_parquet_dag' AIRFLOW_CTX_TASK_ID='submit_spark_via_ssh' AIRFLOW_CTX_EXECUTION_DATE='2025-03-11T03:25:00+00:00' AIRFLOW_CTX_TRY_NUMBER='2' AIRFLOW_CTX_DAG_RUN_ID='scheduled__2025-03-11T03:25:00+00:00'
[2025-03-13T02:44:43.578+0000] {taskinstance.py:430} INFO - ::endgroup::
[2025-03-13T02:44:43.593+0000] {ssh.py:151} INFO - Creating ssh_client
[2025-03-13T02:44:43.593+0000] {ssh.py:124} INFO - ssh_hook is not provided or invalid. Trying ssh_conn_id to create SSHHook.
[2025-03-13T02:44:43.613+0000] {base.py:84} INFO - Using connection ID 'spark_ssh_conn' for task execution.
[2025-03-13T02:44:43.616+0000] {ssh.py:301} WARNING - No Host Key Verification. This won't protect against Man-In-The-Middle attacks
[2025-03-13T02:44:43.626+0000] {transport.py:1909} INFO - Connected (version 2.0, client OpenSSH_9.6p1)
[2025-03-13T02:44:43.787+0000] {transport.py:1909} INFO - Authentication (publickey) successful!
[2025-03-13T02:44:43.788+0000] {ssh.py:480} INFO - Running command: 
    set -e
    echo "Starting Spark Job on 2025-03-12"
    /spark-3.5.3/bin/spark-submit /home/ubuntu/spark_scripts/team_color_to_parquet.py 2025-03-12
    exit_code=$?

    if [ $exit_code -ne 0 ]; then
        echo "Spark Job Failed! Check logs."
        exit 1
    else
        echo "Spark Job Succeeded!"
    fi
    
[2025-03-13T02:44:44.236+0000] {ssh.py:526} INFO - Starting Spark Job on 2025-03-12
[2025-03-13T02:44:48.240+0000] {ssh.py:531} WARNING - 25/03/13 02:44:48 INFO SparkContext: Running Spark version 3.5.3
[2025-03-13T02:44:48.242+0000] {ssh.py:531} WARNING - 25/03/13 02:44:48 INFO SparkContext: OS info Linux, 6.8.0-1024-aws, amd64
[2025-03-13T02:44:48.242+0000] {ssh.py:531} WARNING - 25/03/13 02:44:48 INFO SparkContext: Java version 11.0.26
[2025-03-13T02:44:48.348+0000] {ssh.py:531} WARNING - 25/03/13 02:44:48 WARN NativeCodeLoader: Unable to load native-hadoop library for your platform... using builtin-java classes where applicable
[2025-03-13T02:44:48.506+0000] {ssh.py:531} WARNING - 25/03/13 02:44:48 INFO ResourceUtils: ==============================================================
[2025-03-13T02:44:48.507+0000] {ssh.py:531} WARNING - 25/03/13 02:44:48 INFO ResourceUtils: No custom resources configured for spark.driver.
[2025-03-13T02:44:48.508+0000] {ssh.py:531} WARNING - 25/03/13 02:44:48 INFO ResourceUtils: ==============================================================
[2025-03-13T02:44:48.508+0000] {ssh.py:531} WARNING - 25/03/13 02:44:48 INFO SparkContext: Submitted application: Extract_Team_Color_Info
[2025-03-13T02:44:48.551+0000] {ssh.py:531} WARNING - 25/03/13 02:44:48 INFO ResourceProfile: Default ResourceProfile created, executor resources: Map(cores -> name: cores, amount: 1, script: , vendor: , memory -> name: memory, amount: 1024, script: , vendor: , offHeap -> name: offHeap, amount: 0, script: , vendor: ), task resources: Map(cpus -> name: cpus, amount: 1.0)
[2025-03-13T02:44:48.569+0000] {ssh.py:531} WARNING - 25/03/13 02:44:48 INFO ResourceProfile: Limiting resource is cpus at 1 tasks per executor
[2025-03-13T02:44:48.571+0000] {ssh.py:531} WARNING - 25/03/13 02:44:48 INFO ResourceProfileManager: Added ResourceProfile id: 0
[2025-03-13T02:44:48.642+0000] {ssh.py:531} WARNING - 25/03/13 02:44:48 INFO SecurityManager: Changing view acls to: ubuntu
[2025-03-13T02:44:48.642+0000] {ssh.py:531} WARNING - 25/03/13 02:44:48 INFO SecurityManager: Changing modify acls to: ubuntu
[2025-03-13T02:44:48.644+0000] {ssh.py:531} WARNING - 25/03/13 02:44:48 INFO SecurityManager: Changing view acls groups to: 
[2025-03-13T02:44:48.644+0000] {ssh.py:531} WARNING - 25/03/13 02:44:48 INFO SecurityManager: Changing modify acls groups to: 
[2025-03-13T02:44:48.644+0000] {ssh.py:531} WARNING - 25/03/13 02:44:48 INFO SecurityManager: SecurityManager: authentication disabled; ui acls disabled; users with view permissions: ubuntu; groups with view permissions: EMPTY; users with modify permissions: ubuntu; groups with modify permissions: EMPTY
[2025-03-13T02:44:49.037+0000] {ssh.py:531} WARNING - 25/03/13 02:44:49 INFO Utils: Successfully started service 'sparkDriver' on port 45973.
[2025-03-13T02:44:49.078+0000] {ssh.py:531} WARNING - 25/03/13 02:44:49 INFO SparkEnv: Registering MapOutputTracker
[2025-03-13T02:44:49.127+0000] {ssh.py:531} WARNING - 25/03/13 02:44:49 INFO SparkEnv: Registering BlockManagerMaster
[2025-03-13T02:44:49.155+0000] {ssh.py:531} WARNING - 25/03/13 02:44:49 INFO BlockManagerMasterEndpoint: Using org.apache.spark.storage.DefaultTopologyMapper for getting topology information
[2025-03-13T02:44:49.156+0000] {ssh.py:531} WARNING - 25/03/13 02:44:49 INFO BlockManagerMasterEndpoint: BlockManagerMasterEndpoint up
[2025-03-13T02:44:49.161+0000] {ssh.py:531} WARNING - 25/03/13 02:44:49 INFO SparkEnv: Registering BlockManagerMasterHeartbeat
[2025-03-13T02:44:49.206+0000] {ssh.py:531} WARNING - 25/03/13 02:44:49 INFO DiskBlockManager: Created local directory at /tmp/blockmgr-7161be22-d2c9-4750-8d26-9346fb445965
[2025-03-13T02:44:49.228+0000] {ssh.py:531} WARNING - 25/03/13 02:44:49 INFO MemoryStore: MemoryStore started with capacity 434.4 MiB
[2025-03-13T02:44:49.253+0000] {ssh.py:531} WARNING - 25/03/13 02:44:49 INFO SparkEnv: Registering OutputCommitCoordinator
[2025-03-13T02:44:49.437+0000] {ssh.py:531} WARNING - 25/03/13 02:44:49 INFO JettyUtils: Start Jetty 0.0.0.0:4040 for SparkUI
[2025-03-13T02:44:49.527+0000] {ssh.py:531} WARNING - 25/03/13 02:44:49 INFO Utils: Successfully started service 'SparkUI' on port 4040.
[2025-03-13T02:44:49.708+0000] {ssh.py:531} WARNING - 25/03/13 02:44:49 INFO Executor: Starting executor ID driver on host ip-172-31-12-182.ap-northeast-2.compute.internal
[2025-03-13T02:44:49.708+0000] {ssh.py:531} WARNING - 25/03/13 02:44:49 INFO Executor: OS info Linux, 6.8.0-1024-aws, amd64
[2025-03-13T02:44:49.709+0000] {ssh.py:531} WARNING - 25/03/13 02:44:49 INFO Executor: Java version 11.0.26
[2025-03-13T02:44:49.720+0000] {ssh.py:531} WARNING - 25/03/13 02:44:49 INFO Executor: Starting executor with user classpath (userClassPathFirst = false): ''
[2025-03-13T02:44:49.720+0000] {ssh.py:531} WARNING - 25/03/13 02:44:49 INFO Executor: Created or updated repl class loader org.apache.spark.util.MutableURLClassLoader@19228106 for default.
[2025-03-13T02:44:49.757+0000] {ssh.py:531} WARNING - 25/03/13 02:44:49 INFO Utils: Successfully started service 'org.apache.spark.network.netty.NettyBlockTransferService' on port 36095.
[2025-03-13T02:44:49.757+0000] {ssh.py:531} WARNING - 25/03/13 02:44:49 INFO NettyBlockTransferService: Server created on 0.0.0.0:36095
[2025-03-13T02:44:49.761+0000] {ssh.py:531} WARNING - 25/03/13 02:44:49 INFO BlockManager: Using org.apache.spark.storage.RandomBlockReplicationPolicy for block replication policy
[2025-03-13T02:44:49.774+0000] {ssh.py:531} WARNING - 25/03/13 02:44:49 INFO BlockManagerMaster: Registering BlockManager BlockManagerId(driver, 0.0.0.0, 36095, None)
[2025-03-13T02:44:49.782+0000] {ssh.py:531} WARNING - 25/03/13 02:44:49 INFO BlockManagerMasterEndpoint: Registering block manager 0.0.0.0:36095 with 434.4 MiB RAM, BlockManagerId(driver, 0.0.0.0, 36095, None)
[2025-03-13T02:44:49.785+0000] {ssh.py:531} WARNING - 25/03/13 02:44:49 INFO BlockManagerMaster: Registered BlockManager BlockManagerId(driver, 0.0.0.0, 36095, None)
[2025-03-13T02:44:49.787+0000] {ssh.py:531} WARNING - 25/03/13 02:44:49 INFO BlockManager: Initialized BlockManager: BlockManagerId(driver, 0.0.0.0, 36095, None)
[2025-03-13T02:44:50.645+0000] {ssh.py:531} WARNING - 25/03/13 02:44:50 INFO SharedState: Setting hive.metastore.warehouse.dir ('null') to the value of spark.sql.warehouse.dir.
[2025-03-13T02:44:50.657+0000] {ssh.py:531} WARNING - 25/03/13 02:44:50 INFO SharedState: Warehouse path is 'file:/home/ubuntu/spark-warehouse'.
[2025-03-13T02:44:51.947+0000] {ssh.py:531} WARNING - 25/03/13 02:44:51 WARN MetricsConfig: Cannot locate configuration: tried hadoop-metrics2-s3a-file-system.properties,hadoop-metrics2.properties
[2025-03-13T02:44:51.969+0000] {ssh.py:531} WARNING - 25/03/13 02:44:51 INFO MetricsSystemImpl: Scheduled Metric snapshot period at 10 second(s).
[2025-03-13T02:44:51.970+0000] {ssh.py:531} WARNING - 25/03/13 02:44:51 INFO MetricsSystemImpl: s3a-file-system metrics system started
[2025-03-13T02:44:53.649+0000] {ssh.py:531} WARNING - 25/03/13 02:44:53 INFO InMemoryFileIndex: It took 96 ms to list leaf files for 1 paths.
[2025-03-13T02:44:53.785+0000] {ssh.py:531} WARNING - 25/03/13 02:44:53 INFO InMemoryFileIndex: It took 41 ms to list leaf files for 1 paths.
[2025-03-13T02:44:57.226+0000] {ssh.py:531} WARNING - 25/03/13 02:44:57 INFO FileSourceStrategy: Pushed Filters: 
[2025-03-13T02:44:57.228+0000] {ssh.py:531} WARNING - 25/03/13 02:44:57 INFO FileSourceStrategy: Post-Scan Filters: (length(trim(value#0, None)) > 0)
[2025-03-13T02:44:58.157+0000] {ssh.py:531} WARNING - 25/03/13 02:44:58 INFO CodeGenerator: Code generated in 299.940043 ms
[2025-03-13T02:44:58.242+0000] {ssh.py:531} WARNING - 25/03/13 02:44:58 INFO MemoryStore: Block broadcast_0 stored as values in memory (estimated size 201.2 KiB, free 434.2 MiB)
[2025-03-13T02:44:58.322+0000] {ssh.py:531} WARNING - 25/03/13 02:44:58 INFO MemoryStore: Block broadcast_0_piece0 stored as bytes in memory (estimated size 34.8 KiB, free 434.2 MiB)
[2025-03-13T02:44:58.326+0000] {ssh.py:531} WARNING - 25/03/13 02:44:58 INFO BlockManagerInfo: Added broadcast_0_piece0 in memory on 0.0.0.0:36095 (size: 34.8 KiB, free: 434.4 MiB)
[2025-03-13T02:44:58.334+0000] {ssh.py:531} WARNING - 25/03/13 02:44:58 INFO SparkContext: Created broadcast 0 from csv at NativeMethodAccessorImpl.java:0
[2025-03-13T02:44:58.354+0000] {ssh.py:531} WARNING - 25/03/13 02:44:58 INFO FileSourceScanExec: Planning scan with bin packing, max size: 4194304 bytes, open cost is considered as scanning 4194304 bytes.
[2025-03-13T02:44:58.585+0000] {ssh.py:531} WARNING - 25/03/13 02:44:58 INFO SparkContext: Starting job: csv at NativeMethodAccessorImpl.java:0
[2025-03-13T02:44:58.617+0000] {ssh.py:531} WARNING - 25/03/13 02:44:58 INFO DAGScheduler: Got job 0 (csv at NativeMethodAccessorImpl.java:0) with 1 output partitions
[2025-03-13T02:44:58.618+0000] {ssh.py:531} WARNING - 25/03/13 02:44:58 INFO DAGScheduler: Final stage: ResultStage 0 (csv at NativeMethodAccessorImpl.java:0)
[2025-03-13T02:44:58.618+0000] {ssh.py:531} WARNING - 25/03/13 02:44:58 INFO DAGScheduler: Parents of final stage: List()
[2025-03-13T02:44:58.620+0000] {ssh.py:531} WARNING - 25/03/13 02:44:58 INFO DAGScheduler: Missing parents: List()
[2025-03-13T02:44:58.628+0000] {ssh.py:531} WARNING - 25/03/13 02:44:58 INFO DAGScheduler: Submitting ResultStage 0 (MapPartitionsRDD[3] at csv at NativeMethodAccessorImpl.java:0), which has no missing parents
[2025-03-13T02:44:58.807+0000] {ssh.py:531} WARNING - 25/03/13 02:44:58 INFO MemoryStore: Block broadcast_1 stored as values in memory (estimated size 13.5 KiB, free 434.2 MiB)
[2025-03-13T02:44:58.812+0000] {ssh.py:531} WARNING - 25/03/13 02:44:58 INFO MemoryStore: Block broadcast_1_piece0 stored as bytes in memory (estimated size 6.4 KiB, free 434.2 MiB)
[2025-03-13T02:44:58.812+0000] {ssh.py:531} WARNING - 25/03/13 02:44:58 INFO BlockManagerInfo: Added broadcast_1_piece0 in memory on 0.0.0.0:36095 (size: 6.4 KiB, free: 434.4 MiB)
[2025-03-13T02:44:58.817+0000] {ssh.py:531} WARNING - 25/03/13 02:44:58 INFO SparkContext: Created broadcast 1 from broadcast at DAGScheduler.scala:1585
[2025-03-13T02:44:58.845+0000] {ssh.py:531} WARNING - 25/03/13 02:44:58 INFO DAGScheduler: Submitting 1 missing tasks from ResultStage 0 (MapPartitionsRDD[3] at csv at NativeMethodAccessorImpl.java:0) (first 15 tasks are for partitions Vector(0))
[2025-03-13T02:44:58.845+0000] {ssh.py:531} WARNING - 25/03/13 02:44:58 INFO TaskSchedulerImpl: Adding task set 0.0 with 1 tasks resource profile 0
[2025-03-13T02:44:58.906+0000] {ssh.py:531} WARNING - 25/03/13 02:44:58 INFO TaskSetManager: Starting task 0.0 in stage 0.0 (TID 0) (ip-172-31-12-182.ap-northeast-2.compute.internal, executor driver, partition 0, PROCESS_LOCAL, 9640 bytes) 
[2025-03-13T02:44:58.932+0000] {ssh.py:531} WARNING - 25/03/13 02:44:58 INFO Executor: Running task 0.0 in stage 0.0 (TID 0)
[2025-03-13T02:44:59.142+0000] {ssh.py:531} WARNING - 25/03/13 02:44:59 INFO CodeGenerator: Code generated in 33.529816 ms
[2025-03-13T02:44:59.149+0000] {ssh.py:531} WARNING - 25/03/13 02:44:59 INFO FileScanRDD: Reading File path: s3a://de5-finalproj-team2/crawl/2025-03-13/crawl_result_processed_20250313.csv, range: 0-1155389, partition values: [empty row]
[2025-03-13T02:44:59.180+0000] {ssh.py:531} WARNING - 25/03/13 02:44:59 INFO CodeGenerator: Code generated in 25.064866 ms
[2025-03-13T02:44:59.294+0000] {ssh.py:531} WARNING - 25/03/13 02:44:59 INFO LineRecordReader: Found UTF-8 BOM and skipped it
[2025-03-13T02:44:59.337+0000] {ssh.py:531} WARNING - 25/03/13 02:44:59 INFO Executor: Finished task 0.0 in stage 0.0 (TID 0). 1713 bytes result sent to driver
[2025-03-13T02:44:59.353+0000] {ssh.py:531} WARNING - 25/03/13 02:44:59 INFO TaskSetManager: Finished task 0.0 in stage 0.0 (TID 0) in 463 ms on ip-172-31-12-182.ap-northeast-2.compute.internal (executor driver) (1/1)
[2025-03-13T02:44:59.358+0000] {ssh.py:531} WARNING - 25/03/13 02:44:59 INFO TaskSchedulerImpl: Removed TaskSet 0.0, whose tasks have all completed, from pool 
[2025-03-13T02:44:59.367+0000] {ssh.py:531} WARNING - 25/03/13 02:44:59 INFO DAGScheduler: ResultStage 0 (csv at NativeMethodAccessorImpl.java:0) finished in 0.698 s
[2025-03-13T02:44:59.376+0000] {ssh.py:531} WARNING - 25/03/13 02:44:59 INFO DAGScheduler: Job 0 is finished. Cancelling potential speculative or zombie tasks for this job
[2025-03-13T02:44:59.379+0000] {ssh.py:531} WARNING - 25/03/13 02:44:59 INFO TaskSchedulerImpl: Killing all running tasks in stage 0: Stage finished
[2025-03-13T02:44:59.383+0000] {ssh.py:531} WARNING - 25/03/13 02:44:59 INFO DAGScheduler: Job 0 finished: csv at NativeMethodAccessorImpl.java:0, took 0.797006 s
[2025-03-13T02:44:59.435+0000] {ssh.py:531} WARNING - 25/03/13 02:44:59 INFO CodeGenerator: Code generated in 22.334759 ms
[2025-03-13T02:44:59.618+0000] {ssh.py:531} WARNING - 25/03/13 02:44:59 INFO BlockManagerInfo: Removed broadcast_1_piece0 on 0.0.0.0:36095 in memory (size: 6.4 KiB, free: 434.4 MiB)
[2025-03-13T02:44:59.645+0000] {ssh.py:531} WARNING - 25/03/13 02:44:59 INFO FileSourceStrategy: Pushed Filters: 
[2025-03-13T02:44:59.646+0000] {ssh.py:531} WARNING - 25/03/13 02:44:59 INFO FileSourceStrategy: Post-Scan Filters: 
[2025-03-13T02:44:59.707+0000] {ssh.py:531} WARNING - 25/03/13 02:44:59 INFO MemoryStore: Block broadcast_2 stored as values in memory (estimated size 201.2 KiB, free 434.0 MiB)
[2025-03-13T02:44:59.733+0000] {ssh.py:531} WARNING - 25/03/13 02:44:59 INFO MemoryStore: Block broadcast_2_piece0 stored as bytes in memory (estimated size 34.8 KiB, free 433.9 MiB)
[2025-03-13T02:44:59.734+0000] {ssh.py:531} WARNING - 25/03/13 02:44:59 INFO BlockManagerInfo: Added broadcast_2_piece0 in memory on 0.0.0.0:36095 (size: 34.8 KiB, free: 434.3 MiB)
[2025-03-13T02:44:59.735+0000] {ssh.py:531} WARNING - 25/03/13 02:44:59 INFO SparkContext: Created broadcast 2 from csv at NativeMethodAccessorImpl.java:0
[2025-03-13T02:44:59.736+0000] {ssh.py:531} WARNING - 25/03/13 02:44:59 INFO FileSourceScanExec: Planning scan with bin packing, max size: 4194304 bytes, open cost is considered as scanning 4194304 bytes.
[2025-03-13T02:45:00.239+0000] {ssh.py:531} WARNING - 25/03/13 02:45:00 INFO FileSourceStrategy: Pushed Filters: 
[2025-03-13T02:45:00.244+0000] {ssh.py:531} WARNING - 25/03/13 02:45:00 INFO FileSourceStrategy: Post-Scan Filters: 
[2025-03-13T02:45:00.671+0000] {ssh.py:531} WARNING - 25/03/13 02:45:00 INFO ParquetUtils: Using default output committer for Parquet: org.apache.parquet.hadoop.ParquetOutputCommitter
[2025-03-13T02:45:00.688+0000] {ssh.py:531} WARNING - 25/03/13 02:45:00 INFO FileOutputCommitter: File Output Committer Algorithm version is 1
[2025-03-13T02:45:00.689+0000] {ssh.py:531} WARNING - 25/03/13 02:45:00 INFO FileOutputCommitter: FileOutputCommitter skip cleanup _temporary folders under output directory:false, ignore cleanup failures: false
[2025-03-13T02:45:00.691+0000] {ssh.py:531} WARNING - 25/03/13 02:45:00 INFO SQLHadoopMapReduceCommitProtocol: Using user defined output committer class org.apache.parquet.hadoop.ParquetOutputCommitter
[2025-03-13T02:45:00.691+0000] {ssh.py:531} WARNING - 25/03/13 02:45:00 INFO FileOutputCommitter: File Output Committer Algorithm version is 1
[2025-03-13T02:45:00.691+0000] {ssh.py:531} WARNING - 25/03/13 02:45:00 INFO FileOutputCommitter: FileOutputCommitter skip cleanup _temporary folders under output directory:false, ignore cleanup failures: false
[2025-03-13T02:45:00.692+0000] {ssh.py:531} WARNING - 25/03/13 02:45:00 INFO SQLHadoopMapReduceCommitProtocol: Using output committer class org.apache.parquet.hadoop.ParquetOutputCommitter
[2025-03-13T02:45:01.016+0000] {ssh.py:531} WARNING - 25/03/13 02:45:01 INFO CodeGenerator: Code generated in 76.205097 ms
[2025-03-13T02:45:01.024+0000] {ssh.py:531} WARNING - 25/03/13 02:45:01 INFO MemoryStore: Block broadcast_3 stored as values in memory (estimated size 201.1 KiB, free 433.7 MiB)
[2025-03-13T02:45:01.039+0000] {ssh.py:531} WARNING - 25/03/13 02:45:01 INFO MemoryStore: Block broadcast_3_piece0 stored as bytes in memory (estimated size 34.8 KiB, free 433.7 MiB)
[2025-03-13T02:45:01.040+0000] {ssh.py:531} WARNING - 25/03/13 02:45:01 INFO BlockManagerInfo: Added broadcast_3_piece0 in memory on 0.0.0.0:36095 (size: 34.8 KiB, free: 434.3 MiB)
[2025-03-13T02:45:01.041+0000] {ssh.py:531} WARNING - 25/03/13 02:45:01 INFO SparkContext: Created broadcast 3 from parquet at NativeMethodAccessorImpl.java:0
[2025-03-13T02:45:01.049+0000] {ssh.py:531} WARNING - 25/03/13 02:45:01 INFO FileSourceScanExec: Planning scan with bin packing, max size: 4194304 bytes, open cost is considered as scanning 4194304 bytes.
[2025-03-13T02:45:01.065+0000] {ssh.py:531} WARNING - 25/03/13 02:45:01 INFO SparkContext: Starting job: parquet at NativeMethodAccessorImpl.java:0
[2025-03-13T02:45:01.066+0000] {ssh.py:531} WARNING - 25/03/13 02:45:01 INFO DAGScheduler: Got job 1 (parquet at NativeMethodAccessorImpl.java:0) with 1 output partitions
[2025-03-13T02:45:01.066+0000] {ssh.py:531} WARNING - 25/03/13 02:45:01 INFO DAGScheduler: Final stage: ResultStage 1 (parquet at NativeMethodAccessorImpl.java:0)
[2025-03-13T02:45:01.066+0000] {ssh.py:531} WARNING - 25/03/13 02:45:01 INFO DAGScheduler: Parents of final stage: List()
[2025-03-13T02:45:01.067+0000] {ssh.py:531} WARNING - 25/03/13 02:45:01 INFO DAGScheduler: Missing parents: List()
[2025-03-13T02:45:01.069+0000] {ssh.py:531} WARNING - 25/03/13 02:45:01 INFO DAGScheduler: Submitting ResultStage 1 (MapPartitionsRDD[13] at parquet at NativeMethodAccessorImpl.java:0), which has no missing parents
[2025-03-13T02:45:01.102+0000] {ssh.py:531} WARNING - 25/03/13 02:45:01 INFO MemoryStore: Block broadcast_4 stored as values in memory (estimated size 222.3 KiB, free 433.5 MiB)
[2025-03-13T02:45:01.126+0000] {ssh.py:531} WARNING - 25/03/13 02:45:01 INFO MemoryStore: Block broadcast_4_piece0 stored as bytes in memory (estimated size 80.4 KiB, free 433.4 MiB)
[2025-03-13T02:45:01.126+0000] {ssh.py:531} WARNING - 25/03/13 02:45:01 INFO BlockManagerInfo: Added broadcast_4_piece0 in memory on 0.0.0.0:36095 (size: 80.4 KiB, free: 434.2 MiB)
[2025-03-13T02:45:01.132+0000] {ssh.py:531} WARNING - 25/03/13 02:45:01 INFO BlockManagerInfo: Removed broadcast_2_piece0 on 0.0.0.0:36095 in memory (size: 34.8 KiB, free: 434.3 MiB)
[2025-03-13T02:45:01.132+0000] {ssh.py:531} WARNING - 25/03/13 02:45:01 INFO SparkContext: Created broadcast 4 from broadcast at DAGScheduler.scala:1585
[2025-03-13T02:45:01.132+0000] {ssh.py:531} WARNING - 25/03/13 02:45:01 INFO DAGScheduler: Submitting 1 missing tasks from ResultStage 1 (MapPartitionsRDD[13] at parquet at NativeMethodAccessorImpl.java:0) (first 15 tasks are for partitions Vector(0))
[2025-03-13T02:45:01.132+0000] {ssh.py:531} WARNING - 25/03/13 02:45:01 INFO TaskSchedulerImpl: Adding task set 1.0 with 1 tasks resource profile 0
[2025-03-13T02:45:01.138+0000] {ssh.py:531} WARNING - 25/03/13 02:45:01 INFO TaskSetManager: Starting task 0.0 in stage 1.0 (TID 1) (ip-172-31-12-182.ap-northeast-2.compute.internal, executor driver, partition 0, PROCESS_LOCAL, 9640 bytes) 
[2025-03-13T02:45:01.144+0000] {ssh.py:531} WARNING - 25/03/13 02:45:01 INFO Executor: Running task 0.0 in stage 1.0 (TID 1)
[2025-03-13T02:45:01.145+0000] {ssh.py:531} WARNING - 25/03/13 02:45:01 INFO BlockManagerInfo: Removed broadcast_0_piece0 on 0.0.0.0:36095 in memory (size: 34.8 KiB, free: 434.3 MiB)
[2025-03-13T02:45:01.291+0000] {ssh.py:531} WARNING - 25/03/13 02:45:01 INFO CodeGenerator: Code generated in 56.759733 ms
[2025-03-13T02:45:01.299+0000] {ssh.py:531} WARNING - 25/03/13 02:45:01 INFO FileOutputCommitter: File Output Committer Algorithm version is 1
[2025-03-13T02:45:01.300+0000] {ssh.py:531} WARNING - 25/03/13 02:45:01 INFO FileOutputCommitter: FileOutputCommitter skip cleanup _temporary folders under output directory:false, ignore cleanup failures: false
[2025-03-13T02:45:01.300+0000] {ssh.py:531} WARNING - 25/03/13 02:45:01 INFO SQLHadoopMapReduceCommitProtocol: Using user defined output committer class org.apache.parquet.hadoop.ParquetOutputCommitter
[2025-03-13T02:45:01.301+0000] {ssh.py:531} WARNING - 25/03/13 02:45:01 INFO FileOutputCommitter: File Output Committer Algorithm version is 1
[2025-03-13T02:45:01.301+0000] {ssh.py:531} WARNING - 25/03/13 02:45:01 INFO FileOutputCommitter: FileOutputCommitter skip cleanup _temporary folders under output directory:false, ignore cleanup failures: false
[2025-03-13T02:45:01.301+0000] {ssh.py:531} WARNING - 25/03/13 02:45:01 INFO SQLHadoopMapReduceCommitProtocol: Using output committer class org.apache.parquet.hadoop.ParquetOutputCommitter
[2025-03-13T02:45:01.309+0000] {ssh.py:531} WARNING - 25/03/13 02:45:01 INFO CodecConfig: Compression: SNAPPY
[2025-03-13T02:45:01.313+0000] {ssh.py:531} WARNING - 25/03/13 02:45:01 INFO CodecConfig: Compression: SNAPPY
[2025-03-13T02:45:01.340+0000] {ssh.py:531} WARNING - 25/03/13 02:45:01 INFO ParquetOutputFormat: ParquetRecordWriter [block size: 134217728b, row group padding size: 8388608b, validating: false]
[2025-03-13T02:45:01.375+0000] {ssh.py:531} WARNING - 25/03/13 02:45:01 INFO ParquetWriteSupport: Initialized Parquet WriteSupport with Catalyst schema:
[2025-03-13T02:45:01.375+0000] {ssh.py:531} WARNING - {
[2025-03-13T02:45:01.375+0000] {ssh.py:531} WARNING -   "type" : "struct",
[2025-03-13T02:45:01.375+0000] {ssh.py:531} WARNING -   "fields" : [ {
[2025-03-13T02:45:01.375+0000] {ssh.py:531} WARNING -     "name" : "gamer_nickname",
[2025-03-13T02:45:01.376+0000] {ssh.py:531} WARNING -     "type" : "string",
[2025-03-13T02:45:01.376+0000] {ssh.py:531} WARNING -     "nullable" : true,
[2025-03-13T02:45:01.376+0000] {ssh.py:531} WARNING -     "metadata" : { }
[2025-03-13T02:45:01.376+0000] {ssh.py:531} WARNING -   }, {
[2025-03-13T02:45:01.376+0000] {ssh.py:531} WARNING -     "name" : "team_color",
[2025-03-13T02:45:01.376+0000] {ssh.py:531} WARNING -     "type" : "string",
[2025-03-13T02:45:01.376+0000] {ssh.py:531} WARNING -     "nullable" : false,
[2025-03-13T02:45:01.377+0000] {ssh.py:531} WARNING -     "metadata" : { }
[2025-03-13T02:45:01.377+0000] {ssh.py:531} WARNING -   }, {
[2025-03-13T02:45:01.377+0000] {ssh.py:531} WARNING -     "name" : "team_count",
[2025-03-13T02:45:01.377+0000] {ssh.py:531} WARNING -     "type" : "integer",
[2025-03-13T02:45:01.377+0000] {ssh.py:531} WARNING -     "nullable" : true,
[2025-03-13T02:45:01.377+0000] {ssh.py:531} WARNING -     "metadata" : { }
[2025-03-13T02:45:01.377+0000] {ssh.py:531} WARNING -   }, {
[2025-03-13T02:45:01.377+0000] {ssh.py:531} WARNING -     "name" : "created_at",
[2025-03-13T02:45:01.377+0000] {ssh.py:531} WARNING -     "type" : "string",
[2025-03-13T02:45:01.378+0000] {ssh.py:531} WARNING -     "nullable" : false,
[2025-03-13T02:45:01.378+0000] {ssh.py:531} WARNING -     "metadata" : { }
[2025-03-13T02:45:01.378+0000] {ssh.py:531} WARNING -   } ]
[2025-03-13T02:45:01.378+0000] {ssh.py:531} WARNING - }
[2025-03-13T02:45:01.378+0000] {ssh.py:531} WARNING - and corresponding Parquet message type:
[2025-03-13T02:45:01.378+0000] {ssh.py:531} WARNING - message spark_schema {
[2025-03-13T02:45:01.378+0000] {ssh.py:531} WARNING -   optional binary gamer_nickname (STRING);
[2025-03-13T02:45:01.378+0000] {ssh.py:531} WARNING -   required binary team_color (STRING);
[2025-03-13T02:45:01.379+0000] {ssh.py:531} WARNING -   optional int32 team_count;
[2025-03-13T02:45:01.379+0000] {ssh.py:531} WARNING -   required binary created_at (STRING);
[2025-03-13T02:45:01.379+0000] {ssh.py:531} WARNING - }
[2025-03-13T02:45:01.379+0000] {ssh.py:531} WARNING - 
[2025-03-13T02:45:01.383+0000] {ssh.py:531} WARNING -        
[2025-03-13T02:45:01.538+0000] {ssh.py:531} WARNING - 25/03/13 02:45:01 INFO CodecPool: Got brand-new compressor [.snappy]
[2025-03-13T02:45:01.864+0000] {ssh.py:531} WARNING - 25/03/13 02:45:01 INFO FileScanRDD: Reading File path: s3a://de5-finalproj-team2/crawl/2025-03-13/crawl_result_processed_20250313.csv, range: 0-1155389, partition values: [empty row]
[2025-03-13T02:45:01.888+0000] {ssh.py:531} WARNING - 25/03/13 02:45:01 INFO CodeGenerator: Code generated in 21.444696 ms
[2025-03-13T02:45:01.966+0000] {ssh.py:531} WARNING - 25/03/13 02:45:01 INFO LineRecordReader: Found UTF-8 BOM and skipped it
[2025-03-13T02:45:04.183+0000] {ssh.py:531} WARNING - 25/03/13 02:45:04 INFO FileOutputCommitter: Saved output of task 'attempt_20250313024501956385901078337739_0001_m_000000_1' to s3a://de5-finalproj-team2/analytics/team_color_info/2025-03-13/_temporary/0/task_20250313024501956385901078337739_0001_m_000000
[2025-03-13T02:45:04.185+0000] {ssh.py:531} WARNING - 25/03/13 02:45:04 INFO SparkHadoopMapRedUtil: attempt_20250313024501956385901078337739_0001_m_000000_1: Committed. Elapsed time: 642 ms.
[2025-03-13T02:45:04.232+0000] {ssh.py:531} WARNING - 25/03/13 02:45:04 INFO Executor: Finished task 0.0 in stage 1.0 (TID 1). 2669 bytes result sent to driver
[2025-03-13T02:45:04.236+0000] {ssh.py:531} WARNING - 25/03/13 02:45:04 INFO TaskSetManager: Finished task 0.0 in stage 1.0 (TID 1) in 3098 ms on ip-172-31-12-182.ap-northeast-2.compute.internal (executor driver) (1/1)
[2025-03-13T02:45:04.237+0000] {ssh.py:531} WARNING - 25/03/13 02:45:04 INFO DAGScheduler: ResultStage 1 (parquet at NativeMethodAccessorImpl.java:0) finished in 3.167 s
[2025-03-13T02:45:04.237+0000] {ssh.py:531} WARNING - 25/03/13 02:45:04 INFO DAGScheduler: Job 1 is finished. Cancelling potential speculative or zombie tasks for this job
[2025-03-13T02:45:04.238+0000] {ssh.py:531} WARNING - 25/03/13 02:45:04 INFO TaskSchedulerImpl: Removed TaskSet 1.0, whose tasks have all completed, from pool 
[2025-03-13T02:45:04.238+0000] {ssh.py:531} WARNING - 25/03/13 02:45:04 INFO TaskSchedulerImpl: Killing all running tasks in stage 1: Stage finished
[2025-03-13T02:45:04.240+0000] {ssh.py:531} WARNING - 25/03/13 02:45:04 INFO DAGScheduler: Job 1 finished: parquet at NativeMethodAccessorImpl.java:0, took 3.174151 s
[2025-03-13T02:45:04.245+0000] {ssh.py:531} WARNING - 25/03/13 02:45:04 INFO FileFormatWriter: Start to commit write Job 8a342f94-5e13-4648-bf91-f26b184f6eea.
[2025-03-13T02:45:05.144+0000] {ssh.py:531} WARNING - 25/03/13 02:45:05 INFO FileFormatWriter: Write Job 8a342f94-5e13-4648-bf91-f26b184f6eea committed. Elapsed time: 893 ms.
[2025-03-13T02:45:05.146+0000] {ssh.py:531} WARNING - 25/03/13 02:45:05 INFO FileFormatWriter: Finished processing stats for write job 8a342f94-5e13-4648-bf91-f26b184f6eea.
[2025-03-13T02:45:05.150+0000] {ssh.py:526} INFO - Parquet 변환 완료! 저장 경로: s3a://de5-finalproj-team2/analytics/team_color_info/2025-03-13
[2025-03-13T02:45:05.194+0000] {ssh.py:531} WARNING - 25/03/13 02:45:05 INFO SparkContext: Invoking stop() from shutdown hook
[2025-03-13T02:45:05.195+0000] {ssh.py:531} WARNING - 25/03/13 02:45:05 INFO SparkContext: SparkContext is stopping with exitCode 0.
[2025-03-13T02:45:05.208+0000] {ssh.py:531} WARNING - 25/03/13 02:45:05 INFO SparkUI: Stopped Spark web UI at http://0.0.0.0:4040
[2025-03-13T02:45:05.220+0000] {ssh.py:531} WARNING - 25/03/13 02:45:05 INFO MapOutputTrackerMasterEndpoint: MapOutputTrackerMasterEndpoint stopped!
[2025-03-13T02:45:05.232+0000] {ssh.py:531} WARNING - 25/03/13 02:45:05 INFO MemoryStore: MemoryStore cleared
[2025-03-13T02:45:05.233+0000] {ssh.py:531} WARNING - 25/03/13 02:45:05 INFO BlockManager: BlockManager stopped
[2025-03-13T02:45:05.235+0000] {ssh.py:531} WARNING - 25/03/13 02:45:05 INFO BlockManagerMaster: BlockManagerMaster stopped
[2025-03-13T02:45:05.238+0000] {ssh.py:531} WARNING - 25/03/13 02:45:05 INFO OutputCommitCoordinator$OutputCommitCoordinatorEndpoint: OutputCommitCoordinator stopped!
[2025-03-13T02:45:05.240+0000] {ssh.py:531} WARNING - 25/03/13 02:45:05 INFO SparkContext: Successfully stopped SparkContext
[2025-03-13T02:45:05.244+0000] {ssh.py:531} WARNING - 25/03/13 02:45:05 INFO ShutdownHookManager: Shutdown hook called
[2025-03-13T02:45:05.244+0000] {ssh.py:531} WARNING - 25/03/13 02:45:05 INFO ShutdownHookManager: Deleting directory /tmp/spark-ef1bd4b0-fe0e-4a68-b34f-debd211bf1e8/pyspark-cc6f6178-a583-42ab-9fa6-6d726a67585c
[2025-03-13T02:45:05.244+0000] {ssh.py:531} WARNING - 25/03/13 02:45:05 INFO ShutdownHookManager: Deleting directory /tmp/spark-ef1bd4b0-fe0e-4a68-b34f-debd211bf1e8
[2025-03-13T02:45:05.247+0000] {ssh.py:531} WARNING - 25/03/13 02:45:05 INFO ShutdownHookManager: Deleting directory /tmp/spark-4040c6f2-3bf8-4389-a8bf-21ef589cdb9e
[2025-03-13T02:45:05.255+0000] {ssh.py:531} WARNING - 25/03/13 02:45:05 INFO MetricsSystemImpl: Stopping s3a-file-system metrics system...
[2025-03-13T02:45:05.258+0000] {ssh.py:531} WARNING - 25/03/13 02:45:05 INFO MetricsSystemImpl: s3a-file-system metrics system stopped.
[2025-03-13T02:45:05.258+0000] {ssh.py:531} WARNING - 25/03/13 02:45:05 INFO MetricsSystemImpl: s3a-file-system metrics system shutdown complete.
[2025-03-13T02:45:05.313+0000] {ssh.py:526} INFO - Spark Job Succeeded!
[2025-03-13T02:45:05.386+0000] {taskinstance.py:441} INFO - ::group::Post task execution logs
[2025-03-13T02:45:05.503+0000] {taskinstance.py:1206} INFO - Marking task as SUCCESS. dag_id=team_color_to_parquet_dag, task_id=submit_spark_via_ssh, run_id=scheduled__2025-03-11T03:25:00+00:00, execution_date=20250311T032500, start_date=20250313T024443, end_date=20250313T024505
[2025-03-13T02:45:05.579+0000] {local_task_job_runner.py:240} INFO - Task exited with return code 0
[2025-03-13T02:45:05.612+0000] {taskinstance.py:3498} INFO - 0 downstream tasks scheduled from follow-on schedule check
[2025-03-13T02:45:05.616+0000] {local_task_job_runner.py:222} INFO - ::endgroup::
