[2025-03-10T13:14:32.170+0000] {local_task_job_runner.py:120} INFO - ::group::Pre task execution logs
[2025-03-10T13:14:32.193+0000] {taskinstance.py:2076} INFO - Dependencies all met for dep_context=non-requeueable deps ti=<TaskInstance: parquet_to_redshift.s3_to_redshift_match_trend_data manual__2025-03-10T13:14:28.099749+00:00 [queued]>
[2025-03-10T13:14:32.202+0000] {taskinstance.py:2076} INFO - Dependencies all met for dep_context=requeueable deps ti=<TaskInstance: parquet_to_redshift.s3_to_redshift_match_trend_data manual__2025-03-10T13:14:28.099749+00:00 [queued]>
[2025-03-10T13:14:32.203+0000] {taskinstance.py:2306} INFO - Starting attempt 1 of 2
[2025-03-10T13:14:32.217+0000] {taskinstance.py:2330} INFO - Executing <Task(S3ToRedshiftOperator): s3_to_redshift_match_trend_data> on 2025-03-10 13:14:28.099749+00:00
[2025-03-10T13:14:32.223+0000] {standard_task_runner.py:63} INFO - Started process 1531 to run task
[2025-03-10T13:14:32.228+0000] {standard_task_runner.py:90} INFO - Running: ['***', 'tasks', 'run', 'parquet_to_redshift', 's3_to_redshift_match_trend_data', 'manual__2025-03-10T13:14:28.099749+00:00', '--job-id', '15', '--raw', '--subdir', 'DAGS_FOLDER/match_info_redshift_dag.py', '--cfg-path', '/tmp/tmpxp00cwik']
[2025-03-10T13:14:32.230+0000] {standard_task_runner.py:91} INFO - Job 15: Subtask s3_to_redshift_match_trend_data
[2025-03-10T13:14:32.293+0000] {task_command.py:426} INFO - Running <TaskInstance: parquet_to_redshift.s3_to_redshift_match_trend_data manual__2025-03-10T13:14:28.099749+00:00 [running]> on host a0d797a25898
[2025-03-10T13:14:32.415+0000] {taskinstance.py:2648} INFO - Exporting env vars: AIRFLOW_CTX_DAG_OWNER='***' AIRFLOW_CTX_DAG_ID='parquet_to_redshift' AIRFLOW_CTX_TASK_ID='s3_to_redshift_match_trend_data' AIRFLOW_CTX_EXECUTION_DATE='2025-03-10T13:14:28.099749+00:00' AIRFLOW_CTX_TRY_NUMBER='1' AIRFLOW_CTX_DAG_RUN_ID='manual__2025-03-10T13:14:28.099749+00:00'
[2025-03-10T13:14:32.416+0000] {taskinstance.py:430} INFO - ::endgroup::
[2025-03-10T13:14:32.446+0000] {base.py:84} INFO - Using connection ID 's3_conn_team' for task execution.
[2025-03-10T13:14:32.459+0000] {base.py:84} INFO - Using connection ID 's3_conn_team' for task execution.
[2025-03-10T13:14:32.460+0000] {connection_wrapper.py:384} INFO - AWS Connection (conn_id='s3_conn_team', conn_type='aws') credentials retrieved from login and password.
[2025-03-10T13:14:32.474+0000] {s3_to_redshift.py:193} INFO - Executing COPY command...
[2025-03-10T13:14:32.486+0000] {base.py:84} INFO - Using connection ID 'redshift_conn_team' for task execution.
[2025-03-10T13:14:32.861+0000] {sql.py:470} INFO - Running statement: CREATE TABLE #match_info (LIKE trend_analytics.match_info INCLUDING DEFAULTS);, parameters: None
[2025-03-10T13:14:32.872+0000] {sql.py:470} INFO - Running statement: 
                    COPY #match_info 
                    FROM 's3://de5-finalproj-team2/trend_analysis/match_data/2025-03-10/'
                    credentials
                    'aws_access_key_id=AKIA4RRVVY55RK5T7HCV;aws_secret_access_key=***'
                    
                    FORMAT AS PARQUET;
        , parameters: None
[2025-03-10T13:14:33.039+0000] {sql.py:470} INFO - Running statement: BEGIN;, parameters: None
[2025-03-10T13:14:33.041+0000] {sql.py:470} INFO - Running statement: DELETE FROM trend_analytics.match_info USING #match_info WHERE match_info.match_id = #match_info.match_id AND match_info.match_date = #match_info.match_date;, parameters: None
[2025-03-10T13:14:33.099+0000] {sql.py:479} INFO - Rows affected: 0
[2025-03-10T13:14:33.100+0000] {sql.py:470} INFO - Running statement: INSERT INTO trend_analytics.match_info SELECT * FROM #match_info;, parameters: None
[2025-03-10T13:14:33.144+0000] {sql.py:479} INFO - Rows affected: 0
[2025-03-10T13:14:33.144+0000] {sql.py:470} INFO - Running statement: COMMIT, parameters: None
[2025-03-10T13:14:33.184+0000] {s3_to_redshift.py:198} INFO - COPY command complete...
[2025-03-10T13:14:33.184+0000] {taskinstance.py:441} INFO - ::group::Post task execution logs
[2025-03-10T13:14:33.202+0000] {taskinstance.py:1206} INFO - Marking task as SUCCESS. dag_id=parquet_to_redshift, task_id=s3_to_redshift_match_trend_data, run_id=manual__2025-03-10T13:14:28.099749+00:00, execution_date=20250310T131428, start_date=20250310T131432, end_date=20250310T131433
[2025-03-10T13:14:33.245+0000] {local_task_job_runner.py:240} INFO - Task exited with return code 0
[2025-03-10T13:14:33.261+0000] {local_task_job_runner.py:222} INFO - ::endgroup::
