[2025-03-14T09:01:42.936+0000] {local_task_job_runner.py:120} INFO - ::group::Pre task execution logs
[2025-03-14T09:01:42.962+0000] {taskinstance.py:2076} INFO - Dependencies all met for dep_context=non-requeueable deps ti=<TaskInstance: daily_team_color_info_update.load_team_color_info_to_redshift scheduled__2025-03-13T03:45:00+00:00 [queued]>
[2025-03-14T09:01:42.976+0000] {taskinstance.py:2076} INFO - Dependencies all met for dep_context=requeueable deps ti=<TaskInstance: daily_team_color_info_update.load_team_color_info_to_redshift scheduled__2025-03-13T03:45:00+00:00 [queued]>
[2025-03-14T09:01:42.976+0000] {taskinstance.py:2306} INFO - Starting attempt 2 of 3
[2025-03-14T09:01:42.997+0000] {taskinstance.py:2330} INFO - Executing <Task(S3ToRedshiftOperator): load_team_color_info_to_redshift> on 2025-03-13 03:45:00+00:00
[2025-03-14T09:01:43.008+0000] {standard_task_runner.py:63} INFO - Started process 34472 to run task
[2025-03-14T09:01:43.013+0000] {standard_task_runner.py:90} INFO - Running: ['***', 'tasks', 'run', 'daily_team_color_info_update', 'load_team_color_info_to_redshift', 'scheduled__2025-03-13T03:45:00+00:00', '--job-id', '211', '--raw', '--subdir', 'DAGS_FOLDER/team_color_info_to_redshift.py', '--cfg-path', '/tmp/tmpma5gyzqc']
[2025-03-14T09:01:43.016+0000] {standard_task_runner.py:91} INFO - Job 211: Subtask load_team_color_info_to_redshift
[2025-03-14T09:01:43.114+0000] {task_command.py:426} INFO - Running <TaskInstance: daily_team_color_info_update.load_team_color_info_to_redshift scheduled__2025-03-13T03:45:00+00:00 [running]> on host a0d797a25898
[2025-03-14T09:01:43.430+0000] {taskinstance.py:2648} INFO - Exporting env vars: AIRFLOW_CTX_DAG_OWNER='***' AIRFLOW_CTX_DAG_ID='daily_team_color_info_update' AIRFLOW_CTX_TASK_ID='load_team_color_info_to_redshift' AIRFLOW_CTX_EXECUTION_DATE='2025-03-13T03:45:00+00:00' AIRFLOW_CTX_TRY_NUMBER='2' AIRFLOW_CTX_DAG_RUN_ID='scheduled__2025-03-13T03:45:00+00:00'
[2025-03-14T09:01:43.438+0000] {taskinstance.py:430} INFO - ::endgroup::
[2025-03-14T09:01:43.500+0000] {base.py:84} INFO - Using connection ID 's3_conn_team' for task execution.
[2025-03-14T09:01:43.535+0000] {base.py:84} INFO - Using connection ID 's3_conn_team' for task execution.
[2025-03-14T09:01:43.538+0000] {connection_wrapper.py:384} INFO - AWS Connection (conn_id='s3_conn_team', conn_type='aws') credentials retrieved from login and password.
[2025-03-14T09:01:43.568+0000] {s3_to_redshift.py:193} INFO - Executing COPY command...
[2025-03-14T09:01:43.601+0000] {base.py:84} INFO - Using connection ID 'redshift_conn_team' for task execution.
[2025-03-14T09:01:44.289+0000] {sql.py:470} INFO - Running statement: BEGIN;, parameters: None
[2025-03-14T09:01:44.294+0000] {sql.py:470} INFO - Running statement: DELETE FROM raw_data.team_color_info;, parameters: None
[2025-03-14T09:01:44.320+0000] {sql.py:479} INFO - Rows affected: 10475
[2025-03-14T09:01:44.320+0000] {sql.py:470} INFO - Running statement: 
                    COPY raw_data.team_color_info 
                    FROM 's3://de5-finalproj-team2/analytics/team_color_info/2025-03-14/'
                    credentials
                    'aws_access_key_id=AKIA4RRVVY55RK5T7HCV;aws_secret_access_key=***'
                    
                    FORMAT AS PARQUET;
        , parameters: None
[2025-03-14T09:01:44.765+0000] {sql.py:470} INFO - Running statement: COMMIT, parameters: None
[2025-03-14T09:01:44.805+0000] {s3_to_redshift.py:198} INFO - COPY command complete...
[2025-03-14T09:01:44.806+0000] {taskinstance.py:441} INFO - ::group::Post task execution logs
[2025-03-14T09:01:44.828+0000] {taskinstance.py:1206} INFO - Marking task as SUCCESS. dag_id=daily_team_color_info_update, task_id=load_team_color_info_to_redshift, run_id=scheduled__2025-03-13T03:45:00+00:00, execution_date=20250313T034500, start_date=20250314T090142, end_date=20250314T090144
[2025-03-14T09:01:44.878+0000] {local_task_job_runner.py:240} INFO - Task exited with return code 0
[2025-03-14T09:01:44.906+0000] {taskinstance.py:3498} INFO - 0 downstream tasks scheduled from follow-on schedule check
[2025-03-14T09:01:44.909+0000] {local_task_job_runner.py:222} INFO - ::endgroup::
