[2025-03-14T01:46:10.341+0000] {local_task_job_runner.py:120} INFO - ::group::Pre task execution logs
[2025-03-14T01:46:10.399+0000] {taskinstance.py:2076} INFO - Dependencies all met for dep_context=non-requeueable deps ti=<TaskInstance: team_color_to_parquet_dag.submit_spark_via_ssh manual__2025-03-14T01:46:06.943024+00:00 [queued]>
[2025-03-14T01:46:10.418+0000] {taskinstance.py:2076} INFO - Dependencies all met for dep_context=requeueable deps ti=<TaskInstance: team_color_to_parquet_dag.submit_spark_via_ssh manual__2025-03-14T01:46:06.943024+00:00 [queued]>
[2025-03-14T01:46:10.418+0000] {taskinstance.py:2306} INFO - Starting attempt 1 of 2
[2025-03-14T01:46:10.444+0000] {taskinstance.py:2330} INFO - Executing <Task(SSHOperator): submit_spark_via_ssh> on 2025-03-14 01:46:06.943024+00:00
[2025-03-14T01:46:10.455+0000] {standard_task_runner.py:63} INFO - Started process 6530 to run task
[2025-03-14T01:46:10.466+0000] {standard_task_runner.py:90} INFO - Running: ['***', 'tasks', 'run', 'team_color_to_parquet_dag', 'submit_spark_via_ssh', 'manual__2025-03-14T01:46:06.943024+00:00', '--job-id', '164', '--raw', '--subdir', 'DAGS_FOLDER/team_color_to_parquet_dag.py', '--cfg-path', '/tmp/tmpfdys788x']
[2025-03-14T01:46:10.471+0000] {standard_task_runner.py:91} INFO - Job 164: Subtask submit_spark_via_ssh
[2025-03-14T01:46:10.580+0000] {task_command.py:426} INFO - Running <TaskInstance: team_color_to_parquet_dag.submit_spark_via_ssh manual__2025-03-14T01:46:06.943024+00:00 [running]> on host a0d797a25898
[2025-03-14T01:46:10.990+0000] {taskinstance.py:2648} INFO - Exporting env vars: AIRFLOW_CTX_DAG_OWNER='***' AIRFLOW_CTX_DAG_ID='team_color_to_parquet_dag' AIRFLOW_CTX_TASK_ID='submit_spark_via_ssh' AIRFLOW_CTX_EXECUTION_DATE='2025-03-14T01:46:06.943024+00:00' AIRFLOW_CTX_TRY_NUMBER='1' AIRFLOW_CTX_DAG_RUN_ID='manual__2025-03-14T01:46:06.943024+00:00'
[2025-03-14T01:46:10.993+0000] {taskinstance.py:430} INFO - ::endgroup::
[2025-03-14T01:46:11.059+0000] {ssh.py:151} INFO - Creating ssh_client
[2025-03-14T01:46:11.060+0000] {ssh.py:124} INFO - ssh_hook is not provided or invalid. Trying ssh_conn_id to create SSHHook.
[2025-03-14T01:46:11.118+0000] {base.py:84} INFO - Using connection ID 'spark_ssh_conn' for task execution.
[2025-03-14T01:46:11.125+0000] {ssh.py:301} WARNING - No Host Key Verification. This won't protect against Man-In-The-Middle attacks
[2025-03-14T01:46:11.137+0000] {transport.py:1909} INFO - Connected (version 2.0, client OpenSSH_9.6p1)
[2025-03-14T01:46:11.382+0000] {transport.py:1909} INFO - Authentication (publickey) successful!
[2025-03-14T01:46:11.383+0000] {ssh.py:480} INFO - Running command: 
    set -e
    echo "Starting Spark Job on 2025-03-14"
    /spark-3.5.3/bin/spark-submit /home/ubuntu/spark_scripts/team_color_to_parquet.py 2025-03-14
    exit_code=$?

    if [ $exit_code -ne 0 ]; then
        echo "Spark Job Failed! Check logs."
        exit 1
    else
        echo "Spark Job Succeeded!"
    fi
    
[2025-03-14T01:46:11.527+0000] {ssh.py:526} INFO - Starting Spark Job on 2025-03-14
[2025-03-14T01:46:16.451+0000] {ssh.py:531} WARNING - 25/03/14 01:46:16 INFO SparkContext: Running Spark version 3.5.3
[2025-03-14T01:46:16.453+0000] {ssh.py:531} WARNING - 25/03/14 01:46:16 INFO SparkContext: OS info Linux, 6.8.0-1024-aws, amd64
[2025-03-14T01:46:16.454+0000] {ssh.py:531} WARNING - 25/03/14 01:46:16 INFO SparkContext: Java version 11.0.26
[2025-03-14T01:46:16.586+0000] {ssh.py:531} WARNING - 25/03/14 01:46:16 WARN NativeCodeLoader: Unable to load native-hadoop library for your platform... using builtin-java classes where applicable
[2025-03-14T01:46:16.784+0000] {ssh.py:531} WARNING - 25/03/14 01:46:16 INFO ResourceUtils: ==============================================================
[2025-03-14T01:46:16.785+0000] {ssh.py:531} WARNING - 25/03/14 01:46:16 INFO ResourceUtils: No custom resources configured for spark.driver.
[2025-03-14T01:46:16.785+0000] {ssh.py:531} WARNING - 25/03/14 01:46:16 INFO ResourceUtils: ==============================================================
[2025-03-14T01:46:16.786+0000] {ssh.py:531} WARNING - 25/03/14 01:46:16 INFO SparkContext: Submitted application: Extract_Team_Color_Info
[2025-03-14T01:46:16.821+0000] {ssh.py:531} WARNING - 25/03/14 01:46:16 INFO ResourceProfile: Default ResourceProfile created, executor resources: Map(cores -> name: cores, amount: 1, script: , vendor: , memory -> name: memory, amount: 1024, script: , vendor: , offHeap -> name: offHeap, amount: 0, script: , vendor: ), task resources: Map(cpus -> name: cpus, amount: 1.0)
[2025-03-14T01:46:16.847+0000] {ssh.py:531} WARNING - 25/03/14 01:46:16 INFO ResourceProfile: Limiting resource is cpus at 1 tasks per executor
[2025-03-14T01:46:16.853+0000] {ssh.py:531} WARNING - 25/03/14 01:46:16 INFO ResourceProfileManager: Added ResourceProfile id: 0
[2025-03-14T01:46:16.948+0000] {ssh.py:531} WARNING - 25/03/14 01:46:16 INFO SecurityManager: Changing view acls to: ubuntu
[2025-03-14T01:46:16.949+0000] {ssh.py:531} WARNING - 25/03/14 01:46:16 INFO SecurityManager: Changing modify acls to: ubuntu
[2025-03-14T01:46:16.950+0000] {ssh.py:531} WARNING - 25/03/14 01:46:16 INFO SecurityManager: Changing view acls groups to: 
[2025-03-14T01:46:16.950+0000] {ssh.py:531} WARNING - 25/03/14 01:46:16 INFO SecurityManager: Changing modify acls groups to: 
[2025-03-14T01:46:16.950+0000] {ssh.py:531} WARNING - 25/03/14 01:46:16 INFO SecurityManager: SecurityManager: authentication disabled; ui acls disabled; users with view permissions: ubuntu; groups with view permissions: EMPTY; users with modify permissions: ubuntu; groups with modify permissions: EMPTY
[2025-03-14T01:46:17.431+0000] {ssh.py:531} WARNING - 25/03/14 01:46:17 INFO Utils: Successfully started service 'sparkDriver' on port 40129.
[2025-03-14T01:46:17.478+0000] {ssh.py:531} WARNING - 25/03/14 01:46:17 INFO SparkEnv: Registering MapOutputTracker
[2025-03-14T01:46:17.529+0000] {ssh.py:531} WARNING - 25/03/14 01:46:17 INFO SparkEnv: Registering BlockManagerMaster
[2025-03-14T01:46:17.591+0000] {ssh.py:531} WARNING - 25/03/14 01:46:17 INFO BlockManagerMasterEndpoint: Using org.apache.spark.storage.DefaultTopologyMapper for getting topology information
[2025-03-14T01:46:17.591+0000] {ssh.py:531} WARNING - 25/03/14 01:46:17 INFO BlockManagerMasterEndpoint: BlockManagerMasterEndpoint up
[2025-03-14T01:46:17.598+0000] {ssh.py:531} WARNING - 25/03/14 01:46:17 INFO SparkEnv: Registering BlockManagerMasterHeartbeat
[2025-03-14T01:46:17.645+0000] {ssh.py:531} WARNING - 25/03/14 01:46:17 INFO DiskBlockManager: Created local directory at /tmp/blockmgr-32feac7a-b790-4d9a-9aa8-dd7ee16df419
[2025-03-14T01:46:17.673+0000] {ssh.py:531} WARNING - 25/03/14 01:46:17 INFO MemoryStore: MemoryStore started with capacity 434.4 MiB
[2025-03-14T01:46:17.708+0000] {ssh.py:531} WARNING - 25/03/14 01:46:17 INFO SparkEnv: Registering OutputCommitCoordinator
[2025-03-14T01:46:18.005+0000] {ssh.py:531} WARNING - 25/03/14 01:46:17 INFO JettyUtils: Start Jetty 0.0.0.0:4040 for SparkUI
[2025-03-14T01:46:18.095+0000] {ssh.py:531} WARNING - 25/03/14 01:46:17 INFO Utils: Successfully started service 'SparkUI' on port 4040.
[2025-03-14T01:46:18.306+0000] {ssh.py:531} WARNING - 25/03/14 01:46:18 INFO Executor: Starting executor ID driver on host ip-172-31-12-182.ap-northeast-2.compute.internal
[2025-03-14T01:46:18.307+0000] {ssh.py:531} WARNING - 25/03/14 01:46:18 INFO Executor: OS info Linux, 6.8.0-1024-aws, amd64
[2025-03-14T01:46:18.307+0000] {ssh.py:531} WARNING - 25/03/14 01:46:18 INFO Executor: Java version 11.0.26
[2025-03-14T01:46:18.321+0000] {ssh.py:531} WARNING - 25/03/14 01:46:18 INFO Executor: Starting executor with user classpath (userClassPathFirst = false): ''
[2025-03-14T01:46:18.321+0000] {ssh.py:531} WARNING - 25/03/14 01:46:18 INFO Executor: Created or updated repl class loader org.apache.spark.util.MutableURLClassLoader@53d265d9 for default.
[2025-03-14T01:46:18.365+0000] {ssh.py:531} WARNING - 25/03/14 01:46:18 INFO Utils: Successfully started service 'org.apache.spark.network.netty.NettyBlockTransferService' on port 43757.
[2025-03-14T01:46:18.366+0000] {ssh.py:531} WARNING - 25/03/14 01:46:18 INFO NettyBlockTransferService: Server created on 0.0.0.0:43757
[2025-03-14T01:46:18.369+0000] {ssh.py:531} WARNING - 25/03/14 01:46:18 INFO BlockManager: Using org.apache.spark.storage.RandomBlockReplicationPolicy for block replication policy
[2025-03-14T01:46:18.393+0000] {ssh.py:531} WARNING - 25/03/14 01:46:18 INFO BlockManagerMaster: Registering BlockManager BlockManagerId(driver, 0.0.0.0, 43757, None)
[2025-03-14T01:46:18.400+0000] {ssh.py:531} WARNING - 25/03/14 01:46:18 INFO BlockManagerMasterEndpoint: Registering block manager 0.0.0.0:43757 with 434.4 MiB RAM, BlockManagerId(driver, 0.0.0.0, 43757, None)
[2025-03-14T01:46:18.403+0000] {ssh.py:531} WARNING - 25/03/14 01:46:18 INFO BlockManagerMaster: Registered BlockManager BlockManagerId(driver, 0.0.0.0, 43757, None)
[2025-03-14T01:46:18.407+0000] {ssh.py:531} WARNING - 25/03/14 01:46:18 INFO BlockManager: Initialized BlockManager: BlockManagerId(driver, 0.0.0.0, 43757, None)
[2025-03-14T01:46:19.239+0000] {ssh.py:531} WARNING - 25/03/14 01:46:19 INFO SharedState: Setting hive.metastore.warehouse.dir ('null') to the value of spark.sql.warehouse.dir.
[2025-03-14T01:46:19.252+0000] {ssh.py:531} WARNING - 25/03/14 01:46:19 INFO SharedState: Warehouse path is 'file:/home/ubuntu/spark-warehouse'.
[2025-03-14T01:46:20.575+0000] {ssh.py:531} WARNING - 25/03/14 01:46:20 WARN MetricsConfig: Cannot locate configuration: tried hadoop-metrics2-s3a-file-system.properties,hadoop-metrics2.properties
[2025-03-14T01:46:20.598+0000] {ssh.py:531} WARNING - 25/03/14 01:46:20 INFO MetricsSystemImpl: Scheduled Metric snapshot period at 10 second(s).
[2025-03-14T01:46:20.599+0000] {ssh.py:531} WARNING - 25/03/14 01:46:20 INFO MetricsSystemImpl: s3a-file-system metrics system started
[2025-03-14T01:46:22.280+0000] {ssh.py:531} WARNING - 25/03/14 01:46:22 INFO InMemoryFileIndex: It took 151 ms to list leaf files for 1 paths.
[2025-03-14T01:46:22.446+0000] {ssh.py:531} WARNING - 25/03/14 01:46:22 INFO InMemoryFileIndex: It took 51 ms to list leaf files for 1 paths.
[2025-03-14T01:46:25.957+0000] {ssh.py:531} WARNING - 25/03/14 01:46:25 INFO FileSourceStrategy: Pushed Filters: 
[2025-03-14T01:46:25.961+0000] {ssh.py:531} WARNING - 25/03/14 01:46:25 INFO FileSourceStrategy: Post-Scan Filters: (length(trim(value#0, None)) > 0)
[2025-03-14T01:46:26.885+0000] {ssh.py:531} WARNING - 25/03/14 01:46:26 INFO CodeGenerator: Code generated in 345.360452 ms
[2025-03-14T01:46:26.963+0000] {ssh.py:531} WARNING - 25/03/14 01:46:26 INFO MemoryStore: Block broadcast_0 stored as values in memory (estimated size 201.2 KiB, free 434.2 MiB)
[2025-03-14T01:46:27.090+0000] {ssh.py:531} WARNING - 25/03/14 01:46:27 INFO MemoryStore: Block broadcast_0_piece0 stored as bytes in memory (estimated size 34.8 KiB, free 434.2 MiB)
[2025-03-14T01:46:27.094+0000] {ssh.py:531} WARNING - 25/03/14 01:46:27 INFO BlockManagerInfo: Added broadcast_0_piece0 in memory on 0.0.0.0:43757 (size: 34.8 KiB, free: 434.4 MiB)
[2025-03-14T01:46:27.103+0000] {ssh.py:531} WARNING - 25/03/14 01:46:27 INFO SparkContext: Created broadcast 0 from csv at NativeMethodAccessorImpl.java:0
[2025-03-14T01:46:27.155+0000] {ssh.py:531} WARNING - 25/03/14 01:46:27 INFO FileSourceScanExec: Planning scan with bin packing, max size: 4194304 bytes, open cost is considered as scanning 4194304 bytes.
[2025-03-14T01:46:27.351+0000] {ssh.py:531} WARNING - 25/03/14 01:46:27 INFO SparkContext: Starting job: csv at NativeMethodAccessorImpl.java:0
[2025-03-14T01:46:27.374+0000] {ssh.py:531} WARNING - 25/03/14 01:46:27 INFO DAGScheduler: Got job 0 (csv at NativeMethodAccessorImpl.java:0) with 1 output partitions
[2025-03-14T01:46:27.375+0000] {ssh.py:531} WARNING - 25/03/14 01:46:27 INFO DAGScheduler: Final stage: ResultStage 0 (csv at NativeMethodAccessorImpl.java:0)
[2025-03-14T01:46:27.376+0000] {ssh.py:531} WARNING - 25/03/14 01:46:27 INFO DAGScheduler: Parents of final stage: List()
[2025-03-14T01:46:27.382+0000] {ssh.py:531} WARNING - 25/03/14 01:46:27 INFO DAGScheduler: Missing parents: List()
[2025-03-14T01:46:27.391+0000] {ssh.py:531} WARNING - 25/03/14 01:46:27 INFO DAGScheduler: Submitting ResultStage 0 (MapPartitionsRDD[3] at csv at NativeMethodAccessorImpl.java:0), which has no missing parents
[2025-03-14T01:46:27.539+0000] {ssh.py:531} WARNING - 25/03/14 01:46:27 INFO MemoryStore: Block broadcast_1 stored as values in memory (estimated size 13.5 KiB, free 434.2 MiB)
[2025-03-14T01:46:27.570+0000] {ssh.py:531} WARNING - 25/03/14 01:46:27 INFO MemoryStore: Block broadcast_1_piece0 stored as bytes in memory (estimated size 6.4 KiB, free 434.2 MiB)
[2025-03-14T01:46:27.571+0000] {ssh.py:531} WARNING - 25/03/14 01:46:27 INFO BlockManagerInfo: Added broadcast_1_piece0 in memory on 0.0.0.0:43757 (size: 6.4 KiB, free: 434.4 MiB)
[2025-03-14T01:46:27.573+0000] {ssh.py:531} WARNING - 25/03/14 01:46:27 INFO SparkContext: Created broadcast 1 from broadcast at DAGScheduler.scala:1585
[2025-03-14T01:46:27.620+0000] {ssh.py:531} WARNING - 25/03/14 01:46:27 INFO DAGScheduler: Submitting 1 missing tasks from ResultStage 0 (MapPartitionsRDD[3] at csv at NativeMethodAccessorImpl.java:0) (first 15 tasks are for partitions Vector(0))
[2025-03-14T01:46:27.626+0000] {ssh.py:531} WARNING - 25/03/14 01:46:27 INFO TaskSchedulerImpl: Adding task set 0.0 with 1 tasks resource profile 0
[2025-03-14T01:46:27.778+0000] {ssh.py:531} WARNING - 25/03/14 01:46:27 INFO TaskSetManager: Starting task 0.0 in stage 0.0 (TID 0) (ip-172-31-12-182.ap-northeast-2.compute.internal, executor driver, partition 0, PROCESS_LOCAL, 9640 bytes) 
[2025-03-14T01:46:27.806+0000] {ssh.py:531} WARNING - 25/03/14 01:46:27 INFO Executor: Running task 0.0 in stage 0.0 (TID 0)
[2025-03-14T01:46:28.045+0000] {ssh.py:531} WARNING - 25/03/14 01:46:28 INFO CodeGenerator: Code generated in 32.218813 ms
[2025-03-14T01:46:28.053+0000] {ssh.py:531} WARNING - 25/03/14 01:46:28 INFO FileScanRDD: Reading File path: s3a://de5-finalproj-team2/crawl/2025-03-14/crawl_result_processed_20250314.csv, range: 0-1154758, partition values: [empty row]
[2025-03-14T01:46:28.088+0000] {ssh.py:531} WARNING - 25/03/14 01:46:28 INFO CodeGenerator: Code generated in 27.522306 ms
[2025-03-14T01:46:28.189+0000] {ssh.py:531} WARNING - 25/03/14 01:46:28 INFO LineRecordReader: Found UTF-8 BOM and skipped it
[2025-03-14T01:46:28.293+0000] {ssh.py:531} WARNING - 25/03/14 01:46:28 INFO Executor: Finished task 0.0 in stage 0.0 (TID 0). 1756 bytes result sent to driver
[2025-03-14T01:46:28.324+0000] {ssh.py:531} WARNING - 25/03/14 01:46:28 INFO TaskSetManager: Finished task 0.0 in stage 0.0 (TID 0) in 577 ms on ip-172-31-12-182.ap-northeast-2.compute.internal (executor driver) (1/1)
[2025-03-14T01:46:28.333+0000] {ssh.py:531} WARNING - 25/03/14 01:46:28 INFO TaskSchedulerImpl: Removed TaskSet 0.0, whose tasks have all completed, from pool 
[2025-03-14T01:46:28.372+0000] {ssh.py:531} WARNING - 25/03/14 01:46:28 INFO DAGScheduler: ResultStage 0 (csv at NativeMethodAccessorImpl.java:0) finished in 0.943 s
[2025-03-14T01:46:28.388+0000] {ssh.py:531} WARNING - 25/03/14 01:46:28 INFO DAGScheduler: Job 0 is finished. Cancelling potential speculative or zombie tasks for this job
[2025-03-14T01:46:28.388+0000] {ssh.py:531} WARNING - 25/03/14 01:46:28 INFO TaskSchedulerImpl: Killing all running tasks in stage 0: Stage finished
[2025-03-14T01:46:28.394+0000] {ssh.py:531} WARNING - 25/03/14 01:46:28 INFO DAGScheduler: Job 0 finished: csv at NativeMethodAccessorImpl.java:0, took 1.043013 s
[2025-03-14T01:46:28.460+0000] {ssh.py:531} WARNING - 25/03/14 01:46:28 INFO CodeGenerator: Code generated in 26.501545 ms
[2025-03-14T01:46:28.565+0000] {ssh.py:531} WARNING - 25/03/14 01:46:28 INFO FileSourceStrategy: Pushed Filters: 
[2025-03-14T01:46:28.566+0000] {ssh.py:531} WARNING - 25/03/14 01:46:28 INFO FileSourceStrategy: Post-Scan Filters: 
[2025-03-14T01:46:28.586+0000] {ssh.py:531} WARNING - 25/03/14 01:46:28 INFO MemoryStore: Block broadcast_2 stored as values in memory (estimated size 201.2 KiB, free 434.0 MiB)
[2025-03-14T01:46:28.654+0000] {ssh.py:531} WARNING - 25/03/14 01:46:28 INFO MemoryStore: Block broadcast_2_piece0 stored as bytes in memory (estimated size 34.8 KiB, free 433.9 MiB)
[2025-03-14T01:46:28.667+0000] {ssh.py:531} WARNING - 25/03/14 01:46:28 INFO BlockManagerInfo: Added broadcast_2_piece0 in memory on 0.0.0.0:43757 (size: 34.8 KiB, free: 434.3 MiB)
[2025-03-14T01:46:28.675+0000] {ssh.py:531} WARNING - 25/03/14 01:46:28 INFO SparkContext: Created broadcast 2 from csv at NativeMethodAccessorImpl.java:0
[2025-03-14T01:46:28.687+0000] {ssh.py:531} WARNING - 25/03/14 01:46:28 INFO FileSourceScanExec: Planning scan with bin packing, max size: 4194304 bytes, open cost is considered as scanning 4194304 bytes.
[2025-03-14T01:46:28.723+0000] {ssh.py:531} WARNING - 25/03/14 01:46:28 INFO BlockManagerInfo: Removed broadcast_1_piece0 on 0.0.0.0:43757 in memory (size: 6.4 KiB, free: 434.3 MiB)
[2025-03-14T01:46:29.363+0000] {ssh.py:531} WARNING - 25/03/14 01:46:29 INFO FileSourceStrategy: Pushed Filters: 
[2025-03-14T01:46:29.364+0000] {ssh.py:531} WARNING - 25/03/14 01:46:29 INFO FileSourceStrategy: Post-Scan Filters: 
[2025-03-14T01:46:29.909+0000] {ssh.py:531} WARNING - 25/03/14 01:46:29 INFO ParquetUtils: Using default output committer for Parquet: org.apache.parquet.hadoop.ParquetOutputCommitter
[2025-03-14T01:46:29.934+0000] {ssh.py:531} WARNING - 25/03/14 01:46:29 INFO FileOutputCommitter: File Output Committer Algorithm version is 1
[2025-03-14T01:46:29.935+0000] {ssh.py:531} WARNING - 25/03/14 01:46:29 INFO FileOutputCommitter: FileOutputCommitter skip cleanup _temporary folders under output directory:false, ignore cleanup failures: false
[2025-03-14T01:46:29.937+0000] {ssh.py:531} WARNING - 25/03/14 01:46:29 INFO SQLHadoopMapReduceCommitProtocol: Using user defined output committer class org.apache.parquet.hadoop.ParquetOutputCommitter
[2025-03-14T01:46:29.937+0000] {ssh.py:531} WARNING - 25/03/14 01:46:29 INFO FileOutputCommitter: File Output Committer Algorithm version is 1
[2025-03-14T01:46:29.938+0000] {ssh.py:531} WARNING - 25/03/14 01:46:29 INFO FileOutputCommitter: FileOutputCommitter skip cleanup _temporary folders under output directory:false, ignore cleanup failures: false
[2025-03-14T01:46:29.940+0000] {ssh.py:531} WARNING - 25/03/14 01:46:29 INFO SQLHadoopMapReduceCommitProtocol: Using output committer class org.apache.parquet.hadoop.ParquetOutputCommitter
[2025-03-14T01:46:30.385+0000] {ssh.py:531} WARNING - 25/03/14 01:46:30 INFO CodeGenerator: Code generated in 112.836981 ms
[2025-03-14T01:46:30.428+0000] {ssh.py:531} WARNING - 25/03/14 01:46:30 INFO MemoryStore: Block broadcast_3 stored as values in memory (estimated size 201.1 KiB, free 433.7 MiB)
[2025-03-14T01:46:30.454+0000] {ssh.py:531} WARNING - 25/03/14 01:46:30 INFO MemoryStore: Block broadcast_3_piece0 stored as bytes in memory (estimated size 34.8 KiB, free 433.7 MiB)
[2025-03-14T01:46:30.455+0000] {ssh.py:531} WARNING - 25/03/14 01:46:30 INFO BlockManagerInfo: Added broadcast_3_piece0 in memory on 0.0.0.0:43757 (size: 34.8 KiB, free: 434.3 MiB)
[2025-03-14T01:46:30.456+0000] {ssh.py:531} WARNING - 25/03/14 01:46:30 INFO SparkContext: Created broadcast 3 from parquet at NativeMethodAccessorImpl.java:0
[2025-03-14T01:46:30.465+0000] {ssh.py:531} WARNING - 25/03/14 01:46:30 INFO FileSourceScanExec: Planning scan with bin packing, max size: 4194304 bytes, open cost is considered as scanning 4194304 bytes.
[2025-03-14T01:46:30.488+0000] {ssh.py:531} WARNING - 25/03/14 01:46:30 INFO SparkContext: Starting job: parquet at NativeMethodAccessorImpl.java:0
[2025-03-14T01:46:30.490+0000] {ssh.py:531} WARNING - 25/03/14 01:46:30 INFO DAGScheduler: Got job 1 (parquet at NativeMethodAccessorImpl.java:0) with 1 output partitions
[2025-03-14T01:46:30.490+0000] {ssh.py:531} WARNING - 25/03/14 01:46:30 INFO DAGScheduler: Final stage: ResultStage 1 (parquet at NativeMethodAccessorImpl.java:0)
[2025-03-14T01:46:30.491+0000] {ssh.py:531} WARNING - 25/03/14 01:46:30 INFO DAGScheduler: Parents of final stage: List()
[2025-03-14T01:46:30.491+0000] {ssh.py:531} WARNING - 25/03/14 01:46:30 INFO DAGScheduler: Missing parents: List()
[2025-03-14T01:46:30.494+0000] {ssh.py:531} WARNING - 25/03/14 01:46:30 INFO DAGScheduler: Submitting ResultStage 1 (MapPartitionsRDD[13] at parquet at NativeMethodAccessorImpl.java:0), which has no missing parents
[2025-03-14T01:46:30.557+0000] {ssh.py:531} WARNING - 25/03/14 01:46:30 INFO MemoryStore: Block broadcast_4 stored as values in memory (estimated size 222.3 KiB, free 433.5 MiB)
[2025-03-14T01:46:30.580+0000] {ssh.py:531} WARNING - 25/03/14 01:46:30 INFO MemoryStore: Block broadcast_4_piece0 stored as bytes in memory (estimated size 80.4 KiB, free 433.4 MiB)
[2025-03-14T01:46:30.584+0000] {ssh.py:531} WARNING - 25/03/14 01:46:30 INFO BlockManagerInfo: Added broadcast_4_piece0 in memory on 0.0.0.0:43757 (size: 80.4 KiB, free: 434.2 MiB)
[2025-03-14T01:46:30.586+0000] {ssh.py:531} WARNING - 25/03/14 01:46:30 INFO SparkContext: Created broadcast 4 from broadcast at DAGScheduler.scala:1585
[2025-03-14T01:46:30.591+0000] {ssh.py:531} WARNING - 25/03/14 01:46:30 INFO DAGScheduler: Submitting 1 missing tasks from ResultStage 1 (MapPartitionsRDD[13] at parquet at NativeMethodAccessorImpl.java:0) (first 15 tasks are for partitions Vector(0))
[2025-03-14T01:46:30.591+0000] {ssh.py:531} WARNING - 25/03/14 01:46:30 INFO TaskSchedulerImpl: Adding task set 1.0 with 1 tasks resource profile 0
[2025-03-14T01:46:30.595+0000] {ssh.py:531} WARNING - 25/03/14 01:46:30 INFO TaskSetManager: Starting task 0.0 in stage 1.0 (TID 1) (ip-172-31-12-182.ap-northeast-2.compute.internal, executor driver, partition 0, PROCESS_LOCAL, 9640 bytes) 
[2025-03-14T01:46:30.606+0000] {ssh.py:531} WARNING - 25/03/14 01:46:30 INFO Executor: Running task 0.0 in stage 1.0 (TID 1)
[2025-03-14T01:46:30.849+0000] {ssh.py:531} WARNING - 25/03/14 01:46:30 INFO CodeGenerator: Code generated in 109.971901 ms
[2025-03-14T01:46:30.855+0000] {ssh.py:531} WARNING - 25/03/14 01:46:30 INFO BlockManagerInfo: Removed broadcast_0_piece0 on 0.0.0.0:43757 in memory (size: 34.8 KiB, free: 434.3 MiB)
[2025-03-14T01:46:30.861+0000] {ssh.py:531} WARNING - 25/03/14 01:46:30 INFO FileOutputCommitter: File Output Committer Algorithm version is 1
[2025-03-14T01:46:30.861+0000] {ssh.py:531} WARNING - 25/03/14 01:46:30 INFO FileOutputCommitter: FileOutputCommitter skip cleanup _temporary folders under output directory:false, ignore cleanup failures: false
[2025-03-14T01:46:30.861+0000] {ssh.py:531} WARNING - 25/03/14 01:46:30 INFO SQLHadoopMapReduceCommitProtocol: Using user defined output committer class org.apache.parquet.hadoop.ParquetOutputCommitter
[2025-03-14T01:46:30.862+0000] {ssh.py:531} WARNING - 25/03/14 01:46:30 INFO FileOutputCommitter: File Output Committer Algorithm version is 1
[2025-03-14T01:46:30.862+0000] {ssh.py:531} WARNING - 25/03/14 01:46:30 INFO FileOutputCommitter: FileOutputCommitter skip cleanup _temporary folders under output directory:false, ignore cleanup failures: false
[2025-03-14T01:46:30.862+0000] {ssh.py:531} WARNING - 25/03/14 01:46:30 INFO SQLHadoopMapReduceCommitProtocol: Using output committer class org.apache.parquet.hadoop.ParquetOutputCommitter
[2025-03-14T01:46:30.885+0000] {ssh.py:531} WARNING - 25/03/14 01:46:30 INFO CodecConfig: Compression: SNAPPY
[2025-03-14T01:46:30.899+0000] {ssh.py:531} WARNING - 25/03/14 01:46:30 INFO CodecConfig: Compression: SNAPPY
[2025-03-14T01:46:30.933+0000] {ssh.py:531} WARNING - 25/03/14 01:46:30 INFO ParquetOutputFormat: ParquetRecordWriter [block size: 134217728b, row group padding size: 8388608b, validating: false]
[2025-03-14T01:46:30.969+0000] {ssh.py:531} WARNING - 25/03/14 01:46:30 INFO ParquetWriteSupport: Initialized Parquet WriteSupport with Catalyst schema:
[2025-03-14T01:46:30.970+0000] {ssh.py:531} WARNING - {
[2025-03-14T01:46:30.970+0000] {ssh.py:531} WARNING -   "type" : "struct",
[2025-03-14T01:46:30.970+0000] {ssh.py:531} WARNING -   "fields" : [ {
[2025-03-14T01:46:30.971+0000] {ssh.py:531} WARNING -     "name" : "gamer_nickname",
[2025-03-14T01:46:30.971+0000] {ssh.py:531} WARNING -     "type" : "string",
[2025-03-14T01:46:30.971+0000] {ssh.py:531} WARNING -     "nullable" : true,
[2025-03-14T01:46:30.971+0000] {ssh.py:531} WARNING -     "metadata" : { }
[2025-03-14T01:46:30.972+0000] {ssh.py:531} WARNING -   }, {
[2025-03-14T01:46:30.972+0000] {ssh.py:531} WARNING -     "name" : "team_color",
[2025-03-14T01:46:30.972+0000] {ssh.py:531} WARNING -     "type" : "string",
[2025-03-14T01:46:30.972+0000] {ssh.py:531} WARNING -     "nullable" : false,
[2025-03-14T01:46:30.973+0000] {ssh.py:531} WARNING -     "metadata" : { }
[2025-03-14T01:46:30.973+0000] {ssh.py:531} WARNING -   }, {
[2025-03-14T01:46:30.973+0000] {ssh.py:531} WARNING -     "name" : "team_count",
[2025-03-14T01:46:30.973+0000] {ssh.py:531} WARNING -     "type" : "integer",
[2025-03-14T01:46:30.973+0000] {ssh.py:531} WARNING -     "nullable" : true,
[2025-03-14T01:46:30.974+0000] {ssh.py:531} WARNING -     "metadata" : { }
[2025-03-14T01:46:30.974+0000] {ssh.py:531} WARNING -   }, {
[2025-03-14T01:46:30.974+0000] {ssh.py:531} WARNING -     "name" : "created_at",
[2025-03-14T01:46:30.974+0000] {ssh.py:531} WARNING -     "type" : "string",
[2025-03-14T01:46:30.975+0000] {ssh.py:531} WARNING -     "nullable" : false,
[2025-03-14T01:46:30.975+0000] {ssh.py:531} WARNING -     "metadata" : { }
[2025-03-14T01:46:30.975+0000] {ssh.py:531} WARNING -   } ]
[2025-03-14T01:46:30.975+0000] {ssh.py:531} WARNING - }
[2025-03-14T01:46:30.976+0000] {ssh.py:531} WARNING - and corresponding Parquet message type:
[2025-03-14T01:46:30.976+0000] {ssh.py:531} WARNING - message spark_schema {
[2025-03-14T01:46:30.976+0000] {ssh.py:531} WARNING -   optional binary gamer_nickname (STRING);
[2025-03-14T01:46:30.976+0000] {ssh.py:531} WARNING -   required binary team_color (STRING);
[2025-03-14T01:46:30.977+0000] {ssh.py:531} WARNING -   optional int32 team_count;
[2025-03-14T01:46:30.977+0000] {ssh.py:531} WARNING -   required binary created_at (STRING);
[2025-03-14T01:46:30.977+0000] {ssh.py:531} WARNING - }
[2025-03-14T01:46:30.977+0000] {ssh.py:531} WARNING - 
[2025-03-14T01:46:30.977+0000] {ssh.py:531} WARNING -        
[2025-03-14T01:46:31.136+0000] {ssh.py:531} WARNING - 25/03/14 01:46:31 INFO CodecPool: Got brand-new compressor [.snappy]
[2025-03-14T01:46:31.173+0000] {ssh.py:531} WARNING - 25/03/14 01:46:31 INFO BlockManagerInfo: Removed broadcast_2_piece0 on 0.0.0.0:43757 in memory (size: 34.8 KiB, free: 434.3 MiB)
[2025-03-14T01:46:31.550+0000] {ssh.py:531} WARNING - 25/03/14 01:46:31 INFO FileScanRDD: Reading File path: s3a://de5-finalproj-team2/crawl/2025-03-14/crawl_result_processed_20250314.csv, range: 0-1154758, partition values: [empty row]
[2025-03-14T01:46:31.573+0000] {ssh.py:531} WARNING - 25/03/14 01:46:31 INFO CodeGenerator: Code generated in 16.064882 ms
[2025-03-14T01:46:31.643+0000] {ssh.py:531} WARNING - 25/03/14 01:46:31 INFO LineRecordReader: Found UTF-8 BOM and skipped it
[2025-03-14T01:46:33.997+0000] {ssh.py:531} WARNING - 25/03/14 01:46:33 INFO FileOutputCommitter: Saved output of task 'attempt_202503140146303654352564640992699_0001_m_000000_1' to s3a://de5-finalproj-team2/analytics/team_color_info/2025-03-14/_temporary/0/task_202503140146303654352564640992699_0001_m_000000
[2025-03-14T01:46:33.998+0000] {ssh.py:531} WARNING - 25/03/14 01:46:33 INFO SparkHadoopMapRedUtil: attempt_202503140146303654352564640992699_0001_m_000000_1: Committed. Elapsed time: 628 ms.
[2025-03-14T01:46:34.021+0000] {ssh.py:531} WARNING - 25/03/14 01:46:34 INFO Executor: Finished task 0.0 in stage 1.0 (TID 1). 2669 bytes result sent to driver
[2025-03-14T01:46:34.025+0000] {ssh.py:531} WARNING - 25/03/14 01:46:34 INFO TaskSetManager: Finished task 0.0 in stage 1.0 (TID 1) in 3430 ms on ip-172-31-12-182.ap-northeast-2.compute.internal (executor driver) (1/1)
[2025-03-14T01:46:34.025+0000] {ssh.py:531} WARNING - 25/03/14 01:46:34 INFO DAGScheduler: ResultStage 1 (parquet at NativeMethodAccessorImpl.java:0) finished in 3.530 s
[2025-03-14T01:46:34.029+0000] {ssh.py:531} WARNING - 25/03/14 01:46:34 INFO TaskSchedulerImpl: Removed TaskSet 1.0, whose tasks have all completed, from pool 
[2025-03-14T01:46:34.030+0000] {ssh.py:531} WARNING - 25/03/14 01:46:34 INFO DAGScheduler: Job 1 is finished. Cancelling potential speculative or zombie tasks for this job
[2025-03-14T01:46:34.030+0000] {ssh.py:531} WARNING - 25/03/14 01:46:34 INFO TaskSchedulerImpl: Killing all running tasks in stage 1: Stage finished
[2025-03-14T01:46:34.030+0000] {ssh.py:531} WARNING - 25/03/14 01:46:34 INFO DAGScheduler: Job 1 finished: parquet at NativeMethodAccessorImpl.java:0, took 3.541193 s
[2025-03-14T01:46:34.032+0000] {ssh.py:531} WARNING - 25/03/14 01:46:34 INFO FileFormatWriter: Start to commit write Job 00583dd9-1fcb-4fa2-aef0-e9bf794df2ad.
[2025-03-14T01:46:35.015+0000] {ssh.py:531} WARNING - 25/03/14 01:46:35 INFO FileFormatWriter: Write Job 00583dd9-1fcb-4fa2-aef0-e9bf794df2ad committed. Elapsed time: 982 ms.
[2025-03-14T01:46:35.020+0000] {ssh.py:531} WARNING - 25/03/14 01:46:35 INFO FileFormatWriter: Finished processing stats for write job 00583dd9-1fcb-4fa2-aef0-e9bf794df2ad.
[2025-03-14T01:46:35.026+0000] {ssh.py:526} INFO - Parquet 변환 완료! 저장 경로: s3a://de5-finalproj-team2/analytics/team_color_info/2025-03-14
[2025-03-14T01:46:35.083+0000] {ssh.py:531} WARNING - 25/03/14 01:46:35 INFO SparkContext: Invoking stop() from shutdown hook
[2025-03-14T01:46:35.084+0000] {ssh.py:531} WARNING - 25/03/14 01:46:35 INFO SparkContext: SparkContext is stopping with exitCode 0.
[2025-03-14T01:46:35.097+0000] {ssh.py:531} WARNING - 25/03/14 01:46:35 INFO SparkUI: Stopped Spark web UI at http://0.0.0.0:4040
[2025-03-14T01:46:35.121+0000] {ssh.py:531} WARNING - 25/03/14 01:46:35 INFO MapOutputTrackerMasterEndpoint: MapOutputTrackerMasterEndpoint stopped!
[2025-03-14T01:46:35.136+0000] {ssh.py:531} WARNING - 25/03/14 01:46:35 INFO MemoryStore: MemoryStore cleared
[2025-03-14T01:46:35.137+0000] {ssh.py:531} WARNING - 25/03/14 01:46:35 INFO BlockManager: BlockManager stopped
[2025-03-14T01:46:35.140+0000] {ssh.py:531} WARNING - 25/03/14 01:46:35 INFO BlockManagerMaster: BlockManagerMaster stopped
[2025-03-14T01:46:35.150+0000] {ssh.py:531} WARNING - 25/03/14 01:46:35 INFO OutputCommitCoordinator$OutputCommitCoordinatorEndpoint: OutputCommitCoordinator stopped!
[2025-03-14T01:46:35.154+0000] {ssh.py:531} WARNING - 25/03/14 01:46:35 INFO SparkContext: Successfully stopped SparkContext
[2025-03-14T01:46:35.155+0000] {ssh.py:531} WARNING - 25/03/14 01:46:35 INFO ShutdownHookManager: Shutdown hook called
[2025-03-14T01:46:35.155+0000] {ssh.py:531} WARNING - 25/03/14 01:46:35 INFO ShutdownHookManager: Deleting directory /tmp/spark-e2ee5a76-f117-4f37-bffe-5225cf172227
[2025-03-14T01:46:35.159+0000] {ssh.py:531} WARNING - 25/03/14 01:46:35 INFO ShutdownHookManager: Deleting directory /tmp/spark-439d83bf-78eb-4f65-b3ab-ca5d85d89d0c/pyspark-1b675d90-b262-43d5-be45-38e76f731716
[2025-03-14T01:46:35.165+0000] {ssh.py:531} WARNING - 25/03/14 01:46:35 INFO ShutdownHookManager: Deleting directory /tmp/spark-439d83bf-78eb-4f65-b3ab-ca5d85d89d0c
[2025-03-14T01:46:35.175+0000] {ssh.py:531} WARNING - 25/03/14 01:46:35 INFO MetricsSystemImpl: Stopping s3a-file-system metrics system...
[2025-03-14T01:46:35.176+0000] {ssh.py:531} WARNING - 25/03/14 01:46:35 INFO MetricsSystemImpl: s3a-file-system metrics system stopped.
[2025-03-14T01:46:35.176+0000] {ssh.py:531} WARNING - 25/03/14 01:46:35 INFO MetricsSystemImpl: s3a-file-system metrics system shutdown complete.
[2025-03-14T01:46:35.241+0000] {ssh.py:526} INFO - Spark Job Succeeded!
[2025-03-14T01:46:35.278+0000] {taskinstance.py:441} INFO - ::group::Post task execution logs
[2025-03-14T01:46:35.330+0000] {taskinstance.py:1206} INFO - Marking task as SUCCESS. dag_id=team_color_to_parquet_dag, task_id=submit_spark_via_ssh, run_id=manual__2025-03-14T01:46:06.943024+00:00, execution_date=20250314T014606, start_date=20250314T014610, end_date=20250314T014635
[2025-03-14T01:46:35.399+0000] {local_task_job_runner.py:240} INFO - Task exited with return code 0
[2025-03-14T01:46:35.479+0000] {taskinstance.py:3498} INFO - 1 downstream tasks scheduled from follow-on schedule check
[2025-03-14T01:46:35.481+0000] {local_task_job_runner.py:222} INFO - ::endgroup::
