[2025-03-11T07:00:02.693+0000] {local_task_job_runner.py:120} INFO - ::group::Pre task execution logs
[2025-03-11T07:00:02.743+0000] {taskinstance.py:2076} INFO - Dependencies all met for dep_context=non-requeueable deps ti=<TaskInstance: fetch_nexon_data_sequential.collect_and_save_match_data_to_json_to_s3 scheduled__2025-03-10T07:00:00+00:00 [queued]>
[2025-03-11T07:00:02.758+0000] {taskinstance.py:2076} INFO - Dependencies all met for dep_context=requeueable deps ti=<TaskInstance: fetch_nexon_data_sequential.collect_and_save_match_data_to_json_to_s3 scheduled__2025-03-10T07:00:00+00:00 [queued]>
[2025-03-11T07:00:02.759+0000] {taskinstance.py:2306} INFO - Starting attempt 1 of 2
[2025-03-11T07:00:02.924+0000] {taskinstance.py:2330} INFO - Executing <Task(PythonOperator): collect_and_save_match_data_to_json_to_s3> on 2025-03-10 07:00:00+00:00
[2025-03-11T07:00:02.932+0000] {standard_task_runner.py:63} INFO - Started process 13214 to run task
[2025-03-11T07:00:02.937+0000] {standard_task_runner.py:90} INFO - Running: ['***', 'tasks', 'run', 'fetch_nexon_data_sequential', 'collect_and_save_match_data_to_json_to_s3', 'scheduled__2025-03-10T07:00:00+00:00', '--job-id', '55', '--raw', '--subdir', 'DAGS_FOLDER/collect_match_info_dag.py', '--cfg-path', '/tmp/tmpdzvr20qm']
[2025-03-11T07:00:02.939+0000] {standard_task_runner.py:91} INFO - Job 55: Subtask collect_and_save_match_data_to_json_to_s3
[2025-03-11T07:00:03.020+0000] {task_command.py:426} INFO - Running <TaskInstance: fetch_nexon_data_sequential.collect_and_save_match_data_to_json_to_s3 scheduled__2025-03-10T07:00:00+00:00 [running]> on host a0d797a25898
[2025-03-11T07:00:03.269+0000] {taskinstance.py:2648} INFO - Exporting env vars: AIRFLOW_CTX_DAG_OWNER='***' AIRFLOW_CTX_DAG_ID='fetch_nexon_data_sequential' AIRFLOW_CTX_TASK_ID='collect_and_save_match_data_to_json_to_s3' AIRFLOW_CTX_EXECUTION_DATE='2025-03-10T07:00:00+00:00' AIRFLOW_CTX_TRY_NUMBER='1' AIRFLOW_CTX_DAG_RUN_ID='scheduled__2025-03-10T07:00:00+00:00'
[2025-03-11T07:00:03.271+0000] {taskinstance.py:430} INFO - ::endgroup::
[2025-03-11T07:00:03.290+0000] {collect_match_info_dag.py:126} INFO - Collecting 2025-03-11's data
[2025-03-11T07:00:03.752+0000] {collect_match_info_dag.py:55} WARNING - 429 발생 - 1/5회 시도 중... 키 교체
[2025-03-11T07:00:03.753+0000] {collect_match_info_dag.py:35} WARNING - 429 발생으로 API 키 교체...새로운 키: test_f39cb830f75f5d182b6c9b69c83fd1bf71f859896966ac35a87be5e65e122179efe8d04e6d233bd35cf2fabdeb93fb0d
[2025-03-11T07:00:04.329+0000] {collect_match_info_dag.py:55} WARNING - 429 발생 - 2/5회 시도 중... 키 교체
[2025-03-11T07:00:04.330+0000] {collect_match_info_dag.py:35} WARNING - 429 발생으로 API 키 교체...새로운 키: test_c2c55c4771ad6d38a0544117c93445436524fd2b63b7f92bc6d453074074059cefe8d04e6d233bd35cf2fabdeb93fb0d
[2025-03-11T07:00:04.900+0000] {collect_match_info_dag.py:55} WARNING - 429 발생 - 3/5회 시도 중... 키 교체
[2025-03-11T07:00:04.901+0000] {collect_match_info_dag.py:35} WARNING - 429 발생으로 API 키 교체...새로운 키: test_0ee4cbd363b2f7520651088e59cc0caa6fed3e1d2a3617a4dceddb088e523131efe8d04e6d233bd35cf2fabdeb93fb0d
[2025-03-11T07:00:05.471+0000] {collect_match_info_dag.py:55} WARNING - 429 발생 - 4/5회 시도 중... 키 교체
[2025-03-11T07:00:05.473+0000] {collect_match_info_dag.py:35} WARNING - 429 발생으로 API 키 교체...새로운 키: test_82009af2d05a226d81e500370a7cc07352301037b9b75d6b31132508dbab414aefe8d04e6d233bd35cf2fabdeb93fb0d
[2025-03-11T07:00:06.033+0000] {collect_match_info_dag.py:55} WARNING - 429 발생 - 5/5회 시도 중... 키 교체
[2025-03-11T07:00:06.034+0000] {collect_match_info_dag.py:35} WARNING - 429 발생으로 API 키 교체...새로운 키: test_f39cb830f75f5d182b6c9b69c83fd1bf71f859896966ac35a87be5e65e122179efe8d04e6d233bd35cf2fabdeb93fb0d
[2025-03-11T07:00:06.535+0000] {collect_match_info_dag.py:65} ERROR - 5회 재시도 실패 - url=https://open.api.nexon.com/fconline/v1/id?nickname=BFX%EC%8B%A0%EA%B2%BD%EC%84%AD
[2025-03-11T07:00:06.592+0000] {collect_match_info_dag.py:55} WARNING - 429 발생 - 1/5회 시도 중... 키 교체
[2025-03-11T07:00:06.593+0000] {collect_match_info_dag.py:35} WARNING - 429 발생으로 API 키 교체...새로운 키: test_c2c55c4771ad6d38a0544117c93445436524fd2b63b7f92bc6d453074074059cefe8d04e6d233bd35cf2fabdeb93fb0d
[2025-03-11T07:00:07.162+0000] {collect_match_info_dag.py:55} WARNING - 429 발생 - 2/5회 시도 중... 키 교체
[2025-03-11T07:00:07.162+0000] {collect_match_info_dag.py:35} WARNING - 429 발생으로 API 키 교체...새로운 키: test_0ee4cbd363b2f7520651088e59cc0caa6fed3e1d2a3617a4dceddb088e523131efe8d04e6d233bd35cf2fabdeb93fb0d
[2025-03-11T07:00:07.723+0000] {collect_match_info_dag.py:55} WARNING - 429 발생 - 3/5회 시도 중... 키 교체
[2025-03-11T07:00:07.724+0000] {collect_match_info_dag.py:35} WARNING - 429 발생으로 API 키 교체...새로운 키: test_82009af2d05a226d81e500370a7cc07352301037b9b75d6b31132508dbab414aefe8d04e6d233bd35cf2fabdeb93fb0d
[2025-03-11T07:00:08.281+0000] {collect_match_info_dag.py:55} WARNING - 429 발생 - 4/5회 시도 중... 키 교체
[2025-03-11T07:00:08.282+0000] {collect_match_info_dag.py:35} WARNING - 429 발생으로 API 키 교체...새로운 키: test_f39cb830f75f5d182b6c9b69c83fd1bf71f859896966ac35a87be5e65e122179efe8d04e6d233bd35cf2fabdeb93fb0d
[2025-03-11T07:00:08.841+0000] {collect_match_info_dag.py:55} WARNING - 429 발생 - 5/5회 시도 중... 키 교체
[2025-03-11T07:00:08.842+0000] {collect_match_info_dag.py:35} WARNING - 429 발생으로 API 키 교체...새로운 키: test_c2c55c4771ad6d38a0544117c93445436524fd2b63b7f92bc6d453074074059cefe8d04e6d233bd35cf2fabdeb93fb0d
[2025-03-11T07:00:09.343+0000] {collect_match_info_dag.py:65} ERROR - 5회 재시도 실패 - url=https://open.api.nexon.com/fconline/v1/id?nickname=DRXSavior
[2025-03-11T07:00:09.400+0000] {collect_match_info_dag.py:55} WARNING - 429 발생 - 1/5회 시도 중... 키 교체
[2025-03-11T07:00:09.400+0000] {collect_match_info_dag.py:35} WARNING - 429 발생으로 API 키 교체...새로운 키: test_0ee4cbd363b2f7520651088e59cc0caa6fed3e1d2a3617a4dceddb088e523131efe8d04e6d233bd35cf2fabdeb93fb0d
[2025-03-11T07:00:09.962+0000] {collect_match_info_dag.py:55} WARNING - 429 발생 - 2/5회 시도 중... 키 교체
[2025-03-11T07:00:09.962+0000] {collect_match_info_dag.py:35} WARNING - 429 발생으로 API 키 교체...새로운 키: test_82009af2d05a226d81e500370a7cc07352301037b9b75d6b31132508dbab414aefe8d04e6d233bd35cf2fabdeb93fb0d
[2025-03-11T07:00:10.521+0000] {collect_match_info_dag.py:55} WARNING - 429 발생 - 3/5회 시도 중... 키 교체
[2025-03-11T07:00:10.522+0000] {collect_match_info_dag.py:35} WARNING - 429 발생으로 API 키 교체...새로운 키: test_f39cb830f75f5d182b6c9b69c83fd1bf71f859896966ac35a87be5e65e122179efe8d04e6d233bd35cf2fabdeb93fb0d
[2025-03-11T07:00:11.084+0000] {collect_match_info_dag.py:55} WARNING - 429 발생 - 4/5회 시도 중... 키 교체
[2025-03-11T07:00:11.085+0000] {collect_match_info_dag.py:35} WARNING - 429 발생으로 API 키 교체...새로운 키: test_c2c55c4771ad6d38a0544117c93445436524fd2b63b7f92bc6d453074074059cefe8d04e6d233bd35cf2fabdeb93fb0d
[2025-03-11T07:00:11.640+0000] {collect_match_info_dag.py:55} WARNING - 429 발생 - 5/5회 시도 중... 키 교체
[2025-03-11T07:00:11.641+0000] {collect_match_info_dag.py:35} WARNING - 429 발생으로 API 키 교체...새로운 키: test_0ee4cbd363b2f7520651088e59cc0caa6fed3e1d2a3617a4dceddb088e523131efe8d04e6d233bd35cf2fabdeb93fb0d
[2025-03-11T07:00:12.142+0000] {collect_match_info_dag.py:65} ERROR - 5회 재시도 실패 - url=https://open.api.nexon.com/fconline/v1/id?nickname=NSRimGC
[2025-03-11T07:00:12.201+0000] {collect_match_info_dag.py:55} WARNING - 429 발생 - 1/5회 시도 중... 키 교체
[2025-03-11T07:00:12.201+0000] {collect_match_info_dag.py:35} WARNING - 429 발생으로 API 키 교체...새로운 키: test_82009af2d05a226d81e500370a7cc07352301037b9b75d6b31132508dbab414aefe8d04e6d233bd35cf2fabdeb93fb0d
[2025-03-11T07:00:12.756+0000] {collect_match_info_dag.py:55} WARNING - 429 발생 - 2/5회 시도 중... 키 교체
[2025-03-11T07:00:12.757+0000] {collect_match_info_dag.py:35} WARNING - 429 발생으로 API 키 교체...새로운 키: test_f39cb830f75f5d182b6c9b69c83fd1bf71f859896966ac35a87be5e65e122179efe8d04e6d233bd35cf2fabdeb93fb0d
[2025-03-11T07:00:13.338+0000] {collect_match_info_dag.py:55} WARNING - 429 발생 - 3/5회 시도 중... 키 교체
[2025-03-11T07:00:13.338+0000] {collect_match_info_dag.py:35} WARNING - 429 발생으로 API 키 교체...새로운 키: test_c2c55c4771ad6d38a0544117c93445436524fd2b63b7f92bc6d453074074059cefe8d04e6d233bd35cf2fabdeb93fb0d
[2025-03-11T07:00:13.891+0000] {collect_match_info_dag.py:55} WARNING - 429 발생 - 4/5회 시도 중... 키 교체
[2025-03-11T07:00:13.892+0000] {collect_match_info_dag.py:35} WARNING - 429 발생으로 API 키 교체...새로운 키: test_0ee4cbd363b2f7520651088e59cc0caa6fed3e1d2a3617a4dceddb088e523131efe8d04e6d233bd35cf2fabdeb93fb0d
[2025-03-11T07:00:14.461+0000] {collect_match_info_dag.py:55} WARNING - 429 발생 - 5/5회 시도 중... 키 교체
[2025-03-11T07:00:14.462+0000] {collect_match_info_dag.py:35} WARNING - 429 발생으로 API 키 교체...새로운 키: test_82009af2d05a226d81e500370a7cc07352301037b9b75d6b31132508dbab414aefe8d04e6d233bd35cf2fabdeb93fb0d
[2025-03-11T07:00:14.963+0000] {collect_match_info_dag.py:65} ERROR - 5회 재시도 실패 - url=https://open.api.nexon.com/fconline/v1/id?nickname=AF%EB%B0%95%EC%A4%80%ED%9A%A8
[2025-03-11T07:00:15.024+0000] {collect_match_info_dag.py:55} WARNING - 429 발생 - 1/5회 시도 중... 키 교체
[2025-03-11T07:00:15.024+0000] {collect_match_info_dag.py:35} WARNING - 429 발생으로 API 키 교체...새로운 키: test_f39cb830f75f5d182b6c9b69c83fd1bf71f859896966ac35a87be5e65e122179efe8d04e6d233bd35cf2fabdeb93fb0d
[2025-03-11T07:00:15.579+0000] {collect_match_info_dag.py:55} WARNING - 429 발생 - 2/5회 시도 중... 키 교체
[2025-03-11T07:00:15.580+0000] {collect_match_info_dag.py:35} WARNING - 429 발생으로 API 키 교체...새로운 키: test_c2c55c4771ad6d38a0544117c93445436524fd2b63b7f92bc6d453074074059cefe8d04e6d233bd35cf2fabdeb93fb0d
[2025-03-11T07:00:16.139+0000] {collect_match_info_dag.py:55} WARNING - 429 발생 - 3/5회 시도 중... 키 교체
[2025-03-11T07:00:16.140+0000] {collect_match_info_dag.py:35} WARNING - 429 발생으로 API 키 교체...새로운 키: test_0ee4cbd363b2f7520651088e59cc0caa6fed3e1d2a3617a4dceddb088e523131efe8d04e6d233bd35cf2fabdeb93fb0d
[2025-03-11T07:00:16.700+0000] {collect_match_info_dag.py:55} WARNING - 429 발생 - 4/5회 시도 중... 키 교체
[2025-03-11T07:00:16.701+0000] {collect_match_info_dag.py:35} WARNING - 429 발생으로 API 키 교체...새로운 키: test_82009af2d05a226d81e500370a7cc07352301037b9b75d6b31132508dbab414aefe8d04e6d233bd35cf2fabdeb93fb0d
[2025-03-11T07:00:17.260+0000] {collect_match_info_dag.py:55} WARNING - 429 발생 - 5/5회 시도 중... 키 교체
[2025-03-11T07:00:17.261+0000] {collect_match_info_dag.py:35} WARNING - 429 발생으로 API 키 교체...새로운 키: test_f39cb830f75f5d182b6c9b69c83fd1bf71f859896966ac35a87be5e65e122179efe8d04e6d233bd35cf2fabdeb93fb0d
[2025-03-11T07:00:17.762+0000] {collect_match_info_dag.py:65} ERROR - 5회 재시도 실패 - url=https://open.api.nexon.com/fconline/v1/id?nickname=%EC%B9%A0%EA%B3%B5%EC%9D%BC
[2025-03-11T07:00:17.816+0000] {collect_match_info_dag.py:55} WARNING - 429 발생 - 1/5회 시도 중... 키 교체
[2025-03-11T07:00:17.817+0000] {collect_match_info_dag.py:35} WARNING - 429 발생으로 API 키 교체...새로운 키: test_c2c55c4771ad6d38a0544117c93445436524fd2b63b7f92bc6d453074074059cefe8d04e6d233bd35cf2fabdeb93fb0d
[2025-03-11T07:00:18.369+0000] {collect_match_info_dag.py:55} WARNING - 429 발생 - 2/5회 시도 중... 키 교체
[2025-03-11T07:00:18.369+0000] {collect_match_info_dag.py:35} WARNING - 429 발생으로 API 키 교체...새로운 키: test_0ee4cbd363b2f7520651088e59cc0caa6fed3e1d2a3617a4dceddb088e523131efe8d04e6d233bd35cf2fabdeb93fb0d
[2025-03-11T07:00:18.951+0000] {collect_match_info_dag.py:55} WARNING - 429 발생 - 3/5회 시도 중... 키 교체
[2025-03-11T07:00:18.952+0000] {collect_match_info_dag.py:35} WARNING - 429 발생으로 API 키 교체...새로운 키: test_82009af2d05a226d81e500370a7cc07352301037b9b75d6b31132508dbab414aefe8d04e6d233bd35cf2fabdeb93fb0d
[2025-03-11T07:00:19.514+0000] {collect_match_info_dag.py:55} WARNING - 429 발생 - 4/5회 시도 중... 키 교체
[2025-03-11T07:00:19.515+0000] {collect_match_info_dag.py:35} WARNING - 429 발생으로 API 키 교체...새로운 키: test_f39cb830f75f5d182b6c9b69c83fd1bf71f859896966ac35a87be5e65e122179efe8d04e6d233bd35cf2fabdeb93fb0d
[2025-03-11T07:00:20.068+0000] {collect_match_info_dag.py:55} WARNING - 429 발생 - 5/5회 시도 중... 키 교체
[2025-03-11T07:00:20.069+0000] {collect_match_info_dag.py:35} WARNING - 429 발생으로 API 키 교체...새로운 키: test_c2c55c4771ad6d38a0544117c93445436524fd2b63b7f92bc6d453074074059cefe8d04e6d233bd35cf2fabdeb93fb0d
[2025-03-11T07:00:20.570+0000] {collect_match_info_dag.py:65} ERROR - 5회 재시도 실패 - url=https://open.api.nexon.com/fconline/v1/id?nickname=DKMiBOB
[2025-03-11T07:00:20.631+0000] {collect_match_info_dag.py:55} WARNING - 429 발생 - 1/5회 시도 중... 키 교체
[2025-03-11T07:00:20.631+0000] {collect_match_info_dag.py:35} WARNING - 429 발생으로 API 키 교체...새로운 키: test_0ee4cbd363b2f7520651088e59cc0caa6fed3e1d2a3617a4dceddb088e523131efe8d04e6d233bd35cf2fabdeb93fb0d
[2025-03-11T07:00:21.189+0000] {collect_match_info_dag.py:55} WARNING - 429 발생 - 2/5회 시도 중... 키 교체
[2025-03-11T07:00:21.190+0000] {collect_match_info_dag.py:35} WARNING - 429 발생으로 API 키 교체...새로운 키: test_82009af2d05a226d81e500370a7cc07352301037b9b75d6b31132508dbab414aefe8d04e6d233bd35cf2fabdeb93fb0d
[2025-03-11T07:00:21.748+0000] {collect_match_info_dag.py:55} WARNING - 429 발생 - 3/5회 시도 중... 키 교체
[2025-03-11T07:00:21.749+0000] {collect_match_info_dag.py:35} WARNING - 429 발생으로 API 키 교체...새로운 키: test_f39cb830f75f5d182b6c9b69c83fd1bf71f859896966ac35a87be5e65e122179efe8d04e6d233bd35cf2fabdeb93fb0d
[2025-03-11T07:00:22.307+0000] {collect_match_info_dag.py:55} WARNING - 429 발생 - 4/5회 시도 중... 키 교체
[2025-03-11T07:00:22.307+0000] {collect_match_info_dag.py:35} WARNING - 429 발생으로 API 키 교체...새로운 키: test_c2c55c4771ad6d38a0544117c93445436524fd2b63b7f92bc6d453074074059cefe8d04e6d233bd35cf2fabdeb93fb0d
[2025-03-11T07:00:22.865+0000] {collect_match_info_dag.py:55} WARNING - 429 발생 - 5/5회 시도 중... 키 교체
[2025-03-11T07:00:22.866+0000] {collect_match_info_dag.py:35} WARNING - 429 발생으로 API 키 교체...새로운 키: test_0ee4cbd363b2f7520651088e59cc0caa6fed3e1d2a3617a4dceddb088e523131efe8d04e6d233bd35cf2fabdeb93fb0d
[2025-03-11T07:00:23.366+0000] {collect_match_info_dag.py:65} ERROR - 5회 재시도 실패 - url=https://open.api.nexon.com/fconline/v1/id?nickname=%EC%AF%94%EC%95%95%EC%AF%94%EC%95%95
[2025-03-11T07:00:23.426+0000] {collect_match_info_dag.py:55} WARNING - 429 발생 - 1/5회 시도 중... 키 교체
[2025-03-11T07:00:23.426+0000] {collect_match_info_dag.py:35} WARNING - 429 발생으로 API 키 교체...새로운 키: test_82009af2d05a226d81e500370a7cc07352301037b9b75d6b31132508dbab414aefe8d04e6d233bd35cf2fabdeb93fb0d
[2025-03-11T07:00:23.987+0000] {collect_match_info_dag.py:55} WARNING - 429 발생 - 2/5회 시도 중... 키 교체
[2025-03-11T07:00:23.988+0000] {collect_match_info_dag.py:35} WARNING - 429 발생으로 API 키 교체...새로운 키: test_f39cb830f75f5d182b6c9b69c83fd1bf71f859896966ac35a87be5e65e122179efe8d04e6d233bd35cf2fabdeb93fb0d
[2025-03-11T07:00:24.546+0000] {collect_match_info_dag.py:55} WARNING - 429 발생 - 3/5회 시도 중... 키 교체
[2025-03-11T07:00:24.547+0000] {collect_match_info_dag.py:35} WARNING - 429 발생으로 API 키 교체...새로운 키: test_c2c55c4771ad6d38a0544117c93445436524fd2b63b7f92bc6d453074074059cefe8d04e6d233bd35cf2fabdeb93fb0d
[2025-03-11T07:00:25.104+0000] {collect_match_info_dag.py:55} WARNING - 429 발생 - 4/5회 시도 중... 키 교체
[2025-03-11T07:00:25.104+0000] {collect_match_info_dag.py:35} WARNING - 429 발생으로 API 키 교체...새로운 키: test_0ee4cbd363b2f7520651088e59cc0caa6fed3e1d2a3617a4dceddb088e523131efe8d04e6d233bd35cf2fabdeb93fb0d
[2025-03-11T07:00:25.662+0000] {collect_match_info_dag.py:55} WARNING - 429 발생 - 5/5회 시도 중... 키 교체
[2025-03-11T07:00:25.663+0000] {collect_match_info_dag.py:35} WARNING - 429 발생으로 API 키 교체...새로운 키: test_82009af2d05a226d81e500370a7cc07352301037b9b75d6b31132508dbab414aefe8d04e6d233bd35cf2fabdeb93fb0d
[2025-03-11T07:00:26.163+0000] {collect_match_info_dag.py:65} ERROR - 5회 재시도 실패 - url=https://open.api.nexon.com/fconline/v1/id?nickname=GGASungBin
[2025-03-11T07:00:26.218+0000] {collect_match_info_dag.py:55} WARNING - 429 발생 - 1/5회 시도 중... 키 교체
[2025-03-11T07:00:26.219+0000] {collect_match_info_dag.py:35} WARNING - 429 발생으로 API 키 교체...새로운 키: test_f39cb830f75f5d182b6c9b69c83fd1bf71f859896966ac35a87be5e65e122179efe8d04e6d233bd35cf2fabdeb93fb0d
[2025-03-11T07:00:26.773+0000] {collect_match_info_dag.py:55} WARNING - 429 발생 - 2/5회 시도 중... 키 교체
[2025-03-11T07:00:26.774+0000] {collect_match_info_dag.py:35} WARNING - 429 발생으로 API 키 교체...새로운 키: test_c2c55c4771ad6d38a0544117c93445436524fd2b63b7f92bc6d453074074059cefe8d04e6d233bd35cf2fabdeb93fb0d
[2025-03-11T07:00:27.330+0000] {collect_match_info_dag.py:55} WARNING - 429 발생 - 3/5회 시도 중... 키 교체
[2025-03-11T07:00:27.331+0000] {collect_match_info_dag.py:35} WARNING - 429 발생으로 API 키 교체...새로운 키: test_0ee4cbd363b2f7520651088e59cc0caa6fed3e1d2a3617a4dceddb088e523131efe8d04e6d233bd35cf2fabdeb93fb0d
[2025-03-11T07:00:27.891+0000] {collect_match_info_dag.py:55} WARNING - 429 발생 - 4/5회 시도 중... 키 교체
[2025-03-11T07:00:27.892+0000] {collect_match_info_dag.py:35} WARNING - 429 발생으로 API 키 교체...새로운 키: test_82009af2d05a226d81e500370a7cc07352301037b9b75d6b31132508dbab414aefe8d04e6d233bd35cf2fabdeb93fb0d
[2025-03-11T07:00:28.447+0000] {collect_match_info_dag.py:55} WARNING - 429 발생 - 5/5회 시도 중... 키 교체
[2025-03-11T07:00:28.448+0000] {collect_match_info_dag.py:35} WARNING - 429 발생으로 API 키 교체...새로운 키: test_f39cb830f75f5d182b6c9b69c83fd1bf71f859896966ac35a87be5e65e122179efe8d04e6d233bd35cf2fabdeb93fb0d
[2025-03-11T07:00:28.948+0000] {collect_match_info_dag.py:65} ERROR - 5회 재시도 실패 - url=https://open.api.nexon.com/fconline/v1/id?nickname=SainT%EC%84%B1%EC%A7%80%EC%9B%90
[2025-03-11T07:00:29.002+0000] {collect_match_info_dag.py:55} WARNING - 429 발생 - 1/5회 시도 중... 키 교체
[2025-03-11T07:00:29.002+0000] {collect_match_info_dag.py:35} WARNING - 429 발생으로 API 키 교체...새로운 키: test_c2c55c4771ad6d38a0544117c93445436524fd2b63b7f92bc6d453074074059cefe8d04e6d233bd35cf2fabdeb93fb0d
[2025-03-11T07:00:29.560+0000] {collect_match_info_dag.py:55} WARNING - 429 발생 - 2/5회 시도 중... 키 교체
[2025-03-11T07:00:29.561+0000] {collect_match_info_dag.py:35} WARNING - 429 발생으로 API 키 교체...새로운 키: test_0ee4cbd363b2f7520651088e59cc0caa6fed3e1d2a3617a4dceddb088e523131efe8d04e6d233bd35cf2fabdeb93fb0d
[2025-03-11T07:00:30.119+0000] {collect_match_info_dag.py:55} WARNING - 429 발생 - 3/5회 시도 중... 키 교체
[2025-03-11T07:00:30.120+0000] {collect_match_info_dag.py:35} WARNING - 429 발생으로 API 키 교체...새로운 키: test_82009af2d05a226d81e500370a7cc07352301037b9b75d6b31132508dbab414aefe8d04e6d233bd35cf2fabdeb93fb0d
[2025-03-11T07:00:30.675+0000] {collect_match_info_dag.py:55} WARNING - 429 발생 - 4/5회 시도 중... 키 교체
[2025-03-11T07:00:30.676+0000] {collect_match_info_dag.py:35} WARNING - 429 발생으로 API 키 교체...새로운 키: test_f39cb830f75f5d182b6c9b69c83fd1bf71f859896966ac35a87be5e65e122179efe8d04e6d233bd35cf2fabdeb93fb0d
[2025-03-11T07:00:31.261+0000] {collect_match_info_dag.py:55} WARNING - 429 발생 - 5/5회 시도 중... 키 교체
[2025-03-11T07:00:31.262+0000] {collect_match_info_dag.py:35} WARNING - 429 발생으로 API 키 교체...새로운 키: test_c2c55c4771ad6d38a0544117c93445436524fd2b63b7f92bc6d453074074059cefe8d04e6d233bd35cf2fabdeb93fb0d
[2025-03-11T07:00:31.763+0000] {collect_match_info_dag.py:65} ERROR - 5회 재시도 실패 - url=https://open.api.nexon.com/fconline/v1/id?nickname=Benzkaka
[2025-03-11T07:00:31.828+0000] {collect_match_info_dag.py:55} WARNING - 429 발생 - 1/5회 시도 중... 키 교체
[2025-03-11T07:00:31.828+0000] {collect_match_info_dag.py:35} WARNING - 429 발생으로 API 키 교체...새로운 키: test_0ee4cbd363b2f7520651088e59cc0caa6fed3e1d2a3617a4dceddb088e523131efe8d04e6d233bd35cf2fabdeb93fb0d
[2025-03-11T07:00:32.385+0000] {collect_match_info_dag.py:55} WARNING - 429 발생 - 2/5회 시도 중... 키 교체
[2025-03-11T07:00:32.386+0000] {collect_match_info_dag.py:35} WARNING - 429 발생으로 API 키 교체...새로운 키: test_82009af2d05a226d81e500370a7cc07352301037b9b75d6b31132508dbab414aefe8d04e6d233bd35cf2fabdeb93fb0d
[2025-03-11T07:00:32.940+0000] {collect_match_info_dag.py:55} WARNING - 429 발생 - 3/5회 시도 중... 키 교체
[2025-03-11T07:00:32.941+0000] {collect_match_info_dag.py:35} WARNING - 429 발생으로 API 키 교체...새로운 키: test_f39cb830f75f5d182b6c9b69c83fd1bf71f859896966ac35a87be5e65e122179efe8d04e6d233bd35cf2fabdeb93fb0d
[2025-03-11T07:00:33.498+0000] {collect_match_info_dag.py:55} WARNING - 429 발생 - 4/5회 시도 중... 키 교체
[2025-03-11T07:00:33.499+0000] {collect_match_info_dag.py:35} WARNING - 429 발생으로 API 키 교체...새로운 키: test_c2c55c4771ad6d38a0544117c93445436524fd2b63b7f92bc6d453074074059cefe8d04e6d233bd35cf2fabdeb93fb0d
[2025-03-11T07:00:34.057+0000] {collect_match_info_dag.py:55} WARNING - 429 발생 - 5/5회 시도 중... 키 교체
[2025-03-11T07:00:34.058+0000] {collect_match_info_dag.py:35} WARNING - 429 발생으로 API 키 교체...새로운 키: test_0ee4cbd363b2f7520651088e59cc0caa6fed3e1d2a3617a4dceddb088e523131efe8d04e6d233bd35cf2fabdeb93fb0d
[2025-03-11T07:00:34.559+0000] {collect_match_info_dag.py:65} ERROR - 5회 재시도 실패 - url=https://open.api.nexon.com/fconline/v1/id?nickname=UnLMTD%EC%9D%B4%EB%AF%BC%EC%84%9D
[2025-03-11T07:00:34.618+0000] {collect_match_info_dag.py:55} WARNING - 429 발생 - 1/5회 시도 중... 키 교체
[2025-03-11T07:00:34.618+0000] {collect_match_info_dag.py:35} WARNING - 429 발생으로 API 키 교체...새로운 키: test_82009af2d05a226d81e500370a7cc07352301037b9b75d6b31132508dbab414aefe8d04e6d233bd35cf2fabdeb93fb0d
[2025-03-11T07:00:35.181+0000] {collect_match_info_dag.py:55} WARNING - 429 발생 - 2/5회 시도 중... 키 교체
[2025-03-11T07:00:35.182+0000] {collect_match_info_dag.py:35} WARNING - 429 발생으로 API 키 교체...새로운 키: test_f39cb830f75f5d182b6c9b69c83fd1bf71f859896966ac35a87be5e65e122179efe8d04e6d233bd35cf2fabdeb93fb0d
[2025-03-11T07:00:35.752+0000] {collect_match_info_dag.py:55} WARNING - 429 발생 - 3/5회 시도 중... 키 교체
[2025-03-11T07:00:35.753+0000] {collect_match_info_dag.py:35} WARNING - 429 발생으로 API 키 교체...새로운 키: test_c2c55c4771ad6d38a0544117c93445436524fd2b63b7f92bc6d453074074059cefe8d04e6d233bd35cf2fabdeb93fb0d
[2025-03-11T07:00:36.328+0000] {collect_match_info_dag.py:55} WARNING - 429 발생 - 4/5회 시도 중... 키 교체
[2025-03-11T07:00:36.329+0000] {collect_match_info_dag.py:35} WARNING - 429 발생으로 API 키 교체...새로운 키: test_0ee4cbd363b2f7520651088e59cc0caa6fed3e1d2a3617a4dceddb088e523131efe8d04e6d233bd35cf2fabdeb93fb0d
[2025-03-11T07:00:36.891+0000] {collect_match_info_dag.py:55} WARNING - 429 발생 - 5/5회 시도 중... 키 교체
[2025-03-11T07:00:36.892+0000] {collect_match_info_dag.py:35} WARNING - 429 발생으로 API 키 교체...새로운 키: test_82009af2d05a226d81e500370a7cc07352301037b9b75d6b31132508dbab414aefe8d04e6d233bd35cf2fabdeb93fb0d
[2025-03-11T07:00:37.393+0000] {collect_match_info_dag.py:65} ERROR - 5회 재시도 실패 - url=https://open.api.nexon.com/fconline/v1/id?nickname=Edith%EC%9D%B4%EA%B5%AC%EC%B9%98%EB%A6%AC
[2025-03-11T07:00:37.452+0000] {collect_match_info_dag.py:55} WARNING - 429 발생 - 1/5회 시도 중... 키 교체
[2025-03-11T07:00:37.452+0000] {collect_match_info_dag.py:35} WARNING - 429 발생으로 API 키 교체...새로운 키: test_f39cb830f75f5d182b6c9b69c83fd1bf71f859896966ac35a87be5e65e122179efe8d04e6d233bd35cf2fabdeb93fb0d
[2025-03-11T07:00:38.009+0000] {collect_match_info_dag.py:55} WARNING - 429 발생 - 2/5회 시도 중... 키 교체
[2025-03-11T07:00:38.010+0000] {collect_match_info_dag.py:35} WARNING - 429 발생으로 API 키 교체...새로운 키: test_c2c55c4771ad6d38a0544117c93445436524fd2b63b7f92bc6d453074074059cefe8d04e6d233bd35cf2fabdeb93fb0d
[2025-03-11T07:00:38.571+0000] {collect_match_info_dag.py:55} WARNING - 429 발생 - 3/5회 시도 중... 키 교체
[2025-03-11T07:00:38.571+0000] {collect_match_info_dag.py:35} WARNING - 429 발생으로 API 키 교체...새로운 키: test_0ee4cbd363b2f7520651088e59cc0caa6fed3e1d2a3617a4dceddb088e523131efe8d04e6d233bd35cf2fabdeb93fb0d
[2025-03-11T07:00:39.126+0000] {collect_match_info_dag.py:55} WARNING - 429 발생 - 4/5회 시도 중... 키 교체
[2025-03-11T07:00:39.128+0000] {collect_match_info_dag.py:35} WARNING - 429 발생으로 API 키 교체...새로운 키: test_82009af2d05a226d81e500370a7cc07352301037b9b75d6b31132508dbab414aefe8d04e6d233bd35cf2fabdeb93fb0d
[2025-03-11T07:00:39.685+0000] {collect_match_info_dag.py:55} WARNING - 429 발생 - 5/5회 시도 중... 키 교체
[2025-03-11T07:00:39.686+0000] {collect_match_info_dag.py:35} WARNING - 429 발생으로 API 키 교체...새로운 키: test_f39cb830f75f5d182b6c9b69c83fd1bf71f859896966ac35a87be5e65e122179efe8d04e6d233bd35cf2fabdeb93fb0d
[2025-03-11T07:00:40.187+0000] {collect_match_info_dag.py:65} ERROR - 5회 재시도 실패 - url=https://open.api.nexon.com/fconline/v1/id?nickname=Innate%EB%85%B9%EC%8A%A4
[2025-03-11T07:00:40.246+0000] {collect_match_info_dag.py:55} WARNING - 429 발생 - 1/5회 시도 중... 키 교체
[2025-03-11T07:00:40.246+0000] {collect_match_info_dag.py:35} WARNING - 429 발생으로 API 키 교체...새로운 키: test_c2c55c4771ad6d38a0544117c93445436524fd2b63b7f92bc6d453074074059cefe8d04e6d233bd35cf2fabdeb93fb0d
[2025-03-11T07:00:40.805+0000] {collect_match_info_dag.py:55} WARNING - 429 발생 - 2/5회 시도 중... 키 교체
[2025-03-11T07:00:40.805+0000] {collect_match_info_dag.py:35} WARNING - 429 발생으로 API 키 교체...새로운 키: test_0ee4cbd363b2f7520651088e59cc0caa6fed3e1d2a3617a4dceddb088e523131efe8d04e6d233bd35cf2fabdeb93fb0d
[2025-03-11T07:00:41.363+0000] {collect_match_info_dag.py:55} WARNING - 429 발생 - 3/5회 시도 중... 키 교체
[2025-03-11T07:00:41.364+0000] {collect_match_info_dag.py:35} WARNING - 429 발생으로 API 키 교체...새로운 키: test_82009af2d05a226d81e500370a7cc07352301037b9b75d6b31132508dbab414aefe8d04e6d233bd35cf2fabdeb93fb0d
[2025-03-11T07:00:41.919+0000] {collect_match_info_dag.py:55} WARNING - 429 발생 - 4/5회 시도 중... 키 교체
[2025-03-11T07:00:41.920+0000] {collect_match_info_dag.py:35} WARNING - 429 발생으로 API 키 교체...새로운 키: test_f39cb830f75f5d182b6c9b69c83fd1bf71f859896966ac35a87be5e65e122179efe8d04e6d233bd35cf2fabdeb93fb0d
[2025-03-11T07:00:42.477+0000] {collect_match_info_dag.py:55} WARNING - 429 발생 - 5/5회 시도 중... 키 교체
[2025-03-11T07:00:42.478+0000] {collect_match_info_dag.py:35} WARNING - 429 발생으로 API 키 교체...새로운 키: test_c2c55c4771ad6d38a0544117c93445436524fd2b63b7f92bc6d453074074059cefe8d04e6d233bd35cf2fabdeb93fb0d
[2025-03-11T07:00:42.979+0000] {collect_match_info_dag.py:65} ERROR - 5회 재시도 실패 - url=https://open.api.nexon.com/fconline/v1/id?nickname=%EC%B2%9C%EC%9E%AC%EB%85%B8%EC%B0%BD
[2025-03-11T07:00:43.032+0000] {collect_match_info_dag.py:55} WARNING - 429 발생 - 1/5회 시도 중... 키 교체
[2025-03-11T07:00:43.033+0000] {collect_match_info_dag.py:35} WARNING - 429 발생으로 API 키 교체...새로운 키: test_0ee4cbd363b2f7520651088e59cc0caa6fed3e1d2a3617a4dceddb088e523131efe8d04e6d233bd35cf2fabdeb93fb0d
[2025-03-11T07:00:43.587+0000] {collect_match_info_dag.py:55} WARNING - 429 발생 - 2/5회 시도 중... 키 교체
[2025-03-11T07:00:43.588+0000] {collect_match_info_dag.py:35} WARNING - 429 발생으로 API 키 교체...새로운 키: test_82009af2d05a226d81e500370a7cc07352301037b9b75d6b31132508dbab414aefe8d04e6d233bd35cf2fabdeb93fb0d
[2025-03-11T07:00:44.145+0000] {collect_match_info_dag.py:55} WARNING - 429 발생 - 3/5회 시도 중... 키 교체
[2025-03-11T07:00:44.146+0000] {collect_match_info_dag.py:35} WARNING - 429 발생으로 API 키 교체...새로운 키: test_f39cb830f75f5d182b6c9b69c83fd1bf71f859896966ac35a87be5e65e122179efe8d04e6d233bd35cf2fabdeb93fb0d
[2025-03-11T07:00:44.701+0000] {collect_match_info_dag.py:55} WARNING - 429 발생 - 4/5회 시도 중... 키 교체
[2025-03-11T07:00:44.702+0000] {collect_match_info_dag.py:35} WARNING - 429 발생으로 API 키 교체...새로운 키: test_c2c55c4771ad6d38a0544117c93445436524fd2b63b7f92bc6d453074074059cefe8d04e6d233bd35cf2fabdeb93fb0d
[2025-03-11T07:00:45.258+0000] {collect_match_info_dag.py:55} WARNING - 429 발생 - 5/5회 시도 중... 키 교체
[2025-03-11T07:00:45.259+0000] {collect_match_info_dag.py:35} WARNING - 429 발생으로 API 키 교체...새로운 키: test_0ee4cbd363b2f7520651088e59cc0caa6fed3e1d2a3617a4dceddb088e523131efe8d04e6d233bd35cf2fabdeb93fb0d
[2025-03-11T07:00:45.760+0000] {collect_match_info_dag.py:65} ERROR - 5회 재시도 실패 - url=https://open.api.nexon.com/fconline/v1/id?nickname=%EB%8F%99%EB%85%98%EB%8F%99
[2025-03-11T07:00:45.819+0000] {collect_match_info_dag.py:55} WARNING - 429 발생 - 1/5회 시도 중... 키 교체
[2025-03-11T07:00:45.819+0000] {collect_match_info_dag.py:35} WARNING - 429 발생으로 API 키 교체...새로운 키: test_82009af2d05a226d81e500370a7cc07352301037b9b75d6b31132508dbab414aefe8d04e6d233bd35cf2fabdeb93fb0d
[2025-03-11T07:00:46.375+0000] {collect_match_info_dag.py:55} WARNING - 429 발생 - 2/5회 시도 중... 키 교체
[2025-03-11T07:00:46.376+0000] {collect_match_info_dag.py:35} WARNING - 429 발생으로 API 키 교체...새로운 키: test_f39cb830f75f5d182b6c9b69c83fd1bf71f859896966ac35a87be5e65e122179efe8d04e6d233bd35cf2fabdeb93fb0d
[2025-03-11T07:00:46.937+0000] {collect_match_info_dag.py:55} WARNING - 429 발생 - 3/5회 시도 중... 키 교체
[2025-03-11T07:00:46.937+0000] {collect_match_info_dag.py:35} WARNING - 429 발생으로 API 키 교체...새로운 키: test_c2c55c4771ad6d38a0544117c93445436524fd2b63b7f92bc6d453074074059cefe8d04e6d233bd35cf2fabdeb93fb0d
[2025-03-11T07:00:47.493+0000] {collect_match_info_dag.py:55} WARNING - 429 발생 - 4/5회 시도 중... 키 교체
[2025-03-11T07:00:47.494+0000] {collect_match_info_dag.py:35} WARNING - 429 발생으로 API 키 교체...새로운 키: test_0ee4cbd363b2f7520651088e59cc0caa6fed3e1d2a3617a4dceddb088e523131efe8d04e6d233bd35cf2fabdeb93fb0d
[2025-03-11T07:00:48.073+0000] {collect_match_info_dag.py:55} WARNING - 429 발생 - 5/5회 시도 중... 키 교체
[2025-03-11T07:00:48.074+0000] {collect_match_info_dag.py:35} WARNING - 429 발생으로 API 키 교체...새로운 키: test_82009af2d05a226d81e500370a7cc07352301037b9b75d6b31132508dbab414aefe8d04e6d233bd35cf2fabdeb93fb0d
[2025-03-11T07:00:48.574+0000] {collect_match_info_dag.py:65} ERROR - 5회 재시도 실패 - url=https://open.api.nexon.com/fconline/v1/id?nickname=%EC%97%84%ED%99%8D%EC%8B%9D
[2025-03-11T07:00:48.632+0000] {collect_match_info_dag.py:55} WARNING - 429 발생 - 1/5회 시도 중... 키 교체
[2025-03-11T07:00:48.633+0000] {collect_match_info_dag.py:35} WARNING - 429 발생으로 API 키 교체...새로운 키: test_f39cb830f75f5d182b6c9b69c83fd1bf71f859896966ac35a87be5e65e122179efe8d04e6d233bd35cf2fabdeb93fb0d
[2025-03-11T07:00:49.213+0000] {collect_match_info_dag.py:55} WARNING - 429 발생 - 2/5회 시도 중... 키 교체
[2025-03-11T07:00:49.214+0000] {collect_match_info_dag.py:35} WARNING - 429 발생으로 API 키 교체...새로운 키: test_c2c55c4771ad6d38a0544117c93445436524fd2b63b7f92bc6d453074074059cefe8d04e6d233bd35cf2fabdeb93fb0d
[2025-03-11T07:00:49.773+0000] {collect_match_info_dag.py:55} WARNING - 429 발생 - 3/5회 시도 중... 키 교체
[2025-03-11T07:00:49.774+0000] {collect_match_info_dag.py:35} WARNING - 429 발생으로 API 키 교체...새로운 키: test_0ee4cbd363b2f7520651088e59cc0caa6fed3e1d2a3617a4dceddb088e523131efe8d04e6d233bd35cf2fabdeb93fb0d
[2025-03-11T07:00:50.334+0000] {collect_match_info_dag.py:55} WARNING - 429 발생 - 4/5회 시도 중... 키 교체
[2025-03-11T07:00:50.335+0000] {collect_match_info_dag.py:35} WARNING - 429 발생으로 API 키 교체...새로운 키: test_82009af2d05a226d81e500370a7cc07352301037b9b75d6b31132508dbab414aefe8d04e6d233bd35cf2fabdeb93fb0d
[2025-03-11T07:00:50.896+0000] {collect_match_info_dag.py:55} WARNING - 429 발생 - 5/5회 시도 중... 키 교체
[2025-03-11T07:00:50.897+0000] {collect_match_info_dag.py:35} WARNING - 429 발생으로 API 키 교체...새로운 키: test_f39cb830f75f5d182b6c9b69c83fd1bf71f859896966ac35a87be5e65e122179efe8d04e6d233bd35cf2fabdeb93fb0d
[2025-03-11T07:00:51.398+0000] {collect_match_info_dag.py:65} ERROR - 5회 재시도 실패 - url=https://open.api.nexon.com/fconline/v1/id?nickname=%EB%A6%AC%EB%B0%94%EC%9D%B4%EB%B8%8C%EC%A0%84%EC%A7%80%ED%98%84
[2025-03-11T07:00:51.456+0000] {collect_match_info_dag.py:55} WARNING - 429 발생 - 1/5회 시도 중... 키 교체
[2025-03-11T07:00:51.456+0000] {collect_match_info_dag.py:35} WARNING - 429 발생으로 API 키 교체...새로운 키: test_c2c55c4771ad6d38a0544117c93445436524fd2b63b7f92bc6d453074074059cefe8d04e6d233bd35cf2fabdeb93fb0d
[2025-03-11T07:00:52.015+0000] {collect_match_info_dag.py:55} WARNING - 429 발생 - 2/5회 시도 중... 키 교체
[2025-03-11T07:00:52.016+0000] {collect_match_info_dag.py:35} WARNING - 429 발생으로 API 키 교체...새로운 키: test_0ee4cbd363b2f7520651088e59cc0caa6fed3e1d2a3617a4dceddb088e523131efe8d04e6d233bd35cf2fabdeb93fb0d
[2025-03-11T07:00:52.572+0000] {collect_match_info_dag.py:55} WARNING - 429 발생 - 3/5회 시도 중... 키 교체
[2025-03-11T07:00:52.573+0000] {collect_match_info_dag.py:35} WARNING - 429 발생으로 API 키 교체...새로운 키: test_82009af2d05a226d81e500370a7cc07352301037b9b75d6b31132508dbab414aefe8d04e6d233bd35cf2fabdeb93fb0d
[2025-03-11T07:00:53.129+0000] {collect_match_info_dag.py:55} WARNING - 429 발생 - 4/5회 시도 중... 키 교체
[2025-03-11T07:00:53.130+0000] {collect_match_info_dag.py:35} WARNING - 429 발생으로 API 키 교체...새로운 키: test_f39cb830f75f5d182b6c9b69c83fd1bf71f859896966ac35a87be5e65e122179efe8d04e6d233bd35cf2fabdeb93fb0d
[2025-03-11T07:00:53.683+0000] {collect_match_info_dag.py:55} WARNING - 429 발생 - 5/5회 시도 중... 키 교체
[2025-03-11T07:00:53.684+0000] {collect_match_info_dag.py:35} WARNING - 429 발생으로 API 키 교체...새로운 키: test_c2c55c4771ad6d38a0544117c93445436524fd2b63b7f92bc6d453074074059cefe8d04e6d233bd35cf2fabdeb93fb0d
[2025-03-11T07:00:54.185+0000] {collect_match_info_dag.py:65} ERROR - 5회 재시도 실패 - url=https://open.api.nexon.com/fconline/v1/id?nickname=HAPTIK12
[2025-03-11T07:00:54.249+0000] {collect_match_info_dag.py:55} WARNING - 429 발생 - 1/5회 시도 중... 키 교체
[2025-03-11T07:00:54.250+0000] {collect_match_info_dag.py:35} WARNING - 429 발생으로 API 키 교체...새로운 키: test_0ee4cbd363b2f7520651088e59cc0caa6fed3e1d2a3617a4dceddb088e523131efe8d04e6d233bd35cf2fabdeb93fb0d
[2025-03-11T07:00:54.801+0000] {collect_match_info_dag.py:55} WARNING - 429 발생 - 2/5회 시도 중... 키 교체
[2025-03-11T07:00:54.802+0000] {collect_match_info_dag.py:35} WARNING - 429 발생으로 API 키 교체...새로운 키: test_82009af2d05a226d81e500370a7cc07352301037b9b75d6b31132508dbab414aefe8d04e6d233bd35cf2fabdeb93fb0d
[2025-03-11T07:00:55.357+0000] {collect_match_info_dag.py:55} WARNING - 429 발생 - 3/5회 시도 중... 키 교체
[2025-03-11T07:00:55.358+0000] {collect_match_info_dag.py:35} WARNING - 429 발생으로 API 키 교체...새로운 키: test_f39cb830f75f5d182b6c9b69c83fd1bf71f859896966ac35a87be5e65e122179efe8d04e6d233bd35cf2fabdeb93fb0d
[2025-03-11T07:00:55.916+0000] {collect_match_info_dag.py:55} WARNING - 429 발생 - 4/5회 시도 중... 키 교체
[2025-03-11T07:00:55.917+0000] {collect_match_info_dag.py:35} WARNING - 429 발생으로 API 키 교체...새로운 키: test_c2c55c4771ad6d38a0544117c93445436524fd2b63b7f92bc6d453074074059cefe8d04e6d233bd35cf2fabdeb93fb0d
[2025-03-11T07:00:56.476+0000] {collect_match_info_dag.py:55} WARNING - 429 발생 - 5/5회 시도 중... 키 교체
[2025-03-11T07:00:56.477+0000] {collect_match_info_dag.py:35} WARNING - 429 발생으로 API 키 교체...새로운 키: test_0ee4cbd363b2f7520651088e59cc0caa6fed3e1d2a3617a4dceddb088e523131efe8d04e6d233bd35cf2fabdeb93fb0d
[2025-03-11T07:00:56.978+0000] {collect_match_info_dag.py:65} ERROR - 5회 재시도 실패 - url=https://open.api.nexon.com/fconline/v1/id?nickname=DRXONE
[2025-03-11T07:00:57.043+0000] {collect_match_info_dag.py:55} WARNING - 429 발생 - 1/5회 시도 중... 키 교체
[2025-03-11T07:00:57.044+0000] {collect_match_info_dag.py:35} WARNING - 429 발생으로 API 키 교체...새로운 키: test_82009af2d05a226d81e500370a7cc07352301037b9b75d6b31132508dbab414aefe8d04e6d233bd35cf2fabdeb93fb0d
[2025-03-11T07:00:57.600+0000] {collect_match_info_dag.py:55} WARNING - 429 발생 - 2/5회 시도 중... 키 교체
[2025-03-11T07:00:57.600+0000] {collect_match_info_dag.py:35} WARNING - 429 발생으로 API 키 교체...새로운 키: test_f39cb830f75f5d182b6c9b69c83fd1bf71f859896966ac35a87be5e65e122179efe8d04e6d233bd35cf2fabdeb93fb0d
[2025-03-11T07:00:58.154+0000] {collect_match_info_dag.py:55} WARNING - 429 발생 - 3/5회 시도 중... 키 교체
[2025-03-11T07:00:58.155+0000] {collect_match_info_dag.py:35} WARNING - 429 발생으로 API 키 교체...새로운 키: test_c2c55c4771ad6d38a0544117c93445436524fd2b63b7f92bc6d453074074059cefe8d04e6d233bd35cf2fabdeb93fb0d
[2025-03-11T07:00:58.715+0000] {collect_match_info_dag.py:55} WARNING - 429 발생 - 4/5회 시도 중... 키 교체
[2025-03-11T07:00:58.716+0000] {collect_match_info_dag.py:35} WARNING - 429 발생으로 API 키 교체...새로운 키: test_0ee4cbd363b2f7520651088e59cc0caa6fed3e1d2a3617a4dceddb088e523131efe8d04e6d233bd35cf2fabdeb93fb0d
[2025-03-11T07:00:59.274+0000] {collect_match_info_dag.py:55} WARNING - 429 발생 - 5/5회 시도 중... 키 교체
[2025-03-11T07:00:59.275+0000] {collect_match_info_dag.py:35} WARNING - 429 발생으로 API 키 교체...새로운 키: test_82009af2d05a226d81e500370a7cc07352301037b9b75d6b31132508dbab414aefe8d04e6d233bd35cf2fabdeb93fb0d
[2025-03-11T07:00:59.776+0000] {collect_match_info_dag.py:65} ERROR - 5회 재시도 실패 - url=https://open.api.nexon.com/fconline/v1/id?nickname=%EC%9D%B8%EB%B0%94%EB%94%94
[2025-03-11T07:00:59.833+0000] {collect_match_info_dag.py:55} WARNING - 429 발생 - 1/5회 시도 중... 키 교체
[2025-03-11T07:00:59.833+0000] {collect_match_info_dag.py:35} WARNING - 429 발생으로 API 키 교체...새로운 키: test_f39cb830f75f5d182b6c9b69c83fd1bf71f859896966ac35a87be5e65e122179efe8d04e6d233bd35cf2fabdeb93fb0d
[2025-03-11T07:01:00.391+0000] {collect_match_info_dag.py:55} WARNING - 429 발생 - 2/5회 시도 중... 키 교체
[2025-03-11T07:01:00.392+0000] {collect_match_info_dag.py:35} WARNING - 429 발생으로 API 키 교체...새로운 키: test_c2c55c4771ad6d38a0544117c93445436524fd2b63b7f92bc6d453074074059cefe8d04e6d233bd35cf2fabdeb93fb0d
[2025-03-11T07:01:00.962+0000] {collect_match_info_dag.py:55} WARNING - 429 발생 - 3/5회 시도 중... 키 교체
[2025-03-11T07:01:00.963+0000] {collect_match_info_dag.py:35} WARNING - 429 발생으로 API 키 교체...새로운 키: test_0ee4cbd363b2f7520651088e59cc0caa6fed3e1d2a3617a4dceddb088e523131efe8d04e6d233bd35cf2fabdeb93fb0d
[2025-03-11T07:01:01.526+0000] {collect_match_info_dag.py:55} WARNING - 429 발생 - 4/5회 시도 중... 키 교체
[2025-03-11T07:01:01.527+0000] {collect_match_info_dag.py:35} WARNING - 429 발생으로 API 키 교체...새로운 키: test_82009af2d05a226d81e500370a7cc07352301037b9b75d6b31132508dbab414aefe8d04e6d233bd35cf2fabdeb93fb0d
[2025-03-11T07:01:02.121+0000] {collect_match_info_dag.py:55} WARNING - 429 발생 - 5/5회 시도 중... 키 교체
[2025-03-11T07:01:02.122+0000] {collect_match_info_dag.py:35} WARNING - 429 발생으로 API 키 교체...새로운 키: test_f39cb830f75f5d182b6c9b69c83fd1bf71f859896966ac35a87be5e65e122179efe8d04e6d233bd35cf2fabdeb93fb0d
[2025-03-11T07:01:02.622+0000] {collect_match_info_dag.py:65} ERROR - 5회 재시도 실패 - url=https://open.api.nexon.com/fconline/v1/id?nickname=DNFJade
[2025-03-11T07:01:02.707+0000] {collect_match_info_dag.py:55} WARNING - 429 발생 - 1/5회 시도 중... 키 교체
[2025-03-11T07:01:02.707+0000] {collect_match_info_dag.py:35} WARNING - 429 발생으로 API 키 교체...새로운 키: test_c2c55c4771ad6d38a0544117c93445436524fd2b63b7f92bc6d453074074059cefe8d04e6d233bd35cf2fabdeb93fb0d
[2025-03-11T07:01:03.269+0000] {collect_match_info_dag.py:55} WARNING - 429 발생 - 2/5회 시도 중... 키 교체
[2025-03-11T07:01:03.270+0000] {collect_match_info_dag.py:35} WARNING - 429 발생으로 API 키 교체...새로운 키: test_0ee4cbd363b2f7520651088e59cc0caa6fed3e1d2a3617a4dceddb088e523131efe8d04e6d233bd35cf2fabdeb93fb0d
[2025-03-11T07:01:03.826+0000] {collect_match_info_dag.py:55} WARNING - 429 발생 - 3/5회 시도 중... 키 교체
[2025-03-11T07:01:03.827+0000] {collect_match_info_dag.py:35} WARNING - 429 발생으로 API 키 교체...새로운 키: test_82009af2d05a226d81e500370a7cc07352301037b9b75d6b31132508dbab414aefe8d04e6d233bd35cf2fabdeb93fb0d
[2025-03-11T07:01:04.382+0000] {collect_match_info_dag.py:55} WARNING - 429 발생 - 4/5회 시도 중... 키 교체
[2025-03-11T07:01:04.383+0000] {collect_match_info_dag.py:35} WARNING - 429 발생으로 API 키 교체...새로운 키: test_f39cb830f75f5d182b6c9b69c83fd1bf71f859896966ac35a87be5e65e122179efe8d04e6d233bd35cf2fabdeb93fb0d
[2025-03-11T07:01:04.936+0000] {collect_match_info_dag.py:55} WARNING - 429 발생 - 5/5회 시도 중... 키 교체
[2025-03-11T07:01:04.937+0000] {collect_match_info_dag.py:35} WARNING - 429 발생으로 API 키 교체...새로운 키: test_c2c55c4771ad6d38a0544117c93445436524fd2b63b7f92bc6d453074074059cefe8d04e6d233bd35cf2fabdeb93fb0d
[2025-03-11T07:01:05.438+0000] {collect_match_info_dag.py:65} ERROR - 5회 재시도 실패 - url=https://open.api.nexon.com/fconline/v1/id?nickname=Volition%EA%B9%80%EC%9B%90
[2025-03-11T07:01:05.496+0000] {collect_match_info_dag.py:55} WARNING - 429 발생 - 1/5회 시도 중... 키 교체
[2025-03-11T07:01:05.496+0000] {collect_match_info_dag.py:35} WARNING - 429 발생으로 API 키 교체...새로운 키: test_0ee4cbd363b2f7520651088e59cc0caa6fed3e1d2a3617a4dceddb088e523131efe8d04e6d233bd35cf2fabdeb93fb0d
[2025-03-11T07:01:06.053+0000] {collect_match_info_dag.py:55} WARNING - 429 발생 - 2/5회 시도 중... 키 교체
[2025-03-11T07:01:06.053+0000] {collect_match_info_dag.py:35} WARNING - 429 발생으로 API 키 교체...새로운 키: test_82009af2d05a226d81e500370a7cc07352301037b9b75d6b31132508dbab414aefe8d04e6d233bd35cf2fabdeb93fb0d
[2025-03-11T07:01:06.624+0000] {collect_match_info_dag.py:55} WARNING - 429 발생 - 3/5회 시도 중... 키 교체
[2025-03-11T07:01:06.624+0000] {collect_match_info_dag.py:35} WARNING - 429 발생으로 API 키 교체...새로운 키: test_f39cb830f75f5d182b6c9b69c83fd1bf71f859896966ac35a87be5e65e122179efe8d04e6d233bd35cf2fabdeb93fb0d
[2025-03-11T07:01:07.189+0000] {collect_match_info_dag.py:55} WARNING - 429 발생 - 4/5회 시도 중... 키 교체
[2025-03-11T07:01:07.190+0000] {collect_match_info_dag.py:35} WARNING - 429 발생으로 API 키 교체...새로운 키: test_c2c55c4771ad6d38a0544117c93445436524fd2b63b7f92bc6d453074074059cefe8d04e6d233bd35cf2fabdeb93fb0d
[2025-03-11T07:01:07.756+0000] {collect_match_info_dag.py:55} WARNING - 429 발생 - 5/5회 시도 중... 키 교체
[2025-03-11T07:01:07.757+0000] {collect_match_info_dag.py:35} WARNING - 429 발생으로 API 키 교체...새로운 키: test_0ee4cbd363b2f7520651088e59cc0caa6fed3e1d2a3617a4dceddb088e523131efe8d04e6d233bd35cf2fabdeb93fb0d
[2025-03-11T07:01:08.258+0000] {collect_match_info_dag.py:65} ERROR - 5회 재시도 실패 - url=https://open.api.nexon.com/fconline/v1/id?nickname=2030%EB%85%84%EB%8F%85%EC%9D%BC%EC%97%AC%ED%96%89
[2025-03-11T07:01:08.332+0000] {collect_match_info_dag.py:55} WARNING - 429 발생 - 1/5회 시도 중... 키 교체
[2025-03-11T07:01:08.333+0000] {collect_match_info_dag.py:35} WARNING - 429 발생으로 API 키 교체...새로운 키: test_82009af2d05a226d81e500370a7cc07352301037b9b75d6b31132508dbab414aefe8d04e6d233bd35cf2fabdeb93fb0d
[2025-03-11T07:01:08.890+0000] {collect_match_info_dag.py:55} WARNING - 429 발생 - 2/5회 시도 중... 키 교체
[2025-03-11T07:01:08.890+0000] {collect_match_info_dag.py:35} WARNING - 429 발생으로 API 키 교체...새로운 키: test_f39cb830f75f5d182b6c9b69c83fd1bf71f859896966ac35a87be5e65e122179efe8d04e6d233bd35cf2fabdeb93fb0d
[2025-03-11T07:01:09.448+0000] {collect_match_info_dag.py:55} WARNING - 429 발생 - 3/5회 시도 중... 키 교체
[2025-03-11T07:01:09.449+0000] {collect_match_info_dag.py:35} WARNING - 429 발생으로 API 키 교체...새로운 키: test_c2c55c4771ad6d38a0544117c93445436524fd2b63b7f92bc6d453074074059cefe8d04e6d233bd35cf2fabdeb93fb0d
[2025-03-11T07:01:10.002+0000] {collect_match_info_dag.py:55} WARNING - 429 발생 - 4/5회 시도 중... 키 교체
[2025-03-11T07:01:10.002+0000] {collect_match_info_dag.py:35} WARNING - 429 발생으로 API 키 교체...새로운 키: test_0ee4cbd363b2f7520651088e59cc0caa6fed3e1d2a3617a4dceddb088e523131efe8d04e6d233bd35cf2fabdeb93fb0d
[2025-03-11T07:01:10.564+0000] {collect_match_info_dag.py:55} WARNING - 429 발생 - 5/5회 시도 중... 키 교체
[2025-03-11T07:01:10.565+0000] {collect_match_info_dag.py:35} WARNING - 429 발생으로 API 키 교체...새로운 키: test_82009af2d05a226d81e500370a7cc07352301037b9b75d6b31132508dbab414aefe8d04e6d233bd35cf2fabdeb93fb0d
[2025-03-11T07:01:11.066+0000] {collect_match_info_dag.py:65} ERROR - 5회 재시도 실패 - url=https://open.api.nexon.com/fconline/v1/id?nickname=Juventus
[2025-03-11T07:01:11.120+0000] {collect_match_info_dag.py:55} WARNING - 429 발생 - 1/5회 시도 중... 키 교체
[2025-03-11T07:01:11.121+0000] {collect_match_info_dag.py:35} WARNING - 429 발생으로 API 키 교체...새로운 키: test_f39cb830f75f5d182b6c9b69c83fd1bf71f859896966ac35a87be5e65e122179efe8d04e6d233bd35cf2fabdeb93fb0d
[2025-03-11T07:01:11.677+0000] {collect_match_info_dag.py:55} WARNING - 429 발생 - 2/5회 시도 중... 키 교체
[2025-03-11T07:01:11.678+0000] {collect_match_info_dag.py:35} WARNING - 429 발생으로 API 키 교체...새로운 키: test_c2c55c4771ad6d38a0544117c93445436524fd2b63b7f92bc6d453074074059cefe8d04e6d233bd35cf2fabdeb93fb0d
[2025-03-11T07:01:12.236+0000] {collect_match_info_dag.py:55} WARNING - 429 발생 - 3/5회 시도 중... 키 교체
[2025-03-11T07:01:12.237+0000] {collect_match_info_dag.py:35} WARNING - 429 발생으로 API 키 교체...새로운 키: test_0ee4cbd363b2f7520651088e59cc0caa6fed3e1d2a3617a4dceddb088e523131efe8d04e6d233bd35cf2fabdeb93fb0d
[2025-03-11T07:01:12.794+0000] {collect_match_info_dag.py:55} WARNING - 429 발생 - 4/5회 시도 중... 키 교체
[2025-03-11T07:01:12.794+0000] {collect_match_info_dag.py:35} WARNING - 429 발생으로 API 키 교체...새로운 키: test_82009af2d05a226d81e500370a7cc07352301037b9b75d6b31132508dbab414aefe8d04e6d233bd35cf2fabdeb93fb0d
[2025-03-11T07:01:13.351+0000] {collect_match_info_dag.py:55} WARNING - 429 발생 - 5/5회 시도 중... 키 교체
[2025-03-11T07:01:13.352+0000] {collect_match_info_dag.py:35} WARNING - 429 발생으로 API 키 교체...새로운 키: test_f39cb830f75f5d182b6c9b69c83fd1bf71f859896966ac35a87be5e65e122179efe8d04e6d233bd35cf2fabdeb93fb0d
[2025-03-11T07:01:13.853+0000] {collect_match_info_dag.py:65} ERROR - 5회 재시도 실패 - url=https://open.api.nexon.com/fconline/v1/id?nickname=%EB%89%B4%EC%95%A0%EB%9D%BC
[2025-03-11T07:01:13.912+0000] {collect_match_info_dag.py:55} WARNING - 429 발생 - 1/5회 시도 중... 키 교체
[2025-03-11T07:01:13.913+0000] {collect_match_info_dag.py:35} WARNING - 429 발생으로 API 키 교체...새로운 키: test_c2c55c4771ad6d38a0544117c93445436524fd2b63b7f92bc6d453074074059cefe8d04e6d233bd35cf2fabdeb93fb0d
[2025-03-11T07:01:14.474+0000] {collect_match_info_dag.py:55} WARNING - 429 발생 - 2/5회 시도 중... 키 교체
[2025-03-11T07:01:14.475+0000] {collect_match_info_dag.py:35} WARNING - 429 발생으로 API 키 교체...새로운 키: test_0ee4cbd363b2f7520651088e59cc0caa6fed3e1d2a3617a4dceddb088e523131efe8d04e6d233bd35cf2fabdeb93fb0d
[2025-03-11T07:01:15.030+0000] {collect_match_info_dag.py:55} WARNING - 429 발생 - 3/5회 시도 중... 키 교체
[2025-03-11T07:01:15.031+0000] {collect_match_info_dag.py:35} WARNING - 429 발생으로 API 키 교체...새로운 키: test_82009af2d05a226d81e500370a7cc07352301037b9b75d6b31132508dbab414aefe8d04e6d233bd35cf2fabdeb93fb0d
[2025-03-11T07:01:15.602+0000] {collect_match_info_dag.py:55} WARNING - 429 발생 - 4/5회 시도 중... 키 교체
[2025-03-11T07:01:15.603+0000] {collect_match_info_dag.py:35} WARNING - 429 발생으로 API 키 교체...새로운 키: test_f39cb830f75f5d182b6c9b69c83fd1bf71f859896966ac35a87be5e65e122179efe8d04e6d233bd35cf2fabdeb93fb0d
[2025-03-11T07:01:16.160+0000] {collect_match_info_dag.py:55} WARNING - 429 발생 - 5/5회 시도 중... 키 교체
[2025-03-11T07:01:16.161+0000] {collect_match_info_dag.py:35} WARNING - 429 발생으로 API 키 교체...새로운 키: test_c2c55c4771ad6d38a0544117c93445436524fd2b63b7f92bc6d453074074059cefe8d04e6d233bd35cf2fabdeb93fb0d
[2025-03-11T07:01:16.662+0000] {collect_match_info_dag.py:65} ERROR - 5회 재시도 실패 - url=https://open.api.nexon.com/fconline/v1/id?nickname=%EB%B0%A9%ED%98%84%EC%A4%80
[2025-03-11T07:01:16.718+0000] {collect_match_info_dag.py:55} WARNING - 429 발생 - 1/5회 시도 중... 키 교체
[2025-03-11T07:01:16.718+0000] {collect_match_info_dag.py:35} WARNING - 429 발생으로 API 키 교체...새로운 키: test_0ee4cbd363b2f7520651088e59cc0caa6fed3e1d2a3617a4dceddb088e523131efe8d04e6d233bd35cf2fabdeb93fb0d
[2025-03-11T07:01:17.275+0000] {collect_match_info_dag.py:55} WARNING - 429 발생 - 2/5회 시도 중... 키 교체
[2025-03-11T07:01:17.276+0000] {collect_match_info_dag.py:35} WARNING - 429 발생으로 API 키 교체...새로운 키: test_82009af2d05a226d81e500370a7cc07352301037b9b75d6b31132508dbab414aefe8d04e6d233bd35cf2fabdeb93fb0d
[2025-03-11T07:01:17.832+0000] {collect_match_info_dag.py:55} WARNING - 429 발생 - 3/5회 시도 중... 키 교체
[2025-03-11T07:01:17.833+0000] {collect_match_info_dag.py:35} WARNING - 429 발생으로 API 키 교체...새로운 키: test_f39cb830f75f5d182b6c9b69c83fd1bf71f859896966ac35a87be5e65e122179efe8d04e6d233bd35cf2fabdeb93fb0d
[2025-03-11T07:01:18.391+0000] {collect_match_info_dag.py:55} WARNING - 429 발생 - 4/5회 시도 중... 키 교체
[2025-03-11T07:01:18.391+0000] {collect_match_info_dag.py:35} WARNING - 429 발생으로 API 키 교체...새로운 키: test_c2c55c4771ad6d38a0544117c93445436524fd2b63b7f92bc6d453074074059cefe8d04e6d233bd35cf2fabdeb93fb0d
[2025-03-11T07:01:18.953+0000] {collect_match_info_dag.py:55} WARNING - 429 발생 - 5/5회 시도 중... 키 교체
[2025-03-11T07:01:18.954+0000] {collect_match_info_dag.py:35} WARNING - 429 발생으로 API 키 교체...새로운 키: test_0ee4cbd363b2f7520651088e59cc0caa6fed3e1d2a3617a4dceddb088e523131efe8d04e6d233bd35cf2fabdeb93fb0d
[2025-03-11T07:01:19.455+0000] {collect_match_info_dag.py:65} ERROR - 5회 재시도 실패 - url=https://open.api.nexon.com/fconline/v1/id?nickname=%EB%A1%A4%EB%A1%9C%EB%85%B8%EC%95%84%EC%9E%A5%ED%98%95%EC%84%9D
[2025-03-11T07:01:19.522+0000] {collect_match_info_dag.py:55} WARNING - 429 발생 - 1/5회 시도 중... 키 교체
[2025-03-11T07:01:19.522+0000] {collect_match_info_dag.py:35} WARNING - 429 발생으로 API 키 교체...새로운 키: test_82009af2d05a226d81e500370a7cc07352301037b9b75d6b31132508dbab414aefe8d04e6d233bd35cf2fabdeb93fb0d
[2025-03-11T07:01:20.077+0000] {collect_match_info_dag.py:55} WARNING - 429 발생 - 2/5회 시도 중... 키 교체
[2025-03-11T07:01:20.078+0000] {collect_match_info_dag.py:35} WARNING - 429 발생으로 API 키 교체...새로운 키: test_f39cb830f75f5d182b6c9b69c83fd1bf71f859896966ac35a87be5e65e122179efe8d04e6d233bd35cf2fabdeb93fb0d
[2025-03-11T07:01:20.638+0000] {collect_match_info_dag.py:55} WARNING - 429 발생 - 3/5회 시도 중... 키 교체
[2025-03-11T07:01:20.639+0000] {collect_match_info_dag.py:35} WARNING - 429 발생으로 API 키 교체...새로운 키: test_c2c55c4771ad6d38a0544117c93445436524fd2b63b7f92bc6d453074074059cefe8d04e6d233bd35cf2fabdeb93fb0d
[2025-03-11T07:01:21.194+0000] {collect_match_info_dag.py:55} WARNING - 429 발생 - 4/5회 시도 중... 키 교체
[2025-03-11T07:01:21.195+0000] {collect_match_info_dag.py:35} WARNING - 429 발생으로 API 키 교체...새로운 키: test_0ee4cbd363b2f7520651088e59cc0caa6fed3e1d2a3617a4dceddb088e523131efe8d04e6d233bd35cf2fabdeb93fb0d
[2025-03-11T07:01:21.749+0000] {collect_match_info_dag.py:55} WARNING - 429 발생 - 5/5회 시도 중... 키 교체
[2025-03-11T07:01:21.750+0000] {collect_match_info_dag.py:35} WARNING - 429 발생으로 API 키 교체...새로운 키: test_82009af2d05a226d81e500370a7cc07352301037b9b75d6b31132508dbab414aefe8d04e6d233bd35cf2fabdeb93fb0d
[2025-03-11T07:01:22.251+0000] {collect_match_info_dag.py:65} ERROR - 5회 재시도 실패 - url=https://open.api.nexon.com/fconline/v1/id?nickname=Prime%EB%AA%BD%EC%A3%BC
[2025-03-11T07:01:22.308+0000] {collect_match_info_dag.py:55} WARNING - 429 발생 - 1/5회 시도 중... 키 교체
[2025-03-11T07:01:22.308+0000] {collect_match_info_dag.py:35} WARNING - 429 발생으로 API 키 교체...새로운 키: test_f39cb830f75f5d182b6c9b69c83fd1bf71f859896966ac35a87be5e65e122179efe8d04e6d233bd35cf2fabdeb93fb0d
[2025-03-11T07:01:22.863+0000] {collect_match_info_dag.py:55} WARNING - 429 발생 - 2/5회 시도 중... 키 교체
[2025-03-11T07:01:22.864+0000] {collect_match_info_dag.py:35} WARNING - 429 발생으로 API 키 교체...새로운 키: test_c2c55c4771ad6d38a0544117c93445436524fd2b63b7f92bc6d453074074059cefe8d04e6d233bd35cf2fabdeb93fb0d
[2025-03-11T07:01:23.422+0000] {collect_match_info_dag.py:55} WARNING - 429 발생 - 3/5회 시도 중... 키 교체
[2025-03-11T07:01:23.422+0000] {collect_match_info_dag.py:35} WARNING - 429 발생으로 API 키 교체...새로운 키: test_0ee4cbd363b2f7520651088e59cc0caa6fed3e1d2a3617a4dceddb088e523131efe8d04e6d233bd35cf2fabdeb93fb0d
[2025-03-11T07:01:23.976+0000] {collect_match_info_dag.py:55} WARNING - 429 발생 - 4/5회 시도 중... 키 교체
[2025-03-11T07:01:23.977+0000] {collect_match_info_dag.py:35} WARNING - 429 발생으로 API 키 교체...새로운 키: test_82009af2d05a226d81e500370a7cc07352301037b9b75d6b31132508dbab414aefe8d04e6d233bd35cf2fabdeb93fb0d
[2025-03-11T07:01:24.531+0000] {collect_match_info_dag.py:55} WARNING - 429 발생 - 5/5회 시도 중... 키 교체
[2025-03-11T07:01:24.532+0000] {collect_match_info_dag.py:35} WARNING - 429 발생으로 API 키 교체...새로운 키: test_f39cb830f75f5d182b6c9b69c83fd1bf71f859896966ac35a87be5e65e122179efe8d04e6d233bd35cf2fabdeb93fb0d
[2025-03-11T07:01:25.033+0000] {collect_match_info_dag.py:65} ERROR - 5회 재시도 실패 - url=https://open.api.nexon.com/fconline/v1/id?nickname=%EB%A6%AC%EB%B0%94%EC%9D%B4%EB%B8%8C%EC%97%90%EC%8A%A4%EB%94%94
[2025-03-11T07:01:25.090+0000] {collect_match_info_dag.py:55} WARNING - 429 발생 - 1/5회 시도 중... 키 교체
[2025-03-11T07:01:25.090+0000] {collect_match_info_dag.py:35} WARNING - 429 발생으로 API 키 교체...새로운 키: test_c2c55c4771ad6d38a0544117c93445436524fd2b63b7f92bc6d453074074059cefe8d04e6d233bd35cf2fabdeb93fb0d
[2025-03-11T07:01:25.651+0000] {collect_match_info_dag.py:55} WARNING - 429 발생 - 2/5회 시도 중... 키 교체
[2025-03-11T07:01:25.652+0000] {collect_match_info_dag.py:35} WARNING - 429 발생으로 API 키 교체...새로운 키: test_0ee4cbd363b2f7520651088e59cc0caa6fed3e1d2a3617a4dceddb088e523131efe8d04e6d233bd35cf2fabdeb93fb0d
[2025-03-11T07:01:26.209+0000] {collect_match_info_dag.py:55} WARNING - 429 발생 - 3/5회 시도 중... 키 교체
[2025-03-11T07:01:26.209+0000] {collect_match_info_dag.py:35} WARNING - 429 발생으로 API 키 교체...새로운 키: test_82009af2d05a226d81e500370a7cc07352301037b9b75d6b31132508dbab414aefe8d04e6d233bd35cf2fabdeb93fb0d
[2025-03-11T07:01:26.775+0000] {collect_match_info_dag.py:55} WARNING - 429 발생 - 4/5회 시도 중... 키 교체
[2025-03-11T07:01:26.776+0000] {collect_match_info_dag.py:35} WARNING - 429 발생으로 API 키 교체...새로운 키: test_f39cb830f75f5d182b6c9b69c83fd1bf71f859896966ac35a87be5e65e122179efe8d04e6d233bd35cf2fabdeb93fb0d
[2025-03-11T07:01:27.380+0000] {collect_match_info_dag.py:55} WARNING - 429 발생 - 5/5회 시도 중... 키 교체
[2025-03-11T07:01:27.381+0000] {collect_match_info_dag.py:35} WARNING - 429 발생으로 API 키 교체...새로운 키: test_c2c55c4771ad6d38a0544117c93445436524fd2b63b7f92bc6d453074074059cefe8d04e6d233bd35cf2fabdeb93fb0d
[2025-03-11T07:01:27.882+0000] {collect_match_info_dag.py:65} ERROR - 5회 재시도 실패 - url=https://open.api.nexon.com/fconline/v1/id?nickname=%EC%A0%95%EA%B8%80%EB%A7%81
[2025-03-11T07:01:27.944+0000] {collect_match_info_dag.py:55} WARNING - 429 발생 - 1/5회 시도 중... 키 교체
[2025-03-11T07:01:27.945+0000] {collect_match_info_dag.py:35} WARNING - 429 발생으로 API 키 교체...새로운 키: test_0ee4cbd363b2f7520651088e59cc0caa6fed3e1d2a3617a4dceddb088e523131efe8d04e6d233bd35cf2fabdeb93fb0d
[2025-03-11T07:01:28.503+0000] {collect_match_info_dag.py:55} WARNING - 429 발생 - 2/5회 시도 중... 키 교체
[2025-03-11T07:01:28.504+0000] {collect_match_info_dag.py:35} WARNING - 429 발생으로 API 키 교체...새로운 키: test_82009af2d05a226d81e500370a7cc07352301037b9b75d6b31132508dbab414aefe8d04e6d233bd35cf2fabdeb93fb0d
[2025-03-11T07:01:29.061+0000] {collect_match_info_dag.py:55} WARNING - 429 발생 - 3/5회 시도 중... 키 교체
[2025-03-11T07:01:29.062+0000] {collect_match_info_dag.py:35} WARNING - 429 발생으로 API 키 교체...새로운 키: test_f39cb830f75f5d182b6c9b69c83fd1bf71f859896966ac35a87be5e65e122179efe8d04e6d233bd35cf2fabdeb93fb0d
[2025-03-11T07:01:29.618+0000] {collect_match_info_dag.py:55} WARNING - 429 발생 - 4/5회 시도 중... 키 교체
[2025-03-11T07:01:29.619+0000] {collect_match_info_dag.py:35} WARNING - 429 발생으로 API 키 교체...새로운 키: test_c2c55c4771ad6d38a0544117c93445436524fd2b63b7f92bc6d453074074059cefe8d04e6d233bd35cf2fabdeb93fb0d
[2025-03-11T07:01:30.174+0000] {collect_match_info_dag.py:55} WARNING - 429 발생 - 5/5회 시도 중... 키 교체
[2025-03-11T07:01:30.175+0000] {collect_match_info_dag.py:35} WARNING - 429 발생으로 API 키 교체...새로운 키: test_0ee4cbd363b2f7520651088e59cc0caa6fed3e1d2a3617a4dceddb088e523131efe8d04e6d233bd35cf2fabdeb93fb0d
[2025-03-11T07:01:30.676+0000] {collect_match_info_dag.py:65} ERROR - 5회 재시도 실패 - url=https://open.api.nexon.com/fconline/v1/id?nickname=%ED%94%84%ED%8B%B0
[2025-03-11T07:01:30.732+0000] {collect_match_info_dag.py:55} WARNING - 429 발생 - 1/5회 시도 중... 키 교체
[2025-03-11T07:01:30.732+0000] {collect_match_info_dag.py:35} WARNING - 429 발생으로 API 키 교체...새로운 키: test_82009af2d05a226d81e500370a7cc07352301037b9b75d6b31132508dbab414aefe8d04e6d233bd35cf2fabdeb93fb0d
[2025-03-11T07:01:31.302+0000] {collect_match_info_dag.py:55} WARNING - 429 발생 - 2/5회 시도 중... 키 교체
[2025-03-11T07:01:31.302+0000] {collect_match_info_dag.py:35} WARNING - 429 발생으로 API 키 교체...새로운 키: test_f39cb830f75f5d182b6c9b69c83fd1bf71f859896966ac35a87be5e65e122179efe8d04e6d233bd35cf2fabdeb93fb0d
[2025-03-11T07:01:31.859+0000] {collect_match_info_dag.py:55} WARNING - 429 발생 - 3/5회 시도 중... 키 교체
[2025-03-11T07:01:31.860+0000] {collect_match_info_dag.py:35} WARNING - 429 발생으로 API 키 교체...새로운 키: test_c2c55c4771ad6d38a0544117c93445436524fd2b63b7f92bc6d453074074059cefe8d04e6d233bd35cf2fabdeb93fb0d
[2025-03-11T07:01:32.418+0000] {collect_match_info_dag.py:55} WARNING - 429 발생 - 4/5회 시도 중... 키 교체
[2025-03-11T07:01:32.419+0000] {collect_match_info_dag.py:35} WARNING - 429 발생으로 API 키 교체...새로운 키: test_0ee4cbd363b2f7520651088e59cc0caa6fed3e1d2a3617a4dceddb088e523131efe8d04e6d233bd35cf2fabdeb93fb0d
[2025-03-11T07:01:32.974+0000] {collect_match_info_dag.py:55} WARNING - 429 발생 - 5/5회 시도 중... 키 교체
[2025-03-11T07:01:32.974+0000] {collect_match_info_dag.py:35} WARNING - 429 발생으로 API 키 교체...새로운 키: test_82009af2d05a226d81e500370a7cc07352301037b9b75d6b31132508dbab414aefe8d04e6d233bd35cf2fabdeb93fb0d
[2025-03-11T07:01:33.475+0000] {collect_match_info_dag.py:65} ERROR - 5회 재시도 실패 - url=https://open.api.nexon.com/fconline/v1/id?nickname=GGAIGLoo
[2025-03-11T07:01:33.533+0000] {collect_match_info_dag.py:55} WARNING - 429 발생 - 1/5회 시도 중... 키 교체
[2025-03-11T07:01:33.533+0000] {collect_match_info_dag.py:35} WARNING - 429 발생으로 API 키 교체...새로운 키: test_f39cb830f75f5d182b6c9b69c83fd1bf71f859896966ac35a87be5e65e122179efe8d04e6d233bd35cf2fabdeb93fb0d
[2025-03-11T07:01:34.091+0000] {collect_match_info_dag.py:55} WARNING - 429 발생 - 2/5회 시도 중... 키 교체
[2025-03-11T07:01:34.092+0000] {collect_match_info_dag.py:35} WARNING - 429 발생으로 API 키 교체...새로운 키: test_c2c55c4771ad6d38a0544117c93445436524fd2b63b7f92bc6d453074074059cefe8d04e6d233bd35cf2fabdeb93fb0d
[2025-03-11T07:01:34.662+0000] {collect_match_info_dag.py:55} WARNING - 429 발생 - 3/5회 시도 중... 키 교체
[2025-03-11T07:01:34.663+0000] {collect_match_info_dag.py:35} WARNING - 429 발생으로 API 키 교체...새로운 키: test_0ee4cbd363b2f7520651088e59cc0caa6fed3e1d2a3617a4dceddb088e523131efe8d04e6d233bd35cf2fabdeb93fb0d
[2025-03-11T07:01:35.223+0000] {collect_match_info_dag.py:55} WARNING - 429 발생 - 4/5회 시도 중... 키 교체
[2025-03-11T07:01:35.223+0000] {collect_match_info_dag.py:35} WARNING - 429 발생으로 API 키 교체...새로운 키: test_82009af2d05a226d81e500370a7cc07352301037b9b75d6b31132508dbab414aefe8d04e6d233bd35cf2fabdeb93fb0d
[2025-03-11T07:01:35.778+0000] {collect_match_info_dag.py:55} WARNING - 429 발생 - 5/5회 시도 중... 키 교체
[2025-03-11T07:01:35.778+0000] {collect_match_info_dag.py:35} WARNING - 429 발생으로 API 키 교체...새로운 키: test_f39cb830f75f5d182b6c9b69c83fd1bf71f859896966ac35a87be5e65e122179efe8d04e6d233bd35cf2fabdeb93fb0d
[2025-03-11T07:01:36.279+0000] {collect_match_info_dag.py:65} ERROR - 5회 재시도 실패 - url=https://open.api.nexon.com/fconline/v1/id?nickname=%EB%B9%A0%EB%B8%8C
[2025-03-11T07:01:36.336+0000] {collect_match_info_dag.py:55} WARNING - 429 발생 - 1/5회 시도 중... 키 교체
[2025-03-11T07:01:36.336+0000] {collect_match_info_dag.py:35} WARNING - 429 발생으로 API 키 교체...새로운 키: test_c2c55c4771ad6d38a0544117c93445436524fd2b63b7f92bc6d453074074059cefe8d04e6d233bd35cf2fabdeb93fb0d
[2025-03-11T07:01:36.893+0000] {collect_match_info_dag.py:55} WARNING - 429 발생 - 2/5회 시도 중... 키 교체
[2025-03-11T07:01:36.894+0000] {collect_match_info_dag.py:35} WARNING - 429 발생으로 API 키 교체...새로운 키: test_0ee4cbd363b2f7520651088e59cc0caa6fed3e1d2a3617a4dceddb088e523131efe8d04e6d233bd35cf2fabdeb93fb0d
[2025-03-11T07:01:37.451+0000] {collect_match_info_dag.py:55} WARNING - 429 발생 - 3/5회 시도 중... 키 교체
[2025-03-11T07:01:37.452+0000] {collect_match_info_dag.py:35} WARNING - 429 발생으로 API 키 교체...새로운 키: test_82009af2d05a226d81e500370a7cc07352301037b9b75d6b31132508dbab414aefe8d04e6d233bd35cf2fabdeb93fb0d
[2025-03-11T07:01:38.021+0000] {collect_match_info_dag.py:55} WARNING - 429 발생 - 4/5회 시도 중... 키 교체
[2025-03-11T07:01:38.022+0000] {collect_match_info_dag.py:35} WARNING - 429 발생으로 API 키 교체...새로운 키: test_f39cb830f75f5d182b6c9b69c83fd1bf71f859896966ac35a87be5e65e122179efe8d04e6d233bd35cf2fabdeb93fb0d
[2025-03-11T07:01:38.593+0000] {collect_match_info_dag.py:55} WARNING - 429 발생 - 5/5회 시도 중... 키 교체
[2025-03-11T07:01:38.593+0000] {collect_match_info_dag.py:35} WARNING - 429 발생으로 API 키 교체...새로운 키: test_c2c55c4771ad6d38a0544117c93445436524fd2b63b7f92bc6d453074074059cefe8d04e6d233bd35cf2fabdeb93fb0d
[2025-03-11T07:01:39.094+0000] {collect_match_info_dag.py:65} ERROR - 5회 재시도 실패 - url=https://open.api.nexon.com/fconline/v1/id?nickname=Benz%EC%B0%AC%EC%9A%B0
[2025-03-11T07:01:39.164+0000] {collect_match_info_dag.py:55} WARNING - 429 발생 - 1/5회 시도 중... 키 교체
[2025-03-11T07:01:39.164+0000] {collect_match_info_dag.py:35} WARNING - 429 발생으로 API 키 교체...새로운 키: test_0ee4cbd363b2f7520651088e59cc0caa6fed3e1d2a3617a4dceddb088e523131efe8d04e6d233bd35cf2fabdeb93fb0d
[2025-03-11T07:01:39.732+0000] {collect_match_info_dag.py:55} WARNING - 429 발생 - 2/5회 시도 중... 키 교체
[2025-03-11T07:01:39.732+0000] {collect_match_info_dag.py:35} WARNING - 429 발생으로 API 키 교체...새로운 키: test_82009af2d05a226d81e500370a7cc07352301037b9b75d6b31132508dbab414aefe8d04e6d233bd35cf2fabdeb93fb0d
[2025-03-11T07:01:40.291+0000] {collect_match_info_dag.py:55} WARNING - 429 발생 - 3/5회 시도 중... 키 교체
[2025-03-11T07:01:40.292+0000] {collect_match_info_dag.py:35} WARNING - 429 발생으로 API 키 교체...새로운 키: test_f39cb830f75f5d182b6c9b69c83fd1bf71f859896966ac35a87be5e65e122179efe8d04e6d233bd35cf2fabdeb93fb0d
[2025-03-11T07:01:40.856+0000] {collect_match_info_dag.py:55} WARNING - 429 발생 - 4/5회 시도 중... 키 교체
[2025-03-11T07:01:40.857+0000] {collect_match_info_dag.py:35} WARNING - 429 발생으로 API 키 교체...새로운 키: test_c2c55c4771ad6d38a0544117c93445436524fd2b63b7f92bc6d453074074059cefe8d04e6d233bd35cf2fabdeb93fb0d
[2025-03-11T07:01:41.413+0000] {collect_match_info_dag.py:55} WARNING - 429 발생 - 5/5회 시도 중... 키 교체
[2025-03-11T07:01:41.414+0000] {collect_match_info_dag.py:35} WARNING - 429 발생으로 API 키 교체...새로운 키: test_0ee4cbd363b2f7520651088e59cc0caa6fed3e1d2a3617a4dceddb088e523131efe8d04e6d233bd35cf2fabdeb93fb0d
[2025-03-11T07:01:41.915+0000] {collect_match_info_dag.py:65} ERROR - 5회 재시도 실패 - url=https://open.api.nexon.com/fconline/v1/id?nickname=BFX%EA%B0%95%EB%AC%B4%EC%A7%84
[2025-03-11T07:01:41.981+0000] {collect_match_info_dag.py:55} WARNING - 429 발생 - 1/5회 시도 중... 키 교체
[2025-03-11T07:01:41.981+0000] {collect_match_info_dag.py:35} WARNING - 429 발생으로 API 키 교체...새로운 키: test_82009af2d05a226d81e500370a7cc07352301037b9b75d6b31132508dbab414aefe8d04e6d233bd35cf2fabdeb93fb0d
[2025-03-11T07:01:42.541+0000] {collect_match_info_dag.py:55} WARNING - 429 발생 - 2/5회 시도 중... 키 교체
[2025-03-11T07:01:42.542+0000] {collect_match_info_dag.py:35} WARNING - 429 발생으로 API 키 교체...새로운 키: test_f39cb830f75f5d182b6c9b69c83fd1bf71f859896966ac35a87be5e65e122179efe8d04e6d233bd35cf2fabdeb93fb0d
[2025-03-11T07:01:43.101+0000] {collect_match_info_dag.py:55} WARNING - 429 발생 - 3/5회 시도 중... 키 교체
[2025-03-11T07:01:43.101+0000] {collect_match_info_dag.py:35} WARNING - 429 발생으로 API 키 교체...새로운 키: test_c2c55c4771ad6d38a0544117c93445436524fd2b63b7f92bc6d453074074059cefe8d04e6d233bd35cf2fabdeb93fb0d
[2025-03-11T07:01:43.657+0000] {collect_match_info_dag.py:55} WARNING - 429 발생 - 4/5회 시도 중... 키 교체
[2025-03-11T07:01:43.658+0000] {collect_match_info_dag.py:35} WARNING - 429 발생으로 API 키 교체...새로운 키: test_0ee4cbd363b2f7520651088e59cc0caa6fed3e1d2a3617a4dceddb088e523131efe8d04e6d233bd35cf2fabdeb93fb0d
[2025-03-11T07:01:44.219+0000] {collect_match_info_dag.py:55} WARNING - 429 발생 - 5/5회 시도 중... 키 교체
[2025-03-11T07:01:44.220+0000] {collect_match_info_dag.py:35} WARNING - 429 발생으로 API 키 교체...새로운 키: test_82009af2d05a226d81e500370a7cc07352301037b9b75d6b31132508dbab414aefe8d04e6d233bd35cf2fabdeb93fb0d
[2025-03-11T07:01:44.720+0000] {collect_match_info_dag.py:65} ERROR - 5회 재시도 실패 - url=https://open.api.nexon.com/fconline/v1/id?nickname=%EC%9E%AC%EB%AA%85%ED%82%AC%EB%9F%AC%EC%97%90%EC%8B%9C%EC%95%99
[2025-03-11T07:01:44.784+0000] {collect_match_info_dag.py:55} WARNING - 429 발생 - 1/5회 시도 중... 키 교체
[2025-03-11T07:01:44.784+0000] {collect_match_info_dag.py:35} WARNING - 429 발생으로 API 키 교체...새로운 키: test_f39cb830f75f5d182b6c9b69c83fd1bf71f859896966ac35a87be5e65e122179efe8d04e6d233bd35cf2fabdeb93fb0d
[2025-03-11T07:01:45.343+0000] {collect_match_info_dag.py:55} WARNING - 429 발생 - 2/5회 시도 중... 키 교체
[2025-03-11T07:01:45.344+0000] {collect_match_info_dag.py:35} WARNING - 429 발생으로 API 키 교체...새로운 키: test_c2c55c4771ad6d38a0544117c93445436524fd2b63b7f92bc6d453074074059cefe8d04e6d233bd35cf2fabdeb93fb0d
[2025-03-11T07:01:45.907+0000] {collect_match_info_dag.py:55} WARNING - 429 발생 - 3/5회 시도 중... 키 교체
[2025-03-11T07:01:45.908+0000] {collect_match_info_dag.py:35} WARNING - 429 발생으로 API 키 교체...새로운 키: test_0ee4cbd363b2f7520651088e59cc0caa6fed3e1d2a3617a4dceddb088e523131efe8d04e6d233bd35cf2fabdeb93fb0d
[2025-03-11T07:01:46.469+0000] {collect_match_info_dag.py:55} WARNING - 429 발생 - 4/5회 시도 중... 키 교체
[2025-03-11T07:01:46.469+0000] {collect_match_info_dag.py:35} WARNING - 429 발생으로 API 키 교체...새로운 키: test_82009af2d05a226d81e500370a7cc07352301037b9b75d6b31132508dbab414aefe8d04e6d233bd35cf2fabdeb93fb0d
[2025-03-11T07:01:47.022+0000] {collect_match_info_dag.py:55} WARNING - 429 발생 - 5/5회 시도 중... 키 교체
[2025-03-11T07:01:47.023+0000] {collect_match_info_dag.py:35} WARNING - 429 발생으로 API 키 교체...새로운 키: test_f39cb830f75f5d182b6c9b69c83fd1bf71f859896966ac35a87be5e65e122179efe8d04e6d233bd35cf2fabdeb93fb0d
[2025-03-11T07:01:47.524+0000] {collect_match_info_dag.py:65} ERROR - 5회 재시도 실패 - url=https://open.api.nexon.com/fconline/v1/id?nickname=UnLMTD%EA%B9%80%EC%9A%B0%ED%98%84
[2025-03-11T07:01:47.587+0000] {collect_match_info_dag.py:55} WARNING - 429 발생 - 1/5회 시도 중... 키 교체
[2025-03-11T07:01:47.587+0000] {collect_match_info_dag.py:35} WARNING - 429 발생으로 API 키 교체...새로운 키: test_c2c55c4771ad6d38a0544117c93445436524fd2b63b7f92bc6d453074074059cefe8d04e6d233bd35cf2fabdeb93fb0d
[2025-03-11T07:01:48.141+0000] {collect_match_info_dag.py:55} WARNING - 429 발생 - 2/5회 시도 중... 키 교체
[2025-03-11T07:01:48.142+0000] {collect_match_info_dag.py:35} WARNING - 429 발생으로 API 키 교체...새로운 키: test_0ee4cbd363b2f7520651088e59cc0caa6fed3e1d2a3617a4dceddb088e523131efe8d04e6d233bd35cf2fabdeb93fb0d
[2025-03-11T07:01:48.695+0000] {collect_match_info_dag.py:55} WARNING - 429 발생 - 3/5회 시도 중... 키 교체
[2025-03-11T07:01:48.696+0000] {collect_match_info_dag.py:35} WARNING - 429 발생으로 API 키 교체...새로운 키: test_82009af2d05a226d81e500370a7cc07352301037b9b75d6b31132508dbab414aefe8d04e6d233bd35cf2fabdeb93fb0d
[2025-03-11T07:01:49.279+0000] {collect_match_info_dag.py:55} WARNING - 429 발생 - 4/5회 시도 중... 키 교체
[2025-03-11T07:01:49.281+0000] {collect_match_info_dag.py:35} WARNING - 429 발생으로 API 키 교체...새로운 키: test_f39cb830f75f5d182b6c9b69c83fd1bf71f859896966ac35a87be5e65e122179efe8d04e6d233bd35cf2fabdeb93fb0d
[2025-03-11T07:01:49.836+0000] {collect_match_info_dag.py:55} WARNING - 429 발생 - 5/5회 시도 중... 키 교체
[2025-03-11T07:01:49.837+0000] {collect_match_info_dag.py:35} WARNING - 429 발생으로 API 키 교체...새로운 키: test_c2c55c4771ad6d38a0544117c93445436524fd2b63b7f92bc6d453074074059cefe8d04e6d233bd35cf2fabdeb93fb0d
[2025-03-11T07:01:50.338+0000] {collect_match_info_dag.py:65} ERROR - 5회 재시도 실패 - url=https://open.api.nexon.com/fconline/v1/id?nickname=Benz%ED%95%98%EB%A7%88
[2025-03-11T07:01:50.397+0000] {collect_match_info_dag.py:55} WARNING - 429 발생 - 1/5회 시도 중... 키 교체
[2025-03-11T07:01:50.398+0000] {collect_match_info_dag.py:35} WARNING - 429 발생으로 API 키 교체...새로운 키: test_0ee4cbd363b2f7520651088e59cc0caa6fed3e1d2a3617a4dceddb088e523131efe8d04e6d233bd35cf2fabdeb93fb0d
[2025-03-11T07:01:50.958+0000] {collect_match_info_dag.py:55} WARNING - 429 발생 - 2/5회 시도 중... 키 교체
[2025-03-11T07:01:50.959+0000] {collect_match_info_dag.py:35} WARNING - 429 발생으로 API 키 교체...새로운 키: test_82009af2d05a226d81e500370a7cc07352301037b9b75d6b31132508dbab414aefe8d04e6d233bd35cf2fabdeb93fb0d
[2025-03-11T07:01:51.514+0000] {collect_match_info_dag.py:55} WARNING - 429 발생 - 3/5회 시도 중... 키 교체
[2025-03-11T07:01:51.515+0000] {collect_match_info_dag.py:35} WARNING - 429 발생으로 API 키 교체...새로운 키: test_f39cb830f75f5d182b6c9b69c83fd1bf71f859896966ac35a87be5e65e122179efe8d04e6d233bd35cf2fabdeb93fb0d
[2025-03-11T07:01:52.077+0000] {collect_match_info_dag.py:55} WARNING - 429 발생 - 4/5회 시도 중... 키 교체
[2025-03-11T07:01:52.078+0000] {collect_match_info_dag.py:35} WARNING - 429 발생으로 API 키 교체...새로운 키: test_c2c55c4771ad6d38a0544117c93445436524fd2b63b7f92bc6d453074074059cefe8d04e6d233bd35cf2fabdeb93fb0d
[2025-03-11T07:01:52.638+0000] {collect_match_info_dag.py:55} WARNING - 429 발생 - 5/5회 시도 중... 키 교체
[2025-03-11T07:01:52.639+0000] {collect_match_info_dag.py:35} WARNING - 429 발생으로 API 키 교체...새로운 키: test_0ee4cbd363b2f7520651088e59cc0caa6fed3e1d2a3617a4dceddb088e523131efe8d04e6d233bd35cf2fabdeb93fb0d
[2025-03-11T07:01:53.140+0000] {collect_match_info_dag.py:65} ERROR - 5회 재시도 실패 - url=https://open.api.nexon.com/fconline/v1/id?nickname=%EC%AE%B8%EB%9C%A8
[2025-03-11T07:01:53.201+0000] {collect_match_info_dag.py:55} WARNING - 429 발생 - 1/5회 시도 중... 키 교체
[2025-03-11T07:01:53.201+0000] {collect_match_info_dag.py:35} WARNING - 429 발생으로 API 키 교체...새로운 키: test_82009af2d05a226d81e500370a7cc07352301037b9b75d6b31132508dbab414aefe8d04e6d233bd35cf2fabdeb93fb0d
[2025-03-11T07:01:53.757+0000] {collect_match_info_dag.py:55} WARNING - 429 발생 - 2/5회 시도 중... 키 교체
[2025-03-11T07:01:53.757+0000] {collect_match_info_dag.py:35} WARNING - 429 발생으로 API 키 교체...새로운 키: test_f39cb830f75f5d182b6c9b69c83fd1bf71f859896966ac35a87be5e65e122179efe8d04e6d233bd35cf2fabdeb93fb0d
[2025-03-11T07:01:54.221+0000] {local_task_job_runner.py:310} WARNING - State of this instance has been externally set to failed. Terminating instance.
[2025-03-11T07:01:54.222+0000] {local_task_job_runner.py:222} INFO - ::endgroup::
[2025-03-11T07:01:54.224+0000] {process_utils.py:132} INFO - Sending 15 to group 13214. PIDs of all processes in the group: [13214]
[2025-03-11T07:01:54.224+0000] {process_utils.py:87} INFO - Sending the signal 15 to group 13214
[2025-03-11T07:01:54.224+0000] {taskinstance.py:2611} ERROR - Received SIGTERM. Terminating subprocesses.
[2025-03-11T07:01:54.225+0000] {taskinstance.py:441} INFO - ::group::Post task execution logs
[2025-03-11T07:01:54.276+0000] {process_utils.py:80} INFO - Process psutil.Process(pid=13214, status='terminated', exitcode=0, started='07:00:02') (13214) terminated with exit code 0
