[2025-03-14T11:07:47.319+0000] {local_task_job_runner.py:120} INFO - ::group::Pre task execution logs
[2025-03-14T11:07:47.431+0000] {taskinstance.py:2076} INFO - Dependencies all met for dep_context=non-requeueable deps ti=<TaskInstance: team_color_to_parquet_dag.submit_spark_via_ssh manual__2025-03-14T11:07:44.427593+00:00 [queued]>
[2025-03-14T11:07:47.453+0000] {taskinstance.py:2076} INFO - Dependencies all met for dep_context=requeueable deps ti=<TaskInstance: team_color_to_parquet_dag.submit_spark_via_ssh manual__2025-03-14T11:07:44.427593+00:00 [queued]>
[2025-03-14T11:07:47.454+0000] {taskinstance.py:2306} INFO - Starting attempt 1 of 2
[2025-03-14T11:07:47.480+0000] {taskinstance.py:2330} INFO - Executing <Task(SSHOperator): submit_spark_via_ssh> on 2025-03-14 11:07:44.427593+00:00
[2025-03-14T11:07:47.489+0000] {standard_task_runner.py:63} INFO - Started process 45253 to run task
[2025-03-14T11:07:47.500+0000] {standard_task_runner.py:90} INFO - Running: ['***', 'tasks', 'run', 'team_color_to_parquet_dag', 'submit_spark_via_ssh', 'manual__2025-03-14T11:07:44.427593+00:00', '--job-id', '237', '--raw', '--subdir', 'DAGS_FOLDER/team_color_to_parquet_dag.py', '--cfg-path', '/tmp/tmpi0yyugt8']
[2025-03-14T11:07:47.503+0000] {standard_task_runner.py:91} INFO - Job 237: Subtask submit_spark_via_ssh
[2025-03-14T11:07:47.639+0000] {task_command.py:426} INFO - Running <TaskInstance: team_color_to_parquet_dag.submit_spark_via_ssh manual__2025-03-14T11:07:44.427593+00:00 [running]> on host a0d797a25898
[2025-03-14T11:07:47.869+0000] {taskinstance.py:2648} INFO - Exporting env vars: AIRFLOW_CTX_DAG_OWNER='***' AIRFLOW_CTX_DAG_ID='team_color_to_parquet_dag' AIRFLOW_CTX_TASK_ID='submit_spark_via_ssh' AIRFLOW_CTX_EXECUTION_DATE='2025-03-14T11:07:44.427593+00:00' AIRFLOW_CTX_TRY_NUMBER='1' AIRFLOW_CTX_DAG_RUN_ID='manual__2025-03-14T11:07:44.427593+00:00'
[2025-03-14T11:07:47.872+0000] {taskinstance.py:430} INFO - ::endgroup::
[2025-03-14T11:07:47.901+0000] {ssh.py:151} INFO - Creating ssh_client
[2025-03-14T11:07:47.902+0000] {ssh.py:124} INFO - ssh_hook is not provided or invalid. Trying ssh_conn_id to create SSHHook.
[2025-03-14T11:07:47.928+0000] {base.py:84} INFO - Using connection ID 'spark_ssh_conn' for task execution.
[2025-03-14T11:07:47.933+0000] {ssh.py:301} WARNING - No Host Key Verification. This won't protect against Man-In-The-Middle attacks
[2025-03-14T11:07:47.940+0000] {transport.py:1909} INFO - Connected (version 2.0, client OpenSSH_9.6p1)
[2025-03-14T11:07:48.158+0000] {transport.py:1909} INFO - Authentication (publickey) successful!
[2025-03-14T11:07:48.160+0000] {ssh.py:480} INFO - Running command: 
    set -e
    echo "Starting Spark Job on 2025-03-14"
    /spark-3.5.3/bin/spark-submit /home/ubuntu/spark_scripts/team_color_to_parquet.py 2025-03-14
    exit_code=$?

    if [ $exit_code -ne 0 ]; then
        echo "Spark Job Failed! Check logs."
        exit 1
    else
        echo "Spark Job Succeeded!"
    fi
    
[2025-03-14T11:07:48.270+0000] {ssh.py:526} INFO - Starting Spark Job on 2025-03-14
[2025-03-14T11:07:53.173+0000] {ssh.py:531} WARNING - 25/03/14 11:07:53 INFO SparkContext: Running Spark version 3.5.3
[2025-03-14T11:07:53.176+0000] {ssh.py:531} WARNING - 25/03/14 11:07:53 INFO SparkContext: OS info Linux, 6.8.0-1024-aws, amd64
[2025-03-14T11:07:53.177+0000] {ssh.py:531} WARNING - 25/03/14 11:07:53 INFO SparkContext: Java version 11.0.26
[2025-03-14T11:07:53.306+0000] {ssh.py:531} WARNING - 25/03/14 11:07:53 WARN NativeCodeLoader: Unable to load native-hadoop library for your platform... using builtin-java classes where applicable
[2025-03-14T11:07:53.534+0000] {ssh.py:531} WARNING - 25/03/14 11:07:53 INFO ResourceUtils: ==============================================================
[2025-03-14T11:07:53.535+0000] {ssh.py:531} WARNING - 25/03/14 11:07:53 INFO ResourceUtils: No custom resources configured for spark.driver.
[2025-03-14T11:07:53.537+0000] {ssh.py:531} WARNING - 25/03/14 11:07:53 INFO ResourceUtils: ==============================================================
[2025-03-14T11:07:53.537+0000] {ssh.py:531} WARNING - 25/03/14 11:07:53 INFO SparkContext: Submitted application: Extract_Team_Color_Info
[2025-03-14T11:07:53.582+0000] {ssh.py:531} WARNING - 25/03/14 11:07:53 INFO ResourceProfile: Default ResourceProfile created, executor resources: Map(cores -> name: cores, amount: 1, script: , vendor: , memory -> name: memory, amount: 1024, script: , vendor: , offHeap -> name: offHeap, amount: 0, script: , vendor: ), task resources: Map(cpus -> name: cpus, amount: 1.0)
[2025-03-14T11:07:53.605+0000] {ssh.py:531} WARNING - 25/03/14 11:07:53 INFO ResourceProfile: Limiting resource is cpu
[2025-03-14T11:07:53.608+0000] {ssh.py:531} WARNING - 25/03/14 11:07:53 INFO ResourceProfileManager: Added ResourceProfile id: 0
[2025-03-14T11:07:53.706+0000] {ssh.py:531} WARNING - 25/03/14 11:07:53 INFO SecurityManager: Changing view acls to: ubuntu
[2025-03-14T11:07:53.707+0000] {ssh.py:531} WARNING - 25/03/14 11:07:53 INFO SecurityManager: Changing modify acls to: ubuntu
[2025-03-14T11:07:53.709+0000] {ssh.py:531} WARNING - 25/03/14 11:07:53 INFO SecurityManager: Changing view acls groups to: 
[2025-03-14T11:07:53.709+0000] {ssh.py:531} WARNING - 25/03/14 11:07:53 INFO SecurityManager: Changing modify acls groups to: 
[2025-03-14T11:07:53.709+0000] {ssh.py:531} WARNING - 25/03/14 11:07:53 INFO SecurityManager: SecurityManager: authentication disabled; ui acls disabled; users with view permissions: ubuntu; groups with view permissions: EMPTY; users with modify permissions: ubuntu; groups with modify permissions: EMPTY
[2025-03-14T11:07:54.183+0000] {ssh.py:531} WARNING - 25/03/14 11:07:54 INFO Utils: Successfully started service 'sparkDriver' on port 37151.
[2025-03-14T11:07:54.243+0000] {ssh.py:531} WARNING - 25/03/14 11:07:54 INFO SparkEnv: Registering MapOutputTracker
[2025-03-14T11:07:54.296+0000] {ssh.py:531} WARNING - 25/03/14 11:07:54 INFO SparkEnv: Registering BlockManagerMaster
[2025-03-14T11:07:54.324+0000] {ssh.py:531} WARNING - 25/03/14 11:07:54 INFO BlockManagerMasterEndpoint: Using org.apache.spark.storage.DefaultTopologyMapper for getting topology information
[2025-03-14T11:07:54.326+0000] {ssh.py:531} WARNING - 25/03/14 11:07:54 INFO BlockManagerMasterEndpoint: BlockManagerMasterEndpoint up
[2025-03-14T11:07:54.330+0000] {ssh.py:531} WARNING - 25/03/14 11:07:54 INFO SparkEnv: Registering BlockManagerMasterHeartbeat
[2025-03-14T11:07:54.359+0000] {ssh.py:531} WARNING - 25/03/14 11:07:54 INFO DiskBlockManager: Created local directory at /tmp/blockmgr-35315be6-392f-42be-9a35-bab2e104feb9
[2025-03-14T11:07:54.385+0000] {ssh.py:531} WARNING - 25/03/14 11:07:54 INFO MemoryStore: MemoryStore started with capacity 434.4 MiB
[2025-03-14T11:07:54.411+0000] {ssh.py:531} WARNING - 25/03/14 11:07:54 INFO SparkEnv: Registering OutputCommitCoordinator
[2025-03-14T11:07:54.645+0000] {ssh.py:531} WARNING - 25/03/14 11:07:54 INFO JettyUtils: Start Jetty 0.0.0.0:4040 for SparkUI
[2025-03-14T11:07:54.769+0000] {ssh.py:531} WARNING - 25/03/14 11:07:54 INFO Utils: Successfully started service 'SparkUI' on port 4040.
[2025-03-14T11:07:55.028+0000] {ssh.py:531} WARNING - 25/03/14 11:07:55 INFO Executor: Starting executor ID driver on host ip-172-31-12-182.ap-northeast-2.compute.internal
[2025-03-14T11:07:55.028+0000] {ssh.py:531} WARNING - 25/03/14 11:07:55 INFO Executor: OS info Linux, 6.8.0-1024-aws, amd64
[2025-03-14T11:07:55.028+0000] {ssh.py:531} WARNING - 25/03/14 11:07:55 INFO Executor: Java version 11.0.26
[2025-03-14T11:07:55.041+0000] {ssh.py:531} WARNING - 25/03/14 11:07:55 INFO Executor: Starting executor with user classpath (userClassPathFirst = false): ''
[2025-03-14T11:07:55.042+0000] {ssh.py:531} WARNING - 25/03/14 11:07:55 INFO Executor: Created or updated repl class loader org.apache.spark.util.MutableURLClassLoader@2040812b for default.
[2025-03-14T11:07:55.095+0000] {ssh.py:531} WARNING - 25/03/14 11:07:55 INFO Utils: Successfully started service 'org.apache.spark.network.netty.NettyBlockTransferService' on port 37667.
[2025-03-14T11:07:55.095+0000] {ssh.py:531} WARNING - 25/03/14 11:07:55 INFO NettyBlockTransferService: Server created on 0.0.0.0:37667
[2025-03-14T11:07:55.098+0000] {ssh.py:531} WARNING - 25/03/14 11:07:55 INFO BlockManager: Using org.apache.spark.storage.RandomBlockReplicationPolicy for block replication policy
[2025-03-14T11:07:55.106+0000] {ssh.py:531} WARNING - 25/03/14 11:07:55 INFO BlockManagerMaster: Registering BlockManager BlockManagerId(driver, 0.0.0.0, 37667, None)
[2025-03-14T11:07:55.118+0000] {ssh.py:531} WARNING - 25/03/14 11:07:55 INFO BlockManagerMasterEndpoint: Registering block manager 0.0.0.0:37667 with 434.4 MiB RAM, BlockManagerId(driver, 0.0.0.0, 37667, None)
[2025-03-14T11:07:55.122+0000] {ssh.py:531} WARNING - 25/03/14 11:07:55 INFO BlockManagerMaster: Registered BlockManager BlockManagerId(driver, 0.0.0.0, 37667, None)
[2025-03-14T11:07:55.124+0000] {ssh.py:531} WARNING - 25/03/14 11:07:55 INFO BlockManager: Initialized BlockManager: BlockManagerId(driver, 0.0.0.0, 37667, None)
[2025-03-14T11:07:55.996+0000] {ssh.py:531} WARNING - 25/03/14 11:07:55 INFO SharedState: Setting hive.metastore.warehouse.dir ('null') to the value of spark.sql.warehouse.dir.
[2025-03-14T11:07:56.009+0000] {ssh.py:531} WARNING - 25/03/14 11:07:56 INFO SharedState: Warehouse path is 'file:/home/ubuntu/spark-warehouse'.
[2025-03-14T11:07:57.504+0000] {ssh.py:531} WARNING - 25/03/14 11:07:57 WARN MetricsConfig: Cannot locate configuration: tried hadoop-metrics2-s3a-file-system.properties,hadoop-metrics2.properties
[2025-03-14T11:07:57.536+0000] {ssh.py:531} WARNING - 25/03/14 11:07:57 INFO MetricsSystemImpl: Scheduled Metric snapshot period at 10 second(s).
[2025-03-14T11:07:57.537+0000] {ssh.py:531} WARNING - 25/03/14 11:07:57 INFO MetricsSystemImpl: s3a-file-system metrics system started
[2025-03-14T11:07:59.440+0000] {ssh.py:531} WARNING - 25/03/14 11:07:59 INFO InMemoryFileIndex: It took 92 ms to list leaf files for 1 paths.
[2025-03-14T11:07:59.612+0000] {ssh.py:531} WARNING - 25/03/14 11:07:59 INFO InMemoryFileIndex: It took 42 ms to list leaf files for 1 paths.
[2025-03-14T11:08:03.767+0000] {ssh.py:531} WARNING - 25/03/14 11:08:03 INFO FileSourceStrategy: Pushed Filters: 
[2025-03-14T11:08:03.771+0000] {ssh.py:531} WARNING - 25/03/14 11:08:03 INFO FileSourceStrategy: Post-Scan Filters: (length(trim(value#0, None)) > 0)
[2025-03-14T11:08:04.835+0000] {ssh.py:531} WARNING - 25/03/14 11:08:04 INFO CodeGenerator: Code generated in 318.211306 ms
[2025-03-14T11:08:04.921+0000] {ssh.py:531} WARNING - 25/03/14 11:08:04 INFO MemoryStore: Block broadcast_0 stored as values in memory (estimated size 200.6 KiB, free 434.2 MiB)
[2025-03-14T11:08:05.027+0000] {ssh.py:531} WARNING - 25/03/14 11:08:05 INFO MemoryStore: Block broadcast_0_piece0 stored as bytes in memory (estimated size 34.7 KiB, free 434.2 MiB)
[2025-03-14T11:08:05.034+0000] {ssh.py:531} WARNING - 25/03/14 11:08:05 INFO BlockManagerInfo: Added broadcast_0_piece0 in memory on 0.0.0.0:37667 (size: 34.7 KiB, free: 434.4 MiB)
[2025-03-14T11:08:05.044+0000] {ssh.py:531} WARNING - 25/03/14 11:08:05 INFO SparkContext: Created broadcast 0 from csv at NativeMethodAccessorImpl.java:0
[2025-03-14T11:08:05.064+0000] {ssh.py:531} WARNING - 25/03/14 11:08:05 INFO FileSourceScanExec: Planning scan with bin packing, max size: 4194304 bytes, open cost is considered as scanning 4194304 bytes.
[2025-03-14T11:08:05.292+0000] {ssh.py:531} WARNING - 25/03/14 11:08:05 INFO SparkContext: Starting job: csv at NativeMethodAccessorImpl.java:0
[2025-03-14T11:08:05.332+0000] {ssh.py:531} WARNING - 25/03/14 11:08:05 INFO DAGScheduler: Got job 0 (csv at NativeMethodAccessorImpl.java:0) with 1 output partitions
[2025-03-14T11:08:05.333+0000] {ssh.py:531} WARNING - 25/03/14 11:08:05 INFO DAGScheduler: Final stage: ResultStage 0 (csv at NativeMethodAccessorImpl.java:0)
[2025-03-14T11:08:05.337+0000] {ssh.py:531} WARNING - 25/03/14 11:08:05 INFO DAGScheduler: Parents of final stage: List()
[2025-03-14T11:08:05.338+0000] {ssh.py:531} WARNING - 25/03/14 11:08:05 INFO DAGScheduler: Missing parents: List()
[2025-03-14T11:08:05.345+0000] {ssh.py:531} WARNING - 25/03/14 11:08:05 INFO DAGScheduler: Submitting ResultStage 0 (MapPartitionsRDD[3] at csv at NativeMethodAccessorImpl.java:0), which has no missing parents
[2025-03-14T11:08:05.544+0000] {ssh.py:531} WARNING - 25/03/14 11:08:05 INFO MemoryStore: Block broadcast_1 stored as values in memory (estimated size 13.5 KiB, free 434.2 MiB)
[2025-03-14T11:08:05.547+0000] {ssh.py:531} WARNING - 25/03/14 11:08:05 INFO MemoryStore: Block broadcast_1_piece0 stored as bytes in memory (estimated size 6.4 KiB, free 434.2 MiB)
[2025-03-14T11:08:05.555+0000] {ssh.py:531} WARNING - 25/03/14 11:08:05 INFO BlockManagerInfo: Added broadcast_1_piece0 in memory on 0.0.0.0:37667 (size: 6.4 KiB, free: 434.4 MiB)
[2025-03-14T11:08:05.557+0000] {ssh.py:531} WARNING - 25/03/14 11:08:05 INFO SparkContext: Created broadcast 1 from broadcast at DAGScheduler.scala:1585
[2025-03-14T11:08:05.593+0000] {ssh.py:531} WARNING - 25/03/14 11:08:05 INFO DAGScheduler: Submitting 1 missing tasks from ResultStage 0 (MapPartitionsRDD[3] at csv at NativeMethodAccessorImpl.java:0) (first 15 tasks are for partitions Vector(0))
[2025-03-14T11:08:05.596+0000] {ssh.py:531} WARNING - 25/03/14 11:08:05 INFO TaskSchedulerImpl: Adding task set 0.0 with 1 tasks resource profile 0
[2025-03-14T11:08:05.672+0000] {ssh.py:531} WARNING - 25/03/14 11:08:05 INFO TaskSetManager: Starting task 0.0 in stage 0.0 (TID 0) (ip-172-31-12-182.ap-northeast-2.compute.internal, executor driver, partition 0, PROCESS_LOCAL, 9640 bytes) 
[2025-03-14T11:08:05.705+0000] {ssh.py:531} WARNING - 25/03/14 11:08:05 INFO Executor: Running task 0.0 in stage 0.0 (TID 0)
[2025-03-14T11:08:05.956+0000] {ssh.py:531} WARNING - 25/03/14 11:08:05 INFO CodeGenerator: Code generated in 35.861529 ms
[2025-03-14T11:08:05.964+0000] {ssh.py:531} WARNING - 25/03/14 11:08:05 INFO FileScanRDD: Reading File path: s3a://de5-finalproj-team2/crawl/2025-03-14/crawl_result_processed_20250314.csv, range: 0-1154758, partition values: [empty row]
[2025-03-14T11:08:06.009+0000] {ssh.py:531} WARNING - 25/03/14 11:08:06 INFO CodeGenerator: Code generated in 36.759969 ms
[2025-03-14T11:08:06.188+0000] {ssh.py:531} WARNING - 25/03/14 11:08:06 INFO LineRecordReader: Found UTF-8 BOM and skipped it
[2025-03-14T11:08:06.233+0000] {ssh.py:531} WARNING - 25/03/14 11:08:06 INFO Executor: Finished task 0.0 in stage 0.0 (TID 0). 1756 bytes result sent to driver
[2025-03-14T11:08:06.249+0000] {ssh.py:531} WARNING - 25/03/14 11:08:06 INFO TaskSetManager: Finished task 0.0 in stage 0.0 (TID 0) in 599 ms on ip-172-31-12-182.ap-northeast-2.compute.internal (executor driver) (1/1)
[2025-03-14T11:08:06.252+0000] {ssh.py:531} WARNING - 25/03/14 11:08:06 INFO TaskSchedulerImpl: Removed TaskSet 0.0, whose tasks have all completed, from pool 
[2025-03-14T11:08:06.262+0000] {ssh.py:531} WARNING - 25/03/14 11:08:06 INFO DAGScheduler: ResultStage 0 (csv at NativeMethodAccessorImpl.java:0) finished in 0.869 s
[2025-03-14T11:08:06.266+0000] {ssh.py:531} WARNING - 25/03/14 11:08:06 INFO DAGScheduler: Job 0 is finished. Cancelling potential speculative or zombie tasks for this job
[2025-03-14T11:08:06.267+0000] {ssh.py:531} WARNING - 25/03/14 11:08:06 INFO TaskSchedulerImpl: Killing all running tasks in stage 0: Stage finished
[2025-03-14T11:08:06.270+0000] {ssh.py:531} WARNING - 25/03/14 11:08:06 INFO DAGScheduler: Job 0 finished: csv at NativeMethodAccessorImpl.java:0, took 0.979809 s
[2025-03-14T11:08:06.334+0000] {ssh.py:531} WARNING - 25/03/14 11:08:06 INFO CodeGenerator: Code generated in 28.150716 ms
[2025-03-14T11:08:06.431+0000] {ssh.py:531} WARNING - 25/03/14 11:08:06 INFO FileSourceStrategy: Pushed Filters: 
[2025-03-14T11:08:06.431+0000] {ssh.py:531} WARNING - 25/03/14 11:08:06 INFO FileSourceStrategy: Post-Scan Filters: 
[2025-03-14T11:08:06.454+0000] {ssh.py:531} WARNING - 25/03/14 11:08:06 INFO MemoryStore: Block broadcast_2 stored as values in memory (estimated size 200.6 KiB, free 434.0 MiB)
[2025-03-14T11:08:06.488+0000] {ssh.py:531} WARNING - 25/03/14 11:08:06 INFO MemoryStore: Block broadcast_2_piece0 stored as bytes in memory (estimated size 34.7 KiB, free 433.9 MiB)
[2025-03-14T11:08:06.488+0000] {ssh.py:531} WARNING - 25/03/14 11:08:06 INFO BlockManagerInfo: Added broadcast_2_piece0 in memory on 0.0.0.0:37667 (size: 34.7 KiB, free: 434.3 MiB)
[2025-03-14T11:08:06.491+0000] {ssh.py:531} WARNING - 25/03/14 11:08:06 INFO SparkContext: Created broadcast 2 from csv at NativeMethodAccessorImpl.java:0
[2025-03-14T11:08:06.495+0000] {ssh.py:531} WARNING - 25/03/14 11:08:06 INFO FileSourceScanExec: Planning scan with bin packing, max size: 4194304 bytes, open cost is considered as scanning 4194304 bytes.
[2025-03-14T11:08:07.102+0000] {ssh.py:531} WARNING - 25/03/14 11:08:07 INFO FileSourceStrategy: Pushed Filters: 
[2025-03-14T11:08:07.103+0000] {ssh.py:531} WARNING - 25/03/14 11:08:07 INFO FileSourceStrategy: Post-Scan Filters: 
[2025-03-14T11:08:07.296+0000] {ssh.py:531} WARNING - 25/03/14 11:08:07 INFO ParquetUtils: Using default output committer for Parquet: org.apache.parquet.hadoop.ParquetOutputCommitter
[2025-03-14T11:08:07.315+0000] {ssh.py:531} WARNING - 25/03/14 11:08:07 INFO FileOutputCommitter: File Output Committer Algorithm version is 1
[2025-03-14T11:08:07.316+0000] {ssh.py:531} WARNING - 25/03/14 11:08:07 INFO FileOutputCommitter: FileOutputCommitter skip cleanup _temporary folders under output directory:false, ignore cleanup failures: false
[2025-03-14T11:08:07.316+0000] {ssh.py:531} WARNING - 25/03/14 11:08:07 INFO SQLHadoopMapReduceCommitProtocol: Using user defined output committer class org.apache.parquet.hadoop.ParquetOutputCommitter
[2025-03-14T11:08:07.316+0000] {ssh.py:531} WARNING - 25/03/14 11:08:07 INFO FileOutputCommitter: File Output Committer Algorithm version is 1
[2025-03-14T11:08:07.317+0000] {ssh.py:531} WARNING - 25/03/14 11:08:07 INFO FileOutputCommitter: FileOutputCommitter skip cleanup _temporary folders under output directory:false, ignore cleanup failures: false
[2025-03-14T11:08:07.318+0000] {ssh.py:531} WARNING - 25/03/14 11:08:07 INFO SQLHadoopMapReduceCommitProtocol: Using output committer class org.apache.parquet.hadoop.ParquetOutputCommitter
[2025-03-14T11:08:07.831+0000] {ssh.py:531} WARNING - 25/03/14 11:08:07 INFO CodeGenerator: Code generated in 74.399897 ms
[2025-03-14T11:08:07.838+0000] {ssh.py:531} WARNING - 25/03/14 11:08:07 INFO MemoryStore: Block broadcast_3 stored as values in memory (estimated size 200.5 KiB, free 433.7 MiB)
[2025-03-14T11:08:07.911+0000] {ssh.py:531} WARNING - 25/03/14 11:08:07 INFO MemoryStore: Block broadcast_3_piece0 stored as bytes in memory (estimated size 34.6 KiB, free 433.7 MiB)
[2025-03-14T11:08:07.937+0000] {ssh.py:531} WARNING - 25/03/14 11:08:07 INFO BlockManagerInfo: Added broadcast_3_piece0 in memory on 0.0.0.0:37667 (size: 34.6 KiB, free: 434.3 MiB)
[2025-03-14T11:08:07.938+0000] {ssh.py:531} WARNING - 25/03/14 11:08:07 INFO SparkContext: Created broadcast 3 from parquet at NativeMethodAccessorImpl.java:0
[2025-03-14T11:08:07.960+0000] {ssh.py:531} WARNING - 25/03/14 11:08:07 INFO FileSourceScanExec: Planning scan with bin packing, max size: 4194304 bytes, open cost is considered as scanning 4194304 bytes.
[2025-03-14T11:08:07.977+0000] {ssh.py:531} WARNING - 25/03/14 11:08:07 INFO BlockManagerInfo: Removed broadcast_1_piece0 on 0.0.0.0:37667 in memory (size: 6.4 KiB, free: 434.3 MiB)
[2025-03-14T11:08:08.004+0000] {ssh.py:531} WARNING - 25/03/14 11:08:08 INFO SparkContext: Starting job: parquet at NativeMethodAccessorImpl.java:0
[2025-03-14T11:08:08.007+0000] {ssh.py:531} WARNING - 25/03/14 11:08:08 INFO DAGScheduler: Got job 1 (parquet at NativeMethodAccessorImpl.java:0) with 1 output partitions
[2025-03-14T11:08:08.009+0000] {ssh.py:531} WARNING - 25/03/14 11:08:08 INFO DAGScheduler: Final stage: ResultStage 1 (parquet at NativeMethodAccessorImpl.java:0)
[2025-03-14T11:08:08.010+0000] {ssh.py:531} WARNING - 25/03/14 11:08:08 INFO DAGScheduler: Parents of final stage: List()
[2025-03-14T11:08:08.015+0000] {ssh.py:531} WARNING - 25/03/14 11:08:08 INFO DAGScheduler: Missing parents: List()
[2025-03-14T11:08:08.015+0000] {ssh.py:531} WARNING - 25/03/14 11:08:08 INFO BlockManagerInfo: Removed broadcast_2_piece0 on 0.0.0.0:37667 in memory (size: 34.7 KiB, free: 434.3 MiB)
[2025-03-14T11:08:08.018+0000] {ssh.py:531} WARNING - 25/03/14 11:08:08 INFO DAGScheduler: Submitting ResultStage 1 (MapPartitionsRDD[13] at parquet at NativeMethodAccessorImpl.java:0), which has no missing parents
[2025-03-14T11:08:08.044+0000] {ssh.py:531} WARNING - 25/03/14 11:08:08 INFO BlockManagerInfo: Removed broadcast_0_piece0 on 0.0.0.0:37667 in memory (size: 34.7 KiB, free: 434.4 MiB)
[2025-03-14T11:08:08.134+0000] {ssh.py:531} WARNING - 25/03/14 11:08:08 INFO MemoryStore: Block broadcast_4 stored as values in memory (estimated size 221.7 KiB, free 434.0 MiB)
[2025-03-14T11:08:08.141+0000] {ssh.py:531} WARNING - 25/03/14 11:08:08 INFO MemoryStore: Block broadcast_4_piece0 stored as bytes in memory (estimated size 80.3 KiB, free 433.9 MiB)
[2025-03-14T11:08:08.142+0000] {ssh.py:531} WARNING - 25/03/14 11:08:08 INFO BlockManagerInfo: Added broadcast_4_piece0 in memory on 0.0.0.0:37667 (size: 80.3 KiB, free: 434.3 MiB)
[2025-03-14T11:08:08.146+0000] {ssh.py:531} WARNING - 25/03/14 11:08:08 INFO SparkContext: Created broadcast 4 from broadcast at DAGScheduler.scala:1585
[2025-03-14T11:08:08.147+0000] {ssh.py:531} WARNING - 25/03/14 11:08:08 INFO DAGScheduler: Submitting 1 missing tasks from ResultStage 1 (MapPartitionsRDD[13] at parquet at NativeMethodAccessorImpl.java:0) (first 15 tasks are for partitions Vector(0))
[2025-03-14T11:08:08.148+0000] {ssh.py:531} WARNING - 25/03/14 11:08:08 INFO TaskSchedulerImpl: Adding task set 1.0 with 1 tasks resource profile 0
[2025-03-14T11:08:08.151+0000] {ssh.py:531} WARNING - 25/03/14 11:08:08 INFO TaskSetManager: Starting task 0.0 in stage 1.0 (TID 1) (ip-172-31-12-182.ap-northeast-2.compute.internal, executor driver, partition 0, PROCESS_LOCAL, 9640 bytes) 
[2025-03-14T11:08:08.153+0000] {ssh.py:531} WARNING - 25/03/14 11:08:08 INFO Executor: Running task 0.0 in stage 1.0 (TID 1)
[2025-03-14T11:08:08.362+0000] {ssh.py:531} WARNING - 25/03/14 11:08:08 INFO CodeGenerator: Code generated in 58.103848 ms
[2025-03-14T11:08:08.363+0000] {ssh.py:531} WARNING - 25/03/14 11:08:08 INFO FileOutputCommitter: File Output Committer Algorithm version is 1
[2025-03-14T11:08:08.365+0000] {ssh.py:531} WARNING - 25/03/14 11:08:08 INFO FileOutputCommitter: FileOutputCommitter skip cleanup _temporary folders under output directory:false, ignore cleanup failures: false
[2025-03-14T11:08:08.366+0000] {ssh.py:531} WARNING - 25/03/14 11:08:08 INFO SQLHadoopMapReduceCommitProtocol: Using user defined output committer class org.apache.parquet.hadoop.ParquetOutputCommitter
[2025-03-14T11:08:08.366+0000] {ssh.py:531} WARNING - 25/03/14 11:08:08 INFO FileOutputCommitter: File Output Committer Algorithm version is 1
[2025-03-14T11:08:08.366+0000] {ssh.py:531} WARNING - 25/03/14 11:08:08 INFO FileOutputCommitter: FileOutputCommitter skip cleanup _temporary folders under output directory:false, ignore cleanup failures: false
[2025-03-14T11:08:08.366+0000] {ssh.py:531} WARNING - 25/03/14 11:08:08 INFO SQLHadoopMapReduceCommitProtocol: Using output committer class org.apache.parquet.hadoop.ParquetOutputCommitter
[2025-03-14T11:08:08.374+0000] {ssh.py:531} WARNING - 25/03/14 11:08:08 INFO CodecConfig: Compression: SNAPPY
[2025-03-14T11:08:08.378+0000] {ssh.py:531} WARNING - 25/03/14 11:08:08 INFO CodecConfig: Compression: SNAPPY
[2025-03-14T11:08:08.410+0000] {ssh.py:531} WARNING - 25/03/14 11:08:08 INFO ParquetOutputFormat: ParquetRecordWriter [block size: 134217728b, row group padding size: 8388608b, validating: false]
[2025-03-14T11:08:08.450+0000] {ssh.py:531} WARNING - 25/03/14 11:08:08 INFO ParquetWriteSupport: Initialized Parquet WriteSupport with Catalyst schema:
[2025-03-14T11:08:08.451+0000] {ssh.py:531} WARNING - {
[2025-03-14T11:08:08.451+0000] {ssh.py:531} WARNING -   "type" : "struct",
[2025-03-14T11:08:08.452+0000] {ssh.py:531} WARNING -   "fields" : [ {
[2025-03-14T11:08:08.452+0000] {ssh.py:531} WARNING -     "name" : "gamer_nickname",
[2025-03-14T11:08:08.452+0000] {ssh.py:531} WARNING -     "type" : "string",
[2025-03-14T11:08:08.453+0000] {ssh.py:531} WARNING -     "nullable" : true,
[2025-03-14T11:08:08.453+0000] {ssh.py:531} WARNING -     "metadata" : { }
[2025-03-14T11:08:08.454+0000] {ssh.py:531} WARNING -   }, {
[2025-03-14T11:08:08.454+0000] {ssh.py:531} WARNING -     "name" : "team_color",
[2025-03-14T11:08:08.454+0000] {ssh.py:531} WARNING -     "type" : "string",
[2025-03-14T11:08:08.454+0000] {ssh.py:531} WARNING -     "nullable" : false,
[2025-03-14T11:08:08.455+0000] {ssh.py:531} WARNING -     "metadata" : { }
[2025-03-14T11:08:08.455+0000] {ssh.py:531} WARNING -   }, {
[2025-03-14T11:08:08.455+0000] {ssh.py:531} WARNING -     "name" : "team_count",
[2025-03-14T11:08:08.455+0000] {ssh.py:531} WARNING -     "type" : "integer",
[2025-03-14T11:08:08.456+0000] {ssh.py:531} WARNING -     "nullable" : true,
[2025-03-14T11:08:08.456+0000] {ssh.py:531} WARNING -     "metadata" : { }
[2025-03-14T11:08:08.456+0000] {ssh.py:531} WARNING -   }, {
[2025-03-14T11:08:08.456+0000] {ssh.py:531} WARNING -     "name" : "created_at",
[2025-03-14T11:08:08.456+0000] {ssh.py:531} WARNING -     "type" : "date",
[2025-03-14T11:08:08.457+0000] {ssh.py:531} WARNING -     "nullable" : false,
[2025-03-14T11:08:08.457+0000] {ssh.py:531} WARNING -     "metadata" : { }
[2025-03-14T11:08:08.457+0000] {ssh.py:531} WARNING -   } ]
[2025-03-14T11:08:08.457+0000] {ssh.py:531} WARNING - }
[2025-03-14T11:08:08.458+0000] {ssh.py:531} WARNING - and corresponding Parquet message type:
[2025-03-14T11:08:08.458+0000] {ssh.py:531} WARNING - message spark_schema {
[2025-03-14T11:08:08.458+0000] {ssh.py:531} WARNING -   optional binary gamer_nickname (STRING);
[2025-03-14T11:08:08.459+0000] {ssh.py:531} WARNING -   required binary team_color (STRING);
[2025-03-14T11:08:08.459+0000] {ssh.py:531} WARNING -   optional int32 team_count;
[2025-03-14T11:08:08.459+0000] {ssh.py:531} WARNING -   required int32 created_at (DATE);
[2025-03-14T11:08:08.459+0000] {ssh.py:531} WARNING - }
[2025-03-14T11:08:08.459+0000] {ssh.py:531} WARNING - 
[2025-03-14T11:08:08.460+0000] {ssh.py:531} WARNING -        
[2025-03-14T11:08:08.591+0000] {ssh.py:531} WARNING - 25/03/14 11:08:08 INFO CodecPool: Got brand-new compressor [.snappy]
[2025-03-14T11:08:09.129+0000] {ssh.py:531} WARNING - 25/03/14 11:08:09 INFO FileScanRDD: Reading File path: s3a://de5-finalproj-team2/crawl/2025-03-14/crawl_result_processed_20250314.csv, range: 0-1154758, partition values: [empty row]
[2025-03-14T11:08:09.151+0000] {ssh.py:531} WARNING - 25/03/14 11:08:09 INFO CodeGenerator: Code generated in 18.578845 ms
[2025-03-14T11:08:09.235+0000] {ssh.py:531} WARNING - 25/03/14 11:08:09 INFO LineRecordReader: Found UTF-8 BOM and skipped it
[2025-03-14T11:08:11.781+0000] {ssh.py:531} WARNING - 25/03/14 11:08:11 INFO FileOutputCommitter: Saved output of task 'attempt_20250314110807160962491197529080_0001_m_000000_1' to s3a://de5-finalproj-team2/analytics/team_color_info/2025-03-14/_temporary/0/task_20250314110807160962491197529080_0001_m_000000
[2025-03-14T11:08:11.782+0000] {ssh.py:531} WARNING - 25/03/14 11:08:11 INFO SparkHadoopMapRedUtil: attempt_20250314110807160962491197529080_0001_m_000000_1: Committed. Elapsed time: 707 ms.
[2025-03-14T11:08:11.846+0000] {ssh.py:531} WARNING - 25/03/14 11:08:11 INFO Executor: Finished task 0.0 in stage 1.0 (TID 1). 2669 bytes result sent to driver
[2025-03-14T11:08:11.863+0000] {ssh.py:531} WARNING - 25/03/14 11:08:11 INFO TaskSetManager: Finished task 0.0 in stage 1.0 (TID 1) in 3713 ms on ip-172-31-12-182.ap-northeast-2.compute.internal (executor driver) (1/1)
[2025-03-14T11:08:11.865+0000] {ssh.py:531} WARNING - 25/03/14 11:08:11 INFO TaskSchedulerImpl: Removed TaskSet 1.0, whose tasks have all completed, from pool 
[2025-03-14T11:08:11.869+0000] {ssh.py:531} WARNING - 25/03/14 11:08:11 INFO DAGScheduler: ResultStage 1 (parquet at NativeMethodAccessorImpl.java:0) finished in 3.847 s
[2025-03-14T11:08:11.871+0000] {ssh.py:531} WARNING - 25/03/14 11:08:11 INFO DAGScheduler: Job 1 is finished. Cancelling potential speculative or zombie tasks for this job
[2025-03-14T11:08:11.872+0000] {ssh.py:531} WARNING - 25/03/14 11:08:11 INFO TaskSchedulerImpl: Killing all running tasks in stage 1: Stage finished
[2025-03-14T11:08:11.879+0000] {ssh.py:531} WARNING - 25/03/14 11:08:11 INFO DAGScheduler: Job 1 finished: parquet at NativeMethodAccessorImpl.java:0, took 3.875537 s
[2025-03-14T11:08:11.888+0000] {ssh.py:531} WARNING - 25/03/14 11:08:11 INFO FileFormatWriter: Start to commit write Job 9509bf97-fb39-40b6-9542-6b3dcb91367b.
[2025-03-14T11:08:13.035+0000] {ssh.py:531} WARNING - 25/03/14 11:08:13 INFO FileFormatWriter: Write Job 9509bf97-fb39-40b6-9542-6b3dcb91367b committed. Elapsed time: 1145 ms.
[2025-03-14T11:08:13.049+0000] {ssh.py:531} WARNING - 25/03/14 11:08:13 INFO FileFormatWriter: Finished processing stats for write job 9509bf97-fb39-40b6-9542-6b3dcb91367b.
[2025-03-14T11:08:13.060+0000] {ssh.py:526} INFO - ✅ Parquet 변환 완료! 저장 경로: s3a://de5-finalproj-team2/analytics/team_color_info/2025-03-14
[2025-03-14T11:08:13.118+0000] {ssh.py:531} WARNING - 25/03/14 11:08:13 INFO SparkContext: Invoking stop() from shutdown hook
[2025-03-14T11:08:13.118+0000] {ssh.py:531} WARNING - 25/03/14 11:08:13 INFO SparkContext: SparkContext is stopping with exitCode 0.
[2025-03-14T11:08:13.133+0000] {ssh.py:531} WARNING - 25/03/14 11:08:13 INFO SparkUI: Stopped Spark web UI at http://0.0.0.0:4040
[2025-03-14T11:08:13.156+0000] {ssh.py:531} WARNING - 25/03/14 11:08:13 INFO MapOutputTrackerMasterEndpoint: MapOutputTrackerMasterEndpoint stopped!
[2025-03-14T11:08:13.169+0000] {ssh.py:531} WARNING - 25/03/14 11:08:13 INFO MemoryStore: MemoryStore cleared
[2025-03-14T11:08:13.170+0000] {ssh.py:531} WARNING - 25/03/14 11:08:13 INFO BlockManager: BlockManager stopped
[2025-03-14T11:08:13.174+0000] {ssh.py:531} WARNING - 25/03/14 11:08:13 INFO BlockManagerMaster: BlockManagerMaster stopped
[2025-03-14T11:08:13.179+0000] {ssh.py:531} WARNING - 25/03/14 11:08:13 INFO OutputCommitCoordinator$OutputCommitCoordinatorEndpoint: OutputCommitCoordinator stopped!
[2025-03-14T11:08:13.190+0000] {ssh.py:531} WARNING - 25/03/14 11:08:13 INFO SparkContext: Successfully stopped SparkContext
[2025-03-14T11:08:13.191+0000] {ssh.py:531} WARNING - 25/03/14 11:08:13 INFO ShutdownHookManager: Shutdown hook called
[2025-03-14T11:08:13.192+0000] {ssh.py:531} WARNING - 25/03/14 11:08:13 INFO ShutdownHookManager: Deleting directory /tmp/spark-90b61cc7-43cd-4c03-bc28-f38a217de443
[2025-03-14T11:08:13.197+0000] {ssh.py:531} WARNING - 25/03/14 11:08:13 INFO ShutdownHookManager: Deleting directory /tmp/spark-90b61cc7-43cd-4c03-bc28-f38a217de443/pyspark-bef1a7ac-23bd-40cb-93ef-1bcba0c1995b
[2025-03-14T11:08:13.203+0000] {ssh.py:531} WARNING - 25/03/14 11:08:13 INFO ShutdownHookManager: Deleting directory /tmp/spark-f74013de-a299-4a95-bd7d-e613df7272c9
[2025-03-14T11:08:13.215+0000] {ssh.py:531} WARNING - 25/03/14 11:08:13 INFO MetricsSystemImpl: Stopping s3a-file-system metrics system...
[2025-03-14T11:08:13.216+0000] {ssh.py:531} WARNING - 25/03/14 11:08:13 INFO MetricsSystemImpl: s3a-file-system metrics system stopped.
[2025-03-14T11:08:13.217+0000] {ssh.py:531} WARNING - 25/03/14 11:08:13 INFO MetricsSystemImpl: s3a-file-system metrics system shutdown complete.
[2025-03-14T11:08:13.266+0000] {ssh.py:526} INFO - Spark Job Succeeded!
[2025-03-14T11:08:13.291+0000] {taskinstance.py:441} INFO - ::group::Post task execution logs
[2025-03-14T11:08:13.330+0000] {taskinstance.py:1206} INFO - Marking task as SUCCESS. dag_id=team_color_to_parquet_dag, task_id=submit_spark_via_ssh, run_id=manual__2025-03-14T11:07:44.427593+00:00, execution_date=20250314T110744, start_date=20250314T110747, end_date=20250314T110813
[2025-03-14T11:08:13.363+0000] {local_task_job_runner.py:240} INFO - Task exited with return code 0
[2025-03-14T11:08:13.395+0000] {taskinstance.py:3498} INFO - 1 downstream tasks scheduled from follow-on schedule check
[2025-03-14T11:08:13.397+0000] {local_task_job_runner.py:222} INFO - ::endgroup::
