[2025-03-11T07:57:31.693+0000] {local_task_job_runner.py:120} INFO - ::group::Pre task execution logs
[2025-03-11T07:57:31.716+0000] {taskinstance.py:2076} INFO - Dependencies all met for dep_context=non-requeueable deps ti=<TaskInstance: parquet_to_redshift.s3_to_redshift_match_data manual__2025-03-11T07:56:59.912728+00:00 [queued]>
[2025-03-11T07:57:31.725+0000] {taskinstance.py:2076} INFO - Dependencies all met for dep_context=requeueable deps ti=<TaskInstance: parquet_to_redshift.s3_to_redshift_match_data manual__2025-03-11T07:56:59.912728+00:00 [queued]>
[2025-03-11T07:57:31.726+0000] {taskinstance.py:2306} INFO - Starting attempt 2 of 3
[2025-03-11T07:57:31.740+0000] {taskinstance.py:2330} INFO - Executing <Task(S3ToRedshiftOperator): s3_to_redshift_match_data> on 2025-03-11 07:56:59.912728+00:00
[2025-03-11T07:57:31.746+0000] {standard_task_runner.py:63} INFO - Started process 15430 to run task
[2025-03-11T07:57:31.751+0000] {standard_task_runner.py:90} INFO - Running: ['***', 'tasks', 'run', 'parquet_to_redshift', 's3_to_redshift_match_data', 'manual__2025-03-11T07:56:59.912728+00:00', '--job-id', '63', '--raw', '--subdir', 'DAGS_FOLDER/match_info_redshift_dag.py', '--cfg-path', '/tmp/tmpo2w7d8fo']
[2025-03-11T07:57:31.753+0000] {standard_task_runner.py:91} INFO - Job 63: Subtask s3_to_redshift_match_data
[2025-03-11T07:57:31.816+0000] {task_command.py:426} INFO - Running <TaskInstance: parquet_to_redshift.s3_to_redshift_match_data manual__2025-03-11T07:56:59.912728+00:00 [running]> on host a0d797a25898
[2025-03-11T07:57:31.930+0000] {taskinstance.py:2648} INFO - Exporting env vars: AIRFLOW_CTX_DAG_OWNER='***' AIRFLOW_CTX_DAG_ID='parquet_to_redshift' AIRFLOW_CTX_TASK_ID='s3_to_redshift_match_data' AIRFLOW_CTX_EXECUTION_DATE='2025-03-11T07:56:59.912728+00:00' AIRFLOW_CTX_TRY_NUMBER='2' AIRFLOW_CTX_DAG_RUN_ID='manual__2025-03-11T07:56:59.912728+00:00'
[2025-03-11T07:57:31.931+0000] {taskinstance.py:430} INFO - ::endgroup::
[2025-03-11T07:57:31.959+0000] {base.py:84} INFO - Using connection ID 's3_conn_team' for task execution.
[2025-03-11T07:57:31.971+0000] {base.py:84} INFO - Using connection ID 's3_conn_team' for task execution.
[2025-03-11T07:57:31.971+0000] {connection_wrapper.py:384} INFO - AWS Connection (conn_id='s3_conn_team', conn_type='aws') credentials retrieved from login and password.
[2025-03-11T07:57:31.982+0000] {s3_to_redshift.py:193} INFO - Executing COPY command...
[2025-03-11T07:57:31.996+0000] {base.py:84} INFO - Using connection ID 'redshift_conn_team' for task execution.
[2025-03-11T07:57:32.372+0000] {sql.py:470} INFO - Running statement: BEGIN;, parameters: None
[2025-03-11T07:57:32.379+0000] {sql.py:470} INFO - Running statement: DELETE FROM analytics.match_info;, parameters: None
[2025-03-11T07:57:32.405+0000] {sql.py:479} INFO - Rows affected: 17622
[2025-03-11T07:57:32.405+0000] {sql.py:470} INFO - Running statement: 
                    COPY analytics.match_info 
                    FROM 's3://de5-finalproj-team2/analytics/match_data/2025-03-11/'
                    credentials
                    'aws_access_key_id=AKIA4RRVVY55RK5T7HCV;aws_secret_access_key=***'
                    
                    FORMAT AS PARQUET;
        , parameters: None
[2025-03-11T07:57:32.735+0000] {sql.py:470} INFO - Running statement: COMMIT, parameters: None
[2025-03-11T07:57:32.798+0000] {s3_to_redshift.py:198} INFO - COPY command complete...
[2025-03-11T07:57:32.799+0000] {taskinstance.py:441} INFO - ::group::Post task execution logs
[2025-03-11T07:57:32.817+0000] {taskinstance.py:1206} INFO - Marking task as SUCCESS. dag_id=parquet_to_redshift, task_id=s3_to_redshift_match_data, run_id=manual__2025-03-11T07:56:59.912728+00:00, execution_date=20250311T075659, start_date=20250311T075731, end_date=20250311T075732
[2025-03-11T07:57:32.846+0000] {local_task_job_runner.py:240} INFO - Task exited with return code 0
[2025-03-11T07:57:32.873+0000] {taskinstance.py:3498} INFO - 1 downstream tasks scheduled from follow-on schedule check
[2025-03-11T07:57:32.875+0000] {local_task_job_runner.py:222} INFO - ::endgroup::
