[2025-03-13T08:43:21.343+0000] {local_task_job_runner.py:120} INFO - ::group::Pre task execution logs
[2025-03-13T08:43:21.386+0000] {taskinstance.py:2076} INFO - Dependencies all met for dep_context=non-requeueable deps ti=<TaskInstance: collect_match_info_dag.collect_and_save_match_data_to_json_to_s3 manual__2025-03-13T08:43:18.393524+00:00 [queued]>
[2025-03-13T08:43:21.399+0000] {taskinstance.py:2076} INFO - Dependencies all met for dep_context=requeueable deps ti=<TaskInstance: collect_match_info_dag.collect_and_save_match_data_to_json_to_s3 manual__2025-03-13T08:43:18.393524+00:00 [queued]>
[2025-03-13T08:43:21.400+0000] {taskinstance.py:2306} INFO - Starting attempt 1 of 2
[2025-03-13T08:43:21.566+0000] {taskinstance.py:2330} INFO - Executing <Task(PythonOperator): collect_and_save_match_data_to_json_to_s3> on 2025-03-13 08:43:18.393524+00:00
[2025-03-13T08:43:21.573+0000] {standard_task_runner.py:63} INFO - Started process 32062 to run task
[2025-03-13T08:43:21.576+0000] {standard_task_runner.py:90} INFO - Running: ['***', 'tasks', 'run', 'collect_match_info_dag', 'collect_and_save_match_data_to_json_to_s3', 'manual__2025-03-13T08:43:18.393524+00:00', '--job-id', '139', '--raw', '--subdir', 'DAGS_FOLDER/collect_match_info_dag.py', '--cfg-path', '/tmp/tmptysqlpgc']
[2025-03-13T08:43:21.579+0000] {standard_task_runner.py:91} INFO - Job 139: Subtask collect_and_save_match_data_to_json_to_s3
[2025-03-13T08:43:21.643+0000] {task_command.py:426} INFO - Running <TaskInstance: collect_match_info_dag.collect_and_save_match_data_to_json_to_s3 manual__2025-03-13T08:43:18.393524+00:00 [running]> on host a0d797a25898
[2025-03-13T08:43:21.757+0000] {taskinstance.py:2648} INFO - Exporting env vars: AIRFLOW_CTX_DAG_OWNER='***' AIRFLOW_CTX_DAG_ID='collect_match_info_dag' AIRFLOW_CTX_TASK_ID='collect_and_save_match_data_to_json_to_s3' AIRFLOW_CTX_EXECUTION_DATE='2025-03-13T08:43:18.393524+00:00' AIRFLOW_CTX_TRY_NUMBER='1' AIRFLOW_CTX_DAG_RUN_ID='manual__2025-03-13T08:43:18.393524+00:00'
[2025-03-13T08:43:21.759+0000] {taskinstance.py:430} INFO - ::endgroup::
[2025-03-13T08:43:21.773+0000] {collect_match_info_dag.py:147} INFO - Collecting 2025-03-13's data
[2025-03-13T08:43:22.343+0000] {collect_match_info_dag.py:82} WARNING - API 호출 실패 - status=400, url=https://open.api.nexon.com/fconline/v1/id?nickname=BFX%EC%8B%A0%EA%B2%BD%EC%84%AD
[2025-03-13T08:43:22.701+0000] {collect_match_info_dag.py:82} WARNING - API 호출 실패 - status=400, url=https://open.api.nexon.com/fconline/v1/id?nickname=DRXSavior
[2025-03-13T08:43:23.061+0000] {collect_match_info_dag.py:82} WARNING - API 호출 실패 - status=400, url=https://open.api.nexon.com/fconline/v1/id?nickname=%EC%AF%94%EC%95%95%EC%AF%94%EC%95%95
[2025-03-13T08:43:23.420+0000] {collect_match_info_dag.py:82} WARNING - API 호출 실패 - status=400, url=https://open.api.nexon.com/fconline/v1/id?nickname=AF%EB%B0%95%EC%A4%80%ED%9A%A8
[2025-03-13T08:43:23.779+0000] {collect_match_info_dag.py:82} WARNING - API 호출 실패 - status=400, url=https://open.api.nexon.com/fconline/v1/id?nickname=NSRimGC
[2025-03-13T08:43:24.135+0000] {collect_match_info_dag.py:82} WARNING - API 호출 실패 - status=400, url=https://open.api.nexon.com/fconline/v1/id?nickname=Innate%EB%85%B9%EC%8A%A4
[2025-03-13T08:43:24.527+0000] {collect_match_info_dag.py:82} WARNING - API 호출 실패 - status=400, url=https://open.api.nexon.com/fconline/v1/id?nickname=%EC%8B%A0%EB%A6%BC%EB%8F%99%EB%B0%80%ED%83%B1%ED%81%AC
[2025-03-13T08:43:24.907+0000] {collect_match_info_dag.py:82} WARNING - API 호출 실패 - status=400, url=https://open.api.nexon.com/fconline/v1/id?nickname=DKMiBOB
[2025-03-13T08:43:25.272+0000] {collect_match_info_dag.py:82} WARNING - API 호출 실패 - status=400, url=https://open.api.nexon.com/fconline/v1/id?nickname=Edith%EC%9D%B4%EA%B5%AC%EC%B9%98%EB%A6%AC
[2025-03-13T08:43:25.629+0000] {collect_match_info_dag.py:82} WARNING - API 호출 실패 - status=400, url=https://open.api.nexon.com/fconline/v1/id?nickname=SainT%EC%84%B1%EC%A7%80%EC%9B%90
[2025-03-13T08:43:25.931+0000] {collect_match_info_dag.py:167} INFO - collecting match_info complete!
[2025-03-13T08:43:25.934+0000] {python.py:237} INFO - Done. Returned value was: None
[2025-03-13T08:43:25.935+0000] {taskinstance.py:441} INFO - ::group::Post task execution logs
[2025-03-13T08:43:25.949+0000] {taskinstance.py:1206} INFO - Marking task as SUCCESS. dag_id=collect_match_info_dag, task_id=collect_and_save_match_data_to_json_to_s3, run_id=manual__2025-03-13T08:43:18.393524+00:00, execution_date=20250313T084318, start_date=20250313T084321, end_date=20250313T084325
[2025-03-13T08:43:25.969+0000] {local_task_job_runner.py:240} INFO - Task exited with return code 0
[2025-03-13T08:43:25.999+0000] {taskinstance.py:3498} INFO - 1 downstream tasks scheduled from follow-on schedule check
[2025-03-13T08:43:26.001+0000] {local_task_job_runner.py:222} INFO - ::endgroup::
