[2025-03-14T08:19:55.382+0000] {local_task_job_runner.py:120} INFO - ::group::Pre task execution logs
[2025-03-14T08:19:55.415+0000] {taskinstance.py:2076} INFO - Dependencies all met for dep_context=non-requeueable deps ti=<TaskInstance: s3_csv_to_parquet_dag.submit_spark_via_ssh scheduled__2025-03-13T02:10:00+00:00 [queued]>
[2025-03-14T08:19:55.427+0000] {taskinstance.py:2076} INFO - Dependencies all met for dep_context=requeueable deps ti=<TaskInstance: s3_csv_to_parquet_dag.submit_spark_via_ssh scheduled__2025-03-13T02:10:00+00:00 [queued]>
[2025-03-14T08:19:55.428+0000] {taskinstance.py:2306} INFO - Starting attempt 1 of 2
[2025-03-14T08:19:55.442+0000] {taskinstance.py:2330} INFO - Executing <Task(SSHOperator): submit_spark_via_ssh> on 2025-03-13 02:10:00+00:00
[2025-03-14T08:19:55.448+0000] {standard_task_runner.py:63} INFO - Started process 31394 to run task
[2025-03-14T08:19:55.452+0000] {standard_task_runner.py:90} INFO - Running: ['***', 'tasks', 'run', 's3_csv_to_parquet_dag', 'submit_spark_via_ssh', 'scheduled__2025-03-13T02:10:00+00:00', '--job-id', '193', '--raw', '--subdir', 'DAGS_FOLDER/s3_csv_to_parquet_dag.py', '--cfg-path', '/tmp/tmpzxn1p_tv']
[2025-03-14T08:19:55.455+0000] {standard_task_runner.py:91} INFO - Job 193: Subtask submit_spark_via_ssh
[2025-03-14T08:19:55.525+0000] {task_command.py:426} INFO - Running <TaskInstance: s3_csv_to_parquet_dag.submit_spark_via_ssh scheduled__2025-03-13T02:10:00+00:00 [running]> on host a0d797a25898
[2025-03-14T08:19:55.691+0000] {taskinstance.py:2648} INFO - Exporting env vars: AIRFLOW_CTX_DAG_OWNER='***' AIRFLOW_CTX_DAG_ID='s3_csv_to_parquet_dag' AIRFLOW_CTX_TASK_ID='submit_spark_via_ssh' AIRFLOW_CTX_EXECUTION_DATE='2025-03-13T02:10:00+00:00' AIRFLOW_CTX_TRY_NUMBER='1' AIRFLOW_CTX_DAG_RUN_ID='scheduled__2025-03-13T02:10:00+00:00'
[2025-03-14T08:19:55.692+0000] {taskinstance.py:430} INFO - ::endgroup::
[2025-03-14T08:19:55.716+0000] {ssh.py:151} INFO - Creating ssh_client
[2025-03-14T08:19:55.716+0000] {ssh.py:124} INFO - ssh_hook is not provided or invalid. Trying ssh_conn_id to create SSHHook.
[2025-03-14T08:19:55.741+0000] {base.py:84} INFO - Using connection ID 'spark_ssh_conn' for task execution.
[2025-03-14T08:19:55.741+0000] {ssh.py:301} WARNING - No Host Key Verification. This won't protect against Man-In-The-Middle attacks
[2025-03-14T08:19:55.748+0000] {transport.py:1909} INFO - Connected (version 2.0, client OpenSSH_9.6p1)
[2025-03-14T08:19:55.879+0000] {transport.py:1909} INFO - Authentication (publickey) successful!
[2025-03-14T08:19:55.880+0000] {ssh.py:480} INFO - Running command: 
    set -e
    echo "Starting Spark Job on 2025-03-14"
    /spark-3.5.3/bin/spark-submit /home/ubuntu/spark_scripts/rankingInfo_To_Parquet.py 2025-03-14
    exit_code=$?

    if [ $exit_code -ne 0 ]; then
        echo "Spark Job Failed! Check logs."
        exit 1
    else
        echo "Spark Job Succeeded!"
    fi
    
[2025-03-14T08:19:56.539+0000] {ssh.py:526} INFO - Starting Spark Job on 2025-03-14
[2025-03-14T08:20:01.204+0000] {ssh.py:531} WARNING - 25/03/14 08:20:01 INFO SparkContext: Running Spark version 3.5.3
[2025-03-14T08:20:01.207+0000] {ssh.py:531} WARNING - 25/03/14 08:20:01 INFO SparkContext: OS info Linux, 6.8.0-1024-aws, amd64
[2025-03-14T08:20:01.208+0000] {ssh.py:531} WARNING - 25/03/14 08:20:01 INFO SparkContext: Java version 11.0.26
[2025-03-14T08:20:01.336+0000] {ssh.py:531} WARNING - 25/03/14 08:20:01 WARN NativeCodeLoader: Unable to load native-hadoop library for your platform... using builtin-java classes where applicable
[2025-03-14T08:20:01.501+0000] {ssh.py:531} WARNING - 25/03/14 08:20:01 INFO ResourceUtils: ==============================================================
[2025-03-14T08:20:01.502+0000] {ssh.py:531} WARNING - 25/03/14 08:20:01 INFO ResourceUtils: No custom resources configured for spark.driver.
[2025-03-14T08:20:01.503+0000] {ssh.py:531} WARNING - 25/03/14 08:20:01 INFO ResourceUtils: ==============================================================
[2025-03-14T08:20:01.503+0000] {ssh.py:531} WARNING - 25/03/14 08:20:01 INFO SparkContext: Submitted application: Daily_Data_Collection
[2025-03-14T08:20:01.551+0000] {ssh.py:531} WARNING - 25/03/14 08:20:01 INFO ResourceProfile: Default ResourceProfile created, executor resources: Map(cores -> name: cores, amount: 1, script: , vendor: , memory -> name: memory, amount: 1024, script: , vendor: , offHeap -> name: offHeap, amount: 0, script: , vendor: ), task resources: Map(cpus -> name: cpus, amount: 1.0)
[2025-03-14T08:20:01.573+0000] {ssh.py:531} WARNING - 25/03/14 08:20:01 INFO ResourceProfile: Limiting resource is cpu
[2025-03-14T08:20:01.576+0000] {ssh.py:531} WARNING - 25/03/14 08:20:01 INFO ResourceProfileManager: Added ResourceProfile id: 0
[2025-03-14T08:20:01.659+0000] {ssh.py:531} WARNING - 25/03/14 08:20:01 INFO SecurityManager: Changing view acls to: ubuntu
[2025-03-14T08:20:01.661+0000] {ssh.py:531} WARNING - 25/03/14 08:20:01 INFO SecurityManager: Changing modify acls to: ubuntu
[2025-03-14T08:20:01.661+0000] {ssh.py:531} WARNING - 25/03/14 08:20:01 INFO SecurityManager: Changing view acls groups to: 
[2025-03-14T08:20:01.662+0000] {ssh.py:531} WARNING - 25/03/14 08:20:01 INFO SecurityManager: Changing modify acls groups to: 
[2025-03-14T08:20:01.662+0000] {ssh.py:531} WARNING - 25/03/14 08:20:01 INFO SecurityManager: SecurityManager: authentication disabled; ui acls disabled; users with view permissions: ubuntu; groups with view permissions: EMPTY; users with modify permissions: ubuntu; groups with modify permissions: EMPTY
[2025-03-14T08:20:02.232+0000] {ssh.py:531} WARNING - 25/03/14 08:20:02 INFO Utils: Successfully started service 'sparkDriver' on port 40755.
[2025-03-14T08:20:02.284+0000] {ssh.py:531} WARNING - 25/03/14 08:20:02 INFO SparkEnv: Registering MapOutputTracker
[2025-03-14T08:20:02.337+0000] {ssh.py:531} WARNING - 25/03/14 08:20:02 INFO SparkEnv: Registering BlockManagerMaster
[2025-03-14T08:20:02.380+0000] {ssh.py:531} WARNING - 25/03/14 08:20:02 INFO BlockManagerMasterEndpoint: Using org.apache.spark.storage.DefaultTopologyMapper for getting topology information
[2025-03-14T08:20:02.385+0000] {ssh.py:531} WARNING - 25/03/14 08:20:02 INFO BlockManagerMasterEndpoint: BlockManagerMasterEndpoint up
[2025-03-14T08:20:02.392+0000] {ssh.py:531} WARNING - 25/03/14 08:20:02 INFO SparkEnv: Registering BlockManagerMasterHeartbeat
[2025-03-14T08:20:02.430+0000] {ssh.py:531} WARNING - 25/03/14 08:20:02 INFO DiskBlockManager: Created local directory at /tmp/blockmgr-944f6087-265f-46c6-ad6e-8ddda909b372
[2025-03-14T08:20:02.454+0000] {ssh.py:531} WARNING - 25/03/14 08:20:02 INFO MemoryStore: MemoryStore started with capacity 434.4 MiB
[2025-03-14T08:20:02.483+0000] {ssh.py:531} WARNING - 25/03/14 08:20:02 INFO SparkEnv: Registering OutputCommitCoordinator
[2025-03-14T08:20:02.707+0000] {ssh.py:531} WARNING - 25/03/14 08:20:02 INFO JettyUtils: Start Jetty 0.0.0.0:4040 for SparkUI
[2025-03-14T08:20:02.831+0000] {ssh.py:531} WARNING - 25/03/14 08:20:02 INFO Utils: Successfully started service 'SparkUI' on port 4040.
[2025-03-14T08:20:03.047+0000] {ssh.py:531} WARNING - 25/03/14 08:20:03 INFO Executor: Starting executor ID driver on host ip-172-31-12-182.ap-northeast-2.compute.internal
[2025-03-14T08:20:03.051+0000] {ssh.py:531} WARNING - 25/03/14 08:20:03 INFO Executor: OS info Linux, 6.8.0-1024-aws, amd64
[2025-03-14T08:20:03.055+0000] {ssh.py:531} WARNING - 25/03/14 08:20:03 INFO Executor: Java version 11.0.26
[2025-03-14T08:20:03.063+0000] {ssh.py:531} WARNING - 25/03/14 08:20:03 INFO Executor: Starting executor with user classpath (userClassPathFirst = false): ''
[2025-03-14T08:20:03.064+0000] {ssh.py:531} WARNING - 25/03/14 08:20:03 INFO Executor: Created or updated repl class loader org.apache.spark.util.MutableURLClassLoader@151605ed for default.
[2025-03-14T08:20:03.112+0000] {ssh.py:531} WARNING - 25/03/14 08:20:03 INFO Utils: Successfully started service 'org.apache.spark.network.netty.NettyBlockTransferService' on port 33253.
[2025-03-14T08:20:03.113+0000] {ssh.py:531} WARNING - 25/03/14 08:20:03 INFO NettyBlockTransferService: Server created on 0.0.0.0:33253
[2025-03-14T08:20:03.118+0000] {ssh.py:531} WARNING - 25/03/14 08:20:03 INFO BlockManager: Using org.apache.spark.storage.RandomBlockReplicationPolicy for block replication policy
[2025-03-14T08:20:03.128+0000] {ssh.py:531} WARNING - 25/03/14 08:20:03 INFO BlockManagerMaster: Registering BlockManager BlockManagerId(driver, 0.0.0.0, 33253, None)
[2025-03-14T08:20:03.135+0000] {ssh.py:531} WARNING - 25/03/14 08:20:03 INFO BlockManagerMasterEndpoint: Registering block manager 0.0.0.0:33253 with 434.4 MiB RAM, BlockManagerId(driver, 0.0.0.0, 33253, None)
[2025-03-14T08:20:03.140+0000] {ssh.py:531} WARNING - 25/03/14 08:20:03 INFO BlockManagerMaster: Registered BlockManager BlockManagerId(driver, 0.0.0.0, 33253, None)
[2025-03-14T08:20:03.142+0000] {ssh.py:531} WARNING - 25/03/14 08:20:03 INFO BlockManager: Initialized BlockManager: BlockManagerId(driver, 0.0.0.0, 33253, None)
[2025-03-14T08:20:03.931+0000] {ssh.py:526} INFO - 📂 Processing: s3a://de5-finalproj-team2/crawl/2025-03-14/crawl_result_processed_20250314.csv → s3a://de5-finalproj-team2/analytics/ranking_info/2025-03-14
[2025-03-14T08:20:04.090+0000] {ssh.py:531} WARNING - 25/03/14 08:20:04 INFO SharedState: Setting hive.metastore.warehouse.dir ('null') to the value of spark.sql.warehouse.dir.
[2025-03-14T08:20:04.107+0000] {ssh.py:531} WARNING - 25/03/14 08:20:04 INFO SharedState: Warehouse path is 'file:/home/ubuntu/spark-warehouse'.
[2025-03-14T08:20:06.017+0000] {ssh.py:531} WARNING - 25/03/14 08:20:06 WARN MetricsConfig: Cannot locate configuration: tried hadoop-metrics2-s3a-file-system.properties,hadoop-metrics2.properties
[2025-03-14T08:20:06.046+0000] {ssh.py:531} WARNING - 25/03/14 08:20:06 INFO MetricsSystemImpl: Scheduled Metric snapshot period at 10 second(s).
[2025-03-14T08:20:06.047+0000] {ssh.py:531} WARNING - 25/03/14 08:20:06 INFO MetricsSystemImpl: s3a-file-system metrics system started
[2025-03-14T08:20:08.191+0000] {ssh.py:531} WARNING - 25/03/14 08:20:08 INFO InMemoryFileIndex: It took 157 ms to list leaf files for 1 paths.
[2025-03-14T08:20:08.393+0000] {ssh.py:531} WARNING - 25/03/14 08:20:08 INFO InMemoryFileIndex: It took 59 ms to list leaf files for 1 paths.
[2025-03-14T08:20:13.000+0000] {ssh.py:531} WARNING - 25/03/14 08:20:12 INFO FileSourceStrategy: Pushed Filters: 
[2025-03-14T08:20:13.011+0000] {ssh.py:531} WARNING - 25/03/14 08:20:13 INFO FileSourceStrategy: Post-Scan Filters: (length(trim(value#0, None)) > 0)
[2025-03-14T08:20:14.106+0000] {ssh.py:531} WARNING - 25/03/14 08:20:14 INFO CodeGenerator: Code generated in 413.309213 ms
[2025-03-14T08:20:14.192+0000] {ssh.py:531} WARNING - 25/03/14 08:20:14 INFO MemoryStore: Block broadcast_0 stored as values in memory (estimated size 200.5 KiB, free 434.2 MiB)
[2025-03-14T08:20:14.280+0000] {ssh.py:531} WARNING - 25/03/14 08:20:14 INFO MemoryStore: Block broadcast_0_piece0 stored as bytes in memory (estimated size 34.7 KiB, free 434.2 MiB)
[2025-03-14T08:20:14.287+0000] {ssh.py:531} WARNING - 25/03/14 08:20:14 INFO BlockManagerInfo: Added broadcast_0_piece0 in memory on 0.0.0.0:33253 (size: 34.7 KiB, free: 434.4 MiB)
[2025-03-14T08:20:14.295+0000] {ssh.py:531} WARNING - 25/03/14 08:20:14 INFO SparkContext: Created broadcast 0 from csv at NativeMethodAccessorImpl.java:0
[2025-03-14T08:20:14.319+0000] {ssh.py:531} WARNING - 25/03/14 08:20:14 INFO FileSourceScanExec: Planning scan with bin packing, max size: 4194304 bytes, open cost is considered as scanning 4194304 bytes.
[2025-03-14T08:20:14.569+0000] {ssh.py:531} WARNING - 25/03/14 08:20:14 INFO SparkContext: Starting job: csv at NativeMethodAccessorImpl.java:0
[2025-03-14T08:20:14.601+0000] {ssh.py:531} WARNING - 25/03/14 08:20:14 INFO DAGScheduler: Got job 0 (csv at NativeMethodAccessorImpl.java:0) with 1 output partitions
[2025-03-14T08:20:14.602+0000] {ssh.py:531} WARNING - 25/03/14 08:20:14 INFO DAGScheduler: Final stage: ResultStage 0 (csv at NativeMethodAccessorImpl.java:0)
[2025-03-14T08:20:14.602+0000] {ssh.py:531} WARNING - 25/03/14 08:20:14 INFO DAGScheduler: Parents of final stage: List()
[2025-03-14T08:20:14.604+0000] {ssh.py:531} WARNING - 25/03/14 08:20:14 INFO DAGScheduler: Missing parents: List()
[2025-03-14T08:20:14.619+0000] {ssh.py:531} WARNING - 25/03/14 08:20:14 INFO DAGScheduler: Submitting ResultStage 0 (MapPartitionsRDD[3] at csv at NativeMethodAccessorImpl.java:0), which has no missing parents
[2025-03-14T08:20:14.816+0000] {ssh.py:531} WARNING - 25/03/14 08:20:14 INFO MemoryStore: Block broadcast_1 stored as values in memory (estimated size 13.5 KiB, free 434.2 MiB)
[2025-03-14T08:20:14.820+0000] {ssh.py:531} WARNING - 25/03/14 08:20:14 INFO MemoryStore: Block broadcast_1_piece0 stored as bytes in memory (estimated size 6.4 KiB, free 434.2 MiB)
[2025-03-14T08:20:14.821+0000] {ssh.py:531} WARNING - 25/03/14 08:20:14 INFO BlockManagerInfo: Added broadcast_1_piece0 in memory on 0.0.0.0:33253 (size: 6.4 KiB, free: 434.4 MiB)
[2025-03-14T08:20:14.823+0000] {ssh.py:531} WARNING - 25/03/14 08:20:14 INFO SparkContext: Created broadcast 1 from broadcast at DAGScheduler.scala:1585
[2025-03-14T08:20:14.851+0000] {ssh.py:531} WARNING - 25/03/14 08:20:14 INFO DAGScheduler: Submitting 1 missing tasks from ResultStage 0 (MapPartitionsRDD[3] at csv at NativeMethodAccessorImpl.java:0) (first 15 tasks are for partitions Vector(0))
[2025-03-14T08:20:14.853+0000] {ssh.py:531} WARNING - 25/03/14 08:20:14 INFO TaskSchedulerImpl: Adding task set 0.0 with 1 tasks resource profile 0
[2025-03-14T08:20:14.941+0000] {ssh.py:531} WARNING - 25/03/14 08:20:14 INFO TaskSetManager: Starting task 0.0 in stage 0.0 (TID 0) (ip-172-31-12-182.ap-northeast-2.compute.internal, executor driver, partition 0, PROCESS_LOCAL, 9640 bytes) 
[2025-03-14T08:20:14.977+0000] {ssh.py:531} WARNING - 25/03/14 08:20:14 INFO Executor: Running task 0.0 in stage 0.0 (TID 0)
[2025-03-14T08:20:15.235+0000] {ssh.py:531} WARNING - 25/03/14 08:20:15 INFO CodeGenerator: Code generated in 25.271309 ms
[2025-03-14T08:20:15.242+0000] {ssh.py:531} WARNING - 25/03/14 08:20:15 INFO FileScanRDD: Reading File path: s3a://de5-finalproj-team2/crawl/2025-03-14/crawl_result_processed_20250314.csv, range: 0-1154758, partition values: [empty row]
[2025-03-14T08:20:15.285+0000] {ssh.py:531} WARNING - 25/03/14 08:20:15 INFO CodeGenerator: Code generated in 32.990066 ms
[2025-03-14T08:20:15.464+0000] {ssh.py:531} WARNING - 25/03/14 08:20:15 INFO LineRecordReader: Found UTF-8 BOM and skipped it
[2025-03-14T08:20:15.501+0000] {ssh.py:531} WARNING - 25/03/14 08:20:15 INFO Executor: Finished task 0.0 in stage 0.0 (TID 0). 1756 bytes result sent to driver
[2025-03-14T08:20:15.516+0000] {ssh.py:531} WARNING - 25/03/14 08:20:15 INFO TaskSetManager: Finished task 0.0 in stage 0.0 (TID 0) in 599 ms on ip-172-31-12-182.ap-northeast-2.compute.internal (executor driver) (1/1)
[2025-03-14T08:20:15.520+0000] {ssh.py:531} WARNING - 25/03/14 08:20:15 INFO TaskSchedulerImpl: Removed TaskSet 0.0, whose tasks have all completed, from pool 
[2025-03-14T08:20:15.528+0000] {ssh.py:531} WARNING - 25/03/14 08:20:15 INFO DAGScheduler: ResultStage 0 (csv at NativeMethodAccessorImpl.java:0) finished in 0.854 s
[2025-03-14T08:20:15.532+0000] {ssh.py:531} WARNING - 25/03/14 08:20:15 INFO DAGScheduler: Job 0 is finished. Cancelling potential speculative or zombie tasks for this job
[2025-03-14T08:20:15.533+0000] {ssh.py:531} WARNING - 25/03/14 08:20:15 INFO TaskSchedulerImpl: Killing all running tasks in stage 0: Stage finished
[2025-03-14T08:20:15.535+0000] {ssh.py:531} WARNING - 25/03/14 08:20:15 INFO DAGScheduler: Job 0 finished: csv at NativeMethodAccessorImpl.java:0, took 0.966151 s
[2025-03-14T08:20:15.598+0000] {ssh.py:531} WARNING - 25/03/14 08:20:15 INFO CodeGenerator: Code generated in 37.12041 ms
[2025-03-14T08:20:15.701+0000] {ssh.py:531} WARNING - 25/03/14 08:20:15 INFO FileSourceStrategy: Pushed Filters: 
[2025-03-14T08:20:15.702+0000] {ssh.py:531} WARNING - 25/03/14 08:20:15 INFO FileSourceStrategy: Post-Scan Filters: 
[2025-03-14T08:20:15.729+0000] {ssh.py:531} WARNING - 25/03/14 08:20:15 INFO MemoryStore: Block broadcast_2 stored as values in memory (estimated size 200.5 KiB, free 434.0 MiB)
[2025-03-14T08:20:15.809+0000] {ssh.py:531} WARNING - 25/03/14 08:20:15 INFO MemoryStore: Block broadcast_2_piece0 stored as bytes in memory (estimated size 34.7 KiB, free 433.9 MiB)
[2025-03-14T08:20:15.830+0000] {ssh.py:531} WARNING - 25/03/14 08:20:15 INFO BlockManagerInfo: Added broadcast_2_piece0 in memory on 0.0.0.0:33253 (size: 34.7 KiB, free: 434.3 MiB)
[2025-03-14T08:20:15.835+0000] {ssh.py:531} WARNING - 25/03/14 08:20:15 INFO SparkContext: Created broadcast 2 from csv at NativeMethodAccessorImpl.java:0
[2025-03-14T08:20:15.841+0000] {ssh.py:531} WARNING - 25/03/14 08:20:15 INFO FileSourceScanExec: Planning scan with bin packing, max size: 4194304 bytes, open cost is considered as scanning 4194304 bytes.
[2025-03-14T08:20:15.864+0000] {ssh.py:531} WARNING - 25/03/14 08:20:15 INFO BlockManagerInfo: Removed broadcast_1_piece0 on 0.0.0.0:33253 in memory (size: 6.4 KiB, free: 434.3 MiB)
[2025-03-14T08:20:17.297+0000] {ssh.py:531} WARNING - 25/03/14 08:20:17 INFO FileSourceStrategy: Pushed Filters: 
[2025-03-14T08:20:17.297+0000] {ssh.py:531} WARNING - 25/03/14 08:20:17 INFO FileSourceStrategy: Post-Scan Filters: 
[2025-03-14T08:20:17.789+0000] {ssh.py:531} WARNING - 25/03/14 08:20:17 INFO ParquetUtils: Using default output committer for Parquet: org.apache.parquet.hadoop.ParquetOutputCommitter
[2025-03-14T08:20:17.812+0000] {ssh.py:531} WARNING - 25/03/14 08:20:17 INFO FileOutputCommitter: File Output Committer Algorithm version is 1
[2025-03-14T08:20:17.813+0000] {ssh.py:531} WARNING - 25/03/14 08:20:17 INFO FileOutputCommitter: FileOutputCommitter skip cleanup _temporary folders under output directory:false, ignore cleanup failures: false
[2025-03-14T08:20:17.814+0000] {ssh.py:531} WARNING - 25/03/14 08:20:17 INFO SQLHadoopMapReduceCommitProtocol: Using user defined output committer class org.apache.parquet.hadoop.ParquetOutputCommitter
[2025-03-14T08:20:17.814+0000] {ssh.py:531} WARNING - 25/03/14 08:20:17 INFO FileOutputCommitter: File Output Committer Algorithm version is 1
[2025-03-14T08:20:17.814+0000] {ssh.py:531} WARNING - 25/03/14 08:20:17 INFO FileOutputCommitter: FileOutputCommitter skip cleanup _temporary folders under output directory:false, ignore cleanup failures: false
[2025-03-14T08:20:17.815+0000] {ssh.py:531} WARNING - 25/03/14 08:20:17 INFO SQLHadoopMapReduceCommitProtocol: Using output committer class org.apache.parquet.hadoop.ParquetOutputCommitter
[2025-03-14T08:20:18.260+0000] {ssh.py:531} WARNING - 25/03/14 08:20:18 INFO CodeGenerator: Code generated in 150.12939 ms
[2025-03-14T08:20:18.267+0000] {ssh.py:531} WARNING - 25/03/14 08:20:18 INFO MemoryStore: Block broadcast_3 stored as values in memory (estimated size 200.4 KiB, free 433.7 MiB)
[2025-03-14T08:20:18.331+0000] {ssh.py:531} WARNING - 25/03/14 08:20:18 INFO MemoryStore: Block broadcast_3_piece0 stored as bytes in memory (estimated size 34.7 KiB, free 433.7 MiB)
[2025-03-14T08:20:18.338+0000] {ssh.py:531} WARNING - 25/03/14 08:20:18 INFO BlockManagerInfo: Added broadcast_3_piece0 in memory on 0.0.0.0:33253 (size: 34.7 KiB, free: 434.3 MiB)
[2025-03-14T08:20:18.341+0000] {ssh.py:531} WARNING - 25/03/14 08:20:18 INFO SparkContext: Created broadcast 3 from parquet at NativeMethodAccessorImpl.java:0
[2025-03-14T08:20:18.359+0000] {ssh.py:531} WARNING - 25/03/14 08:20:18 INFO FileSourceScanExec: Planning scan with bin packing, max size: 4194304 bytes, open cost is considered as scanning 4194304 bytes.
[2025-03-14T08:20:18.394+0000] {ssh.py:531} WARNING - 25/03/14 08:20:18 INFO SparkContext: Starting job: parquet at NativeMethodAccessorImpl.java:0
[2025-03-14T08:20:18.395+0000] {ssh.py:531} WARNING - 25/03/14 08:20:18 INFO DAGScheduler: Got job 1 (parquet at NativeMethodAccessorImpl.java:0) with 1 output partitions
[2025-03-14T08:20:18.395+0000] {ssh.py:531} WARNING - 25/03/14 08:20:18 INFO DAGScheduler: Final stage: ResultStage 1 (parquet at NativeMethodAccessorImpl.java:0)
[2025-03-14T08:20:18.395+0000] {ssh.py:531} WARNING - 25/03/14 08:20:18 INFO DAGScheduler: Parents of final stage: List()
[2025-03-14T08:20:18.403+0000] {ssh.py:531} WARNING - 25/03/14 08:20:18 INFO DAGScheduler: Missing parents: List()
[2025-03-14T08:20:18.404+0000] {ssh.py:531} WARNING - 25/03/14 08:20:18 INFO DAGScheduler: Submitting ResultStage 1 (MapPartitionsRDD[13] at parquet at NativeMethodAccessorImpl.java:0), which has no missing parents
[2025-03-14T08:20:18.529+0000] {ssh.py:531} WARNING - 25/03/14 08:20:18 INFO BlockManagerInfo: Removed broadcast_0_piece0 on 0.0.0.0:33253 in memory (size: 34.7 KiB, free: 434.3 MiB)
[2025-03-14T08:20:18.558+0000] {ssh.py:531} WARNING - 25/03/14 08:20:18 INFO MemoryStore: Block broadcast_4 stored as values in memory (estimated size 227.5 KiB, free 433.7 MiB)
[2025-03-14T08:20:18.563+0000] {ssh.py:531} WARNING - 25/03/14 08:20:18 INFO MemoryStore: Block broadcast_4_piece0 stored as bytes in memory (estimated size 82.1 KiB, free 433.6 MiB)
[2025-03-14T08:20:18.564+0000] {ssh.py:531} WARNING - 25/03/14 08:20:18 INFO BlockManagerInfo: Added broadcast_4_piece0 in memory on 0.0.0.0:33253 (size: 82.1 KiB, free: 434.3 MiB)
[2025-03-14T08:20:18.565+0000] {ssh.py:531} WARNING - 25/03/14 08:20:18 INFO SparkContext: Created broadcast 4 from broadcast at DAGScheduler.scala:1585
[2025-03-14T08:20:18.568+0000] {ssh.py:531} WARNING - 25/03/14 08:20:18 INFO DAGScheduler: Submitting 1 missing tasks from ResultStage 1 (MapPartitionsRDD[13] at parquet at NativeMethodAccessorImpl.java:0) (first 15 tasks are for partitions Vector(0))
[2025-03-14T08:20:18.571+0000] {ssh.py:531} WARNING - 25/03/14 08:20:18 INFO TaskSchedulerImpl: Adding task set 1.0 with 1 tasks resource profile 0
[2025-03-14T08:20:18.576+0000] {ssh.py:531} WARNING - 25/03/14 08:20:18 INFO TaskSetManager: Starting task 0.0 in stage 1.0 (TID 1) (ip-172-31-12-182.ap-northeast-2.compute.internal, executor driver, partition 0, PROCESS_LOCAL, 9640 bytes) 
[2025-03-14T08:20:18.577+0000] {ssh.py:531} WARNING - 25/03/14 08:20:18 INFO Executor: Running task 0.0 in stage 1.0 (TID 1)
[2025-03-14T08:20:18.840+0000] {ssh.py:531} WARNING - 25/03/14 08:20:18 INFO CodeGenerator: Code generated in 115.623009 ms
[2025-03-14T08:20:18.849+0000] {ssh.py:531} WARNING - 25/03/14 08:20:18 INFO FileOutputCommitter: File Output Committer Algorithm version is 1
[2025-03-14T08:20:18.850+0000] {ssh.py:531} WARNING - 25/03/14 08:20:18 INFO FileOutputCommitter: FileOutputCommitter skip cleanup _temporary folders under output directory:false, ignore cleanup failures: false
[2025-03-14T08:20:18.853+0000] {ssh.py:531} WARNING - 25/03/14 08:20:18 INFO SQLHadoopMapReduceCommitProtocol: Using user defined output committer class org.apache.parquet.hadoop.ParquetOutputCommitter
[2025-03-14T08:20:18.854+0000] {ssh.py:531} WARNING - 25/03/14 08:20:18 INFO FileOutputCommitter: File Output Committer Algorithm version is 1
[2025-03-14T08:20:18.854+0000] {ssh.py:531} WARNING - 25/03/14 08:20:18 INFO FileOutputCommitter: FileOutputCommitter skip cleanup _temporary folders under output directory:false, ignore cleanup failures: false
[2025-03-14T08:20:18.856+0000] {ssh.py:531} WARNING - 25/03/14 08:20:18 INFO SQLHadoopMapReduceCommitProtocol: Using output committer class org.apache.parquet.hadoop.ParquetOutputCommitter
[2025-03-14T08:20:18.868+0000] {ssh.py:531} WARNING - 25/03/14 08:20:18 INFO CodecConfig: Compression: SNAPPY
[2025-03-14T08:20:18.872+0000] {ssh.py:531} WARNING - 25/03/14 08:20:18 INFO CodecConfig: Compression: SNAPPY
[2025-03-14T08:20:18.919+0000] {ssh.py:531} WARNING - 25/03/14 08:20:18 INFO ParquetOutputFormat: ParquetRecordWriter [block size: 134217728b, row group padding size: 8388608b, validating: false]
[2025-03-14T08:20:18.991+0000] {ssh.py:531} WARNING - 25/03/14 08:20:18 INFO ParquetWriteSupport: Initialized Parquet WriteSupport with Catalyst schema:
[2025-03-14T08:20:18.991+0000] {ssh.py:531} WARNING - {
[2025-03-14T08:20:18.992+0000] {ssh.py:531} WARNING -   "type" : "struct",
[2025-03-14T08:20:18.992+0000] {ssh.py:531} WARNING -   "fields" : [ {
[2025-03-14T08:20:18.992+0000] {ssh.py:531} WARNING -     "name" : "gamer_nickname",
[2025-03-14T08:20:18.992+0000] {ssh.py:531} WARNING -     "type" : "string",
[2025-03-14T08:20:18.992+0000] {ssh.py:531} WARNING -     "nullable" : true,
[2025-03-14T08:20:18.993+0000] {ssh.py:531} WARNING -     "metadata" : { }
[2025-03-14T08:20:18.993+0000] {ssh.py:531} WARNING -   }, {
[2025-03-14T08:20:18.993+0000] {ssh.py:531} WARNING -     "name" : "division_id",
[2025-03-14T08:20:18.993+0000] {ssh.py:531} WARNING -     "type" : "integer",
[2025-03-14T08:20:18.993+0000] {ssh.py:531} WARNING -     "nullable" : true,
[2025-03-14T08:20:18.993+0000] {ssh.py:531} WARNING -     "metadata" : { }
[2025-03-14T08:20:18.993+0000] {ssh.py:531} WARNING -   }, {
[2025-03-14T08:20:18.994+0000] {ssh.py:531} WARNING -     "name" : "gamer_level",
[2025-03-14T08:20:18.994+0000] {ssh.py:531} WARNING -     "type" : "integer",
[2025-03-14T08:20:18.994+0000] {ssh.py:531} WARNING -     "nullable" : true,
[2025-03-14T08:20:18.994+0000] {ssh.py:531} WARNING -     "metadata" : { }
[2025-03-14T08:20:18.994+0000] {ssh.py:531} WARNING -   }, {
[2025-03-14T08:20:18.994+0000] {ssh.py:531} WARNING -     "name" : "team_worth",
[2025-03-14T08:20:18.994+0000] {ssh.py:531} WARNING -     "type" : "long",
[2025-03-14T08:20:18.994+0000] {ssh.py:531} WARNING -     "nullable" : true,
[2025-03-14T08:20:18.995+0000] {ssh.py:531} WARNING -     "metadata" : { }
[2025-03-14T08:20:18.995+0000] {ssh.py:531} WARNING -   }, {
[2025-03-14T08:20:18.995+0000] {ssh.py:531} WARNING -     "name" : "points",
[2025-03-14T08:20:18.995+0000] {ssh.py:531} WARNING -     "type" : "decimal(10,2)",
[2025-03-14T08:20:18.995+0000] {ssh.py:531} WARNING -     "nullable" : true,
[2025-03-14T08:20:18.995+0000] {ssh.py:531} WARNING -     "metadata" : { }
[2025-03-14T08:20:18.995+0000] {ssh.py:531} WARNING -   }, {
[2025-03-14T08:20:18.995+0000] {ssh.py:531} WARNING -     "name" : "winning_rate",
[2025-03-14T08:20:18.995+0000] {ssh.py:531} WARNING -     "type" : "decimal(10,2)",
[2025-03-14T08:20:18.996+0000] {ssh.py:531} WARNING -     "nullable" : true,
[2025-03-14T08:20:18.996+0000] {ssh.py:531} WARNING -     "metadata" : { }
[2025-03-14T08:20:18.996+0000] {ssh.py:531} WARNING -   }, {
[2025-03-14T08:20:18.996+0000] {ssh.py:531} WARNING -     "name" : "total_win",
[2025-03-14T08:20:18.996+0000] {ssh.py:531} WARNING -     "type" : "integer",
[2025-03-14T08:20:18.996+0000] {ssh.py:531} WARNING -     "nullable" : true,
[2025-03-14T08:20:18.996+0000] {ssh.py:531} WARNING -     "metadata" : { }
[2025-03-14T08:20:18.996+0000] {ssh.py:531} WARNING -   }, {
[2025-03-14T08:20:18.996+0000] {ssh.py:531} WARNING -     "name" : "total_draw",
[2025-03-14T08:20:18.997+0000] {ssh.py:531} WARNING -     "type" : "integer",
[2025-03-14T08:20:18.997+0000] {ssh.py:531} WARNING -     "nullable" : true,
[2025-03-14T08:20:18.997+0000] {ssh.py:531} WARNING -     "metadata" : { }
[2025-03-14T08:20:18.997+0000] {ssh.py:531} WARNING -   }, {
[2025-03-14T08:20:18.997+0000] {ssh.py:531} WARNING -     "name" : "total_lose",
[2025-03-14T08:20:18.997+0000] {ssh.py:531} WARNING -     "type" : "integer",
[2025-03-14T08:20:18.998+0000] {ssh.py:531} WARNING -     "nullable" : true,
[2025-03-14T08:20:18.998+0000] {ssh.py:531} WARNING -     "metadata" : { }
[2025-03-14T08:20:18.998+0000] {ssh.py:531} WARNING -   }, {
[2025-03-14T08:20:18.998+0000] {ssh.py:531} WARNING -     "name" : "formation",
[2025-03-14T08:20:18.998+0000] {ssh.py:531} WARNING -     "type" : "string",
[2025-03-14T08:20:18.998+0000] {ssh.py:531} WARNING -     "nullable" : true,
[2025-03-14T08:20:18.998+0000] {ssh.py:531} WARNING -     "metadata" : { }
[2025-03-14T08:20:18.998+0000] {ssh.py:531} WARNING -   }, {
[2025-03-14T08:20:18.999+0000] {ssh.py:531} WARNING -     "name" : "created_at",
[2025-03-14T08:20:18.999+0000] {ssh.py:531} WARNING -     "type" : "date",
[2025-03-14T08:20:18.999+0000] {ssh.py:531} WARNING -     "nullable" : false,
[2025-03-14T08:20:18.999+0000] {ssh.py:531} WARNING -     "metadata" : { }
[2025-03-14T08:20:18.999+0000] {ssh.py:531} WARNING -   }, {
[2025-03-14T08:20:18.999+0000] {ssh.py:531} WARNING -     "name" : "ranking",
[2025-03-14T08:20:18.999+0000] {ssh.py:531} WARNING -     "type" : "integer",
[2025-03-14T08:20:19.000+0000] {ssh.py:531} WARNING -     "nullable" : true,
[2025-03-14T08:20:19.000+0000] {ssh.py:531} WARNING -     "metadata" : { }
[2025-03-14T08:20:19.000+0000] {ssh.py:531} WARNING -   } ]
[2025-03-14T08:20:19.000+0000] {ssh.py:531} WARNING - }
[2025-03-14T08:20:19.000+0000] {ssh.py:531} WARNING - and corresponding Parquet message type:
[2025-03-14T08:20:19.000+0000] {ssh.py:531} WARNING - message spark_schema {
[2025-03-14T08:20:19.001+0000] {ssh.py:531} WARNING -   optional binary gamer_nickname (STRING);
[2025-03-14T08:20:19.001+0000] {ssh.py:531} WARNING -   optional int32 division_id;
[2025-03-14T08:20:19.001+0000] {ssh.py:531} WARNING -   optional int32 gamer_level;
[2025-03-14T08:20:19.001+0000] {ssh.py:531} WARNING -   optional int64 team_worth;
[2025-03-14T08:20:19.001+0000] {ssh.py:531} WARNING -   optional int64 points (DECIMAL(10,2));
[2025-03-14T08:20:19.001+0000] {ssh.py:531} WARNING -   optional int64 winning_rate (DECIMAL(10,2));
[2025-03-14T08:20:19.002+0000] {ssh.py:531} WARNING -   optional int32 total_win;
[2025-03-14T08:20:19.002+0000] {ssh.py:531} WARNING -   optional int32 total_draw;
[2025-03-14T08:20:19.002+0000] {ssh.py:531} WARNING -   optional int32 total_lose;
[2025-03-14T08:20:19.002+0000] {ssh.py:531} WARNING -   optional binary formation (STRING);
[2025-03-14T08:20:19.002+0000] {ssh.py:531} WARNING -   required int32 created_at (DATE);
[2025-03-14T08:20:19.002+0000] {ssh.py:531} WARNING -   optional int32 ranking;
[2025-03-14T08:20:19.003+0000] {ssh.py:531} WARNING - }
[2025-03-14T08:20:19.003+0000] {ssh.py:531} WARNING - 
[2025-03-14T08:20:19.003+0000] {ssh.py:531} WARNING -        
[2025-03-14T08:20:19.190+0000] {ssh.py:531} WARNING - 25/03/14 08:20:19 INFO CodecPool: Got brand-new compressor [.snappy]
[2025-03-14T08:20:19.662+0000] {ssh.py:531} WARNING - 25/03/14 08:20:19 INFO FileScanRDD: Reading File path: s3a://de5-finalproj-team2/crawl/2025-03-14/crawl_result_processed_20250314.csv, range: 0-1154758, partition values: [empty row]
[2025-03-14T08:20:19.726+0000] {ssh.py:531} WARNING - 25/03/14 08:20:19 INFO CodeGenerator: Code generated in 39.392248 ms
[2025-03-14T08:20:19.815+0000] {ssh.py:531} WARNING - 25/03/14 08:20:19 INFO LineRecordReader: Found UTF-8 BOM and skipped it
[2025-03-14T08:20:20.058+0000] {ssh.py:531} WARNING - 25/03/14 08:20:20 INFO BlockManagerInfo: Removed broadcast_2_piece0 on 0.0.0.0:33253 in memory (size: 34.7 KiB, free: 434.3 MiB)
[2025-03-14T08:20:22.809+0000] {ssh.py:531} WARNING - 25/03/14 08:20:22 INFO FileOutputCommitter: Saved output of task 'attempt_202503140820183271564689378038866_0001_m_000000_1' to s3a://de5-finalproj-team2/analytics/ranking_info/2025-03-14/_temporary/0/task_202503140820183271564689378038866_0001_m_000000
[2025-03-14T08:20:22.812+0000] {ssh.py:531} WARNING - 25/03/14 08:20:22 INFO SparkHadoopMapRedUtil: attempt_202503140820183271564689378038866_0001_m_000000_1: Committed. Elapsed time: 692 ms.
[2025-03-14T08:20:22.828+0000] {ssh.py:531} WARNING - 25/03/14 08:20:22 INFO Executor: Finished task 0.0 in stage 1.0 (TID 1). 2613 bytes result sent to driver
[2025-03-14T08:20:22.838+0000] {ssh.py:531} WARNING - 25/03/14 08:20:22 INFO TaskSetManager: Finished task 0.0 in stage 1.0 (TID 1) in 4258 ms on ip-172-31-12-182.ap-northeast-2.compute.internal (executor driver) (1/1)
[2025-03-14T08:20:22.839+0000] {ssh.py:531} WARNING - 25/03/14 08:20:22 INFO DAGScheduler: ResultStage 1 (parquet at NativeMethodAccessorImpl.java:0) finished in 4.425 s
[2025-03-14T08:20:22.839+0000] {ssh.py:531} WARNING - 25/03/14 08:20:22 INFO DAGScheduler: Job 1 is finished. Cancelling potential speculative or zombie tasks for this job
[2025-03-14T08:20:22.839+0000] {ssh.py:531} WARNING - 25/03/14 08:20:22 INFO TaskSchedulerImpl: Removed TaskSet 1.0, whose tasks have all completed, from pool 
[2025-03-14T08:20:22.839+0000] {ssh.py:531} WARNING - 25/03/14 08:20:22 INFO TaskSchedulerImpl: Killing all running tasks in stage 1: Stage finished
[2025-03-14T08:20:22.843+0000] {ssh.py:531} WARNING - 25/03/14 08:20:22 INFO DAGScheduler: Job 1 finished: parquet at NativeMethodAccessorImpl.java:0, took 4.446822 s
[2025-03-14T08:20:22.850+0000] {ssh.py:531} WARNING - 25/03/14 08:20:22 INFO FileFormatWriter: Start to commit write Job 4ea7b24c-84ae-4fb9-a08e-51e3ea498e7a.
[2025-03-14T08:20:23.805+0000] {ssh.py:531} WARNING - 25/03/14 08:20:23 INFO FileFormatWriter: Write Job 4ea7b24c-84ae-4fb9-a08e-51e3ea498e7a committed. Elapsed time: 953 ms.
[2025-03-14T08:20:23.809+0000] {ssh.py:531} WARNING - 25/03/14 08:20:23 INFO FileFormatWriter: Finished processing stats for write job 4ea7b24c-84ae-4fb9-a08e-51e3ea498e7a.
[2025-03-14T08:20:23.817+0000] {ssh.py:526} INFO - ✅ 2025-03-14 데이터 변환 완료: s3a://de5-finalproj-team2/analytics/ranking_info/2025-03-14
[2025-03-14T08:20:23.880+0000] {ssh.py:531} WARNING - 25/03/14 08:20:23 INFO SparkContext: Invoking stop() from shutdown hook
[2025-03-14T08:20:23.880+0000] {ssh.py:531} WARNING - 25/03/14 08:20:23 INFO SparkContext: SparkContext is stopping with exitCode 0.
[2025-03-14T08:20:23.894+0000] {ssh.py:531} WARNING - 25/03/14 08:20:23 INFO SparkUI: Stopped Spark web UI at http://0.0.0.0:4040
[2025-03-14T08:20:23.913+0000] {ssh.py:531} WARNING - 25/03/14 08:20:23 INFO MapOutputTrackerMasterEndpoint: MapOutputTrackerMasterEndpoint stopped!
[2025-03-14T08:20:23.926+0000] {ssh.py:531} WARNING - 25/03/14 08:20:23 INFO MemoryStore: MemoryStore cleared
[2025-03-14T08:20:23.927+0000] {ssh.py:531} WARNING - 25/03/14 08:20:23 INFO BlockManager: BlockManager stopped
[2025-03-14T08:20:23.933+0000] {ssh.py:531} WARNING - 25/03/14 08:20:23 INFO BlockManagerMaster: BlockManagerMaster stopped
[2025-03-14T08:20:23.936+0000] {ssh.py:531} WARNING - 25/03/14 08:20:23 INFO OutputCommitCoordinator$OutputCommitCoordinatorEndpoint: OutputCommitCoordinator stopped!
[2025-03-14T08:20:23.948+0000] {ssh.py:531} WARNING - 25/03/14 08:20:23 INFO SparkContext: Successfully stopped SparkContext
[2025-03-14T08:20:23.949+0000] {ssh.py:531} WARNING - 25/03/14 08:20:23 INFO ShutdownHookManager: Shutdown hook called
[2025-03-14T08:20:23.949+0000] {ssh.py:531} WARNING - 25/03/14 08:20:23 INFO ShutdownHookManager: Deleting directory /tmp/spark-e35a1e3d-b230-4d6e-bcc4-e4361a5d6680
[2025-03-14T08:20:23.953+0000] {ssh.py:531} WARNING - 25/03/14 08:20:23 INFO ShutdownHookManager: Deleting directory /tmp/spark-93542f31-fdc3-478b-bbb1-beb69b16cf93
[2025-03-14T08:20:23.956+0000] {ssh.py:531} WARNING - 25/03/14 08:20:23 INFO ShutdownHookManager: Deleting directory /tmp/spark-e35a1e3d-b230-4d6e-bcc4-e4361a5d6680/pyspark-7938786a-1d3f-476a-9c9c-b6cd16495d24
[2025-03-14T08:20:23.970+0000] {ssh.py:531} WARNING - 25/03/14 08:20:23 INFO MetricsSystemImpl: Stopping s3a-file-system metrics system...
[2025-03-14T08:20:23.970+0000] {ssh.py:531} WARNING - 25/03/14 08:20:23 INFO MetricsSystemImpl: s3a-file-system metrics system stopped.
[2025-03-14T08:20:23.971+0000] {ssh.py:531} WARNING - 25/03/14 08:20:23 INFO MetricsSystemImpl: s3a-file-system metrics system shutdown complete.
[2025-03-14T08:20:24.035+0000] {ssh.py:526} INFO - Spark Job Succeeded!
[2025-03-14T08:20:24.058+0000] {taskinstance.py:441} INFO - ::group::Post task execution logs
[2025-03-14T08:20:24.090+0000] {taskinstance.py:1206} INFO - Marking task as SUCCESS. dag_id=s3_csv_to_parquet_dag, task_id=submit_spark_via_ssh, run_id=scheduled__2025-03-13T02:10:00+00:00, execution_date=20250313T021000, start_date=20250314T081955, end_date=20250314T082024
[2025-03-14T08:20:24.117+0000] {local_task_job_runner.py:240} INFO - Task exited with return code 0
[2025-03-14T08:20:24.165+0000] {taskinstance.py:3498} INFO - 1 downstream tasks scheduled from follow-on schedule check
[2025-03-14T08:20:24.168+0000] {local_task_job_runner.py:222} INFO - ::endgroup::
