[2025-03-14T11:07:15.591+0000] {local_task_job_runner.py:120} INFO - ::group::Pre task execution logs
[2025-03-14T11:07:15.697+0000] {taskinstance.py:2076} INFO - Dependencies all met for dep_context=non-requeueable deps ti=<TaskInstance: s3_csv_to_parquet_dag.submit_spark_via_ssh scheduled__2025-03-13T02:10:00+00:00 [queued]>
[2025-03-14T11:07:15.736+0000] {taskinstance.py:2076} INFO - Dependencies all met for dep_context=requeueable deps ti=<TaskInstance: s3_csv_to_parquet_dag.submit_spark_via_ssh scheduled__2025-03-13T02:10:00+00:00 [queued]>
[2025-03-14T11:07:15.737+0000] {taskinstance.py:2306} INFO - Starting attempt 3 of 4
[2025-03-14T11:07:15.779+0000] {taskinstance.py:2330} INFO - Executing <Task(SSHOperator): submit_spark_via_ssh> on 2025-03-13 02:10:00+00:00
[2025-03-14T11:07:15.788+0000] {standard_task_runner.py:63} INFO - Started process 45196 to run task
[2025-03-14T11:07:15.802+0000] {standard_task_runner.py:90} INFO - Running: ['***', 'tasks', 'run', 's3_csv_to_parquet_dag', 'submit_spark_via_ssh', 'scheduled__2025-03-13T02:10:00+00:00', '--job-id', '234', '--raw', '--subdir', 'DAGS_FOLDER/s3_csv_to_parquet_dag.py', '--cfg-path', '/tmp/tmps5_wcl9j']
[2025-03-14T11:07:15.811+0000] {standard_task_runner.py:91} INFO - Job 234: Subtask submit_spark_via_ssh
[2025-03-14T11:07:16.010+0000] {task_command.py:426} INFO - Running <TaskInstance: s3_csv_to_parquet_dag.submit_spark_via_ssh scheduled__2025-03-13T02:10:00+00:00 [running]> on host a0d797a25898
[2025-03-14T11:07:16.255+0000] {taskinstance.py:2648} INFO - Exporting env vars: AIRFLOW_CTX_DAG_OWNER='***' AIRFLOW_CTX_DAG_ID='s3_csv_to_parquet_dag' AIRFLOW_CTX_TASK_ID='submit_spark_via_ssh' AIRFLOW_CTX_EXECUTION_DATE='2025-03-13T02:10:00+00:00' AIRFLOW_CTX_TRY_NUMBER='3' AIRFLOW_CTX_DAG_RUN_ID='scheduled__2025-03-13T02:10:00+00:00'
[2025-03-14T11:07:16.256+0000] {taskinstance.py:430} INFO - ::endgroup::
[2025-03-14T11:07:16.273+0000] {ssh.py:151} INFO - Creating ssh_client
[2025-03-14T11:07:16.273+0000] {ssh.py:124} INFO - ssh_hook is not provided or invalid. Trying ssh_conn_id to create SSHHook.
[2025-03-14T11:07:16.289+0000] {base.py:84} INFO - Using connection ID 'spark_ssh_conn' for task execution.
[2025-03-14T11:07:16.289+0000] {ssh.py:301} WARNING - No Host Key Verification. This won't protect against Man-In-The-Middle attacks
[2025-03-14T11:07:16.295+0000] {transport.py:1909} INFO - Connected (version 2.0, client OpenSSH_9.6p1)
[2025-03-14T11:07:16.435+0000] {transport.py:1909} INFO - Authentication (publickey) successful!
[2025-03-14T11:07:16.436+0000] {ssh.py:480} INFO - Running command: 
    set -e
    echo "Starting Spark Job on 2025-03-14"
    /spark-3.5.3/bin/spark-submit /home/ubuntu/spark_scripts/rankingInfo_To_Parquet.py 2025-03-14
    exit_code=$?

    if [ $exit_code -ne 0 ]; then
        echo "Spark Job Failed! Check logs."
        exit 1
    else
        echo "Spark Job Succeeded!"
    fi
    
[2025-03-14T11:07:17.016+0000] {ssh.py:526} INFO - Starting Spark Job on 2025-03-14
[2025-03-14T11:07:21.741+0000] {ssh.py:531} WARNING - 25/03/14 11:07:21 INFO SparkContext: Running Spark version 3.5.3
[2025-03-14T11:07:21.744+0000] {ssh.py:531} WARNING - 25/03/14 11:07:21 INFO SparkContext: OS info Linux, 6.8.0-1024-aws, amd64
[2025-03-14T11:07:21.745+0000] {ssh.py:531} WARNING - 25/03/14 11:07:21 INFO SparkContext: Java version 11.0.26
[2025-03-14T11:07:21.873+0000] {ssh.py:531} WARNING - 25/03/14 11:07:21 WARN NativeCodeLoader: Unable to load native-hadoop library for your platform... using builtin-java classes where applicable
[2025-03-14T11:07:22.076+0000] {ssh.py:531} WARNING - 25/03/14 11:07:22 INFO ResourceUtils: ==============================================================
[2025-03-14T11:07:22.077+0000] {ssh.py:531} WARNING - 25/03/14 11:07:22 INFO ResourceUtils: No custom resources configured for spark.driver.
[2025-03-14T11:07:22.078+0000] {ssh.py:531} WARNING - 25/03/14 11:07:22 INFO ResourceUtils: ==============================================================
[2025-03-14T11:07:22.078+0000] {ssh.py:531} WARNING - 25/03/14 11:07:22 INFO SparkContext: Submitted application: Daily_Data_Collection
[2025-03-14T11:07:22.118+0000] {ssh.py:531} WARNING - 25/03/14 11:07:22 INFO ResourceProfile: Default ResourceProfile created, executor resources: Map(cores -> name: cores, amount: 1, script: , vendor: , memory -> name: memory, amount: 1024, script: , vendor: , offHeap -> name: offHeap, amount: 0, script: , vendor: ), task resources: Map(cpus -> name: cpus, amount: 1.0)
[2025-03-14T11:07:22.143+0000] {ssh.py:531} WARNING - 25/03/14 11:07:22 INFO ResourceProfile: Limiting resource is cpu
[2025-03-14T11:07:22.144+0000] {ssh.py:531} WARNING - 25/03/14 11:07:22 INFO ResourceProfileManager: Added ResourceProfile id: 0
[2025-03-14T11:07:22.219+0000] {ssh.py:531} WARNING - 25/03/14 11:07:22 INFO SecurityManager: Changing view acls to: ubuntu
[2025-03-14T11:07:22.220+0000] {ssh.py:531} WARNING - 25/03/14 11:07:22 INFO SecurityManager: Changing modify acls to: ubuntu
[2025-03-14T11:07:22.220+0000] {ssh.py:531} WARNING - 25/03/14 11:07:22 INFO SecurityManager: Changing view acls groups to: 
[2025-03-14T11:07:22.220+0000] {ssh.py:531} WARNING - 25/03/14 11:07:22 INFO SecurityManager: Changing modify acls groups to: 
[2025-03-14T11:07:22.221+0000] {ssh.py:531} WARNING - 25/03/14 11:07:22 INFO SecurityManager: SecurityManager: authentication disabled; ui acls disabled; users with view permissions: ubuntu; groups with view permissions: EMPTY; users with modify permissions: ubuntu; groups with modify permissions: EMPTY
[2025-03-14T11:07:22.651+0000] {ssh.py:531} WARNING - 25/03/14 11:07:22 INFO Utils: Successfully started service 'sparkDriver' on port 33943.
[2025-03-14T11:07:22.699+0000] {ssh.py:531} WARNING - 25/03/14 11:07:22 INFO SparkEnv: Registering MapOutputTracker
[2025-03-14T11:07:22.784+0000] {ssh.py:531} WARNING - 25/03/14 11:07:22 INFO SparkEnv: Registering BlockManagerMaster
[2025-03-14T11:07:22.818+0000] {ssh.py:531} WARNING - 25/03/14 11:07:22 INFO BlockManagerMasterEndpoint: Using org.apache.spark.storage.DefaultTopologyMapper for getting topology information
[2025-03-14T11:07:22.819+0000] {ssh.py:531} WARNING - 25/03/14 11:07:22 INFO BlockManagerMasterEndpoint: BlockManagerMasterEndpoint up
[2025-03-14T11:07:22.823+0000] {ssh.py:531} WARNING - 25/03/14 11:07:22 INFO SparkEnv: Registering BlockManagerMasterHeartbeat
[2025-03-14T11:07:22.892+0000] {ssh.py:531} WARNING - 25/03/14 11:07:22 INFO DiskBlockManager: Created local directory at /tmp/blockmgr-7ba24a79-c45b-4fdf-9519-ab25277db689
[2025-03-14T11:07:22.920+0000] {ssh.py:531} WARNING - 25/03/14 11:07:22 INFO MemoryStore: MemoryStore started with capacity 434.4 MiB
[2025-03-14T11:07:22.950+0000] {ssh.py:531} WARNING - 25/03/14 11:07:22 INFO SparkEnv: Registering OutputCommitCoordinator
[2025-03-14T11:07:23.238+0000] {ssh.py:531} WARNING - 25/03/14 11:07:23 INFO JettyUtils: Start Jetty 0.0.0.0:4040 for SparkUI
[2025-03-14T11:07:23.346+0000] {ssh.py:531} WARNING - 25/03/14 11:07:23 INFO Utils: Successfully started service 'SparkUI' on port 4040.
[2025-03-14T11:07:23.571+0000] {ssh.py:531} WARNING - 25/03/14 11:07:23 INFO Executor: Starting executor ID driver on host ip-172-31-12-182.ap-northeast-2.compute.internal
[2025-03-14T11:07:23.572+0000] {ssh.py:531} WARNING - 25/03/14 11:07:23 INFO Executor: OS info Linux, 6.8.0-1024-aws, amd64
[2025-03-14T11:07:23.572+0000] {ssh.py:531} WARNING - 25/03/14 11:07:23 INFO Executor: Java version 11.0.26
[2025-03-14T11:07:23.586+0000] {ssh.py:531} WARNING - 25/03/14 11:07:23 INFO Executor: Starting executor with user classpath (userClassPathFirst = false): ''
[2025-03-14T11:07:23.587+0000] {ssh.py:531} WARNING - 25/03/14 11:07:23 INFO Executor: Created or updated repl class loader org.apache.spark.util.MutableURLClassLoader@1a1f9f82 for default.
[2025-03-14T11:07:23.632+0000] {ssh.py:531} WARNING - 25/03/14 11:07:23 INFO Utils: Successfully started service 'org.apache.spark.network.netty.NettyBlockTransferService' on port 32857.
[2025-03-14T11:07:23.633+0000] {ssh.py:531} WARNING - 25/03/14 11:07:23 INFO NettyBlockTransferService: Server created on 0.0.0.0:32857
[2025-03-14T11:07:23.635+0000] {ssh.py:531} WARNING - 25/03/14 11:07:23 INFO BlockManager: Using org.apache.spark.storage.RandomBlockReplicationPolicy for block replication policy
[2025-03-14T11:07:23.647+0000] {ssh.py:531} WARNING - 25/03/14 11:07:23 INFO BlockManagerMaster: Registering BlockManager BlockManagerId(driver, 0.0.0.0, 32857, None)
[2025-03-14T11:07:23.652+0000] {ssh.py:531} WARNING - 25/03/14 11:07:23 INFO BlockManagerMasterEndpoint: Registering block manager 0.0.0.0:32857 with 434.4 MiB RAM, BlockManagerId(driver, 0.0.0.0, 32857, None)
[2025-03-14T11:07:23.656+0000] {ssh.py:531} WARNING - 25/03/14 11:07:23 INFO BlockManagerMaster: Registered BlockManager BlockManagerId(driver, 0.0.0.0, 32857, None)
[2025-03-14T11:07:23.659+0000] {ssh.py:531} WARNING - 25/03/14 11:07:23 INFO BlockManager: Initialized BlockManager: BlockManagerId(driver, 0.0.0.0, 32857, None)
[2025-03-14T11:07:24.527+0000] {ssh.py:526} INFO - 📂 Processing: s3a://de5-finalproj-team2/crawl/2025-03-14/crawl_result_processed_20250314.csv → s3a://de5-finalproj-team2/analytics/ranking_info/2025-03-14
[2025-03-14T11:07:24.653+0000] {ssh.py:531} WARNING - 25/03/14 11:07:24 INFO SharedState: Setting hive.metastore.warehouse.dir ('null') to the value of spark.sql.warehouse.dir.
[2025-03-14T11:07:24.670+0000] {ssh.py:531} WARNING - 25/03/14 11:07:24 INFO SharedState: Warehouse path is 'file:/home/ubuntu/spark-warehouse'.
[2025-03-14T11:07:26.392+0000] {ssh.py:531} WARNING - 25/03/14 11:07:26 WARN MetricsConfig: Cannot locate configuration: tried hadoop-metrics2-s3a-file-system.properties,hadoop-metrics2.properties
[2025-03-14T11:07:26.419+0000] {ssh.py:531} WARNING - 25/03/14 11:07:26 INFO MetricsSystemImpl: Scheduled Metric snapshot period at 10 second(s).
[2025-03-14T11:07:26.420+0000] {ssh.py:531} WARNING - 25/03/14 11:07:26 INFO MetricsSystemImpl: s3a-file-system metrics system started
[2025-03-14T11:07:28.477+0000] {ssh.py:531} WARNING - 25/03/14 11:07:28 INFO InMemoryFileIndex: It took 162 ms to list leaf files for 1 paths.
[2025-03-14T11:07:28.657+0000] {ssh.py:531} WARNING - 25/03/14 11:07:28 INFO InMemoryFileIndex: It took 37 ms to list leaf files for 1 paths.
[2025-03-14T11:07:32.696+0000] {ssh.py:531} WARNING - 25/03/14 11:07:32 INFO FileSourceStrategy: Pushed Filters: 
[2025-03-14T11:07:32.702+0000] {ssh.py:531} WARNING - 25/03/14 11:07:32 INFO FileSourceStrategy: Post-Scan Filters: (length(trim(value#0, None)) > 0)
[2025-03-14T11:07:34.026+0000] {ssh.py:531} WARNING - 25/03/14 11:07:34 INFO CodeGenerator: Code generated in 401.624143 ms
[2025-03-14T11:07:34.126+0000] {ssh.py:531} WARNING - 25/03/14 11:07:34 INFO MemoryStore: Block broadcast_0 stored as values in memory (estimated size 200.5 KiB, free 434.2 MiB)
[2025-03-14T11:07:34.229+0000] {ssh.py:531} WARNING - 25/03/14 11:07:34 INFO MemoryStore: Block broadcast_0_piece0 stored as bytes in memory (estimated size 34.7 KiB, free 434.2 MiB)
[2025-03-14T11:07:34.229+0000] {ssh.py:531} WARNING - 25/03/14 11:07:34 INFO BlockManagerInfo: Added broadcast_0_piece0 in memory on 0.0.0.0:32857 (size: 34.7 KiB, free: 434.4 MiB)
[2025-03-14T11:07:34.243+0000] {ssh.py:531} WARNING - 25/03/14 11:07:34 INFO SparkContext: Created broadcast 0 from csv at NativeMethodAccessorImpl.java:0
[2025-03-14T11:07:34.288+0000] {ssh.py:531} WARNING - 25/03/14 11:07:34 INFO FileSourceScanExec: Planning scan with bin packing, max size: 4194304 bytes, open cost is considered as scanning 4194304 bytes.
[2025-03-14T11:07:34.527+0000] {ssh.py:531} WARNING - 25/03/14 11:07:34 INFO SparkContext: Starting job: csv at NativeMethodAccessorImpl.java:0
[2025-03-14T11:07:34.570+0000] {ssh.py:531} WARNING - 25/03/14 11:07:34 INFO DAGScheduler: Got job 0 (csv at NativeMethodAccessorImpl.java:0) with 1 output partitions
[2025-03-14T11:07:34.571+0000] {ssh.py:531} WARNING - 25/03/14 11:07:34 INFO DAGScheduler: Final stage: ResultStage 0 (csv at NativeMethodAccessorImpl.java:0)
[2025-03-14T11:07:34.571+0000] {ssh.py:531} WARNING - 25/03/14 11:07:34 INFO DAGScheduler: Parents of final stage: List()
[2025-03-14T11:07:34.573+0000] {ssh.py:531} WARNING - 25/03/14 11:07:34 INFO DAGScheduler: Missing parents: List()
[2025-03-14T11:07:34.586+0000] {ssh.py:531} WARNING - 25/03/14 11:07:34 INFO DAGScheduler: Submitting ResultStage 0 (MapPartitionsRDD[3] at csv at NativeMethodAccessorImpl.java:0), which has no missing parents
[2025-03-14T11:07:34.790+0000] {ssh.py:531} WARNING - 25/03/14 11:07:34 INFO MemoryStore: Block broadcast_1 stored as values in memory (estimated size 13.5 KiB, free 434.2 MiB)
[2025-03-14T11:07:34.794+0000] {ssh.py:531} WARNING - 25/03/14 11:07:34 INFO MemoryStore: Block broadcast_1_piece0 stored as bytes in memory (estimated size 6.4 KiB, free 434.2 MiB)
[2025-03-14T11:07:34.794+0000] {ssh.py:531} WARNING - 25/03/14 11:07:34 INFO BlockManagerInfo: Added broadcast_1_piece0 in memory on 0.0.0.0:32857 (size: 6.4 KiB, free: 434.4 MiB)
[2025-03-14T11:07:34.797+0000] {ssh.py:531} WARNING - 25/03/14 11:07:34 INFO SparkContext: Created broadcast 1 from broadcast at DAGScheduler.scala:1585
[2025-03-14T11:07:34.836+0000] {ssh.py:531} WARNING - 25/03/14 11:07:34 INFO DAGScheduler: Submitting 1 missing tasks from ResultStage 0 (MapPartitionsRDD[3] at csv at NativeMethodAccessorImpl.java:0) (first 15 tasks are for partitions Vector(0))
[2025-03-14T11:07:34.843+0000] {ssh.py:531} WARNING - 25/03/14 11:07:34 INFO TaskSchedulerImpl: Adding task set 0.0 with 1 tasks resource profile 0
[2025-03-14T11:07:34.934+0000] {ssh.py:531} WARNING - 25/03/14 11:07:34 INFO TaskSetManager: Starting task 0.0 in stage 0.0 (TID 0) (ip-172-31-12-182.ap-northeast-2.compute.internal, executor driver, partition 0, PROCESS_LOCAL, 9640 bytes) 
[2025-03-14T11:07:34.960+0000] {ssh.py:531} WARNING - 25/03/14 11:07:34 INFO Executor: Running task 0.0 in stage 0.0 (TID 0)
[2025-03-14T11:07:35.323+0000] {ssh.py:531} WARNING - 25/03/14 11:07:35 INFO CodeGenerator: Code generated in 35.569448 ms
[2025-03-14T11:07:35.330+0000] {ssh.py:531} WARNING - 25/03/14 11:07:35 INFO FileScanRDD: Reading File path: s3a://de5-finalproj-team2/crawl/2025-03-14/crawl_result_processed_20250314.csv, range: 0-1154758, partition values: [empty row]
[2025-03-14T11:07:35.362+0000] {ssh.py:531} WARNING - 25/03/14 11:07:35 INFO CodeGenerator: Code generated in 24.67626 ms
[2025-03-14T11:07:35.556+0000] {ssh.py:531} WARNING - 25/03/14 11:07:35 INFO LineRecordReader: Found UTF-8 BOM and skipped it
[2025-03-14T11:07:35.603+0000] {ssh.py:531} WARNING - 25/03/14 11:07:35 INFO Executor: Finished task 0.0 in stage 0.0 (TID 0). 1756 bytes result sent to driver
[2025-03-14T11:07:35.624+0000] {ssh.py:531} WARNING - 25/03/14 11:07:35 INFO TaskSetManager: Finished task 0.0 in stage 0.0 (TID 0) in 714 ms on ip-172-31-12-182.ap-northeast-2.compute.internal (executor driver) (1/1)
[2025-03-14T11:07:35.627+0000] {ssh.py:531} WARNING - 25/03/14 11:07:35 INFO TaskSchedulerImpl: Removed TaskSet 0.0, whose tasks have all completed, from pool 
[2025-03-14T11:07:35.635+0000] {ssh.py:531} WARNING - 25/03/14 11:07:35 INFO DAGScheduler: ResultStage 0 (csv at NativeMethodAccessorImpl.java:0) finished in 0.999 s
[2025-03-14T11:07:35.640+0000] {ssh.py:531} WARNING - 25/03/14 11:07:35 INFO DAGScheduler: Job 0 is finished. Cancelling potential speculative or zombie tasks for this job
[2025-03-14T11:07:35.641+0000] {ssh.py:531} WARNING - 25/03/14 11:07:35 INFO TaskSchedulerImpl: Killing all running tasks in stage 0: Stage finished
[2025-03-14T11:07:35.643+0000] {ssh.py:531} WARNING - 25/03/14 11:07:35 INFO DAGScheduler: Job 0 finished: csv at NativeMethodAccessorImpl.java:0, took 1.116200 s
[2025-03-14T11:07:35.698+0000] {ssh.py:531} WARNING - 25/03/14 11:07:35 INFO CodeGenerator: Code generated in 26.07491 ms
[2025-03-14T11:07:35.796+0000] {ssh.py:531} WARNING - 25/03/14 11:07:35 INFO FileSourceStrategy: Pushed Filters: 
[2025-03-14T11:07:35.797+0000] {ssh.py:531} WARNING - 25/03/14 11:07:35 INFO FileSourceStrategy: Post-Scan Filters: 
[2025-03-14T11:07:35.820+0000] {ssh.py:531} WARNING - 25/03/14 11:07:35 INFO MemoryStore: Block broadcast_2 stored as values in memory (estimated size 200.5 KiB, free 434.0 MiB)
[2025-03-14T11:07:35.858+0000] {ssh.py:531} WARNING - 25/03/14 11:07:35 INFO MemoryStore: Block broadcast_2_piece0 stored as bytes in memory (estimated size 34.7 KiB, free 433.9 MiB)
[2025-03-14T11:07:35.859+0000] {ssh.py:531} WARNING - 25/03/14 11:07:35 INFO BlockManagerInfo: Added broadcast_2_piece0 in memory on 0.0.0.0:32857 (size: 34.7 KiB, free: 434.3 MiB)
[2025-03-14T11:07:35.864+0000] {ssh.py:531} WARNING - 25/03/14 11:07:35 INFO SparkContext: Created broadcast 2 from csv at NativeMethodAccessorImpl.java:0
[2025-03-14T11:07:35.869+0000] {ssh.py:531} WARNING - 25/03/14 11:07:35 INFO FileSourceScanExec: Planning scan with bin packing, max size: 4194304 bytes, open cost is considered as scanning 4194304 bytes.
[2025-03-14T11:07:37.127+0000] {ssh.py:531} WARNING - 25/03/14 11:07:37 INFO BlockManagerInfo: Removed broadcast_2_piece0 on 0.0.0.0:32857 in memory (size: 34.7 KiB, free: 434.4 MiB)
[2025-03-14T11:07:37.145+0000] {ssh.py:531} WARNING - 25/03/14 11:07:37 INFO BlockManagerInfo: Removed broadcast_0_piece0 on 0.0.0.0:32857 in memory (size: 34.7 KiB, free: 434.4 MiB)
[2025-03-14T11:07:37.161+0000] {ssh.py:531} WARNING - 25/03/14 11:07:37 INFO BlockManagerInfo: Removed broadcast_1_piece0 on 0.0.0.0:32857 in memory (size: 6.4 KiB, free: 434.4 MiB)
[2025-03-14T11:07:37.311+0000] {ssh.py:531} WARNING - 25/03/14 11:07:37 INFO FileSourceStrategy: Pushed Filters: 
[2025-03-14T11:07:37.312+0000] {ssh.py:531} WARNING - 25/03/14 11:07:37 INFO FileSourceStrategy: Post-Scan Filters: 
[2025-03-14T11:07:37.534+0000] {ssh.py:531} WARNING - 25/03/14 11:07:37 INFO ParquetUtils: Using default output committer for Parquet: org.apache.parquet.hadoop.ParquetOutputCommitter
[2025-03-14T11:07:37.558+0000] {ssh.py:531} WARNING - 25/03/14 11:07:37 INFO FileOutputCommitter: File Output Committer Algorithm version is 1
[2025-03-14T11:07:37.559+0000] {ssh.py:531} WARNING - 25/03/14 11:07:37 INFO FileOutputCommitter: FileOutputCommitter skip cleanup _temporary folders under output directory:false, ignore cleanup failures: false
[2025-03-14T11:07:37.560+0000] {ssh.py:531} WARNING - 25/03/14 11:07:37 INFO SQLHadoopMapReduceCommitProtocol: Using user defined output committer class org.apache.parquet.hadoop.ParquetOutputCommitter
[2025-03-14T11:07:37.560+0000] {ssh.py:531} WARNING - 25/03/14 11:07:37 INFO FileOutputCommitter: File Output Committer Algorithm version is 1
[2025-03-14T11:07:37.561+0000] {ssh.py:531} WARNING - 25/03/14 11:07:37 INFO FileOutputCommitter: FileOutputCommitter skip cleanup _temporary folders under output directory:false, ignore cleanup failures: false
[2025-03-14T11:07:37.562+0000] {ssh.py:531} WARNING - 25/03/14 11:07:37 INFO SQLHadoopMapReduceCommitProtocol: Using output committer class org.apache.parquet.hadoop.ParquetOutputCommitter
[2025-03-14T11:07:38.098+0000] {ssh.py:531} WARNING - 25/03/14 11:07:38 INFO CodeGenerator: Code generated in 111.026109 ms
[2025-03-14T11:07:38.110+0000] {ssh.py:531} WARNING - 25/03/14 11:07:38 INFO MemoryStore: Block broadcast_3 stored as values in memory (estimated size 200.4 KiB, free 434.2 MiB)
[2025-03-14T11:07:38.130+0000] {ssh.py:531} WARNING - 25/03/14 11:07:38 INFO MemoryStore: Block broadcast_3_piece0 stored as bytes in memory (estimated size 34.7 KiB, free 434.2 MiB)
[2025-03-14T11:07:38.131+0000] {ssh.py:531} WARNING - 25/03/14 11:07:38 INFO BlockManagerInfo: Added broadcast_3_piece0 in memory on 0.0.0.0:32857 (size: 34.7 KiB, free: 434.4 MiB)
[2025-03-14T11:07:38.132+0000] {ssh.py:531} WARNING - 25/03/14 11:07:38 INFO SparkContext: Created broadcast 3 from parquet at NativeMethodAccessorImpl.java:0
[2025-03-14T11:07:38.142+0000] {ssh.py:531} WARNING - 25/03/14 11:07:38 INFO FileSourceScanExec: Planning scan with bin packing, max size: 4194304 bytes, open cost is considered as scanning 4194304 bytes.
[2025-03-14T11:07:38.157+0000] {ssh.py:531} WARNING - 25/03/14 11:07:38 INFO SparkContext: Starting job: parquet at NativeMethodAccessorImpl.java:0
[2025-03-14T11:07:38.159+0000] {ssh.py:531} WARNING - 25/03/14 11:07:38 INFO DAGScheduler: Got job 1 (parquet at NativeMethodAccessorImpl.java:0) with 1 output partitions
[2025-03-14T11:07:38.160+0000] {ssh.py:531} WARNING - 25/03/14 11:07:38 INFO DAGScheduler: Final stage: ResultStage 1 (parquet at NativeMethodAccessorImpl.java:0)
[2025-03-14T11:07:38.160+0000] {ssh.py:531} WARNING - 25/03/14 11:07:38 INFO DAGScheduler: Parents of final stage: List()
[2025-03-14T11:07:38.163+0000] {ssh.py:531} WARNING - 25/03/14 11:07:38 INFO DAGScheduler: Missing parents: List()
[2025-03-14T11:07:38.164+0000] {ssh.py:531} WARNING - 25/03/14 11:07:38 INFO DAGScheduler: Submitting ResultStage 1 (MapPartitionsRDD[13] at parquet at NativeMethodAccessorImpl.java:0), which has no missing parents
[2025-03-14T11:07:38.243+0000] {ssh.py:531} WARNING - 25/03/14 11:07:38 INFO MemoryStore: Block broadcast_4 stored as values in memory (estimated size 227.5 KiB, free 433.9 MiB)
[2025-03-14T11:07:38.246+0000] {ssh.py:531} WARNING - 25/03/14 11:07:38 INFO MemoryStore: Block broadcast_4_piece0 stored as bytes in memory (estimated size 82.2 KiB, free 433.9 MiB)
[2025-03-14T11:07:38.247+0000] {ssh.py:531} WARNING - 25/03/14 11:07:38 INFO BlockManagerInfo: Added broadcast_4_piece0 in memory on 0.0.0.0:32857 (size: 82.2 KiB, free: 434.3 MiB)
[2025-03-14T11:07:38.248+0000] {ssh.py:531} WARNING - 25/03/14 11:07:38 INFO SparkContext: Created broadcast 4 from broadcast at DAGScheduler.scala:1585
[2025-03-14T11:07:38.250+0000] {ssh.py:531} WARNING - 25/03/14 11:07:38 INFO DAGScheduler: Submitting 1 missing tasks from ResultStage 1 (MapPartitionsRDD[13] at parquet at NativeMethodAccessorImpl.java:0) (first 15 tasks are for partitions Vector(0))
[2025-03-14T11:07:38.250+0000] {ssh.py:531} WARNING - 25/03/14 11:07:38 INFO TaskSchedulerImpl: Adding task set 1.0 with 1 tasks resource profile 0
[2025-03-14T11:07:38.252+0000] {ssh.py:531} WARNING - 25/03/14 11:07:38 INFO TaskSetManager: Starting task 0.0 in stage 1.0 (TID 1) (ip-172-31-12-182.ap-northeast-2.compute.internal, executor driver, partition 0, PROCESS_LOCAL, 9640 bytes) 
[2025-03-14T11:07:38.254+0000] {ssh.py:531} WARNING - 25/03/14 11:07:38 INFO Executor: Running task 0.0 in stage 1.0 (TID 1)
[2025-03-14T11:07:38.454+0000] {ssh.py:531} WARNING - 25/03/14 11:07:38 INFO CodeGenerator: Code generated in 95.790355 ms
[2025-03-14T11:07:38.457+0000] {ssh.py:531} WARNING - 25/03/14 11:07:38 INFO FileOutputCommitter: File Output Committer Algorithm version is 1
[2025-03-14T11:07:38.458+0000] {ssh.py:531} WARNING - 25/03/14 11:07:38 INFO FileOutputCommitter: FileOutputCommitter skip cleanup _temporary folders under output directory:false, ignore cleanup failures: false
[2025-03-14T11:07:38.459+0000] {ssh.py:531} WARNING - 25/03/14 11:07:38 INFO SQLHadoopMapReduceCommitProtocol: Using user defined output committer class org.apache.parquet.hadoop.ParquetOutputCommitter
[2025-03-14T11:07:38.460+0000] {ssh.py:531} WARNING - 25/03/14 11:07:38 INFO FileOutputCommitter: File Output Committer Algorithm version is 1
[2025-03-14T11:07:38.460+0000] {ssh.py:531} WARNING - 25/03/14 11:07:38 INFO FileOutputCommitter: FileOutputCommitter skip cleanup _temporary folders under output directory:false, ignore cleanup failures: false
[2025-03-14T11:07:38.460+0000] {ssh.py:531} WARNING - 25/03/14 11:07:38 INFO SQLHadoopMapReduceCommitProtocol: Using output committer class org.apache.parquet.hadoop.ParquetOutputCommitter
[2025-03-14T11:07:38.468+0000] {ssh.py:531} WARNING - 25/03/14 11:07:38 INFO CodecConfig: Compression: SNAPPY
[2025-03-14T11:07:38.472+0000] {ssh.py:531} WARNING - 25/03/14 11:07:38 INFO CodecConfig: Compression: SNAPPY
[2025-03-14T11:07:38.501+0000] {ssh.py:531} WARNING - 25/03/14 11:07:38 INFO ParquetOutputFormat: ParquetRecordWriter [block size: 134217728b, row group padding size: 8388608b, validating: false]
[2025-03-14T11:07:38.556+0000] {ssh.py:531} WARNING - 25/03/14 11:07:38 INFO ParquetWriteSupport: Initialized Parquet WriteSupport with Catalyst schema:
[2025-03-14T11:07:38.556+0000] {ssh.py:531} WARNING - {
[2025-03-14T11:07:38.557+0000] {ssh.py:531} WARNING -   "type" : "struct",
[2025-03-14T11:07:38.557+0000] {ssh.py:531} WARNING -   "fields" : [ {
[2025-03-14T11:07:38.560+0000] {ssh.py:531} WARNING -     "name" : "gamer_nickname",
[2025-03-14T11:07:38.562+0000] {ssh.py:531} WARNING -     "type" : "string",
[2025-03-14T11:07:38.562+0000] {ssh.py:531} WARNING -     "nullable" : true,
[2025-03-14T11:07:38.562+0000] {ssh.py:531} WARNING -     "metadata" : { }
[2025-03-14T11:07:38.564+0000] {ssh.py:531} WARNING -   }, {
[2025-03-14T11:07:38.564+0000] {ssh.py:531} WARNING -     "name" : "division_id",
[2025-03-14T11:07:38.565+0000] {ssh.py:531} WARNING -     "type" : "integer",
[2025-03-14T11:07:38.565+0000] {ssh.py:531} WARNING -     "nullable" : true,
[2025-03-14T11:07:38.565+0000] {ssh.py:531} WARNING -     "metadata" : { }
[2025-03-14T11:07:38.567+0000] {ssh.py:531} WARNING -   }, {
[2025-03-14T11:07:38.567+0000] {ssh.py:531} WARNING -     "name" : "gamer_level",
[2025-03-14T11:07:38.567+0000] {ssh.py:531} WARNING -     "type" : "integer",
[2025-03-14T11:07:38.570+0000] {ssh.py:531} WARNING -     "nullable" : true,
[2025-03-14T11:07:38.570+0000] {ssh.py:531} WARNING -     "metadata" : { }
[2025-03-14T11:07:38.571+0000] {ssh.py:531} WARNING -   }, {
[2025-03-14T11:07:38.571+0000] {ssh.py:531} WARNING -     "name" : "team_worth",
[2025-03-14T11:07:38.572+0000] {ssh.py:531} WARNING -     "type" : "long",
[2025-03-14T11:07:38.572+0000] {ssh.py:531} WARNING -     "nullable" : true,
[2025-03-14T11:07:38.572+0000] {ssh.py:531} WARNING -     "metadata" : { }
[2025-03-14T11:07:38.573+0000] {ssh.py:531} WARNING -   }, {
[2025-03-14T11:07:38.573+0000] {ssh.py:531} WARNING -     "name" : "points",
[2025-03-14T11:07:38.573+0000] {ssh.py:531} WARNING -     "type" : "decimal(10,2)",
[2025-03-14T11:07:38.573+0000] {ssh.py:531} WARNING -     "nullable" : true,
[2025-03-14T11:07:38.573+0000] {ssh.py:531} WARNING -     "metadata" : { }
[2025-03-14T11:07:38.574+0000] {ssh.py:531} WARNING -   }, {
[2025-03-14T11:07:38.574+0000] {ssh.py:531} WARNING -     "name" : "winning_rate",
[2025-03-14T11:07:38.574+0000] {ssh.py:531} WARNING -     "type" : "decimal(10,2)",
[2025-03-14T11:07:38.574+0000] {ssh.py:531} WARNING -     "nullable" : true,
[2025-03-14T11:07:38.575+0000] {ssh.py:531} WARNING -     "metadata" : { }
[2025-03-14T11:07:38.575+0000] {ssh.py:531} WARNING -   }, {
[2025-03-14T11:07:38.575+0000] {ssh.py:531} WARNING -     "name" : "total_win",
[2025-03-14T11:07:38.576+0000] {ssh.py:531} WARNING -     "type" : "integer",
[2025-03-14T11:07:38.576+0000] {ssh.py:531} WARNING -     "nullable" : true,
[2025-03-14T11:07:38.577+0000] {ssh.py:531} WARNING -     "metadata" : { }
[2025-03-14T11:07:38.577+0000] {ssh.py:531} WARNING -   }, {
[2025-03-14T11:07:38.577+0000] {ssh.py:531} WARNING -     "name" : "total_draw",
[2025-03-14T11:07:38.577+0000] {ssh.py:531} WARNING -     "type" : "integer",
[2025-03-14T11:07:38.578+0000] {ssh.py:531} WARNING -     "nullable" : true,
[2025-03-14T11:07:38.578+0000] {ssh.py:531} WARNING -     "metadata" : { }
[2025-03-14T11:07:38.578+0000] {ssh.py:531} WARNING -   }, {
[2025-03-14T11:07:38.578+0000] {ssh.py:531} WARNING -     "name" : "total_lose",
[2025-03-14T11:07:38.579+0000] {ssh.py:531} WARNING -     "type" : "integer",
[2025-03-14T11:07:38.579+0000] {ssh.py:531} WARNING -     "nullable" : true,
[2025-03-14T11:07:38.579+0000] {ssh.py:531} WARNING -     "metadata" : { }
[2025-03-14T11:07:38.579+0000] {ssh.py:531} WARNING -   }, {
[2025-03-14T11:07:38.579+0000] {ssh.py:531} WARNING -     "name" : "formation",
[2025-03-14T11:07:38.580+0000] {ssh.py:531} WARNING -     "type" : "string",
[2025-03-14T11:07:38.580+0000] {ssh.py:531} WARNING -     "nullable" : true,
[2025-03-14T11:07:38.580+0000] {ssh.py:531} WARNING -     "metadata" : { }
[2025-03-14T11:07:38.581+0000] {ssh.py:531} WARNING -   }, {
[2025-03-14T11:07:38.581+0000] {ssh.py:531} WARNING -     "name" : "created_at",
[2025-03-14T11:07:38.581+0000] {ssh.py:531} WARNING -     "type" : "date",
[2025-03-14T11:07:38.581+0000] {ssh.py:531} WARNING -     "nullable" : false,
[2025-03-14T11:07:38.582+0000] {ssh.py:531} WARNING -     "metadata" : { }
[2025-03-14T11:07:38.582+0000] {ssh.py:531} WARNING -   }, {
[2025-03-14T11:07:38.582+0000] {ssh.py:531} WARNING -     "name" : "ranking",
[2025-03-14T11:07:38.582+0000] {ssh.py:531} WARNING -     "type" : "integer",
[2025-03-14T11:07:38.583+0000] {ssh.py:531} WARNING -     "nullable" : true,
[2025-03-14T11:07:38.583+0000] {ssh.py:531} WARNING -     "metadata" : { }
[2025-03-14T11:07:38.584+0000] {ssh.py:531} WARNING -   } ]
[2025-03-14T11:07:38.584+0000] {ssh.py:531} WARNING - }
[2025-03-14T11:07:38.584+0000] {ssh.py:531} WARNING - and corresponding Parquet message type:
[2025-03-14T11:07:38.584+0000] {ssh.py:531} WARNING - message spark_schema {
[2025-03-14T11:07:38.585+0000] {ssh.py:531} WARNING -   optional binary gamer_nickname (STRING);
[2025-03-14T11:07:38.585+0000] {ssh.py:531} WARNING -   optional int32 division_id;
[2025-03-14T11:07:38.586+0000] {ssh.py:531} WARNING -   optional int32 gamer_level;
[2025-03-14T11:07:38.586+0000] {ssh.py:531} WARNING -   optional int64 team_worth;
[2025-03-14T11:07:38.586+0000] {ssh.py:531} WARNING -   optional int64 points (DECIMAL(10,2));
[2025-03-14T11:07:38.587+0000] {ssh.py:531} WARNING -   optional int64 winning_rate (DECIMAL(10,2));
[2025-03-14T11:07:38.587+0000] {ssh.py:531} WARNING -   optional int32 total_win;
[2025-03-14T11:07:38.587+0000] {ssh.py:531} WARNING -   optional int32 total_draw;
[2025-03-14T11:07:38.588+0000] {ssh.py:531} WARNING -   optional int32 total_lose;
[2025-03-14T11:07:38.588+0000] {ssh.py:531} WARNING -   optional binary formation (STRING);
[2025-03-14T11:07:38.588+0000] {ssh.py:531} WARNING -   required int32 created_at (DATE);
[2025-03-14T11:07:38.588+0000] {ssh.py:531} WARNING -   optional int32 ranking;
[2025-03-14T11:07:38.589+0000] {ssh.py:531} WARNING - }
[2025-03-14T11:07:38.589+0000] {ssh.py:531} WARNING - 
[2025-03-14T11:07:38.589+0000] {ssh.py:531} WARNING -        
[2025-03-14T11:07:38.733+0000] {ssh.py:531} WARNING - 25/03/14 11:07:38 INFO CodecPool: Got brand-new compressor [.snappy]
[2025-03-14T11:07:39.085+0000] {ssh.py:531} WARNING - 25/03/14 11:07:39 INFO FileScanRDD: Reading File path: s3a://de5-finalproj-team2/crawl/2025-03-14/crawl_result_processed_20250314.csv, range: 0-1154758, partition values: [empty row]
[2025-03-14T11:07:39.137+0000] {ssh.py:531} WARNING - 25/03/14 11:07:39 INFO CodeGenerator: Code generated in 32.803773 ms
[2025-03-14T11:07:39.208+0000] {ssh.py:531} WARNING - 25/03/14 11:07:39 INFO LineRecordReader: Found UTF-8 BOM and skipped it
[2025-03-14T11:07:41.637+0000] {ssh.py:531} WARNING - 25/03/14 11:07:41 INFO FileOutputCommitter: Saved output of task 'attempt_202503141107384934807275316927636_0001_m_000000_1' to s3a://de5-finalproj-team2/analytics/ranking_info/2025-03-14/_temporary/0/task_202503141107384934807275316927636_0001_m_000000
[2025-03-14T11:07:41.638+0000] {ssh.py:531} WARNING - 25/03/14 11:07:41 INFO SparkHadoopMapRedUtil: attempt_202503141107384934807275316927636_0001_m_000000_1: Committed. Elapsed time: 699 ms.
[2025-03-14T11:07:41.649+0000] {ssh.py:531} WARNING - 25/03/14 11:07:41 INFO Executor: Finished task 0.0 in stage 1.0 (TID 1). 2613 bytes result sent to driver
[2025-03-14T11:07:41.654+0000] {ssh.py:531} WARNING - 25/03/14 11:07:41 INFO TaskSetManager: Finished task 0.0 in stage 1.0 (TID 1) in 3402 ms on ip-172-31-12-182.ap-northeast-2.compute.internal (executor driver) (1/1)
[2025-03-14T11:07:41.655+0000] {ssh.py:531} WARNING - 25/03/14 11:07:41 INFO TaskSchedulerImpl: Removed TaskSet 1.0, whose tasks have all completed, from pool 
[2025-03-14T11:07:41.657+0000] {ssh.py:531} WARNING - 25/03/14 11:07:41 INFO DAGScheduler: ResultStage 1 (parquet at NativeMethodAccessorImpl.java:0) finished in 3.488 s
[2025-03-14T11:07:41.658+0000] {ssh.py:531} WARNING - 25/03/14 11:07:41 INFO DAGScheduler: Job 1 is finished. Cancelling potential speculative or zombie tasks for this job
[2025-03-14T11:07:41.658+0000] {ssh.py:531} WARNING - 25/03/14 11:07:41 INFO TaskSchedulerImpl: Killing all running tasks in stage 1: Stage finished
[2025-03-14T11:07:41.659+0000] {ssh.py:531} WARNING - 25/03/14 11:07:41 INFO DAGScheduler: Job 1 finished: parquet at NativeMethodAccessorImpl.java:0, took 3.501713 s
[2025-03-14T11:07:41.662+0000] {ssh.py:531} WARNING - 25/03/14 11:07:41 INFO FileFormatWriter: Start to commit write Job 0434e2d5-224e-4118-b8a8-a6604fcd2c8b.
[2025-03-14T11:07:42.663+0000] {ssh.py:531} WARNING - 25/03/14 11:07:42 INFO FileFormatWriter: Write Job 0434e2d5-224e-4118-b8a8-a6604fcd2c8b committed. Elapsed time: 999 ms.
[2025-03-14T11:07:42.671+0000] {ssh.py:531} WARNING - 25/03/14 11:07:42 INFO FileFormatWriter: Finished processing stats for write job 0434e2d5-224e-4118-b8a8-a6604fcd2c8b.
[2025-03-14T11:07:42.677+0000] {ssh.py:526} INFO - ✅ 2025-03-14 데이터 변환 완료: s3a://de5-finalproj-team2/analytics/ranking_info/2025-03-14
[2025-03-14T11:07:42.743+0000] {ssh.py:531} WARNING - 25/03/14 11:07:42 INFO SparkContext: Invoking stop() from shutdown hook
[2025-03-14T11:07:42.745+0000] {ssh.py:531} WARNING - 25/03/14 11:07:42 INFO SparkContext: SparkContext is stopping with exitCode 0.
[2025-03-14T11:07:42.767+0000] {ssh.py:531} WARNING - 25/03/14 11:07:42 INFO SparkUI: Stopped Spark web UI at http://0.0.0.0:4040
[2025-03-14T11:07:42.801+0000] {ssh.py:531} WARNING - 25/03/14 11:07:42 INFO MapOutputTrackerMasterEndpoint: MapOutputTrackerMasterEndpoint stopped!
[2025-03-14T11:07:42.830+0000] {ssh.py:531} WARNING - 25/03/14 11:07:42 INFO MemoryStore: MemoryStore cleared
[2025-03-14T11:07:42.830+0000] {ssh.py:531} WARNING - 25/03/14 11:07:42 INFO BlockManager: BlockManager stopped
[2025-03-14T11:07:42.846+0000] {ssh.py:531} WARNING - 25/03/14 11:07:42 INFO BlockManagerMaster: BlockManagerMaster stopped
[2025-03-14T11:07:42.852+0000] {ssh.py:531} WARNING - 25/03/14 11:07:42 INFO OutputCommitCoordinator$OutputCommitCoordinatorEndpoint: OutputCommitCoordinator stopped!
[2025-03-14T11:07:42.863+0000] {ssh.py:531} WARNING - 25/03/14 11:07:42 INFO SparkContext: Successfully stopped SparkContext
[2025-03-14T11:07:42.863+0000] {ssh.py:531} WARNING - 25/03/14 11:07:42 INFO ShutdownHookManager: Shutdown hook called
[2025-03-14T11:07:42.864+0000] {ssh.py:531} WARNING - 25/03/14 11:07:42 INFO ShutdownHookManager: Deleting directory /tmp/spark-ac747392-09b1-4634-a19c-0eac43301870/pyspark-61225f4c-4181-49a8-bd3c-e4cef1711485
[2025-03-14T11:07:42.867+0000] {ssh.py:531} WARNING - 25/03/14 11:07:42 INFO ShutdownHookManager: Deleting directory /tmp/spark-26902375-a60c-42ff-9a5f-72b07e7c2427
[2025-03-14T11:07:42.871+0000] {ssh.py:531} WARNING - 25/03/14 11:07:42 INFO ShutdownHookManager: Deleting directory /tmp/spark-ac747392-09b1-4634-a19c-0eac43301870
[2025-03-14T11:07:42.883+0000] {ssh.py:531} WARNING - 25/03/14 11:07:42 INFO MetricsSystemImpl: Stopping s3a-file-system metrics system...
[2025-03-14T11:07:42.884+0000] {ssh.py:531} WARNING - 25/03/14 11:07:42 INFO MetricsSystemImpl: s3a-file-system metrics system stopped.
[2025-03-14T11:07:42.884+0000] {ssh.py:531} WARNING - 25/03/14 11:07:42 INFO MetricsSystemImpl: s3a-file-system metrics system shutdown complete.
[2025-03-14T11:07:42.954+0000] {ssh.py:526} INFO - Spark Job Succeeded!
[2025-03-14T11:07:42.978+0000] {taskinstance.py:441} INFO - ::group::Post task execution logs
[2025-03-14T11:07:43.025+0000] {taskinstance.py:1206} INFO - Marking task as SUCCESS. dag_id=s3_csv_to_parquet_dag, task_id=submit_spark_via_ssh, run_id=scheduled__2025-03-13T02:10:00+00:00, execution_date=20250313T021000, start_date=20250314T110715, end_date=20250314T110743
[2025-03-14T11:07:43.073+0000] {local_task_job_runner.py:240} INFO - Task exited with return code 0
[2025-03-14T11:07:43.113+0000] {taskinstance.py:3498} INFO - 2 downstream tasks scheduled from follow-on schedule check
[2025-03-14T11:07:43.115+0000] {local_task_job_runner.py:222} INFO - ::endgroup::
