[2025-03-14T09:42:04.293+0000] {local_task_job_runner.py:120} INFO - ::group::Pre task execution logs
[2025-03-14T09:42:04.335+0000] {taskinstance.py:2076} INFO - Dependencies all met for dep_context=non-requeueable deps ti=<TaskInstance: s3_csv_to_parquet_dag.submit_spark_via_ssh scheduled__2025-03-13T02:10:00+00:00 [queued]>
[2025-03-14T09:42:04.350+0000] {taskinstance.py:2076} INFO - Dependencies all met for dep_context=requeueable deps ti=<TaskInstance: s3_csv_to_parquet_dag.submit_spark_via_ssh scheduled__2025-03-13T02:10:00+00:00 [queued]>
[2025-03-14T09:42:04.350+0000] {taskinstance.py:2306} INFO - Starting attempt 2 of 3
[2025-03-14T09:42:04.368+0000] {taskinstance.py:2330} INFO - Executing <Task(SSHOperator): submit_spark_via_ssh> on 2025-03-13 02:10:00+00:00
[2025-03-14T09:42:04.374+0000] {standard_task_runner.py:63} INFO - Started process 37755 to run task
[2025-03-14T09:42:04.379+0000] {standard_task_runner.py:90} INFO - Running: ['***', 'tasks', 'run', 's3_csv_to_parquet_dag', 'submit_spark_via_ssh', 'scheduled__2025-03-13T02:10:00+00:00', '--job-id', '214', '--raw', '--subdir', 'DAGS_FOLDER/s3_csv_to_parquet_dag.py', '--cfg-path', '/tmp/tmpbple75j1']
[2025-03-14T09:42:04.381+0000] {standard_task_runner.py:91} INFO - Job 214: Subtask submit_spark_via_ssh
[2025-03-14T09:42:04.466+0000] {task_command.py:426} INFO - Running <TaskInstance: s3_csv_to_parquet_dag.submit_spark_via_ssh scheduled__2025-03-13T02:10:00+00:00 [running]> on host a0d797a25898
[2025-03-14T09:42:04.596+0000] {taskinstance.py:2648} INFO - Exporting env vars: AIRFLOW_CTX_DAG_OWNER='***' AIRFLOW_CTX_DAG_ID='s3_csv_to_parquet_dag' AIRFLOW_CTX_TASK_ID='submit_spark_via_ssh' AIRFLOW_CTX_EXECUTION_DATE='2025-03-13T02:10:00+00:00' AIRFLOW_CTX_TRY_NUMBER='2' AIRFLOW_CTX_DAG_RUN_ID='scheduled__2025-03-13T02:10:00+00:00'
[2025-03-14T09:42:04.597+0000] {taskinstance.py:430} INFO - ::endgroup::
[2025-03-14T09:42:04.612+0000] {ssh.py:151} INFO - Creating ssh_client
[2025-03-14T09:42:04.613+0000] {ssh.py:124} INFO - ssh_hook is not provided or invalid. Trying ssh_conn_id to create SSHHook.
[2025-03-14T09:42:04.627+0000] {base.py:84} INFO - Using connection ID 'spark_ssh_conn' for task execution.
[2025-03-14T09:42:04.628+0000] {ssh.py:301} WARNING - No Host Key Verification. This won't protect against Man-In-The-Middle attacks
[2025-03-14T09:42:04.633+0000] {transport.py:1909} INFO - Connected (version 2.0, client OpenSSH_9.6p1)
[2025-03-14T09:42:04.704+0000] {transport.py:1909} INFO - Authentication (publickey) successful!
[2025-03-14T09:42:04.705+0000] {ssh.py:480} INFO - Running command: 
    set -e
    echo "Starting Spark Job on 2025-03-14"
    /spark-3.5.3/bin/spark-submit /home/ubuntu/spark_scripts/rankingInfo_To_Parquet.py 2025-03-14
    exit_code=$?

    if [ $exit_code -ne 0 ]; then
        echo "Spark Job Failed! Check logs."
        exit 1
    else
        echo "Spark Job Succeeded!"
    fi
    
[2025-03-14T09:42:05.416+0000] {ssh.py:526} INFO - Starting Spark Job on 2025-03-14
[2025-03-14T09:42:10.261+0000] {ssh.py:531} WARNING - 25/03/14 09:42:10 INFO SparkContext: Running Spark version 3.5.3
[2025-03-14T09:42:10.266+0000] {ssh.py:531} WARNING - 25/03/14 09:42:10 INFO SparkContext: OS info Linux, 6.8.0-1024-aws, amd64
[2025-03-14T09:42:10.266+0000] {ssh.py:531} WARNING - 25/03/14 09:42:10 INFO SparkContext: Java version 11.0.26
[2025-03-14T09:42:10.362+0000] {ssh.py:531} WARNING - 25/03/14 09:42:10 WARN NativeCodeLoader: Unable to load native-hadoop library for your platform... using builtin-java classes where applicable
[2025-03-14T09:42:10.548+0000] {ssh.py:531} WARNING - 25/03/14 09:42:10 INFO ResourceUtils: ==============================================================
[2025-03-14T09:42:10.549+0000] {ssh.py:531} WARNING - 25/03/14 09:42:10 INFO ResourceUtils: No custom resources configured for spark.driver.
[2025-03-14T09:42:10.550+0000] {ssh.py:531} WARNING - 25/03/14 09:42:10 INFO ResourceUtils: ==============================================================
[2025-03-14T09:42:10.550+0000] {ssh.py:531} WARNING - 25/03/14 09:42:10 INFO SparkContext: Submitted application: Daily_Data_Collection
[2025-03-14T09:42:10.603+0000] {ssh.py:531} WARNING - 25/03/14 09:42:10 INFO ResourceProfile: Default ResourceProfile created, executor resources: Map(cores -> name: cores, amount: 1, script: , vendor: , memory -> name: memory, amount: 1024, script: , vendor: , offHeap -> name: offHeap, amount: 0, script: , vendor: ), task resources: Map(cpus -> name: cpus, amount: 1.0)
[2025-03-14T09:42:10.619+0000] {ssh.py:531} WARNING - 25/03/14 09:42:10 INFO ResourceProfile: Limiting resource is cpu
[2025-03-14T09:42:10.620+0000] {ssh.py:531} WARNING - 25/03/14 09:42:10 INFO ResourceProfileManager: Added ResourceProfile id: 0
[2025-03-14T09:42:10.703+0000] {ssh.py:531} WARNING - 25/03/14 09:42:10 INFO SecurityManager: Changing view acls to: ubuntu
[2025-03-14T09:42:10.703+0000] {ssh.py:531} WARNING - 25/03/14 09:42:10 INFO SecurityManager: Changing modify acls to: ubuntu
[2025-03-14T09:42:10.704+0000] {ssh.py:531} WARNING - 25/03/14 09:42:10 INFO SecurityManager: Changing view acls groups to: 
[2025-03-14T09:42:10.704+0000] {ssh.py:531} WARNING - 25/03/14 09:42:10 INFO SecurityManager: Changing modify acls groups to: 
[2025-03-14T09:42:10.705+0000] {ssh.py:531} WARNING - 25/03/14 09:42:10 INFO SecurityManager: SecurityManager: authentication disabled; ui acls disabled; users with view permissions: ubuntu; groups with view permissions: EMPTY; users with modify permissions: ubuntu; groups with modify permissions: EMPTY
[2025-03-14T09:42:11.145+0000] {ssh.py:531} WARNING - 25/03/14 09:42:11 INFO Utils: Successfully started service 'sparkDriver' on port 41677.
[2025-03-14T09:42:11.189+0000] {ssh.py:531} WARNING - 25/03/14 09:42:11 INFO SparkEnv: Registering MapOutputTracker
[2025-03-14T09:42:11.227+0000] {ssh.py:531} WARNING - 25/03/14 09:42:11 INFO SparkEnv: Registering BlockManagerMaster
[2025-03-14T09:42:11.254+0000] {ssh.py:531} WARNING - 25/03/14 09:42:11 INFO BlockManagerMasterEndpoint: Using org.apache.spark.storage.DefaultTopologyMapper for getting topology information
[2025-03-14T09:42:11.258+0000] {ssh.py:531} WARNING - 25/03/14 09:42:11 INFO BlockManagerMasterEndpoint: BlockManagerMasterEndpoint up
[2025-03-14T09:42:11.265+0000] {ssh.py:531} WARNING - 25/03/14 09:42:11 INFO SparkEnv: Registering BlockManagerMasterHeartbeat
[2025-03-14T09:42:11.307+0000] {ssh.py:531} WARNING - 25/03/14 09:42:11 INFO DiskBlockManager: Created local directory at /tmp/blockmgr-65e6bf2f-303b-4918-a547-9e9a76728862
[2025-03-14T09:42:11.334+0000] {ssh.py:531} WARNING - 25/03/14 09:42:11 INFO MemoryStore: MemoryStore started with capacity 434.4 MiB
[2025-03-14T09:42:11.368+0000] {ssh.py:531} WARNING - 25/03/14 09:42:11 INFO SparkEnv: Registering OutputCommitCoordinator
[2025-03-14T09:42:11.621+0000] {ssh.py:531} WARNING - 25/03/14 09:42:11 INFO JettyUtils: Start Jetty 0.0.0.0:4040 for SparkUI
[2025-03-14T09:42:11.713+0000] {ssh.py:531} WARNING - 25/03/14 09:42:11 WARN Utils: Service 'SparkUI' could not bind on port 4040. Attempting port 4041.
[2025-03-14T09:42:11.726+0000] {ssh.py:531} WARNING - 25/03/14 09:42:11 INFO Utils: Successfully started service 'SparkUI' on port 4041.
[2025-03-14T09:42:11.924+0000] {ssh.py:531} WARNING - 25/03/14 09:42:11 INFO Executor: Starting executor ID driver on host ip-172-31-12-182.ap-northeast-2.compute.internal
[2025-03-14T09:42:11.925+0000] {ssh.py:531} WARNING - 25/03/14 09:42:11 INFO Executor: OS info Linux, 6.8.0-1024-aws, amd64
[2025-03-14T09:42:11.925+0000] {ssh.py:531} WARNING - 25/03/14 09:42:11 INFO Executor: Java version 11.0.26
[2025-03-14T09:42:11.936+0000] {ssh.py:531} WARNING - 25/03/14 09:42:11 INFO Executor: Starting executor with user classpath (userClassPathFirst = false): ''
[2025-03-14T09:42:11.937+0000] {ssh.py:531} WARNING - 25/03/14 09:42:11 INFO Executor: Created or updated repl class loader org.apache.spark.util.MutableURLClassLoader@638c56bc for default.
[2025-03-14T09:42:11.984+0000] {ssh.py:531} WARNING - 25/03/14 09:42:11 INFO Utils: Successfully started service 'org.apache.spark.network.netty.NettyBlockTransferService' on port 43127.
[2025-03-14T09:42:11.985+0000] {ssh.py:531} WARNING - 25/03/14 09:42:11 INFO NettyBlockTransferService: Server created on 0.0.0.0:43127
[2025-03-14T09:42:11.988+0000] {ssh.py:531} WARNING - 25/03/14 09:42:11 INFO BlockManager: Using org.apache.spark.storage.RandomBlockReplicationPolicy for block replication policy
[2025-03-14T09:42:11.999+0000] {ssh.py:531} WARNING - 25/03/14 09:42:11 INFO BlockManagerMaster: Registering BlockManager BlockManagerId(driver, 0.0.0.0, 43127, None)
[2025-03-14T09:42:12.010+0000] {ssh.py:531} WARNING - 25/03/14 09:42:12 INFO BlockManagerMasterEndpoint: Registering block manager 0.0.0.0:43127 with 434.4 MiB RAM, BlockManagerId(driver, 0.0.0.0, 43127, None)
[2025-03-14T09:42:12.014+0000] {ssh.py:531} WARNING - 25/03/14 09:42:12 INFO BlockManagerMaster: Registered BlockManager BlockManagerId(driver, 0.0.0.0, 43127, None)
[2025-03-14T09:42:12.016+0000] {ssh.py:531} WARNING - 25/03/14 09:42:12 INFO BlockManager: Initialized BlockManager: BlockManagerId(driver, 0.0.0.0, 43127, None)
[2025-03-14T09:42:12.710+0000] {ssh.py:526} INFO - 📂 Processing: s3a://de5-finalproj-team2/crawl/2025-03-14/crawl_result_processed_20250314.csv → s3a://de5-finalproj-team2/analytics/ranking_info/2025-03-14
[2025-03-14T09:42:12.829+0000] {ssh.py:531} WARNING - 25/03/14 09:42:12 INFO SharedState: Setting hive.metastore.warehouse.dir ('null') to the value of spark.sql.warehouse.dir.
[2025-03-14T09:42:12.852+0000] {ssh.py:531} WARNING - 25/03/14 09:42:12 INFO SharedState: Warehouse path is 'file:/home/ubuntu/spark-warehouse'.
[2025-03-14T09:42:14.492+0000] {ssh.py:531} WARNING - 25/03/14 09:42:14 WARN MetricsConfig: Cannot locate configuration: tried hadoop-metrics2-s3a-file-system.properties,hadoop-metrics2.properties
[2025-03-14T09:42:14.537+0000] {ssh.py:531} WARNING - 25/03/14 09:42:14 INFO MetricsSystemImpl: Scheduled Metric snapshot period at 10 second(s).
[2025-03-14T09:42:14.537+0000] {ssh.py:531} WARNING - 25/03/14 09:42:14 INFO MetricsSystemImpl: s3a-file-system metrics system started
[2025-03-14T09:42:16.640+0000] {ssh.py:531} WARNING - 25/03/14 09:42:16 INFO InMemoryFileIndex: It took 148 ms to list leaf files for 1 paths.
[2025-03-14T09:42:16.798+0000] {ssh.py:531} WARNING - 25/03/14 09:42:16 INFO InMemoryFileIndex: It took 42 ms to list leaf files for 1 paths.
[2025-03-14T09:42:20.996+0000] {ssh.py:531} WARNING - 25/03/14 09:42:20 INFO FileSourceStrategy: Pushed Filters: 
[2025-03-14T09:42:20.998+0000] {ssh.py:531} WARNING - 25/03/14 09:42:20 INFO FileSourceStrategy: Post-Scan Filters: (length(trim(value#0, None)) > 0)
[2025-03-14T09:42:22.284+0000] {ssh.py:531} WARNING - 25/03/14 09:42:22 INFO CodeGenerator: Code generated in 534.446547 ms
[2025-03-14T09:42:22.388+0000] {ssh.py:531} WARNING - 25/03/14 09:42:22 INFO MemoryStore: Block broadcast_0 stored as values in memory (estimated size 200.5 KiB, free 434.2 MiB)
[2025-03-14T09:42:22.532+0000] {ssh.py:531} WARNING - 25/03/14 09:42:22 INFO MemoryStore: Block broadcast_0_piece0 stored as bytes in memory (estimated size 34.7 KiB, free 434.2 MiB)
[2025-03-14T09:42:22.535+0000] {ssh.py:531} WARNING - 25/03/14 09:42:22 INFO BlockManagerInfo: Added broadcast_0_piece0 in memory on 0.0.0.0:43127 (size: 34.7 KiB, free: 434.4 MiB)
[2025-03-14T09:42:22.543+0000] {ssh.py:531} WARNING - 25/03/14 09:42:22 INFO SparkContext: Created broadcast 0 from csv at NativeMethodAccessorImpl.java:0
[2025-03-14T09:42:22.565+0000] {ssh.py:531} WARNING - 25/03/14 09:42:22 INFO FileSourceScanExec: Planning scan with bin packing, max size: 4194304 bytes, open cost is considered as scanning 4194304 bytes.
[2025-03-14T09:42:22.841+0000] {ssh.py:531} WARNING - 25/03/14 09:42:22 INFO SparkContext: Starting job: csv at NativeMethodAccessorImpl.java:0
[2025-03-14T09:42:22.868+0000] {ssh.py:531} WARNING - 25/03/14 09:42:22 INFO DAGScheduler: Got job 0 (csv at NativeMethodAccessorImpl.java:0) with 1 output partitions
[2025-03-14T09:42:22.869+0000] {ssh.py:531} WARNING - 25/03/14 09:42:22 INFO DAGScheduler: Final stage: ResultStage 0 (csv at NativeMethodAccessorImpl.java:0)
[2025-03-14T09:42:22.869+0000] {ssh.py:531} WARNING - 25/03/14 09:42:22 INFO DAGScheduler: Parents of final stage: List()
[2025-03-14T09:42:22.871+0000] {ssh.py:531} WARNING - 25/03/14 09:42:22 INFO DAGScheduler: Missing parents: List()
[2025-03-14T09:42:22.881+0000] {ssh.py:531} WARNING - 25/03/14 09:42:22 INFO DAGScheduler: Submitting ResultStage 0 (MapPartitionsRDD[3] at csv at NativeMethodAccessorImpl.java:0), which has no missing parents
[2025-03-14T09:42:23.052+0000] {ssh.py:531} WARNING - 25/03/14 09:42:23 INFO MemoryStore: Block broadcast_1 stored as values in memory (estimated size 13.5 KiB, free 434.2 MiB)
[2025-03-14T09:42:23.055+0000] {ssh.py:531} WARNING - 25/03/14 09:42:23 INFO MemoryStore: Block broadcast_1_piece0 stored as bytes in memory (estimated size 6.4 KiB, free 434.2 MiB)
[2025-03-14T09:42:23.056+0000] {ssh.py:531} WARNING - 25/03/14 09:42:23 INFO BlockManagerInfo: Added broadcast_1_piece0 in memory on 0.0.0.0:43127 (size: 6.4 KiB, free: 434.4 MiB)
[2025-03-14T09:42:23.058+0000] {ssh.py:531} WARNING - 25/03/14 09:42:23 INFO SparkContext: Created broadcast 1 from broadcast at DAGScheduler.scala:1585
[2025-03-14T09:42:23.095+0000] {ssh.py:531} WARNING - 25/03/14 09:42:23 INFO DAGScheduler: Submitting 1 missing tasks from ResultStage 0 (MapPartitionsRDD[3] at csv at NativeMethodAccessorImpl.java:0) (first 15 tasks are for partitions Vector(0))
[2025-03-14T09:42:23.099+0000] {ssh.py:531} WARNING - 25/03/14 09:42:23 INFO TaskSchedulerImpl: Adding task set 0.0 with 1 tasks resource profile 0
[2025-03-14T09:42:23.193+0000] {ssh.py:531} WARNING - 25/03/14 09:42:23 INFO TaskSetManager: Starting task 0.0 in stage 0.0 (TID 0) (ip-172-31-12-182.ap-northeast-2.compute.internal, executor driver, partition 0, PROCESS_LOCAL, 9640 bytes) 
[2025-03-14T09:42:23.225+0000] {ssh.py:531} WARNING - 25/03/14 09:42:23 INFO Executor: Running task 0.0 in stage 0.0 (TID 0)
[2025-03-14T09:42:23.455+0000] {ssh.py:531} WARNING - 25/03/14 09:42:23 INFO CodeGenerator: Code generated in 20.720607 ms
[2025-03-14T09:42:23.462+0000] {ssh.py:531} WARNING - 25/03/14 09:42:23 INFO FileScanRDD: Reading File path: s3a://de5-finalproj-team2/crawl/2025-03-14/crawl_result_processed_20250314.csv, range: 0-1154758, partition values: [empty row]
[2025-03-14T09:42:23.496+0000] {ssh.py:531} WARNING - 25/03/14 09:42:23 INFO CodeGenerator: Code generated in 26.554587 ms
[2025-03-14T09:42:23.672+0000] {ssh.py:531} WARNING - 25/03/14 09:42:23 INFO LineRecordReader: Found UTF-8 BOM and skipped it
[2025-03-14T09:42:23.772+0000] {ssh.py:531} WARNING - 25/03/14 09:42:23 INFO Executor: Finished task 0.0 in stage 0.0 (TID 0). 1756 bytes result sent to driver
[2025-03-14T09:42:23.798+0000] {ssh.py:531} WARNING - 25/03/14 09:42:23 INFO TaskSetManager: Finished task 0.0 in stage 0.0 (TID 0) in 638 ms on ip-172-31-12-182.ap-northeast-2.compute.internal (executor driver) (1/1)
[2025-03-14T09:42:23.801+0000] {ssh.py:531} WARNING - 25/03/14 09:42:23 INFO TaskSchedulerImpl: Removed TaskSet 0.0, whose tasks have all completed, from pool 
[2025-03-14T09:42:23.809+0000] {ssh.py:531} WARNING - 25/03/14 09:42:23 INFO DAGScheduler: ResultStage 0 (csv at NativeMethodAccessorImpl.java:0) finished in 0.905 s
[2025-03-14T09:42:23.814+0000] {ssh.py:531} WARNING - 25/03/14 09:42:23 INFO DAGScheduler: Job 0 is finished. Cancelling potential speculative or zombie tasks for this job
[2025-03-14T09:42:23.814+0000] {ssh.py:531} WARNING - 25/03/14 09:42:23 INFO TaskSchedulerImpl: Killing all running tasks in stage 0: Stage finished
[2025-03-14T09:42:23.817+0000] {ssh.py:531} WARNING - 25/03/14 09:42:23 INFO DAGScheduler: Job 0 finished: csv at NativeMethodAccessorImpl.java:0, took 0.975597 s
[2025-03-14T09:42:23.918+0000] {ssh.py:531} WARNING - 25/03/14 09:42:23 INFO CodeGenerator: Code generated in 51.487626 ms
[2025-03-14T09:42:24.040+0000] {ssh.py:531} WARNING - 25/03/14 09:42:24 INFO FileSourceStrategy: Pushed Filters: 
[2025-03-14T09:42:24.041+0000] {ssh.py:531} WARNING - 25/03/14 09:42:24 INFO FileSourceStrategy: Post-Scan Filters: 
[2025-03-14T09:42:24.061+0000] {ssh.py:531} WARNING - 25/03/14 09:42:24 INFO MemoryStore: Block broadcast_2 stored as values in memory (estimated size 200.5 KiB, free 434.0 MiB)
[2025-03-14T09:42:24.150+0000] {ssh.py:531} WARNING - 25/03/14 09:42:24 INFO MemoryStore: Block broadcast_2_piece0 stored as bytes in memory (estimated size 34.7 KiB, free 433.9 MiB)
[2025-03-14T09:42:24.173+0000] {ssh.py:531} WARNING - 25/03/14 09:42:24 INFO BlockManagerInfo: Added broadcast_2_piece0 in memory on 0.0.0.0:43127 (size: 34.7 KiB, free: 434.3 MiB)
[2025-03-14T09:42:24.180+0000] {ssh.py:531} WARNING - 25/03/14 09:42:24 INFO SparkContext: Created broadcast 2 from csv at NativeMethodAccessorImpl.java:0
[2025-03-14T09:42:24.182+0000] {ssh.py:531} WARNING - 25/03/14 09:42:24 INFO FileSourceScanExec: Planning scan with bin packing, max size: 4194304 bytes, open cost is considered as scanning 4194304 bytes.
[2025-03-14T09:42:24.210+0000] {ssh.py:531} WARNING - 25/03/14 09:42:24 INFO BlockManagerInfo: Removed broadcast_1_piece0 on 0.0.0.0:43127 in memory (size: 6.4 KiB, free: 434.3 MiB)
[2025-03-14T09:42:25.701+0000] {ssh.py:531} WARNING - 25/03/14 09:42:25 INFO FileSourceStrategy: Pushed Filters: 
[2025-03-14T09:42:25.701+0000] {ssh.py:531} WARNING - 25/03/14 09:42:25 INFO FileSourceStrategy: Post-Scan Filters: 
[2025-03-14T09:42:26.259+0000] {ssh.py:531} WARNING - 25/03/14 09:42:26 INFO ParquetUtils: Using default output committer for Parquet: org.apache.parquet.hadoop.ParquetOutputCommitter
[2025-03-14T09:42:26.280+0000] {ssh.py:531} WARNING - 25/03/14 09:42:26 INFO FileOutputCommitter: File Output Committer Algorithm version is 1
[2025-03-14T09:42:26.280+0000] {ssh.py:531} WARNING - 25/03/14 09:42:26 INFO FileOutputCommitter: FileOutputCommitter skip cleanup _temporary folders under output directory:false, ignore cleanup failures: false
[2025-03-14T09:42:26.282+0000] {ssh.py:531} WARNING - 25/03/14 09:42:26 INFO SQLHadoopMapReduceCommitProtocol: Using user defined output committer class org.apache.parquet.hadoop.ParquetOutputCommitter
[2025-03-14T09:42:26.283+0000] {ssh.py:531} WARNING - 25/03/14 09:42:26 INFO FileOutputCommitter: File Output Committer Algorithm version is 1
[2025-03-14T09:42:26.285+0000] {ssh.py:531} WARNING - 25/03/14 09:42:26 INFO FileOutputCommitter: FileOutputCommitter skip cleanup _temporary folders under output directory:false, ignore cleanup failures: false
[2025-03-14T09:42:26.285+0000] {ssh.py:531} WARNING - 25/03/14 09:42:26 INFO SQLHadoopMapReduceCommitProtocol: Using output committer class org.apache.parquet.hadoop.ParquetOutputCommitter
[2025-03-14T09:42:26.769+0000] {ssh.py:531} WARNING - 25/03/14 09:42:26 INFO CodeGenerator: Code generated in 165.562522 ms
[2025-03-14T09:42:26.775+0000] {ssh.py:531} WARNING - 25/03/14 09:42:26 INFO MemoryStore: Block broadcast_3 stored as values in memory (estimated size 200.4 KiB, free 433.7 MiB)
[2025-03-14T09:42:26.791+0000] {ssh.py:531} WARNING - 25/03/14 09:42:26 INFO MemoryStore: Block broadcast_3_piece0 stored as bytes in memory (estimated size 34.7 KiB, free 433.7 MiB)
[2025-03-14T09:42:26.792+0000] {ssh.py:531} WARNING - 25/03/14 09:42:26 INFO BlockManagerInfo: Added broadcast_3_piece0 in memory on 0.0.0.0:43127 (size: 34.7 KiB, free: 434.3 MiB)
[2025-03-14T09:42:26.794+0000] {ssh.py:531} WARNING - 25/03/14 09:42:26 INFO SparkContext: Created broadcast 3 from parquet at NativeMethodAccessorImpl.java:0
[2025-03-14T09:42:26.803+0000] {ssh.py:531} WARNING - 25/03/14 09:42:26 INFO FileSourceScanExec: Planning scan with bin packing, max size: 4194304 bytes, open cost is considered as scanning 4194304 bytes.
[2025-03-14T09:42:26.827+0000] {ssh.py:531} WARNING - 25/03/14 09:42:26 INFO SparkContext: Starting job: parquet at NativeMethodAccessorImpl.java:0
[2025-03-14T09:42:26.828+0000] {ssh.py:531} WARNING - 25/03/14 09:42:26 INFO DAGScheduler: Got job 1 (parquet at NativeMethodAccessorImpl.java:0) with 1 output partitions
[2025-03-14T09:42:26.829+0000] {ssh.py:531} WARNING - 25/03/14 09:42:26 INFO DAGScheduler: Final stage: ResultStage 1 (parquet at NativeMethodAccessorImpl.java:0)
[2025-03-14T09:42:26.829+0000] {ssh.py:531} WARNING - 25/03/14 09:42:26 INFO DAGScheduler: Parents of final stage: List()
[2025-03-14T09:42:26.831+0000] {ssh.py:531} WARNING - 25/03/14 09:42:26 INFO DAGScheduler: Missing parents: List()
[2025-03-14T09:42:26.832+0000] {ssh.py:531} WARNING - 25/03/14 09:42:26 INFO DAGScheduler: Submitting ResultStage 1 (MapPartitionsRDD[13] at parquet at NativeMethodAccessorImpl.java:0), which has no missing parents
[2025-03-14T09:42:26.964+0000] {ssh.py:531} WARNING - 25/03/14 09:42:26 INFO MemoryStore: Block broadcast_4 stored as values in memory (estimated size 227.5 KiB, free 433.5 MiB)
[2025-03-14T09:42:27.002+0000] {ssh.py:531} WARNING - 25/03/14 09:42:26 INFO MemoryStore: Block broadcast_4_piece0 stored as bytes in memory (estimated size 82.2 KiB, free 433.4 MiB)
[2025-03-14T09:42:27.006+0000] {ssh.py:531} WARNING - 25/03/14 09:42:27 INFO BlockManagerInfo: Added broadcast_4_piece0 in memory on 0.0.0.0:43127 (size: 82.2 KiB, free: 434.2 MiB)
[2025-03-14T09:42:27.010+0000] {ssh.py:531} WARNING - 25/03/14 09:42:27 INFO SparkContext: Created broadcast 4 from broadcast at DAGScheduler.scala:1585
[2025-03-14T09:42:27.017+0000] {ssh.py:531} WARNING - 25/03/14 09:42:27 INFO DAGScheduler: Submitting 1 missing tasks from ResultStage 1 (MapPartitionsRDD[13] at parquet at NativeMethodAccessorImpl.java:0) (first 15 tasks are for partitions Vector(0))
[2025-03-14T09:42:27.018+0000] {ssh.py:531} WARNING - 25/03/14 09:42:27 INFO TaskSchedulerImpl: Adding task set 1.0 with 1 tasks resource profile 0
[2025-03-14T09:42:27.026+0000] {ssh.py:531} WARNING - 25/03/14 09:42:27 INFO TaskSetManager: Starting task 0.0 in stage 1.0 (TID 1) (ip-172-31-12-182.ap-northeast-2.compute.internal, executor driver, partition 0, PROCESS_LOCAL, 9640 bytes) 
[2025-03-14T09:42:27.033+0000] {ssh.py:531} WARNING - 25/03/14 09:42:27 INFO Executor: Running task 0.0 in stage 1.0 (TID 1)
[2025-03-14T09:42:27.253+0000] {ssh.py:531} WARNING - 25/03/14 09:42:27 INFO BlockManagerInfo: Removed broadcast_2_piece0 on 0.0.0.0:43127 in memory (size: 34.7 KiB, free: 434.3 MiB)
[2025-03-14T09:42:27.284+0000] {ssh.py:531} WARNING - 25/03/14 09:42:27 INFO BlockManagerInfo: Removed broadcast_0_piece0 on 0.0.0.0:43127 in memory (size: 34.7 KiB, free: 434.3 MiB)
[2025-03-14T09:42:27.446+0000] {ssh.py:531} WARNING - 25/03/14 09:42:27 INFO CodeGenerator: Code generated in 130.971423 ms
[2025-03-14T09:42:27.450+0000] {ssh.py:531} WARNING - 25/03/14 09:42:27 INFO FileOutputCommitter: File Output Committer Algorithm version is 1
[2025-03-14T09:42:27.451+0000] {ssh.py:531} WARNING - 25/03/14 09:42:27 INFO FileOutputCommitter: FileOutputCommitter skip cleanup _temporary folders under output directory:false, ignore cleanup failures: false
[2025-03-14T09:42:27.453+0000] {ssh.py:531} WARNING - 25/03/14 09:42:27 INFO SQLHadoopMapReduceCommitProtocol: Using user defined output committer class org.apache.parquet.hadoop.ParquetOutputCommitter
[2025-03-14T09:42:27.454+0000] {ssh.py:531} WARNING - 25/03/14 09:42:27 INFO FileOutputCommitter: File Output Committer Algorithm version is 1
[2025-03-14T09:42:27.454+0000] {ssh.py:531} WARNING - 25/03/14 09:42:27 INFO FileOutputCommitter: FileOutputCommitter skip cleanup _temporary folders under output directory:false, ignore cleanup failures: false
[2025-03-14T09:42:27.454+0000] {ssh.py:531} WARNING - 25/03/14 09:42:27 INFO SQLHadoopMapReduceCommitProtocol: Using output committer class org.apache.parquet.hadoop.ParquetOutputCommitter
[2025-03-14T09:42:27.470+0000] {ssh.py:531} WARNING - 25/03/14 09:42:27 INFO CodecConfig: Compression: SNAPPY
[2025-03-14T09:42:27.475+0000] {ssh.py:531} WARNING - 25/03/14 09:42:27 INFO CodecConfig: Compression: SNAPPY
[2025-03-14T09:42:27.509+0000] {ssh.py:531} WARNING - 25/03/14 09:42:27 INFO ParquetOutputFormat: ParquetRecordWriter [block size: 134217728b, row group padding size: 8388608b, validating: false]
[2025-03-14T09:42:27.586+0000] {ssh.py:531} WARNING - 25/03/14 09:42:27 INFO ParquetWriteSupport: Initialized Parquet WriteSupport with Catalyst schema:
[2025-03-14T09:42:27.586+0000] {ssh.py:531} WARNING - {
[2025-03-14T09:42:27.586+0000] {ssh.py:531} WARNING -   "type" : "struct",
[2025-03-14T09:42:27.586+0000] {ssh.py:531} WARNING -   "fields" : [ {
[2025-03-14T09:42:27.587+0000] {ssh.py:531} WARNING -     "name" : "gamer_nickname",
[2025-03-14T09:42:27.587+0000] {ssh.py:531} WARNING -     "type" : "string",
[2025-03-14T09:42:27.587+0000] {ssh.py:531} WARNING -     "nullable" : true,
[2025-03-14T09:42:27.587+0000] {ssh.py:531} WARNING -     "metadata" : { }
[2025-03-14T09:42:27.587+0000] {ssh.py:531} WARNING -   }, {
[2025-03-14T09:42:27.587+0000] {ssh.py:531} WARNING -     "name" : "division_id",
[2025-03-14T09:42:27.587+0000] {ssh.py:531} WARNING -     "type" : "integer",
[2025-03-14T09:42:27.588+0000] {ssh.py:531} WARNING -     "nullable" : true,
[2025-03-14T09:42:27.588+0000] {ssh.py:531} WARNING -     "metadata" : { }
[2025-03-14T09:42:27.589+0000] {ssh.py:531} WARNING -   }, {
[2025-03-14T09:42:27.589+0000] {ssh.py:531} WARNING -     "name" : "gamer_level",
[2025-03-14T09:42:27.589+0000] {ssh.py:531} WARNING -     "type" : "integer",
[2025-03-14T09:42:27.590+0000] {ssh.py:531} WARNING -     "nullable" : true,
[2025-03-14T09:42:27.590+0000] {ssh.py:531} WARNING -     "metadata" : { }
[2025-03-14T09:42:27.591+0000] {ssh.py:531} WARNING -   }, {
[2025-03-14T09:42:27.591+0000] {ssh.py:531} WARNING -     "name" : "team_worth",
[2025-03-14T09:42:27.591+0000] {ssh.py:531} WARNING -     "type" : "long",
[2025-03-14T09:42:27.591+0000] {ssh.py:531} WARNING -     "nullable" : true,
[2025-03-14T09:42:27.591+0000] {ssh.py:531} WARNING -     "metadata" : { }
[2025-03-14T09:42:27.591+0000] {ssh.py:531} WARNING -   }, {
[2025-03-14T09:42:27.592+0000] {ssh.py:531} WARNING -     "name" : "points",
[2025-03-14T09:42:27.592+0000] {ssh.py:531} WARNING -     "type" : "decimal(10,2)",
[2025-03-14T09:42:27.592+0000] {ssh.py:531} WARNING -     "nullable" : true,
[2025-03-14T09:42:27.592+0000] {ssh.py:531} WARNING -     "metadata" : { }
[2025-03-14T09:42:27.592+0000] {ssh.py:531} WARNING -   }, {
[2025-03-14T09:42:27.592+0000] {ssh.py:531} WARNING -     "name" : "winning_rate",
[2025-03-14T09:42:27.592+0000] {ssh.py:531} WARNING -     "type" : "decimal(10,2)",
[2025-03-14T09:42:27.592+0000] {ssh.py:531} WARNING -     "nullable" : true,
[2025-03-14T09:42:27.593+0000] {ssh.py:531} WARNING -     "metadata" : { }
[2025-03-14T09:42:27.593+0000] {ssh.py:531} WARNING -   }, {
[2025-03-14T09:42:27.593+0000] {ssh.py:531} WARNING -     "name" : "total_win",
[2025-03-14T09:42:27.593+0000] {ssh.py:531} WARNING -     "type" : "integer",
[2025-03-14T09:42:27.593+0000] {ssh.py:531} WARNING -     "nullable" : true,
[2025-03-14T09:42:27.593+0000] {ssh.py:531} WARNING -     "metadata" : { }
[2025-03-14T09:42:27.593+0000] {ssh.py:531} WARNING -   }, {
[2025-03-14T09:42:27.594+0000] {ssh.py:531} WARNING -     "name" : "total_draw",
[2025-03-14T09:42:27.594+0000] {ssh.py:531} WARNING -     "type" : "integer",
[2025-03-14T09:42:27.594+0000] {ssh.py:531} WARNING -     "nullable" : true,
[2025-03-14T09:42:27.594+0000] {ssh.py:531} WARNING -     "metadata" : { }
[2025-03-14T09:42:27.594+0000] {ssh.py:531} WARNING -   }, {
[2025-03-14T09:42:27.594+0000] {ssh.py:531} WARNING -     "name" : "total_lose",
[2025-03-14T09:42:27.595+0000] {ssh.py:531} WARNING -     "type" : "integer",
[2025-03-14T09:42:27.595+0000] {ssh.py:531} WARNING -     "nullable" : true,
[2025-03-14T09:42:27.595+0000] {ssh.py:531} WARNING -     "metadata" : { }
[2025-03-14T09:42:27.595+0000] {ssh.py:531} WARNING -   }, {
[2025-03-14T09:42:27.595+0000] {ssh.py:531} WARNING -     "name" : "formation",
[2025-03-14T09:42:27.595+0000] {ssh.py:531} WARNING -     "type" : "string",
[2025-03-14T09:42:27.595+0000] {ssh.py:531} WARNING -     "nullable" : true,
[2025-03-14T09:42:27.596+0000] {ssh.py:531} WARNING -     "metadata" : { }
[2025-03-14T09:42:27.596+0000] {ssh.py:531} WARNING -   }, {
[2025-03-14T09:42:27.596+0000] {ssh.py:531} WARNING -     "name" : "created_at",
[2025-03-14T09:42:27.596+0000] {ssh.py:531} WARNING -     "type" : "date",
[2025-03-14T09:42:27.596+0000] {ssh.py:531} WARNING -     "nullable" : false,
[2025-03-14T09:42:27.596+0000] {ssh.py:531} WARNING -     "metadata" : { }
[2025-03-14T09:42:27.596+0000] {ssh.py:531} WARNING -   }, {
[2025-03-14T09:42:27.596+0000] {ssh.py:531} WARNING -     "name" : "ranking",
[2025-03-14T09:42:27.596+0000] {ssh.py:531} WARNING -     "type" : "integer",
[2025-03-14T09:42:27.597+0000] {ssh.py:531} WARNING -     "nullable" : true,
[2025-03-14T09:42:27.597+0000] {ssh.py:531} WARNING -     "metadata" : { }
[2025-03-14T09:42:27.597+0000] {ssh.py:531} WARNING -   } ]
[2025-03-14T09:42:27.597+0000] {ssh.py:531} WARNING - }
[2025-03-14T09:42:27.597+0000] {ssh.py:531} WARNING - and corresponding Parquet message type:
[2025-03-14T09:42:27.597+0000] {ssh.py:531} WARNING - message spark_schema {
[2025-03-14T09:42:27.597+0000] {ssh.py:531} WARNING -   optional binary gamer_nickname (STRING);
[2025-03-14T09:42:27.597+0000] {ssh.py:531} WARNING -   optional int32 division_id;
[2025-03-14T09:42:27.598+0000] {ssh.py:531} WARNING -   optional int32 gamer_level;
[2025-03-14T09:42:27.598+0000] {ssh.py:531} WARNING -   optional int64 team_worth;
[2025-03-14T09:42:27.598+0000] {ssh.py:531} WARNING -   optional int64 points (DECIMAL(10,2));
[2025-03-14T09:42:27.598+0000] {ssh.py:531} WARNING -   optional int64 winning_rate (DECIMAL(10,2));
[2025-03-14T09:42:27.598+0000] {ssh.py:531} WARNING -   optional int32 total_win;
[2025-03-14T09:42:27.598+0000] {ssh.py:531} WARNING -   optional int32 total_draw;
[2025-03-14T09:42:27.599+0000] {ssh.py:531} WARNING -   optional int32 total_lose;
[2025-03-14T09:42:27.599+0000] {ssh.py:531} WARNING -   optional binary formation (STRING);
[2025-03-14T09:42:27.599+0000] {ssh.py:531} WARNING -   required int32 created_at (DATE);
[2025-03-14T09:42:27.599+0000] {ssh.py:531} WARNING -   optional int32 ranking;
[2025-03-14T09:42:27.599+0000] {ssh.py:531} WARNING - }
[2025-03-14T09:42:27.599+0000] {ssh.py:531} WARNING - 
[2025-03-14T09:42:27.600+0000] {ssh.py:531} WARNING -        
[2025-03-14T09:42:27.755+0000] {ssh.py:531} WARNING - 25/03/14 09:42:27 INFO CodecPool: Got brand-new compressor [.snappy]
[2025-03-14T09:42:28.288+0000] {ssh.py:531} WARNING - 25/03/14 09:42:28 INFO FileScanRDD: Reading File path: s3a://de5-finalproj-team2/crawl/2025-03-14/crawl_result_processed_20250314.csv, range: 0-1154758, partition values: [empty row]
[2025-03-14T09:42:28.340+0000] {ssh.py:531} WARNING - 25/03/14 09:42:28 INFO CodeGenerator: Code generated in 33.976409 ms
[2025-03-14T09:42:28.424+0000] {ssh.py:531} WARNING - 25/03/14 09:42:28 INFO LineRecordReader: Found UTF-8 BOM and skipped it
[2025-03-14T09:42:31.107+0000] {ssh.py:531} WARNING - 25/03/14 09:42:31 INFO FileOutputCommitter: Saved output of task 'attempt_202503140942262228187168534396096_0001_m_000000_1' to s3a://de5-finalproj-team2/analytics/ranking_info/2025-03-14/_temporary/0/task_202503140942262228187168534396096_0001_m_000000
[2025-03-14T09:42:31.109+0000] {ssh.py:531} WARNING - 25/03/14 09:42:31 INFO SparkHadoopMapRedUtil: attempt_202503140942262228187168534396096_0001_m_000000_1: Committed. Elapsed time: 717 ms.
[2025-03-14T09:42:31.145+0000] {ssh.py:531} WARNING - 25/03/14 09:42:31 INFO Executor: Finished task 0.0 in stage 1.0 (TID 1). 2613 bytes result sent to driver
[2025-03-14T09:42:31.150+0000] {ssh.py:531} WARNING - 25/03/14 09:42:31 INFO TaskSetManager: Finished task 0.0 in stage 1.0 (TID 1) in 4125 ms on ip-172-31-12-182.ap-northeast-2.compute.internal (executor driver) (1/1)
[2025-03-14T09:42:31.151+0000] {ssh.py:531} WARNING - 25/03/14 09:42:31 INFO TaskSchedulerImpl: Removed TaskSet 1.0, whose tasks have all completed, from pool 
[2025-03-14T09:42:31.155+0000] {ssh.py:531} WARNING - 25/03/14 09:42:31 INFO DAGScheduler: ResultStage 1 (parquet at NativeMethodAccessorImpl.java:0) finished in 4.321 s
[2025-03-14T09:42:31.159+0000] {ssh.py:531} WARNING - 25/03/14 09:42:31 INFO DAGScheduler: Job 1 is finished. Cancelling potential speculative or zombie tasks for this job
[2025-03-14T09:42:31.159+0000] {ssh.py:531} WARNING - 25/03/14 09:42:31 INFO TaskSchedulerImpl: Killing all running tasks in stage 1: Stage finished
[2025-03-14T09:42:31.160+0000] {ssh.py:531} WARNING - 25/03/14 09:42:31 INFO DAGScheduler: Job 1 finished: parquet at NativeMethodAccessorImpl.java:0, took 4.329501 s
[2025-03-14T09:42:31.164+0000] {ssh.py:531} WARNING - 25/03/14 09:42:31 INFO FileFormatWriter: Start to commit write Job d691492f-0eda-4437-9768-9b00047dfacc.
[2025-03-14T09:42:32.117+0000] {ssh.py:531} WARNING - 25/03/14 09:42:32 INFO FileFormatWriter: Write Job d691492f-0eda-4437-9768-9b00047dfacc committed. Elapsed time: 952 ms.
[2025-03-14T09:42:32.122+0000] {ssh.py:531} WARNING - 25/03/14 09:42:32 INFO FileFormatWriter: Finished processing stats for write job d691492f-0eda-4437-9768-9b00047dfacc.
[2025-03-14T09:42:32.128+0000] {ssh.py:526} INFO - ✅ 2025-03-14 데이터 변환 완료: s3a://de5-finalproj-team2/analytics/ranking_info/2025-03-14
[2025-03-14T09:42:32.188+0000] {ssh.py:531} WARNING - 25/03/14 09:42:32 INFO SparkContext: Invoking stop() from shutdown hook
[2025-03-14T09:42:32.189+0000] {ssh.py:531} WARNING - 25/03/14 09:42:32 INFO SparkContext: SparkContext is stopping with exitCode 0.
[2025-03-14T09:42:32.209+0000] {ssh.py:531} WARNING - 25/03/14 09:42:32 INFO SparkUI: Stopped Spark web UI at http://0.0.0.0:4041
[2025-03-14T09:42:32.235+0000] {ssh.py:531} WARNING - 25/03/14 09:42:32 INFO MapOutputTrackerMasterEndpoint: MapOutputTrackerMasterEndpoint stopped!
[2025-03-14T09:42:32.255+0000] {ssh.py:531} WARNING - 25/03/14 09:42:32 INFO MemoryStore: MemoryStore cleared
[2025-03-14T09:42:32.256+0000] {ssh.py:531} WARNING - 25/03/14 09:42:32 INFO BlockManager: BlockManager stopped
[2025-03-14T09:42:32.260+0000] {ssh.py:531} WARNING - 25/03/14 09:42:32 INFO BlockManagerMaster: BlockManagerMaster stopped
[2025-03-14T09:42:32.265+0000] {ssh.py:531} WARNING - 25/03/14 09:42:32 INFO OutputCommitCoordinator$OutputCommitCoordinatorEndpoint: OutputCommitCoordinator stopped!
[2025-03-14T09:42:32.273+0000] {ssh.py:531} WARNING - 25/03/14 09:42:32 INFO SparkContext: Successfully stopped SparkContext
[2025-03-14T09:42:32.274+0000] {ssh.py:531} WARNING - 25/03/14 09:42:32 INFO ShutdownHookManager: Shutdown hook called
[2025-03-14T09:42:32.275+0000] {ssh.py:531} WARNING - 25/03/14 09:42:32 INFO ShutdownHookManager: Deleting directory /tmp/spark-a24fa01d-4b9c-43c1-806c-2d95dd2d763f/pyspark-f213cd70-a3f2-4c7f-83f9-27a774828f3a
[2025-03-14T09:42:32.279+0000] {ssh.py:531} WARNING - 25/03/14 09:42:32 INFO ShutdownHookManager: Deleting directory /tmp/spark-a24fa01d-4b9c-43c1-806c-2d95dd2d763f
[2025-03-14T09:42:32.284+0000] {ssh.py:531} WARNING - 25/03/14 09:42:32 INFO ShutdownHookManager: Deleting directory /tmp/spark-361fe8ac-885c-4468-b6ec-fbbf5bf50923
[2025-03-14T09:42:32.296+0000] {ssh.py:531} WARNING - 25/03/14 09:42:32 INFO MetricsSystemImpl: Stopping s3a-file-system metrics system...
[2025-03-14T09:42:32.299+0000] {ssh.py:531} WARNING - 25/03/14 09:42:32 INFO MetricsSystemImpl: s3a-file-system metrics system stopped.
[2025-03-14T09:42:32.299+0000] {ssh.py:531} WARNING - 25/03/14 09:42:32 INFO MetricsSystemImpl: s3a-file-system metrics system shutdown complete.
[2025-03-14T09:42:32.361+0000] {ssh.py:526} INFO - Spark Job Succeeded!
[2025-03-14T09:42:32.382+0000] {taskinstance.py:441} INFO - ::group::Post task execution logs
[2025-03-14T09:42:32.418+0000] {taskinstance.py:1206} INFO - Marking task as SUCCESS. dag_id=s3_csv_to_parquet_dag, task_id=submit_spark_via_ssh, run_id=scheduled__2025-03-13T02:10:00+00:00, execution_date=20250313T021000, start_date=20250314T094204, end_date=20250314T094232
[2025-03-14T09:42:32.454+0000] {local_task_job_runner.py:240} INFO - Task exited with return code 0
[2025-03-14T09:42:32.483+0000] {taskinstance.py:3498} INFO - 2 downstream tasks scheduled from follow-on schedule check
[2025-03-14T09:42:32.485+0000] {local_task_job_runner.py:222} INFO - ::endgroup::
