[2025-03-13T08:42:57.962+0000] {local_task_job_runner.py:120} INFO - ::group::Pre task execution logs
[2025-03-13T08:42:57.992+0000] {taskinstance.py:2076} INFO - Dependencies all met for dep_context=non-requeueable deps ti=<TaskInstance: team_color_to_parquet_dag.submit_spark_via_ssh manual__2025-03-13T08:42:55.237637+00:00 [queued]>
[2025-03-13T08:42:58.004+0000] {taskinstance.py:2076} INFO - Dependencies all met for dep_context=requeueable deps ti=<TaskInstance: team_color_to_parquet_dag.submit_spark_via_ssh manual__2025-03-13T08:42:55.237637+00:00 [queued]>
[2025-03-13T08:42:58.005+0000] {taskinstance.py:2306} INFO - Starting attempt 1 of 2
[2025-03-13T08:42:58.018+0000] {taskinstance.py:2330} INFO - Executing <Task(SSHOperator): submit_spark_via_ssh> on 2025-03-13 08:42:55.237637+00:00
[2025-03-13T08:42:58.024+0000] {standard_task_runner.py:63} INFO - Started process 32028 to run task
[2025-03-13T08:42:58.030+0000] {standard_task_runner.py:90} INFO - Running: ['***', 'tasks', 'run', 'team_color_to_parquet_dag', 'submit_spark_via_ssh', 'manual__2025-03-13T08:42:55.237637+00:00', '--job-id', '137', '--raw', '--subdir', 'DAGS_FOLDER/team_color_to_parquet_dag.py', '--cfg-path', '/tmp/tmpy5sr_qf0']
[2025-03-13T08:42:58.033+0000] {standard_task_runner.py:91} INFO - Job 137: Subtask submit_spark_via_ssh
[2025-03-13T08:42:58.108+0000] {task_command.py:426} INFO - Running <TaskInstance: team_color_to_parquet_dag.submit_spark_via_ssh manual__2025-03-13T08:42:55.237637+00:00 [running]> on host a0d797a25898
[2025-03-13T08:42:58.331+0000] {taskinstance.py:2648} INFO - Exporting env vars: AIRFLOW_CTX_DAG_OWNER='***' AIRFLOW_CTX_DAG_ID='team_color_to_parquet_dag' AIRFLOW_CTX_TASK_ID='submit_spark_via_ssh' AIRFLOW_CTX_EXECUTION_DATE='2025-03-13T08:42:55.237637+00:00' AIRFLOW_CTX_TRY_NUMBER='1' AIRFLOW_CTX_DAG_RUN_ID='manual__2025-03-13T08:42:55.237637+00:00'
[2025-03-13T08:42:58.332+0000] {taskinstance.py:430} INFO - ::endgroup::
[2025-03-13T08:42:58.367+0000] {ssh.py:151} INFO - Creating ssh_client
[2025-03-13T08:42:58.367+0000] {ssh.py:124} INFO - ssh_hook is not provided or invalid. Trying ssh_conn_id to create SSHHook.
[2025-03-13T08:42:58.420+0000] {base.py:84} INFO - Using connection ID 'spark_ssh_conn' for task execution.
[2025-03-13T08:42:58.422+0000] {ssh.py:301} WARNING - No Host Key Verification. This won't protect against Man-In-The-Middle attacks
[2025-03-13T08:42:58.430+0000] {transport.py:1909} INFO - Connected (version 2.0, client OpenSSH_9.6p1)
[2025-03-13T08:42:58.609+0000] {transport.py:1909} INFO - Authentication (publickey) successful!
[2025-03-13T08:42:58.610+0000] {ssh.py:480} INFO - Running command: 
    set -e
    echo "Starting Spark Job on 2025-03-13"
    /spark-3.5.3/bin/spark-submit /home/ubuntu/spark_scripts/team_color_to_parquet.py 2025-03-13
    exit_code=$?

    if [ $exit_code -ne 0 ]; then
        echo "Spark Job Failed! Check logs."
        exit 1
    else
        echo "Spark Job Succeeded!"
    fi
    
[2025-03-13T08:42:58.700+0000] {ssh.py:526} INFO - Starting Spark Job on 2025-03-13
[2025-03-13T08:43:01.765+0000] {ssh.py:531} WARNING - 25/03/13 08:43:01 INFO SparkContext: Running Spark version 3.5.3
[2025-03-13T08:43:01.768+0000] {ssh.py:531} WARNING - 25/03/13 08:43:01 INFO SparkContext: OS info Linux, 6.8.0-1024-aws, amd64
[2025-03-13T08:43:01.768+0000] {ssh.py:531} WARNING - 25/03/13 08:43:01 INFO SparkContext: Java version 11.0.26
[2025-03-13T08:43:01.849+0000] {ssh.py:531} WARNING - 25/03/13 08:43:01 WARN NativeCodeLoader: Unable to load native-hadoop library for your platform... using builtin-java classes where applicable
[2025-03-13T08:43:01.953+0000] {ssh.py:531} WARNING - 25/03/13 08:43:01 INFO ResourceUtils: ==============================================================
[2025-03-13T08:43:01.953+0000] {ssh.py:531} WARNING - 25/03/13 08:43:01 INFO ResourceUtils: No custom resources configured for spark.driver.
[2025-03-13T08:43:01.955+0000] {ssh.py:531} WARNING - 25/03/13 08:43:01 INFO ResourceUtils: ==============================================================
[2025-03-13T08:43:01.955+0000] {ssh.py:531} WARNING - 25/03/13 08:43:01 INFO SparkContext: Submitted application: Extract_Team_Color_Info
[2025-03-13T08:43:01.976+0000] {ssh.py:531} WARNING - 25/03/13 08:43:01 INFO ResourceProfile: Default ResourceProfile created, executor resources: Map(cores -> name: cores, amount: 1, script: , vendor: , memory -> name: memory, amount: 1024, script: , vendor: , offHeap -> name: offHeap, amount: 0, script: , vendor: ), task resources: Map(cpus -> name: cpus, amount: 1.0)
[2025-03-13T08:43:01.990+0000] {ssh.py:531} WARNING - 25/03/13 08:43:01 INFO ResourceProfile: Limiting resource is cpus at 1 tasks per executor
[2025-03-13T08:43:01.991+0000] {ssh.py:531} WARNING - 25/03/13 08:43:01 INFO ResourceProfileManager: Added ResourceProfile id: 0
[2025-03-13T08:43:02.051+0000] {ssh.py:531} WARNING - 25/03/13 08:43:02 INFO SecurityManager: Changing view acls to: ubuntu
[2025-03-13T08:43:02.052+0000] {ssh.py:531} WARNING - 25/03/13 08:43:02 INFO SecurityManager: Changing modify acls to: ubuntu
[2025-03-13T08:43:02.052+0000] {ssh.py:531} WARNING - 25/03/13 08:43:02 INFO SecurityManager: Changing view acls groups to: 
[2025-03-13T08:43:02.053+0000] {ssh.py:531} WARNING - 25/03/13 08:43:02 INFO SecurityManager: Changing modify acls groups to: 
[2025-03-13T08:43:02.053+0000] {ssh.py:531} WARNING - 25/03/13 08:43:02 INFO SecurityManager: SecurityManager: authentication disabled; ui acls disabled; users with view permissions: ubuntu; groups with view permissions: EMPTY; users with modify permissions: ubuntu; groups with modify permissions: EMPTY
[2025-03-13T08:43:02.330+0000] {ssh.py:531} WARNING - 25/03/13 08:43:02 INFO Utils: Successfully started service 'sparkDriver' on port 43813.
[2025-03-13T08:43:02.364+0000] {ssh.py:531} WARNING - 25/03/13 08:43:02 INFO SparkEnv: Registering MapOutputTracker
[2025-03-13T08:43:02.409+0000] {ssh.py:531} WARNING - 25/03/13 08:43:02 INFO SparkEnv: Registering BlockManagerMaster
[2025-03-13T08:43:02.430+0000] {ssh.py:531} WARNING - 25/03/13 08:43:02 INFO BlockManagerMasterEndpoint: Using org.apache.spark.storage.DefaultTopologyMapper for getting topology information
[2025-03-13T08:43:02.432+0000] {ssh.py:531} WARNING - 25/03/13 08:43:02 INFO BlockManagerMasterEndpoint: BlockManagerMasterEndpoint up
[2025-03-13T08:43:02.438+0000] {ssh.py:531} WARNING - 25/03/13 08:43:02 INFO SparkEnv: Registering BlockManagerMasterHeartbeat
[2025-03-13T08:43:02.469+0000] {ssh.py:531} WARNING - 25/03/13 08:43:02 INFO DiskBlockManager: Created local directory at /tmp/blockmgr-d6d0982a-c99c-4cc8-86b5-d4738e03ad08
[2025-03-13T08:43:02.485+0000] {ssh.py:531} WARNING - 25/03/13 08:43:02 INFO MemoryStore: MemoryStore started with capacity 434.4 MiB
[2025-03-13T08:43:02.503+0000] {ssh.py:531} WARNING - 25/03/13 08:43:02 INFO SparkEnv: Registering OutputCommitCoordinator
[2025-03-13T08:43:02.758+0000] {ssh.py:531} WARNING - 25/03/13 08:43:02 INFO JettyUtils: Start Jetty 0.0.0.0:4040 for SparkUI
[2025-03-13T08:43:02.864+0000] {ssh.py:531} WARNING - 25/03/13 08:43:02 INFO Utils: Successfully started service 'SparkUI' on port 4040.
[2025-03-13T08:43:03.002+0000] {ssh.py:531} WARNING - 25/03/13 08:43:03 INFO Executor: Starting executor ID driver on host ip-172-31-12-182.ap-northeast-2.compute.internal
[2025-03-13T08:43:03.002+0000] {ssh.py:531} WARNING - 25/03/13 08:43:03 INFO Executor: OS info Linux, 6.8.0-1024-aws, amd64
[2025-03-13T08:43:03.003+0000] {ssh.py:531} WARNING - 25/03/13 08:43:03 INFO Executor: Java version 11.0.26
[2025-03-13T08:43:03.011+0000] {ssh.py:531} WARNING - 25/03/13 08:43:03 INFO Executor: Starting executor with user classpath (userClassPathFirst = false): ''
[2025-03-13T08:43:03.011+0000] {ssh.py:531} WARNING - 25/03/13 08:43:03 INFO Executor: Created or updated repl class loader org.apache.spark.util.MutableURLClassLoader@4f735dbd for default.
[2025-03-13T08:43:03.042+0000] {ssh.py:531} WARNING - 25/03/13 08:43:03 INFO Utils: Successfully started service 'org.apache.spark.network.netty.NettyBlockTransferService' on port 42201.
[2025-03-13T08:43:03.042+0000] {ssh.py:531} WARNING - 25/03/13 08:43:03 INFO NettyBlockTransferService: Server created on 0.0.0.0:42201
[2025-03-13T08:43:03.043+0000] {ssh.py:531} WARNING - 25/03/13 08:43:03 INFO BlockManager: Using org.apache.spark.storage.RandomBlockReplicationPolicy for block replication policy
[2025-03-13T08:43:03.051+0000] {ssh.py:531} WARNING - 25/03/13 08:43:03 INFO BlockManagerMaster: Registering BlockManager BlockManagerId(driver, 0.0.0.0, 42201, None)
[2025-03-13T08:43:03.056+0000] {ssh.py:531} WARNING - 25/03/13 08:43:03 INFO BlockManagerMasterEndpoint: Registering block manager 0.0.0.0:42201 with 434.4 MiB RAM, BlockManagerId(driver, 0.0.0.0, 42201, None)
[2025-03-13T08:43:03.059+0000] {ssh.py:531} WARNING - 25/03/13 08:43:03 INFO BlockManagerMaster: Registered BlockManager BlockManagerId(driver, 0.0.0.0, 42201, None)
[2025-03-13T08:43:03.060+0000] {ssh.py:531} WARNING - 25/03/13 08:43:03 INFO BlockManager: Initialized BlockManager: BlockManagerId(driver, 0.0.0.0, 42201, None)
[2025-03-13T08:43:03.822+0000] {ssh.py:531} WARNING - 25/03/13 08:43:03 INFO SharedState: Setting hive.metastore.warehouse.dir ('null') to the value of spark.sql.warehouse.dir.
[2025-03-13T08:43:03.838+0000] {ssh.py:531} WARNING - 25/03/13 08:43:03 INFO SharedState: Warehouse path is 'file:/home/ubuntu/spark-warehouse'.
[2025-03-13T08:43:05.076+0000] {ssh.py:531} WARNING - 25/03/13 08:43:05 WARN MetricsConfig: Cannot locate configuration: tried hadoop-metrics2-s3a-file-system.properties,hadoop-metrics2.properties
[2025-03-13T08:43:05.101+0000] {ssh.py:531} WARNING - 25/03/13 08:43:05 INFO MetricsSystemImpl: Scheduled Metric snapshot period at 10 second(s).
[2025-03-13T08:43:05.101+0000] {ssh.py:531} WARNING - 25/03/13 08:43:05 INFO MetricsSystemImpl: s3a-file-system metrics system started
[2025-03-13T08:43:06.793+0000] {ssh.py:531} WARNING - 25/03/13 08:43:06 INFO InMemoryFileIndex: It took 135 ms to list leaf files for 1 paths.
[2025-03-13T08:43:06.937+0000] {ssh.py:531} WARNING - 25/03/13 08:43:06 INFO InMemoryFileIndex: It took 41 ms to list leaf files for 1 paths.
[2025-03-13T08:43:10.511+0000] {ssh.py:531} WARNING - 25/03/13 08:43:10 INFO FileSourceStrategy: Pushed Filters: 
[2025-03-13T08:43:10.515+0000] {ssh.py:531} WARNING - 25/03/13 08:43:10 INFO FileSourceStrategy: Post-Scan Filters: (length(trim(value#0, None)) > 0)
[2025-03-13T08:43:11.482+0000] {ssh.py:531} WARNING - 25/03/13 08:43:11 INFO CodeGenerator: Code generated in 417.447446 ms
[2025-03-13T08:43:11.541+0000] {ssh.py:531} WARNING - 25/03/13 08:43:11 INFO MemoryStore: Block broadcast_0 stored as values in memory (estimated size 201.2 KiB, free 434.2 MiB)
[2025-03-13T08:43:11.598+0000] {ssh.py:531} WARNING - 25/03/13 08:43:11 INFO MemoryStore: Block broadcast_0_piece0 stored as bytes in memory (estimated size 34.8 KiB, free 434.2 MiB)
[2025-03-13T08:43:11.601+0000] {ssh.py:531} WARNING - 25/03/13 08:43:11 INFO BlockManagerInfo: Added broadcast_0_piece0 in memory on 0.0.0.0:42201 (size: 34.8 KiB, free: 434.4 MiB)
[2025-03-13T08:43:11.605+0000] {ssh.py:531} WARNING - 25/03/13 08:43:11 INFO SparkContext: Created broadcast 0 from csv at NativeMethodAccessorImpl.java:0
[2025-03-13T08:43:11.620+0000] {ssh.py:531} WARNING - 25/03/13 08:43:11 INFO FileSourceScanExec: Planning scan with bin packing, max size: 4194304 bytes, open cost is considered as scanning 4194304 bytes.
[2025-03-13T08:43:11.749+0000] {ssh.py:531} WARNING - 25/03/13 08:43:11 INFO SparkContext: Starting job: csv at NativeMethodAccessorImpl.java:0
[2025-03-13T08:43:11.768+0000] {ssh.py:531} WARNING - 25/03/13 08:43:11 INFO DAGScheduler: Got job 0 (csv at NativeMethodAccessorImpl.java:0) with 1 output partitions
[2025-03-13T08:43:11.768+0000] {ssh.py:531} WARNING - 25/03/13 08:43:11 INFO DAGScheduler: Final stage: ResultStage 0 (csv at NativeMethodAccessorImpl.java:0)
[2025-03-13T08:43:11.768+0000] {ssh.py:531} WARNING - 25/03/13 08:43:11 INFO DAGScheduler: Parents of final stage: List()
[2025-03-13T08:43:11.768+0000] {ssh.py:531} WARNING - 25/03/13 08:43:11 INFO DAGScheduler: Missing parents: List()
[2025-03-13T08:43:11.773+0000] {ssh.py:531} WARNING - 25/03/13 08:43:11 INFO DAGScheduler: Submitting ResultStage 0 (MapPartitionsRDD[3] at csv at NativeMethodAccessorImpl.java:0), which has no missing parents
[2025-03-13T08:43:11.886+0000] {ssh.py:531} WARNING - 25/03/13 08:43:11 INFO MemoryStore: Block broadcast_1 stored as values in memory (estimated size 13.5 KiB, free 434.2 MiB)
[2025-03-13T08:43:11.889+0000] {ssh.py:531} WARNING - 25/03/13 08:43:11 INFO MemoryStore: Block broadcast_1_piece0 stored as bytes in memory (estimated size 6.4 KiB, free 434.2 MiB)
[2025-03-13T08:43:11.890+0000] {ssh.py:531} WARNING - 25/03/13 08:43:11 INFO BlockManagerInfo: Added broadcast_1_piece0 in memory on 0.0.0.0:42201 (size: 6.4 KiB, free: 434.4 MiB)
[2025-03-13T08:43:11.890+0000] {ssh.py:531} WARNING - 25/03/13 08:43:11 INFO SparkContext: Created broadcast 1 from broadcast at DAGScheduler.scala:1585
[2025-03-13T08:43:11.910+0000] {ssh.py:531} WARNING - 25/03/13 08:43:11 INFO DAGScheduler: Submitting 1 missing tasks from ResultStage 0 (MapPartitionsRDD[3] at csv at NativeMethodAccessorImpl.java:0) (first 15 tasks are for partitions Vector(0))
[2025-03-13T08:43:11.911+0000] {ssh.py:531} WARNING - 25/03/13 08:43:11 INFO TaskSchedulerImpl: Adding task set 0.0 with 1 tasks resource profile 0
[2025-03-13T08:43:11.963+0000] {ssh.py:531} WARNING - 25/03/13 08:43:11 INFO TaskSetManager: Starting task 0.0 in stage 0.0 (TID 0) (ip-172-31-12-182.ap-northeast-2.compute.internal, executor driver, partition 0, PROCESS_LOCAL, 9640 bytes) 
[2025-03-13T08:43:11.989+0000] {ssh.py:531} WARNING - 25/03/13 08:43:11 INFO Executor: Running task 0.0 in stage 0.0 (TID 0)
[2025-03-13T08:43:12.137+0000] {ssh.py:531} WARNING - 25/03/13 08:43:12 INFO CodeGenerator: Code generated in 15.320089 ms
[2025-03-13T08:43:12.141+0000] {ssh.py:531} WARNING - 25/03/13 08:43:12 INFO FileScanRDD: Reading File path: s3a://de5-finalproj-team2/crawl/2025-03-13/crawl_result_processed_20250313.csv, range: 0-1155389, partition values: [empty row]
[2025-03-13T08:43:12.160+0000] {ssh.py:531} WARNING - 25/03/13 08:43:12 INFO CodeGenerator: Code generated in 13.620015 ms
[2025-03-13T08:43:12.242+0000] {ssh.py:531} WARNING - 25/03/13 08:43:12 INFO LineRecordReader: Found UTF-8 BOM and skipped it
[2025-03-13T08:43:12.271+0000] {ssh.py:531} WARNING - 25/03/13 08:43:12 INFO Executor: Finished task 0.0 in stage 0.0 (TID 0). 1713 bytes result sent to driver
[2025-03-13T08:43:12.285+0000] {ssh.py:531} WARNING - 25/03/13 08:43:12 INFO TaskSetManager: Finished task 0.0 in stage 0.0 (TID 0) in 338 ms on ip-172-31-12-182.ap-northeast-2.compute.internal (executor driver) (1/1)
[2025-03-13T08:43:12.288+0000] {ssh.py:531} WARNING - 25/03/13 08:43:12 INFO TaskSchedulerImpl: Removed TaskSet 0.0, whose tasks have all completed, from pool 
[2025-03-13T08:43:12.292+0000] {ssh.py:531} WARNING - 25/03/13 08:43:12 INFO DAGScheduler: ResultStage 0 (csv at NativeMethodAccessorImpl.java:0) finished in 0.494 s
[2025-03-13T08:43:12.301+0000] {ssh.py:531} WARNING - 25/03/13 08:43:12 INFO DAGScheduler: Job 0 is finished. Cancelling potential speculative or zombie tasks for this job
[2025-03-13T08:43:12.301+0000] {ssh.py:531} WARNING - 25/03/13 08:43:12 INFO TaskSchedulerImpl: Killing all running tasks in stage 0: Stage finished
[2025-03-13T08:43:12.304+0000] {ssh.py:531} WARNING - 25/03/13 08:43:12 INFO DAGScheduler: Job 0 finished: csv at NativeMethodAccessorImpl.java:0, took 0.555296 s
[2025-03-13T08:43:12.331+0000] {ssh.py:531} WARNING - 25/03/13 08:43:12 INFO CodeGenerator: Code generated in 8.841542 ms
[2025-03-13T08:43:12.391+0000] {ssh.py:531} WARNING - 25/03/13 08:43:12 INFO FileSourceStrategy: Pushed Filters: 
[2025-03-13T08:43:12.392+0000] {ssh.py:531} WARNING - 25/03/13 08:43:12 INFO FileSourceStrategy: Post-Scan Filters: 
[2025-03-13T08:43:12.400+0000] {ssh.py:531} WARNING - 25/03/13 08:43:12 INFO MemoryStore: Block broadcast_2 stored as values in memory (estimated size 201.2 KiB, free 434.0 MiB)
[2025-03-13T08:43:12.409+0000] {ssh.py:531} WARNING - 25/03/13 08:43:12 INFO MemoryStore: Block broadcast_2_piece0 stored as bytes in memory (estimated size 34.8 KiB, free 433.9 MiB)
[2025-03-13T08:43:12.410+0000] {ssh.py:531} WARNING - 25/03/13 08:43:12 INFO BlockManagerInfo: Added broadcast_2_piece0 in memory on 0.0.0.0:42201 (size: 34.8 KiB, free: 434.3 MiB)
[2025-03-13T08:43:12.411+0000] {ssh.py:531} WARNING - 25/03/13 08:43:12 INFO SparkContext: Created broadcast 2 from csv at NativeMethodAccessorImpl.java:0
[2025-03-13T08:43:12.412+0000] {ssh.py:531} WARNING - 25/03/13 08:43:12 INFO FileSourceScanExec: Planning scan with bin packing, max size: 4194304 bytes, open cost is considered as scanning 4194304 bytes.
[2025-03-13T08:43:12.679+0000] {ssh.py:531} WARNING - 25/03/13 08:43:12 INFO BlockManagerInfo: Removed broadcast_1_piece0 on 0.0.0.0:42201 in memory (size: 6.4 KiB, free: 434.3 MiB)
[2025-03-13T08:43:12.699+0000] {ssh.py:531} WARNING - 25/03/13 08:43:12 INFO BlockManagerInfo: Removed broadcast_0_piece0 on 0.0.0.0:42201 in memory (size: 34.8 KiB, free: 434.4 MiB)
[2025-03-13T08:43:12.711+0000] {ssh.py:531} WARNING - 25/03/13 08:43:12 INFO BlockManagerInfo: Removed broadcast_2_piece0 on 0.0.0.0:42201 in memory (size: 34.8 KiB, free: 434.4 MiB)
[2025-03-13T08:43:12.834+0000] {ssh.py:531} WARNING - 25/03/13 08:43:12 INFO FileSourceStrategy: Pushed Filters: 
[2025-03-13T08:43:12.834+0000] {ssh.py:531} WARNING - 25/03/13 08:43:12 INFO FileSourceStrategy: Post-Scan Filters: 
[2025-03-13T08:43:13.262+0000] {ssh.py:531} WARNING - 25/03/13 08:43:13 INFO ParquetUtils: Using default output committer for Parquet: org.apache.parquet.hadoop.ParquetOutputCommitter
[2025-03-13T08:43:13.276+0000] {ssh.py:531} WARNING - 25/03/13 08:43:13 INFO FileOutputCommitter: File Output Committer Algorithm version is 1
[2025-03-13T08:43:13.276+0000] {ssh.py:531} WARNING - 25/03/13 08:43:13 INFO FileOutputCommitter: FileOutputCommitter skip cleanup _temporary folders under output directory:false, ignore cleanup failures: false
[2025-03-13T08:43:13.279+0000] {ssh.py:531} WARNING - 25/03/13 08:43:13 INFO SQLHadoopMapReduceCommitProtocol: Using user defined output committer class org.apache.parquet.hadoop.ParquetOutputCommitter
[2025-03-13T08:43:13.279+0000] {ssh.py:531} WARNING - 25/03/13 08:43:13 INFO FileOutputCommitter: File Output Committer Algorithm version is 1
[2025-03-13T08:43:13.279+0000] {ssh.py:531} WARNING - 25/03/13 08:43:13 INFO FileOutputCommitter: FileOutputCommitter skip cleanup _temporary folders under output directory:false, ignore cleanup failures: false
[2025-03-13T08:43:13.279+0000] {ssh.py:531} WARNING - 25/03/13 08:43:13 INFO SQLHadoopMapReduceCommitProtocol: Using output committer class org.apache.parquet.hadoop.ParquetOutputCommitter
[2025-03-13T08:43:13.585+0000] {ssh.py:531} WARNING - 25/03/13 08:43:13 INFO CodeGenerator: Code generated in 69.129887 ms
[2025-03-13T08:43:13.591+0000] {ssh.py:531} WARNING - 25/03/13 08:43:13 INFO MemoryStore: Block broadcast_3 stored as values in memory (estimated size 201.1 KiB, free 434.2 MiB)
[2025-03-13T08:43:13.608+0000] {ssh.py:531} WARNING - 25/03/13 08:43:13 INFO MemoryStore: Block broadcast_3_piece0 stored as bytes in memory (estimated size 34.8 KiB, free 434.2 MiB)
[2025-03-13T08:43:13.608+0000] {ssh.py:531} WARNING - 25/03/13 08:43:13 INFO BlockManagerInfo: Added broadcast_3_piece0 in memory on 0.0.0.0:42201 (size: 34.8 KiB, free: 434.4 MiB)
[2025-03-13T08:43:13.609+0000] {ssh.py:531} WARNING - 25/03/13 08:43:13 INFO SparkContext: Created broadcast 3 from parquet at NativeMethodAccessorImpl.java:0
[2025-03-13T08:43:13.616+0000] {ssh.py:531} WARNING - 25/03/13 08:43:13 INFO FileSourceScanExec: Planning scan with bin packing, max size: 4194304 bytes, open cost is considered as scanning 4194304 bytes.
[2025-03-13T08:43:13.629+0000] {ssh.py:531} WARNING - 25/03/13 08:43:13 INFO SparkContext: Starting job: parquet at NativeMethodAccessorImpl.java:0
[2025-03-13T08:43:13.630+0000] {ssh.py:531} WARNING - 25/03/13 08:43:13 INFO DAGScheduler: Got job 1 (parquet at NativeMethodAccessorImpl.java:0) with 1 output partitions
[2025-03-13T08:43:13.631+0000] {ssh.py:531} WARNING - 25/03/13 08:43:13 INFO DAGScheduler: Final stage: ResultStage 1 (parquet at NativeMethodAccessorImpl.java:0)
[2025-03-13T08:43:13.631+0000] {ssh.py:531} WARNING - 25/03/13 08:43:13 INFO DAGScheduler: Parents of final stage: List()
[2025-03-13T08:43:13.631+0000] {ssh.py:531} WARNING - 25/03/13 08:43:13 INFO DAGScheduler: Missing parents: List()
[2025-03-13T08:43:13.635+0000] {ssh.py:531} WARNING - 25/03/13 08:43:13 INFO DAGScheduler: Submitting ResultStage 1 (MapPartitionsRDD[13] at parquet at NativeMethodAccessorImpl.java:0), which has no missing parents
[2025-03-13T08:43:13.669+0000] {ssh.py:531} WARNING - 25/03/13 08:43:13 INFO MemoryStore: Block broadcast_4 stored as values in memory (estimated size 222.3 KiB, free 434.0 MiB)
[2025-03-13T08:43:13.671+0000] {ssh.py:531} WARNING - 25/03/13 08:43:13 INFO MemoryStore: Block broadcast_4_piece0 stored as bytes in memory (estimated size 80.4 KiB, free 433.9 MiB)
[2025-03-13T08:43:13.672+0000] {ssh.py:531} WARNING - 25/03/13 08:43:13 INFO BlockManagerInfo: Added broadcast_4_piece0 in memory on 0.0.0.0:42201 (size: 80.4 KiB, free: 434.3 MiB)
[2025-03-13T08:43:13.673+0000] {ssh.py:531} WARNING - 25/03/13 08:43:13 INFO SparkContext: Created broadcast 4 from broadcast at DAGScheduler.scala:1585
[2025-03-13T08:43:13.677+0000] {ssh.py:531} WARNING - 25/03/13 08:43:13 INFO DAGScheduler: Submitting 1 missing tasks from ResultStage 1 (MapPartitionsRDD[13] at parquet at NativeMethodAccessorImpl.java:0) (first 15 tasks are for partitions Vector(0))
[2025-03-13T08:43:13.677+0000] {ssh.py:531} WARNING - 25/03/13 08:43:13 INFO TaskSchedulerImpl: Adding task set 1.0 with 1 tasks resource profile 0
[2025-03-13T08:43:13.679+0000] {ssh.py:531} WARNING - 25/03/13 08:43:13 INFO TaskSetManager: Starting task 0.0 in stage 1.0 (TID 1) (ip-172-31-12-182.ap-northeast-2.compute.internal, executor driver, partition 0, PROCESS_LOCAL, 9640 bytes) 
[2025-03-13T08:43:13.679+0000] {ssh.py:531} WARNING - 25/03/13 08:43:13 INFO Executor: Running task 0.0 in stage 1.0 (TID 1)
[2025-03-13T08:43:13.791+0000] {ssh.py:531} WARNING - 25/03/13 08:43:13 INFO CodeGenerator: Code generated in 44.770537 ms
[2025-03-13T08:43:13.793+0000] {ssh.py:531} WARNING - 25/03/13 08:43:13 INFO FileOutputCommitter: File Output Committer Algorithm version is 1
[2025-03-13T08:43:13.794+0000] {ssh.py:531} WARNING - 25/03/13 08:43:13 INFO FileOutputCommitter: FileOutputCommitter skip cleanup _temporary folders under output directory:false, ignore cleanup failures: false
[2025-03-13T08:43:13.795+0000] {ssh.py:531} WARNING - 25/03/13 08:43:13 INFO SQLHadoopMapReduceCommitProtocol: Using user defined output committer class org.apache.parquet.hadoop.ParquetOutputCommitter
[2025-03-13T08:43:13.796+0000] {ssh.py:531} WARNING - 25/03/13 08:43:13 INFO FileOutputCommitter: File Output Committer Algorithm version is 1
[2025-03-13T08:43:13.797+0000] {ssh.py:531} WARNING - 25/03/13 08:43:13 INFO FileOutputCommitter: FileOutputCommitter skip cleanup _temporary folders under output directory:false, ignore cleanup failures: false
[2025-03-13T08:43:13.798+0000] {ssh.py:531} WARNING - 25/03/13 08:43:13 INFO SQLHadoopMapReduceCommitProtocol: Using output committer class org.apache.parquet.hadoop.ParquetOutputCommitter
[2025-03-13T08:43:13.804+0000] {ssh.py:531} WARNING - 25/03/13 08:43:13 INFO CodecConfig: Compression: SNAPPY
[2025-03-13T08:43:13.808+0000] {ssh.py:531} WARNING - 25/03/13 08:43:13 INFO CodecConfig: Compression: SNAPPY
[2025-03-13T08:43:13.831+0000] {ssh.py:531} WARNING - 25/03/13 08:43:13 INFO ParquetOutputFormat: ParquetRecordWriter [block size: 134217728b, row group padding size: 8388608b, validating: false]
[2025-03-13T08:43:13.864+0000] {ssh.py:531} WARNING - 25/03/13 08:43:13 INFO ParquetWriteSupport: Initialized Parquet WriteSupport with Catalyst schema:
[2025-03-13T08:43:13.865+0000] {ssh.py:531} WARNING - {
[2025-03-13T08:43:13.865+0000] {ssh.py:531} WARNING -   "type" : "struct",
[2025-03-13T08:43:13.865+0000] {ssh.py:531} WARNING -   "fields" : [ {
[2025-03-13T08:43:13.865+0000] {ssh.py:531} WARNING -     "name" : "gamer_nickname",
[2025-03-13T08:43:13.865+0000] {ssh.py:531} WARNING -     "type" : "string",
[2025-03-13T08:43:13.866+0000] {ssh.py:531} WARNING -     "nullable" : true,
[2025-03-13T08:43:13.866+0000] {ssh.py:531} WARNING -     "metadata" : { }
[2025-03-13T08:43:13.866+0000] {ssh.py:531} WARNING -   }, {
[2025-03-13T08:43:13.866+0000] {ssh.py:531} WARNING -     "name" : "team_color",
[2025-03-13T08:43:13.866+0000] {ssh.py:531} WARNING -     "type" : "string",
[2025-03-13T08:43:13.866+0000] {ssh.py:531} WARNING -     "nullable" : false,
[2025-03-13T08:43:13.866+0000] {ssh.py:531} WARNING -     "metadata" : { }
[2025-03-13T08:43:13.866+0000] {ssh.py:531} WARNING -   }, {
[2025-03-13T08:43:13.867+0000] {ssh.py:531} WARNING -     "name" : "team_count",
[2025-03-13T08:43:13.867+0000] {ssh.py:531} WARNING -     "type" : "integer",
[2025-03-13T08:43:13.867+0000] {ssh.py:531} WARNING -     "nullable" : true,
[2025-03-13T08:43:13.867+0000] {ssh.py:531} WARNING -     "metadata" : { }
[2025-03-13T08:43:13.867+0000] {ssh.py:531} WARNING -   }, {
[2025-03-13T08:43:13.867+0000] {ssh.py:531} WARNING -     "name" : "created_at",
[2025-03-13T08:43:13.867+0000] {ssh.py:531} WARNING -     "type" : "string",
[2025-03-13T08:43:13.867+0000] {ssh.py:531} WARNING -     "nullable" : false,
[2025-03-13T08:43:13.868+0000] {ssh.py:531} WARNING -     "metadata" : { }
[2025-03-13T08:43:13.868+0000] {ssh.py:531} WARNING -   } ]
[2025-03-13T08:43:13.868+0000] {ssh.py:531} WARNING - }
[2025-03-13T08:43:13.868+0000] {ssh.py:531} WARNING - and corresponding Parquet message type:
[2025-03-13T08:43:13.868+0000] {ssh.py:531} WARNING - message spark_schema {
[2025-03-13T08:43:13.868+0000] {ssh.py:531} WARNING -   optional binary gamer_nickname (STRING);
[2025-03-13T08:43:13.868+0000] {ssh.py:531} WARNING -   required binary team_color (STRING);
[2025-03-13T08:43:13.868+0000] {ssh.py:531} WARNING -   optional int32 team_count;
[2025-03-13T08:43:13.869+0000] {ssh.py:531} WARNING -   required binary created_at (STRING);
[2025-03-13T08:43:13.869+0000] {ssh.py:531} WARNING - }
[2025-03-13T08:43:13.869+0000] {ssh.py:531} WARNING - 
[2025-03-13T08:43:13.869+0000] {ssh.py:531} WARNING -        
[2025-03-13T08:43:13.994+0000] {ssh.py:531} WARNING - 25/03/13 08:43:13 INFO CodecPool: Got brand-new compressor [.snappy]
[2025-03-13T08:43:14.244+0000] {ssh.py:531} WARNING - 25/03/13 08:43:14 INFO FileScanRDD: Reading File path: s3a://de5-finalproj-team2/crawl/2025-03-13/crawl_result_processed_20250313.csv, range: 0-1155389, partition values: [empty row]
[2025-03-13T08:43:14.259+0000] {ssh.py:531} WARNING - 25/03/13 08:43:14 INFO CodeGenerator: Code generated in 12.451132 ms
[2025-03-13T08:43:14.323+0000] {ssh.py:531} WARNING - 25/03/13 08:43:14 INFO LineRecordReader: Found UTF-8 BOM and skipped it
[2025-03-13T08:43:16.247+0000] {ssh.py:531} WARNING - 25/03/13 08:43:16 INFO FileOutputCommitter: Saved output of task 'attempt_202503130843136259331752011128393_0001_m_000000_1' to s3a://de5-finalproj-team2/analytics/team_color_info/2025-03-13/_temporary/0/task_202503130843136259331752011128393_0001_m_000000
[2025-03-13T08:43:16.247+0000] {ssh.py:531} WARNING - 25/03/13 08:43:16 INFO SparkHadoopMapRedUtil: attempt_202503130843136259331752011128393_0001_m_000000_1: Committed. Elapsed time: 647 ms.
[2025-03-13T08:43:16.266+0000] {ssh.py:531} WARNING - 25/03/13 08:43:16 INFO Executor: Finished task 0.0 in stage 1.0 (TID 1). 2669 bytes result sent to driver
[2025-03-13T08:43:16.269+0000] {ssh.py:531} WARNING - 25/03/13 08:43:16 INFO TaskSetManager: Finished task 0.0 in stage 1.0 (TID 1) in 2590 ms on ip-172-31-12-182.ap-northeast-2.compute.internal (executor driver) (1/1)
[2025-03-13T08:43:16.269+0000] {ssh.py:531} WARNING - 25/03/13 08:43:16 INFO TaskSchedulerImpl: Removed TaskSet 1.0, whose tasks have all completed, from pool 
[2025-03-13T08:43:16.270+0000] {ssh.py:531} WARNING - 25/03/13 08:43:16 INFO DAGScheduler: ResultStage 1 (parquet at NativeMethodAccessorImpl.java:0) finished in 2.635 s
[2025-03-13T08:43:16.271+0000] {ssh.py:531} WARNING - 25/03/13 08:43:16 INFO DAGScheduler: Job 1 is finished. Cancelling potential speculative or zombie tasks for this job
[2025-03-13T08:43:16.271+0000] {ssh.py:531} WARNING - 25/03/13 08:43:16 INFO TaskSchedulerImpl: Killing all running tasks in stage 1: Stage finished
[2025-03-13T08:43:16.274+0000] {ssh.py:531} WARNING - 25/03/13 08:43:16 INFO DAGScheduler: Job 1 finished: parquet at NativeMethodAccessorImpl.java:0, took 2.644780 s
[2025-03-13T08:43:16.275+0000] {ssh.py:531} WARNING - 25/03/13 08:43:16 INFO FileFormatWriter: Start to commit write Job 5fea3aaf-4d22-45fd-8e79-3ef6dd190eef.
[2025-03-13T08:43:17.052+0000] {ssh.py:531} WARNING - 25/03/13 08:43:17 INFO FileFormatWriter: Write Job 5fea3aaf-4d22-45fd-8e79-3ef6dd190eef committed. Elapsed time: 776 ms.
[2025-03-13T08:43:17.056+0000] {ssh.py:531} WARNING - 25/03/13 08:43:17 INFO FileFormatWriter: Finished processing stats for write job 5fea3aaf-4d22-45fd-8e79-3ef6dd190eef.
[2025-03-13T08:43:17.061+0000] {ssh.py:526} INFO - Parquet 변환 완료! 저장 경로: s3a://de5-finalproj-team2/analytics/team_color_info/2025-03-13
[2025-03-13T08:43:17.100+0000] {ssh.py:531} WARNING - 25/03/13 08:43:17 INFO SparkContext: Invoking stop() from shutdown hook
[2025-03-13T08:43:17.100+0000] {ssh.py:531} WARNING - 25/03/13 08:43:17 INFO SparkContext: SparkContext is stopping with exitCode 0.
[2025-03-13T08:43:17.113+0000] {ssh.py:531} WARNING - 25/03/13 08:43:17 INFO SparkUI: Stopped Spark web UI at http://0.0.0.0:4040
[2025-03-13T08:43:17.133+0000] {ssh.py:531} WARNING - 25/03/13 08:43:17 INFO MapOutputTrackerMasterEndpoint: MapOutputTrackerMasterEndpoint stopped!
[2025-03-13T08:43:17.145+0000] {ssh.py:531} WARNING - 25/03/13 08:43:17 INFO MemoryStore: MemoryStore cleared
[2025-03-13T08:43:17.145+0000] {ssh.py:531} WARNING - 25/03/13 08:43:17 INFO BlockManager: BlockManager stopped
[2025-03-13T08:43:17.148+0000] {ssh.py:531} WARNING - 25/03/13 08:43:17 INFO BlockManagerMaster: BlockManagerMaster stopped
[2025-03-13T08:43:17.151+0000] {ssh.py:531} WARNING - 25/03/13 08:43:17 INFO OutputCommitCoordinator$OutputCommitCoordinatorEndpoint: OutputCommitCoordinator stopped!
[2025-03-13T08:43:17.157+0000] {ssh.py:531} WARNING - 25/03/13 08:43:17 INFO SparkContext: Successfully stopped SparkContext
[2025-03-13T08:43:17.158+0000] {ssh.py:531} WARNING - 25/03/13 08:43:17 INFO ShutdownHookManager: Shutdown hook called
[2025-03-13T08:43:17.159+0000] {ssh.py:531} WARNING - 25/03/13 08:43:17 INFO ShutdownHookManager: Deleting directory /tmp/spark-0fb64ac2-ced4-401c-9a08-c0481468792b
[2025-03-13T08:43:17.162+0000] {ssh.py:531} WARNING - 25/03/13 08:43:17 INFO ShutdownHookManager: Deleting directory /tmp/spark-420a64db-2146-42c2-8afa-f6c238a6c56f/pyspark-58819bff-3bdf-4962-a721-ea6ab23a6003
[2025-03-13T08:43:17.166+0000] {ssh.py:531} WARNING - 25/03/13 08:43:17 INFO ShutdownHookManager: Deleting directory /tmp/spark-420a64db-2146-42c2-8afa-f6c238a6c56f
[2025-03-13T08:43:17.171+0000] {ssh.py:531} WARNING - 25/03/13 08:43:17 INFO MetricsSystemImpl: Stopping s3a-file-system metrics system...
[2025-03-13T08:43:17.172+0000] {ssh.py:531} WARNING - 25/03/13 08:43:17 INFO MetricsSystemImpl: s3a-file-system metrics system stopped.
[2025-03-13T08:43:17.172+0000] {ssh.py:531} WARNING - 25/03/13 08:43:17 INFO MetricsSystemImpl: s3a-file-system metrics system shutdown complete.
[2025-03-13T08:43:17.225+0000] {ssh.py:526} INFO - Spark Job Succeeded!
[2025-03-13T08:43:17.244+0000] {taskinstance.py:441} INFO - ::group::Post task execution logs
[2025-03-13T08:43:17.274+0000] {taskinstance.py:1206} INFO - Marking task as SUCCESS. dag_id=team_color_to_parquet_dag, task_id=submit_spark_via_ssh, run_id=manual__2025-03-13T08:42:55.237637+00:00, execution_date=20250313T084255, start_date=20250313T084257, end_date=20250313T084317
[2025-03-13T08:43:17.330+0000] {local_task_job_runner.py:240} INFO - Task exited with return code 0
[2025-03-13T08:43:17.356+0000] {taskinstance.py:3498} INFO - 1 downstream tasks scheduled from follow-on schedule check
[2025-03-13T08:43:17.358+0000] {local_task_job_runner.py:222} INFO - ::endgroup::
