[2025-03-09T08:32:21.860+0000] {local_task_job_runner.py:120} INFO - ::group::Pre task execution logs
[2025-03-09T08:32:21.883+0000] {taskinstance.py:2076} INFO - Dependencies all met for dep_context=non-requeueable deps ti=<TaskInstance: parquet_to_redshift.s3_to_redshift_match_trend_data scheduled__2025-03-08T01:30:00+00:00 [queued]>
[2025-03-09T08:32:21.892+0000] {taskinstance.py:2076} INFO - Dependencies all met for dep_context=requeueable deps ti=<TaskInstance: parquet_to_redshift.s3_to_redshift_match_trend_data scheduled__2025-03-08T01:30:00+00:00 [queued]>
[2025-03-09T08:32:21.892+0000] {taskinstance.py:2306} INFO - Starting attempt 1 of 2
[2025-03-09T08:32:21.905+0000] {taskinstance.py:2330} INFO - Executing <Task(S3ToRedshiftOperator): s3_to_redshift_match_trend_data> on 2025-03-08 01:30:00+00:00
[2025-03-09T08:32:21.911+0000] {standard_task_runner.py:63} INFO - Started process 13538 to run task
[2025-03-09T08:32:21.915+0000] {standard_task_runner.py:90} INFO - Running: ['***', 'tasks', 'run', 'parquet_to_redshift', 's3_to_redshift_match_trend_data', 'scheduled__2025-03-08T01:30:00+00:00', '--job-id', '45', '--raw', '--subdir', 'DAGS_FOLDER/match_info_redshift.py', '--cfg-path', '/tmp/tmp25e7nnsd']
[2025-03-09T08:32:21.917+0000] {standard_task_runner.py:91} INFO - Job 45: Subtask s3_to_redshift_match_trend_data
[2025-03-09T08:32:21.984+0000] {task_command.py:426} INFO - Running <TaskInstance: parquet_to_redshift.s3_to_redshift_match_trend_data scheduled__2025-03-08T01:30:00+00:00 [running]> on host 40942f81e2c9
[2025-03-09T08:32:22.135+0000] {taskinstance.py:2648} INFO - Exporting env vars: AIRFLOW_CTX_DAG_OWNER='***' AIRFLOW_CTX_DAG_ID='parquet_to_redshift' AIRFLOW_CTX_TASK_ID='s3_to_redshift_match_trend_data' AIRFLOW_CTX_EXECUTION_DATE='2025-03-08T01:30:00+00:00' AIRFLOW_CTX_TRY_NUMBER='1' AIRFLOW_CTX_DAG_RUN_ID='scheduled__2025-03-08T01:30:00+00:00'
[2025-03-09T08:32:22.136+0000] {taskinstance.py:430} INFO - ::endgroup::
[2025-03-09T08:32:22.166+0000] {base.py:84} INFO - Using connection ID 's3_conn_team' for task execution.
[2025-03-09T08:32:22.178+0000] {base.py:84} INFO - Using connection ID 's3_conn_team' for task execution.
[2025-03-09T08:32:22.179+0000] {connection_wrapper.py:384} INFO - AWS Connection (conn_id='s3_conn_team', conn_type='aws') credentials retrieved from login and password.
[2025-03-09T08:32:22.191+0000] {s3_to_redshift.py:193} INFO - Executing COPY command...
[2025-03-09T08:32:22.203+0000] {base.py:84} INFO - Using connection ID 'redshift_conn_team' for task execution.
[2025-03-09T08:32:22.573+0000] {sql.py:470} INFO - Running statement: CREATE TABLE #match_info (LIKE trend_analytics.match_info INCLUDING DEFAULTS);, parameters: None
[2025-03-09T08:32:22.585+0000] {sql.py:470} INFO - Running statement: 
                    COPY #match_info 
                    FROM 's3://de5-finalproj-team2/trend_analysis/match_data/2025-03-08/'
                    credentials
                    'aws_access_key_id=AKIA4RRVVY55RK5T7HCV;aws_secret_access_key=***'
                    
                    FORMAT AS PARQUET;
        , parameters: None
[2025-03-09T08:32:28.727+0000] {sql.py:470} INFO - Running statement: BEGIN;, parameters: None
[2025-03-09T08:32:28.729+0000] {sql.py:470} INFO - Running statement: DELETE FROM trend_analytics.match_info USING #match_info WHERE match_info.match_id = #match_info.match_id AND match_info.match_date = #match_info.match_date;, parameters: None
[2025-03-09T08:32:36.049+0000] {sql.py:479} INFO - Rows affected: 0
[2025-03-09T08:32:36.050+0000] {sql.py:470} INFO - Running statement: INSERT INTO trend_analytics.match_info SELECT * FROM #match_info;, parameters: None
[2025-03-09T08:32:42.223+0000] {sql.py:479} INFO - Rows affected: 0
[2025-03-09T08:32:42.223+0000] {sql.py:470} INFO - Running statement: COMMIT, parameters: None
[2025-03-09T08:32:42.259+0000] {s3_to_redshift.py:198} INFO - COPY command complete...
[2025-03-09T08:32:42.260+0000] {taskinstance.py:441} INFO - ::group::Post task execution logs
[2025-03-09T08:32:42.277+0000] {taskinstance.py:1206} INFO - Marking task as SUCCESS. dag_id=parquet_to_redshift, task_id=s3_to_redshift_match_trend_data, run_id=scheduled__2025-03-08T01:30:00+00:00, execution_date=20250308T013000, start_date=20250309T083221, end_date=20250309T083242
[2025-03-09T08:32:42.328+0000] {local_task_job_runner.py:240} INFO - Task exited with return code 0
[2025-03-09T08:32:42.350+0000] {taskinstance.py:3498} INFO - 0 downstream tasks scheduled from follow-on schedule check
[2025-03-09T08:32:42.352+0000] {local_task_job_runner.py:222} INFO - ::endgroup::
