[2025-03-09T08:22:45.700+0000] {local_task_job_runner.py:120} INFO - ::group::Pre task execution logs
[2025-03-09T08:22:45.740+0000] {taskinstance.py:2076} INFO - Dependencies all met for dep_context=non-requeueable deps ti=<TaskInstance: fetch_nexon_data_sequential.collect_and_save_match_data_to_json_to_s3 scheduled__2025-03-08T01:00:00+00:00 [queued]>
[2025-03-09T08:22:45.754+0000] {taskinstance.py:2076} INFO - Dependencies all met for dep_context=requeueable deps ti=<TaskInstance: fetch_nexon_data_sequential.collect_and_save_match_data_to_json_to_s3 scheduled__2025-03-08T01:00:00+00:00 [queued]>
[2025-03-09T08:22:45.754+0000] {taskinstance.py:2306} INFO - Starting attempt 1 of 2
[2025-03-09T08:22:45.768+0000] {taskinstance.py:2330} INFO - Executing <Task(PythonOperator): collect_and_save_match_data_to_json_to_s3> on 2025-03-08 01:00:00+00:00
[2025-03-09T08:22:45.775+0000] {standard_task_runner.py:63} INFO - Started process 13215 to run task
[2025-03-09T08:22:45.779+0000] {standard_task_runner.py:90} INFO - Running: ['***', 'tasks', 'run', 'fetch_nexon_data_sequential', 'collect_and_save_match_data_to_json_to_s3', 'scheduled__2025-03-08T01:00:00+00:00', '--job-id', '42', '--raw', '--subdir', 'DAGS_FOLDER/collect_match_info.py', '--cfg-path', '/tmp/tmp73ce9l_8']
[2025-03-09T08:22:45.782+0000] {standard_task_runner.py:91} INFO - Job 42: Subtask collect_and_save_match_data_to_json_to_s3
[2025-03-09T08:22:45.847+0000] {task_command.py:426} INFO - Running <TaskInstance: fetch_nexon_data_sequential.collect_and_save_match_data_to_json_to_s3 scheduled__2025-03-08T01:00:00+00:00 [running]> on host 40942f81e2c9
[2025-03-09T08:22:45.963+0000] {taskinstance.py:2648} INFO - Exporting env vars: AIRFLOW_CTX_DAG_OWNER='***' AIRFLOW_CTX_DAG_ID='fetch_nexon_data_sequential' AIRFLOW_CTX_TASK_ID='collect_and_save_match_data_to_json_to_s3' AIRFLOW_CTX_EXECUTION_DATE='2025-03-08T01:00:00+00:00' AIRFLOW_CTX_TRY_NUMBER='1' AIRFLOW_CTX_DAG_RUN_ID='scheduled__2025-03-08T01:00:00+00:00'
[2025-03-09T08:22:45.965+0000] {taskinstance.py:430} INFO - ::endgroup::
[2025-03-09T08:22:46.185+0000] {collect_match_info.py:127} INFO - Collecting 2025-03-08's data
[2025-03-09T08:22:46.867+0000] {collect_match_info.py:50} INFO - [test_5010efba3682683b12924285f5b57fddd72020c6ab59dd21296f0ee0c67d1cf2efe8d04e6d233bd35cf2fabdeb93fb0d] 현재 사용량: 1 / 1000...1번째 유저 처리중
[2025-03-09T08:22:47.707+0000] {collect_match_info.py:50} INFO - [test_5010efba3682683b12924285f5b57fddd72020c6ab59dd21296f0ee0c67d1cf2efe8d04e6d233bd35cf2fabdeb93fb0d] 현재 사용량: 2 / 1000...1번째 유저 처리중
[2025-03-09T08:22:48.311+0000] {collect_match_info.py:50} INFO - [test_5010efba3682683b12924285f5b57fddd72020c6ab59dd21296f0ee0c67d1cf2efe8d04e6d233bd35cf2fabdeb93fb0d] 현재 사용량: 3 / 1000...1번째 유저 처리중
[2025-03-09T08:22:49.057+0000] {collect_match_info.py:50} INFO - [test_5010efba3682683b12924285f5b57fddd72020c6ab59dd21296f0ee0c67d1cf2efe8d04e6d233bd35cf2fabdeb93fb0d] 현재 사용량: 4 / 1000...2번째 유저 처리중
[2025-03-09T08:22:49.840+0000] {collect_match_info.py:50} INFO - [test_5010efba3682683b12924285f5b57fddd72020c6ab59dd21296f0ee0c67d1cf2efe8d04e6d233bd35cf2fabdeb93fb0d] 현재 사용량: 5 / 1000...2번째 유저 처리중
[2025-03-09T08:22:50.402+0000] {collect_match_info.py:50} INFO - [test_5010efba3682683b12924285f5b57fddd72020c6ab59dd21296f0ee0c67d1cf2efe8d04e6d233bd35cf2fabdeb93fb0d] 현재 사용량: 6 / 1000...2번째 유저 처리중
[2025-03-09T08:22:51.151+0000] {collect_match_info.py:50} INFO - [test_5010efba3682683b12924285f5b57fddd72020c6ab59dd21296f0ee0c67d1cf2efe8d04e6d233bd35cf2fabdeb93fb0d] 현재 사용량: 7 / 1000...3번째 유저 처리중
[2025-03-09T08:22:51.988+0000] {collect_match_info.py:50} INFO - [test_5010efba3682683b12924285f5b57fddd72020c6ab59dd21296f0ee0c67d1cf2efe8d04e6d233bd35cf2fabdeb93fb0d] 현재 사용량: 8 / 1000...3번째 유저 처리중
[2025-03-09T08:22:52.555+0000] {collect_match_info.py:50} INFO - [test_5010efba3682683b12924285f5b57fddd72020c6ab59dd21296f0ee0c67d1cf2efe8d04e6d233bd35cf2fabdeb93fb0d] 현재 사용량: 9 / 1000...3번째 유저 처리중
[2025-03-09T08:22:53.254+0000] {collect_match_info.py:50} INFO - [test_5010efba3682683b12924285f5b57fddd72020c6ab59dd21296f0ee0c67d1cf2efe8d04e6d233bd35cf2fabdeb93fb0d] 현재 사용량: 10 / 1000...4번째 유저 처리중
[2025-03-09T08:22:54.109+0000] {collect_match_info.py:50} INFO - [test_5010efba3682683b12924285f5b57fddd72020c6ab59dd21296f0ee0c67d1cf2efe8d04e6d233bd35cf2fabdeb93fb0d] 현재 사용량: 11 / 1000...4번째 유저 처리중
[2025-03-09T08:22:54.703+0000] {collect_match_info.py:50} INFO - [test_5010efba3682683b12924285f5b57fddd72020c6ab59dd21296f0ee0c67d1cf2efe8d04e6d233bd35cf2fabdeb93fb0d] 현재 사용량: 12 / 1000...4번째 유저 처리중
[2025-03-09T08:22:55.434+0000] {collect_match_info.py:50} INFO - [test_5010efba3682683b12924285f5b57fddd72020c6ab59dd21296f0ee0c67d1cf2efe8d04e6d233bd35cf2fabdeb93fb0d] 현재 사용량: 13 / 1000...5번째 유저 처리중
[2025-03-09T08:22:56.201+0000] {collect_match_info.py:50} INFO - [test_5010efba3682683b12924285f5b57fddd72020c6ab59dd21296f0ee0c67d1cf2efe8d04e6d233bd35cf2fabdeb93fb0d] 현재 사용량: 14 / 1000...5번째 유저 처리중
[2025-03-09T08:22:56.790+0000] {collect_match_info.py:50} INFO - [test_5010efba3682683b12924285f5b57fddd72020c6ab59dd21296f0ee0c67d1cf2efe8d04e6d233bd35cf2fabdeb93fb0d] 현재 사용량: 15 / 1000...5번째 유저 처리중
[2025-03-09T08:22:57.518+0000] {collect_match_info.py:50} INFO - [test_5010efba3682683b12924285f5b57fddd72020c6ab59dd21296f0ee0c67d1cf2efe8d04e6d233bd35cf2fabdeb93fb0d] 현재 사용량: 16 / 1000...6번째 유저 처리중
[2025-03-09T08:22:58.274+0000] {collect_match_info.py:50} INFO - [test_5010efba3682683b12924285f5b57fddd72020c6ab59dd21296f0ee0c67d1cf2efe8d04e6d233bd35cf2fabdeb93fb0d] 현재 사용량: 17 / 1000...6번째 유저 처리중
[2025-03-09T08:22:58.864+0000] {collect_match_info.py:50} INFO - [test_5010efba3682683b12924285f5b57fddd72020c6ab59dd21296f0ee0c67d1cf2efe8d04e6d233bd35cf2fabdeb93fb0d] 현재 사용량: 18 / 1000...6번째 유저 처리중
[2025-03-09T08:22:59.629+0000] {collect_match_info.py:50} INFO - [test_5010efba3682683b12924285f5b57fddd72020c6ab59dd21296f0ee0c67d1cf2efe8d04e6d233bd35cf2fabdeb93fb0d] 현재 사용량: 19 / 1000...7번째 유저 처리중
[2025-03-09T08:23:00.507+0000] {collect_match_info.py:50} INFO - [test_5010efba3682683b12924285f5b57fddd72020c6ab59dd21296f0ee0c67d1cf2efe8d04e6d233bd35cf2fabdeb93fb0d] 현재 사용량: 20 / 1000...7번째 유저 처리중
[2025-03-09T08:23:01.112+0000] {collect_match_info.py:50} INFO - [test_5010efba3682683b12924285f5b57fddd72020c6ab59dd21296f0ee0c67d1cf2efe8d04e6d233bd35cf2fabdeb93fb0d] 현재 사용량: 21 / 1000...7번째 유저 처리중
[2025-03-09T08:23:01.896+0000] {collect_match_info.py:50} INFO - [test_5010efba3682683b12924285f5b57fddd72020c6ab59dd21296f0ee0c67d1cf2efe8d04e6d233bd35cf2fabdeb93fb0d] 현재 사용량: 22 / 1000...8번째 유저 처리중
[2025-03-09T08:23:02.677+0000] {collect_match_info.py:50} INFO - [test_5010efba3682683b12924285f5b57fddd72020c6ab59dd21296f0ee0c67d1cf2efe8d04e6d233bd35cf2fabdeb93fb0d] 현재 사용량: 23 / 1000...8번째 유저 처리중
[2025-03-09T08:23:03.232+0000] {collect_match_info.py:50} INFO - [test_5010efba3682683b12924285f5b57fddd72020c6ab59dd21296f0ee0c67d1cf2efe8d04e6d233bd35cf2fabdeb93fb0d] 현재 사용량: 24 / 1000...8번째 유저 처리중
[2025-03-09T08:23:03.951+0000] {collect_match_info.py:50} INFO - [test_5010efba3682683b12924285f5b57fddd72020c6ab59dd21296f0ee0c67d1cf2efe8d04e6d233bd35cf2fabdeb93fb0d] 현재 사용량: 25 / 1000...9번째 유저 처리중
[2025-03-09T08:23:04.829+0000] {collect_match_info.py:50} INFO - [test_5010efba3682683b12924285f5b57fddd72020c6ab59dd21296f0ee0c67d1cf2efe8d04e6d233bd35cf2fabdeb93fb0d] 현재 사용량: 26 / 1000...9번째 유저 처리중
[2025-03-09T08:23:05.427+0000] {collect_match_info.py:50} INFO - [test_5010efba3682683b12924285f5b57fddd72020c6ab59dd21296f0ee0c67d1cf2efe8d04e6d233bd35cf2fabdeb93fb0d] 현재 사용량: 27 / 1000...9번째 유저 처리중
[2025-03-09T08:23:06.119+0000] {collect_match_info.py:50} INFO - [test_5010efba3682683b12924285f5b57fddd72020c6ab59dd21296f0ee0c67d1cf2efe8d04e6d233bd35cf2fabdeb93fb0d] 현재 사용량: 28 / 1000...10번째 유저 처리중
[2025-03-09T08:23:06.936+0000] {collect_match_info.py:50} INFO - [test_5010efba3682683b12924285f5b57fddd72020c6ab59dd21296f0ee0c67d1cf2efe8d04e6d233bd35cf2fabdeb93fb0d] 현재 사용량: 29 / 1000...10번째 유저 처리중
[2025-03-09T08:23:07.536+0000] {collect_match_info.py:50} INFO - [test_5010efba3682683b12924285f5b57fddd72020c6ab59dd21296f0ee0c67d1cf2efe8d04e6d233bd35cf2fabdeb93fb0d] 현재 사용량: 30 / 1000...10번째 유저 처리중
[2025-03-09T08:23:08.264+0000] {collect_match_info.py:50} INFO - [test_5010efba3682683b12924285f5b57fddd72020c6ab59dd21296f0ee0c67d1cf2efe8d04e6d233bd35cf2fabdeb93fb0d] 현재 사용량: 31 / 1000...11번째 유저 처리중
[2025-03-09T08:23:09.038+0000] {collect_match_info.py:50} INFO - [test_5010efba3682683b12924285f5b57fddd72020c6ab59dd21296f0ee0c67d1cf2efe8d04e6d233bd35cf2fabdeb93fb0d] 현재 사용량: 32 / 1000...11번째 유저 처리중
[2025-03-09T08:23:09.633+0000] {collect_match_info.py:50} INFO - [test_5010efba3682683b12924285f5b57fddd72020c6ab59dd21296f0ee0c67d1cf2efe8d04e6d233bd35cf2fabdeb93fb0d] 현재 사용량: 33 / 1000...11번째 유저 처리중
[2025-03-09T08:23:10.361+0000] {collect_match_info.py:50} INFO - [test_5010efba3682683b12924285f5b57fddd72020c6ab59dd21296f0ee0c67d1cf2efe8d04e6d233bd35cf2fabdeb93fb0d] 현재 사용량: 34 / 1000...12번째 유저 처리중
[2025-03-09T08:23:11.226+0000] {collect_match_info.py:50} INFO - [test_5010efba3682683b12924285f5b57fddd72020c6ab59dd21296f0ee0c67d1cf2efe8d04e6d233bd35cf2fabdeb93fb0d] 현재 사용량: 35 / 1000...12번째 유저 처리중
[2025-03-09T08:23:11.823+0000] {collect_match_info.py:50} INFO - [test_5010efba3682683b12924285f5b57fddd72020c6ab59dd21296f0ee0c67d1cf2efe8d04e6d233bd35cf2fabdeb93fb0d] 현재 사용량: 36 / 1000...12번째 유저 처리중
[2025-03-09T08:23:12.589+0000] {collect_match_info.py:50} INFO - [test_5010efba3682683b12924285f5b57fddd72020c6ab59dd21296f0ee0c67d1cf2efe8d04e6d233bd35cf2fabdeb93fb0d] 현재 사용량: 37 / 1000...13번째 유저 처리중
[2025-03-09T08:23:13.499+0000] {collect_match_info.py:50} INFO - [test_5010efba3682683b12924285f5b57fddd72020c6ab59dd21296f0ee0c67d1cf2efe8d04e6d233bd35cf2fabdeb93fb0d] 현재 사용량: 38 / 1000...13번째 유저 처리중
[2025-03-09T08:23:14.058+0000] {collect_match_info.py:50} INFO - [test_5010efba3682683b12924285f5b57fddd72020c6ab59dd21296f0ee0c67d1cf2efe8d04e6d233bd35cf2fabdeb93fb0d] 현재 사용량: 39 / 1000...13번째 유저 처리중
[2025-03-09T08:23:14.821+0000] {collect_match_info.py:50} INFO - [test_5010efba3682683b12924285f5b57fddd72020c6ab59dd21296f0ee0c67d1cf2efe8d04e6d233bd35cf2fabdeb93fb0d] 현재 사용량: 40 / 1000...14번째 유저 처리중
[2025-03-09T08:23:15.979+0000] {collect_match_info.py:50} INFO - [test_5010efba3682683b12924285f5b57fddd72020c6ab59dd21296f0ee0c67d1cf2efe8d04e6d233bd35cf2fabdeb93fb0d] 현재 사용량: 41 / 1000...14번째 유저 처리중
[2025-03-09T08:23:16.571+0000] {collect_match_info.py:50} INFO - [test_5010efba3682683b12924285f5b57fddd72020c6ab59dd21296f0ee0c67d1cf2efe8d04e6d233bd35cf2fabdeb93fb0d] 현재 사용량: 42 / 1000...14번째 유저 처리중
[2025-03-09T08:23:17.338+0000] {collect_match_info.py:50} INFO - [test_5010efba3682683b12924285f5b57fddd72020c6ab59dd21296f0ee0c67d1cf2efe8d04e6d233bd35cf2fabdeb93fb0d] 현재 사용량: 43 / 1000...15번째 유저 처리중
[2025-03-09T08:23:18.413+0000] {collect_match_info.py:50} INFO - [test_5010efba3682683b12924285f5b57fddd72020c6ab59dd21296f0ee0c67d1cf2efe8d04e6d233bd35cf2fabdeb93fb0d] 현재 사용량: 44 / 1000...15번째 유저 처리중
[2025-03-09T08:23:19.021+0000] {collect_match_info.py:50} INFO - [test_5010efba3682683b12924285f5b57fddd72020c6ab59dd21296f0ee0c67d1cf2efe8d04e6d233bd35cf2fabdeb93fb0d] 현재 사용량: 45 / 1000...15번째 유저 처리중
[2025-03-09T08:23:19.746+0000] {collect_match_info.py:50} INFO - [test_5010efba3682683b12924285f5b57fddd72020c6ab59dd21296f0ee0c67d1cf2efe8d04e6d233bd35cf2fabdeb93fb0d] 현재 사용량: 46 / 1000...16번째 유저 처리중
[2025-03-09T08:23:20.558+0000] {collect_match_info.py:50} INFO - [test_5010efba3682683b12924285f5b57fddd72020c6ab59dd21296f0ee0c67d1cf2efe8d04e6d233bd35cf2fabdeb93fb0d] 현재 사용량: 47 / 1000...16번째 유저 처리중
[2025-03-09T08:23:21.147+0000] {collect_match_info.py:50} INFO - [test_5010efba3682683b12924285f5b57fddd72020c6ab59dd21296f0ee0c67d1cf2efe8d04e6d233bd35cf2fabdeb93fb0d] 현재 사용량: 48 / 1000...16번째 유저 처리중
[2025-03-09T08:23:21.894+0000] {collect_match_info.py:50} INFO - [test_5010efba3682683b12924285f5b57fddd72020c6ab59dd21296f0ee0c67d1cf2efe8d04e6d233bd35cf2fabdeb93fb0d] 현재 사용량: 49 / 1000...17번째 유저 처리중
[2025-03-09T08:23:22.911+0000] {collect_match_info.py:50} INFO - [test_5010efba3682683b12924285f5b57fddd72020c6ab59dd21296f0ee0c67d1cf2efe8d04e6d233bd35cf2fabdeb93fb0d] 현재 사용량: 50 / 1000...17번째 유저 처리중
[2025-03-09T08:23:23.502+0000] {collect_match_info.py:50} INFO - [test_5010efba3682683b12924285f5b57fddd72020c6ab59dd21296f0ee0c67d1cf2efe8d04e6d233bd35cf2fabdeb93fb0d] 현재 사용량: 51 / 1000...17번째 유저 처리중
[2025-03-09T08:23:24.278+0000] {collect_match_info.py:50} INFO - [test_5010efba3682683b12924285f5b57fddd72020c6ab59dd21296f0ee0c67d1cf2efe8d04e6d233bd35cf2fabdeb93fb0d] 현재 사용량: 52 / 1000...18번째 유저 처리중
[2025-03-09T08:23:25.391+0000] {collect_match_info.py:50} INFO - [test_5010efba3682683b12924285f5b57fddd72020c6ab59dd21296f0ee0c67d1cf2efe8d04e6d233bd35cf2fabdeb93fb0d] 현재 사용량: 53 / 1000...18번째 유저 처리중
[2025-03-09T08:23:25.987+0000] {collect_match_info.py:50} INFO - [test_5010efba3682683b12924285f5b57fddd72020c6ab59dd21296f0ee0c67d1cf2efe8d04e6d233bd35cf2fabdeb93fb0d] 현재 사용량: 54 / 1000...18번째 유저 처리중
[2025-03-09T08:23:26.263+0000] {local_task_job_runner.py:310} WARNING - State of this instance has been externally set to failed. Terminating instance.
[2025-03-09T08:23:26.264+0000] {local_task_job_runner.py:222} INFO - ::endgroup::
[2025-03-09T08:23:26.266+0000] {process_utils.py:132} INFO - Sending 15 to group 13215. PIDs of all processes in the group: [13215]
[2025-03-09T08:23:26.267+0000] {process_utils.py:87} INFO - Sending the signal 15 to group 13215
[2025-03-09T08:23:26.267+0000] {taskinstance.py:2611} ERROR - Received SIGTERM. Terminating subprocesses.
[2025-03-09T08:23:26.267+0000] {taskinstance.py:441} INFO - ::group::Post task execution logs
[2025-03-09T08:23:26.319+0000] {process_utils.py:80} INFO - Process psutil.Process(pid=13215, status='terminated', exitcode=0, started='08:22:45') (13215) terminated with exit code 0
