[2025-03-14T01:45:18.849+0000] {local_task_job_runner.py:120} INFO - ::group::Pre task execution logs
[2025-03-14T01:45:18.929+0000] {taskinstance.py:2076} INFO - Dependencies all met for dep_context=non-requeueable deps ti=<TaskInstance: team_color_to_parquet_dag.submit_spark_via_ssh manual__2025-03-14T01:45:14.991728+00:00 [queued]>
[2025-03-14T01:45:18.950+0000] {taskinstance.py:2076} INFO - Dependencies all met for dep_context=requeueable deps ti=<TaskInstance: team_color_to_parquet_dag.submit_spark_via_ssh manual__2025-03-14T01:45:14.991728+00:00 [queued]>
[2025-03-14T01:45:18.951+0000] {taskinstance.py:2306} INFO - Starting attempt 1 of 2
[2025-03-14T01:45:18.982+0000] {taskinstance.py:2330} INFO - Executing <Task(SSHOperator): submit_spark_via_ssh> on 2025-03-14 01:45:14.991728+00:00
[2025-03-14T01:45:18.994+0000] {standard_task_runner.py:63} INFO - Started process 6462 to run task
[2025-03-14T01:45:19.004+0000] {standard_task_runner.py:90} INFO - Running: ['***', 'tasks', 'run', 'team_color_to_parquet_dag', 'submit_spark_via_ssh', 'manual__2025-03-14T01:45:14.991728+00:00', '--job-id', '159', '--raw', '--subdir', 'DAGS_FOLDER/team_color_to_parquet_dag.py', '--cfg-path', '/tmp/tmpmx7v1s95']
[2025-03-14T01:45:19.011+0000] {standard_task_runner.py:91} INFO - Job 159: Subtask submit_spark_via_ssh
[2025-03-14T01:45:19.217+0000] {task_command.py:426} INFO - Running <TaskInstance: team_color_to_parquet_dag.submit_spark_via_ssh manual__2025-03-14T01:45:14.991728+00:00 [running]> on host a0d797a25898
[2025-03-14T01:45:19.632+0000] {taskinstance.py:2648} INFO - Exporting env vars: AIRFLOW_CTX_DAG_OWNER='***' AIRFLOW_CTX_DAG_ID='team_color_to_parquet_dag' AIRFLOW_CTX_TASK_ID='submit_spark_via_ssh' AIRFLOW_CTX_EXECUTION_DATE='2025-03-14T01:45:14.991728+00:00' AIRFLOW_CTX_TRY_NUMBER='1' AIRFLOW_CTX_DAG_RUN_ID='manual__2025-03-14T01:45:14.991728+00:00'
[2025-03-14T01:45:19.633+0000] {taskinstance.py:430} INFO - ::endgroup::
[2025-03-14T01:45:19.657+0000] {ssh.py:151} INFO - Creating ssh_client
[2025-03-14T01:45:19.659+0000] {ssh.py:124} INFO - ssh_hook is not provided or invalid. Trying ssh_conn_id to create SSHHook.
[2025-03-14T01:45:19.717+0000] {base.py:84} INFO - Using connection ID 'spark_ssh_conn' for task execution.
[2025-03-14T01:45:19.719+0000] {ssh.py:301} WARNING - No Host Key Verification. This won't protect against Man-In-The-Middle attacks
[2025-03-14T01:45:19.728+0000] {transport.py:1909} INFO - Connected (version 2.0, client OpenSSH_9.6p1)
[2025-03-14T01:45:19.935+0000] {transport.py:1909} INFO - Authentication (publickey) successful!
[2025-03-14T01:45:19.938+0000] {ssh.py:480} INFO - Running command: 
    set -e
    echo "Starting Spark Job on 2025-03-14"
    /spark-3.5.3/bin/spark-submit /home/ubuntu/spark_scripts/team_color_to_parquet.py 2025-03-14
    exit_code=$?

    if [ $exit_code -ne 0 ]; then
        echo "Spark Job Failed! Check logs."
        exit 1
    else
        echo "Spark Job Succeeded!"
    fi
    
[2025-03-14T01:45:20.045+0000] {ssh.py:526} INFO - Starting Spark Job on 2025-03-14
[2025-03-14T01:45:28.386+0000] {ssh.py:531} WARNING - 25/03/14 01:45:28 INFO SparkContext: Running Spark version 3.5.3
[2025-03-14T01:45:28.390+0000] {ssh.py:531} WARNING - 25/03/14 01:45:28 INFO SparkContext: OS info Linux, 6.8.0-1024-aws, amd64
[2025-03-14T01:45:28.391+0000] {ssh.py:531} WARNING - 25/03/14 01:45:28 INFO SparkContext: Java version 11.0.26
[2025-03-14T01:45:28.663+0000] {ssh.py:531} WARNING - 25/03/14 01:45:28 WARN NativeCodeLoader: Unable to load native-hadoop library for your platform... using builtin-java classes where applicable
[2025-03-14T01:45:29.011+0000] {ssh.py:531} WARNING - 25/03/14 01:45:28 INFO ResourceUtils: ==============================================================
[2025-03-14T01:45:29.014+0000] {ssh.py:531} WARNING - 25/03/14 01:45:28 INFO ResourceUtils: No custom resources configured for spark.driver.
[2025-03-14T01:45:29.015+0000] {ssh.py:531} WARNING - 25/03/14 01:45:28 INFO ResourceUtils: ==============================================================
[2025-03-14T01:45:29.019+0000] {ssh.py:531} WARNING - 25/03/14 01:45:28 INFO SparkContext: Submitted application: Extract_Team_Color_Info
[2025-03-14T01:45:29.110+0000] {ssh.py:531} WARNING - 25/03/14 01:45:28 INFO ResourceProfile: Default ResourceProfile created, executor resources: Map(cores -> name: cores, amount: 1, script: , vendor: , memory -> name: memory, amount: 1024, script: , vendor: , offHeap -> name: offHeap, amount: 0, script: , vendor: ), task resources: Map(cpus -> name: cpus, amount: 1.0)
[2025-03-14T01:45:29.183+0000] {ssh.py:531} WARNING - 25/03/14 01:45:29 INFO ResourceProfile: Limiting resource is cpus at 1 tasks per executor
[2025-03-14T01:45:29.191+0000] {ssh.py:531} WARNING - 25/03/14 01:45:29 INFO ResourceProfileManager: Added ResourceProfile id: 0
[2025-03-14T01:45:29.400+0000] {ssh.py:531} WARNING - 25/03/14 01:45:29 INFO SecurityManager: Changing view acls to: ubuntu
[2025-03-14T01:45:29.404+0000] {ssh.py:531} WARNING - 25/03/14 01:45:29 INFO SecurityManager: Changing modify acls to: ubuntu
[2025-03-14T01:45:29.404+0000] {ssh.py:531} WARNING - 25/03/14 01:45:29 INFO SecurityManager: Changing view acls groups to: 
[2025-03-14T01:45:29.410+0000] {ssh.py:531} WARNING - 25/03/14 01:45:29 INFO SecurityManager: Changing modify acls groups to: 
[2025-03-14T01:45:29.410+0000] {ssh.py:531} WARNING - 25/03/14 01:45:29 INFO SecurityManager: SecurityManager: authentication disabled; ui acls disabled; users with view permissions: ubuntu; groups with view permissions: EMPTY; users with modify permissions: ubuntu; groups with modify permissions: EMPTY
[2025-03-14T01:45:30.287+0000] {ssh.py:531} WARNING - 25/03/14 01:45:30 INFO Utils: Successfully started service 'sparkDriver' on port 45227.
[2025-03-14T01:45:30.361+0000] {ssh.py:531} WARNING - 25/03/14 01:45:30 INFO SparkEnv: Registering MapOutputTracker
[2025-03-14T01:45:30.470+0000] {ssh.py:531} WARNING - 25/03/14 01:45:30 INFO SparkEnv: Registering BlockManagerMaster
[2025-03-14T01:45:30.522+0000] {ssh.py:531} WARNING - 25/03/14 01:45:30 INFO BlockManagerMasterEndpoint: Using org.apache.spark.storage.DefaultTopologyMapper for getting topology information
[2025-03-14T01:45:30.524+0000] {ssh.py:531} WARNING - 25/03/14 01:45:30 INFO BlockManagerMasterEndpoint: BlockManagerMasterEndpoint up
[2025-03-14T01:45:30.534+0000] {ssh.py:531} WARNING - 25/03/14 01:45:30 INFO SparkEnv: Registering BlockManagerMasterHeartbeat
[2025-03-14T01:45:30.601+0000] {ssh.py:531} WARNING - 25/03/14 01:45:30 INFO DiskBlockManager: Created local directory at /tmp/blockmgr-b6c7b641-431c-41bb-b40a-c6cf5a92e39e
[2025-03-14T01:45:30.665+0000] {ssh.py:531} WARNING - 25/03/14 01:45:30 INFO MemoryStore: MemoryStore started with capacity 434.4 MiB
[2025-03-14T01:45:30.722+0000] {ssh.py:531} WARNING - 25/03/14 01:45:30 INFO SparkEnv: Registering OutputCommitCoordinator
[2025-03-14T01:45:31.171+0000] {ssh.py:531} WARNING - 25/03/14 01:45:31 INFO JettyUtils: Start Jetty 0.0.0.0:4040 for SparkUI
[2025-03-14T01:45:31.334+0000] {ssh.py:531} WARNING - 25/03/14 01:45:31 INFO Utils: Successfully started service 'SparkUI' on port 4040.
[2025-03-14T01:45:31.714+0000] {ssh.py:531} WARNING - 25/03/14 01:45:31 INFO Executor: Starting executor ID driver on host ip-172-31-12-182.ap-northeast-2.compute.internal
[2025-03-14T01:45:31.718+0000] {ssh.py:531} WARNING - 25/03/14 01:45:31 INFO Executor: OS info Linux, 6.8.0-1024-aws, amd64
[2025-03-14T01:45:31.718+0000] {ssh.py:531} WARNING - 25/03/14 01:45:31 INFO Executor: Java version 11.0.26
[2025-03-14T01:45:31.744+0000] {ssh.py:531} WARNING - 25/03/14 01:45:31 INFO Executor: Starting executor with user classpath (userClassPathFirst = false): ''
[2025-03-14T01:45:31.748+0000] {ssh.py:531} WARNING - 25/03/14 01:45:31 INFO Executor: Created or updated repl class loader org.apache.spark.util.MutableURLClassLoader@5f4cefba for default.
[2025-03-14T01:45:31.828+0000] {ssh.py:531} WARNING - 25/03/14 01:45:31 INFO Utils: Successfully started service 'org.apache.spark.network.netty.NettyBlockTransferService' on port 43025.
[2025-03-14T01:45:31.831+0000] {ssh.py:531} WARNING - 25/03/14 01:45:31 INFO NettyBlockTransferService: Server created on 0.0.0.0:43025
[2025-03-14T01:45:31.834+0000] {ssh.py:531} WARNING - 25/03/14 01:45:31 INFO BlockManager: Using org.apache.spark.storage.RandomBlockReplicationPolicy for block replication policy
[2025-03-14T01:45:31.856+0000] {ssh.py:531} WARNING - 25/03/14 01:45:31 INFO BlockManagerMaster: Registering BlockManager BlockManagerId(driver, 0.0.0.0, 43025, None)
[2025-03-14T01:45:31.877+0000] {ssh.py:531} WARNING - 25/03/14 01:45:31 INFO BlockManagerMasterEndpoint: Registering block manager 0.0.0.0:43025 with 434.4 MiB RAM, BlockManagerId(driver, 0.0.0.0, 43025, None)
[2025-03-14T01:45:31.885+0000] {ssh.py:531} WARNING - 25/03/14 01:45:31 INFO BlockManagerMaster: Registered BlockManager BlockManagerId(driver, 0.0.0.0, 43025, None)
[2025-03-14T01:45:31.890+0000] {ssh.py:531} WARNING - 25/03/14 01:45:31 INFO BlockManager: Initialized BlockManager: BlockManagerId(driver, 0.0.0.0, 43025, None)
[2025-03-14T01:45:33.548+0000] {ssh.py:531} WARNING - 25/03/14 01:45:33 INFO SharedState: Setting hive.metastore.warehouse.dir ('null') to the value of spark.sql.warehouse.dir.
[2025-03-14T01:45:33.574+0000] {ssh.py:531} WARNING - 25/03/14 01:45:33 INFO SharedState: Warehouse path is 'file:/home/ubuntu/spark-warehouse'.
[2025-03-14T01:45:36.334+0000] {ssh.py:531} WARNING - 25/03/14 01:45:36 WARN MetricsConfig: Cannot locate configuration: tried hadoop-metrics2-s3a-file-system.properties,hadoop-metrics2.properties
[2025-03-14T01:45:36.377+0000] {ssh.py:531} WARNING - 25/03/14 01:45:36 INFO MetricsSystemImpl: Scheduled Metric snapshot period at 10 second(s).
[2025-03-14T01:45:36.377+0000] {ssh.py:531} WARNING - 25/03/14 01:45:36 INFO MetricsSystemImpl: s3a-file-system metrics system started
[2025-03-14T01:45:39.983+0000] {ssh.py:531} WARNING - 25/03/14 01:45:39 INFO InMemoryFileIndex: It took 265 ms to list leaf files for 1 paths.
[2025-03-14T01:45:40.321+0000] {ssh.py:531} WARNING - 25/03/14 01:45:40 INFO InMemoryFileIndex: It took 70 ms to list leaf files for 1 paths.
[2025-03-14T01:45:47.838+0000] {ssh.py:531} WARNING - 25/03/14 01:45:47 INFO FileSourceStrategy: Pushed Filters: 
[2025-03-14T01:45:47.849+0000] {ssh.py:531} WARNING - 25/03/14 01:45:47 INFO FileSourceStrategy: Post-Scan Filters: (length(trim(value#0, None)) > 0)
[2025-03-14T01:45:49.958+0000] {ssh.py:531} WARNING - 25/03/14 01:45:49 INFO CodeGenerator: Code generated in 584.23304 ms
[2025-03-14T01:45:50.182+0000] {ssh.py:531} WARNING - 25/03/14 01:45:50 INFO MemoryStore: Block broadcast_0 stored as values in memory (estimated size 201.2 KiB, free 434.2 MiB)
[2025-03-14T01:45:50.415+0000] {ssh.py:531} WARNING - 25/03/14 01:45:50 INFO MemoryStore: Block broadcast_0_piece0 stored as bytes in memory (estimated size 34.8 KiB, free 434.2 MiB)
[2025-03-14T01:45:50.421+0000] {ssh.py:531} WARNING - 25/03/14 01:45:50 INFO BlockManagerInfo: Added broadcast_0_piece0 in memory on 0.0.0.0:43025 (size: 34.8 KiB, free: 434.4 MiB)
[2025-03-14T01:45:50.441+0000] {ssh.py:531} WARNING - 25/03/14 01:45:50 INFO SparkContext: Created broadcast 0 from csv at NativeMethodAccessorImpl.java:0
[2025-03-14T01:45:50.471+0000] {ssh.py:531} WARNING - 25/03/14 01:45:50 INFO FileSourceScanExec: Planning scan with bin packing, max size: 4194304 bytes, open cost is considered as scanning 4194304 bytes.
[2025-03-14T01:45:51.012+0000] {ssh.py:531} WARNING - 25/03/14 01:45:50 INFO SparkContext: Starting job: csv at NativeMethodAccessorImpl.java:0
[2025-03-14T01:45:51.092+0000] {ssh.py:531} WARNING - 25/03/14 01:45:50 INFO DAGScheduler: Got job 0 (csv at NativeMethodAccessorImpl.java:0) with 1 output partitions
[2025-03-14T01:45:51.092+0000] {ssh.py:531} WARNING - 25/03/14 01:45:50 INFO DAGScheduler: Final stage: ResultStage 0 (csv at NativeMethodAccessorImpl.java:0)
[2025-03-14T01:45:51.094+0000] {ssh.py:531} WARNING - 25/03/14 01:45:50 INFO DAGScheduler: Parents of final stage: List()
[2025-03-14T01:45:51.104+0000] {ssh.py:531} WARNING - 25/03/14 01:45:50 INFO DAGScheduler: Missing parents: List()
[2025-03-14T01:45:51.124+0000] {ssh.py:531} WARNING - 25/03/14 01:45:50 INFO DAGScheduler: Submitting ResultStage 0 (MapPartitionsRDD[3] at csv at NativeMethodAccessorImpl.java:0), which has no missing parents
[2025-03-14T01:45:51.466+0000] {ssh.py:531} WARNING - 25/03/14 01:45:51 INFO MemoryStore: Block broadcast_1 stored as values in memory (estimated size 13.5 KiB, free 434.2 MiB)
[2025-03-14T01:45:51.486+0000] {ssh.py:531} WARNING - 25/03/14 01:45:51 INFO MemoryStore: Block broadcast_1_piece0 stored as bytes in memory (estimated size 6.4 KiB, free 434.2 MiB)
[2025-03-14T01:45:51.489+0000] {ssh.py:531} WARNING - 25/03/14 01:45:51 INFO BlockManagerInfo: Added broadcast_1_piece0 in memory on 0.0.0.0:43025 (size: 6.4 KiB, free: 434.4 MiB)
[2025-03-14T01:45:51.491+0000] {ssh.py:531} WARNING - 25/03/14 01:45:51 INFO SparkContext: Created broadcast 1 from broadcast at DAGScheduler.scala:1585
[2025-03-14T01:45:51.542+0000] {ssh.py:531} WARNING - 25/03/14 01:45:51 INFO DAGScheduler: Submitting 1 missing tasks from ResultStage 0 (MapPartitionsRDD[3] at csv at NativeMethodAccessorImpl.java:0) (first 15 tasks are for partitions Vector(0))
[2025-03-14T01:45:51.544+0000] {ssh.py:531} WARNING - 25/03/14 01:45:51 INFO TaskSchedulerImpl: Adding task set 0.0 with 1 tasks resource profile 0
[2025-03-14T01:45:51.633+0000] {ssh.py:531} WARNING - 25/03/14 01:45:51 INFO TaskSetManager: Starting task 0.0 in stage 0.0 (TID 0) (ip-172-31-12-182.ap-northeast-2.compute.internal, executor driver, partition 0, PROCESS_LOCAL, 9640 bytes) 
[2025-03-14T01:45:51.674+0000] {ssh.py:531} WARNING - 25/03/14 01:45:51 INFO Executor: Running task 0.0 in stage 0.0 (TID 0)
[2025-03-14T01:45:52.156+0000] {ssh.py:531} WARNING - 25/03/14 01:45:52 INFO CodeGenerator: Code generated in 68.063165 ms
[2025-03-14T01:45:52.173+0000] {ssh.py:531} WARNING - 25/03/14 01:45:52 INFO FileScanRDD: Reading File path: s3a://de5-finalproj-team2/crawl/2025-03-14/crawl_result_processed_20250314.csv, range: 0-1154758, partition values: [empty row]
[2025-03-14T01:45:52.248+0000] {ssh.py:531} WARNING - 25/03/14 01:45:52 INFO CodeGenerator: Code generated in 54.507001 ms
[2025-03-14T01:45:52.535+0000] {ssh.py:531} WARNING - 25/03/14 01:45:52 INFO LineRecordReader: Found UTF-8 BOM and skipped it
[2025-03-14T01:45:52.647+0000] {ssh.py:531} WARNING - 25/03/14 01:45:52 INFO Executor: Finished task 0.0 in stage 0.0 (TID 0). 1713 bytes result sent to driver
[2025-03-14T01:45:52.696+0000] {ssh.py:531} WARNING - 25/03/14 01:45:52 INFO TaskSetManager: Finished task 0.0 in stage 0.0 (TID 0) in 1082 ms on ip-172-31-12-182.ap-northeast-2.compute.internal (executor driver) (1/1)
[2025-03-14T01:45:52.711+0000] {ssh.py:531} WARNING - 25/03/14 01:45:52 INFO TaskSchedulerImpl: Removed TaskSet 0.0, whose tasks have all completed, from pool 
[2025-03-14T01:45:52.740+0000] {ssh.py:531} WARNING - 25/03/14 01:45:52 INFO DAGScheduler: ResultStage 0 (csv at NativeMethodAccessorImpl.java:0) finished in 1.561 s
[2025-03-14T01:45:52.762+0000] {ssh.py:531} WARNING - 25/03/14 01:45:52 INFO DAGScheduler: Job 0 is finished. Cancelling potential speculative or zombie tasks for this job
[2025-03-14T01:45:52.766+0000] {ssh.py:531} WARNING - 25/03/14 01:45:52 INFO TaskSchedulerImpl: Killing all running tasks in stage 0: Stage finished
[2025-03-14T01:45:52.779+0000] {ssh.py:531} WARNING - 25/03/14 01:45:52 INFO DAGScheduler: Job 0 finished: csv at NativeMethodAccessorImpl.java:0, took 1.765610 s
[2025-03-14T01:45:52.915+0000] {ssh.py:531} WARNING - 25/03/14 01:45:52 INFO CodeGenerator: Code generated in 60.968649 ms
[2025-03-14T01:45:53.191+0000] {ssh.py:531} WARNING - 25/03/14 01:45:53 INFO FileSourceStrategy: Pushed Filters: 
[2025-03-14T01:45:53.192+0000] {ssh.py:531} WARNING - 25/03/14 01:45:53 INFO FileSourceStrategy: Post-Scan Filters: 
[2025-03-14T01:45:53.230+0000] {ssh.py:531} WARNING - 25/03/14 01:45:53 INFO MemoryStore: Block broadcast_2 stored as values in memory (estimated size 201.2 KiB, free 434.0 MiB)
[2025-03-14T01:45:53.277+0000] {ssh.py:531} WARNING - 25/03/14 01:45:53 INFO MemoryStore: Block broadcast_2_piece0 stored as bytes in memory (estimated size 34.8 KiB, free 433.9 MiB)
[2025-03-14T01:45:53.278+0000] {ssh.py:531} WARNING - 25/03/14 01:45:53 INFO BlockManagerInfo: Added broadcast_2_piece0 in memory on 0.0.0.0:43025 (size: 34.8 KiB, free: 434.3 MiB)
[2025-03-14T01:45:53.284+0000] {ssh.py:531} WARNING - 25/03/14 01:45:53 INFO SparkContext: Created broadcast 2 from csv at NativeMethodAccessorImpl.java:0
[2025-03-14T01:45:53.285+0000] {ssh.py:531} WARNING - 25/03/14 01:45:53 INFO FileSourceScanExec: Planning scan with bin packing, max size: 4194304 bytes, open cost is considered as scanning 4194304 bytes.
[2025-03-14T01:45:54.457+0000] {ssh.py:531} WARNING - 25/03/14 01:45:54 INFO FileSourceStrategy: Pushed Filters: 
[2025-03-14T01:45:54.457+0000] {ssh.py:531} WARNING - 25/03/14 01:45:54 INFO FileSourceStrategy: Post-Scan Filters: 
[2025-03-14T01:45:54.963+0000] {ssh.py:531} WARNING - 25/03/14 01:45:54 INFO ParquetUtils: Using default output committer for Parquet: org.apache.parquet.hadoop.ParquetOutputCommitter
[2025-03-14T01:45:55.002+0000] {ssh.py:531} WARNING - 25/03/14 01:45:54 INFO BlockManagerInfo: Removed broadcast_0_piece0 on 0.0.0.0:43025 in memory (size: 34.8 KiB, free: 434.4 MiB)
[2025-03-14T01:45:55.044+0000] {ssh.py:531} WARNING - 25/03/14 01:45:54 INFO FileOutputCommitter: File Output Committer Algorithm version is 1
[2025-03-14T01:45:55.050+0000] {ssh.py:531} WARNING - 25/03/14 01:45:54 INFO FileOutputCommitter: FileOutputCommitter skip cleanup _temporary folders under output directory:false, ignore cleanup failures: false
[2025-03-14T01:45:55.061+0000] {ssh.py:531} WARNING - 25/03/14 01:45:54 INFO BlockManagerInfo: Removed broadcast_2_piece0 on 0.0.0.0:43025 in memory (size: 34.8 KiB, free: 434.4 MiB)
[2025-03-14T01:45:55.066+0000] {ssh.py:531} WARNING - 25/03/14 01:45:54 INFO SQLHadoopMapReduceCommitProtocol: Using user defined output committer class org.apache.parquet.hadoop.ParquetOutputCommitter
[2025-03-14T01:45:55.066+0000] {ssh.py:531} WARNING - 25/03/14 01:45:54 INFO FileOutputCommitter: File Output Committer Algorithm version is 1
[2025-03-14T01:45:55.067+0000] {ssh.py:531} WARNING - 25/03/14 01:45:54 INFO FileOutputCommitter: FileOutputCommitter skip cleanup _temporary folders under output directory:false, ignore cleanup failures: false
[2025-03-14T01:45:55.083+0000] {ssh.py:531} WARNING - 25/03/14 01:45:54 INFO SQLHadoopMapReduceCommitProtocol: Using output committer class org.apache.parquet.hadoop.ParquetOutputCommitter
[2025-03-14T01:45:55.099+0000] {ssh.py:531} WARNING - 25/03/14 01:45:54 INFO BlockManagerInfo: Removed broadcast_1_piece0 on 0.0.0.0:43025 in memory (size: 6.4 KiB, free: 434.4 MiB)
[2025-03-14T01:45:55.990+0000] {ssh.py:531} WARNING - 25/03/14 01:45:55 INFO CodeGenerator: Code generated in 199.365389 ms
[2025-03-14T01:45:55.996+0000] {ssh.py:531} WARNING - 25/03/14 01:45:55 INFO MemoryStore: Block broadcast_3 stored as values in memory (estimated size 201.1 KiB, free 434.2 MiB)
[2025-03-14T01:45:56.023+0000] {ssh.py:531} WARNING - 25/03/14 01:45:55 INFO MemoryStore: Block broadcast_3_piece0 stored as bytes in memory (estimated size 34.8 KiB, free 434.2 MiB)
[2025-03-14T01:45:56.023+0000] {ssh.py:531} WARNING - 25/03/14 01:45:55 INFO BlockManagerInfo: Added broadcast_3_piece0 in memory on 0.0.0.0:43025 (size: 34.8 KiB, free: 434.4 MiB)
[2025-03-14T01:45:56.025+0000] {ssh.py:531} WARNING - 25/03/14 01:45:55 INFO SparkContext: Created broadcast 3 from parquet at NativeMethodAccessorImpl.java:0
[2025-03-14T01:45:56.051+0000] {ssh.py:531} WARNING - 25/03/14 01:45:55 INFO FileSourceScanExec: Planning scan with bin packing, max size: 4194304 bytes, open cost is considered as scanning 4194304 bytes.
[2025-03-14T01:45:56.078+0000] {ssh.py:531} WARNING - 25/03/14 01:45:55 INFO SparkContext: Starting job: parquet at NativeMethodAccessorImpl.java:0
[2025-03-14T01:45:56.079+0000] {ssh.py:531} WARNING - 25/03/14 01:45:55 INFO DAGScheduler: Got job 1 (parquet at NativeMethodAccessorImpl.java:0) with 1 output partitions
[2025-03-14T01:45:56.079+0000] {ssh.py:531} WARNING - 25/03/14 01:45:55 INFO DAGScheduler: Final stage: ResultStage 1 (parquet at NativeMethodAccessorImpl.java:0)
[2025-03-14T01:45:56.080+0000] {ssh.py:531} WARNING - 25/03/14 01:45:55 INFO DAGScheduler: Parents of final stage: List()
[2025-03-14T01:45:56.083+0000] {ssh.py:531} WARNING - 25/03/14 01:45:55 INFO DAGScheduler: Missing parents: List()
[2025-03-14T01:45:56.087+0000] {ssh.py:531} WARNING - 25/03/14 01:45:55 INFO DAGScheduler: Submitting ResultStage 1 (MapPartitionsRDD[13] at parquet at NativeMethodAccessorImpl.java:0), which has no missing parents
[2025-03-14T01:45:56.190+0000] {ssh.py:531} WARNING - 25/03/14 01:45:56 INFO MemoryStore: Block broadcast_4 stored as values in memory (estimated size 222.3 KiB, free 434.0 MiB)
[2025-03-14T01:45:56.202+0000] {ssh.py:531} WARNING - 25/03/14 01:45:56 INFO MemoryStore: Block broadcast_4_piece0 stored as bytes in memory (estimated size 80.4 KiB, free 433.9 MiB)
[2025-03-14T01:45:56.205+0000] {ssh.py:531} WARNING - 25/03/14 01:45:56 INFO BlockManagerInfo: Added broadcast_4_piece0 in memory on 0.0.0.0:43025 (size: 80.4 KiB, free: 434.3 MiB)
[2025-03-14T01:45:56.211+0000] {ssh.py:531} WARNING - 25/03/14 01:45:56 INFO SparkContext: Created broadcast 4 from broadcast at DAGScheduler.scala:1585
[2025-03-14T01:45:56.214+0000] {ssh.py:531} WARNING - 25/03/14 01:45:56 INFO DAGScheduler: Submitting 1 missing tasks from ResultStage 1 (MapPartitionsRDD[13] at parquet at NativeMethodAccessorImpl.java:0) (first 15 tasks are for partitions Vector(0))
[2025-03-14T01:45:56.215+0000] {ssh.py:531} WARNING - 25/03/14 01:45:56 INFO TaskSchedulerImpl: Adding task set 1.0 with 1 tasks resource profile 0
[2025-03-14T01:45:56.222+0000] {ssh.py:531} WARNING - 25/03/14 01:45:56 INFO TaskSetManager: Starting task 0.0 in stage 1.0 (TID 1) (ip-172-31-12-182.ap-northeast-2.compute.internal, executor driver, partition 0, PROCESS_LOCAL, 9640 bytes) 
[2025-03-14T01:45:56.223+0000] {ssh.py:531} WARNING - 25/03/14 01:45:56 INFO Executor: Running task 0.0 in stage 1.0 (TID 1)
[2025-03-14T01:45:56.445+0000] {ssh.py:531} WARNING - 25/03/14 01:45:56 INFO CodeGenerator: Code generated in 82.030266 ms
[2025-03-14T01:45:56.460+0000] {ssh.py:531} WARNING - 25/03/14 01:45:56 INFO FileOutputCommitter: File Output Committer Algorithm version is 1
[2025-03-14T01:45:56.464+0000] {ssh.py:531} WARNING - 25/03/14 01:45:56 INFO FileOutputCommitter: FileOutputCommitter skip cleanup _temporary folders under output directory:false, ignore cleanup failures: false
[2025-03-14T01:45:56.465+0000] {ssh.py:531} WARNING - 25/03/14 01:45:56 INFO SQLHadoopMapReduceCommitProtocol: Using user defined output committer class org.apache.parquet.hadoop.ParquetOutputCommitter
[2025-03-14T01:45:56.465+0000] {ssh.py:531} WARNING - 25/03/14 01:45:56 INFO FileOutputCommitter: File Output Committer Algorithm version is 1
[2025-03-14T01:45:56.465+0000] {ssh.py:531} WARNING - 25/03/14 01:45:56 INFO FileOutputCommitter: FileOutputCommitter skip cleanup _temporary folders under output directory:false, ignore cleanup failures: false
[2025-03-14T01:45:56.469+0000] {ssh.py:531} WARNING - 25/03/14 01:45:56 INFO SQLHadoopMapReduceCommitProtocol: Using output committer class org.apache.parquet.hadoop.ParquetOutputCommitter
[2025-03-14T01:45:56.499+0000] {ssh.py:531} WARNING - 25/03/14 01:45:56 INFO CodecConfig: Compression: SNAPPY
[2025-03-14T01:45:56.508+0000] {ssh.py:531} WARNING - 25/03/14 01:45:56 INFO CodecConfig: Compression: SNAPPY
[2025-03-14T01:45:56.561+0000] {ssh.py:531} WARNING - 25/03/14 01:45:56 INFO ParquetOutputFormat: ParquetRecordWriter [block size: 134217728b, row group padding size: 8388608b, validating: false]
[2025-03-14T01:45:56.647+0000] {ssh.py:531} WARNING - 25/03/14 01:45:56 INFO ParquetWriteSupport: Initialized Parquet WriteSupport with Catalyst schema:
[2025-03-14T01:45:56.648+0000] {ssh.py:531} WARNING - {
[2025-03-14T01:45:56.648+0000] {ssh.py:531} WARNING -   "type" : "struct",
[2025-03-14T01:45:56.648+0000] {ssh.py:531} WARNING -   "fields" : [ {
[2025-03-14T01:45:56.648+0000] {ssh.py:531} WARNING -     "name" : "gamer_nickname",
[2025-03-14T01:45:56.649+0000] {ssh.py:531} WARNING -     "type" : "string",
[2025-03-14T01:45:56.649+0000] {ssh.py:531} WARNING -     "nullable" : true,
[2025-03-14T01:45:56.649+0000] {ssh.py:531} WARNING -     "metadata" : { }
[2025-03-14T01:45:56.649+0000] {ssh.py:531} WARNING -   }, {
[2025-03-14T01:45:56.649+0000] {ssh.py:531} WARNING -     "name" : "team_color",
[2025-03-14T01:45:56.649+0000] {ssh.py:531} WARNING -     "type" : "string",
[2025-03-14T01:45:56.649+0000] {ssh.py:531} WARNING -     "nullable" : false,
[2025-03-14T01:45:56.649+0000] {ssh.py:531} WARNING -     "metadata" : { }
[2025-03-14T01:45:56.650+0000] {ssh.py:531} WARNING -   }, {
[2025-03-14T01:45:56.650+0000] {ssh.py:531} WARNING -     "name" : "team_count",
[2025-03-14T01:45:56.650+0000] {ssh.py:531} WARNING -     "type" : "integer",
[2025-03-14T01:45:56.650+0000] {ssh.py:531} WARNING -     "nullable" : true,
[2025-03-14T01:45:56.650+0000] {ssh.py:531} WARNING -     "metadata" : { }
[2025-03-14T01:45:56.650+0000] {ssh.py:531} WARNING -   }, {
[2025-03-14T01:45:56.650+0000] {ssh.py:531} WARNING -     "name" : "created_at",
[2025-03-14T01:45:56.650+0000] {ssh.py:531} WARNING -     "type" : "string",
[2025-03-14T01:45:56.650+0000] {ssh.py:531} WARNING -     "nullable" : false,
[2025-03-14T01:45:56.651+0000] {ssh.py:531} WARNING -     "metadata" : { }
[2025-03-14T01:45:56.651+0000] {ssh.py:531} WARNING -   } ]
[2025-03-14T01:45:56.651+0000] {ssh.py:531} WARNING - }
[2025-03-14T01:45:56.651+0000] {ssh.py:531} WARNING - and corresponding Parquet message type:
[2025-03-14T01:45:56.651+0000] {ssh.py:531} WARNING - message spark_schema {
[2025-03-14T01:45:56.651+0000] {ssh.py:531} WARNING -   optional binary gamer_nickname (STRING);
[2025-03-14T01:45:56.651+0000] {ssh.py:531} WARNING -   required binary team_color (STRING);
[2025-03-14T01:45:56.651+0000] {ssh.py:531} WARNING -   optional int32 team_count;
[2025-03-14T01:45:56.651+0000] {ssh.py:531} WARNING -   required binary created_at (STRING);
[2025-03-14T01:45:56.652+0000] {ssh.py:531} WARNING - }
[2025-03-14T01:45:56.652+0000] {ssh.py:531} WARNING - 
[2025-03-14T01:45:56.652+0000] {ssh.py:531} WARNING -        
[2025-03-14T01:45:57.003+0000] {ssh.py:531} WARNING - 25/03/14 01:45:56 INFO CodecPool: Got brand-new compressor [.snappy]
[2025-03-14T01:45:57.579+0000] {ssh.py:531} WARNING - 25/03/14 01:45:57 INFO FileScanRDD: Reading File path: s3a://de5-finalproj-team2/crawl/2025-03-14/crawl_result_processed_20250314.csv, range: 0-1154758, partition values: [empty row]
[2025-03-14T01:45:57.621+0000] {ssh.py:531} WARNING - 25/03/14 01:45:57 INFO CodeGenerator: Code generated in 29.61925 ms
[2025-03-14T01:45:57.822+0000] {ssh.py:531} WARNING - 25/03/14 01:45:57 INFO LineRecordReader: Found UTF-8 BOM and skipped it
[2025-03-14T01:46:01.618+0000] {ssh.py:531} WARNING - 25/03/14 01:46:01 INFO FileOutputCommitter: Saved output of task 'attempt_202503140145555047177551047690612_0001_m_000000_1' to s3a://de5-finalproj-team2/analytics/team_color_info/2025-03-14/_temporary/0/task_202503140145555047177551047690612_0001_m_000000
[2025-03-14T01:46:01.619+0000] {ssh.py:531} WARNING - 25/03/14 01:46:01 INFO SparkHadoopMapRedUtil: attempt_202503140145555047177551047690612_0001_m_000000_1: Committed. Elapsed time: 1045 ms.
[2025-03-14T01:46:01.695+0000] {ssh.py:531} WARNING - 25/03/14 01:46:01 INFO Executor: Finished task 0.0 in stage 1.0 (TID 1). 2669 bytes result sent to driver
[2025-03-14T01:46:01.703+0000] {ssh.py:531} WARNING - 25/03/14 01:46:01 INFO TaskSetManager: Finished task 0.0 in stage 1.0 (TID 1) in 5484 ms on ip-172-31-12-182.ap-northeast-2.compute.internal (executor driver) (1/1)
[2025-03-14T01:46:01.704+0000] {ssh.py:531} WARNING - 25/03/14 01:46:01 INFO TaskSchedulerImpl: Removed TaskSet 1.0, whose tasks have all completed, from pool 
[2025-03-14T01:46:01.709+0000] {ssh.py:531} WARNING - 25/03/14 01:46:01 INFO DAGScheduler: ResultStage 1 (parquet at NativeMethodAccessorImpl.java:0) finished in 5.621 s
[2025-03-14T01:46:01.710+0000] {ssh.py:531} WARNING - 25/03/14 01:46:01 INFO DAGScheduler: Job 1 is finished. Cancelling potential speculative or zombie tasks for this job
[2025-03-14T01:46:01.711+0000] {ssh.py:531} WARNING - 25/03/14 01:46:01 INFO TaskSchedulerImpl: Killing all running tasks in stage 1: Stage finished
[2025-03-14T01:46:01.713+0000] {ssh.py:531} WARNING - 25/03/14 01:46:01 INFO DAGScheduler: Job 1 finished: parquet at NativeMethodAccessorImpl.java:0, took 5.633559 s
[2025-03-14T01:46:01.717+0000] {ssh.py:531} WARNING - 25/03/14 01:46:01 INFO FileFormatWriter: Start to commit write Job e2ece126-6f1e-4f41-8cb7-40c9079c2ef3.
[2025-03-14T01:46:02.960+0000] {ssh.py:531} WARNING - 25/03/14 01:46:02 INFO FileFormatWriter: Write Job e2ece126-6f1e-4f41-8cb7-40c9079c2ef3 committed. Elapsed time: 1238 ms.
[2025-03-14T01:46:02.964+0000] {ssh.py:531} WARNING - 25/03/14 01:46:02 INFO FileFormatWriter: Finished processing stats for write job e2ece126-6f1e-4f41-8cb7-40c9079c2ef3.
[2025-03-14T01:46:02.974+0000] {ssh.py:526} INFO - Parquet 변환 완료! 저장 경로: s3a://de5-finalproj-team2/analytics/team_color_info/2025-03-14
[2025-03-14T01:46:03.068+0000] {ssh.py:531} WARNING - 25/03/14 01:46:02 INFO SparkContext: Invoking stop() from shutdown hook
[2025-03-14T01:46:03.069+0000] {ssh.py:531} WARNING - 25/03/14 01:46:02 INFO SparkContext: SparkContext is stopping with exitCode 0.
[2025-03-14T01:46:03.085+0000] {ssh.py:531} WARNING - 25/03/14 01:46:02 INFO SparkUI: Stopped Spark web UI at http://0.0.0.0:4040
[2025-03-14T01:46:03.116+0000] {ssh.py:531} WARNING - 25/03/14 01:46:02 INFO MapOutputTrackerMasterEndpoint: MapOutputTrackerMasterEndpoint stopped!
[2025-03-14T01:46:03.132+0000] {ssh.py:531} WARNING - 25/03/14 01:46:02 INFO MemoryStore: MemoryStore cleared
[2025-03-14T01:46:03.132+0000] {ssh.py:531} WARNING - 25/03/14 01:46:02 INFO BlockManager: BlockManager stopped
[2025-03-14T01:46:03.136+0000] {ssh.py:531} WARNING - 25/03/14 01:46:02 INFO BlockManagerMaster: BlockManagerMaster stopped
[2025-03-14T01:46:03.140+0000] {ssh.py:531} WARNING - 25/03/14 01:46:02 INFO OutputCommitCoordinator$OutputCommitCoordinatorEndpoint: OutputCommitCoordinator stopped!
[2025-03-14T01:46:03.168+0000] {ssh.py:531} WARNING - 25/03/14 01:46:03 INFO SparkContext: Successfully stopped SparkContext
[2025-03-14T01:46:03.170+0000] {ssh.py:531} WARNING - 25/03/14 01:46:03 INFO ShutdownHookManager: Shutdown hook called
[2025-03-14T01:46:03.172+0000] {ssh.py:531} WARNING - 25/03/14 01:46:03 INFO ShutdownHookManager: Deleting directory /tmp/spark-7ace3632-f66b-43b1-ab2f-d7c5343472d0/pyspark-803a57c3-4e3a-48d3-84ca-d8bb76aa0bfc
[2025-03-14T01:46:03.175+0000] {ssh.py:531} WARNING - 25/03/14 01:46:03 INFO ShutdownHookManager: Deleting directory /tmp/spark-4a7a33d1-4ae5-42b8-93e8-a1bb5616aa40
[2025-03-14T01:46:03.178+0000] {ssh.py:531} WARNING - 25/03/14 01:46:03 INFO ShutdownHookManager: Deleting directory /tmp/spark-7ace3632-f66b-43b1-ab2f-d7c5343472d0
[2025-03-14T01:46:03.190+0000] {ssh.py:531} WARNING - 25/03/14 01:46:03 INFO MetricsSystemImpl: Stopping s3a-file-system metrics system...
[2025-03-14T01:46:03.191+0000] {ssh.py:531} WARNING - 25/03/14 01:46:03 INFO MetricsSystemImpl: s3a-file-system metrics system stopped.
[2025-03-14T01:46:03.191+0000] {ssh.py:531} WARNING - 25/03/14 01:46:03 INFO MetricsSystemImpl: s3a-file-system metrics system shutdown complete.
[2025-03-14T01:46:03.305+0000] {ssh.py:526} INFO - Spark Job Succeeded!
[2025-03-14T01:46:03.326+0000] {taskinstance.py:441} INFO - ::group::Post task execution logs
[2025-03-14T01:46:03.367+0000] {taskinstance.py:1206} INFO - Marking task as SUCCESS. dag_id=team_color_to_parquet_dag, task_id=submit_spark_via_ssh, run_id=manual__2025-03-14T01:45:14.991728+00:00, execution_date=20250314T014514, start_date=20250314T014518, end_date=20250314T014603
[2025-03-14T01:46:03.403+0000] {local_task_job_runner.py:240} INFO - Task exited with return code 0
[2025-03-14T01:46:03.431+0000] {taskinstance.py:3498} INFO - 1 downstream tasks scheduled from follow-on schedule check
[2025-03-14T01:46:03.433+0000] {local_task_job_runner.py:222} INFO - ::endgroup::
