[2025-03-13T07:07:50.057+0000] {local_task_job_runner.py:120} INFO - ::group::Pre task execution logs
[2025-03-13T07:07:50.100+0000] {taskinstance.py:2076} INFO - Dependencies all met for dep_context=non-requeueable deps ti=<TaskInstance: match_info_spark_processing_dag.submit_spark_via_ssh manual__2025-03-13T07:07:48.890881+00:00 [queued]>
[2025-03-13T07:07:50.115+0000] {taskinstance.py:2076} INFO - Dependencies all met for dep_context=requeueable deps ti=<TaskInstance: match_info_spark_processing_dag.submit_spark_via_ssh manual__2025-03-13T07:07:48.890881+00:00 [queued]>
[2025-03-13T07:07:50.116+0000] {taskinstance.py:2306} INFO - Starting attempt 1 of 2
[2025-03-13T07:07:50.136+0000] {taskinstance.py:2330} INFO - Executing <Task(SSHOperator): submit_spark_via_ssh> on 2025-03-13 07:07:48.890881+00:00
[2025-03-13T07:07:50.146+0000] {standard_task_runner.py:63} INFO - Started process 26100 to run task
[2025-03-13T07:07:50.154+0000] {standard_task_runner.py:90} INFO - Running: ['***', 'tasks', 'run', 'match_info_spark_processing_dag', 'submit_spark_via_ssh', 'manual__2025-03-13T07:07:48.890881+00:00', '--job-id', '128', '--raw', '--subdir', 'DAGS_FOLDER/match_info_spark_process_dag.py', '--cfg-path', '/tmp/tmpz3aq2rea']
[2025-03-13T07:07:50.157+0000] {standard_task_runner.py:91} INFO - Job 128: Subtask submit_spark_via_ssh
[2025-03-13T07:07:50.257+0000] {task_command.py:426} INFO - Running <TaskInstance: match_info_spark_processing_dag.submit_spark_via_ssh manual__2025-03-13T07:07:48.890881+00:00 [running]> on host a0d797a25898
[2025-03-13T07:07:50.455+0000] {taskinstance.py:2648} INFO - Exporting env vars: AIRFLOW_CTX_DAG_OWNER='***' AIRFLOW_CTX_DAG_ID='match_info_spark_processing_dag' AIRFLOW_CTX_TASK_ID='submit_spark_via_ssh' AIRFLOW_CTX_EXECUTION_DATE='2025-03-13T07:07:48.890881+00:00' AIRFLOW_CTX_TRY_NUMBER='1' AIRFLOW_CTX_DAG_RUN_ID='manual__2025-03-13T07:07:48.890881+00:00'
[2025-03-13T07:07:50.456+0000] {taskinstance.py:430} INFO - ::endgroup::
[2025-03-13T07:07:50.479+0000] {ssh.py:151} INFO - Creating ssh_client
[2025-03-13T07:07:50.480+0000] {ssh.py:124} INFO - ssh_hook is not provided or invalid. Trying ssh_conn_id to create SSHHook.
[2025-03-13T07:07:50.502+0000] {base.py:84} INFO - Using connection ID 'spark_ssh_conn' for task execution.
[2025-03-13T07:07:50.504+0000] {ssh.py:301} WARNING - No Host Key Verification. This won't protect against Man-In-The-Middle attacks
[2025-03-13T07:07:50.509+0000] {transport.py:1909} INFO - Connected (version 2.0, client OpenSSH_9.6p1)
[2025-03-13T07:07:50.660+0000] {transport.py:1909} INFO - Authentication (publickey) successful!
[2025-03-13T07:07:50.661+0000] {ssh.py:480} INFO - Running command: 
    set -e  # 명령어 실패 시 즉시 종료
    echo "Starting Spark Job on 2025-03-13"

    echo "Submitting Spark Job... for 2025-03-13 data"
   /spark-3.5.3/bin/spark-submit /home/ubuntu/spark_scripts/match_info_pyspark.py 2025-03-13 > spark_job.log 2>&1
    exit_code=$?

    # 실행 로그 출력 (Airflow에서 확인 가능)
    if [ -f spark_job.log ]; then
        echo "=== Spark Job Log Start ==="
        cat spark_job.log
        echo "=== Spark Job Log End ==="
    else
        echo "Warning: spark_job.log not found!"
    fi

    # Spark 실패 감지
    if [ $exit_code -ne 0 ]; then
        echo "Spark Job Failed! Check logs."
        exit 1
    else
        echo "Spark Job Succeeded!"
    fi
    
[2025-03-13T07:07:51.095+0000] {ssh.py:526} INFO - Starting Spark Job on 2025-03-13
[2025-03-13T07:07:51.095+0000] {ssh.py:526} INFO - Submitting Spark Job... for 2025-03-13 data
[2025-03-13T07:08:13.834+0000] {ssh.py:526} INFO - === Spark Job Log Start ===
[2025-03-13T07:08:13.836+0000] {ssh.py:526} INFO - Processing date: 2025-03-13
[2025-03-13T07:08:13.837+0000] {ssh.py:526} INFO - 25/03/13 07:07:54 INFO SparkContext: Running Spark version 3.5.3
[2025-03-13T07:08:13.837+0000] {ssh.py:526} INFO - 25/03/13 07:07:54 INFO SparkContext: OS info Linux, 6.8.0-1024-aws, amd64
[2025-03-13T07:08:13.838+0000] {ssh.py:526} INFO - 25/03/13 07:07:54 INFO SparkContext: Java version 11.0.26
[2025-03-13T07:08:13.838+0000] {ssh.py:526} INFO - 25/03/13 07:07:54 WARN NativeCodeLoader: Unable to load native-hadoop library for your platform... using builtin-java classes where applicable
[2025-03-13T07:08:13.839+0000] {ssh.py:526} INFO - 25/03/13 07:07:55 INFO ResourceUtils: ==============================================================
[2025-03-13T07:08:13.839+0000] {ssh.py:526} INFO - 25/03/13 07:07:55 INFO ResourceUtils: No custom resources configured for spark.driver.
[2025-03-13T07:08:13.839+0000] {ssh.py:526} INFO - 25/03/13 07:07:55 INFO ResourceUtils: ==============================================================
[2025-03-13T07:08:13.839+0000] {ssh.py:526} INFO - 25/03/13 07:07:55 INFO SparkContext: Submitted application: json to parquet
[2025-03-13T07:08:13.839+0000] {ssh.py:526} INFO - 25/03/13 07:07:55 INFO ResourceProfile: Default ResourceProfile created, executor resources: Map(cores -> name: cores, amount: 1, script: , vendor: , memory -> name: memory, amount: 1024, script: , vendor: , offHeap -> name: offHeap, amount: 0, script: , vendor: ), task resources: Map(cpus -> name: cpus, amount: 1.0)
[2025-03-13T07:08:13.839+0000] {ssh.py:526} INFO - 25/03/13 07:07:55 INFO ResourceProfile: Limiting resource is cpu
[2025-03-13T07:08:13.839+0000] {ssh.py:526} INFO - 25/03/13 07:07:55 INFO ResourceProfileManager: Added ResourceProfile id: 0
[2025-03-13T07:08:13.839+0000] {ssh.py:526} INFO - 25/03/13 07:07:55 INFO SecurityManager: Changing view acls to: ubuntu
[2025-03-13T07:08:13.840+0000] {ssh.py:526} INFO - 25/03/13 07:07:55 INFO SecurityManager: Changing modify acls to: ubuntu
[2025-03-13T07:08:13.840+0000] {ssh.py:526} INFO - 25/03/13 07:07:55 INFO SecurityManager: Changing view acls groups to: 
[2025-03-13T07:08:13.840+0000] {ssh.py:526} INFO - 25/03/13 07:07:55 INFO SecurityManager: Changing modify acls groups to: 
[2025-03-13T07:08:13.840+0000] {ssh.py:526} INFO - 25/03/13 07:07:55 INFO SecurityManager: SecurityManager: authentication disabled; ui acls disabled; users with view permissions: ubuntu; groups with view permissions: EMPTY; users with modify permissions: ubuntu; groups with modify permissions: EMPTY
[2025-03-13T07:08:13.840+0000] {ssh.py:526} INFO - 25/03/13 07:07:55 INFO Utils: Successfully started service 'sparkDriver' on port 46077.
[2025-03-13T07:08:13.840+0000] {ssh.py:526} INFO - 25/03/13 07:07:55 INFO SparkEnv: Registering MapOutputTracker
[2025-03-13T07:08:13.840+0000] {ssh.py:526} INFO - 25/03/13 07:07:55 INFO SparkEnv: Registering BlockManagerMaster
[2025-03-13T07:08:13.840+0000] {ssh.py:526} INFO - 25/03/13 07:07:55 INFO BlockManagerMasterEndpoint: Using org.apache.spark.storage.DefaultTopologyMapper for getting topology information
[2025-03-13T07:08:13.840+0000] {ssh.py:526} INFO - 25/03/13 07:07:55 INFO BlockManagerMasterEndpoint: BlockManagerMasterEndpoint up
[2025-03-13T07:08:13.841+0000] {ssh.py:526} INFO - 25/03/13 07:07:55 INFO SparkEnv: Registering BlockManagerMasterHeartbeat
[2025-03-13T07:08:13.841+0000] {ssh.py:526} INFO - 25/03/13 07:07:55 INFO DiskBlockManager: Created local directory at /tmp/blockmgr-38e23323-8107-411c-8ec3-785e0dac3617
[2025-03-13T07:08:13.841+0000] {ssh.py:526} INFO - 25/03/13 07:07:55 INFO MemoryStore: MemoryStore started with capacity 434.4 MiB
[2025-03-13T07:08:13.841+0000] {ssh.py:526} INFO - 25/03/13 07:07:55 INFO SparkEnv: Registering OutputCommitCoordinator
[2025-03-13T07:08:13.841+0000] {ssh.py:526} INFO - 25/03/13 07:07:56 INFO JettyUtils: Start Jetty 0.0.0.0:4040 for SparkUI
[2025-03-13T07:08:13.841+0000] {ssh.py:526} INFO - 25/03/13 07:07:56 INFO Utils: Successfully started service 'SparkUI' on port 4040.
[2025-03-13T07:08:13.841+0000] {ssh.py:526} INFO - 25/03/13 07:07:56 INFO Executor: Starting executor ID driver on host ip-172-31-12-182.ap-northeast-2.compute.internal
[2025-03-13T07:08:13.842+0000] {ssh.py:526} INFO - 25/03/13 07:07:56 INFO Executor: OS info Linux, 6.8.0-1024-aws, amd64
[2025-03-13T07:08:13.842+0000] {ssh.py:526} INFO - 25/03/13 07:07:56 INFO Executor: Java version 11.0.26
[2025-03-13T07:08:13.842+0000] {ssh.py:526} INFO - 25/03/13 07:07:56 INFO Executor: Starting executor with user classpath (userClassPathFirst = false): ''
[2025-03-13T07:08:13.842+0000] {ssh.py:526} INFO - 25/03/13 07:07:56 INFO Executor: Created or updated repl class loader org.apache.spark.util.MutableURLClassLoader@1b5c72cb for default.
[2025-03-13T07:08:13.842+0000] {ssh.py:526} INFO - 25/03/13 07:07:56 INFO Utils: Successfully started service 'org.apache.spark.network.netty.NettyBlockTransferService' on port 35161.
[2025-03-13T07:08:13.843+0000] {ssh.py:526} INFO - 25/03/13 07:07:56 INFO NettyBlockTransferService: Server created on 0.0.0.0:35161
[2025-03-13T07:08:13.843+0000] {ssh.py:526} INFO - 25/03/13 07:07:56 INFO BlockManager: Using org.apache.spark.storage.RandomBlockReplicationPolicy for block replication policy
[2025-03-13T07:08:13.843+0000] {ssh.py:526} INFO - 25/03/13 07:07:56 INFO BlockManagerMaster: Registering BlockManager BlockManagerId(driver, 0.0.0.0, 35161, None)
[2025-03-13T07:08:13.843+0000] {ssh.py:526} INFO - 25/03/13 07:07:56 INFO BlockManagerMasterEndpoint: Registering block manager 0.0.0.0:35161 with 434.4 MiB RAM, BlockManagerId(driver, 0.0.0.0, 35161, None)
[2025-03-13T07:08:13.843+0000] {ssh.py:526} INFO - 25/03/13 07:07:56 INFO BlockManagerMaster: Registered BlockManager BlockManagerId(driver, 0.0.0.0, 35161, None)
[2025-03-13T07:08:13.843+0000] {ssh.py:526} INFO - 25/03/13 07:07:56 INFO BlockManager: Initialized BlockManager: BlockManagerId(driver, 0.0.0.0, 35161, None)
[2025-03-13T07:08:13.843+0000] {ssh.py:526} INFO - Reading json file from: s3a://de5-finalproj-team2/raw_data/json/match_data/2025-03-13/*.json
[2025-03-13T07:08:13.844+0000] {ssh.py:526} INFO - 25/03/13 07:07:57 INFO SharedState: Setting hive.metastore.warehouse.dir ('null') to the value of spark.sql.warehouse.dir.
[2025-03-13T07:08:13.844+0000] {ssh.py:526} INFO - 25/03/13 07:07:57 INFO SharedState: Warehouse path is 'file:/home/ubuntu/spark-warehouse'.
[2025-03-13T07:08:13.844+0000] {ssh.py:526} INFO - 25/03/13 07:07:58 WARN MetricsConfig: Cannot locate configuration: tried hadoop-metrics2-s3a-file-system.properties,hadoop-metrics2.properties
[2025-03-13T07:08:13.844+0000] {ssh.py:526} INFO - 25/03/13 07:07:58 INFO MetricsSystemImpl: Scheduled Metric snapshot period at 10 second(s).
[2025-03-13T07:08:13.844+0000] {ssh.py:526} INFO - 25/03/13 07:07:58 INFO MetricsSystemImpl: s3a-file-system metrics system started
[2025-03-13T07:08:13.844+0000] {ssh.py:526} INFO - 25/03/13 07:07:59 INFO InMemoryFileIndex: It took 101 ms to list leaf files for 1 paths.
[2025-03-13T07:08:13.844+0000] {ssh.py:526} INFO - 25/03/13 07:07:59 INFO InMemoryFileIndex: It took 41 ms to list leaf files for 1 paths.
[2025-03-13T07:08:13.844+0000] {ssh.py:526} INFO - 25/03/13 07:08:03 INFO FileSourceStrategy: Pushed Filters: 
[2025-03-13T07:08:13.845+0000] {ssh.py:526} INFO - 25/03/13 07:08:03 INFO FileSourceStrategy: Post-Scan Filters: 
[2025-03-13T07:08:13.845+0000] {ssh.py:526} INFO - 25/03/13 07:08:03 INFO MemoryStore: Block broadcast_0 stored as values in memory (estimated size 201.0 KiB, free 434.2 MiB)
[2025-03-13T07:08:13.845+0000] {ssh.py:526} INFO - 25/03/13 07:08:03 INFO MemoryStore: Block broadcast_0_piece0 stored as bytes in memory (estimated size 34.7 KiB, free 434.2 MiB)
[2025-03-13T07:08:13.845+0000] {ssh.py:526} INFO - 25/03/13 07:08:03 INFO BlockManagerInfo: Added broadcast_0_piece0 in memory on 0.0.0.0:35161 (size: 34.7 KiB, free: 434.4 MiB)
[2025-03-13T07:08:13.845+0000] {ssh.py:526} INFO - 25/03/13 07:08:03 INFO SparkContext: Created broadcast 0 from json at NativeMethodAccessorImpl.java:0
[2025-03-13T07:08:13.845+0000] {ssh.py:526} INFO - 25/03/13 07:08:03 INFO FileSourceScanExec: Planning scan with bin packing, max size: 5330110 bytes, open cost is considered as scanning 4194304 bytes.
[2025-03-13T07:08:13.845+0000] {ssh.py:526} INFO - 25/03/13 07:08:03 INFO SparkContext: Starting job: json at NativeMethodAccessorImpl.java:0
[2025-03-13T07:08:13.845+0000] {ssh.py:526} INFO - 25/03/13 07:08:03 INFO DAGScheduler: Got job 0 (json at NativeMethodAccessorImpl.java:0) with 1 output partitions
[2025-03-13T07:08:13.845+0000] {ssh.py:526} INFO - 25/03/13 07:08:03 INFO DAGScheduler: Final stage: ResultStage 0 (json at NativeMethodAccessorImpl.java:0)
[2025-03-13T07:08:13.846+0000] {ssh.py:526} INFO - 25/03/13 07:08:03 INFO DAGScheduler: Parents of final stage: List()
[2025-03-13T07:08:13.846+0000] {ssh.py:526} INFO - 25/03/13 07:08:03 INFO DAGScheduler: Missing parents: List()
[2025-03-13T07:08:13.846+0000] {ssh.py:526} INFO - 25/03/13 07:08:03 INFO DAGScheduler: Submitting ResultStage 0 (MapPartitionsRDD[3] at json at NativeMethodAccessorImpl.java:0), which has no missing parents
[2025-03-13T07:08:13.846+0000] {ssh.py:526} INFO - 25/03/13 07:08:04 INFO MemoryStore: Block broadcast_1 stored as values in memory (estimated size 16.5 KiB, free 434.2 MiB)
[2025-03-13T07:08:13.846+0000] {ssh.py:526} INFO - 25/03/13 07:08:04 INFO MemoryStore: Block broadcast_1_piece0 stored as bytes in memory (estimated size 7.8 KiB, free 434.1 MiB)
[2025-03-13T07:08:13.846+0000] {ssh.py:526} INFO - 25/03/13 07:08:04 INFO BlockManagerInfo: Added broadcast_1_piece0 in memory on 0.0.0.0:35161 (size: 7.8 KiB, free: 434.4 MiB)
[2025-03-13T07:08:13.846+0000] {ssh.py:526} INFO - 25/03/13 07:08:04 INFO SparkContext: Created broadcast 1 from broadcast at DAGScheduler.scala:1585
[2025-03-13T07:08:13.846+0000] {ssh.py:526} INFO - 25/03/13 07:08:04 INFO DAGScheduler: Submitting 1 missing tasks from ResultStage 0 (MapPartitionsRDD[3] at json at NativeMethodAccessorImpl.java:0) (first 15 tasks are for partitions Vector(0))
[2025-03-13T07:08:13.847+0000] {ssh.py:526} INFO - 25/03/13 07:08:04 INFO TaskSchedulerImpl: Adding task set 0.0 with 1 tasks resource profile 0
[2025-03-13T07:08:13.847+0000] {ssh.py:526} INFO - 25/03/13 07:08:04 INFO TaskSetManager: Starting task 0.0 in stage 0.0 (TID 0) (ip-172-31-12-182.ap-northeast-2.compute.internal, executor driver, partition 0, PROCESS_LOCAL, 9636 bytes) 
[2025-03-13T07:08:13.847+0000] {ssh.py:526} INFO - 25/03/13 07:08:04 INFO Executor: Running task 0.0 in stage 0.0 (TID 0)
[2025-03-13T07:08:13.847+0000] {ssh.py:526} INFO - 25/03/13 07:08:04 INFO FileScanRDD: Reading File path: s3a://de5-finalproj-team2/raw_data/json/match_data/2025-03-13/group_0.json, range: 0-1135806, partition values: [empty row]
[2025-03-13T07:08:13.847+0000] {ssh.py:526} INFO - 25/03/13 07:08:04 INFO CodeGenerator: Code generated in 289.244185 ms
[2025-03-13T07:08:13.847+0000] {ssh.py:526} INFO - 25/03/13 07:08:05 INFO Executor: Finished task 0.0 in stage 0.0 (TID 0). 2408 bytes result sent to driver
[2025-03-13T07:08:13.847+0000] {ssh.py:526} INFO - 25/03/13 07:08:05 INFO TaskSetManager: Finished task 0.0 in stage 0.0 (TID 0) in 1077 ms on ip-172-31-12-182.ap-northeast-2.compute.internal (executor driver) (1/1)
[2025-03-13T07:08:13.847+0000] {ssh.py:526} INFO - 25/03/13 07:08:05 INFO TaskSchedulerImpl: Removed TaskSet 0.0, whose tasks have all completed, from pool 
[2025-03-13T07:08:13.848+0000] {ssh.py:526} INFO - 25/03/13 07:08:05 INFO DAGScheduler: ResultStage 0 (json at NativeMethodAccessorImpl.java:0) finished in 1.345 s
[2025-03-13T07:08:13.848+0000] {ssh.py:526} INFO - 25/03/13 07:08:05 INFO DAGScheduler: Job 0 is finished. Cancelling potential speculative or zombie tasks for this job
[2025-03-13T07:08:13.848+0000] {ssh.py:526} INFO - 25/03/13 07:08:05 INFO TaskSchedulerImpl: Killing all running tasks in stage 0: Stage finished
[2025-03-13T07:08:13.848+0000] {ssh.py:526} INFO - 25/03/13 07:08:05 INFO DAGScheduler: Job 0 finished: json at NativeMethodAccessorImpl.java:0, took 1.427896 s
[2025-03-13T07:08:13.848+0000] {ssh.py:526} INFO - Writing trend_analysis parquet
[2025-03-13T07:08:13.848+0000] {ssh.py:526} INFO - 25/03/13 07:08:06 INFO FileSourceStrategy: Pushed Filters: IsNotNull(player_info)
[2025-03-13T07:08:13.848+0000] {ssh.py:526} INFO - 25/03/13 07:08:06 INFO FileSourceStrategy: Post-Scan Filters: (size(player_info#13, true) > 0),isnotnull(player_info#13)
[2025-03-13T07:08:13.848+0000] {ssh.py:526} INFO - 25/03/13 07:08:06 INFO BlockManagerInfo: Removed broadcast_0_piece0 on 0.0.0.0:35161 in memory (size: 34.7 KiB, free: 434.4 MiB)
[2025-03-13T07:08:13.849+0000] {ssh.py:526} INFO - 25/03/13 07:08:06 INFO BlockManagerInfo: Removed broadcast_1_piece0 on 0.0.0.0:35161 in memory (size: 7.8 KiB, free: 434.4 MiB)
[2025-03-13T07:08:13.849+0000] {ssh.py:526} INFO - 25/03/13 07:08:06 INFO ParquetUtils: Using default output committer for Parquet: org.apache.parquet.hadoop.ParquetOutputCommitter
[2025-03-13T07:08:13.849+0000] {ssh.py:526} INFO - 25/03/13 07:08:06 INFO FileOutputCommitter: File Output Committer Algorithm version is 1
[2025-03-13T07:08:13.849+0000] {ssh.py:526} INFO - 25/03/13 07:08:06 INFO FileOutputCommitter: FileOutputCommitter skip cleanup _temporary folders under output directory:false, ignore cleanup failures: false
[2025-03-13T07:08:13.849+0000] {ssh.py:526} INFO - 25/03/13 07:08:06 INFO SQLHadoopMapReduceCommitProtocol: Using user defined output committer class org.apache.parquet.hadoop.ParquetOutputCommitter
[2025-03-13T07:08:13.849+0000] {ssh.py:526} INFO - 25/03/13 07:08:06 INFO FileOutputCommitter: File Output Committer Algorithm version is 1
[2025-03-13T07:08:13.849+0000] {ssh.py:526} INFO - 25/03/13 07:08:06 INFO FileOutputCommitter: FileOutputCommitter skip cleanup _temporary folders under output directory:false, ignore cleanup failures: false
[2025-03-13T07:08:13.849+0000] {ssh.py:526} INFO - 25/03/13 07:08:06 INFO SQLHadoopMapReduceCommitProtocol: Using output committer class org.apache.parquet.hadoop.ParquetOutputCommitter
[2025-03-13T07:08:13.849+0000] {ssh.py:526} INFO - 25/03/13 07:08:07 INFO CodeGenerator: Code generated in 51.533752 ms
[2025-03-13T07:08:13.850+0000] {ssh.py:526} INFO - 25/03/13 07:08:07 INFO MemoryStore: Block broadcast_2 stored as values in memory (estimated size 200.9 KiB, free 434.2 MiB)
[2025-03-13T07:08:13.850+0000] {ssh.py:526} INFO - 25/03/13 07:08:07 INFO MemoryStore: Block broadcast_2_piece0 stored as bytes in memory (estimated size 34.7 KiB, free 434.2 MiB)
[2025-03-13T07:08:13.850+0000] {ssh.py:526} INFO - 25/03/13 07:08:07 INFO BlockManagerInfo: Added broadcast_2_piece0 in memory on 0.0.0.0:35161 (size: 34.7 KiB, free: 434.4 MiB)
[2025-03-13T07:08:13.850+0000] {ssh.py:526} INFO - 25/03/13 07:08:07 INFO SparkContext: Created broadcast 2 from save at NativeMethodAccessorImpl.java:0
[2025-03-13T07:08:13.850+0000] {ssh.py:526} INFO - 25/03/13 07:08:07 INFO FileSourceScanExec: Planning scan with bin packing, max size: 5330110 bytes, open cost is considered as scanning 4194304 bytes.
[2025-03-13T07:08:13.850+0000] {ssh.py:526} INFO - 25/03/13 07:08:07 INFO SparkContext: Starting job: save at NativeMethodAccessorImpl.java:0
[2025-03-13T07:08:13.850+0000] {ssh.py:526} INFO - 25/03/13 07:08:07 INFO DAGScheduler: Got job 1 (save at NativeMethodAccessorImpl.java:0) with 1 output partitions
[2025-03-13T07:08:13.850+0000] {ssh.py:526} INFO - 25/03/13 07:08:07 INFO DAGScheduler: Final stage: ResultStage 1 (save at NativeMethodAccessorImpl.java:0)
[2025-03-13T07:08:13.851+0000] {ssh.py:526} INFO - 25/03/13 07:08:07 INFO DAGScheduler: Parents of final stage: List()
[2025-03-13T07:08:13.851+0000] {ssh.py:526} INFO - 25/03/13 07:08:07 INFO DAGScheduler: Missing parents: List()
[2025-03-13T07:08:13.851+0000] {ssh.py:526} INFO - 25/03/13 07:08:07 INFO DAGScheduler: Submitting ResultStage 1 (MapPartitionsRDD[7] at save at NativeMethodAccessorImpl.java:0), which has no missing parents
[2025-03-13T07:08:13.851+0000] {ssh.py:526} INFO - 25/03/13 07:08:07 INFO MemoryStore: Block broadcast_3 stored as values in memory (estimated size 225.1 KiB, free 434.0 MiB)
[2025-03-13T07:08:13.851+0000] {ssh.py:526} INFO - 25/03/13 07:08:07 INFO MemoryStore: Block broadcast_3_piece0 stored as bytes in memory (estimated size 81.0 KiB, free 433.9 MiB)
[2025-03-13T07:08:13.851+0000] {ssh.py:526} INFO - 25/03/13 07:08:07 INFO BlockManagerInfo: Added broadcast_3_piece0 in memory on 0.0.0.0:35161 (size: 81.0 KiB, free: 434.3 MiB)
[2025-03-13T07:08:13.851+0000] {ssh.py:526} INFO - 25/03/13 07:08:07 INFO SparkContext: Created broadcast 3 from broadcast at DAGScheduler.scala:1585
[2025-03-13T07:08:13.851+0000] {ssh.py:526} INFO - 25/03/13 07:08:07 INFO DAGScheduler: Submitting 1 missing tasks from ResultStage 1 (MapPartitionsRDD[7] at save at NativeMethodAccessorImpl.java:0) (first 15 tasks are for partitions Vector(0))
[2025-03-13T07:08:13.852+0000] {ssh.py:526} INFO - 25/03/13 07:08:07 INFO TaskSchedulerImpl: Adding task set 1.0 with 1 tasks resource profile 0
[2025-03-13T07:08:13.852+0000] {ssh.py:526} INFO - 25/03/13 07:08:07 INFO TaskSetManager: Starting task 0.0 in stage 1.0 (TID 1) (ip-172-31-12-182.ap-northeast-2.compute.internal, executor driver, partition 0, PROCESS_LOCAL, 9636 bytes) 
[2025-03-13T07:08:13.852+0000] {ssh.py:526} INFO - 25/03/13 07:08:07 INFO Executor: Running task 0.0 in stage 1.0 (TID 1)
[2025-03-13T07:08:13.852+0000] {ssh.py:526} INFO - 25/03/13 07:08:07 INFO CodeGenerator: Code generated in 56.526461 ms
[2025-03-13T07:08:13.852+0000] {ssh.py:526} INFO - 25/03/13 07:08:07 INFO FileOutputCommitter: File Output Committer Algorithm version is 1
[2025-03-13T07:08:13.852+0000] {ssh.py:526} INFO - 25/03/13 07:08:07 INFO FileOutputCommitter: FileOutputCommitter skip cleanup _temporary folders under output directory:false, ignore cleanup failures: false
[2025-03-13T07:08:13.852+0000] {ssh.py:526} INFO - 25/03/13 07:08:07 INFO SQLHadoopMapReduceCommitProtocol: Using user defined output committer class org.apache.parquet.hadoop.ParquetOutputCommitter
[2025-03-13T07:08:13.852+0000] {ssh.py:526} INFO - 25/03/13 07:08:07 INFO FileOutputCommitter: File Output Committer Algorithm version is 1
[2025-03-13T07:08:13.852+0000] {ssh.py:526} INFO - 25/03/13 07:08:07 INFO FileOutputCommitter: FileOutputCommitter skip cleanup _temporary folders under output directory:false, ignore cleanup failures: false
[2025-03-13T07:08:13.853+0000] {ssh.py:526} INFO - 25/03/13 07:08:07 INFO SQLHadoopMapReduceCommitProtocol: Using output committer class org.apache.parquet.hadoop.ParquetOutputCommitter
[2025-03-13T07:08:13.853+0000] {ssh.py:526} INFO - 25/03/13 07:08:07 INFO CodecConfig: Compression: SNAPPY
[2025-03-13T07:08:13.853+0000] {ssh.py:526} INFO - 25/03/13 07:08:07 INFO CodecConfig: Compression: SNAPPY
[2025-03-13T07:08:13.853+0000] {ssh.py:526} INFO - 25/03/13 07:08:07 INFO ParquetOutputFormat: ParquetRecordWriter [block size: 134217728b, row group padding size: 8388608b, validating: false]
[2025-03-13T07:08:13.853+0000] {ssh.py:526} INFO - 25/03/13 07:08:07 INFO ParquetWriteSupport: Initialized Parquet WriteSupport with Catalyst schema:
[2025-03-13T07:08:13.853+0000] {ssh.py:526} INFO - {
[2025-03-13T07:08:13.853+0000] {ssh.py:526} INFO -   "type" : "struct",
[2025-03-13T07:08:13.853+0000] {ssh.py:526} INFO -   "fields" : [ {
[2025-03-13T07:08:13.854+0000] {ssh.py:526} INFO -     "name" : "match_id",
[2025-03-13T07:08:13.854+0000] {ssh.py:526} INFO -     "type" : "string",
[2025-03-13T07:08:13.854+0000] {ssh.py:526} INFO -     "nullable" : true,
[2025-03-13T07:08:13.854+0000] {ssh.py:526} INFO -     "metadata" : { }
[2025-03-13T07:08:13.854+0000] {ssh.py:526} INFO -   }, {
[2025-03-13T07:08:13.854+0000] {ssh.py:526} INFO -     "name" : "spid",
[2025-03-13T07:08:13.854+0000] {ssh.py:526} INFO -     "type" : "integer",
[2025-03-13T07:08:13.854+0000] {ssh.py:526} INFO -     "nullable" : true,
[2025-03-13T07:08:13.854+0000] {ssh.py:526} INFO -     "metadata" : { }
[2025-03-13T07:08:13.855+0000] {ssh.py:526} INFO -   }, {
[2025-03-13T07:08:13.855+0000] {ssh.py:526} INFO -     "name" : "season_id",
[2025-03-13T07:08:13.855+0000] {ssh.py:526} INFO -     "type" : "integer",
[2025-03-13T07:08:13.855+0000] {ssh.py:526} INFO -     "nullable" : true,
[2025-03-13T07:08:13.855+0000] {ssh.py:526} INFO -     "metadata" : { }
[2025-03-13T07:08:13.855+0000] {ssh.py:526} INFO -   }, {
[2025-03-13T07:08:13.855+0000] {ssh.py:526} INFO -     "name" : "gamer_nickname",
[2025-03-13T07:08:13.856+0000] {ssh.py:526} INFO -     "type" : "string",
[2025-03-13T07:08:13.856+0000] {ssh.py:526} INFO -     "nullable" : true,
[2025-03-13T07:08:13.856+0000] {ssh.py:526} INFO -     "metadata" : { }
[2025-03-13T07:08:13.856+0000] {ssh.py:526} INFO -   }, {
[2025-03-13T07:08:13.856+0000] {ssh.py:526} INFO -     "name" : "position",
[2025-03-13T07:08:13.856+0000] {ssh.py:526} INFO -     "type" : "integer",
[2025-03-13T07:08:13.856+0000] {ssh.py:526} INFO -     "nullable" : true,
[2025-03-13T07:08:13.856+0000] {ssh.py:526} INFO -     "metadata" : { }
[2025-03-13T07:08:13.857+0000] {ssh.py:526} INFO -   }, {
[2025-03-13T07:08:13.857+0000] {ssh.py:526} INFO -     "name" : "ouid",
[2025-03-13T07:08:13.857+0000] {ssh.py:526} INFO -     "type" : "string",
[2025-03-13T07:08:13.857+0000] {ssh.py:526} INFO -     "nullable" : true,
[2025-03-13T07:08:13.857+0000] {ssh.py:526} INFO -     "metadata" : { }
[2025-03-13T07:08:13.857+0000] {ssh.py:526} INFO -   }, {
[2025-03-13T07:08:13.857+0000] {ssh.py:526} INFO -     "name" : "spgrade",
[2025-03-13T07:08:13.857+0000] {ssh.py:526} INFO -     "type" : "integer",
[2025-03-13T07:08:13.857+0000] {ssh.py:526} INFO -     "nullable" : true,
[2025-03-13T07:08:13.858+0000] {ssh.py:526} INFO -     "metadata" : { }
[2025-03-13T07:08:13.858+0000] {ssh.py:526} INFO -   }, {
[2025-03-13T07:08:13.858+0000] {ssh.py:526} INFO -     "name" : "matchresult",
[2025-03-13T07:08:13.858+0000] {ssh.py:526} INFO -     "type" : "string",
[2025-03-13T07:08:13.858+0000] {ssh.py:526} INFO -     "nullable" : true,
[2025-03-13T07:08:13.858+0000] {ssh.py:526} INFO -     "metadata" : { }
[2025-03-13T07:08:13.858+0000] {ssh.py:526} INFO -   }, {
[2025-03-13T07:08:13.858+0000] {ssh.py:526} INFO -     "name" : "match_date",
[2025-03-13T07:08:13.859+0000] {ssh.py:526} INFO -     "type" : "date",
[2025-03-13T07:08:13.859+0000] {ssh.py:526} INFO -     "nullable" : true,
[2025-03-13T07:08:13.859+0000] {ssh.py:526} INFO -     "metadata" : { }
[2025-03-13T07:08:13.859+0000] {ssh.py:526} INFO -   } ]
[2025-03-13T07:08:13.859+0000] {ssh.py:526} INFO - }
[2025-03-13T07:08:13.859+0000] {ssh.py:526} INFO - and corresponding Parquet message type:
[2025-03-13T07:08:13.859+0000] {ssh.py:526} INFO - message spark_schema {
[2025-03-13T07:08:13.859+0000] {ssh.py:526} INFO -   optional binary match_id (STRING);
[2025-03-13T07:08:13.859+0000] {ssh.py:526} INFO -   optional int32 spid;
[2025-03-13T07:08:13.860+0000] {ssh.py:526} INFO -   optional int32 season_id;
[2025-03-13T07:08:13.860+0000] {ssh.py:526} INFO -   optional binary gamer_nickname (STRING);
[2025-03-13T07:08:13.860+0000] {ssh.py:526} INFO -   optional int32 position;
[2025-03-13T07:08:13.860+0000] {ssh.py:526} INFO -   optional binary ouid (STRING);
[2025-03-13T07:08:13.860+0000] {ssh.py:526} INFO -   optional int32 spgrade;
[2025-03-13T07:08:13.860+0000] {ssh.py:526} INFO -   optional binary matchresult (STRING);
[2025-03-13T07:08:13.860+0000] {ssh.py:526} INFO -   optional int32 match_date (DATE);
[2025-03-13T07:08:13.861+0000] {ssh.py:526} INFO - }
[2025-03-13T07:08:13.861+0000] {ssh.py:526} INFO - 
[2025-03-13T07:08:13.861+0000] {ssh.py:526} INFO -        
[2025-03-13T07:08:13.861+0000] {ssh.py:526} INFO - 25/03/13 07:08:07 INFO CodecPool: Got brand-new compressor [.snappy]
[2025-03-13T07:08:13.861+0000] {ssh.py:526} INFO - 25/03/13 07:08:07 INFO FileScanRDD: Reading File path: s3a://de5-finalproj-team2/raw_data/json/match_data/2025-03-13/group_0.json, range: 0-1135806, partition values: [empty row]
[2025-03-13T07:08:13.862+0000] {ssh.py:526} INFO - 25/03/13 07:08:07 INFO CodeGenerator: Code generated in 39.862758 ms
[2025-03-13T07:08:13.862+0000] {ssh.py:526} INFO - 25/03/13 07:08:07 INFO CodeGenerator: Code generated in 5.598776 ms
[2025-03-13T07:08:13.862+0000] {ssh.py:526} INFO - 25/03/13 07:08:09 INFO FileOutputCommitter: Saved output of task 'attempt_202503130708071708253386896638596_0001_m_000000_1' to s3a://de5-finalproj-team2/trend_analysis/match_data/2025-03-13/_temporary/0/task_202503130708071708253386896638596_0001_m_000000
[2025-03-13T07:08:13.862+0000] {ssh.py:526} INFO - 25/03/13 07:08:09 INFO SparkHadoopMapRedUtil: attempt_202503130708071708253386896638596_0001_m_000000_1: Committed. Elapsed time: 547 ms.
[2025-03-13T07:08:13.862+0000] {ssh.py:526} INFO - 25/03/13 07:08:09 INFO Executor: Finished task 0.0 in stage 1.0 (TID 1). 2725 bytes result sent to driver
[2025-03-13T07:08:13.863+0000] {ssh.py:526} INFO - 25/03/13 07:08:09 INFO TaskSetManager: Finished task 0.0 in stage 1.0 (TID 1) in 2489 ms on ip-172-31-12-182.ap-northeast-2.compute.internal (executor driver) (1/1)
[2025-03-13T07:08:13.863+0000] {ssh.py:526} INFO - 25/03/13 07:08:09 INFO DAGScheduler: ResultStage 1 (save at NativeMethodAccessorImpl.java:0) finished in 2.548 s
[2025-03-13T07:08:13.863+0000] {ssh.py:526} INFO - 25/03/13 07:08:09 INFO DAGScheduler: Job 1 is finished. Cancelling potential speculative or zombie tasks for this job
[2025-03-13T07:08:13.863+0000] {ssh.py:526} INFO - 25/03/13 07:08:09 INFO TaskSchedulerImpl: Removed TaskSet 1.0, whose tasks have all completed, from pool 
[2025-03-13T07:08:13.863+0000] {ssh.py:526} INFO - 25/03/13 07:08:09 INFO TaskSchedulerImpl: Killing all running tasks in stage 1: Stage finished
[2025-03-13T07:08:13.864+0000] {ssh.py:526} INFO - 25/03/13 07:08:09 INFO DAGScheduler: Job 1 finished: save at NativeMethodAccessorImpl.java:0, took 2.557828 s
[2025-03-13T07:08:13.864+0000] {ssh.py:526} INFO - 25/03/13 07:08:09 INFO FileFormatWriter: Start to commit write Job 25fd2795-c350-48cd-a7a5-f3bcf24b935c.
[2025-03-13T07:08:13.864+0000] {ssh.py:526} INFO - 25/03/13 07:08:10 INFO FileFormatWriter: Write Job 25fd2795-c350-48cd-a7a5-f3bcf24b935c committed. Elapsed time: 826 ms.
[2025-03-13T07:08:13.864+0000] {ssh.py:526} INFO - 25/03/13 07:08:10 INFO FileFormatWriter: Finished processing stats for write job 25fd2795-c350-48cd-a7a5-f3bcf24b935c.
[2025-03-13T07:08:13.865+0000] {ssh.py:526} INFO - Writing analytics parquet
[2025-03-13T07:08:13.865+0000] {ssh.py:526} INFO - 25/03/13 07:08:10 INFO FileSourceStrategy: Pushed Filters: IsNotNull(player_info)
[2025-03-13T07:08:13.865+0000] {ssh.py:526} INFO - 25/03/13 07:08:10 INFO FileSourceStrategy: Post-Scan Filters: (size(player_info#13, true) > 0),isnotnull(player_info#13)
[2025-03-13T07:08:13.865+0000] {ssh.py:526} INFO - 25/03/13 07:08:10 INFO ParquetUtils: Using default output committer for Parquet: org.apache.parquet.hadoop.ParquetOutputCommitter
[2025-03-13T07:08:13.865+0000] {ssh.py:526} INFO - 25/03/13 07:08:10 INFO FileOutputCommitter: File Output Committer Algorithm version is 1
[2025-03-13T07:08:13.866+0000] {ssh.py:526} INFO - 25/03/13 07:08:10 INFO FileOutputCommitter: FileOutputCommitter skip cleanup _temporary folders under output directory:false, ignore cleanup failures: false
[2025-03-13T07:08:13.866+0000] {ssh.py:526} INFO - 25/03/13 07:08:10 INFO SQLHadoopMapReduceCommitProtocol: Using user defined output committer class org.apache.parquet.hadoop.ParquetOutputCommitter
[2025-03-13T07:08:13.866+0000] {ssh.py:526} INFO - 25/03/13 07:08:10 INFO FileOutputCommitter: File Output Committer Algorithm version is 1
[2025-03-13T07:08:13.866+0000] {ssh.py:526} INFO - 25/03/13 07:08:10 INFO FileOutputCommitter: FileOutputCommitter skip cleanup _temporary folders under output directory:false, ignore cleanup failures: false
[2025-03-13T07:08:13.867+0000] {ssh.py:526} INFO - 25/03/13 07:08:10 INFO SQLHadoopMapReduceCommitProtocol: Using output committer class org.apache.parquet.hadoop.ParquetOutputCommitter
[2025-03-13T07:08:13.867+0000] {ssh.py:526} INFO - 25/03/13 07:08:11 INFO CodeGenerator: Code generated in 25.964333 ms
[2025-03-13T07:08:13.867+0000] {ssh.py:526} INFO - 25/03/13 07:08:11 INFO MemoryStore: Block broadcast_4 stored as values in memory (estimated size 200.9 KiB, free 433.7 MiB)
[2025-03-13T07:08:13.867+0000] {ssh.py:526} INFO - 25/03/13 07:08:11 INFO MemoryStore: Block broadcast_4_piece0 stored as bytes in memory (estimated size 34.7 KiB, free 433.6 MiB)
[2025-03-13T07:08:13.867+0000] {ssh.py:526} INFO - 25/03/13 07:08:11 INFO BlockManagerInfo: Added broadcast_4_piece0 in memory on 0.0.0.0:35161 (size: 34.7 KiB, free: 434.3 MiB)
[2025-03-13T07:08:13.868+0000] {ssh.py:526} INFO - 25/03/13 07:08:11 INFO SparkContext: Created broadcast 4 from save at NativeMethodAccessorImpl.java:0
[2025-03-13T07:08:13.868+0000] {ssh.py:526} INFO - 25/03/13 07:08:11 INFO FileSourceScanExec: Planning scan with bin packing, max size: 5330110 bytes, open cost is considered as scanning 4194304 bytes.
[2025-03-13T07:08:13.868+0000] {ssh.py:526} INFO - 25/03/13 07:08:11 INFO SparkContext: Starting job: save at NativeMethodAccessorImpl.java:0
[2025-03-13T07:08:13.868+0000] {ssh.py:526} INFO - 25/03/13 07:08:11 INFO DAGScheduler: Got job 2 (save at NativeMethodAccessorImpl.java:0) with 1 output partitions
[2025-03-13T07:08:13.869+0000] {ssh.py:526} INFO - 25/03/13 07:08:11 INFO DAGScheduler: Final stage: ResultStage 2 (save at NativeMethodAccessorImpl.java:0)
[2025-03-13T07:08:13.869+0000] {ssh.py:526} INFO - 25/03/13 07:08:11 INFO DAGScheduler: Parents of final stage: List()
[2025-03-13T07:08:13.869+0000] {ssh.py:526} INFO - 25/03/13 07:08:11 INFO DAGScheduler: Missing parents: List()
[2025-03-13T07:08:13.869+0000] {ssh.py:526} INFO - 25/03/13 07:08:11 INFO DAGScheduler: Submitting ResultStage 2 (MapPartitionsRDD[11] at save at NativeMethodAccessorImpl.java:0), which has no missing parents
[2025-03-13T07:08:13.869+0000] {ssh.py:526} INFO - 25/03/13 07:08:11 INFO MemoryStore: Block broadcast_5 stored as values in memory (estimated size 223.4 KiB, free 433.4 MiB)
[2025-03-13T07:08:13.870+0000] {ssh.py:526} INFO - 25/03/13 07:08:11 INFO MemoryStore: Block broadcast_5_piece0 stored as bytes in memory (estimated size 80.3 KiB, free 433.3 MiB)
[2025-03-13T07:08:13.870+0000] {ssh.py:526} INFO - 25/03/13 07:08:11 INFO BlockManagerInfo: Added broadcast_5_piece0 in memory on 0.0.0.0:35161 (size: 80.3 KiB, free: 434.2 MiB)
[2025-03-13T07:08:13.870+0000] {ssh.py:526} INFO - 25/03/13 07:08:11 INFO SparkContext: Created broadcast 5 from broadcast at DAGScheduler.scala:1585
[2025-03-13T07:08:13.870+0000] {ssh.py:526} INFO - 25/03/13 07:08:11 INFO DAGScheduler: Submitting 1 missing tasks from ResultStage 2 (MapPartitionsRDD[11] at save at NativeMethodAccessorImpl.java:0) (first 15 tasks are for partitions Vector(0))
[2025-03-13T07:08:13.871+0000] {ssh.py:526} INFO - 25/03/13 07:08:11 INFO TaskSchedulerImpl: Adding task set 2.0 with 1 tasks resource profile 0
[2025-03-13T07:08:13.871+0000] {ssh.py:526} INFO - 25/03/13 07:08:11 INFO TaskSetManager: Starting task 0.0 in stage 2.0 (TID 2) (ip-172-31-12-182.ap-northeast-2.compute.internal, executor driver, partition 0, PROCESS_LOCAL, 9636 bytes) 
[2025-03-13T07:08:13.871+0000] {ssh.py:526} INFO - 25/03/13 07:08:11 INFO Executor: Running task 0.0 in stage 2.0 (TID 2)
[2025-03-13T07:08:13.871+0000] {ssh.py:526} INFO - 25/03/13 07:08:11 INFO CodeGenerator: Code generated in 44.405353 ms
[2025-03-13T07:08:13.871+0000] {ssh.py:526} INFO - 25/03/13 07:08:11 INFO FileOutputCommitter: File Output Committer Algorithm version is 1
[2025-03-13T07:08:13.872+0000] {ssh.py:526} INFO - 25/03/13 07:08:11 INFO FileOutputCommitter: FileOutputCommitter skip cleanup _temporary folders under output directory:false, ignore cleanup failures: false
[2025-03-13T07:08:13.872+0000] {ssh.py:526} INFO - 25/03/13 07:08:11 INFO SQLHadoopMapReduceCommitProtocol: Using user defined output committer class org.apache.parquet.hadoop.ParquetOutputCommitter
[2025-03-13T07:08:13.872+0000] {ssh.py:526} INFO - 25/03/13 07:08:11 INFO FileOutputCommitter: File Output Committer Algorithm version is 1
[2025-03-13T07:08:13.872+0000] {ssh.py:526} INFO - 25/03/13 07:08:11 INFO FileOutputCommitter: FileOutputCommitter skip cleanup _temporary folders under output directory:false, ignore cleanup failures: false
[2025-03-13T07:08:13.873+0000] {ssh.py:526} INFO - 25/03/13 07:08:11 INFO SQLHadoopMapReduceCommitProtocol: Using output committer class org.apache.parquet.hadoop.ParquetOutputCommitter
[2025-03-13T07:08:13.873+0000] {ssh.py:526} INFO - 25/03/13 07:08:11 INFO CodecConfig: Compression: SNAPPY
[2025-03-13T07:08:13.873+0000] {ssh.py:526} INFO - 25/03/13 07:08:11 INFO CodecConfig: Compression: SNAPPY
[2025-03-13T07:08:13.873+0000] {ssh.py:526} INFO - 25/03/13 07:08:11 INFO ParquetOutputFormat: ParquetRecordWriter [block size: 134217728b, row group padding size: 8388608b, validating: false]
[2025-03-13T07:08:13.873+0000] {ssh.py:526} INFO - 25/03/13 07:08:11 INFO ParquetWriteSupport: Initialized Parquet WriteSupport with Catalyst schema:
[2025-03-13T07:08:13.874+0000] {ssh.py:526} INFO - {
[2025-03-13T07:08:13.874+0000] {ssh.py:526} INFO -   "type" : "struct",
[2025-03-13T07:08:13.874+0000] {ssh.py:526} INFO -   "fields" : [ {
[2025-03-13T07:08:13.874+0000] {ssh.py:526} INFO -     "name" : "match_id",
[2025-03-13T07:08:13.875+0000] {ssh.py:526} INFO -     "type" : "string",
[2025-03-13T07:08:13.875+0000] {ssh.py:526} INFO -     "nullable" : true,
[2025-03-13T07:08:13.875+0000] {ssh.py:526} INFO -     "metadata" : { }
[2025-03-13T07:08:13.875+0000] {ssh.py:526} INFO -   }, {
[2025-03-13T07:08:13.875+0000] {ssh.py:526} INFO -     "name" : "spid",
[2025-03-13T07:08:13.876+0000] {ssh.py:526} INFO -     "type" : "integer",
[2025-03-13T07:08:13.876+0000] {ssh.py:526} INFO -     "nullable" : true,
[2025-03-13T07:08:13.876+0000] {ssh.py:526} INFO -     "metadata" : { }
[2025-03-13T07:08:13.876+0000] {ssh.py:526} INFO -   }, {
[2025-03-13T07:08:13.877+0000] {ssh.py:526} INFO -     "name" : "season_id",
[2025-03-13T07:08:13.877+0000] {ssh.py:526} INFO -     "type" : "integer",
[2025-03-13T07:08:13.877+0000] {ssh.py:526} INFO -     "nullable" : true,
[2025-03-13T07:08:13.877+0000] {ssh.py:526} INFO -     "metadata" : { }
[2025-03-13T07:08:13.877+0000] {ssh.py:526} INFO -   }, {
[2025-03-13T07:08:13.878+0000] {ssh.py:526} INFO -     "name" : "gamer_nickname",
[2025-03-13T07:08:13.878+0000] {ssh.py:526} INFO -     "type" : "string",
[2025-03-13T07:08:13.878+0000] {ssh.py:526} INFO -     "nullable" : true,
[2025-03-13T07:08:13.878+0000] {ssh.py:526} INFO -     "metadata" : { }
[2025-03-13T07:08:13.879+0000] {ssh.py:526} INFO -   }, {
[2025-03-13T07:08:13.879+0000] {ssh.py:526} INFO -     "name" : "position",
[2025-03-13T07:08:13.879+0000] {ssh.py:526} INFO -     "type" : "integer",
[2025-03-13T07:08:13.879+0000] {ssh.py:526} INFO -     "nullable" : true,
[2025-03-13T07:08:13.879+0000] {ssh.py:526} INFO -     "metadata" : { }
[2025-03-13T07:08:13.880+0000] {ssh.py:526} INFO -   }, {
[2025-03-13T07:08:13.880+0000] {ssh.py:526} INFO -     "name" : "spgrade",
[2025-03-13T07:08:13.880+0000] {ssh.py:526} INFO -     "type" : "integer",
[2025-03-13T07:08:13.880+0000] {ssh.py:526} INFO -     "nullable" : true,
[2025-03-13T07:08:13.880+0000] {ssh.py:526} INFO -     "metadata" : { }
[2025-03-13T07:08:13.881+0000] {ssh.py:526} INFO -   }, {
[2025-03-13T07:08:13.881+0000] {ssh.py:526} INFO -     "name" : "matchresult",
[2025-03-13T07:08:13.881+0000] {ssh.py:526} INFO -     "type" : "string",
[2025-03-13T07:08:13.881+0000] {ssh.py:526} INFO -     "nullable" : true,
[2025-03-13T07:08:13.882+0000] {ssh.py:526} INFO -     "metadata" : { }
[2025-03-13T07:08:13.882+0000] {ssh.py:526} INFO -   } ]
[2025-03-13T07:08:13.882+0000] {ssh.py:526} INFO - }
[2025-03-13T07:08:13.882+0000] {ssh.py:526} INFO - and corresponding Parquet message type:
[2025-03-13T07:08:13.882+0000] {ssh.py:526} INFO - message spark_schema {
[2025-03-13T07:08:13.883+0000] {ssh.py:526} INFO -   optional binary match_id (STRING);
[2025-03-13T07:08:13.883+0000] {ssh.py:526} INFO -   optional int32 spid;
[2025-03-13T07:08:13.883+0000] {ssh.py:526} INFO -   optional int32 season_id;
[2025-03-13T07:08:13.883+0000] {ssh.py:526} INFO -   optional binary gamer_nickname (STRING);
[2025-03-13T07:08:13.883+0000] {ssh.py:526} INFO -   optional int32 position;
[2025-03-13T07:08:13.884+0000] {ssh.py:526} INFO -   optional int32 spgrade;
[2025-03-13T07:08:13.884+0000] {ssh.py:526} INFO -   optional binary matchresult (STRING);
[2025-03-13T07:08:13.884+0000] {ssh.py:526} INFO - }
[2025-03-13T07:08:13.884+0000] {ssh.py:526} INFO - 
[2025-03-13T07:08:13.884+0000] {ssh.py:526} INFO -        
[2025-03-13T07:08:13.885+0000] {ssh.py:526} INFO - 25/03/13 07:08:11 INFO FileScanRDD: Reading File path: s3a://de5-finalproj-team2/raw_data/json/match_data/2025-03-13/group_0.json, range: 0-1135806, partition values: [empty row]
[2025-03-13T07:08:13.885+0000] {ssh.py:526} INFO - 25/03/13 07:08:11 INFO CodeGenerator: Code generated in 28.086825 ms
[2025-03-13T07:08:13.885+0000] {ssh.py:526} INFO - 25/03/13 07:08:11 INFO CodeGenerator: Code generated in 8.856352 ms
[2025-03-13T07:08:13.885+0000] {ssh.py:526} INFO - 25/03/13 07:08:11 INFO BlockManagerInfo: Removed broadcast_3_piece0 on 0.0.0.0:35161 in memory (size: 81.0 KiB, free: 434.3 MiB)
[2025-03-13T07:08:13.886+0000] {ssh.py:526} INFO - 25/03/13 07:08:12 INFO FileOutputCommitter: Saved output of task 'attempt_202503130708118369850119322157160_0002_m_000000_2' to s3a://de5-finalproj-team2/analytics/match_data/2025-03-13/_temporary/0/task_202503130708118369850119322157160_0002_m_000000
[2025-03-13T07:08:13.886+0000] {ssh.py:526} INFO - 25/03/13 07:08:12 INFO SparkHadoopMapRedUtil: attempt_202503130708118369850119322157160_0002_m_000000_2: Committed. Elapsed time: 477 ms.
[2025-03-13T07:08:13.886+0000] {ssh.py:526} INFO - 25/03/13 07:08:12 INFO Executor: Finished task 0.0 in stage 2.0 (TID 2). 2682 bytes result sent to driver
[2025-03-13T07:08:13.886+0000] {ssh.py:526} INFO - 25/03/13 07:08:12 INFO TaskSetManager: Finished task 0.0 in stage 2.0 (TID 2) in 1268 ms on ip-172-31-12-182.ap-northeast-2.compute.internal (executor driver) (1/1)
[2025-03-13T07:08:13.887+0000] {ssh.py:526} INFO - 25/03/13 07:08:12 INFO TaskSchedulerImpl: Removed TaskSet 2.0, whose tasks have all completed, from pool 
[2025-03-13T07:08:13.887+0000] {ssh.py:526} INFO - 25/03/13 07:08:12 INFO DAGScheduler: ResultStage 2 (save at NativeMethodAccessorImpl.java:0) finished in 1.337 s
[2025-03-13T07:08:13.887+0000] {ssh.py:526} INFO - 25/03/13 07:08:12 INFO DAGScheduler: Job 2 is finished. Cancelling potential speculative or zombie tasks for this job
[2025-03-13T07:08:13.887+0000] {ssh.py:526} INFO - 25/03/13 07:08:12 INFO TaskSchedulerImpl: Killing all running tasks in stage 2: Stage finished
[2025-03-13T07:08:13.887+0000] {ssh.py:526} INFO - 25/03/13 07:08:12 INFO DAGScheduler: Job 2 finished: save at NativeMethodAccessorImpl.java:0, took 1.347261 s
[2025-03-13T07:08:13.888+0000] {ssh.py:526} INFO - 25/03/13 07:08:12 INFO FileFormatWriter: Start to commit write Job 7ace737d-d7e8-4357-86a4-abb3b9f5e821.
[2025-03-13T07:08:13.888+0000] {ssh.py:526} INFO - 25/03/13 07:08:13 INFO FileFormatWriter: Write Job 7ace737d-d7e8-4357-86a4-abb3b9f5e821 committed. Elapsed time: 703 ms.
[2025-03-13T07:08:13.888+0000] {ssh.py:526} INFO - 25/03/13 07:08:13 INFO FileFormatWriter: Finished processing stats for write job 7ace737d-d7e8-4357-86a4-abb3b9f5e821.
[2025-03-13T07:08:13.888+0000] {ssh.py:526} INFO - 25/03/13 07:08:13 INFO SparkContext: SparkContext is stopping with exitCode 0.
[2025-03-13T07:08:13.888+0000] {ssh.py:526} INFO - 25/03/13 07:08:13 INFO SparkUI: Stopped Spark web UI at http://0.0.0.0:4040
[2025-03-13T07:08:13.889+0000] {ssh.py:526} INFO - 25/03/13 07:08:13 INFO MapOutputTrackerMasterEndpoint: MapOutputTrackerMasterEndpoint stopped!
[2025-03-13T07:08:13.889+0000] {ssh.py:526} INFO - 25/03/13 07:08:13 INFO MemoryStore: MemoryStore cleared
[2025-03-13T07:08:13.889+0000] {ssh.py:526} INFO - 25/03/13 07:08:13 INFO BlockManager: BlockManager stopped
[2025-03-13T07:08:13.889+0000] {ssh.py:526} INFO - 25/03/13 07:08:13 INFO BlockManagerMaster: BlockManagerMaster stopped
[2025-03-13T07:08:13.890+0000] {ssh.py:526} INFO - 25/03/13 07:08:13 INFO OutputCommitCoordinator$OutputCommitCoordinatorEndpoint: OutputCommitCoordinator stopped!
[2025-03-13T07:08:13.890+0000] {ssh.py:526} INFO - 25/03/13 07:08:13 INFO SparkContext: Successfully stopped SparkContext
[2025-03-13T07:08:13.890+0000] {ssh.py:526} INFO - 25/03/13 07:08:13 INFO ShutdownHookManager: Shutdown hook called
[2025-03-13T07:08:13.890+0000] {ssh.py:526} INFO - 25/03/13 07:08:13 INFO ShutdownHookManager: Deleting directory /tmp/spark-0ccce700-88db-4919-bc64-1a18416ea0b4
[2025-03-13T07:08:13.890+0000] {ssh.py:526} INFO - 25/03/13 07:08:13 INFO ShutdownHookManager: Deleting directory /tmp/spark-f001d6cb-f64c-482d-b258-bb4282334a48/pyspark-b81fa8a7-5a8d-4a2f-afe9-630cbfb14217
[2025-03-13T07:08:13.891+0000] {ssh.py:526} INFO - 25/03/13 07:08:13 INFO ShutdownHookManager: Deleting directory /tmp/spark-f001d6cb-f64c-482d-b258-bb4282334a48
[2025-03-13T07:08:13.891+0000] {ssh.py:526} INFO - 25/03/13 07:08:13 INFO MetricsSystemImpl: Stopping s3a-file-system metrics system...
[2025-03-13T07:08:13.891+0000] {ssh.py:526} INFO - 25/03/13 07:08:13 INFO MetricsSystemImpl: s3a-file-system metrics system stopped.
[2025-03-13T07:08:13.891+0000] {ssh.py:526} INFO - 25/03/13 07:08:13 INFO MetricsSystemImpl: s3a-file-system metrics system shutdown complete.
[2025-03-13T07:08:13.892+0000] {ssh.py:526} INFO - === Spark Job Log End ===
[2025-03-13T07:08:13.892+0000] {ssh.py:526} INFO - Spark Job Succeeded!
[2025-03-13T07:08:13.916+0000] {taskinstance.py:441} INFO - ::group::Post task execution logs
[2025-03-13T07:08:13.950+0000] {taskinstance.py:1206} INFO - Marking task as SUCCESS. dag_id=match_info_spark_processing_dag, task_id=submit_spark_via_ssh, run_id=manual__2025-03-13T07:07:48.890881+00:00, execution_date=20250313T070748, start_date=20250313T070750, end_date=20250313T070813
[2025-03-13T07:08:13.970+0000] {local_task_job_runner.py:240} INFO - Task exited with return code 0
[2025-03-13T07:08:13.994+0000] {taskinstance.py:3498} INFO - 0 downstream tasks scheduled from follow-on schedule check
[2025-03-13T07:08:13.996+0000] {local_task_job_runner.py:222} INFO - ::endgroup::
