[2025-03-13T02:51:25.620+0000] {local_task_job_runner.py:120} INFO - ::group::Pre task execution logs
[2025-03-13T02:51:25.643+0000] {taskinstance.py:2076} INFO - Dependencies all met for dep_context=non-requeueable deps ti=<TaskInstance: team_color_to_parquet_dag.submit_spark_via_ssh scheduled__2025-03-12T01:40:00+00:00 [queued]>
[2025-03-13T02:51:25.652+0000] {taskinstance.py:2076} INFO - Dependencies all met for dep_context=requeueable deps ti=<TaskInstance: team_color_to_parquet_dag.submit_spark_via_ssh scheduled__2025-03-12T01:40:00+00:00 [queued]>
[2025-03-13T02:51:25.652+0000] {taskinstance.py:2306} INFO - Starting attempt 1 of 2
[2025-03-13T02:51:25.666+0000] {taskinstance.py:2330} INFO - Executing <Task(SSHOperator): submit_spark_via_ssh> on 2025-03-12 01:40:00+00:00
[2025-03-13T02:51:25.672+0000] {standard_task_runner.py:63} INFO - Started process 10425 to run task
[2025-03-13T02:51:25.676+0000] {standard_task_runner.py:90} INFO - Running: ['***', 'tasks', 'run', 'team_color_to_parquet_dag', 'submit_spark_via_ssh', 'scheduled__2025-03-12T01:40:00+00:00', '--job-id', '116', '--raw', '--subdir', 'DAGS_FOLDER/team_color_to_parquet_dag.py', '--cfg-path', '/tmp/tmpakir86s3']
[2025-03-13T02:51:25.678+0000] {standard_task_runner.py:91} INFO - Job 116: Subtask submit_spark_via_ssh
[2025-03-13T02:51:25.744+0000] {task_command.py:426} INFO - Running <TaskInstance: team_color_to_parquet_dag.submit_spark_via_ssh scheduled__2025-03-12T01:40:00+00:00 [running]> on host a0d797a25898
[2025-03-13T02:51:25.861+0000] {taskinstance.py:2648} INFO - Exporting env vars: AIRFLOW_CTX_DAG_OWNER='***' AIRFLOW_CTX_DAG_ID='team_color_to_parquet_dag' AIRFLOW_CTX_TASK_ID='submit_spark_via_ssh' AIRFLOW_CTX_EXECUTION_DATE='2025-03-12T01:40:00+00:00' AIRFLOW_CTX_TRY_NUMBER='1' AIRFLOW_CTX_DAG_RUN_ID='scheduled__2025-03-12T01:40:00+00:00'
[2025-03-13T02:51:25.862+0000] {taskinstance.py:430} INFO - ::endgroup::
[2025-03-13T02:51:25.878+0000] {ssh.py:151} INFO - Creating ssh_client
[2025-03-13T02:51:25.878+0000] {ssh.py:124} INFO - ssh_hook is not provided or invalid. Trying ssh_conn_id to create SSHHook.
[2025-03-13T02:51:25.892+0000] {base.py:84} INFO - Using connection ID 'spark_ssh_conn' for task execution.
[2025-03-13T02:51:25.893+0000] {ssh.py:301} WARNING - No Host Key Verification. This won't protect against Man-In-The-Middle attacks
[2025-03-13T02:51:25.898+0000] {transport.py:1909} INFO - Connected (version 2.0, client OpenSSH_9.6p1)
[2025-03-13T02:51:25.960+0000] {transport.py:1909} INFO - Authentication (publickey) successful!
[2025-03-13T02:51:25.961+0000] {ssh.py:480} INFO - Running command: 
    set -e
    echo "Starting Spark Job on 2025-03-13"
    /spark-3.5.3/bin/spark-submit /home/ubuntu/spark_scripts/team_color_to_parquet.py 2025-03-13
    exit_code=$?

    if [ $exit_code -ne 0 ]; then
        echo "Spark Job Failed! Check logs."
        exit 1
    else
        echo "Spark Job Succeeded!"
    fi
    
[2025-03-13T02:51:26.403+0000] {ssh.py:526} INFO - Starting Spark Job on 2025-03-13
[2025-03-13T02:51:29.850+0000] {ssh.py:531} WARNING - 25/03/13 02:51:29 INFO SparkContext: Running Spark version 3.5.3
[2025-03-13T02:51:29.852+0000] {ssh.py:531} WARNING - 25/03/13 02:51:29 INFO SparkContext: OS info Linux, 6.8.0-1024-aws, amd64
[2025-03-13T02:51:29.852+0000] {ssh.py:531} WARNING - 25/03/13 02:51:29 INFO SparkContext: Java version 11.0.26
[2025-03-13T02:51:29.965+0000] {ssh.py:531} WARNING - 25/03/13 02:51:29 WARN NativeCodeLoader: Unable to load native-hadoop library for your platform... using builtin-java classes where applicable
[2025-03-13T02:51:30.138+0000] {ssh.py:531} WARNING - 25/03/13 02:51:30 INFO ResourceUtils: ==============================================================
[2025-03-13T02:51:30.139+0000] {ssh.py:531} WARNING - 25/03/13 02:51:30 INFO ResourceUtils: No custom resources configured for spark.driver.
[2025-03-13T02:51:30.139+0000] {ssh.py:531} WARNING - 25/03/13 02:51:30 INFO ResourceUtils: ==============================================================
[2025-03-13T02:51:30.140+0000] {ssh.py:531} WARNING - 25/03/13 02:51:30 INFO SparkContext: Submitted application: Extract_Team_Color_Info
[2025-03-13T02:51:30.170+0000] {ssh.py:531} WARNING - 25/03/13 02:51:30 INFO ResourceProfile: Default ResourceProfile created, executor resources: Map(cores -> name: cores, amount: 1, script: , vendor: , memory -> name: memory, amount: 1024, script: , vendor: , offHeap -> name: offHeap, amount: 0, script: , vendor: ), task resources: Map(cpus -> name: cpus, amount: 1.0)
[2025-03-13T02:51:30.195+0000] {ssh.py:531} WARNING - 25/03/13 02:51:30 INFO ResourceProfile: Limiting resource is cpus at 1 tasks per executor
[2025-03-13T02:51:30.197+0000] {ssh.py:531} WARNING - 25/03/13 02:51:30 INFO ResourceProfileManager: Added ResourceProfile id: 0
[2025-03-13T02:51:30.274+0000] {ssh.py:531} WARNING - 25/03/13 02:51:30 INFO SecurityManager: Changing view acls to: ubuntu
[2025-03-13T02:51:30.275+0000] {ssh.py:531} WARNING - 25/03/13 02:51:30 INFO SecurityManager: Changing modify acls to: ubuntu
[2025-03-13T02:51:30.275+0000] {ssh.py:531} WARNING - 25/03/13 02:51:30 INFO SecurityManager: Changing view acls groups to: 
[2025-03-13T02:51:30.276+0000] {ssh.py:531} WARNING - 25/03/13 02:51:30 INFO SecurityManager: Changing modify acls groups to: 
[2025-03-13T02:51:30.276+0000] {ssh.py:531} WARNING - 25/03/13 02:51:30 INFO SecurityManager: SecurityManager: authentication disabled; ui acls disabled; users with view permissions: ubuntu; groups with view permissions: EMPTY; users with modify permissions: ubuntu; groups with modify permissions: EMPTY
[2025-03-13T02:51:30.677+0000] {ssh.py:531} WARNING - 25/03/13 02:51:30 INFO Utils: Successfully started service 'sparkDriver' on port 33361.
[2025-03-13T02:51:30.726+0000] {ssh.py:531} WARNING - 25/03/13 02:51:30 INFO SparkEnv: Registering MapOutputTracker
[2025-03-13T02:51:30.781+0000] {ssh.py:531} WARNING - 25/03/13 02:51:30 INFO SparkEnv: Registering BlockManagerMaster
[2025-03-13T02:51:30.814+0000] {ssh.py:531} WARNING - 25/03/13 02:51:30 INFO BlockManagerMasterEndpoint: Using org.apache.spark.storage.DefaultTopologyMapper for getting topology information
[2025-03-13T02:51:30.815+0000] {ssh.py:531} WARNING - 25/03/13 02:51:30 INFO BlockManagerMasterEndpoint: BlockManagerMasterEndpoint up
[2025-03-13T02:51:30.821+0000] {ssh.py:531} WARNING - 25/03/13 02:51:30 INFO SparkEnv: Registering BlockManagerMasterHeartbeat
[2025-03-13T02:51:30.862+0000] {ssh.py:531} WARNING - 25/03/13 02:51:30 INFO DiskBlockManager: Created local directory at /tmp/blockmgr-ce580543-49ea-40d1-b0a7-b90eec7b84b0
[2025-03-13T02:51:30.883+0000] {ssh.py:531} WARNING - 25/03/13 02:51:30 INFO MemoryStore: MemoryStore started with capacity 434.4 MiB
[2025-03-13T02:51:30.912+0000] {ssh.py:531} WARNING - 25/03/13 02:51:30 INFO SparkEnv: Registering OutputCommitCoordinator
[2025-03-13T02:51:31.147+0000] {ssh.py:531} WARNING - 25/03/13 02:51:31 INFO JettyUtils: Start Jetty 0.0.0.0:4040 for SparkUI
[2025-03-13T02:51:31.229+0000] {ssh.py:531} WARNING - 25/03/13 02:51:31 INFO Utils: Successfully started service 'SparkUI' on port 4040.
[2025-03-13T02:51:31.400+0000] {ssh.py:531} WARNING - 25/03/13 02:51:31 INFO Executor: Starting executor ID driver on host ip-172-31-12-182.ap-northeast-2.compute.internal
[2025-03-13T02:51:31.401+0000] {ssh.py:531} WARNING - 25/03/13 02:51:31 INFO Executor: OS info Linux, 6.8.0-1024-aws, amd64
[2025-03-13T02:51:31.401+0000] {ssh.py:531} WARNING - 25/03/13 02:51:31 INFO Executor: Java version 11.0.26
[2025-03-13T02:51:31.414+0000] {ssh.py:531} WARNING - 25/03/13 02:51:31 INFO Executor: Starting executor with user classpath (userClassPathFirst = false): ''
[2025-03-13T02:51:31.414+0000] {ssh.py:531} WARNING - 25/03/13 02:51:31 INFO Executor: Created or updated repl class loader org.apache.spark.util.MutableURLClassLoader@2b0d3c00 for default.
[2025-03-13T02:51:31.448+0000] {ssh.py:531} WARNING - 25/03/13 02:51:31 INFO Utils: Successfully started service 'org.apache.spark.network.netty.NettyBlockTransferService' on port 45369.
[2025-03-13T02:51:31.448+0000] {ssh.py:531} WARNING - 25/03/13 02:51:31 INFO NettyBlockTransferService: Server created on 0.0.0.0:45369
[2025-03-13T02:51:31.451+0000] {ssh.py:531} WARNING - 25/03/13 02:51:31 INFO BlockManager: Using org.apache.spark.storage.RandomBlockReplicationPolicy for block replication policy
[2025-03-13T02:51:31.460+0000] {ssh.py:531} WARNING - 25/03/13 02:51:31 INFO BlockManagerMaster: Registering BlockManager BlockManagerId(driver, 0.0.0.0, 45369, None)
[2025-03-13T02:51:31.470+0000] {ssh.py:531} WARNING - 25/03/13 02:51:31 INFO BlockManagerMasterEndpoint: Registering block manager 0.0.0.0:45369 with 434.4 MiB RAM, BlockManagerId(driver, 0.0.0.0, 45369, None)
[2025-03-13T02:51:31.473+0000] {ssh.py:531} WARNING - 25/03/13 02:51:31 INFO BlockManagerMaster: Registered BlockManager BlockManagerId(driver, 0.0.0.0, 45369, None)
[2025-03-13T02:51:31.475+0000] {ssh.py:531} WARNING - 25/03/13 02:51:31 INFO BlockManager: Initialized BlockManager: BlockManagerId(driver, 0.0.0.0, 45369, None)
[2025-03-13T02:51:32.251+0000] {ssh.py:531} WARNING - 25/03/13 02:51:32 INFO SharedState: Setting hive.metastore.warehouse.dir ('null') to the value of spark.sql.warehouse.dir.
[2025-03-13T02:51:32.264+0000] {ssh.py:531} WARNING - 25/03/13 02:51:32 INFO SharedState: Warehouse path is 'file:/home/ubuntu/spark-warehouse'.
[2025-03-13T02:51:33.613+0000] {ssh.py:531} WARNING - 25/03/13 02:51:33 WARN MetricsConfig: Cannot locate configuration: tried hadoop-metrics2-s3a-file-system.properties,hadoop-metrics2.properties
[2025-03-13T02:51:33.645+0000] {ssh.py:531} WARNING - 25/03/13 02:51:33 INFO MetricsSystemImpl: Scheduled Metric snapshot period at 10 second(s).
[2025-03-13T02:51:33.645+0000] {ssh.py:531} WARNING - 25/03/13 02:51:33 INFO MetricsSystemImpl: s3a-file-system metrics system started
[2025-03-13T02:51:35.132+0000] {ssh.py:531} WARNING - 25/03/13 02:51:35 INFO InMemoryFileIndex: It took 98 ms to list leaf files for 1 paths.
[2025-03-13T02:51:35.263+0000] {ssh.py:531} WARNING - 25/03/13 02:51:35 INFO InMemoryFileIndex: It took 40 ms to list leaf files for 1 paths.
[2025-03-13T02:51:37.878+0000] {ssh.py:531} WARNING - 25/03/13 02:51:37 INFO FileSourceStrategy: Pushed Filters: 
[2025-03-13T02:51:37.881+0000] {ssh.py:531} WARNING - 25/03/13 02:51:37 INFO FileSourceStrategy: Post-Scan Filters: (length(trim(value#0, None)) > 0)
[2025-03-13T02:51:38.706+0000] {ssh.py:531} WARNING - 25/03/13 02:51:38 INFO CodeGenerator: Code generated in 326.602602 ms
[2025-03-13T02:51:38.814+0000] {ssh.py:531} WARNING - 25/03/13 02:51:38 INFO MemoryStore: Block broadcast_0 stored as values in memory (estimated size 201.2 KiB, free 434.2 MiB)
[2025-03-13T02:51:38.906+0000] {ssh.py:531} WARNING - 25/03/13 02:51:38 INFO MemoryStore: Block broadcast_0_piece0 stored as bytes in memory (estimated size 34.8 KiB, free 434.2 MiB)
[2025-03-13T02:51:38.909+0000] {ssh.py:531} WARNING - 25/03/13 02:51:38 INFO BlockManagerInfo: Added broadcast_0_piece0 in memory on 0.0.0.0:45369 (size: 34.8 KiB, free: 434.4 MiB)
[2025-03-13T02:51:38.915+0000] {ssh.py:531} WARNING - 25/03/13 02:51:38 INFO SparkContext: Created broadcast 0 from csv at NativeMethodAccessorImpl.java:0
[2025-03-13T02:51:38.931+0000] {ssh.py:531} WARNING - 25/03/13 02:51:38 INFO FileSourceScanExec: Planning scan with bin packing, max size: 4194304 bytes, open cost is considered as scanning 4194304 bytes.
[2025-03-13T02:51:39.147+0000] {ssh.py:531} WARNING - 25/03/13 02:51:39 INFO SparkContext: Starting job: csv at NativeMethodAccessorImpl.java:0
[2025-03-13T02:51:39.191+0000] {ssh.py:531} WARNING - 25/03/13 02:51:39 INFO DAGScheduler: Got job 0 (csv at NativeMethodAccessorImpl.java:0) with 1 output partitions
[2025-03-13T02:51:39.192+0000] {ssh.py:531} WARNING - 25/03/13 02:51:39 INFO DAGScheduler: Final stage: ResultStage 0 (csv at NativeMethodAccessorImpl.java:0)
[2025-03-13T02:51:39.192+0000] {ssh.py:531} WARNING - 25/03/13 02:51:39 INFO DAGScheduler: Parents of final stage: List()
[2025-03-13T02:51:39.195+0000] {ssh.py:531} WARNING - 25/03/13 02:51:39 INFO DAGScheduler: Missing parents: List()
[2025-03-13T02:51:39.203+0000] {ssh.py:531} WARNING - 25/03/13 02:51:39 INFO DAGScheduler: Submitting ResultStage 0 (MapPartitionsRDD[3] at csv at NativeMethodAccessorImpl.java:0), which has no missing parents
[2025-03-13T02:51:39.400+0000] {ssh.py:531} WARNING - 25/03/13 02:51:39 INFO MemoryStore: Block broadcast_1 stored as values in memory (estimated size 13.5 KiB, free 434.2 MiB)
[2025-03-13T02:51:39.402+0000] {ssh.py:531} WARNING - 25/03/13 02:51:39 INFO MemoryStore: Block broadcast_1_piece0 stored as bytes in memory (estimated size 6.4 KiB, free 434.2 MiB)
[2025-03-13T02:51:39.403+0000] {ssh.py:531} WARNING - 25/03/13 02:51:39 INFO BlockManagerInfo: Added broadcast_1_piece0 in memory on 0.0.0.0:45369 (size: 6.4 KiB, free: 434.4 MiB)
[2025-03-13T02:51:39.407+0000] {ssh.py:531} WARNING - 25/03/13 02:51:39 INFO SparkContext: Created broadcast 1 from broadcast at DAGScheduler.scala:1585
[2025-03-13T02:51:39.435+0000] {ssh.py:531} WARNING - 25/03/13 02:51:39 INFO DAGScheduler: Submitting 1 missing tasks from ResultStage 0 (MapPartitionsRDD[3] at csv at NativeMethodAccessorImpl.java:0) (first 15 tasks are for partitions Vector(0))
[2025-03-13T02:51:39.437+0000] {ssh.py:531} WARNING - 25/03/13 02:51:39 INFO TaskSchedulerImpl: Adding task set 0.0 with 1 tasks resource profile 0
[2025-03-13T02:51:39.508+0000] {ssh.py:531} WARNING - 25/03/13 02:51:39 INFO TaskSetManager: Starting task 0.0 in stage 0.0 (TID 0) (ip-172-31-12-182.ap-northeast-2.compute.internal, executor driver, partition 0, PROCESS_LOCAL, 9640 bytes) 
[2025-03-13T02:51:39.532+0000] {ssh.py:531} WARNING - 25/03/13 02:51:39 INFO Executor: Running task 0.0 in stage 0.0 (TID 0)
[2025-03-13T02:51:39.734+0000] {ssh.py:531} WARNING - 25/03/13 02:51:39 INFO CodeGenerator: Code generated in 32.995048 ms
[2025-03-13T02:51:39.740+0000] {ssh.py:531} WARNING - 25/03/13 02:51:39 INFO FileScanRDD: Reading File path: s3a://de5-finalproj-team2/crawl/2025-03-13/crawl_result_processed_20250313.csv, range: 0-1155389, partition values: [empty row]
[2025-03-13T02:51:39.765+0000] {ssh.py:531} WARNING - 25/03/13 02:51:39 INFO CodeGenerator: Code generated in 18.184312 ms
[2025-03-13T02:51:39.881+0000] {ssh.py:531} WARNING - 25/03/13 02:51:39 INFO LineRecordReader: Found UTF-8 BOM and skipped it
[2025-03-13T02:51:39.926+0000] {ssh.py:531} WARNING - 25/03/13 02:51:39 INFO Executor: Finished task 0.0 in stage 0.0 (TID 0). 1713 bytes result sent to driver
[2025-03-13T02:51:39.936+0000] {ssh.py:531} WARNING - 25/03/13 02:51:39 INFO TaskSetManager: Finished task 0.0 in stage 0.0 (TID 0) in 448 ms on ip-172-31-12-182.ap-northeast-2.compute.internal (executor driver) (1/1)
[2025-03-13T02:51:39.939+0000] {ssh.py:531} WARNING - 25/03/13 02:51:39 INFO TaskSchedulerImpl: Removed TaskSet 0.0, whose tasks have all completed, from pool 
[2025-03-13T02:51:39.946+0000] {ssh.py:531} WARNING - 25/03/13 02:51:39 INFO DAGScheduler: ResultStage 0 (csv at NativeMethodAccessorImpl.java:0) finished in 0.685 s
[2025-03-13T02:51:39.949+0000] {ssh.py:531} WARNING - 25/03/13 02:51:39 INFO DAGScheduler: Job 0 is finished. Cancelling potential speculative or zombie tasks for this job
[2025-03-13T02:51:39.950+0000] {ssh.py:531} WARNING - 25/03/13 02:51:39 INFO TaskSchedulerImpl: Killing all running tasks in stage 0: Stage finished
[2025-03-13T02:51:39.952+0000] {ssh.py:531} WARNING - 25/03/13 02:51:39 INFO DAGScheduler: Job 0 finished: csv at NativeMethodAccessorImpl.java:0, took 0.805223 s
[2025-03-13T02:51:39.990+0000] {ssh.py:531} WARNING - 25/03/13 02:51:39 INFO CodeGenerator: Code generated in 14.849809 ms
[2025-03-13T02:51:40.154+0000] {ssh.py:531} WARNING - 25/03/13 02:51:40 INFO BlockManagerInfo: Removed broadcast_1_piece0 on 0.0.0.0:45369 in memory (size: 6.4 KiB, free: 434.4 MiB)
[2025-03-13T02:51:40.159+0000] {ssh.py:531} WARNING - 25/03/13 02:51:40 INFO FileSourceStrategy: Pushed Filters: 
[2025-03-13T02:51:40.159+0000] {ssh.py:531} WARNING - 25/03/13 02:51:40 INFO FileSourceStrategy: Post-Scan Filters: 
[2025-03-13T02:51:40.179+0000] {ssh.py:531} WARNING - 25/03/13 02:51:40 INFO MemoryStore: Block broadcast_2 stored as values in memory (estimated size 201.2 KiB, free 434.0 MiB)
[2025-03-13T02:51:40.197+0000] {ssh.py:531} WARNING - 25/03/13 02:51:40 INFO MemoryStore: Block broadcast_2_piece0 stored as bytes in memory (estimated size 34.8 KiB, free 433.9 MiB)
[2025-03-13T02:51:40.200+0000] {ssh.py:531} WARNING - 25/03/13 02:51:40 INFO BlockManagerInfo: Added broadcast_2_piece0 in memory on 0.0.0.0:45369 (size: 34.8 KiB, free: 434.3 MiB)
[2025-03-13T02:51:40.206+0000] {ssh.py:531} WARNING - 25/03/13 02:51:40 INFO SparkContext: Created broadcast 2 from csv at NativeMethodAccessorImpl.java:0
[2025-03-13T02:51:40.210+0000] {ssh.py:531} WARNING - 25/03/13 02:51:40 INFO FileSourceScanExec: Planning scan with bin packing, max size: 4194304 bytes, open cost is considered as scanning 4194304 bytes.
[2025-03-13T02:51:40.772+0000] {ssh.py:531} WARNING - 25/03/13 02:51:40 INFO FileSourceStrategy: Pushed Filters: 
[2025-03-13T02:51:40.773+0000] {ssh.py:531} WARNING - 25/03/13 02:51:40 INFO FileSourceStrategy: Post-Scan Filters: 
[2025-03-13T02:51:41.191+0000] {ssh.py:531} WARNING - 25/03/13 02:51:41 INFO ParquetUtils: Using default output committer for Parquet: org.apache.parquet.hadoop.ParquetOutputCommitter
[2025-03-13T02:51:41.205+0000] {ssh.py:531} WARNING - 25/03/13 02:51:41 INFO FileOutputCommitter: File Output Committer Algorithm version is 1
[2025-03-13T02:51:41.206+0000] {ssh.py:531} WARNING - 25/03/13 02:51:41 INFO FileOutputCommitter: FileOutputCommitter skip cleanup _temporary folders under output directory:false, ignore cleanup failures: false
[2025-03-13T02:51:41.209+0000] {ssh.py:531} WARNING - 25/03/13 02:51:41 INFO SQLHadoopMapReduceCommitProtocol: Using user defined output committer class org.apache.parquet.hadoop.ParquetOutputCommitter
[2025-03-13T02:51:41.209+0000] {ssh.py:531} WARNING - 25/03/13 02:51:41 INFO FileOutputCommitter: File Output Committer Algorithm version is 1
[2025-03-13T02:51:41.209+0000] {ssh.py:531} WARNING - 25/03/13 02:51:41 INFO FileOutputCommitter: FileOutputCommitter skip cleanup _temporary folders under output directory:false, ignore cleanup failures: false
[2025-03-13T02:51:41.209+0000] {ssh.py:531} WARNING - 25/03/13 02:51:41 INFO SQLHadoopMapReduceCommitProtocol: Using output committer class org.apache.parquet.hadoop.ParquetOutputCommitter
[2025-03-13T02:51:41.526+0000] {ssh.py:531} WARNING - 25/03/13 02:51:41 INFO CodeGenerator: Code generated in 72.597469 ms
[2025-03-13T02:51:41.533+0000] {ssh.py:531} WARNING - 25/03/13 02:51:41 INFO MemoryStore: Block broadcast_3 stored as values in memory (estimated size 201.1 KiB, free 433.7 MiB)
[2025-03-13T02:51:41.568+0000] {ssh.py:531} WARNING - 25/03/13 02:51:41 INFO MemoryStore: Block broadcast_3_piece0 stored as bytes in memory (estimated size 34.8 KiB, free 433.7 MiB)
[2025-03-13T02:51:41.569+0000] {ssh.py:531} WARNING - 25/03/13 02:51:41 INFO BlockManagerInfo: Added broadcast_3_piece0 in memory on 0.0.0.0:45369 (size: 34.8 KiB, free: 434.3 MiB)
[2025-03-13T02:51:41.570+0000] {ssh.py:531} WARNING - 25/03/13 02:51:41 INFO SparkContext: Created broadcast 3 from parquet at NativeMethodAccessorImpl.java:0
[2025-03-13T02:51:41.582+0000] {ssh.py:531} WARNING - 25/03/13 02:51:41 INFO FileSourceScanExec: Planning scan with bin packing, max size: 4194304 bytes, open cost is considered as scanning 4194304 bytes.
[2025-03-13T02:51:41.599+0000] {ssh.py:531} WARNING - 25/03/13 02:51:41 INFO SparkContext: Starting job: parquet at NativeMethodAccessorImpl.java:0
[2025-03-13T02:51:41.600+0000] {ssh.py:531} WARNING - 25/03/13 02:51:41 INFO DAGScheduler: Got job 1 (parquet at NativeMethodAccessorImpl.java:0) with 1 output partitions
[2025-03-13T02:51:41.601+0000] {ssh.py:531} WARNING - 25/03/13 02:51:41 INFO DAGScheduler: Final stage: ResultStage 1 (parquet at NativeMethodAccessorImpl.java:0)
[2025-03-13T02:51:41.601+0000] {ssh.py:531} WARNING - 25/03/13 02:51:41 INFO DAGScheduler: Parents of final stage: List()
[2025-03-13T02:51:41.603+0000] {ssh.py:531} WARNING - 25/03/13 02:51:41 INFO DAGScheduler: Missing parents: List()
[2025-03-13T02:51:41.607+0000] {ssh.py:531} WARNING - 25/03/13 02:51:41 INFO DAGScheduler: Submitting ResultStage 1 (MapPartitionsRDD[13] at parquet at NativeMethodAccessorImpl.java:0), which has no missing parents
[2025-03-13T02:51:41.692+0000] {ssh.py:531} WARNING - 25/03/13 02:51:41 INFO MemoryStore: Block broadcast_4 stored as values in memory (estimated size 222.3 KiB, free 433.5 MiB)
[2025-03-13T02:51:41.695+0000] {ssh.py:531} WARNING - 25/03/13 02:51:41 INFO MemoryStore: Block broadcast_4_piece0 stored as bytes in memory (estimated size 80.3 KiB, free 433.4 MiB)
[2025-03-13T02:51:41.695+0000] {ssh.py:531} WARNING - 25/03/13 02:51:41 INFO BlockManagerInfo: Added broadcast_4_piece0 in memory on 0.0.0.0:45369 (size: 80.3 KiB, free: 434.2 MiB)
[2025-03-13T02:51:41.696+0000] {ssh.py:531} WARNING - 25/03/13 02:51:41 INFO SparkContext: Created broadcast 4 from broadcast at DAGScheduler.scala:1585
[2025-03-13T02:51:41.699+0000] {ssh.py:531} WARNING - 25/03/13 02:51:41 INFO DAGScheduler: Submitting 1 missing tasks from ResultStage 1 (MapPartitionsRDD[13] at parquet at NativeMethodAccessorImpl.java:0) (first 15 tasks are for partitions Vector(0))
[2025-03-13T02:51:41.699+0000] {ssh.py:531} WARNING - 25/03/13 02:51:41 INFO TaskSchedulerImpl: Adding task set 1.0 with 1 tasks resource profile 0
[2025-03-13T02:51:41.702+0000] {ssh.py:531} WARNING - 25/03/13 02:51:41 INFO TaskSetManager: Starting task 0.0 in stage 1.0 (TID 1) (ip-172-31-12-182.ap-northeast-2.compute.internal, executor driver, partition 0, PROCESS_LOCAL, 9640 bytes) 
[2025-03-13T02:51:41.703+0000] {ssh.py:531} WARNING - 25/03/13 02:51:41 INFO Executor: Running task 0.0 in stage 1.0 (TID 1)
[2025-03-13T02:51:41.816+0000] {ssh.py:531} WARNING - 25/03/13 02:51:41 INFO CodeGenerator: Code generated in 43.750717 ms
[2025-03-13T02:51:41.821+0000] {ssh.py:531} WARNING - 25/03/13 02:51:41 INFO FileOutputCommitter: File Output Committer Algorithm version is 1
[2025-03-13T02:51:41.821+0000] {ssh.py:531} WARNING - 25/03/13 02:51:41 INFO FileOutputCommitter: FileOutputCommitter skip cleanup _temporary folders under output directory:false, ignore cleanup failures: false
[2025-03-13T02:51:41.821+0000] {ssh.py:531} WARNING - 25/03/13 02:51:41 INFO SQLHadoopMapReduceCommitProtocol: Using user defined output committer class org.apache.parquet.hadoop.ParquetOutputCommitter
[2025-03-13T02:51:41.821+0000] {ssh.py:531} WARNING - 25/03/13 02:51:41 INFO FileOutputCommitter: File Output Committer Algorithm version is 1
[2025-03-13T02:51:41.822+0000] {ssh.py:531} WARNING - 25/03/13 02:51:41 INFO FileOutputCommitter: FileOutputCommitter skip cleanup _temporary folders under output directory:false, ignore cleanup failures: false
[2025-03-13T02:51:41.822+0000] {ssh.py:531} WARNING - 25/03/13 02:51:41 INFO SQLHadoopMapReduceCommitProtocol: Using output committer class org.apache.parquet.hadoop.ParquetOutputCommitter
[2025-03-13T02:51:41.827+0000] {ssh.py:531} WARNING - 25/03/13 02:51:41 INFO CodecConfig: Compression: SNAPPY
[2025-03-13T02:51:41.829+0000] {ssh.py:531} WARNING - 25/03/13 02:51:41 INFO CodecConfig: Compression: SNAPPY
[2025-03-13T02:51:41.849+0000] {ssh.py:531} WARNING - 25/03/13 02:51:41 INFO ParquetOutputFormat: ParquetRecordWriter [block size: 134217728b, row group padding size: 8388608b, validating: false]
[2025-03-13T02:51:41.883+0000] {ssh.py:531} WARNING - 25/03/13 02:51:41 INFO ParquetWriteSupport: Initialized Parquet WriteSupport with Catalyst schema:
[2025-03-13T02:51:41.884+0000] {ssh.py:531} WARNING - {
[2025-03-13T02:51:41.884+0000] {ssh.py:531} WARNING -   "type" : "struct",
[2025-03-13T02:51:41.884+0000] {ssh.py:531} WARNING -   "fields" : [ {
[2025-03-13T02:51:41.884+0000] {ssh.py:531} WARNING -     "name" : "gamer_nickname",
[2025-03-13T02:51:41.884+0000] {ssh.py:531} WARNING -     "type" : "string",
[2025-03-13T02:51:41.884+0000] {ssh.py:531} WARNING -     "nullable" : true,
[2025-03-13T02:51:41.884+0000] {ssh.py:531} WARNING -     "metadata" : { }
[2025-03-13T02:51:41.884+0000] {ssh.py:531} WARNING -   }, {
[2025-03-13T02:51:41.885+0000] {ssh.py:531} WARNING -     "name" : "team_color",
[2025-03-13T02:51:41.885+0000] {ssh.py:531} WARNING -     "type" : "string",
[2025-03-13T02:51:41.885+0000] {ssh.py:531} WARNING -     "nullable" : false,
[2025-03-13T02:51:41.885+0000] {ssh.py:531} WARNING -     "metadata" : { }
[2025-03-13T02:51:41.885+0000] {ssh.py:531} WARNING -   }, {
[2025-03-13T02:51:41.885+0000] {ssh.py:531} WARNING -     "name" : "team_count",
[2025-03-13T02:51:41.885+0000] {ssh.py:531} WARNING -     "type" : "integer",
[2025-03-13T02:51:41.885+0000] {ssh.py:531} WARNING -     "nullable" : true,
[2025-03-13T02:51:41.886+0000] {ssh.py:531} WARNING -     "metadata" : { }
[2025-03-13T02:51:41.886+0000] {ssh.py:531} WARNING -   }, {
[2025-03-13T02:51:41.886+0000] {ssh.py:531} WARNING -     "name" : "created_at",
[2025-03-13T02:51:41.886+0000] {ssh.py:531} WARNING -     "type" : "string",
[2025-03-13T02:51:41.886+0000] {ssh.py:531} WARNING -     "nullable" : false,
[2025-03-13T02:51:41.886+0000] {ssh.py:531} WARNING -     "metadata" : { }
[2025-03-13T02:51:41.886+0000] {ssh.py:531} WARNING -   } ]
[2025-03-13T02:51:41.886+0000] {ssh.py:531} WARNING - }
[2025-03-13T02:51:41.887+0000] {ssh.py:531} WARNING - and corresponding Parquet message type:
[2025-03-13T02:51:41.887+0000] {ssh.py:531} WARNING - message spark_schema {
[2025-03-13T02:51:41.887+0000] {ssh.py:531} WARNING -   optional binary gamer_nickname (STRING);
[2025-03-13T02:51:41.887+0000] {ssh.py:531} WARNING -   required binary team_color (STRING);
[2025-03-13T02:51:41.887+0000] {ssh.py:531} WARNING -   optional int32 team_count;
[2025-03-13T02:51:41.887+0000] {ssh.py:531} WARNING -   required binary created_at (STRING);
[2025-03-13T02:51:41.887+0000] {ssh.py:531} WARNING - }
[2025-03-13T02:51:41.887+0000] {ssh.py:531} WARNING - 
[2025-03-13T02:51:41.888+0000] {ssh.py:531} WARNING -        
[2025-03-13T02:51:42.023+0000] {ssh.py:531} WARNING - 25/03/13 02:51:42 INFO CodecPool: Got brand-new compressor [.snappy]
[2025-03-13T02:51:42.054+0000] {ssh.py:531} WARNING - 25/03/13 02:51:42 INFO BlockManagerInfo: Removed broadcast_2_piece0 on 0.0.0.0:45369 in memory (size: 34.8 KiB, free: 434.3 MiB)
[2025-03-13T02:51:42.142+0000] {ssh.py:531} WARNING - 25/03/13 02:51:42 INFO BlockManagerInfo: Removed broadcast_0_piece0 on 0.0.0.0:45369 in memory (size: 34.8 KiB, free: 434.3 MiB)
[2025-03-13T02:51:42.303+0000] {ssh.py:531} WARNING - 25/03/13 02:51:42 INFO FileScanRDD: Reading File path: s3a://de5-finalproj-team2/crawl/2025-03-13/crawl_result_processed_20250313.csv, range: 0-1155389, partition values: [empty row]
[2025-03-13T02:51:42.322+0000] {ssh.py:531} WARNING - 25/03/13 02:51:42 INFO CodeGenerator: Code generated in 14.99382 ms
[2025-03-13T02:51:42.386+0000] {ssh.py:531} WARNING - 25/03/13 02:51:42 INFO LineRecordReader: Found UTF-8 BOM and skipped it
[2025-03-13T02:51:44.010+0000] {ssh.py:531} WARNING - 25/03/13 02:51:44 INFO FileOutputCommitter: Saved output of task 'attempt_202503130251411400297360746799235_0001_m_000000_1' to s3a://de5-finalproj-team2/analytics/team_color_info/2025-03-13/_temporary/0/task_202503130251411400297360746799235_0001_m_000000
[2025-03-13T02:51:44.011+0000] {ssh.py:531} WARNING - 25/03/13 02:51:44 INFO SparkHadoopMapRedUtil: attempt_202503130251411400297360746799235_0001_m_000000_1: Committed. Elapsed time: 584 ms.
[2025-03-13T02:51:44.040+0000] {ssh.py:531} WARNING - 25/03/13 02:51:44 INFO Executor: Finished task 0.0 in stage 1.0 (TID 1). 2669 bytes result sent to driver
[2025-03-13T02:51:44.046+0000] {ssh.py:531} WARNING - 25/03/13 02:51:44 INFO TaskSetManager: Finished task 0.0 in stage 1.0 (TID 1) in 2344 ms on ip-172-31-12-182.ap-northeast-2.compute.internal (executor driver) (1/1)
[2025-03-13T02:51:44.046+0000] {ssh.py:531} WARNING - 25/03/13 02:51:44 INFO TaskSchedulerImpl: Removed TaskSet 1.0, whose tasks have all completed, from pool 
[2025-03-13T02:51:44.050+0000] {ssh.py:531} WARNING - 25/03/13 02:51:44 INFO DAGScheduler: ResultStage 1 (parquet at NativeMethodAccessorImpl.java:0) finished in 2.443 s
[2025-03-13T02:51:44.051+0000] {ssh.py:531} WARNING - 25/03/13 02:51:44 INFO DAGScheduler: Job 1 is finished. Cancelling potential speculative or zombie tasks for this job
[2025-03-13T02:51:44.051+0000] {ssh.py:531} WARNING - 25/03/13 02:51:44 INFO TaskSchedulerImpl: Killing all running tasks in stage 1: Stage finished
[2025-03-13T02:51:44.053+0000] {ssh.py:531} WARNING - 25/03/13 02:51:44 INFO DAGScheduler: Job 1 finished: parquet at NativeMethodAccessorImpl.java:0, took 2.452152 s
[2025-03-13T02:51:44.055+0000] {ssh.py:531} WARNING - 25/03/13 02:51:44 INFO FileFormatWriter: Start to commit write Job b6f5c83b-e652-400a-a681-6bb807dc1395.
[2025-03-13T02:51:44.942+0000] {ssh.py:531} WARNING - 25/03/13 02:51:44 INFO FileFormatWriter: Write Job b6f5c83b-e652-400a-a681-6bb807dc1395 committed. Elapsed time: 887 ms.
[2025-03-13T02:51:44.948+0000] {ssh.py:531} WARNING - 25/03/13 02:51:44 INFO FileFormatWriter: Finished processing stats for write job b6f5c83b-e652-400a-a681-6bb807dc1395.
[2025-03-13T02:51:44.952+0000] {ssh.py:526} INFO - Parquet 변환 완료! 저장 경로: s3a://de5-finalproj-team2/analytics/team_color_info/2025-03-13
[2025-03-13T02:51:45.005+0000] {ssh.py:531} WARNING - 25/03/13 02:51:45 INFO SparkContext: Invoking stop() from shutdown hook
[2025-03-13T02:51:45.006+0000] {ssh.py:531} WARNING - 25/03/13 02:51:45 INFO SparkContext: SparkContext is stopping with exitCode 0.
[2025-03-13T02:51:45.023+0000] {ssh.py:531} WARNING - 25/03/13 02:51:45 INFO SparkUI: Stopped Spark web UI at http://0.0.0.0:4040
[2025-03-13T02:51:45.044+0000] {ssh.py:531} WARNING - 25/03/13 02:51:45 INFO MapOutputTrackerMasterEndpoint: MapOutputTrackerMasterEndpoint stopped!
[2025-03-13T02:51:45.058+0000] {ssh.py:531} WARNING - 25/03/13 02:51:45 INFO MemoryStore: MemoryStore cleared
[2025-03-13T02:51:45.059+0000] {ssh.py:531} WARNING - 25/03/13 02:51:45 INFO BlockManager: BlockManager stopped
[2025-03-13T02:51:45.063+0000] {ssh.py:531} WARNING - 25/03/13 02:51:45 INFO BlockManagerMaster: BlockManagerMaster stopped
[2025-03-13T02:51:45.067+0000] {ssh.py:531} WARNING - 25/03/13 02:51:45 INFO OutputCommitCoordinator$OutputCommitCoordinatorEndpoint: OutputCommitCoordinator stopped!
[2025-03-13T02:51:45.072+0000] {ssh.py:531} WARNING - 25/03/13 02:51:45 INFO SparkContext: Successfully stopped SparkContext
[2025-03-13T02:51:45.073+0000] {ssh.py:531} WARNING - 25/03/13 02:51:45 INFO ShutdownHookManager: Shutdown hook called
[2025-03-13T02:51:45.074+0000] {ssh.py:531} WARNING - 25/03/13 02:51:45 INFO ShutdownHookManager: Deleting directory /tmp/spark-341f7c2d-b412-4978-97cb-b73789c8cac6
[2025-03-13T02:51:45.076+0000] {ssh.py:531} WARNING - 25/03/13 02:51:45 INFO ShutdownHookManager: Deleting directory /tmp/spark-9c78f005-76e5-4a99-b116-eafbd19618d9
[2025-03-13T02:51:45.079+0000] {ssh.py:531} WARNING - 25/03/13 02:51:45 INFO ShutdownHookManager: Deleting directory /tmp/spark-9c78f005-76e5-4a99-b116-eafbd19618d9/pyspark-2c73e30b-bb0d-46bb-ac5a-2b319bf7a15b
[2025-03-13T02:51:45.088+0000] {ssh.py:531} WARNING - 25/03/13 02:51:45 INFO MetricsSystemImpl: Stopping s3a-file-system metrics system...
[2025-03-13T02:51:45.089+0000] {ssh.py:531} WARNING - 25/03/13 02:51:45 INFO MetricsSystemImpl: s3a-file-system metrics system stopped.
[2025-03-13T02:51:45.089+0000] {ssh.py:531} WARNING - 25/03/13 02:51:45 INFO MetricsSystemImpl: s3a-file-system metrics system shutdown complete.
[2025-03-13T02:51:45.134+0000] {ssh.py:526} INFO - Spark Job Succeeded!
[2025-03-13T02:51:45.154+0000] {taskinstance.py:441} INFO - ::group::Post task execution logs
[2025-03-13T02:51:45.184+0000] {taskinstance.py:1206} INFO - Marking task as SUCCESS. dag_id=team_color_to_parquet_dag, task_id=submit_spark_via_ssh, run_id=scheduled__2025-03-12T01:40:00+00:00, execution_date=20250312T014000, start_date=20250313T025125, end_date=20250313T025145
[2025-03-13T02:51:45.205+0000] {local_task_job_runner.py:240} INFO - Task exited with return code 0
[2025-03-13T02:51:45.226+0000] {taskinstance.py:3498} INFO - 0 downstream tasks scheduled from follow-on schedule check
[2025-03-13T02:51:45.228+0000] {local_task_job_runner.py:222} INFO - ::endgroup::
