[2025-03-10T15:49:14.984+0000] {local_task_job_runner.py:120} INFO - ::group::Pre task execution logs
[2025-03-10T15:49:15.021+0000] {taskinstance.py:2076} INFO - Dependencies all met for dep_context=non-requeueable deps ti=<TaskInstance: fetch_nexon_data_sequential.trigger_spark_match_info_task scheduled__2025-03-09T05:00:00+00:00 [queued]>
[2025-03-10T15:49:15.033+0000] {taskinstance.py:2076} INFO - Dependencies all met for dep_context=requeueable deps ti=<TaskInstance: fetch_nexon_data_sequential.trigger_spark_match_info_task scheduled__2025-03-09T05:00:00+00:00 [queued]>
[2025-03-10T15:49:15.034+0000] {taskinstance.py:2306} INFO - Starting attempt 1 of 1
[2025-03-10T15:49:15.213+0000] {taskinstance.py:2330} INFO - Executing <Task(TriggerDagRunOperator): trigger_spark_match_info_task> on 2025-03-09 05:00:00+00:00
[2025-03-10T15:49:15.221+0000] {standard_task_runner.py:63} INFO - Started process 6455 to run task
[2025-03-10T15:49:15.226+0000] {standard_task_runner.py:90} INFO - Running: ['***', 'tasks', 'run', 'fetch_nexon_data_sequential', 'trigger_spark_match_info_task', 'scheduled__2025-03-09T05:00:00+00:00', '--job-id', '30', '--raw', '--subdir', 'DAGS_FOLDER/collect_match_info_dag.py', '--cfg-path', '/tmp/tmparmzlyk8']
[2025-03-10T15:49:15.228+0000] {standard_task_runner.py:91} INFO - Job 30: Subtask trigger_spark_match_info_task
[2025-03-10T15:49:15.295+0000] {task_command.py:426} INFO - Running <TaskInstance: fetch_nexon_data_sequential.trigger_spark_match_info_task scheduled__2025-03-09T05:00:00+00:00 [running]> on host a0d797a25898
[2025-03-10T15:49:15.413+0000] {taskinstance.py:2648} INFO - Exporting env vars: AIRFLOW_CTX_DAG_OWNER='***' AIRFLOW_CTX_DAG_ID='fetch_nexon_data_sequential' AIRFLOW_CTX_TASK_ID='trigger_spark_match_info_task' AIRFLOW_CTX_EXECUTION_DATE='2025-03-09T05:00:00+00:00' AIRFLOW_CTX_TRY_NUMBER='1' AIRFLOW_CTX_DAG_RUN_ID='scheduled__2025-03-09T05:00:00+00:00'
[2025-03-10T15:49:15.415+0000] {taskinstance.py:430} INFO - ::endgroup::
[2025-03-10T15:49:16.916+0000] {trigger_dagrun.py:222} INFO - Waiting for submit_spark_job_v3 on 2025-03-10 15:49:15.430157+00:00 to become allowed state ['success'] ...
[2025-03-10T15:50:16.969+0000] {trigger_dagrun.py:222} INFO - Waiting for submit_spark_job_v3 on 2025-03-10 15:49:15.430157+00:00 to become allowed state ['success'] ...
[2025-03-10T15:51:17.042+0000] {trigger_dagrun.py:222} INFO - Waiting for submit_spark_job_v3 on 2025-03-10 15:49:15.430157+00:00 to become allowed state ['success'] ...
[2025-03-10T15:52:17.099+0000] {trigger_dagrun.py:222} INFO - Waiting for submit_spark_job_v3 on 2025-03-10 15:49:15.430157+00:00 to become allowed state ['success'] ...
[2025-03-10T15:53:17.137+0000] {trigger_dagrun.py:222} INFO - Waiting for submit_spark_job_v3 on 2025-03-10 15:49:15.430157+00:00 to become allowed state ['success'] ...
[2025-03-10T15:54:17.213+0000] {trigger_dagrun.py:222} INFO - Waiting for submit_spark_job_v3 on 2025-03-10 15:49:15.430157+00:00 to become allowed state ['success'] ...
[2025-03-10T15:55:17.266+0000] {trigger_dagrun.py:222} INFO - Waiting for submit_spark_job_v3 on 2025-03-10 15:49:15.430157+00:00 to become allowed state ['success'] ...
[2025-03-10T15:56:17.338+0000] {trigger_dagrun.py:222} INFO - Waiting for submit_spark_job_v3 on 2025-03-10 15:49:15.430157+00:00 to become allowed state ['success'] ...
[2025-03-10T15:57:17.404+0000] {trigger_dagrun.py:222} INFO - Waiting for submit_spark_job_v3 on 2025-03-10 15:49:15.430157+00:00 to become allowed state ['success'] ...
[2025-03-10T15:58:17.451+0000] {trigger_dagrun.py:222} INFO - Waiting for submit_spark_job_v3 on 2025-03-10 15:49:15.430157+00:00 to become allowed state ['success'] ...
[2025-03-10T15:59:17.503+0000] {trigger_dagrun.py:235} INFO - submit_spark_job_v3 finished with allowed state success
[2025-03-10T15:59:17.503+0000] {taskinstance.py:441} INFO - ::group::Post task execution logs
[2025-03-10T15:59:17.520+0000] {taskinstance.py:1206} INFO - Marking task as SUCCESS. dag_id=fetch_nexon_data_sequential, task_id=trigger_spark_match_info_task, run_id=scheduled__2025-03-09T05:00:00+00:00, execution_date=20250309T050000, start_date=20250310T154915, end_date=20250310T155917
[2025-03-10T15:59:17.553+0000] {local_task_job_runner.py:240} INFO - Task exited with return code 0
[2025-03-10T15:59:17.573+0000] {local_task_job_runner.py:222} INFO - ::endgroup::
