[2025-03-14T09:43:19.787+0000] {local_task_job_runner.py:120} INFO - ::group::Pre task execution logs
[2025-03-14T09:43:19.815+0000] {taskinstance.py:2076} INFO - Dependencies all met for dep_context=non-requeueable deps ti=<TaskInstance: match_info_spark_processing_dag.submit_spark_via_ssh manual__2025-03-14T09:43:16.421763+00:00 [queued]>
[2025-03-14T09:43:19.826+0000] {taskinstance.py:2076} INFO - Dependencies all met for dep_context=requeueable deps ti=<TaskInstance: match_info_spark_processing_dag.submit_spark_via_ssh manual__2025-03-14T09:43:16.421763+00:00 [queued]>
[2025-03-14T09:43:19.826+0000] {taskinstance.py:2306} INFO - Starting attempt 1 of 2
[2025-03-14T09:43:19.840+0000] {taskinstance.py:2330} INFO - Executing <Task(SSHOperator): submit_spark_via_ssh> on 2025-03-14 09:43:16.421763+00:00
[2025-03-14T09:43:19.846+0000] {standard_task_runner.py:63} INFO - Started process 37885 to run task
[2025-03-14T09:43:19.850+0000] {standard_task_runner.py:90} INFO - Running: ['***', 'tasks', 'run', 'match_info_spark_processing_dag', 'submit_spark_via_ssh', 'manual__2025-03-14T09:43:16.421763+00:00', '--job-id', '222', '--raw', '--subdir', 'DAGS_FOLDER/match_info_spark_process_dag.py', '--cfg-path', '/tmp/tmpka31ypyz']
[2025-03-14T09:43:19.853+0000] {standard_task_runner.py:91} INFO - Job 222: Subtask submit_spark_via_ssh
[2025-03-14T09:43:19.919+0000] {task_command.py:426} INFO - Running <TaskInstance: match_info_spark_processing_dag.submit_spark_via_ssh manual__2025-03-14T09:43:16.421763+00:00 [running]> on host a0d797a25898
[2025-03-14T09:43:20.040+0000] {taskinstance.py:2648} INFO - Exporting env vars: AIRFLOW_CTX_DAG_OWNER='***' AIRFLOW_CTX_DAG_ID='match_info_spark_processing_dag' AIRFLOW_CTX_TASK_ID='submit_spark_via_ssh' AIRFLOW_CTX_EXECUTION_DATE='2025-03-14T09:43:16.421763+00:00' AIRFLOW_CTX_TRY_NUMBER='1' AIRFLOW_CTX_DAG_RUN_ID='manual__2025-03-14T09:43:16.421763+00:00'
[2025-03-14T09:43:20.041+0000] {taskinstance.py:430} INFO - ::endgroup::
[2025-03-14T09:43:20.057+0000] {ssh.py:151} INFO - Creating ssh_client
[2025-03-14T09:43:20.058+0000] {ssh.py:124} INFO - ssh_hook is not provided or invalid. Trying ssh_conn_id to create SSHHook.
[2025-03-14T09:43:20.072+0000] {base.py:84} INFO - Using connection ID 'spark_ssh_conn' for task execution.
[2025-03-14T09:43:20.073+0000] {ssh.py:301} WARNING - No Host Key Verification. This won't protect against Man-In-The-Middle attacks
[2025-03-14T09:43:20.079+0000] {transport.py:1909} INFO - Connected (version 2.0, client OpenSSH_9.6p1)
[2025-03-14T09:43:20.171+0000] {transport.py:1909} INFO - Authentication (publickey) successful!
[2025-03-14T09:43:20.172+0000] {ssh.py:480} INFO - Running command: 
    set -e  # 명령어 실패 시 즉시 종료
    echo "Starting Spark Job on 2025-03-14"

    echo "Submitting Spark Job... for 2025-03-14 data"
   /spark-3.5.3/bin/spark-submit /home/ubuntu/spark_scripts/match_info_pyspark.py 2025-03-14 > spark_job.log 2>&1
    exit_code=$?

    # 실행 로그 출력 (Airflow에서 확인 가능)
    if [ -f spark_job.log ]; then
        echo "=== Spark Job Log Start ==="
        cat spark_job.log
        echo "=== Spark Job Log End ==="
    else
        echo "Warning: spark_job.log not found!"
    fi

    # Spark 실패 감지
    if [ $exit_code -ne 0 ]; then
        echo "Spark Job Failed! Check logs."
        exit 1
    else
        echo "Spark Job Succeeded!"
    fi
    
[2025-03-14T09:43:21.084+0000] {ssh.py:526} INFO - Starting Spark Job on 2025-03-14
[2025-03-14T09:43:21.084+0000] {ssh.py:526} INFO - Submitting Spark Job... for 2025-03-14 data
[2025-03-14T09:43:52.910+0000] {ssh.py:526} INFO - === Spark Job Log Start ===
[2025-03-14T09:43:52.912+0000] {ssh.py:526} INFO - Processing date: 2025-03-14
[2025-03-14T09:43:52.913+0000] {ssh.py:526} INFO - 25/03/14 09:43:29 INFO SparkContext: Running Spark version 3.5.3
[2025-03-14T09:43:52.913+0000] {ssh.py:526} INFO - 25/03/14 09:43:29 INFO SparkContext: OS info Linux, 6.8.0-1024-aws, amd64
[2025-03-14T09:43:52.914+0000] {ssh.py:526} INFO - 25/03/14 09:43:29 INFO SparkContext: Java version 11.0.26
[2025-03-14T09:43:52.914+0000] {ssh.py:526} INFO - 25/03/14 09:43:29 WARN NativeCodeLoader: Unable to load native-hadoop library for your platform... using builtin-java classes where applicable
[2025-03-14T09:43:52.914+0000] {ssh.py:526} INFO - 25/03/14 09:43:29 INFO ResourceUtils: ==============================================================
[2025-03-14T09:43:52.914+0000] {ssh.py:526} INFO - 25/03/14 09:43:29 INFO ResourceUtils: No custom resources configured for spark.driver.
[2025-03-14T09:43:52.914+0000] {ssh.py:526} INFO - 25/03/14 09:43:29 INFO ResourceUtils: ==============================================================
[2025-03-14T09:43:52.914+0000] {ssh.py:526} INFO - 25/03/14 09:43:29 INFO SparkContext: Submitted application: json to parquet
[2025-03-14T09:43:52.914+0000] {ssh.py:526} INFO - 25/03/14 09:43:29 INFO ResourceProfile: Default ResourceProfile created, executor resources: Map(cores -> name: cores, amount: 1, script: , vendor: , memory -> name: memory, amount: 1024, script: , vendor: , offHeap -> name: offHeap, amount: 0, script: , vendor: ), task resources: Map(cpus -> name: cpus, amount: 1.0)
[2025-03-14T09:43:52.915+0000] {ssh.py:526} INFO - 25/03/14 09:43:29 INFO ResourceProfile: Limiting resource is cpu
[2025-03-14T09:43:52.915+0000] {ssh.py:526} INFO - 25/03/14 09:43:29 INFO ResourceProfileManager: Added ResourceProfile id: 0
[2025-03-14T09:43:52.915+0000] {ssh.py:526} INFO - 25/03/14 09:43:29 INFO SecurityManager: Changing view acls to: ubuntu
[2025-03-14T09:43:52.915+0000] {ssh.py:526} INFO - 25/03/14 09:43:29 INFO SecurityManager: Changing modify acls to: ubuntu
[2025-03-14T09:43:52.915+0000] {ssh.py:526} INFO - 25/03/14 09:43:29 INFO SecurityManager: Changing view acls groups to: 
[2025-03-14T09:43:52.915+0000] {ssh.py:526} INFO - 25/03/14 09:43:29 INFO SecurityManager: Changing modify acls groups to: 
[2025-03-14T09:43:52.915+0000] {ssh.py:526} INFO - 25/03/14 09:43:29 INFO SecurityManager: SecurityManager: authentication disabled; ui acls disabled; users with view permissions: ubuntu; groups with view permissions: EMPTY; users with modify permissions: ubuntu; groups with modify permissions: EMPTY
[2025-03-14T09:43:52.916+0000] {ssh.py:526} INFO - 25/03/14 09:43:29 INFO Utils: Successfully started service 'sparkDriver' on port 45379.
[2025-03-14T09:43:52.916+0000] {ssh.py:526} INFO - 25/03/14 09:43:29 INFO SparkEnv: Registering MapOutputTracker
[2025-03-14T09:43:52.916+0000] {ssh.py:526} INFO - 25/03/14 09:43:30 INFO SparkEnv: Registering BlockManagerMaster
[2025-03-14T09:43:52.916+0000] {ssh.py:526} INFO - 25/03/14 09:43:30 INFO BlockManagerMasterEndpoint: Using org.apache.spark.storage.DefaultTopologyMapper for getting topology information
[2025-03-14T09:43:52.916+0000] {ssh.py:526} INFO - 25/03/14 09:43:30 INFO BlockManagerMasterEndpoint: BlockManagerMasterEndpoint up
[2025-03-14T09:43:52.916+0000] {ssh.py:526} INFO - 25/03/14 09:43:30 INFO SparkEnv: Registering BlockManagerMasterHeartbeat
[2025-03-14T09:43:52.916+0000] {ssh.py:526} INFO - 25/03/14 09:43:30 INFO DiskBlockManager: Created local directory at /tmp/blockmgr-8965435e-63e6-48f2-acf3-f519527e3443
[2025-03-14T09:43:52.916+0000] {ssh.py:526} INFO - 25/03/14 09:43:30 INFO MemoryStore: MemoryStore started with capacity 434.4 MiB
[2025-03-14T09:43:52.917+0000] {ssh.py:526} INFO - 25/03/14 09:43:30 INFO SparkEnv: Registering OutputCommitCoordinator
[2025-03-14T09:43:52.917+0000] {ssh.py:526} INFO - 25/03/14 09:43:30 INFO JettyUtils: Start Jetty 0.0.0.0:4040 for SparkUI
[2025-03-14T09:43:52.917+0000] {ssh.py:526} INFO - 25/03/14 09:43:30 WARN Utils: Service 'SparkUI' could not bind on port 4040. Attempting port 4041.
[2025-03-14T09:43:52.917+0000] {ssh.py:526} INFO - 25/03/14 09:43:30 INFO Utils: Successfully started service 'SparkUI' on port 4041.
[2025-03-14T09:43:52.917+0000] {ssh.py:526} INFO - 25/03/14 09:43:30 INFO Executor: Starting executor ID driver on host ip-172-31-12-182.ap-northeast-2.compute.internal
[2025-03-14T09:43:52.917+0000] {ssh.py:526} INFO - 25/03/14 09:43:30 INFO Executor: OS info Linux, 6.8.0-1024-aws, amd64
[2025-03-14T09:43:52.917+0000] {ssh.py:526} INFO - 25/03/14 09:43:30 INFO Executor: Java version 11.0.26
[2025-03-14T09:43:52.917+0000] {ssh.py:526} INFO - 25/03/14 09:43:30 INFO Executor: Starting executor with user classpath (userClassPathFirst = false): ''
[2025-03-14T09:43:52.917+0000] {ssh.py:526} INFO - 25/03/14 09:43:30 INFO Executor: Created or updated repl class loader org.apache.spark.util.MutableURLClassLoader@12ef5faa for default.
[2025-03-14T09:43:52.918+0000] {ssh.py:526} INFO - 25/03/14 09:43:30 INFO Utils: Successfully started service 'org.apache.spark.network.netty.NettyBlockTransferService' on port 36379.
[2025-03-14T09:43:52.918+0000] {ssh.py:526} INFO - 25/03/14 09:43:30 INFO NettyBlockTransferService: Server created on 0.0.0.0:36379
[2025-03-14T09:43:52.918+0000] {ssh.py:526} INFO - 25/03/14 09:43:30 INFO BlockManager: Using org.apache.spark.storage.RandomBlockReplicationPolicy for block replication policy
[2025-03-14T09:43:52.918+0000] {ssh.py:526} INFO - 25/03/14 09:43:30 INFO BlockManagerMaster: Registering BlockManager BlockManagerId(driver, 0.0.0.0, 36379, None)
[2025-03-14T09:43:52.918+0000] {ssh.py:526} INFO - 25/03/14 09:43:30 INFO BlockManagerMasterEndpoint: Registering block manager 0.0.0.0:36379 with 434.4 MiB RAM, BlockManagerId(driver, 0.0.0.0, 36379, None)
[2025-03-14T09:43:52.918+0000] {ssh.py:526} INFO - 25/03/14 09:43:30 INFO BlockManagerMaster: Registered BlockManager BlockManagerId(driver, 0.0.0.0, 36379, None)
[2025-03-14T09:43:52.918+0000] {ssh.py:526} INFO - 25/03/14 09:43:30 INFO BlockManager: Initialized BlockManager: BlockManagerId(driver, 0.0.0.0, 36379, None)
[2025-03-14T09:43:52.918+0000] {ssh.py:526} INFO - Reading json file from: s3a://de5-finalproj-team2/raw_data/json/match_data/2025-03-14/*.json
[2025-03-14T09:43:52.918+0000] {ssh.py:526} INFO - 25/03/14 09:43:31 INFO SharedState: Setting hive.metastore.warehouse.dir ('null') to the value of spark.sql.warehouse.dir.
[2025-03-14T09:43:52.919+0000] {ssh.py:526} INFO - 25/03/14 09:43:31 INFO SharedState: Warehouse path is 'file:/home/ubuntu/spark-warehouse'.
[2025-03-14T09:43:52.919+0000] {ssh.py:526} INFO - 25/03/14 09:43:33 WARN MetricsConfig: Cannot locate configuration: tried hadoop-metrics2-s3a-file-system.properties,hadoop-metrics2.properties
[2025-03-14T09:43:52.919+0000] {ssh.py:526} INFO - 25/03/14 09:43:33 INFO MetricsSystemImpl: Scheduled Metric snapshot period at 10 second(s).
[2025-03-14T09:43:52.919+0000] {ssh.py:526} INFO - 25/03/14 09:43:33 INFO MetricsSystemImpl: s3a-file-system metrics system started
[2025-03-14T09:43:52.919+0000] {ssh.py:526} INFO - 25/03/14 09:43:35 INFO InMemoryFileIndex: It took 125 ms to list leaf files for 1 paths.
[2025-03-14T09:43:52.919+0000] {ssh.py:526} INFO - 25/03/14 09:43:35 INFO InMemoryFileIndex: It took 37 ms to list leaf files for 1 paths.
[2025-03-14T09:43:52.919+0000] {ssh.py:526} INFO - 25/03/14 09:43:39 INFO FileSourceStrategy: Pushed Filters: 
[2025-03-14T09:43:52.919+0000] {ssh.py:526} INFO - 25/03/14 09:43:39 INFO FileSourceStrategy: Post-Scan Filters: 
[2025-03-14T09:43:52.920+0000] {ssh.py:526} INFO - 25/03/14 09:43:39 INFO MemoryStore: Block broadcast_0 stored as values in memory (estimated size 201.0 KiB, free 434.2 MiB)
[2025-03-14T09:43:52.920+0000] {ssh.py:526} INFO - 25/03/14 09:43:39 INFO MemoryStore: Block broadcast_0_piece0 stored as bytes in memory (estimated size 34.7 KiB, free 434.2 MiB)
[2025-03-14T09:43:52.920+0000] {ssh.py:526} INFO - 25/03/14 09:43:39 INFO BlockManagerInfo: Added broadcast_0_piece0 in memory on 0.0.0.0:36379 (size: 34.7 KiB, free: 434.4 MiB)
[2025-03-14T09:43:52.920+0000] {ssh.py:526} INFO - 25/03/14 09:43:40 INFO SparkContext: Created broadcast 0 from json at NativeMethodAccessorImpl.java:0
[2025-03-14T09:43:52.920+0000] {ssh.py:526} INFO - 25/03/14 09:43:40 INFO FileSourceScanExec: Planning scan with bin packing, max size: 5325426 bytes, open cost is considered as scanning 4194304 bytes.
[2025-03-14T09:43:52.920+0000] {ssh.py:526} INFO - 25/03/14 09:43:40 INFO SparkContext: Starting job: json at NativeMethodAccessorImpl.java:0
[2025-03-14T09:43:52.920+0000] {ssh.py:526} INFO - 25/03/14 09:43:40 INFO DAGScheduler: Got job 0 (json at NativeMethodAccessorImpl.java:0) with 1 output partitions
[2025-03-14T09:43:52.921+0000] {ssh.py:526} INFO - 25/03/14 09:43:40 INFO DAGScheduler: Final stage: ResultStage 0 (json at NativeMethodAccessorImpl.java:0)
[2025-03-14T09:43:52.921+0000] {ssh.py:526} INFO - 25/03/14 09:43:40 INFO DAGScheduler: Parents of final stage: List()
[2025-03-14T09:43:52.921+0000] {ssh.py:526} INFO - 25/03/14 09:43:40 INFO DAGScheduler: Missing parents: List()
[2025-03-14T09:43:52.921+0000] {ssh.py:526} INFO - 25/03/14 09:43:40 INFO DAGScheduler: Submitting ResultStage 0 (MapPartitionsRDD[3] at json at NativeMethodAccessorImpl.java:0), which has no missing parents
[2025-03-14T09:43:52.921+0000] {ssh.py:526} INFO - 25/03/14 09:43:40 INFO MemoryStore: Block broadcast_1 stored as values in memory (estimated size 16.5 KiB, free 434.2 MiB)
[2025-03-14T09:43:52.921+0000] {ssh.py:526} INFO - 25/03/14 09:43:40 INFO MemoryStore: Block broadcast_1_piece0 stored as bytes in memory (estimated size 7.8 KiB, free 434.1 MiB)
[2025-03-14T09:43:52.921+0000] {ssh.py:526} INFO - 25/03/14 09:43:40 INFO BlockManagerInfo: Added broadcast_1_piece0 in memory on 0.0.0.0:36379 (size: 7.8 KiB, free: 434.4 MiB)
[2025-03-14T09:43:52.921+0000] {ssh.py:526} INFO - 25/03/14 09:43:40 INFO SparkContext: Created broadcast 1 from broadcast at DAGScheduler.scala:1585
[2025-03-14T09:43:52.922+0000] {ssh.py:526} INFO - 25/03/14 09:43:40 INFO DAGScheduler: Submitting 1 missing tasks from ResultStage 0 (MapPartitionsRDD[3] at json at NativeMethodAccessorImpl.java:0) (first 15 tasks are for partitions Vector(0))
[2025-03-14T09:43:52.922+0000] {ssh.py:526} INFO - 25/03/14 09:43:40 INFO TaskSchedulerImpl: Adding task set 0.0 with 1 tasks resource profile 0
[2025-03-14T09:43:52.922+0000] {ssh.py:526} INFO - 25/03/14 09:43:40 INFO TaskSetManager: Starting task 0.0 in stage 0.0 (TID 0) (ip-172-31-12-182.ap-northeast-2.compute.internal, executor driver, partition 0, PROCESS_LOCAL, 9636 bytes) 
[2025-03-14T09:43:52.922+0000] {ssh.py:526} INFO - 25/03/14 09:43:40 INFO Executor: Running task 0.0 in stage 0.0 (TID 0)
[2025-03-14T09:43:52.922+0000] {ssh.py:526} INFO - 25/03/14 09:43:41 INFO FileScanRDD: Reading File path: s3a://de5-finalproj-team2/raw_data/json/match_data/2025-03-14/group_0.json, range: 0-1131122, partition values: [empty row]
[2025-03-14T09:43:52.922+0000] {ssh.py:526} INFO - 25/03/14 09:43:41 INFO CodeGenerator: Code generated in 427.591304 ms
[2025-03-14T09:43:52.922+0000] {ssh.py:526} INFO - 25/03/14 09:43:42 INFO Executor: Finished task 0.0 in stage 0.0 (TID 0). 2408 bytes result sent to driver
[2025-03-14T09:43:52.922+0000] {ssh.py:526} INFO - 25/03/14 09:43:42 INFO TaskSetManager: Finished task 0.0 in stage 0.0 (TID 0) in 1439 ms on ip-172-31-12-182.ap-northeast-2.compute.internal (executor driver) (1/1)
[2025-03-14T09:43:52.922+0000] {ssh.py:526} INFO - 25/03/14 09:43:42 INFO TaskSchedulerImpl: Removed TaskSet 0.0, whose tasks have all completed, from pool 
[2025-03-14T09:43:52.923+0000] {ssh.py:526} INFO - 25/03/14 09:43:42 INFO DAGScheduler: ResultStage 0 (json at NativeMethodAccessorImpl.java:0) finished in 1.719 s
[2025-03-14T09:43:52.923+0000] {ssh.py:526} INFO - 25/03/14 09:43:42 INFO DAGScheduler: Job 0 is finished. Cancelling potential speculative or zombie tasks for this job
[2025-03-14T09:43:52.923+0000] {ssh.py:526} INFO - 25/03/14 09:43:42 INFO TaskSchedulerImpl: Killing all running tasks in stage 0: Stage finished
[2025-03-14T09:43:52.923+0000] {ssh.py:526} INFO - 25/03/14 09:43:42 INFO DAGScheduler: Job 0 finished: json at NativeMethodAccessorImpl.java:0, took 1.839871 s
[2025-03-14T09:43:52.923+0000] {ssh.py:526} INFO - Writing trend_analysis parquet
[2025-03-14T09:43:52.923+0000] {ssh.py:526} INFO - 25/03/14 09:43:43 INFO BlockManagerInfo: Removed broadcast_1_piece0 on 0.0.0.0:36379 in memory (size: 7.8 KiB, free: 434.4 MiB)
[2025-03-14T09:43:52.923+0000] {ssh.py:526} INFO - 25/03/14 09:43:43 INFO BlockManagerInfo: Removed broadcast_0_piece0 on 0.0.0.0:36379 in memory (size: 34.7 KiB, free: 434.4 MiB)
[2025-03-14T09:43:52.923+0000] {ssh.py:526} INFO - 25/03/14 09:43:43 INFO FileSourceStrategy: Pushed Filters: IsNotNull(player_info)
[2025-03-14T09:43:52.924+0000] {ssh.py:526} INFO - 25/03/14 09:43:43 INFO FileSourceStrategy: Post-Scan Filters: (size(player_info#13, true) > 0),isnotnull(player_info#13)
[2025-03-14T09:43:52.924+0000] {ssh.py:526} INFO - 25/03/14 09:43:43 INFO ParquetUtils: Using default output committer for Parquet: org.apache.parquet.hadoop.ParquetOutputCommitter
[2025-03-14T09:43:52.924+0000] {ssh.py:526} INFO - 25/03/14 09:43:43 INFO FileOutputCommitter: File Output Committer Algorithm version is 1
[2025-03-14T09:43:52.925+0000] {ssh.py:526} INFO - 25/03/14 09:43:43 INFO FileOutputCommitter: FileOutputCommitter skip cleanup _temporary folders under output directory:false, ignore cleanup failures: false
[2025-03-14T09:43:52.925+0000] {ssh.py:526} INFO - 25/03/14 09:43:43 INFO SQLHadoopMapReduceCommitProtocol: Using user defined output committer class org.apache.parquet.hadoop.ParquetOutputCommitter
[2025-03-14T09:43:52.925+0000] {ssh.py:526} INFO - 25/03/14 09:43:43 INFO FileOutputCommitter: File Output Committer Algorithm version is 1
[2025-03-14T09:43:52.925+0000] {ssh.py:526} INFO - 25/03/14 09:43:43 INFO FileOutputCommitter: FileOutputCommitter skip cleanup _temporary folders under output directory:false, ignore cleanup failures: false
[2025-03-14T09:43:52.925+0000] {ssh.py:526} INFO - 25/03/14 09:43:43 INFO SQLHadoopMapReduceCommitProtocol: Using output committer class org.apache.parquet.hadoop.ParquetOutputCommitter
[2025-03-14T09:43:52.925+0000] {ssh.py:526} INFO - 25/03/14 09:43:44 INFO CodeGenerator: Code generated in 106.350352 ms
[2025-03-14T09:43:52.926+0000] {ssh.py:526} INFO - 25/03/14 09:43:44 INFO MemoryStore: Block broadcast_2 stored as values in memory (estimated size 200.9 KiB, free 434.2 MiB)
[2025-03-14T09:43:52.926+0000] {ssh.py:526} INFO - 25/03/14 09:43:44 INFO MemoryStore: Block broadcast_2_piece0 stored as bytes in memory (estimated size 34.7 KiB, free 434.2 MiB)
[2025-03-14T09:43:52.926+0000] {ssh.py:526} INFO - 25/03/14 09:43:44 INFO BlockManagerInfo: Added broadcast_2_piece0 in memory on 0.0.0.0:36379 (size: 34.7 KiB, free: 434.4 MiB)
[2025-03-14T09:43:52.926+0000] {ssh.py:526} INFO - 25/03/14 09:43:44 INFO SparkContext: Created broadcast 2 from save at NativeMethodAccessorImpl.java:0
[2025-03-14T09:43:52.926+0000] {ssh.py:526} INFO - 25/03/14 09:43:44 INFO FileSourceScanExec: Planning scan with bin packing, max size: 5325426 bytes, open cost is considered as scanning 4194304 bytes.
[2025-03-14T09:43:52.926+0000] {ssh.py:526} INFO - 25/03/14 09:43:44 INFO SparkContext: Starting job: save at NativeMethodAccessorImpl.java:0
[2025-03-14T09:43:52.926+0000] {ssh.py:526} INFO - 25/03/14 09:43:44 INFO DAGScheduler: Got job 1 (save at NativeMethodAccessorImpl.java:0) with 1 output partitions
[2025-03-14T09:43:52.927+0000] {ssh.py:526} INFO - 25/03/14 09:43:44 INFO DAGScheduler: Final stage: ResultStage 1 (save at NativeMethodAccessorImpl.java:0)
[2025-03-14T09:43:52.927+0000] {ssh.py:526} INFO - 25/03/14 09:43:44 INFO DAGScheduler: Parents of final stage: List()
[2025-03-14T09:43:52.929+0000] {ssh.py:526} INFO - 25/03/14 09:43:44 INFO DAGScheduler: Missing parents: List()
[2025-03-14T09:43:52.929+0000] {ssh.py:526} INFO - 25/03/14 09:43:44 INFO DAGScheduler: Submitting ResultStage 1 (MapPartitionsRDD[7] at save at NativeMethodAccessorImpl.java:0), which has no missing parents
[2025-03-14T09:43:52.930+0000] {ssh.py:526} INFO - 25/03/14 09:43:44 INFO MemoryStore: Block broadcast_3 stored as values in memory (estimated size 225.1 KiB, free 434.0 MiB)
[2025-03-14T09:43:52.930+0000] {ssh.py:526} INFO - 25/03/14 09:43:44 INFO MemoryStore: Block broadcast_3_piece0 stored as bytes in memory (estimated size 81.0 KiB, free 433.9 MiB)
[2025-03-14T09:43:52.930+0000] {ssh.py:526} INFO - 25/03/14 09:43:44 INFO BlockManagerInfo: Added broadcast_3_piece0 in memory on 0.0.0.0:36379 (size: 81.0 KiB, free: 434.3 MiB)
[2025-03-14T09:43:52.930+0000] {ssh.py:526} INFO - 25/03/14 09:43:44 INFO SparkContext: Created broadcast 3 from broadcast at DAGScheduler.scala:1585
[2025-03-14T09:43:52.931+0000] {ssh.py:526} INFO - 25/03/14 09:43:44 INFO DAGScheduler: Submitting 1 missing tasks from ResultStage 1 (MapPartitionsRDD[7] at save at NativeMethodAccessorImpl.java:0) (first 15 tasks are for partitions Vector(0))
[2025-03-14T09:43:52.931+0000] {ssh.py:526} INFO - 25/03/14 09:43:44 INFO TaskSchedulerImpl: Adding task set 1.0 with 1 tasks resource profile 0
[2025-03-14T09:43:52.931+0000] {ssh.py:526} INFO - 25/03/14 09:43:44 INFO TaskSetManager: Starting task 0.0 in stage 1.0 (TID 1) (ip-172-31-12-182.ap-northeast-2.compute.internal, executor driver, partition 0, PROCESS_LOCAL, 9636 bytes) 
[2025-03-14T09:43:52.931+0000] {ssh.py:526} INFO - 25/03/14 09:43:44 INFO Executor: Running task 0.0 in stage 1.0 (TID 1)
[2025-03-14T09:43:52.931+0000] {ssh.py:526} INFO - 25/03/14 09:43:44 INFO CodeGenerator: Code generated in 94.223048 ms
[2025-03-14T09:43:52.931+0000] {ssh.py:526} INFO - 25/03/14 09:43:44 INFO FileOutputCommitter: File Output Committer Algorithm version is 1
[2025-03-14T09:43:52.932+0000] {ssh.py:526} INFO - 25/03/14 09:43:44 INFO FileOutputCommitter: FileOutputCommitter skip cleanup _temporary folders under output directory:false, ignore cleanup failures: false
[2025-03-14T09:43:52.932+0000] {ssh.py:526} INFO - 25/03/14 09:43:44 INFO SQLHadoopMapReduceCommitProtocol: Using user defined output committer class org.apache.parquet.hadoop.ParquetOutputCommitter
[2025-03-14T09:43:52.932+0000] {ssh.py:526} INFO - 25/03/14 09:43:44 INFO FileOutputCommitter: File Output Committer Algorithm version is 1
[2025-03-14T09:43:52.932+0000] {ssh.py:526} INFO - 25/03/14 09:43:44 INFO FileOutputCommitter: FileOutputCommitter skip cleanup _temporary folders under output directory:false, ignore cleanup failures: false
[2025-03-14T09:43:52.932+0000] {ssh.py:526} INFO - 25/03/14 09:43:44 INFO SQLHadoopMapReduceCommitProtocol: Using output committer class org.apache.parquet.hadoop.ParquetOutputCommitter
[2025-03-14T09:43:52.932+0000] {ssh.py:526} INFO - 25/03/14 09:43:44 INFO CodecConfig: Compression: SNAPPY
[2025-03-14T09:43:52.933+0000] {ssh.py:526} INFO - 25/03/14 09:43:44 INFO CodecConfig: Compression: SNAPPY
[2025-03-14T09:43:52.933+0000] {ssh.py:526} INFO - 25/03/14 09:43:44 INFO ParquetOutputFormat: ParquetRecordWriter [block size: 134217728b, row group padding size: 8388608b, validating: false]
[2025-03-14T09:43:52.933+0000] {ssh.py:526} INFO - 25/03/14 09:43:44 INFO ParquetWriteSupport: Initialized Parquet WriteSupport with Catalyst schema:
[2025-03-14T09:43:52.933+0000] {ssh.py:526} INFO - {
[2025-03-14T09:43:52.933+0000] {ssh.py:526} INFO -   "type" : "struct",
[2025-03-14T09:43:52.933+0000] {ssh.py:526} INFO -   "fields" : [ {
[2025-03-14T09:43:52.933+0000] {ssh.py:526} INFO -     "name" : "match_id",
[2025-03-14T09:43:52.934+0000] {ssh.py:526} INFO -     "type" : "string",
[2025-03-14T09:43:52.934+0000] {ssh.py:526} INFO -     "nullable" : true,
[2025-03-14T09:43:52.934+0000] {ssh.py:526} INFO -     "metadata" : { }
[2025-03-14T09:43:52.934+0000] {ssh.py:526} INFO -   }, {
[2025-03-14T09:43:52.934+0000] {ssh.py:526} INFO -     "name" : "spid",
[2025-03-14T09:43:52.934+0000] {ssh.py:526} INFO -     "type" : "integer",
[2025-03-14T09:43:52.934+0000] {ssh.py:526} INFO -     "nullable" : true,
[2025-03-14T09:43:52.935+0000] {ssh.py:526} INFO -     "metadata" : { }
[2025-03-14T09:43:52.935+0000] {ssh.py:526} INFO -   }, {
[2025-03-14T09:43:52.935+0000] {ssh.py:526} INFO -     "name" : "season_id",
[2025-03-14T09:43:52.935+0000] {ssh.py:526} INFO -     "type" : "integer",
[2025-03-14T09:43:52.935+0000] {ssh.py:526} INFO -     "nullable" : true,
[2025-03-14T09:43:52.935+0000] {ssh.py:526} INFO -     "metadata" : { }
[2025-03-14T09:43:52.936+0000] {ssh.py:526} INFO -   }, {
[2025-03-14T09:43:52.936+0000] {ssh.py:526} INFO -     "name" : "gamer_nickname",
[2025-03-14T09:43:52.936+0000] {ssh.py:526} INFO -     "type" : "string",
[2025-03-14T09:43:52.936+0000] {ssh.py:526} INFO -     "nullable" : true,
[2025-03-14T09:43:52.936+0000] {ssh.py:526} INFO -     "metadata" : { }
[2025-03-14T09:43:52.936+0000] {ssh.py:526} INFO -   }, {
[2025-03-14T09:43:52.936+0000] {ssh.py:526} INFO -     "name" : "position",
[2025-03-14T09:43:52.937+0000] {ssh.py:526} INFO -     "type" : "integer",
[2025-03-14T09:43:52.937+0000] {ssh.py:526} INFO -     "nullable" : true,
[2025-03-14T09:43:52.937+0000] {ssh.py:526} INFO -     "metadata" : { }
[2025-03-14T09:43:52.937+0000] {ssh.py:526} INFO -   }, {
[2025-03-14T09:43:52.937+0000] {ssh.py:526} INFO -     "name" : "ouid",
[2025-03-14T09:43:52.937+0000] {ssh.py:526} INFO -     "type" : "string",
[2025-03-14T09:43:52.937+0000] {ssh.py:526} INFO -     "nullable" : true,
[2025-03-14T09:43:52.937+0000] {ssh.py:526} INFO -     "metadata" : { }
[2025-03-14T09:43:52.937+0000] {ssh.py:526} INFO -   }, {
[2025-03-14T09:43:52.938+0000] {ssh.py:526} INFO -     "name" : "spgrade",
[2025-03-14T09:43:52.938+0000] {ssh.py:526} INFO -     "type" : "integer",
[2025-03-14T09:43:52.938+0000] {ssh.py:526} INFO -     "nullable" : true,
[2025-03-14T09:43:52.938+0000] {ssh.py:526} INFO -     "metadata" : { }
[2025-03-14T09:43:52.938+0000] {ssh.py:526} INFO -   }, {
[2025-03-14T09:43:52.938+0000] {ssh.py:526} INFO -     "name" : "matchresult",
[2025-03-14T09:43:52.938+0000] {ssh.py:526} INFO -     "type" : "string",
[2025-03-14T09:43:52.938+0000] {ssh.py:526} INFO -     "nullable" : true,
[2025-03-14T09:43:52.938+0000] {ssh.py:526} INFO -     "metadata" : { }
[2025-03-14T09:43:52.939+0000] {ssh.py:526} INFO -   }, {
[2025-03-14T09:43:52.939+0000] {ssh.py:526} INFO -     "name" : "match_date",
[2025-03-14T09:43:52.939+0000] {ssh.py:526} INFO -     "type" : "date",
[2025-03-14T09:43:52.939+0000] {ssh.py:526} INFO -     "nullable" : true,
[2025-03-14T09:43:52.939+0000] {ssh.py:526} INFO -     "metadata" : { }
[2025-03-14T09:43:52.939+0000] {ssh.py:526} INFO -   } ]
[2025-03-14T09:43:52.939+0000] {ssh.py:526} INFO - }
[2025-03-14T09:43:52.939+0000] {ssh.py:526} INFO - and corresponding Parquet message type:
[2025-03-14T09:43:52.940+0000] {ssh.py:526} INFO - message spark_schema {
[2025-03-14T09:43:52.940+0000] {ssh.py:526} INFO -   optional binary match_id (STRING);
[2025-03-14T09:43:52.940+0000] {ssh.py:526} INFO -   optional int32 spid;
[2025-03-14T09:43:52.940+0000] {ssh.py:526} INFO -   optional int32 season_id;
[2025-03-14T09:43:52.940+0000] {ssh.py:526} INFO -   optional binary gamer_nickname (STRING);
[2025-03-14T09:43:52.940+0000] {ssh.py:526} INFO -   optional int32 position;
[2025-03-14T09:43:52.941+0000] {ssh.py:526} INFO -   optional binary ouid (STRING);
[2025-03-14T09:43:52.941+0000] {ssh.py:526} INFO -   optional int32 spgrade;
[2025-03-14T09:43:52.941+0000] {ssh.py:526} INFO -   optional binary matchresult (STRING);
[2025-03-14T09:43:52.941+0000] {ssh.py:526} INFO -   optional int32 match_date (DATE);
[2025-03-14T09:43:52.941+0000] {ssh.py:526} INFO - }
[2025-03-14T09:43:52.942+0000] {ssh.py:526} INFO - 
[2025-03-14T09:43:52.942+0000] {ssh.py:526} INFO -        
[2025-03-14T09:43:52.942+0000] {ssh.py:526} INFO - 25/03/14 09:43:45 INFO CodecPool: Got brand-new compressor [.snappy]
[2025-03-14T09:43:52.946+0000] {ssh.py:526} INFO - 25/03/14 09:43:45 INFO FileScanRDD: Reading File path: s3a://de5-finalproj-team2/raw_data/json/match_data/2025-03-14/group_0.json, range: 0-1131122, partition values: [empty row]
[2025-03-14T09:43:52.946+0000] {ssh.py:526} INFO - 25/03/14 09:43:45 INFO CodeGenerator: Code generated in 58.811602 ms
[2025-03-14T09:43:52.946+0000] {ssh.py:526} INFO - 25/03/14 09:43:45 INFO CodeGenerator: Code generated in 8.06728 ms
[2025-03-14T09:43:52.946+0000] {ssh.py:526} INFO - 25/03/14 09:43:48 INFO FileOutputCommitter: Saved output of task 'attempt_202503140943447247804909525921600_0001_m_000000_1' to s3a://de5-finalproj-team2/trend_analysis/match_data/2025-03-14/_temporary/0/task_202503140943447247804909525921600_0001_m_000000
[2025-03-14T09:43:52.946+0000] {ssh.py:526} INFO - 25/03/14 09:43:48 INFO SparkHadoopMapRedUtil: attempt_202503140943447247804909525921600_0001_m_000000_1: Committed. Elapsed time: 600 ms.
[2025-03-14T09:43:52.946+0000] {ssh.py:526} INFO - 25/03/14 09:43:48 INFO Executor: Finished task 0.0 in stage 1.0 (TID 1). 2725 bytes result sent to driver
[2025-03-14T09:43:52.947+0000] {ssh.py:526} INFO - 25/03/14 09:43:48 INFO TaskSetManager: Finished task 0.0 in stage 1.0 (TID 1) in 3529 ms on ip-172-31-12-182.ap-northeast-2.compute.internal (executor driver) (1/1)
[2025-03-14T09:43:52.947+0000] {ssh.py:526} INFO - 25/03/14 09:43:48 INFO TaskSchedulerImpl: Removed TaskSet 1.0, whose tasks have all completed, from pool 
[2025-03-14T09:43:52.947+0000] {ssh.py:526} INFO - 25/03/14 09:43:48 INFO DAGScheduler: ResultStage 1 (save at NativeMethodAccessorImpl.java:0) finished in 3.691 s
[2025-03-14T09:43:52.948+0000] {ssh.py:526} INFO - 25/03/14 09:43:48 INFO DAGScheduler: Job 1 is finished. Cancelling potential speculative or zombie tasks for this job
[2025-03-14T09:43:52.948+0000] {ssh.py:526} INFO - 25/03/14 09:43:48 INFO TaskSchedulerImpl: Killing all running tasks in stage 1: Stage finished
[2025-03-14T09:43:52.948+0000] {ssh.py:526} INFO - 25/03/14 09:43:48 INFO DAGScheduler: Job 1 finished: save at NativeMethodAccessorImpl.java:0, took 3.703751 s
[2025-03-14T09:43:52.949+0000] {ssh.py:526} INFO - 25/03/14 09:43:48 INFO FileFormatWriter: Start to commit write Job c2358309-e03e-454f-92a7-e876d47c75d3.
[2025-03-14T09:43:52.949+0000] {ssh.py:526} INFO - 25/03/14 09:43:49 INFO FileFormatWriter: Write Job c2358309-e03e-454f-92a7-e876d47c75d3 committed. Elapsed time: 1010 ms.
[2025-03-14T09:43:52.949+0000] {ssh.py:526} INFO - 25/03/14 09:43:49 INFO FileFormatWriter: Finished processing stats for write job c2358309-e03e-454f-92a7-e876d47c75d3.
[2025-03-14T09:43:52.950+0000] {ssh.py:526} INFO - Writing analytics parquet
[2025-03-14T09:43:52.950+0000] {ssh.py:526} INFO - 25/03/14 09:43:49 INFO FileSourceStrategy: Pushed Filters: IsNotNull(player_info)
[2025-03-14T09:43:52.950+0000] {ssh.py:526} INFO - 25/03/14 09:43:49 INFO FileSourceStrategy: Post-Scan Filters: (size(player_info#13, true) > 0),isnotnull(player_info#13)
[2025-03-14T09:43:52.950+0000] {ssh.py:526} INFO - 25/03/14 09:43:49 INFO ParquetUtils: Using default output committer for Parquet: org.apache.parquet.hadoop.ParquetOutputCommitter
[2025-03-14T09:43:52.951+0000] {ssh.py:526} INFO - 25/03/14 09:43:49 INFO FileOutputCommitter: File Output Committer Algorithm version is 1
[2025-03-14T09:43:52.951+0000] {ssh.py:526} INFO - 25/03/14 09:43:49 INFO FileOutputCommitter: FileOutputCommitter skip cleanup _temporary folders under output directory:false, ignore cleanup failures: false
[2025-03-14T09:43:52.951+0000] {ssh.py:526} INFO - 25/03/14 09:43:49 INFO SQLHadoopMapReduceCommitProtocol: Using user defined output committer class org.apache.parquet.hadoop.ParquetOutputCommitter
[2025-03-14T09:43:52.951+0000] {ssh.py:526} INFO - 25/03/14 09:43:49 INFO FileOutputCommitter: File Output Committer Algorithm version is 1
[2025-03-14T09:43:52.951+0000] {ssh.py:526} INFO - 25/03/14 09:43:49 INFO FileOutputCommitter: FileOutputCommitter skip cleanup _temporary folders under output directory:false, ignore cleanup failures: false
[2025-03-14T09:43:52.952+0000] {ssh.py:526} INFO - 25/03/14 09:43:49 INFO SQLHadoopMapReduceCommitProtocol: Using output committer class org.apache.parquet.hadoop.ParquetOutputCommitter
[2025-03-14T09:43:52.952+0000] {ssh.py:526} INFO - 25/03/14 09:43:49 INFO CodeGenerator: Code generated in 43.364288 ms
[2025-03-14T09:43:52.952+0000] {ssh.py:526} INFO - 25/03/14 09:43:49 INFO MemoryStore: Block broadcast_4 stored as values in memory (estimated size 200.9 KiB, free 433.7 MiB)
[2025-03-14T09:43:52.952+0000] {ssh.py:526} INFO - 25/03/14 09:43:49 INFO MemoryStore: Block broadcast_4_piece0 stored as bytes in memory (estimated size 34.7 KiB, free 433.6 MiB)
[2025-03-14T09:43:52.952+0000] {ssh.py:526} INFO - 25/03/14 09:43:49 INFO BlockManagerInfo: Added broadcast_4_piece0 in memory on 0.0.0.0:36379 (size: 34.7 KiB, free: 434.3 MiB)
[2025-03-14T09:43:52.952+0000] {ssh.py:526} INFO - 25/03/14 09:43:49 INFO SparkContext: Created broadcast 4 from save at NativeMethodAccessorImpl.java:0
[2025-03-14T09:43:52.952+0000] {ssh.py:526} INFO - 25/03/14 09:43:49 INFO FileSourceScanExec: Planning scan with bin packing, max size: 5325426 bytes, open cost is considered as scanning 4194304 bytes.
[2025-03-14T09:43:52.953+0000] {ssh.py:526} INFO - 25/03/14 09:43:49 INFO SparkContext: Starting job: save at NativeMethodAccessorImpl.java:0
[2025-03-14T09:43:52.953+0000] {ssh.py:526} INFO - 25/03/14 09:43:49 INFO DAGScheduler: Got job 2 (save at NativeMethodAccessorImpl.java:0) with 1 output partitions
[2025-03-14T09:43:52.953+0000] {ssh.py:526} INFO - 25/03/14 09:43:49 INFO DAGScheduler: Final stage: ResultStage 2 (save at NativeMethodAccessorImpl.java:0)
[2025-03-14T09:43:52.953+0000] {ssh.py:526} INFO - 25/03/14 09:43:49 INFO DAGScheduler: Parents of final stage: List()
[2025-03-14T09:43:52.953+0000] {ssh.py:526} INFO - 25/03/14 09:43:49 INFO DAGScheduler: Missing parents: List()
[2025-03-14T09:43:52.953+0000] {ssh.py:526} INFO - 25/03/14 09:43:49 INFO DAGScheduler: Submitting ResultStage 2 (MapPartitionsRDD[11] at save at NativeMethodAccessorImpl.java:0), which has no missing parents
[2025-03-14T09:43:52.953+0000] {ssh.py:526} INFO - 25/03/14 09:43:50 INFO MemoryStore: Block broadcast_5 stored as values in memory (estimated size 223.4 KiB, free 433.4 MiB)
[2025-03-14T09:43:52.953+0000] {ssh.py:526} INFO - 25/03/14 09:43:50 INFO MemoryStore: Block broadcast_5_piece0 stored as bytes in memory (estimated size 80.3 KiB, free 433.3 MiB)
[2025-03-14T09:43:52.953+0000] {ssh.py:526} INFO - 25/03/14 09:43:50 INFO BlockManagerInfo: Added broadcast_5_piece0 in memory on 0.0.0.0:36379 (size: 80.3 KiB, free: 434.2 MiB)
[2025-03-14T09:43:52.954+0000] {ssh.py:526} INFO - 25/03/14 09:43:50 INFO SparkContext: Created broadcast 5 from broadcast at DAGScheduler.scala:1585
[2025-03-14T09:43:52.954+0000] {ssh.py:526} INFO - 25/03/14 09:43:50 INFO DAGScheduler: Submitting 1 missing tasks from ResultStage 2 (MapPartitionsRDD[11] at save at NativeMethodAccessorImpl.java:0) (first 15 tasks are for partitions Vector(0))
[2025-03-14T09:43:52.954+0000] {ssh.py:526} INFO - 25/03/14 09:43:50 INFO TaskSchedulerImpl: Adding task set 2.0 with 1 tasks resource profile 0
[2025-03-14T09:43:52.954+0000] {ssh.py:526} INFO - 25/03/14 09:43:50 INFO TaskSetManager: Starting task 0.0 in stage 2.0 (TID 2) (ip-172-31-12-182.ap-northeast-2.compute.internal, executor driver, partition 0, PROCESS_LOCAL, 9636 bytes) 
[2025-03-14T09:43:52.954+0000] {ssh.py:526} INFO - 25/03/14 09:43:50 INFO Executor: Running task 0.0 in stage 2.0 (TID 2)
[2025-03-14T09:43:52.954+0000] {ssh.py:526} INFO - 25/03/14 09:43:50 INFO BlockManagerInfo: Removed broadcast_3_piece0 on 0.0.0.0:36379 in memory (size: 81.0 KiB, free: 434.3 MiB)
[2025-03-14T09:43:52.954+0000] {ssh.py:526} INFO - 25/03/14 09:43:50 INFO CodeGenerator: Code generated in 48.305371 ms
[2025-03-14T09:43:52.954+0000] {ssh.py:526} INFO - 25/03/14 09:43:50 INFO FileOutputCommitter: File Output Committer Algorithm version is 1
[2025-03-14T09:43:52.954+0000] {ssh.py:526} INFO - 25/03/14 09:43:50 INFO FileOutputCommitter: FileOutputCommitter skip cleanup _temporary folders under output directory:false, ignore cleanup failures: false
[2025-03-14T09:43:52.955+0000] {ssh.py:526} INFO - 25/03/14 09:43:50 INFO SQLHadoopMapReduceCommitProtocol: Using user defined output committer class org.apache.parquet.hadoop.ParquetOutputCommitter
[2025-03-14T09:43:52.955+0000] {ssh.py:526} INFO - 25/03/14 09:43:50 INFO FileOutputCommitter: File Output Committer Algorithm version is 1
[2025-03-14T09:43:52.955+0000] {ssh.py:526} INFO - 25/03/14 09:43:50 INFO FileOutputCommitter: FileOutputCommitter skip cleanup _temporary folders under output directory:false, ignore cleanup failures: false
[2025-03-14T09:43:52.955+0000] {ssh.py:526} INFO - 25/03/14 09:43:50 INFO SQLHadoopMapReduceCommitProtocol: Using output committer class org.apache.parquet.hadoop.ParquetOutputCommitter
[2025-03-14T09:43:52.955+0000] {ssh.py:526} INFO - 25/03/14 09:43:50 INFO CodecConfig: Compression: SNAPPY
[2025-03-14T09:43:52.955+0000] {ssh.py:526} INFO - 25/03/14 09:43:50 INFO CodecConfig: Compression: SNAPPY
[2025-03-14T09:43:52.955+0000] {ssh.py:526} INFO - 25/03/14 09:43:50 INFO ParquetOutputFormat: ParquetRecordWriter [block size: 134217728b, row group padding size: 8388608b, validating: false]
[2025-03-14T09:43:52.955+0000] {ssh.py:526} INFO - 25/03/14 09:43:50 INFO ParquetWriteSupport: Initialized Parquet WriteSupport with Catalyst schema:
[2025-03-14T09:43:52.956+0000] {ssh.py:526} INFO - {
[2025-03-14T09:43:52.956+0000] {ssh.py:526} INFO -   "type" : "struct",
[2025-03-14T09:43:52.956+0000] {ssh.py:526} INFO -   "fields" : [ {
[2025-03-14T09:43:52.956+0000] {ssh.py:526} INFO -     "name" : "match_id",
[2025-03-14T09:43:52.956+0000] {ssh.py:526} INFO -     "type" : "string",
[2025-03-14T09:43:52.956+0000] {ssh.py:526} INFO -     "nullable" : true,
[2025-03-14T09:43:52.956+0000] {ssh.py:526} INFO -     "metadata" : { }
[2025-03-14T09:43:52.957+0000] {ssh.py:526} INFO -   }, {
[2025-03-14T09:43:52.957+0000] {ssh.py:526} INFO -     "name" : "spid",
[2025-03-14T09:43:52.957+0000] {ssh.py:526} INFO -     "type" : "integer",
[2025-03-14T09:43:52.957+0000] {ssh.py:526} INFO -     "nullable" : true,
[2025-03-14T09:43:52.957+0000] {ssh.py:526} INFO -     "metadata" : { }
[2025-03-14T09:43:52.957+0000] {ssh.py:526} INFO -   }, {
[2025-03-14T09:43:52.957+0000] {ssh.py:526} INFO -     "name" : "season_id",
[2025-03-14T09:43:52.957+0000] {ssh.py:526} INFO -     "type" : "integer",
[2025-03-14T09:43:52.957+0000] {ssh.py:526} INFO -     "nullable" : true,
[2025-03-14T09:43:52.958+0000] {ssh.py:526} INFO -     "metadata" : { }
[2025-03-14T09:43:52.958+0000] {ssh.py:526} INFO -   }, {
[2025-03-14T09:43:52.958+0000] {ssh.py:526} INFO -     "name" : "gamer_nickname",
[2025-03-14T09:43:52.958+0000] {ssh.py:526} INFO -     "type" : "string",
[2025-03-14T09:43:52.958+0000] {ssh.py:526} INFO -     "nullable" : true,
[2025-03-14T09:43:52.958+0000] {ssh.py:526} INFO -     "metadata" : { }
[2025-03-14T09:43:52.958+0000] {ssh.py:526} INFO -   }, {
[2025-03-14T09:43:52.959+0000] {ssh.py:526} INFO -     "name" : "position",
[2025-03-14T09:43:52.959+0000] {ssh.py:526} INFO -     "type" : "integer",
[2025-03-14T09:43:52.959+0000] {ssh.py:526} INFO -     "nullable" : true,
[2025-03-14T09:43:52.959+0000] {ssh.py:526} INFO -     "metadata" : { }
[2025-03-14T09:43:52.959+0000] {ssh.py:526} INFO -   }, {
[2025-03-14T09:43:52.959+0000] {ssh.py:526} INFO -     "name" : "spgrade",
[2025-03-14T09:43:52.961+0000] {ssh.py:526} INFO -     "type" : "integer",
[2025-03-14T09:43:52.961+0000] {ssh.py:526} INFO -     "nullable" : true,
[2025-03-14T09:43:52.961+0000] {ssh.py:526} INFO -     "metadata" : { }
[2025-03-14T09:43:52.961+0000] {ssh.py:526} INFO -   }, {
[2025-03-14T09:43:52.962+0000] {ssh.py:526} INFO -     "name" : "matchresult",
[2025-03-14T09:43:52.962+0000] {ssh.py:526} INFO -     "type" : "string",
[2025-03-14T09:43:52.962+0000] {ssh.py:526} INFO -     "nullable" : true,
[2025-03-14T09:43:52.962+0000] {ssh.py:526} INFO -     "metadata" : { }
[2025-03-14T09:43:52.962+0000] {ssh.py:526} INFO -   } ]
[2025-03-14T09:43:52.962+0000] {ssh.py:526} INFO - }
[2025-03-14T09:43:52.962+0000] {ssh.py:526} INFO - and corresponding Parquet message type:
[2025-03-14T09:43:52.962+0000] {ssh.py:526} INFO - message spark_schema {
[2025-03-14T09:43:52.963+0000] {ssh.py:526} INFO -   optional binary match_id (STRING);
[2025-03-14T09:43:52.963+0000] {ssh.py:526} INFO -   optional int32 spid;
[2025-03-14T09:43:52.963+0000] {ssh.py:526} INFO -   optional int32 season_id;
[2025-03-14T09:43:52.963+0000] {ssh.py:526} INFO -   optional binary gamer_nickname (STRING);
[2025-03-14T09:43:52.963+0000] {ssh.py:526} INFO -   optional int32 position;
[2025-03-14T09:43:52.963+0000] {ssh.py:526} INFO -   optional int32 spgrade;
[2025-03-14T09:43:52.964+0000] {ssh.py:526} INFO -   optional binary matchresult (STRING);
[2025-03-14T09:43:52.964+0000] {ssh.py:526} INFO - }
[2025-03-14T09:43:52.964+0000] {ssh.py:526} INFO - 
[2025-03-14T09:43:52.964+0000] {ssh.py:526} INFO -        
[2025-03-14T09:43:52.964+0000] {ssh.py:526} INFO - 25/03/14 09:43:50 INFO FileScanRDD: Reading File path: s3a://de5-finalproj-team2/raw_data/json/match_data/2025-03-14/group_0.json, range: 0-1131122, partition values: [empty row]
[2025-03-14T09:43:52.964+0000] {ssh.py:526} INFO - 25/03/14 09:43:50 INFO CodeGenerator: Code generated in 50.469848 ms
[2025-03-14T09:43:52.964+0000] {ssh.py:526} INFO - 25/03/14 09:43:50 INFO CodeGenerator: Code generated in 12.854158 ms
[2025-03-14T09:43:52.964+0000] {ssh.py:526} INFO - 25/03/14 09:43:50 INFO BlockManagerInfo: Removed broadcast_2_piece0 on 0.0.0.0:36379 in memory (size: 34.7 KiB, free: 434.3 MiB)
[2025-03-14T09:43:52.965+0000] {ssh.py:526} INFO - 25/03/14 09:43:51 INFO FileOutputCommitter: Saved output of task 'attempt_202503140943491954140188810278154_0002_m_000000_2' to s3a://de5-finalproj-team2/analytics/match_data/2025-03-14/_temporary/0/task_202503140943491954140188810278154_0002_m_000000
[2025-03-14T09:43:52.965+0000] {ssh.py:526} INFO - 25/03/14 09:43:51 INFO SparkHadoopMapRedUtil: attempt_202503140943491954140188810278154_0002_m_000000_2: Committed. Elapsed time: 539 ms.
[2025-03-14T09:43:52.965+0000] {ssh.py:526} INFO - 25/03/14 09:43:51 INFO Executor: Finished task 0.0 in stage 2.0 (TID 2). 2725 bytes result sent to driver
[2025-03-14T09:43:52.965+0000] {ssh.py:526} INFO - 25/03/14 09:43:51 INFO TaskSetManager: Finished task 0.0 in stage 2.0 (TID 2) in 1644 ms on ip-172-31-12-182.ap-northeast-2.compute.internal (executor driver) (1/1)
[2025-03-14T09:43:52.965+0000] {ssh.py:526} INFO - 25/03/14 09:43:51 INFO DAGScheduler: ResultStage 2 (save at NativeMethodAccessorImpl.java:0) finished in 1.738 s
[2025-03-14T09:43:52.965+0000] {ssh.py:526} INFO - 25/03/14 09:43:51 INFO DAGScheduler: Job 2 is finished. Cancelling potential speculative or zombie tasks for this job
[2025-03-14T09:43:52.965+0000] {ssh.py:526} INFO - 25/03/14 09:43:51 INFO TaskSchedulerImpl: Removed TaskSet 2.0, whose tasks have all completed, from pool 
[2025-03-14T09:43:52.965+0000] {ssh.py:526} INFO - 25/03/14 09:43:51 INFO TaskSchedulerImpl: Killing all running tasks in stage 2: Stage finished
[2025-03-14T09:43:52.965+0000] {ssh.py:526} INFO - 25/03/14 09:43:51 INFO DAGScheduler: Job 2 finished: save at NativeMethodAccessorImpl.java:0, took 1.751036 s
[2025-03-14T09:43:52.966+0000] {ssh.py:526} INFO - 25/03/14 09:43:51 INFO FileFormatWriter: Start to commit write Job 2a76cd93-bf6a-4d30-8f20-d294f22d0679.
[2025-03-14T09:43:52.966+0000] {ssh.py:526} INFO - 25/03/14 09:43:52 INFO FileFormatWriter: Write Job 2a76cd93-bf6a-4d30-8f20-d294f22d0679 committed. Elapsed time: 822 ms.
[2025-03-14T09:43:52.966+0000] {ssh.py:526} INFO - 25/03/14 09:43:52 INFO FileFormatWriter: Finished processing stats for write job 2a76cd93-bf6a-4d30-8f20-d294f22d0679.
[2025-03-14T09:43:52.966+0000] {ssh.py:526} INFO - 25/03/14 09:43:52 INFO SparkContext: SparkContext is stopping with exitCode 0.
[2025-03-14T09:43:52.966+0000] {ssh.py:526} INFO - 25/03/14 09:43:52 INFO SparkUI: Stopped Spark web UI at http://0.0.0.0:4041
[2025-03-14T09:43:52.966+0000] {ssh.py:526} INFO - 25/03/14 09:43:52 INFO MapOutputTrackerMasterEndpoint: MapOutputTrackerMasterEndpoint stopped!
[2025-03-14T09:43:52.966+0000] {ssh.py:526} INFO - 25/03/14 09:43:52 INFO MemoryStore: MemoryStore cleared
[2025-03-14T09:43:52.966+0000] {ssh.py:526} INFO - 25/03/14 09:43:52 INFO BlockManager: BlockManager stopped
[2025-03-14T09:43:52.966+0000] {ssh.py:526} INFO - 25/03/14 09:43:52 INFO BlockManagerMaster: BlockManagerMaster stopped
[2025-03-14T09:43:52.967+0000] {ssh.py:526} INFO - 25/03/14 09:43:52 INFO OutputCommitCoordinator$OutputCommitCoordinatorEndpoint: OutputCommitCoordinator stopped!
[2025-03-14T09:43:52.967+0000] {ssh.py:526} INFO - 25/03/14 09:43:52 INFO SparkContext: Successfully stopped SparkContext
[2025-03-14T09:43:52.967+0000] {ssh.py:526} INFO - 25/03/14 09:43:52 INFO ShutdownHookManager: Shutdown hook called
[2025-03-14T09:43:52.967+0000] {ssh.py:526} INFO - 25/03/14 09:43:52 INFO ShutdownHookManager: Deleting directory /tmp/spark-48b31789-54ad-4a40-b96e-07d363246bdf
[2025-03-14T09:43:52.968+0000] {ssh.py:526} INFO - 25/03/14 09:43:52 INFO ShutdownHookManager: Deleting directory /tmp/spark-470c8fc6-af7d-4588-b3f5-6c88b419db5c/pyspark-532606e5-fa45-408f-b3ef-4d02ed123e47
[2025-03-14T09:43:52.968+0000] {ssh.py:526} INFO - 25/03/14 09:43:52 INFO ShutdownHookManager: Deleting directory /tmp/spark-470c8fc6-af7d-4588-b3f5-6c88b419db5c
[2025-03-14T09:43:52.968+0000] {ssh.py:526} INFO - 25/03/14 09:43:52 INFO MetricsSystemImpl: Stopping s3a-file-system metrics system...
[2025-03-14T09:43:52.968+0000] {ssh.py:526} INFO - 25/03/14 09:43:52 INFO MetricsSystemImpl: s3a-file-system metrics system stopped.
[2025-03-14T09:43:52.968+0000] {ssh.py:526} INFO - 25/03/14 09:43:52 INFO MetricsSystemImpl: s3a-file-system metrics system shutdown complete.
[2025-03-14T09:43:52.968+0000] {ssh.py:526} INFO - === Spark Job Log End ===
[2025-03-14T09:43:52.968+0000] {ssh.py:526} INFO - Spark Job Succeeded!
[2025-03-14T09:43:52.988+0000] {taskinstance.py:441} INFO - ::group::Post task execution logs
[2025-03-14T09:43:53.027+0000] {taskinstance.py:1206} INFO - Marking task as SUCCESS. dag_id=match_info_spark_processing_dag, task_id=submit_spark_via_ssh, run_id=manual__2025-03-14T09:43:16.421763+00:00, execution_date=20250314T094316, start_date=20250314T094319, end_date=20250314T094353
[2025-03-14T09:43:53.054+0000] {local_task_job_runner.py:240} INFO - Task exited with return code 0
[2025-03-14T09:43:53.080+0000] {taskinstance.py:3498} INFO - 1 downstream tasks scheduled from follow-on schedule check
[2025-03-14T09:43:53.082+0000] {local_task_job_runner.py:222} INFO - ::endgroup::
