[2025-03-14T10:46:22.311+0000] {local_task_job_runner.py:120} INFO - ::group::Pre task execution logs
[2025-03-14T10:46:22.335+0000] {taskinstance.py:2076} INFO - Dependencies all met for dep_context=non-requeueable deps ti=<TaskInstance: daily_review_data_update.load_review_data_to_redshift scheduled__2025-03-13T03:50:00+00:00 [queued]>
[2025-03-14T10:46:22.344+0000] {taskinstance.py:2076} INFO - Dependencies all met for dep_context=requeueable deps ti=<TaskInstance: daily_review_data_update.load_review_data_to_redshift scheduled__2025-03-13T03:50:00+00:00 [queued]>
[2025-03-14T10:46:22.345+0000] {taskinstance.py:2306} INFO - Starting attempt 6 of 7
[2025-03-14T10:46:22.358+0000] {taskinstance.py:2330} INFO - Executing <Task(S3ToRedshiftOperator): load_review_data_to_redshift> on 2025-03-13 03:50:00+00:00
[2025-03-14T10:46:22.365+0000] {standard_task_runner.py:63} INFO - Started process 43298 to run task
[2025-03-14T10:46:22.369+0000] {standard_task_runner.py:90} INFO - Running: ['***', 'tasks', 'run', 'daily_review_data_update', 'load_review_data_to_redshift', 'scheduled__2025-03-13T03:50:00+00:00', '--job-id', '233', '--raw', '--subdir', 'DAGS_FOLDER/review_info_to_redshift.py', '--cfg-path', '/tmp/tmpsq1gszol']
[2025-03-14T10:46:22.372+0000] {standard_task_runner.py:91} INFO - Job 233: Subtask load_review_data_to_redshift
[2025-03-14T10:46:22.440+0000] {task_command.py:426} INFO - Running <TaskInstance: daily_review_data_update.load_review_data_to_redshift scheduled__2025-03-13T03:50:00+00:00 [running]> on host a0d797a25898
[2025-03-14T10:46:22.596+0000] {taskinstance.py:2648} INFO - Exporting env vars: AIRFLOW_CTX_DAG_OWNER='***' AIRFLOW_CTX_DAG_ID='daily_review_data_update' AIRFLOW_CTX_TASK_ID='load_review_data_to_redshift' AIRFLOW_CTX_EXECUTION_DATE='2025-03-13T03:50:00+00:00' AIRFLOW_CTX_TRY_NUMBER='6' AIRFLOW_CTX_DAG_RUN_ID='scheduled__2025-03-13T03:50:00+00:00'
[2025-03-14T10:46:22.597+0000] {taskinstance.py:430} INFO - ::endgroup::
[2025-03-14T10:46:22.636+0000] {base.py:84} INFO - Using connection ID 's3_conn_team' for task execution.
[2025-03-14T10:46:22.653+0000] {base.py:84} INFO - Using connection ID 's3_conn_team' for task execution.
[2025-03-14T10:46:22.654+0000] {connection_wrapper.py:384} INFO - AWS Connection (conn_id='s3_conn_team', conn_type='aws') credentials retrieved from login and password.
[2025-03-14T10:46:22.670+0000] {s3_to_redshift.py:193} INFO - Executing COPY command...
[2025-03-14T10:46:22.688+0000] {base.py:84} INFO - Using connection ID 'redshift_conn_team' for task execution.
[2025-03-14T10:46:23.301+0000] {sql.py:470} INFO - Running statement: BEGIN;, parameters: None
[2025-03-14T10:46:23.306+0000] {sql.py:470} INFO - Running statement: DELETE FROM analytics.player_review_info;, parameters: None
[2025-03-14T10:46:23.351+0000] {sql.py:479} INFO - Rows affected: 0
[2025-03-14T10:46:23.351+0000] {sql.py:470} INFO - Running statement: 
                    COPY analytics.player_review_info 
                    FROM 's3://de5-finalproj-team2/analytics/review_data_ML/2025-03-14/'
                    credentials
                    'aws_access_key_id=AKIA4RRVVY55RK5T7HCV;aws_secret_access_key=***'
                    
                    FORMAT AS PARQUET;
        , parameters: None
[2025-03-14T10:46:40.403+0000] {sql.py:470} INFO - Running statement: COMMIT, parameters: None
[2025-03-14T10:46:40.455+0000] {s3_to_redshift.py:198} INFO - COPY command complete...
[2025-03-14T10:46:40.456+0000] {taskinstance.py:441} INFO - ::group::Post task execution logs
[2025-03-14T10:46:40.502+0000] {taskinstance.py:1206} INFO - Marking task as SUCCESS. dag_id=daily_review_data_update, task_id=load_review_data_to_redshift, run_id=scheduled__2025-03-13T03:50:00+00:00, execution_date=20250313T035000, start_date=20250314T104622, end_date=20250314T104640
[2025-03-14T10:46:40.579+0000] {local_task_job_runner.py:240} INFO - Task exited with return code 0
[2025-03-14T10:46:40.600+0000] {taskinstance.py:3498} INFO - 0 downstream tasks scheduled from follow-on schedule check
[2025-03-14T10:46:40.602+0000] {local_task_job_runner.py:222} INFO - ::endgroup::
