[2025-03-11T07:57:04.480+0000] {local_task_job_runner.py:120} INFO - ::group::Pre task execution logs
[2025-03-11T07:57:04.502+0000] {taskinstance.py:2076} INFO - Dependencies all met for dep_context=non-requeueable deps ti=<TaskInstance: parquet_to_redshift.s3_to_redshift_match_trend_data manual__2025-03-11T07:56:59.912728+00:00 [queued]>
[2025-03-11T07:57:04.511+0000] {taskinstance.py:2076} INFO - Dependencies all met for dep_context=requeueable deps ti=<TaskInstance: parquet_to_redshift.s3_to_redshift_match_trend_data manual__2025-03-11T07:56:59.912728+00:00 [queued]>
[2025-03-11T07:57:04.511+0000] {taskinstance.py:2306} INFO - Starting attempt 1 of 2
[2025-03-11T07:57:04.525+0000] {taskinstance.py:2330} INFO - Executing <Task(S3ToRedshiftOperator): s3_to_redshift_match_trend_data> on 2025-03-11 07:56:59.912728+00:00
[2025-03-11T07:57:04.530+0000] {standard_task_runner.py:63} INFO - Started process 15406 to run task
[2025-03-11T07:57:04.533+0000] {standard_task_runner.py:90} INFO - Running: ['***', 'tasks', 'run', 'parquet_to_redshift', 's3_to_redshift_match_trend_data', 'manual__2025-03-11T07:56:59.912728+00:00', '--job-id', '62', '--raw', '--subdir', 'DAGS_FOLDER/match_info_redshift_dag.py', '--cfg-path', '/tmp/tmpv_o83tgt']
[2025-03-11T07:57:04.536+0000] {standard_task_runner.py:91} INFO - Job 62: Subtask s3_to_redshift_match_trend_data
[2025-03-11T07:57:04.596+0000] {task_command.py:426} INFO - Running <TaskInstance: parquet_to_redshift.s3_to_redshift_match_trend_data manual__2025-03-11T07:56:59.912728+00:00 [running]> on host a0d797a25898
[2025-03-11T07:57:04.723+0000] {taskinstance.py:2648} INFO - Exporting env vars: AIRFLOW_CTX_DAG_OWNER='***' AIRFLOW_CTX_DAG_ID='parquet_to_redshift' AIRFLOW_CTX_TASK_ID='s3_to_redshift_match_trend_data' AIRFLOW_CTX_EXECUTION_DATE='2025-03-11T07:56:59.912728+00:00' AIRFLOW_CTX_TRY_NUMBER='1' AIRFLOW_CTX_DAG_RUN_ID='manual__2025-03-11T07:56:59.912728+00:00'
[2025-03-11T07:57:04.724+0000] {taskinstance.py:430} INFO - ::endgroup::
[2025-03-11T07:57:04.765+0000] {base.py:84} INFO - Using connection ID 's3_conn_team' for task execution.
[2025-03-11T07:57:04.777+0000] {base.py:84} INFO - Using connection ID 's3_conn_team' for task execution.
[2025-03-11T07:57:04.778+0000] {connection_wrapper.py:384} INFO - AWS Connection (conn_id='s3_conn_team', conn_type='aws') credentials retrieved from login and password.
[2025-03-11T07:57:04.790+0000] {s3_to_redshift.py:193} INFO - Executing COPY command...
[2025-03-11T07:57:04.804+0000] {base.py:84} INFO - Using connection ID 'redshift_conn_team' for task execution.
[2025-03-11T07:57:05.174+0000] {sql.py:470} INFO - Running statement: CREATE TABLE #match_info (LIKE trend_analytics.match_info INCLUDING DEFAULTS);, parameters: None
[2025-03-11T07:57:05.187+0000] {sql.py:470} INFO - Running statement: 
                    COPY #match_info 
                    FROM 's3://de5-finalproj-team2/trend_analysis/match_data/2025-03-11/'
                    credentials
                    'aws_access_key_id=AKIA4RRVVY55RK5T7HCV;aws_secret_access_key=***'
                    
                    FORMAT AS PARQUET;
        , parameters: None
[2025-03-11T07:57:05.701+0000] {sql.py:470} INFO - Running statement: BEGIN;, parameters: None
[2025-03-11T07:57:05.703+0000] {sql.py:470} INFO - Running statement: DELETE FROM trend_analytics.match_info USING #match_info WHERE match_info.match_id = #match_info.match_id AND match_info.match_date = #match_info.match_date;, parameters: None
[2025-03-11T07:57:05.742+0000] {sql.py:479} INFO - Rows affected: 11664
[2025-03-11T07:57:05.743+0000] {sql.py:470} INFO - Running statement: INSERT INTO trend_analytics.match_info SELECT * FROM #match_info;, parameters: None
[2025-03-11T07:57:05.801+0000] {sql.py:479} INFO - Rows affected: 17622
[2025-03-11T07:57:05.801+0000] {sql.py:470} INFO - Running statement: COMMIT, parameters: None
[2025-03-11T07:57:05.841+0000] {s3_to_redshift.py:198} INFO - COPY command complete...
[2025-03-11T07:57:05.841+0000] {taskinstance.py:441} INFO - ::group::Post task execution logs
[2025-03-11T07:57:05.859+0000] {taskinstance.py:1206} INFO - Marking task as SUCCESS. dag_id=parquet_to_redshift, task_id=s3_to_redshift_match_trend_data, run_id=manual__2025-03-11T07:56:59.912728+00:00, execution_date=20250311T075659, start_date=20250311T075704, end_date=20250311T075705
[2025-03-11T07:57:05.916+0000] {local_task_job_runner.py:240} INFO - Task exited with return code 0
[2025-03-11T07:57:05.939+0000] {taskinstance.py:3498} INFO - 0 downstream tasks scheduled from follow-on schedule check
[2025-03-11T07:57:05.941+0000] {local_task_job_runner.py:222} INFO - ::endgroup::
