[2025-03-11T07:57:33.502+0000] {local_task_job_runner.py:120} INFO - ::group::Pre task execution logs
[2025-03-11T07:57:33.524+0000] {taskinstance.py:2076} INFO - Dependencies all met for dep_context=non-requeueable deps ti=<TaskInstance: parquet_to_redshift.s3_to_redshift_match_trend_data manual__2025-03-11T07:56:59.912728+00:00 [queued]>
[2025-03-11T07:57:33.534+0000] {taskinstance.py:2076} INFO - Dependencies all met for dep_context=requeueable deps ti=<TaskInstance: parquet_to_redshift.s3_to_redshift_match_trend_data manual__2025-03-11T07:56:59.912728+00:00 [queued]>
[2025-03-11T07:57:33.534+0000] {taskinstance.py:2306} INFO - Starting attempt 2 of 3
[2025-03-11T07:57:33.547+0000] {taskinstance.py:2330} INFO - Executing <Task(S3ToRedshiftOperator): s3_to_redshift_match_trend_data> on 2025-03-11 07:56:59.912728+00:00
[2025-03-11T07:57:33.554+0000] {standard_task_runner.py:63} INFO - Started process 15433 to run task
[2025-03-11T07:57:33.558+0000] {standard_task_runner.py:90} INFO - Running: ['***', 'tasks', 'run', 'parquet_to_redshift', 's3_to_redshift_match_trend_data', 'manual__2025-03-11T07:56:59.912728+00:00', '--job-id', '64', '--raw', '--subdir', 'DAGS_FOLDER/match_info_redshift_dag.py', '--cfg-path', '/tmp/tmpnwnhs6j6']
[2025-03-11T07:57:33.560+0000] {standard_task_runner.py:91} INFO - Job 64: Subtask s3_to_redshift_match_trend_data
[2025-03-11T07:57:33.625+0000] {task_command.py:426} INFO - Running <TaskInstance: parquet_to_redshift.s3_to_redshift_match_trend_data manual__2025-03-11T07:56:59.912728+00:00 [running]> on host a0d797a25898
[2025-03-11T07:57:33.749+0000] {taskinstance.py:2648} INFO - Exporting env vars: AIRFLOW_CTX_DAG_OWNER='***' AIRFLOW_CTX_DAG_ID='parquet_to_redshift' AIRFLOW_CTX_TASK_ID='s3_to_redshift_match_trend_data' AIRFLOW_CTX_EXECUTION_DATE='2025-03-11T07:56:59.912728+00:00' AIRFLOW_CTX_TRY_NUMBER='2' AIRFLOW_CTX_DAG_RUN_ID='manual__2025-03-11T07:56:59.912728+00:00'
[2025-03-11T07:57:33.749+0000] {taskinstance.py:430} INFO - ::endgroup::
[2025-03-11T07:57:33.780+0000] {base.py:84} INFO - Using connection ID 's3_conn_team' for task execution.
[2025-03-11T07:57:33.792+0000] {base.py:84} INFO - Using connection ID 's3_conn_team' for task execution.
[2025-03-11T07:57:33.793+0000] {connection_wrapper.py:384} INFO - AWS Connection (conn_id='s3_conn_team', conn_type='aws') credentials retrieved from login and password.
[2025-03-11T07:57:33.804+0000] {s3_to_redshift.py:193} INFO - Executing COPY command...
[2025-03-11T07:57:33.819+0000] {base.py:84} INFO - Using connection ID 'redshift_conn_team' for task execution.
[2025-03-11T07:57:34.164+0000] {sql.py:470} INFO - Running statement: CREATE TABLE #match_info (LIKE trend_analytics.match_info INCLUDING DEFAULTS);, parameters: None
[2025-03-11T07:57:34.176+0000] {sql.py:470} INFO - Running statement: 
                    COPY #match_info 
                    FROM 's3://de5-finalproj-team2/trend_analysis/match_data/2025-03-11/'
                    credentials
                    'aws_access_key_id=AKIA4RRVVY55RK5T7HCV;aws_secret_access_key=***'
                    
                    FORMAT AS PARQUET;
        , parameters: None
[2025-03-11T07:57:34.637+0000] {sql.py:470} INFO - Running statement: BEGIN;, parameters: None
[2025-03-11T07:57:34.639+0000] {sql.py:470} INFO - Running statement: DELETE FROM trend_analytics.match_info USING #match_info WHERE match_info.match_id = #match_info.match_id AND match_info.match_date = #match_info.match_date;, parameters: None
[2025-03-11T07:57:34.680+0000] {sql.py:479} INFO - Rows affected: 17622
[2025-03-11T07:57:34.680+0000] {sql.py:470} INFO - Running statement: INSERT INTO trend_analytics.match_info SELECT * FROM #match_info;, parameters: None
[2025-03-11T07:57:34.744+0000] {sql.py:479} INFO - Rows affected: 17622
[2025-03-11T07:57:34.745+0000] {sql.py:470} INFO - Running statement: COMMIT, parameters: None
[2025-03-11T07:57:34.787+0000] {s3_to_redshift.py:198} INFO - COPY command complete...
[2025-03-11T07:57:34.788+0000] {taskinstance.py:441} INFO - ::group::Post task execution logs
[2025-03-11T07:57:34.806+0000] {taskinstance.py:1206} INFO - Marking task as SUCCESS. dag_id=parquet_to_redshift, task_id=s3_to_redshift_match_trend_data, run_id=manual__2025-03-11T07:56:59.912728+00:00, execution_date=20250311T075659, start_date=20250311T075733, end_date=20250311T075734
[2025-03-11T07:57:34.853+0000] {local_task_job_runner.py:240} INFO - Task exited with return code 0
[2025-03-11T07:57:34.876+0000] {taskinstance.py:3498} INFO - 0 downstream tasks scheduled from follow-on schedule check
[2025-03-11T07:57:34.878+0000] {local_task_job_runner.py:222} INFO - ::endgroup::
