[2025-03-14T08:34:56.609+0000] {local_task_job_runner.py:120} INFO - ::group::Pre task execution logs
[2025-03-14T08:34:56.661+0000] {taskinstance.py:2076} INFO - Dependencies all met for dep_context=non-requeueable deps ti=<TaskInstance: match_info_spark_processing_dag.submit_spark_via_ssh manual__2025-03-14T08:34:51.980727+00:00 [queued]>
[2025-03-14T08:34:56.677+0000] {taskinstance.py:2076} INFO - Dependencies all met for dep_context=requeueable deps ti=<TaskInstance: match_info_spark_processing_dag.submit_spark_via_ssh manual__2025-03-14T08:34:51.980727+00:00 [queued]>
[2025-03-14T08:34:56.678+0000] {taskinstance.py:2306} INFO - Starting attempt 1 of 2
[2025-03-14T08:34:56.707+0000] {taskinstance.py:2330} INFO - Executing <Task(SSHOperator): submit_spark_via_ssh> on 2025-03-14 08:34:51.980727+00:00
[2025-03-14T08:34:56.719+0000] {standard_task_runner.py:63} INFO - Started process 32486 to run task
[2025-03-14T08:34:56.727+0000] {standard_task_runner.py:90} INFO - Running: ['***', 'tasks', 'run', 'match_info_spark_processing_dag', 'submit_spark_via_ssh', 'manual__2025-03-14T08:34:51.980727+00:00', '--job-id', '202', '--raw', '--subdir', 'DAGS_FOLDER/match_info_spark_process_dag.py', '--cfg-path', '/tmp/tmpl6r4ogj7']
[2025-03-14T08:34:56.730+0000] {standard_task_runner.py:91} INFO - Job 202: Subtask submit_spark_via_ssh
[2025-03-14T08:34:56.851+0000] {task_command.py:426} INFO - Running <TaskInstance: match_info_spark_processing_dag.submit_spark_via_ssh manual__2025-03-14T08:34:51.980727+00:00 [running]> on host a0d797a25898
[2025-03-14T08:34:57.079+0000] {taskinstance.py:2648} INFO - Exporting env vars: AIRFLOW_CTX_DAG_OWNER='***' AIRFLOW_CTX_DAG_ID='match_info_spark_processing_dag' AIRFLOW_CTX_TASK_ID='submit_spark_via_ssh' AIRFLOW_CTX_EXECUTION_DATE='2025-03-14T08:34:51.980727+00:00' AIRFLOW_CTX_TRY_NUMBER='1' AIRFLOW_CTX_DAG_RUN_ID='manual__2025-03-14T08:34:51.980727+00:00'
[2025-03-14T08:34:57.080+0000] {taskinstance.py:430} INFO - ::endgroup::
[2025-03-14T08:34:57.105+0000] {ssh.py:151} INFO - Creating ssh_client
[2025-03-14T08:34:57.105+0000] {ssh.py:124} INFO - ssh_hook is not provided or invalid. Trying ssh_conn_id to create SSHHook.
[2025-03-14T08:34:57.131+0000] {base.py:84} INFO - Using connection ID 'spark_ssh_conn' for task execution.
[2025-03-14T08:34:57.135+0000] {ssh.py:301} WARNING - No Host Key Verification. This won't protect against Man-In-The-Middle attacks
[2025-03-14T08:34:57.155+0000] {transport.py:1909} INFO - Connected (version 2.0, client OpenSSH_9.6p1)
[2025-03-14T08:34:57.396+0000] {transport.py:1909} INFO - Authentication (publickey) successful!
[2025-03-14T08:34:57.399+0000] {ssh.py:480} INFO - Running command: 
    set -e  # 명령어 실패 시 즉시 종료
    echo "Starting Spark Job on 2025-03-14"

    echo "Submitting Spark Job... for 2025-03-14 data"
   /spark-3.5.3/bin/spark-submit /home/ubuntu/spark_scripts/match_info_pyspark.py 2025-03-14 > spark_job.log 2>&1
    exit_code=$?

    # 실행 로그 출력 (Airflow에서 확인 가능)
    if [ -f spark_job.log ]; then
        echo "=== Spark Job Log Start ==="
        cat spark_job.log
        echo "=== Spark Job Log End ==="
    else
        echo "Warning: spark_job.log not found!"
    fi

    # Spark 실패 감지
    if [ $exit_code -ne 0 ]; then
        echo "Spark Job Failed! Check logs."
        exit 1
    else
        echo "Spark Job Succeeded!"
    fi
    
[2025-03-14T08:34:57.570+0000] {ssh.py:526} INFO - Starting Spark Job on 2025-03-14
[2025-03-14T08:34:57.571+0000] {ssh.py:526} INFO - Submitting Spark Job... for 2025-03-14 data
[2025-03-14T08:35:52.656+0000] {local_task_job_runner.py:310} WARNING - State of this instance has been externally set to success. Terminating instance.
[2025-03-14T08:35:52.656+0000] {local_task_job_runner.py:222} INFO - ::endgroup::
[2025-03-14T08:35:52.661+0000] {process_utils.py:132} INFO - Sending 15 to group 32486. PIDs of all processes in the group: [32486]
[2025-03-14T08:35:52.662+0000] {process_utils.py:87} INFO - Sending the signal 15 to group 32486
[2025-03-14T08:35:52.663+0000] {taskinstance.py:2611} ERROR - Received SIGTERM. Terminating subprocesses.
[2025-03-14T08:35:52.663+0000] {taskinstance.py:441} INFO - ::group::Post task execution logs
[2025-03-14T08:35:52.765+0000] {process_utils.py:80} INFO - Process psutil.Process(pid=32486, status='terminated', exitcode=0, started='08:34:56') (32486) terminated with exit code 0
