[2025-03-09T05:50:01.519+0000] {local_task_job_runner.py:120} INFO - ::group::Pre task execution logs
[2025-03-09T05:50:01.652+0000] {taskinstance.py:2076} INFO - Dependencies all met for dep_context=non-requeueable deps ti=<TaskInstance: submit_spark_job_v3.submit_spark_via_ssh scheduled__2025-03-07T01:00:00+00:00 [queued]>
[2025-03-09T05:50:01.711+0000] {taskinstance.py:2076} INFO - Dependencies all met for dep_context=requeueable deps ti=<TaskInstance: submit_spark_job_v3.submit_spark_via_ssh scheduled__2025-03-07T01:00:00+00:00 [queued]>
[2025-03-09T05:50:01.711+0000] {taskinstance.py:2306} INFO - Starting attempt 1 of 2
[2025-03-09T05:50:01.822+0000] {taskinstance.py:2330} INFO - Executing <Task(SSHOperator): submit_spark_via_ssh> on 2025-03-07 01:00:00+00:00
[2025-03-09T05:50:01.838+0000] {standard_task_runner.py:63} INFO - Started process 8157 to run task
[2025-03-09T05:50:01.851+0000] {standard_task_runner.py:90} INFO - Running: ['***', 'tasks', 'run', 'submit_spark_job_v3', 'submit_spark_via_ssh', 'scheduled__2025-03-07T01:00:00+00:00', '--job-id', '35', '--raw', '--subdir', 'DAGS_FOLDER/match_info_spark_process_v3.py', '--cfg-path', '/tmp/tmp3m5inmxz']
[2025-03-09T05:50:01.857+0000] {standard_task_runner.py:91} INFO - Job 35: Subtask submit_spark_via_ssh
[2025-03-09T05:50:02.201+0000] {task_command.py:426} INFO - Running <TaskInstance: submit_spark_job_v3.submit_spark_via_ssh scheduled__2025-03-07T01:00:00+00:00 [running]> on host 40942f81e2c9
[2025-03-09T05:50:02.516+0000] {logging_mixin.py:188} WARNING - /home/***/.local/lib/python3.9/site-packages/***/utils/context.py:212 AirflowContextDeprecationWarning: Accessing 'execution_date' from the template is deprecated and will be removed in a future version. Please use 'data_interval_start' or 'logical_date' instead.
[2025-03-09T05:50:02.629+0000] {taskinstance.py:2648} INFO - Exporting env vars: AIRFLOW_CTX_DAG_OWNER='***' AIRFLOW_CTX_DAG_ID='submit_spark_job_v3' AIRFLOW_CTX_TASK_ID='submit_spark_via_ssh' AIRFLOW_CTX_EXECUTION_DATE='2025-03-07T01:00:00+00:00' AIRFLOW_CTX_TRY_NUMBER='1' AIRFLOW_CTX_DAG_RUN_ID='scheduled__2025-03-07T01:00:00+00:00'
[2025-03-09T05:50:02.630+0000] {taskinstance.py:430} INFO - ::endgroup::
[2025-03-09T05:50:02.666+0000] {ssh.py:151} INFO - Creating ssh_client
[2025-03-09T05:50:02.666+0000] {ssh.py:124} INFO - ssh_hook is not provided or invalid. Trying ssh_conn_id to create SSHHook.
[2025-03-09T05:50:02.692+0000] {base.py:84} INFO - Using connection ID 'spark_ssh_conn' for task execution.
[2025-03-09T05:50:02.693+0000] {ssh.py:301} WARNING - No Host Key Verification. This won't protect against Man-In-The-Middle attacks
[2025-03-09T05:50:02.700+0000] {transport.py:1909} INFO - Connected (version 2.0, client OpenSSH_9.6p1)
[2025-03-09T05:50:02.818+0000] {transport.py:1909} INFO - Authentication (publickey) successful!
[2025-03-09T05:50:02.819+0000] {ssh.py:480} INFO - Running command: 
    set -e  # 명령어 실패 시 즉시 종료
    echo "Starting Spark Job on ec2-3-37-216-159.ap-northeast-2.compute.amazonaws.com"

    echo "Submitting Spark Job... for 2025-03-07 data"
   /spark-3.5.3/bin/spark-submit /home/ubuntu/spark_scripts/match_info_pyspark.py 2025-03-07 > spark_job.log 2>&1
    exit_code=$?

    # 실행 로그 출력 (Airflow에서 확인 가능)
    if [ -f spark_job.log ]; then
        echo "=== Spark Job Log Start ==="
        cat spark_job.log
        echo "=== Spark Job Log End ==="
    else
        echo "Warning: spark_job.log not found!"
    fi

    # Spark 실패 감지
    if [ $exit_code -ne 0 ]; then
        echo "Spark Job Failed! Check logs."
        exit 1
    else
        echo "Spark Job Succeeded!"
    fi
    
[2025-03-09T05:50:04.145+0000] {ssh.py:526} INFO - Starting Spark Job on ec2-3-37-216-159.ap-northeast-2.compute.amazonaws.com
[2025-03-09T05:50:04.145+0000] {ssh.py:526} INFO - Submitting Spark Job... for 2025-03-07 data
[2025-03-09T05:51:22.748+0000] {local_task_job_runner.py:310} WARNING - State of this instance has been externally set to success. Terminating instance.
[2025-03-09T05:51:22.749+0000] {local_task_job_runner.py:222} INFO - ::endgroup::
[2025-03-09T05:51:22.751+0000] {process_utils.py:132} INFO - Sending 15 to group 8157. PIDs of all processes in the group: [8157]
[2025-03-09T05:51:22.751+0000] {process_utils.py:87} INFO - Sending the signal 15 to group 8157
[2025-03-09T05:51:22.752+0000] {taskinstance.py:2611} ERROR - Received SIGTERM. Terminating subprocesses.
[2025-03-09T05:51:22.752+0000] {taskinstance.py:441} INFO - ::group::Post task execution logs
[2025-03-09T05:51:22.804+0000] {process_utils.py:80} INFO - Process psutil.Process(pid=8157, status='terminated', exitcode=0, started='05:50:01') (8157) terminated with exit code 0
[2025-03-10T13:14:02.405+0000] {local_task_job_runner.py:120} INFO - ::group::Pre task execution logs
[2025-03-10T13:14:02.441+0000] {taskinstance.py:2076} INFO - Dependencies all met for dep_context=non-requeueable deps ti=<TaskInstance: submit_spark_job_v3.submit_spark_via_ssh scheduled__2025-03-07T01:00:00+00:00 [queued]>
[2025-03-10T13:14:02.455+0000] {taskinstance.py:2076} INFO - Dependencies all met for dep_context=requeueable deps ti=<TaskInstance: submit_spark_job_v3.submit_spark_via_ssh scheduled__2025-03-07T01:00:00+00:00 [queued]>
[2025-03-10T13:14:02.455+0000] {taskinstance.py:2306} INFO - Starting attempt 1 of 2
[2025-03-10T13:14:02.469+0000] {taskinstance.py:2330} INFO - Executing <Task(SSHOperator): submit_spark_via_ssh> on 2025-03-07 01:00:00+00:00
[2025-03-10T13:14:02.475+0000] {standard_task_runner.py:63} INFO - Started process 1506 to run task
[2025-03-10T13:14:02.480+0000] {standard_task_runner.py:90} INFO - Running: ['***', 'tasks', 'run', 'submit_spark_job_v3', 'submit_spark_via_ssh', 'scheduled__2025-03-07T01:00:00+00:00', '--job-id', '12', '--raw', '--subdir', 'DAGS_FOLDER/match_info_spark_process_dag.py', '--cfg-path', '/tmp/tmpal0b5m05']
[2025-03-10T13:14:02.482+0000] {standard_task_runner.py:91} INFO - Job 12: Subtask submit_spark_via_ssh
[2025-03-10T13:14:02.551+0000] {task_command.py:426} INFO - Running <TaskInstance: submit_spark_job_v3.submit_spark_via_ssh scheduled__2025-03-07T01:00:00+00:00 [running]> on host a0d797a25898
[2025-03-10T13:14:02.671+0000] {taskinstance.py:2648} INFO - Exporting env vars: AIRFLOW_CTX_DAG_OWNER='***' AIRFLOW_CTX_DAG_ID='submit_spark_job_v3' AIRFLOW_CTX_TASK_ID='submit_spark_via_ssh' AIRFLOW_CTX_EXECUTION_DATE='2025-03-07T01:00:00+00:00' AIRFLOW_CTX_TRY_NUMBER='1' AIRFLOW_CTX_DAG_RUN_ID='scheduled__2025-03-07T01:00:00+00:00'
[2025-03-10T13:14:02.672+0000] {taskinstance.py:430} INFO - ::endgroup::
[2025-03-10T13:14:02.687+0000] {ssh.py:151} INFO - Creating ssh_client
[2025-03-10T13:14:02.688+0000] {ssh.py:124} INFO - ssh_hook is not provided or invalid. Trying ssh_conn_id to create SSHHook.
[2025-03-10T13:14:02.703+0000] {base.py:84} INFO - Using connection ID 'spark_ssh_conn' for task execution.
[2025-03-10T13:14:02.704+0000] {ssh.py:301} WARNING - No Host Key Verification. This won't protect against Man-In-The-Middle attacks
[2025-03-10T13:14:02.708+0000] {transport.py:1909} INFO - Connected (version 2.0, client OpenSSH_9.6p1)
[2025-03-10T13:14:02.822+0000] {transport.py:1909} INFO - Authentication (publickey) successful!
[2025-03-10T13:14:02.823+0000] {ssh.py:480} INFO - Running command: 
    set -e  # 명령어 실패 시 즉시 종료
    echo "Starting Spark Job on 2025-03-07"

    echo "Submitting Spark Job... for 2025-03-07 data"
   /spark-3.5.3/bin/spark-submit /home/ubuntu/spark_scripts/match_info_pyspark.py 2025-03-07 > spark_job.log 2>&1
    exit_code=$?

    # 실행 로그 출력 (Airflow에서 확인 가능)
    if [ -f spark_job.log ]; then
        echo "=== Spark Job Log Start ==="
        cat spark_job.log
        echo "=== Spark Job Log End ==="
    else
        echo "Warning: spark_job.log not found!"
    fi

    # Spark 실패 감지
    if [ $exit_code -ne 0 ]; then
        echo "Spark Job Failed! Check logs."
        exit 1
    else
        echo "Spark Job Succeeded!"
    fi
    
[2025-03-10T13:14:03.405+0000] {ssh.py:526} INFO - Starting Spark Job on 2025-03-07
[2025-03-10T13:14:03.405+0000] {ssh.py:526} INFO - Submitting Spark Job... for 2025-03-07 data
[2025-03-10T13:14:27.384+0000] {ssh.py:526} INFO - === Spark Job Log Start ===
[2025-03-10T13:14:27.387+0000] {ssh.py:526} INFO - Processing date: 2025-03-07
[2025-03-10T13:14:27.388+0000] {ssh.py:526} INFO - 25/03/10 13:14:07 INFO SparkContext: Running Spark version 3.5.3
[2025-03-10T13:14:27.388+0000] {ssh.py:526} INFO - 25/03/10 13:14:07 INFO SparkContext: OS info Linux, 6.8.0-1024-aws, amd64
[2025-03-10T13:14:27.388+0000] {ssh.py:526} INFO - 25/03/10 13:14:07 INFO SparkContext: Java version 11.0.26
[2025-03-10T13:14:27.388+0000] {ssh.py:526} INFO - 25/03/10 13:14:07 WARN NativeCodeLoader: Unable to load native-hadoop library for your platform... using builtin-java classes where applicable
[2025-03-10T13:14:27.388+0000] {ssh.py:526} INFO - 25/03/10 13:14:07 INFO ResourceUtils: ==============================================================
[2025-03-10T13:14:27.389+0000] {ssh.py:526} INFO - 25/03/10 13:14:07 INFO ResourceUtils: No custom resources configured for spark.driver.
[2025-03-10T13:14:27.389+0000] {ssh.py:526} INFO - 25/03/10 13:14:07 INFO ResourceUtils: ==============================================================
[2025-03-10T13:14:27.389+0000] {ssh.py:526} INFO - 25/03/10 13:14:07 INFO SparkContext: Submitted application: json to parquet
[2025-03-10T13:14:27.389+0000] {ssh.py:526} INFO - 25/03/10 13:14:07 INFO ResourceProfile: Default ResourceProfile created, executor resources: Map(cores -> name: cores, amount: 1, script: , vendor: , memory -> name: memory, amount: 1024, script: , vendor: , offHeap -> name: offHeap, amount: 0, script: , vendor: ), task resources: Map(cpus -> name: cpus, amount: 1.0)
[2025-03-10T13:14:27.389+0000] {ssh.py:526} INFO - 25/03/10 13:14:07 INFO ResourceProfile: Limiting resource is cpu
[2025-03-10T13:14:27.389+0000] {ssh.py:526} INFO - 25/03/10 13:14:07 INFO ResourceProfileManager: Added ResourceProfile id: 0
[2025-03-10T13:14:27.389+0000] {ssh.py:526} INFO - 25/03/10 13:14:07 INFO SecurityManager: Changing view acls to: ubuntu
[2025-03-10T13:14:27.390+0000] {ssh.py:526} INFO - 25/03/10 13:14:07 INFO SecurityManager: Changing modify acls to: ubuntu
[2025-03-10T13:14:27.390+0000] {ssh.py:526} INFO - 25/03/10 13:14:07 INFO SecurityManager: Changing view acls groups to: 
[2025-03-10T13:14:27.390+0000] {ssh.py:526} INFO - 25/03/10 13:14:07 INFO SecurityManager: Changing modify acls groups to: 
[2025-03-10T13:14:27.390+0000] {ssh.py:526} INFO - 25/03/10 13:14:07 INFO SecurityManager: SecurityManager: authentication disabled; ui acls disabled; users with view permissions: ubuntu; groups with view permissions: EMPTY; users with modify permissions: ubuntu; groups with modify permissions: EMPTY
[2025-03-10T13:14:27.390+0000] {ssh.py:526} INFO - 25/03/10 13:14:07 INFO Utils: Successfully started service 'sparkDriver' on port 38015.
[2025-03-10T13:14:27.390+0000] {ssh.py:526} INFO - 25/03/10 13:14:07 INFO SparkEnv: Registering MapOutputTracker
[2025-03-10T13:14:27.390+0000] {ssh.py:526} INFO - 25/03/10 13:14:07 INFO SparkEnv: Registering BlockManagerMaster
[2025-03-10T13:14:27.390+0000] {ssh.py:526} INFO - 25/03/10 13:14:07 INFO BlockManagerMasterEndpoint: Using org.apache.spark.storage.DefaultTopologyMapper for getting topology information
[2025-03-10T13:14:27.390+0000] {ssh.py:526} INFO - 25/03/10 13:14:07 INFO BlockManagerMasterEndpoint: BlockManagerMasterEndpoint up
[2025-03-10T13:14:27.391+0000] {ssh.py:526} INFO - 25/03/10 13:14:07 INFO SparkEnv: Registering BlockManagerMasterHeartbeat
[2025-03-10T13:14:27.391+0000] {ssh.py:526} INFO - 25/03/10 13:14:07 INFO DiskBlockManager: Created local directory at /tmp/blockmgr-c749fc32-0967-4d72-8ede-e7bd27cde947
[2025-03-10T13:14:27.391+0000] {ssh.py:526} INFO - 25/03/10 13:14:07 INFO MemoryStore: MemoryStore started with capacity 434.4 MiB
[2025-03-10T13:14:27.391+0000] {ssh.py:526} INFO - 25/03/10 13:14:07 INFO SparkEnv: Registering OutputCommitCoordinator
[2025-03-10T13:14:27.391+0000] {ssh.py:526} INFO - 25/03/10 13:14:08 INFO JettyUtils: Start Jetty 0.0.0.0:4040 for SparkUI
[2025-03-10T13:14:27.391+0000] {ssh.py:526} INFO - 25/03/10 13:14:08 INFO Utils: Successfully started service 'SparkUI' on port 4040.
[2025-03-10T13:14:27.391+0000] {ssh.py:526} INFO - 25/03/10 13:14:08 INFO Executor: Starting executor ID driver on host ip-172-31-12-182.ap-northeast-2.compute.internal
[2025-03-10T13:14:27.391+0000] {ssh.py:526} INFO - 25/03/10 13:14:08 INFO Executor: OS info Linux, 6.8.0-1024-aws, amd64
[2025-03-10T13:14:27.392+0000] {ssh.py:526} INFO - 25/03/10 13:14:08 INFO Executor: Java version 11.0.26
[2025-03-10T13:14:27.392+0000] {ssh.py:526} INFO - 25/03/10 13:14:08 INFO Executor: Starting executor with user classpath (userClassPathFirst = false): ''
[2025-03-10T13:14:27.392+0000] {ssh.py:526} INFO - 25/03/10 13:14:08 INFO Executor: Created or updated repl class loader org.apache.spark.util.MutableURLClassLoader@53bde3a0 for default.
[2025-03-10T13:14:27.392+0000] {ssh.py:526} INFO - 25/03/10 13:14:08 INFO Utils: Successfully started service 'org.apache.spark.network.netty.NettyBlockTransferService' on port 33099.
[2025-03-10T13:14:27.392+0000] {ssh.py:526} INFO - 25/03/10 13:14:08 INFO NettyBlockTransferService: Server created on 0.0.0.0:33099
[2025-03-10T13:14:27.392+0000] {ssh.py:526} INFO - 25/03/10 13:14:08 INFO BlockManager: Using org.apache.spark.storage.RandomBlockReplicationPolicy for block replication policy
[2025-03-10T13:14:27.392+0000] {ssh.py:526} INFO - 25/03/10 13:14:08 INFO BlockManagerMaster: Registering BlockManager BlockManagerId(driver, 0.0.0.0, 33099, None)
[2025-03-10T13:14:27.392+0000] {ssh.py:526} INFO - 25/03/10 13:14:08 INFO BlockManagerMasterEndpoint: Registering block manager 0.0.0.0:33099 with 434.4 MiB RAM, BlockManagerId(driver, 0.0.0.0, 33099, None)
[2025-03-10T13:14:27.393+0000] {ssh.py:526} INFO - 25/03/10 13:14:08 INFO BlockManagerMaster: Registered BlockManager BlockManagerId(driver, 0.0.0.0, 33099, None)
[2025-03-10T13:14:27.393+0000] {ssh.py:526} INFO - 25/03/10 13:14:08 INFO BlockManager: Initialized BlockManager: BlockManagerId(driver, 0.0.0.0, 33099, None)
[2025-03-10T13:14:27.393+0000] {ssh.py:526} INFO - Reading json file from: s3a://de5-finalproj-team2/raw_data/json/match_data/2025-03-07/*.json
[2025-03-10T13:14:27.393+0000] {ssh.py:526} INFO - 25/03/10 13:14:09 INFO SharedState: Setting hive.metastore.warehouse.dir ('null') to the value of spark.sql.warehouse.dir.
[2025-03-10T13:14:27.393+0000] {ssh.py:526} INFO - 25/03/10 13:14:09 INFO SharedState: Warehouse path is 'file:/home/ubuntu/spark-warehouse'.
[2025-03-10T13:14:27.393+0000] {ssh.py:526} INFO - 25/03/10 13:14:10 WARN MetricsConfig: Cannot locate configuration: tried hadoop-metrics2-s3a-file-system.properties,hadoop-metrics2.properties
[2025-03-10T13:14:27.393+0000] {ssh.py:526} INFO - 25/03/10 13:14:10 INFO MetricsSystemImpl: Scheduled Metric snapshot period at 10 second(s).
[2025-03-10T13:14:27.393+0000] {ssh.py:526} INFO - 25/03/10 13:14:10 INFO MetricsSystemImpl: s3a-file-system metrics system started
[2025-03-10T13:14:27.393+0000] {ssh.py:526} INFO - 25/03/10 13:14:11 INFO InMemoryFileIndex: It took 104 ms to list leaf files for 1 paths.
[2025-03-10T13:14:27.394+0000] {ssh.py:526} INFO - 25/03/10 13:14:12 INFO InMemoryFileIndex: It took 48 ms to list leaf files for 1 paths.
[2025-03-10T13:14:27.394+0000] {ssh.py:526} INFO - 25/03/10 13:14:15 INFO FileSourceStrategy: Pushed Filters: 
[2025-03-10T13:14:27.394+0000] {ssh.py:526} INFO - 25/03/10 13:14:15 INFO FileSourceStrategy: Post-Scan Filters: 
[2025-03-10T13:14:27.394+0000] {ssh.py:526} INFO - 25/03/10 13:14:15 INFO MemoryStore: Block broadcast_0 stored as values in memory (estimated size 201.0 KiB, free 434.2 MiB)
[2025-03-10T13:14:27.394+0000] {ssh.py:526} INFO - 25/03/10 13:14:15 INFO MemoryStore: Block broadcast_0_piece0 stored as bytes in memory (estimated size 34.7 KiB, free 434.2 MiB)
[2025-03-10T13:14:27.394+0000] {ssh.py:526} INFO - 25/03/10 13:14:15 INFO BlockManagerInfo: Added broadcast_0_piece0 in memory on 0.0.0.0:33099 (size: 34.7 KiB, free: 434.4 MiB)
[2025-03-10T13:14:27.394+0000] {ssh.py:526} INFO - 25/03/10 13:14:15 INFO SparkContext: Created broadcast 0 from json at NativeMethodAccessorImpl.java:0
[2025-03-10T13:14:27.394+0000] {ssh.py:526} INFO - 25/03/10 13:14:15 INFO FileSourceScanExec: Planning scan with bin packing, max size: 5307115 bytes, open cost is considered as scanning 4194304 bytes.
[2025-03-10T13:14:27.395+0000] {ssh.py:526} INFO - 25/03/10 13:14:16 INFO SparkContext: Starting job: json at NativeMethodAccessorImpl.java:0
[2025-03-10T13:14:27.395+0000] {ssh.py:526} INFO - 25/03/10 13:14:16 INFO DAGScheduler: Got job 0 (json at NativeMethodAccessorImpl.java:0) with 1 output partitions
[2025-03-10T13:14:27.395+0000] {ssh.py:526} INFO - 25/03/10 13:14:16 INFO DAGScheduler: Final stage: ResultStage 0 (json at NativeMethodAccessorImpl.java:0)
[2025-03-10T13:14:27.395+0000] {ssh.py:526} INFO - 25/03/10 13:14:16 INFO DAGScheduler: Parents of final stage: List()
[2025-03-10T13:14:27.395+0000] {ssh.py:526} INFO - 25/03/10 13:14:16 INFO DAGScheduler: Missing parents: List()
[2025-03-10T13:14:27.395+0000] {ssh.py:526} INFO - 25/03/10 13:14:16 INFO DAGScheduler: Submitting ResultStage 0 (MapPartitionsRDD[3] at json at NativeMethodAccessorImpl.java:0), which has no missing parents
[2025-03-10T13:14:27.395+0000] {ssh.py:526} INFO - 25/03/10 13:14:16 INFO MemoryStore: Block broadcast_1 stored as values in memory (estimated size 16.5 KiB, free 434.2 MiB)
[2025-03-10T13:14:27.395+0000] {ssh.py:526} INFO - 25/03/10 13:14:16 INFO MemoryStore: Block broadcast_1_piece0 stored as bytes in memory (estimated size 7.8 KiB, free 434.1 MiB)
[2025-03-10T13:14:27.395+0000] {ssh.py:526} INFO - 25/03/10 13:14:16 INFO BlockManagerInfo: Added broadcast_1_piece0 in memory on 0.0.0.0:33099 (size: 7.8 KiB, free: 434.4 MiB)
[2025-03-10T13:14:27.396+0000] {ssh.py:526} INFO - 25/03/10 13:14:16 INFO SparkContext: Created broadcast 1 from broadcast at DAGScheduler.scala:1585
[2025-03-10T13:14:27.396+0000] {ssh.py:526} INFO - 25/03/10 13:14:16 INFO DAGScheduler: Submitting 1 missing tasks from ResultStage 0 (MapPartitionsRDD[3] at json at NativeMethodAccessorImpl.java:0) (first 15 tasks are for partitions Vector(0))
[2025-03-10T13:14:27.396+0000] {ssh.py:526} INFO - 25/03/10 13:14:16 INFO TaskSchedulerImpl: Adding task set 0.0 with 1 tasks resource profile 0
[2025-03-10T13:14:27.396+0000] {ssh.py:526} INFO - 25/03/10 13:14:16 INFO TaskSetManager: Starting task 0.0 in stage 0.0 (TID 0) (ip-172-31-12-182.ap-northeast-2.compute.internal, executor driver, partition 0, PROCESS_LOCAL, 9636 bytes) 
[2025-03-10T13:14:27.396+0000] {ssh.py:526} INFO - 25/03/10 13:14:16 INFO Executor: Running task 0.0 in stage 0.0 (TID 0)
[2025-03-10T13:14:27.396+0000] {ssh.py:526} INFO - 25/03/10 13:14:16 INFO FileScanRDD: Reading File path: s3a://de5-finalproj-team2/raw_data/json/match_data/2025-03-07/group_0.json, range: 0-1112811, partition values: [empty row]
[2025-03-10T13:14:27.396+0000] {ssh.py:526} INFO - 25/03/10 13:14:17 INFO CodeGenerator: Code generated in 361.307378 ms
[2025-03-10T13:14:27.396+0000] {ssh.py:526} INFO - 25/03/10 13:14:17 INFO Executor: Finished task 0.0 in stage 0.0 (TID 0). 2408 bytes result sent to driver
[2025-03-10T13:14:27.397+0000] {ssh.py:526} INFO - 25/03/10 13:14:17 INFO TaskSetManager: Finished task 0.0 in stage 0.0 (TID 0) in 1165 ms on ip-172-31-12-182.ap-northeast-2.compute.internal (executor driver) (1/1)
[2025-03-10T13:14:27.397+0000] {ssh.py:526} INFO - 25/03/10 13:14:17 INFO TaskSchedulerImpl: Removed TaskSet 0.0, whose tasks have all completed, from pool 
[2025-03-10T13:14:27.397+0000] {ssh.py:526} INFO - 25/03/10 13:14:17 INFO DAGScheduler: ResultStage 0 (json at NativeMethodAccessorImpl.java:0) finished in 1.436 s
[2025-03-10T13:14:27.397+0000] {ssh.py:526} INFO - 25/03/10 13:14:17 INFO DAGScheduler: Job 0 is finished. Cancelling potential speculative or zombie tasks for this job
[2025-03-10T13:14:27.397+0000] {ssh.py:526} INFO - 25/03/10 13:14:17 INFO TaskSchedulerImpl: Killing all running tasks in stage 0: Stage finished
[2025-03-10T13:14:27.397+0000] {ssh.py:526} INFO - 25/03/10 13:14:17 INFO DAGScheduler: Job 0 finished: json at NativeMethodAccessorImpl.java:0, took 1.537672 s
[2025-03-10T13:14:27.397+0000] {ssh.py:526} INFO - Writing trend_analysis parquet
[2025-03-10T13:14:27.397+0000] {ssh.py:526} INFO - 25/03/10 13:14:18 INFO FileSourceStrategy: Pushed Filters: IsNotNull(player_info)
[2025-03-10T13:14:27.397+0000] {ssh.py:526} INFO - 25/03/10 13:14:18 INFO FileSourceStrategy: Post-Scan Filters: (size(player_info#13, true) > 0),isnotnull(player_info#13)
[2025-03-10T13:14:27.398+0000] {ssh.py:526} INFO - 25/03/10 13:14:18 INFO ParquetUtils: Using default output committer for Parquet: org.apache.parquet.hadoop.ParquetOutputCommitter
[2025-03-10T13:14:27.398+0000] {ssh.py:526} INFO - 25/03/10 13:14:18 INFO FileOutputCommitter: File Output Committer Algorithm version is 1
[2025-03-10T13:14:27.398+0000] {ssh.py:526} INFO - 25/03/10 13:14:18 INFO FileOutputCommitter: FileOutputCommitter skip cleanup _temporary folders under output directory:false, ignore cleanup failures: false
[2025-03-10T13:14:27.398+0000] {ssh.py:526} INFO - 25/03/10 13:14:18 INFO SQLHadoopMapReduceCommitProtocol: Using user defined output committer class org.apache.parquet.hadoop.ParquetOutputCommitter
[2025-03-10T13:14:27.398+0000] {ssh.py:526} INFO - 25/03/10 13:14:18 INFO FileOutputCommitter: File Output Committer Algorithm version is 1
[2025-03-10T13:14:27.398+0000] {ssh.py:526} INFO - 25/03/10 13:14:18 INFO FileOutputCommitter: FileOutputCommitter skip cleanup _temporary folders under output directory:false, ignore cleanup failures: false
[2025-03-10T13:14:27.398+0000] {ssh.py:526} INFO - 25/03/10 13:14:18 INFO SQLHadoopMapReduceCommitProtocol: Using output committer class org.apache.parquet.hadoop.ParquetOutputCommitter
[2025-03-10T13:14:27.398+0000] {ssh.py:526} INFO - 25/03/10 13:14:19 INFO BlockManagerInfo: Removed broadcast_1_piece0 on 0.0.0.0:33099 in memory (size: 7.8 KiB, free: 434.4 MiB)
[2025-03-10T13:14:27.398+0000] {ssh.py:526} INFO - 25/03/10 13:14:19 INFO CodeGenerator: Code generated in 63.770442 ms
[2025-03-10T13:14:27.399+0000] {ssh.py:526} INFO - 25/03/10 13:14:19 INFO MemoryStore: Block broadcast_2 stored as values in memory (estimated size 200.9 KiB, free 434.0 MiB)
[2025-03-10T13:14:27.399+0000] {ssh.py:526} INFO - 25/03/10 13:14:19 INFO MemoryStore: Block broadcast_2_piece0 stored as bytes in memory (estimated size 34.7 KiB, free 433.9 MiB)
[2025-03-10T13:14:27.399+0000] {ssh.py:526} INFO - 25/03/10 13:14:19 INFO BlockManagerInfo: Added broadcast_2_piece0 in memory on 0.0.0.0:33099 (size: 34.7 KiB, free: 434.3 MiB)
[2025-03-10T13:14:27.399+0000] {ssh.py:526} INFO - 25/03/10 13:14:19 INFO SparkContext: Created broadcast 2 from save at NativeMethodAccessorImpl.java:0
[2025-03-10T13:14:27.399+0000] {ssh.py:526} INFO - 25/03/10 13:14:19 INFO FileSourceScanExec: Planning scan with bin packing, max size: 5307115 bytes, open cost is considered as scanning 4194304 bytes.
[2025-03-10T13:14:27.399+0000] {ssh.py:526} INFO - 25/03/10 13:14:19 INFO SparkContext: Starting job: save at NativeMethodAccessorImpl.java:0
[2025-03-10T13:14:27.399+0000] {ssh.py:526} INFO - 25/03/10 13:14:19 INFO DAGScheduler: Got job 1 (save at NativeMethodAccessorImpl.java:0) with 1 output partitions
[2025-03-10T13:14:27.399+0000] {ssh.py:526} INFO - 25/03/10 13:14:19 INFO DAGScheduler: Final stage: ResultStage 1 (save at NativeMethodAccessorImpl.java:0)
[2025-03-10T13:14:27.400+0000] {ssh.py:526} INFO - 25/03/10 13:14:19 INFO DAGScheduler: Parents of final stage: List()
[2025-03-10T13:14:27.400+0000] {ssh.py:526} INFO - 25/03/10 13:14:19 INFO DAGScheduler: Missing parents: List()
[2025-03-10T13:14:27.400+0000] {ssh.py:526} INFO - 25/03/10 13:14:19 INFO DAGScheduler: Submitting ResultStage 1 (MapPartitionsRDD[7] at save at NativeMethodAccessorImpl.java:0), which has no missing parents
[2025-03-10T13:14:27.400+0000] {ssh.py:526} INFO - 25/03/10 13:14:19 INFO MemoryStore: Block broadcast_3 stored as values in memory (estimated size 225.1 KiB, free 433.7 MiB)
[2025-03-10T13:14:27.400+0000] {ssh.py:526} INFO - 25/03/10 13:14:19 INFO MemoryStore: Block broadcast_3_piece0 stored as bytes in memory (estimated size 81.0 KiB, free 433.6 MiB)
[2025-03-10T13:14:27.400+0000] {ssh.py:526} INFO - 25/03/10 13:14:19 INFO BlockManagerInfo: Added broadcast_3_piece0 in memory on 0.0.0.0:33099 (size: 81.0 KiB, free: 434.3 MiB)
[2025-03-10T13:14:27.400+0000] {ssh.py:526} INFO - 25/03/10 13:14:19 INFO SparkContext: Created broadcast 3 from broadcast at DAGScheduler.scala:1585
[2025-03-10T13:14:27.400+0000] {ssh.py:526} INFO - 25/03/10 13:14:19 INFO DAGScheduler: Submitting 1 missing tasks from ResultStage 1 (MapPartitionsRDD[7] at save at NativeMethodAccessorImpl.java:0) (first 15 tasks are for partitions Vector(0))
[2025-03-10T13:14:27.400+0000] {ssh.py:526} INFO - 25/03/10 13:14:19 INFO TaskSchedulerImpl: Adding task set 1.0 with 1 tasks resource profile 0
[2025-03-10T13:14:27.401+0000] {ssh.py:526} INFO - 25/03/10 13:14:19 INFO TaskSetManager: Starting task 0.0 in stage 1.0 (TID 1) (ip-172-31-12-182.ap-northeast-2.compute.internal, executor driver, partition 0, PROCESS_LOCAL, 9636 bytes) 
[2025-03-10T13:14:27.401+0000] {ssh.py:526} INFO - 25/03/10 13:14:19 INFO Executor: Running task 0.0 in stage 1.0 (TID 1)
[2025-03-10T13:14:27.401+0000] {ssh.py:526} INFO - 25/03/10 13:14:19 INFO BlockManagerInfo: Removed broadcast_0_piece0 on 0.0.0.0:33099 in memory (size: 34.7 KiB, free: 434.3 MiB)
[2025-03-10T13:14:27.401+0000] {ssh.py:526} INFO - 25/03/10 13:14:19 INFO CodeGenerator: Code generated in 61.724481 ms
[2025-03-10T13:14:27.401+0000] {ssh.py:526} INFO - 25/03/10 13:14:19 INFO FileOutputCommitter: File Output Committer Algorithm version is 1
[2025-03-10T13:14:27.401+0000] {ssh.py:526} INFO - 25/03/10 13:14:19 INFO FileOutputCommitter: FileOutputCommitter skip cleanup _temporary folders under output directory:false, ignore cleanup failures: false
[2025-03-10T13:14:27.401+0000] {ssh.py:526} INFO - 25/03/10 13:14:19 INFO SQLHadoopMapReduceCommitProtocol: Using user defined output committer class org.apache.parquet.hadoop.ParquetOutputCommitter
[2025-03-10T13:14:27.401+0000] {ssh.py:526} INFO - 25/03/10 13:14:19 INFO FileOutputCommitter: File Output Committer Algorithm version is 1
[2025-03-10T13:14:27.401+0000] {ssh.py:526} INFO - 25/03/10 13:14:19 INFO FileOutputCommitter: FileOutputCommitter skip cleanup _temporary folders under output directory:false, ignore cleanup failures: false
[2025-03-10T13:14:27.402+0000] {ssh.py:526} INFO - 25/03/10 13:14:19 INFO SQLHadoopMapReduceCommitProtocol: Using output committer class org.apache.parquet.hadoop.ParquetOutputCommitter
[2025-03-10T13:14:27.402+0000] {ssh.py:526} INFO - 25/03/10 13:14:19 INFO CodecConfig: Compression: SNAPPY
[2025-03-10T13:14:27.402+0000] {ssh.py:526} INFO - 25/03/10 13:14:19 INFO CodecConfig: Compression: SNAPPY
[2025-03-10T13:14:27.402+0000] {ssh.py:526} INFO - 25/03/10 13:14:19 INFO ParquetOutputFormat: ParquetRecordWriter [block size: 134217728b, row group padding size: 8388608b, validating: false]
[2025-03-10T13:14:27.402+0000] {ssh.py:526} INFO - 25/03/10 13:14:19 INFO ParquetWriteSupport: Initialized Parquet WriteSupport with Catalyst schema:
[2025-03-10T13:14:27.402+0000] {ssh.py:526} INFO - {
[2025-03-10T13:14:27.402+0000] {ssh.py:526} INFO -   "type" : "struct",
[2025-03-10T13:14:27.402+0000] {ssh.py:526} INFO -   "fields" : [ {
[2025-03-10T13:14:27.402+0000] {ssh.py:526} INFO -     "name" : "match_id",
[2025-03-10T13:14:27.403+0000] {ssh.py:526} INFO -     "type" : "string",
[2025-03-10T13:14:27.403+0000] {ssh.py:526} INFO -     "nullable" : true,
[2025-03-10T13:14:27.403+0000] {ssh.py:526} INFO -     "metadata" : { }
[2025-03-10T13:14:27.403+0000] {ssh.py:526} INFO -   }, {
[2025-03-10T13:14:27.403+0000] {ssh.py:526} INFO -     "name" : "spid",
[2025-03-10T13:14:27.403+0000] {ssh.py:526} INFO -     "type" : "integer",
[2025-03-10T13:14:27.403+0000] {ssh.py:526} INFO -     "nullable" : true,
[2025-03-10T13:14:27.403+0000] {ssh.py:526} INFO -     "metadata" : { }
[2025-03-10T13:14:27.403+0000] {ssh.py:526} INFO -   }, {
[2025-03-10T13:14:27.404+0000] {ssh.py:526} INFO -     "name" : "season_id",
[2025-03-10T13:14:27.404+0000] {ssh.py:526} INFO -     "type" : "integer",
[2025-03-10T13:14:27.404+0000] {ssh.py:526} INFO -     "nullable" : true,
[2025-03-10T13:14:27.404+0000] {ssh.py:526} INFO -     "metadata" : { }
[2025-03-10T13:14:27.404+0000] {ssh.py:526} INFO -   }, {
[2025-03-10T13:14:27.404+0000] {ssh.py:526} INFO -     "name" : "gamer_nickname",
[2025-03-10T13:14:27.404+0000] {ssh.py:526} INFO -     "type" : "string",
[2025-03-10T13:14:27.404+0000] {ssh.py:526} INFO -     "nullable" : true,
[2025-03-10T13:14:27.404+0000] {ssh.py:526} INFO -     "metadata" : { }
[2025-03-10T13:14:27.405+0000] {ssh.py:526} INFO -   }, {
[2025-03-10T13:14:27.405+0000] {ssh.py:526} INFO -     "name" : "position",
[2025-03-10T13:14:27.405+0000] {ssh.py:526} INFO -     "type" : "integer",
[2025-03-10T13:14:27.405+0000] {ssh.py:526} INFO -     "nullable" : true,
[2025-03-10T13:14:27.405+0000] {ssh.py:526} INFO -     "metadata" : { }
[2025-03-10T13:14:27.405+0000] {ssh.py:526} INFO -   }, {
[2025-03-10T13:14:27.405+0000] {ssh.py:526} INFO -     "name" : "ouid",
[2025-03-10T13:14:27.405+0000] {ssh.py:526} INFO -     "type" : "string",
[2025-03-10T13:14:27.405+0000] {ssh.py:526} INFO -     "nullable" : true,
[2025-03-10T13:14:27.406+0000] {ssh.py:526} INFO -     "metadata" : { }
[2025-03-10T13:14:27.406+0000] {ssh.py:526} INFO -   }, {
[2025-03-10T13:14:27.406+0000] {ssh.py:526} INFO -     "name" : "spgrade",
[2025-03-10T13:14:27.406+0000] {ssh.py:526} INFO -     "type" : "integer",
[2025-03-10T13:14:27.406+0000] {ssh.py:526} INFO -     "nullable" : true,
[2025-03-10T13:14:27.406+0000] {ssh.py:526} INFO -     "metadata" : { }
[2025-03-10T13:14:27.406+0000] {ssh.py:526} INFO -   }, {
[2025-03-10T13:14:27.406+0000] {ssh.py:526} INFO -     "name" : "matchresult",
[2025-03-10T13:14:27.406+0000] {ssh.py:526} INFO -     "type" : "string",
[2025-03-10T13:14:27.407+0000] {ssh.py:526} INFO -     "nullable" : true,
[2025-03-10T13:14:27.407+0000] {ssh.py:526} INFO -     "metadata" : { }
[2025-03-10T13:14:27.407+0000] {ssh.py:526} INFO -   }, {
[2025-03-10T13:14:27.407+0000] {ssh.py:526} INFO -     "name" : "match_date",
[2025-03-10T13:14:27.407+0000] {ssh.py:526} INFO -     "type" : "date",
[2025-03-10T13:14:27.407+0000] {ssh.py:526} INFO -     "nullable" : true,
[2025-03-10T13:14:27.407+0000] {ssh.py:526} INFO -     "metadata" : { }
[2025-03-10T13:14:27.407+0000] {ssh.py:526} INFO -   } ]
[2025-03-10T13:14:27.407+0000] {ssh.py:526} INFO - }
[2025-03-10T13:14:27.408+0000] {ssh.py:526} INFO - and corresponding Parquet message type:
[2025-03-10T13:14:27.408+0000] {ssh.py:526} INFO - message spark_schema {
[2025-03-10T13:14:27.408+0000] {ssh.py:526} INFO -   optional binary match_id (STRING);
[2025-03-10T13:14:27.408+0000] {ssh.py:526} INFO -   optional int32 spid;
[2025-03-10T13:14:27.408+0000] {ssh.py:526} INFO -   optional int32 season_id;
[2025-03-10T13:14:27.408+0000] {ssh.py:526} INFO -   optional binary gamer_nickname (STRING);
[2025-03-10T13:14:27.408+0000] {ssh.py:526} INFO -   optional int32 position;
[2025-03-10T13:14:27.408+0000] {ssh.py:526} INFO -   optional binary ouid (STRING);
[2025-03-10T13:14:27.408+0000] {ssh.py:526} INFO -   optional int32 spgrade;
[2025-03-10T13:14:27.409+0000] {ssh.py:526} INFO -   optional binary matchresult (STRING);
[2025-03-10T13:14:27.409+0000] {ssh.py:526} INFO -   optional int32 match_date (DATE);
[2025-03-10T13:14:27.409+0000] {ssh.py:526} INFO - }
[2025-03-10T13:14:27.409+0000] {ssh.py:526} INFO - 
[2025-03-10T13:14:27.409+0000] {ssh.py:526} INFO -        
[2025-03-10T13:14:27.409+0000] {ssh.py:526} INFO - 25/03/10 13:14:19 INFO CodecPool: Got brand-new compressor [.snappy]
[2025-03-10T13:14:27.409+0000] {ssh.py:526} INFO - 25/03/10 13:14:20 INFO FileScanRDD: Reading File path: s3a://de5-finalproj-team2/raw_data/json/match_data/2025-03-07/group_0.json, range: 0-1112811, partition values: [empty row]
[2025-03-10T13:14:27.409+0000] {ssh.py:526} INFO - 25/03/10 13:14:20 INFO CodeGenerator: Code generated in 40.449671 ms
[2025-03-10T13:14:27.409+0000] {ssh.py:526} INFO - 25/03/10 13:14:20 INFO CodeGenerator: Code generated in 14.983098 ms
[2025-03-10T13:14:27.410+0000] {ssh.py:526} INFO - 25/03/10 13:14:22 INFO FileOutputCommitter: Saved output of task 'attempt_202503101314196007176247432065175_0001_m_000000_1' to s3a://de5-finalproj-team2/trend_analysis/match_data/2025-03-07/_temporary/0/task_202503101314196007176247432065175_0001_m_000000
[2025-03-10T13:14:27.410+0000] {ssh.py:526} INFO - 25/03/10 13:14:22 INFO SparkHadoopMapRedUtil: attempt_202503101314196007176247432065175_0001_m_000000_1: Committed. Elapsed time: 720 ms.
[2025-03-10T13:14:27.410+0000] {ssh.py:526} INFO - 25/03/10 13:14:23 INFO Executor: Finished task 0.0 in stage 1.0 (TID 1). 2725 bytes result sent to driver
[2025-03-10T13:14:27.410+0000] {ssh.py:526} INFO - 25/03/10 13:14:23 INFO TaskSetManager: Finished task 0.0 in stage 1.0 (TID 1) in 3477 ms on ip-172-31-12-182.ap-northeast-2.compute.internal (executor driver) (1/1)
[2025-03-10T13:14:27.410+0000] {ssh.py:526} INFO - 25/03/10 13:14:23 INFO TaskSchedulerImpl: Removed TaskSet 1.0, whose tasks have all completed, from pool 
[2025-03-10T13:14:27.410+0000] {ssh.py:526} INFO - 25/03/10 13:14:23 INFO DAGScheduler: ResultStage 1 (save at NativeMethodAccessorImpl.java:0) finished in 3.567 s
[2025-03-10T13:14:27.410+0000] {ssh.py:526} INFO - 25/03/10 13:14:23 INFO DAGScheduler: Job 1 is finished. Cancelling potential speculative or zombie tasks for this job
[2025-03-10T13:14:27.410+0000] {ssh.py:526} INFO - 25/03/10 13:14:23 INFO TaskSchedulerImpl: Killing all running tasks in stage 1: Stage finished
[2025-03-10T13:14:27.411+0000] {ssh.py:526} INFO - 25/03/10 13:14:23 INFO DAGScheduler: Job 1 finished: save at NativeMethodAccessorImpl.java:0, took 3.576471 s
[2025-03-10T13:14:27.411+0000] {ssh.py:526} INFO - 25/03/10 13:14:23 INFO FileFormatWriter: Start to commit write Job 75e2a1cd-6608-433b-bcef-29eca0b82979.
[2025-03-10T13:14:27.411+0000] {ssh.py:526} INFO - 25/03/10 13:14:24 INFO FileFormatWriter: Write Job 75e2a1cd-6608-433b-bcef-29eca0b82979 committed. Elapsed time: 1041 ms.
[2025-03-10T13:14:27.411+0000] {ssh.py:526} INFO - 25/03/10 13:14:24 INFO FileFormatWriter: Finished processing stats for write job 75e2a1cd-6608-433b-bcef-29eca0b82979.
[2025-03-10T13:14:27.411+0000] {ssh.py:526} INFO - Writing analytics parquet
[2025-03-10T13:14:27.411+0000] {ssh.py:526} INFO - 25/03/10 13:14:24 INFO FileSourceStrategy: Pushed Filters: IsNotNull(player_info)
[2025-03-10T13:14:27.411+0000] {ssh.py:526} INFO - 25/03/10 13:14:24 INFO FileSourceStrategy: Post-Scan Filters: (size(player_info#13, true) > 0),isnotnull(player_info#13)
[2025-03-10T13:14:27.411+0000] {ssh.py:526} INFO - 25/03/10 13:14:24 INFO ParquetUtils: Using default output committer for Parquet: org.apache.parquet.hadoop.ParquetOutputCommitter
[2025-03-10T13:14:27.411+0000] {ssh.py:526} INFO - 25/03/10 13:14:24 INFO FileOutputCommitter: File Output Committer Algorithm version is 1
[2025-03-10T13:14:27.411+0000] {ssh.py:526} INFO - 25/03/10 13:14:24 INFO FileOutputCommitter: FileOutputCommitter skip cleanup _temporary folders under output directory:false, ignore cleanup failures: false
[2025-03-10T13:14:27.412+0000] {ssh.py:526} INFO - 25/03/10 13:14:24 INFO SQLHadoopMapReduceCommitProtocol: Using user defined output committer class org.apache.parquet.hadoop.ParquetOutputCommitter
[2025-03-10T13:14:27.412+0000] {ssh.py:526} INFO - 25/03/10 13:14:24 INFO FileOutputCommitter: File Output Committer Algorithm version is 1
[2025-03-10T13:14:27.412+0000] {ssh.py:526} INFO - 25/03/10 13:14:24 INFO FileOutputCommitter: FileOutputCommitter skip cleanup _temporary folders under output directory:false, ignore cleanup failures: false
[2025-03-10T13:14:27.412+0000] {ssh.py:526} INFO - 25/03/10 13:14:24 INFO SQLHadoopMapReduceCommitProtocol: Using output committer class org.apache.parquet.hadoop.ParquetOutputCommitter
[2025-03-10T13:14:27.412+0000] {ssh.py:526} INFO - 25/03/10 13:14:24 INFO CodeGenerator: Code generated in 19.047786 ms
[2025-03-10T13:14:27.412+0000] {ssh.py:526} INFO - 25/03/10 13:14:24 INFO MemoryStore: Block broadcast_4 stored as values in memory (estimated size 200.9 KiB, free 433.7 MiB)
[2025-03-10T13:14:27.412+0000] {ssh.py:526} INFO - 25/03/10 13:14:24 INFO MemoryStore: Block broadcast_4_piece0 stored as bytes in memory (estimated size 34.7 KiB, free 433.6 MiB)
[2025-03-10T13:14:27.413+0000] {ssh.py:526} INFO - 25/03/10 13:14:24 INFO BlockManagerInfo: Added broadcast_4_piece0 in memory on 0.0.0.0:33099 (size: 34.7 KiB, free: 434.3 MiB)
[2025-03-10T13:14:27.413+0000] {ssh.py:526} INFO - 25/03/10 13:14:24 INFO SparkContext: Created broadcast 4 from save at NativeMethodAccessorImpl.java:0
[2025-03-10T13:14:27.413+0000] {ssh.py:526} INFO - 25/03/10 13:14:24 INFO FileSourceScanExec: Planning scan with bin packing, max size: 5307115 bytes, open cost is considered as scanning 4194304 bytes.
[2025-03-10T13:14:27.413+0000] {ssh.py:526} INFO - 25/03/10 13:14:24 INFO SparkContext: Starting job: save at NativeMethodAccessorImpl.java:0
[2025-03-10T13:14:27.413+0000] {ssh.py:526} INFO - 25/03/10 13:14:24 INFO DAGScheduler: Got job 2 (save at NativeMethodAccessorImpl.java:0) with 1 output partitions
[2025-03-10T13:14:27.413+0000] {ssh.py:526} INFO - 25/03/10 13:14:24 INFO DAGScheduler: Final stage: ResultStage 2 (save at NativeMethodAccessorImpl.java:0)
[2025-03-10T13:14:27.413+0000] {ssh.py:526} INFO - 25/03/10 13:14:24 INFO DAGScheduler: Parents of final stage: List()
[2025-03-10T13:14:27.413+0000] {ssh.py:526} INFO - 25/03/10 13:14:24 INFO DAGScheduler: Missing parents: List()
[2025-03-10T13:14:27.413+0000] {ssh.py:526} INFO - 25/03/10 13:14:24 INFO DAGScheduler: Submitting ResultStage 2 (MapPartitionsRDD[11] at save at NativeMethodAccessorImpl.java:0), which has no missing parents
[2025-03-10T13:14:27.414+0000] {ssh.py:526} INFO - 25/03/10 13:14:24 INFO MemoryStore: Block broadcast_5 stored as values in memory (estimated size 223.4 KiB, free 433.4 MiB)
[2025-03-10T13:14:27.414+0000] {ssh.py:526} INFO - 25/03/10 13:14:24 INFO MemoryStore: Block broadcast_5_piece0 stored as bytes in memory (estimated size 80.4 KiB, free 433.3 MiB)
[2025-03-10T13:14:27.414+0000] {ssh.py:526} INFO - 25/03/10 13:14:24 INFO BlockManagerInfo: Added broadcast_5_piece0 in memory on 0.0.0.0:33099 (size: 80.4 KiB, free: 434.2 MiB)
[2025-03-10T13:14:27.414+0000] {ssh.py:526} INFO - 25/03/10 13:14:24 INFO SparkContext: Created broadcast 5 from broadcast at DAGScheduler.scala:1585
[2025-03-10T13:14:27.414+0000] {ssh.py:526} INFO - 25/03/10 13:14:24 INFO DAGScheduler: Submitting 1 missing tasks from ResultStage 2 (MapPartitionsRDD[11] at save at NativeMethodAccessorImpl.java:0) (first 15 tasks are for partitions Vector(0))
[2025-03-10T13:14:27.414+0000] {ssh.py:526} INFO - 25/03/10 13:14:24 INFO TaskSchedulerImpl: Adding task set 2.0 with 1 tasks resource profile 0
[2025-03-10T13:14:27.414+0000] {ssh.py:526} INFO - 25/03/10 13:14:24 INFO TaskSetManager: Starting task 0.0 in stage 2.0 (TID 2) (ip-172-31-12-182.ap-northeast-2.compute.internal, executor driver, partition 0, PROCESS_LOCAL, 9636 bytes) 
[2025-03-10T13:14:27.414+0000] {ssh.py:526} INFO - 25/03/10 13:14:24 INFO Executor: Running task 0.0 in stage 2.0 (TID 2)
[2025-03-10T13:14:27.414+0000] {ssh.py:526} INFO - 25/03/10 13:14:24 INFO CodeGenerator: Code generated in 19.86237 ms
[2025-03-10T13:14:27.415+0000] {ssh.py:526} INFO - 25/03/10 13:14:24 INFO FileOutputCommitter: File Output Committer Algorithm version is 1
[2025-03-10T13:14:27.415+0000] {ssh.py:526} INFO - 25/03/10 13:14:24 INFO FileOutputCommitter: FileOutputCommitter skip cleanup _temporary folders under output directory:false, ignore cleanup failures: false
[2025-03-10T13:14:27.415+0000] {ssh.py:526} INFO - 25/03/10 13:14:24 INFO SQLHadoopMapReduceCommitProtocol: Using user defined output committer class org.apache.parquet.hadoop.ParquetOutputCommitter
[2025-03-10T13:14:27.415+0000] {ssh.py:526} INFO - 25/03/10 13:14:24 INFO FileOutputCommitter: File Output Committer Algorithm version is 1
[2025-03-10T13:14:27.415+0000] {ssh.py:526} INFO - 25/03/10 13:14:24 INFO FileOutputCommitter: FileOutputCommitter skip cleanup _temporary folders under output directory:false, ignore cleanup failures: false
[2025-03-10T13:14:27.415+0000] {ssh.py:526} INFO - 25/03/10 13:14:24 INFO SQLHadoopMapReduceCommitProtocol: Using output committer class org.apache.parquet.hadoop.ParquetOutputCommitter
[2025-03-10T13:14:27.415+0000] {ssh.py:526} INFO - 25/03/10 13:14:24 INFO CodecConfig: Compression: SNAPPY
[2025-03-10T13:14:27.415+0000] {ssh.py:526} INFO - 25/03/10 13:14:24 INFO CodecConfig: Compression: SNAPPY
[2025-03-10T13:14:27.415+0000] {ssh.py:526} INFO - 25/03/10 13:14:24 INFO ParquetOutputFormat: ParquetRecordWriter [block size: 134217728b, row group padding size: 8388608b, validating: false]
[2025-03-10T13:14:27.416+0000] {ssh.py:526} INFO - 25/03/10 13:14:24 INFO ParquetWriteSupport: Initialized Parquet WriteSupport with Catalyst schema:
[2025-03-10T13:14:27.416+0000] {ssh.py:526} INFO - {
[2025-03-10T13:14:27.416+0000] {ssh.py:526} INFO -   "type" : "struct",
[2025-03-10T13:14:27.416+0000] {ssh.py:526} INFO -   "fields" : [ {
[2025-03-10T13:14:27.416+0000] {ssh.py:526} INFO -     "name" : "match_id",
[2025-03-10T13:14:27.416+0000] {ssh.py:526} INFO -     "type" : "string",
[2025-03-10T13:14:27.416+0000] {ssh.py:526} INFO -     "nullable" : true,
[2025-03-10T13:14:27.416+0000] {ssh.py:526} INFO -     "metadata" : { }
[2025-03-10T13:14:27.416+0000] {ssh.py:526} INFO -   }, {
[2025-03-10T13:14:27.417+0000] {ssh.py:526} INFO -     "name" : "spid",
[2025-03-10T13:14:27.417+0000] {ssh.py:526} INFO -     "type" : "integer",
[2025-03-10T13:14:27.417+0000] {ssh.py:526} INFO -     "nullable" : true,
[2025-03-10T13:14:27.417+0000] {ssh.py:526} INFO -     "metadata" : { }
[2025-03-10T13:14:27.417+0000] {ssh.py:526} INFO -   }, {
[2025-03-10T13:14:27.417+0000] {ssh.py:526} INFO -     "name" : "season_id",
[2025-03-10T13:14:27.417+0000] {ssh.py:526} INFO -     "type" : "integer",
[2025-03-10T13:14:27.417+0000] {ssh.py:526} INFO -     "nullable" : true,
[2025-03-10T13:14:27.417+0000] {ssh.py:526} INFO -     "metadata" : { }
[2025-03-10T13:14:27.418+0000] {ssh.py:526} INFO -   }, {
[2025-03-10T13:14:27.418+0000] {ssh.py:526} INFO -     "name" : "gamer_nickname",
[2025-03-10T13:14:27.418+0000] {ssh.py:526} INFO -     "type" : "string",
[2025-03-10T13:14:27.418+0000] {ssh.py:526} INFO -     "nullable" : true,
[2025-03-10T13:14:27.418+0000] {ssh.py:526} INFO -     "metadata" : { }
[2025-03-10T13:14:27.418+0000] {ssh.py:526} INFO -   }, {
[2025-03-10T13:14:27.418+0000] {ssh.py:526} INFO -     "name" : "position",
[2025-03-10T13:14:27.418+0000] {ssh.py:526} INFO -     "type" : "integer",
[2025-03-10T13:14:27.418+0000] {ssh.py:526} INFO -     "nullable" : true,
[2025-03-10T13:14:27.419+0000] {ssh.py:526} INFO -     "metadata" : { }
[2025-03-10T13:14:27.419+0000] {ssh.py:526} INFO -   }, {
[2025-03-10T13:14:27.419+0000] {ssh.py:526} INFO -     "name" : "spgrade",
[2025-03-10T13:14:27.419+0000] {ssh.py:526} INFO -     "type" : "integer",
[2025-03-10T13:14:27.419+0000] {ssh.py:526} INFO -     "nullable" : true,
[2025-03-10T13:14:27.419+0000] {ssh.py:526} INFO -     "metadata" : { }
[2025-03-10T13:14:27.419+0000] {ssh.py:526} INFO -   }, {
[2025-03-10T13:14:27.419+0000] {ssh.py:526} INFO -     "name" : "matchresult",
[2025-03-10T13:14:27.420+0000] {ssh.py:526} INFO -     "type" : "string",
[2025-03-10T13:14:27.420+0000] {ssh.py:526} INFO -     "nullable" : true,
[2025-03-10T13:14:27.420+0000] {ssh.py:526} INFO -     "metadata" : { }
[2025-03-10T13:14:27.420+0000] {ssh.py:526} INFO -   } ]
[2025-03-10T13:14:27.420+0000] {ssh.py:526} INFO - }
[2025-03-10T13:14:27.420+0000] {ssh.py:526} INFO - and corresponding Parquet message type:
[2025-03-10T13:14:27.420+0000] {ssh.py:526} INFO - message spark_schema {
[2025-03-10T13:14:27.420+0000] {ssh.py:526} INFO -   optional binary match_id (STRING);
[2025-03-10T13:14:27.420+0000] {ssh.py:526} INFO -   optional int32 spid;
[2025-03-10T13:14:27.421+0000] {ssh.py:526} INFO -   optional int32 season_id;
[2025-03-10T13:14:27.421+0000] {ssh.py:526} INFO -   optional binary gamer_nickname (STRING);
[2025-03-10T13:14:27.421+0000] {ssh.py:526} INFO -   optional int32 position;
[2025-03-10T13:14:27.421+0000] {ssh.py:526} INFO -   optional int32 spgrade;
[2025-03-10T13:14:27.421+0000] {ssh.py:526} INFO -   optional binary matchresult (STRING);
[2025-03-10T13:14:27.421+0000] {ssh.py:526} INFO - }
[2025-03-10T13:14:27.421+0000] {ssh.py:526} INFO - 
[2025-03-10T13:14:27.421+0000] {ssh.py:526} INFO -        
[2025-03-10T13:14:27.421+0000] {ssh.py:526} INFO - 25/03/10 13:14:24 INFO FileScanRDD: Reading File path: s3a://de5-finalproj-team2/raw_data/json/match_data/2025-03-07/group_0.json, range: 0-1112811, partition values: [empty row]
[2025-03-10T13:14:27.422+0000] {ssh.py:526} INFO - 25/03/10 13:14:24 INFO CodeGenerator: Code generated in 18.585967 ms
[2025-03-10T13:14:27.422+0000] {ssh.py:526} INFO - 25/03/10 13:14:24 INFO CodeGenerator: Code generated in 8.567445 ms
[2025-03-10T13:14:27.422+0000] {ssh.py:526} INFO - 25/03/10 13:14:26 INFO FileOutputCommitter: Saved output of task 'attempt_202503101314241783247783949289744_0002_m_000000_2' to s3a://de5-finalproj-team2/analytics/match_data/2025-03-07/_temporary/0/task_202503101314241783247783949289744_0002_m_000000
[2025-03-10T13:14:27.422+0000] {ssh.py:526} INFO - 25/03/10 13:14:26 INFO SparkHadoopMapRedUtil: attempt_202503101314241783247783949289744_0002_m_000000_2: Committed. Elapsed time: 685 ms.
[2025-03-10T13:14:27.422+0000] {ssh.py:526} INFO - 25/03/10 13:14:26 INFO Executor: Finished task 0.0 in stage 2.0 (TID 2). 2682 bytes result sent to driver
[2025-03-10T13:14:27.422+0000] {ssh.py:526} INFO - 25/03/10 13:14:26 INFO TaskSetManager: Finished task 0.0 in stage 2.0 (TID 2) in 1359 ms on ip-172-31-12-182.ap-northeast-2.compute.internal (executor driver) (1/1)
[2025-03-10T13:14:27.422+0000] {ssh.py:526} INFO - 25/03/10 13:14:26 INFO TaskSchedulerImpl: Removed TaskSet 2.0, whose tasks have all completed, from pool 
[2025-03-10T13:14:27.422+0000] {ssh.py:526} INFO - 25/03/10 13:14:26 INFO DAGScheduler: ResultStage 2 (save at NativeMethodAccessorImpl.java:0) finished in 1.396 s
[2025-03-10T13:14:27.422+0000] {ssh.py:526} INFO - 25/03/10 13:14:26 INFO DAGScheduler: Job 2 is finished. Cancelling potential speculative or zombie tasks for this job
[2025-03-10T13:14:27.423+0000] {ssh.py:526} INFO - 25/03/10 13:14:26 INFO TaskSchedulerImpl: Killing all running tasks in stage 2: Stage finished
[2025-03-10T13:14:27.423+0000] {ssh.py:526} INFO - 25/03/10 13:14:26 INFO DAGScheduler: Job 2 finished: save at NativeMethodAccessorImpl.java:0, took 1.403708 s
[2025-03-10T13:14:27.423+0000] {ssh.py:526} INFO - 25/03/10 13:14:26 INFO FileFormatWriter: Start to commit write Job d35b1674-9b19-48f6-9d0c-8f4fa63ccaf7.
[2025-03-10T13:14:27.423+0000] {ssh.py:526} INFO - 25/03/10 13:14:27 INFO FileFormatWriter: Write Job d35b1674-9b19-48f6-9d0c-8f4fa63ccaf7 committed. Elapsed time: 984 ms.
[2025-03-10T13:14:27.423+0000] {ssh.py:526} INFO - 25/03/10 13:14:27 INFO FileFormatWriter: Finished processing stats for write job d35b1674-9b19-48f6-9d0c-8f4fa63ccaf7.
[2025-03-10T13:14:27.423+0000] {ssh.py:526} INFO - 25/03/10 13:14:27 INFO SparkContext: SparkContext is stopping with exitCode 0.
[2025-03-10T13:14:27.423+0000] {ssh.py:526} INFO - 25/03/10 13:14:27 INFO SparkUI: Stopped Spark web UI at http://0.0.0.0:4040
[2025-03-10T13:14:27.423+0000] {ssh.py:526} INFO - 25/03/10 13:14:27 INFO MapOutputTrackerMasterEndpoint: MapOutputTrackerMasterEndpoint stopped!
[2025-03-10T13:14:27.423+0000] {ssh.py:526} INFO - 25/03/10 13:14:27 INFO MemoryStore: MemoryStore cleared
[2025-03-10T13:14:27.424+0000] {ssh.py:526} INFO - 25/03/10 13:14:27 INFO BlockManager: BlockManager stopped
[2025-03-10T13:14:27.424+0000] {ssh.py:526} INFO - 25/03/10 13:14:27 INFO BlockManagerMaster: BlockManagerMaster stopped
[2025-03-10T13:14:27.424+0000] {ssh.py:526} INFO - 25/03/10 13:14:27 INFO OutputCommitCoordinator$OutputCommitCoordinatorEndpoint: OutputCommitCoordinator stopped!
[2025-03-10T13:14:27.424+0000] {ssh.py:526} INFO - 25/03/10 13:14:27 INFO SparkContext: Successfully stopped SparkContext
[2025-03-10T13:14:27.424+0000] {ssh.py:526} INFO - 25/03/10 13:14:27 INFO ShutdownHookManager: Shutdown hook called
[2025-03-10T13:14:27.424+0000] {ssh.py:526} INFO - 25/03/10 13:14:27 INFO ShutdownHookManager: Deleting directory /tmp/spark-090eb063-7e1f-4e4d-b614-183c40a3d67d
[2025-03-10T13:14:27.424+0000] {ssh.py:526} INFO - 25/03/10 13:14:27 INFO ShutdownHookManager: Deleting directory /tmp/spark-4b11c7e2-617f-4600-baf9-3c8f7b5656fa/pyspark-cd2712a2-f8f6-44da-9648-6d2407a961cb
[2025-03-10T13:14:27.424+0000] {ssh.py:526} INFO - 25/03/10 13:14:27 INFO ShutdownHookManager: Deleting directory /tmp/spark-4b11c7e2-617f-4600-baf9-3c8f7b5656fa
[2025-03-10T13:14:27.424+0000] {ssh.py:526} INFO - 25/03/10 13:14:27 INFO MetricsSystemImpl: Stopping s3a-file-system metrics system...
[2025-03-10T13:14:27.425+0000] {ssh.py:526} INFO - 25/03/10 13:14:27 INFO MetricsSystemImpl: s3a-file-system metrics system stopped.
[2025-03-10T13:14:27.425+0000] {ssh.py:526} INFO - 25/03/10 13:14:27 INFO MetricsSystemImpl: s3a-file-system metrics system shutdown complete.
[2025-03-10T13:14:27.425+0000] {ssh.py:526} INFO - === Spark Job Log End ===
[2025-03-10T13:14:27.425+0000] {ssh.py:526} INFO - Spark Job Succeeded!
[2025-03-10T13:14:27.444+0000] {taskinstance.py:441} INFO - ::group::Post task execution logs
[2025-03-10T13:14:27.477+0000] {taskinstance.py:1206} INFO - Marking task as SUCCESS. dag_id=submit_spark_job_v3, task_id=submit_spark_via_ssh, run_id=scheduled__2025-03-07T01:00:00+00:00, execution_date=20250307T010000, start_date=20250310T131402, end_date=20250310T131427
[2025-03-10T13:14:27.520+0000] {local_task_job_runner.py:240} INFO - Task exited with return code 0
[2025-03-10T13:14:27.552+0000] {taskinstance.py:3498} INFO - 1 downstream tasks scheduled from follow-on schedule check
[2025-03-10T13:14:27.554+0000] {local_task_job_runner.py:222} INFO - ::endgroup::
