[2025-03-14T09:42:37.258+0000] {local_task_job_runner.py:120} INFO - ::group::Pre task execution logs
[2025-03-14T09:42:37.290+0000] {taskinstance.py:2076} INFO - Dependencies all met for dep_context=non-requeueable deps ti=<TaskInstance: team_color_to_parquet_dag.submit_spark_via_ssh manual__2025-03-14T09:42:33.687405+00:00 [queued]>
[2025-03-14T09:42:37.304+0000] {taskinstance.py:2076} INFO - Dependencies all met for dep_context=requeueable deps ti=<TaskInstance: team_color_to_parquet_dag.submit_spark_via_ssh manual__2025-03-14T09:42:33.687405+00:00 [queued]>
[2025-03-14T09:42:37.304+0000] {taskinstance.py:2306} INFO - Starting attempt 1 of 2
[2025-03-14T09:42:37.319+0000] {taskinstance.py:2330} INFO - Executing <Task(SSHOperator): submit_spark_via_ssh> on 2025-03-14 09:42:33.687405+00:00
[2025-03-14T09:42:37.325+0000] {standard_task_runner.py:63} INFO - Started process 37809 to run task
[2025-03-14T09:42:37.329+0000] {standard_task_runner.py:90} INFO - Running: ['***', 'tasks', 'run', 'team_color_to_parquet_dag', 'submit_spark_via_ssh', 'manual__2025-03-14T09:42:33.687405+00:00', '--job-id', '218', '--raw', '--subdir', 'DAGS_FOLDER/team_color_to_parquet_dag.py', '--cfg-path', '/tmp/tmpfecooaeu']
[2025-03-14T09:42:37.331+0000] {standard_task_runner.py:91} INFO - Job 218: Subtask submit_spark_via_ssh
[2025-03-14T09:42:37.397+0000] {task_command.py:426} INFO - Running <TaskInstance: team_color_to_parquet_dag.submit_spark_via_ssh manual__2025-03-14T09:42:33.687405+00:00 [running]> on host a0d797a25898
[2025-03-14T09:42:37.519+0000] {taskinstance.py:2648} INFO - Exporting env vars: AIRFLOW_CTX_DAG_OWNER='***' AIRFLOW_CTX_DAG_ID='team_color_to_parquet_dag' AIRFLOW_CTX_TASK_ID='submit_spark_via_ssh' AIRFLOW_CTX_EXECUTION_DATE='2025-03-14T09:42:33.687405+00:00' AIRFLOW_CTX_TRY_NUMBER='1' AIRFLOW_CTX_DAG_RUN_ID='manual__2025-03-14T09:42:33.687405+00:00'
[2025-03-14T09:42:37.520+0000] {taskinstance.py:430} INFO - ::endgroup::
[2025-03-14T09:42:37.535+0000] {ssh.py:151} INFO - Creating ssh_client
[2025-03-14T09:42:37.536+0000] {ssh.py:124} INFO - ssh_hook is not provided or invalid. Trying ssh_conn_id to create SSHHook.
[2025-03-14T09:42:37.550+0000] {base.py:84} INFO - Using connection ID 'spark_ssh_conn' for task execution.
[2025-03-14T09:42:37.551+0000] {ssh.py:301} WARNING - No Host Key Verification. This won't protect against Man-In-The-Middle attacks
[2025-03-14T09:42:37.556+0000] {transport.py:1909} INFO - Connected (version 2.0, client OpenSSH_9.6p1)
[2025-03-14T09:42:37.643+0000] {transport.py:1909} INFO - Authentication (publickey) successful!
[2025-03-14T09:42:37.644+0000] {ssh.py:480} INFO - Running command: 
    set -e
    echo "Starting Spark Job on 2025-03-14"
    /spark-3.5.3/bin/spark-submit /home/ubuntu/spark_scripts/team_color_to_parquet.py 2025-03-14
    exit_code=$?

    if [ $exit_code -ne 0 ]; then
        echo "Spark Job Failed! Check logs."
        exit 1
    else
        echo "Spark Job Succeeded!"
    fi
    
[2025-03-14T09:42:37.858+0000] {ssh.py:526} INFO - Starting Spark Job on 2025-03-14
[2025-03-14T09:42:44.717+0000] {ssh.py:531} WARNING - 25/03/14 09:42:44 INFO SparkContext: Running Spark version 3.5.3
[2025-03-14T09:42:44.720+0000] {ssh.py:531} WARNING - 25/03/14 09:42:44 INFO SparkContext: OS info Linux, 6.8.0-1024-aws, amd64
[2025-03-14T09:42:44.721+0000] {ssh.py:531} WARNING - 25/03/14 09:42:44 INFO SparkContext: Java version 11.0.26
[2025-03-14T09:42:44.860+0000] {ssh.py:531} WARNING - 25/03/14 09:42:44 WARN NativeCodeLoader: Unable to load native-hadoop library for your platform... using builtin-java classes where applicable
[2025-03-14T09:42:45.067+0000] {ssh.py:531} WARNING - 25/03/14 09:42:45 INFO ResourceUtils: ==============================================================
[2025-03-14T09:42:45.068+0000] {ssh.py:531} WARNING - 25/03/14 09:42:45 INFO ResourceUtils: No custom resources configured for spark.driver.
[2025-03-14T09:42:45.068+0000] {ssh.py:531} WARNING - 25/03/14 09:42:45 INFO ResourceUtils: ==============================================================
[2025-03-14T09:42:45.071+0000] {ssh.py:531} WARNING - 25/03/14 09:42:45 INFO SparkContext: Submitted application: Extract_Team_Color_Info
[2025-03-14T09:42:45.107+0000] {ssh.py:531} WARNING - 25/03/14 09:42:45 INFO ResourceProfile: Default ResourceProfile created, executor resources: Map(cores -> name: cores, amount: 1, script: , vendor: , memory -> name: memory, amount: 1024, script: , vendor: , offHeap -> name: offHeap, amount: 0, script: , vendor: ), task resources: Map(cpus -> name: cpus, amount: 1.0)
[2025-03-14T09:42:45.136+0000] {ssh.py:531} WARNING - 25/03/14 09:42:45 INFO ResourceProfile: Limiting resource is cpu
[2025-03-14T09:42:45.138+0000] {ssh.py:531} WARNING - 25/03/14 09:42:45 INFO ResourceProfileManager: Added ResourceProfile id: 0
[2025-03-14T09:42:45.259+0000] {ssh.py:531} WARNING - 25/03/14 09:42:45 INFO SecurityManager: Changing view acls to: ubuntu
[2025-03-14T09:42:45.266+0000] {ssh.py:531} WARNING - 25/03/14 09:42:45 INFO SecurityManager: Changing modify acls to: ubuntu
[2025-03-14T09:42:45.272+0000] {ssh.py:531} WARNING - 25/03/14 09:42:45 INFO SecurityManager: Changing view acls groups to: 
[2025-03-14T09:42:45.274+0000] {ssh.py:531} WARNING - 25/03/14 09:42:45 INFO SecurityManager: Changing modify acls groups to: 
[2025-03-14T09:42:45.274+0000] {ssh.py:531} WARNING - 25/03/14 09:42:45 INFO SecurityManager: SecurityManager: authentication disabled; ui acls disabled; users with view permissions: ubuntu; groups with view permissions: EMPTY; users with modify permissions: ubuntu; groups with modify permissions: EMPTY
[2025-03-14T09:42:45.730+0000] {ssh.py:531} WARNING - 25/03/14 09:42:45 INFO Utils: Successfully started service 'sparkDriver' on port 41593.
[2025-03-14T09:42:45.785+0000] {ssh.py:531} WARNING - 25/03/14 09:42:45 INFO SparkEnv: Registering MapOutputTracker
[2025-03-14T09:42:45.824+0000] {ssh.py:531} WARNING - 25/03/14 09:42:45 INFO SparkEnv: Registering BlockManagerMaster
[2025-03-14T09:42:45.844+0000] {ssh.py:531} WARNING - 25/03/14 09:42:45 INFO BlockManagerMasterEndpoint: Using org.apache.spark.storage.DefaultTopologyMapper for getting topology information
[2025-03-14T09:42:45.847+0000] {ssh.py:531} WARNING - 25/03/14 09:42:45 INFO BlockManagerMasterEndpoint: BlockManagerMasterEndpoint up
[2025-03-14T09:42:45.851+0000] {ssh.py:531} WARNING - 25/03/14 09:42:45 INFO SparkEnv: Registering BlockManagerMasterHeartbeat
[2025-03-14T09:42:45.891+0000] {ssh.py:531} WARNING - 25/03/14 09:42:45 INFO DiskBlockManager: Created local directory at /tmp/blockmgr-81d20e00-0ce1-4198-a654-415342b78612
[2025-03-14T09:42:45.914+0000] {ssh.py:531} WARNING - 25/03/14 09:42:45 INFO MemoryStore: MemoryStore started with capacity 434.4 MiB
[2025-03-14T09:42:45.942+0000] {ssh.py:531} WARNING - 25/03/14 09:42:45 INFO SparkEnv: Registering OutputCommitCoordinator
[2025-03-14T09:42:46.150+0000] {ssh.py:531} WARNING - 25/03/14 09:42:46 INFO JettyUtils: Start Jetty 0.0.0.0:4040 for SparkUI
[2025-03-14T09:42:46.229+0000] {ssh.py:531} WARNING - 25/03/14 09:42:46 WARN Utils: Service 'SparkUI' could not bind on port 4040. Attempting port 4041.
[2025-03-14T09:42:46.241+0000] {ssh.py:531} WARNING - 25/03/14 09:42:46 INFO Utils: Successfully started service 'SparkUI' on port 4041.
[2025-03-14T09:42:46.468+0000] {ssh.py:531} WARNING - 25/03/14 09:42:46 INFO Executor: Starting executor ID driver on host ip-172-31-12-182.ap-northeast-2.compute.internal
[2025-03-14T09:42:46.468+0000] {ssh.py:531} WARNING - 25/03/14 09:42:46 INFO Executor: OS info Linux, 6.8.0-1024-aws, amd64
[2025-03-14T09:42:46.469+0000] {ssh.py:531} WARNING - 25/03/14 09:42:46 INFO Executor: Java version 11.0.26
[2025-03-14T09:42:46.481+0000] {ssh.py:531} WARNING - 25/03/14 09:42:46 INFO Executor: Starting executor with user classpath (userClassPathFirst = false): ''
[2025-03-14T09:42:46.482+0000] {ssh.py:531} WARNING - 25/03/14 09:42:46 INFO Executor: Created or updated repl class loader org.apache.spark.util.MutableURLClassLoader@3049fa85 for default.
[2025-03-14T09:42:46.521+0000] {ssh.py:531} WARNING - 25/03/14 09:42:46 INFO Utils: Successfully started service 'org.apache.spark.network.netty.NettyBlockTransferService' on port 46427.
[2025-03-14T09:42:46.521+0000] {ssh.py:531} WARNING - 25/03/14 09:42:46 INFO NettyBlockTransferService: Server created on 0.0.0.0:46427
[2025-03-14T09:42:46.522+0000] {ssh.py:531} WARNING - 25/03/14 09:42:46 INFO BlockManager: Using org.apache.spark.storage.RandomBlockReplicationPolicy for block replication policy
[2025-03-14T09:42:46.532+0000] {ssh.py:531} WARNING - 25/03/14 09:42:46 INFO BlockManagerMaster: Registering BlockManager BlockManagerId(driver, 0.0.0.0, 46427, None)
[2025-03-14T09:42:46.543+0000] {ssh.py:531} WARNING - 25/03/14 09:42:46 INFO BlockManagerMasterEndpoint: Registering block manager 0.0.0.0:46427 with 434.4 MiB RAM, BlockManagerId(driver, 0.0.0.0, 46427, None)
[2025-03-14T09:42:46.546+0000] {ssh.py:531} WARNING - 25/03/14 09:42:46 INFO BlockManagerMaster: Registered BlockManager BlockManagerId(driver, 0.0.0.0, 46427, None)
[2025-03-14T09:42:46.548+0000] {ssh.py:531} WARNING - 25/03/14 09:42:46 INFO BlockManager: Initialized BlockManager: BlockManagerId(driver, 0.0.0.0, 46427, None)
[2025-03-14T09:42:47.275+0000] {ssh.py:531} WARNING - 25/03/14 09:42:47 INFO SharedState: Setting hive.metastore.warehouse.dir ('null') to the value of spark.sql.warehouse.dir.
[2025-03-14T09:42:47.287+0000] {ssh.py:531} WARNING - 25/03/14 09:42:47 INFO SharedState: Warehouse path is 'file:/home/ubuntu/spark-warehouse'.
[2025-03-14T09:42:48.553+0000] {ssh.py:531} WARNING - 25/03/14 09:42:48 WARN MetricsConfig: Cannot locate configuration: tried hadoop-metrics2-s3a-file-system.properties,hadoop-metrics2.properties
[2025-03-14T09:42:48.575+0000] {ssh.py:531} WARNING - 25/03/14 09:42:48 INFO MetricsSystemImpl: Scheduled Metric snapshot period at 10 second(s).
[2025-03-14T09:42:48.576+0000] {ssh.py:531} WARNING - 25/03/14 09:42:48 INFO MetricsSystemImpl: s3a-file-system metrics system started
[2025-03-14T09:42:50.413+0000] {ssh.py:531} WARNING - 25/03/14 09:42:50 INFO InMemoryFileIndex: It took 136 ms to list leaf files for 1 paths.
[2025-03-14T09:42:50.569+0000] {ssh.py:531} WARNING - 25/03/14 09:42:50 INFO InMemoryFileIndex: It took 38 ms to list leaf files for 1 paths.
[2025-03-14T09:42:54.264+0000] {ssh.py:531} WARNING - 25/03/14 09:42:54 INFO FileSourceStrategy: Pushed Filters: 
[2025-03-14T09:42:54.269+0000] {ssh.py:531} WARNING - 25/03/14 09:42:54 INFO FileSourceStrategy: Post-Scan Filters: (length(trim(value#0, None)) > 0)
[2025-03-14T09:42:55.186+0000] {ssh.py:531} WARNING - 25/03/14 09:42:55 INFO CodeGenerator: Code generated in 329.30105 ms
[2025-03-14T09:42:55.296+0000] {ssh.py:531} WARNING - 25/03/14 09:42:55 INFO MemoryStore: Block broadcast_0 stored as values in memory (estimated size 200.6 KiB, free 434.2 MiB)
[2025-03-14T09:42:55.425+0000] {ssh.py:531} WARNING - 25/03/14 09:42:55 INFO MemoryStore: Block broadcast_0_piece0 stored as bytes in memory (estimated size 34.7 KiB, free 434.2 MiB)
[2025-03-14T09:42:55.432+0000] {ssh.py:531} WARNING - 25/03/14 09:42:55 INFO BlockManagerInfo: Added broadcast_0_piece0 in memory on 0.0.0.0:46427 (size: 34.7 KiB, free: 434.4 MiB)
[2025-03-14T09:42:55.443+0000] {ssh.py:531} WARNING - 25/03/14 09:42:55 INFO SparkContext: Created broadcast 0 from csv at NativeMethodAccessorImpl.java:0
[2025-03-14T09:42:55.479+0000] {ssh.py:531} WARNING - 25/03/14 09:42:55 INFO FileSourceScanExec: Planning scan with bin packing, max size: 4194304 bytes, open cost is considered as scanning 4194304 bytes.
[2025-03-14T09:42:55.772+0000] {ssh.py:531} WARNING - 25/03/14 09:42:55 INFO SparkContext: Starting job: csv at NativeMethodAccessorImpl.java:0
[2025-03-14T09:42:55.799+0000] {ssh.py:531} WARNING - 25/03/14 09:42:55 INFO DAGScheduler: Got job 0 (csv at NativeMethodAccessorImpl.java:0) with 1 output partitions
[2025-03-14T09:42:55.801+0000] {ssh.py:531} WARNING - 25/03/14 09:42:55 INFO DAGScheduler: Final stage: ResultStage 0 (csv at NativeMethodAccessorImpl.java:0)
[2025-03-14T09:42:55.801+0000] {ssh.py:531} WARNING - 25/03/14 09:42:55 INFO DAGScheduler: Parents of final stage: List()
[2025-03-14T09:42:55.806+0000] {ssh.py:531} WARNING - 25/03/14 09:42:55 INFO DAGScheduler: Missing parents: List()
[2025-03-14T09:42:55.808+0000] {ssh.py:531} WARNING - 25/03/14 09:42:55 INFO DAGScheduler: Submitting ResultStage 0 (MapPartitionsRDD[3] at csv at NativeMethodAccessorImpl.java:0), which has no missing parents
[2025-03-14T09:42:55.956+0000] {ssh.py:531} WARNING - 25/03/14 09:42:55 INFO MemoryStore: Block broadcast_1 stored as values in memory (estimated size 13.5 KiB, free 434.2 MiB)
[2025-03-14T09:42:55.975+0000] {ssh.py:531} WARNING - 25/03/14 09:42:55 INFO MemoryStore: Block broadcast_1_piece0 stored as bytes in memory (estimated size 6.4 KiB, free 434.2 MiB)
[2025-03-14T09:42:55.980+0000] {ssh.py:531} WARNING - 25/03/14 09:42:55 INFO BlockManagerInfo: Added broadcast_1_piece0 in memory on 0.0.0.0:46427 (size: 6.4 KiB, free: 434.4 MiB)
[2025-03-14T09:42:55.981+0000] {ssh.py:531} WARNING - 25/03/14 09:42:55 INFO SparkContext: Created broadcast 1 from broadcast at DAGScheduler.scala:1585
[2025-03-14T09:42:56.015+0000] {ssh.py:531} WARNING - 25/03/14 09:42:56 INFO DAGScheduler: Submitting 1 missing tasks from ResultStage 0 (MapPartitionsRDD[3] at csv at NativeMethodAccessorImpl.java:0) (first 15 tasks are for partitions Vector(0))
[2025-03-14T09:42:56.019+0000] {ssh.py:531} WARNING - 25/03/14 09:42:56 INFO TaskSchedulerImpl: Adding task set 0.0 with 1 tasks resource profile 0
[2025-03-14T09:42:56.098+0000] {ssh.py:531} WARNING - 25/03/14 09:42:56 INFO TaskSetManager: Starting task 0.0 in stage 0.0 (TID 0) (ip-172-31-12-182.ap-northeast-2.compute.internal, executor driver, partition 0, PROCESS_LOCAL, 9640 bytes) 
[2025-03-14T09:42:56.143+0000] {ssh.py:531} WARNING - 25/03/14 09:42:56 INFO Executor: Running task 0.0 in stage 0.0 (TID 0)
[2025-03-14T09:42:56.402+0000] {ssh.py:531} WARNING - 25/03/14 09:42:56 INFO CodeGenerator: Code generated in 19.027928 ms
[2025-03-14T09:42:56.405+0000] {ssh.py:531} WARNING - 25/03/14 09:42:56 INFO FileScanRDD: Reading File path: s3a://de5-finalproj-team2/crawl/2025-03-14/crawl_result_processed_20250314.csv, range: 0-1154758, partition values: [empty row]
[2025-03-14T09:42:56.441+0000] {ssh.py:531} WARNING - 25/03/14 09:42:56 INFO CodeGenerator: Code generated in 25.65407 ms
[2025-03-14T09:42:56.546+0000] {ssh.py:531} WARNING - 25/03/14 09:42:56 INFO LineRecordReader: Found UTF-8 BOM and skipped it
[2025-03-14T09:42:56.590+0000] {ssh.py:531} WARNING - 25/03/14 09:42:56 INFO Executor: Finished task 0.0 in stage 0.0 (TID 0). 1713 bytes result sent to driver
[2025-03-14T09:42:56.603+0000] {ssh.py:531} WARNING - 25/03/14 09:42:56 INFO TaskSetManager: Finished task 0.0 in stage 0.0 (TID 0) in 533 ms on ip-172-31-12-182.ap-northeast-2.compute.internal (executor driver) (1/1)
[2025-03-14T09:42:56.605+0000] {ssh.py:531} WARNING - 25/03/14 09:42:56 INFO TaskSchedulerImpl: Removed TaskSet 0.0, whose tasks have all completed, from pool 
[2025-03-14T09:42:56.613+0000] {ssh.py:531} WARNING - 25/03/14 09:42:56 INFO DAGScheduler: ResultStage 0 (csv at NativeMethodAccessorImpl.java:0) finished in 0.782 s
[2025-03-14T09:42:56.616+0000] {ssh.py:531} WARNING - 25/03/14 09:42:56 INFO DAGScheduler: Job 0 is finished. Cancelling potential speculative or zombie tasks for this job
[2025-03-14T09:42:56.617+0000] {ssh.py:531} WARNING - 25/03/14 09:42:56 INFO TaskSchedulerImpl: Killing all running tasks in stage 0: Stage finished
[2025-03-14T09:42:56.624+0000] {ssh.py:531} WARNING - 25/03/14 09:42:56 INFO DAGScheduler: Job 0 finished: csv at NativeMethodAccessorImpl.java:0, took 0.851991 s
[2025-03-14T09:42:56.659+0000] {ssh.py:531} WARNING - 25/03/14 09:42:56 INFO CodeGenerator: Code generated in 18.78064 ms
[2025-03-14T09:42:56.779+0000] {ssh.py:531} WARNING - 25/03/14 09:42:56 INFO FileSourceStrategy: Pushed Filters: 
[2025-03-14T09:42:56.780+0000] {ssh.py:531} WARNING - 25/03/14 09:42:56 INFO FileSourceStrategy: Post-Scan Filters: 
[2025-03-14T09:42:56.787+0000] {ssh.py:531} WARNING - 25/03/14 09:42:56 INFO BlockManagerInfo: Removed broadcast_1_piece0 on 0.0.0.0:46427 in memory (size: 6.4 KiB, free: 434.4 MiB)
[2025-03-14T09:42:56.795+0000] {ssh.py:531} WARNING - 25/03/14 09:42:56 INFO MemoryStore: Block broadcast_2 stored as values in memory (estimated size 200.6 KiB, free 434.0 MiB)
[2025-03-14T09:42:56.827+0000] {ssh.py:531} WARNING - 25/03/14 09:42:56 INFO MemoryStore: Block broadcast_2_piece0 stored as bytes in memory (estimated size 34.7 KiB, free 433.9 MiB)
[2025-03-14T09:42:56.830+0000] {ssh.py:531} WARNING - 25/03/14 09:42:56 INFO BlockManagerInfo: Added broadcast_2_piece0 in memory on 0.0.0.0:46427 (size: 34.7 KiB, free: 434.3 MiB)
[2025-03-14T09:42:56.833+0000] {ssh.py:531} WARNING - 25/03/14 09:42:56 INFO SparkContext: Created broadcast 2 from csv at NativeMethodAccessorImpl.java:0
[2025-03-14T09:42:56.837+0000] {ssh.py:531} WARNING - 25/03/14 09:42:56 INFO FileSourceScanExec: Planning scan with bin packing, max size: 4194304 bytes, open cost is considered as scanning 4194304 bytes.
[2025-03-14T09:42:57.380+0000] {ssh.py:531} WARNING - 25/03/14 09:42:57 INFO FileSourceStrategy: Pushed Filters: 
[2025-03-14T09:42:57.380+0000] {ssh.py:531} WARNING - 25/03/14 09:42:57 INFO FileSourceStrategy: Post-Scan Filters: 
[2025-03-14T09:42:57.883+0000] {ssh.py:531} WARNING - 25/03/14 09:42:57 INFO ParquetUtils: Using default output committer for Parquet: org.apache.parquet.hadoop.ParquetOutputCommitter
[2025-03-14T09:42:57.898+0000] {ssh.py:531} WARNING - 25/03/14 09:42:57 INFO FileOutputCommitter: File Output Committer Algorithm version is 1
[2025-03-14T09:42:57.899+0000] {ssh.py:531} WARNING - 25/03/14 09:42:57 INFO FileOutputCommitter: FileOutputCommitter skip cleanup _temporary folders under output directory:false, ignore cleanup failures: false
[2025-03-14T09:42:57.901+0000] {ssh.py:531} WARNING - 25/03/14 09:42:57 INFO SQLHadoopMapReduceCommitProtocol: Using user defined output committer class org.apache.parquet.hadoop.ParquetOutputCommitter
[2025-03-14T09:42:57.901+0000] {ssh.py:531} WARNING - 25/03/14 09:42:57 INFO FileOutputCommitter: File Output Committer Algorithm version is 1
[2025-03-14T09:42:57.902+0000] {ssh.py:531} WARNING - 25/03/14 09:42:57 INFO FileOutputCommitter: FileOutputCommitter skip cleanup _temporary folders under output directory:false, ignore cleanup failures: false
[2025-03-14T09:42:57.902+0000] {ssh.py:531} WARNING - 25/03/14 09:42:57 INFO SQLHadoopMapReduceCommitProtocol: Using output committer class org.apache.parquet.hadoop.ParquetOutputCommitter
[2025-03-14T09:42:58.207+0000] {ssh.py:531} WARNING - 25/03/14 09:42:58 INFO BlockManagerInfo: Removed broadcast_0_piece0 on 0.0.0.0:46427 in memory (size: 34.7 KiB, free: 434.4 MiB)
[2025-03-14T09:42:58.379+0000] {ssh.py:531} WARNING - 25/03/14 09:42:58 INFO CodeGenerator: Code generated in 121.587316 ms
[2025-03-14T09:42:58.391+0000] {ssh.py:531} WARNING - 25/03/14 09:42:58 INFO MemoryStore: Block broadcast_3 stored as values in memory (estimated size 200.5 KiB, free 434.0 MiB)
[2025-03-14T09:42:58.411+0000] {ssh.py:531} WARNING - 25/03/14 09:42:58 INFO MemoryStore: Block broadcast_3_piece0 stored as bytes in memory (estimated size 34.6 KiB, free 433.9 MiB)
[2025-03-14T09:42:58.415+0000] {ssh.py:531} WARNING - 25/03/14 09:42:58 INFO BlockManagerInfo: Added broadcast_3_piece0 in memory on 0.0.0.0:46427 (size: 34.6 KiB, free: 434.3 MiB)
[2025-03-14T09:42:58.415+0000] {ssh.py:531} WARNING - 25/03/14 09:42:58 INFO SparkContext: Created broadcast 3 from parquet at NativeMethodAccessorImpl.java:0
[2025-03-14T09:42:58.423+0000] {ssh.py:531} WARNING - 25/03/14 09:42:58 INFO FileSourceScanExec: Planning scan with bin packing, max size: 4194304 bytes, open cost is considered as scanning 4194304 bytes.
[2025-03-14T09:42:58.450+0000] {ssh.py:531} WARNING - 25/03/14 09:42:58 INFO SparkContext: Starting job: parquet at NativeMethodAccessorImpl.java:0
[2025-03-14T09:42:58.451+0000] {ssh.py:531} WARNING - 25/03/14 09:42:58 INFO DAGScheduler: Got job 1 (parquet at NativeMethodAccessorImpl.java:0) with 1 output partitions
[2025-03-14T09:42:58.451+0000] {ssh.py:531} WARNING - 25/03/14 09:42:58 INFO DAGScheduler: Final stage: ResultStage 1 (parquet at NativeMethodAccessorImpl.java:0)
[2025-03-14T09:42:58.451+0000] {ssh.py:531} WARNING - 25/03/14 09:42:58 INFO DAGScheduler: Parents of final stage: List()
[2025-03-14T09:42:58.452+0000] {ssh.py:531} WARNING - 25/03/14 09:42:58 INFO DAGScheduler: Missing parents: List()
[2025-03-14T09:42:58.454+0000] {ssh.py:531} WARNING - 25/03/14 09:42:58 INFO DAGScheduler: Submitting ResultStage 1 (MapPartitionsRDD[13] at parquet at NativeMethodAccessorImpl.java:0), which has no missing parents
[2025-03-14T09:42:58.556+0000] {ssh.py:531} WARNING - 25/03/14 09:42:58 INFO MemoryStore: Block broadcast_4 stored as values in memory (estimated size 221.7 KiB, free 433.7 MiB)
[2025-03-14T09:42:58.568+0000] {ssh.py:531} WARNING - 25/03/14 09:42:58 INFO MemoryStore: Block broadcast_4_piece0 stored as bytes in memory (estimated size 80.3 KiB, free 433.6 MiB)
[2025-03-14T09:42:58.571+0000] {ssh.py:531} WARNING - 25/03/14 09:42:58 INFO BlockManagerInfo: Added broadcast_4_piece0 in memory on 0.0.0.0:46427 (size: 80.3 KiB, free: 434.3 MiB)
[2025-03-14T09:42:58.574+0000] {ssh.py:531} WARNING - 25/03/14 09:42:58 INFO SparkContext: Created broadcast 4 from broadcast at DAGScheduler.scala:1585
[2025-03-14T09:42:58.580+0000] {ssh.py:531} WARNING - 25/03/14 09:42:58 INFO DAGScheduler: Submitting 1 missing tasks from ResultStage 1 (MapPartitionsRDD[13] at parquet at NativeMethodAccessorImpl.java:0) (first 15 tasks are for partitions Vector(0))
[2025-03-14T09:42:58.580+0000] {ssh.py:531} WARNING - 25/03/14 09:42:58 INFO TaskSchedulerImpl: Adding task set 1.0 with 1 tasks resource profile 0
[2025-03-14T09:42:58.584+0000] {ssh.py:531} WARNING - 25/03/14 09:42:58 INFO TaskSetManager: Starting task 0.0 in stage 1.0 (TID 1) (ip-172-31-12-182.ap-northeast-2.compute.internal, executor driver, partition 0, PROCESS_LOCAL, 9640 bytes) 
[2025-03-14T09:42:58.589+0000] {ssh.py:531} WARNING - 25/03/14 09:42:58 INFO Executor: Running task 0.0 in stage 1.0 (TID 1)
[2025-03-14T09:42:58.713+0000] {ssh.py:531} WARNING - 25/03/14 09:42:58 INFO BlockManagerInfo: Removed broadcast_2_piece0 on 0.0.0.0:46427 in memory (size: 34.7 KiB, free: 434.3 MiB)
[2025-03-14T09:42:58.872+0000] {ssh.py:531} WARNING - 25/03/14 09:42:58 INFO CodeGenerator: Code generated in 86.055368 ms
[2025-03-14T09:42:58.878+0000] {ssh.py:531} WARNING - 25/03/14 09:42:58 INFO FileOutputCommitter: File Output Committer Algorithm version is 1
[2025-03-14T09:42:58.880+0000] {ssh.py:531} WARNING - 25/03/14 09:42:58 INFO FileOutputCommitter: FileOutputCommitter skip cleanup _temporary folders under output directory:false, ignore cleanup failures: false
[2025-03-14T09:42:58.882+0000] {ssh.py:531} WARNING - 25/03/14 09:42:58 INFO SQLHadoopMapReduceCommitProtocol: Using user defined output committer class org.apache.parquet.hadoop.ParquetOutputCommitter
[2025-03-14T09:42:58.883+0000] {ssh.py:531} WARNING - 25/03/14 09:42:58 INFO FileOutputCommitter: File Output Committer Algorithm version is 1
[2025-03-14T09:42:58.884+0000] {ssh.py:531} WARNING - 25/03/14 09:42:58 INFO FileOutputCommitter: FileOutputCommitter skip cleanup _temporary folders under output directory:false, ignore cleanup failures: false
[2025-03-14T09:42:58.885+0000] {ssh.py:531} WARNING - 25/03/14 09:42:58 INFO SQLHadoopMapReduceCommitProtocol: Using output committer class org.apache.parquet.hadoop.ParquetOutputCommitter
[2025-03-14T09:42:58.894+0000] {ssh.py:531} WARNING - 25/03/14 09:42:58 INFO CodecConfig: Compression: SNAPPY
[2025-03-14T09:42:58.900+0000] {ssh.py:531} WARNING - 25/03/14 09:42:58 INFO CodecConfig: Compression: SNAPPY
[2025-03-14T09:42:58.933+0000] {ssh.py:531} WARNING - 25/03/14 09:42:58 INFO ParquetOutputFormat: ParquetRecordWriter [block size: 134217728b, row group padding size: 8388608b, validating: false]
[2025-03-14T09:42:58.974+0000] {ssh.py:531} WARNING - 25/03/14 09:42:58 INFO ParquetWriteSupport: Initialized Parquet WriteSupport with Catalyst schema:
[2025-03-14T09:42:58.974+0000] {ssh.py:531} WARNING - {
[2025-03-14T09:42:58.975+0000] {ssh.py:531} WARNING -   "type" : "struct",
[2025-03-14T09:42:58.975+0000] {ssh.py:531} WARNING -   "fields" : [ {
[2025-03-14T09:42:58.975+0000] {ssh.py:531} WARNING -     "name" : "gamer_nickname",
[2025-03-14T09:42:58.975+0000] {ssh.py:531} WARNING -     "type" : "string",
[2025-03-14T09:42:58.975+0000] {ssh.py:531} WARNING -     "nullable" : true,
[2025-03-14T09:42:58.975+0000] {ssh.py:531} WARNING -     "metadata" : { }
[2025-03-14T09:42:58.976+0000] {ssh.py:531} WARNING -   }, {
[2025-03-14T09:42:58.976+0000] {ssh.py:531} WARNING -     "name" : "team_color",
[2025-03-14T09:42:58.977+0000] {ssh.py:531} WARNING -     "type" : "string",
[2025-03-14T09:42:58.977+0000] {ssh.py:531} WARNING -     "nullable" : false,
[2025-03-14T09:42:58.977+0000] {ssh.py:531} WARNING -     "metadata" : { }
[2025-03-14T09:42:58.977+0000] {ssh.py:531} WARNING -   }, {
[2025-03-14T09:42:58.978+0000] {ssh.py:531} WARNING -     "name" : "team_count",
[2025-03-14T09:42:58.978+0000] {ssh.py:531} WARNING -     "type" : "integer",
[2025-03-14T09:42:58.978+0000] {ssh.py:531} WARNING -     "nullable" : true,
[2025-03-14T09:42:58.978+0000] {ssh.py:531} WARNING -     "metadata" : { }
[2025-03-14T09:42:58.978+0000] {ssh.py:531} WARNING -   }, {
[2025-03-14T09:42:58.978+0000] {ssh.py:531} WARNING -     "name" : "created_at",
[2025-03-14T09:42:58.978+0000] {ssh.py:531} WARNING -     "type" : "date",
[2025-03-14T09:42:58.979+0000] {ssh.py:531} WARNING -     "nullable" : false,
[2025-03-14T09:42:58.979+0000] {ssh.py:531} WARNING -     "metadata" : { }
[2025-03-14T09:42:58.979+0000] {ssh.py:531} WARNING -   } ]
[2025-03-14T09:42:58.979+0000] {ssh.py:531} WARNING - }
[2025-03-14T09:42:58.979+0000] {ssh.py:531} WARNING - and corresponding Parquet message type:
[2025-03-14T09:42:58.979+0000] {ssh.py:531} WARNING - message spark_schema {
[2025-03-14T09:42:58.979+0000] {ssh.py:531} WARNING -   optional binary gamer_nickname (STRING);
[2025-03-14T09:42:58.979+0000] {ssh.py:531} WARNING -   required binary team_color (STRING);
[2025-03-14T09:42:58.979+0000] {ssh.py:531} WARNING -   optional int32 team_count;
[2025-03-14T09:42:58.980+0000] {ssh.py:531} WARNING -   required int32 created_at (DATE);
[2025-03-14T09:42:58.980+0000] {ssh.py:531} WARNING - }
[2025-03-14T09:42:58.980+0000] {ssh.py:531} WARNING - 
[2025-03-14T09:42:58.980+0000] {ssh.py:531} WARNING -        
[2025-03-14T09:42:59.215+0000] {ssh.py:531} WARNING - 25/03/14 09:42:59 INFO CodecPool: Got brand-new compressor [.snappy]
[2025-03-14T09:42:59.666+0000] {ssh.py:531} WARNING - 25/03/14 09:42:59 INFO FileScanRDD: Reading File path: s3a://de5-finalproj-team2/crawl/2025-03-14/crawl_result_processed_20250314.csv, range: 0-1154758, partition values: [empty row]
[2025-03-14T09:42:59.692+0000] {ssh.py:531} WARNING - 25/03/14 09:42:59 INFO CodeGenerator: Code generated in 21.212235 ms
[2025-03-14T09:42:59.805+0000] {ssh.py:531} WARNING - 25/03/14 09:42:59 INFO LineRecordReader: Found UTF-8 BOM and skipped it
[2025-03-14T09:43:02.849+0000] {ssh.py:531} WARNING - 25/03/14 09:43:02 INFO FileOutputCommitter: Saved output of task 'attempt_202503140942588401177932269730171_0001_m_000000_1' to s3a://de5-finalproj-team2/analytics/team_color_info/2025-03-14/_temporary/0/task_202503140942588401177932269730171_0001_m_000000
[2025-03-14T09:43:02.849+0000] {ssh.py:531} WARNING - 25/03/14 09:43:02 INFO SparkHadoopMapRedUtil: attempt_202503140942588401177932269730171_0001_m_000000_1: Committed. Elapsed time: 720 ms.
[2025-03-14T09:43:02.926+0000] {ssh.py:531} WARNING - 25/03/14 09:43:02 INFO Executor: Finished task 0.0 in stage 1.0 (TID 1). 2669 bytes result sent to driver
[2025-03-14T09:43:02.938+0000] {ssh.py:531} WARNING - 25/03/14 09:43:02 INFO TaskSetManager: Finished task 0.0 in stage 1.0 (TID 1) in 4349 ms on ip-172-31-12-182.ap-northeast-2.compute.internal (executor driver) (1/1)
[2025-03-14T09:43:02.938+0000] {ssh.py:531} WARNING - 25/03/14 09:43:02 INFO TaskSchedulerImpl: Removed TaskSet 1.0, whose tasks have all completed, from pool 
[2025-03-14T09:43:02.943+0000] {ssh.py:531} WARNING - 25/03/14 09:43:02 INFO DAGScheduler: ResultStage 1 (parquet at NativeMethodAccessorImpl.java:0) finished in 4.486 s
[2025-03-14T09:43:02.943+0000] {ssh.py:531} WARNING - 25/03/14 09:43:02 INFO DAGScheduler: Job 1 is finished. Cancelling potential speculative or zombie tasks for this job
[2025-03-14T09:43:02.946+0000] {ssh.py:531} WARNING - 25/03/14 09:43:02 INFO TaskSchedulerImpl: Killing all running tasks in stage 1: Stage finished
[2025-03-14T09:43:02.947+0000] {ssh.py:531} WARNING - 25/03/14 09:43:02 INFO DAGScheduler: Job 1 finished: parquet at NativeMethodAccessorImpl.java:0, took 4.497876 s
[2025-03-14T09:43:02.954+0000] {ssh.py:531} WARNING - 25/03/14 09:43:02 INFO FileFormatWriter: Start to commit write Job 8c2073b7-5eee-4403-9ac4-ea9e70a469d6.
[2025-03-14T09:43:03.954+0000] {ssh.py:531} WARNING - 25/03/14 09:43:03 INFO FileFormatWriter: Write Job 8c2073b7-5eee-4403-9ac4-ea9e70a469d6 committed. Elapsed time: 1000 ms.
[2025-03-14T09:43:03.962+0000] {ssh.py:531} WARNING - 25/03/14 09:43:03 INFO FileFormatWriter: Finished processing stats for write job 8c2073b7-5eee-4403-9ac4-ea9e70a469d6.
[2025-03-14T09:43:03.965+0000] {ssh.py:526} INFO - ✅ Parquet 변환 완료! 저장 경로: s3a://de5-finalproj-team2/analytics/team_color_info/2025-03-14
[2025-03-14T09:43:04.024+0000] {ssh.py:531} WARNING - 25/03/14 09:43:04 INFO SparkContext: Invoking stop() from shutdown hook
[2025-03-14T09:43:04.025+0000] {ssh.py:531} WARNING - 25/03/14 09:43:04 INFO SparkContext: SparkContext is stopping with exitCode 0.
[2025-03-14T09:43:04.036+0000] {ssh.py:531} WARNING - 25/03/14 09:43:04 INFO SparkUI: Stopped Spark web UI at http://0.0.0.0:4041
[2025-03-14T09:43:04.060+0000] {ssh.py:531} WARNING - 25/03/14 09:43:04 INFO MapOutputTrackerMasterEndpoint: MapOutputTrackerMasterEndpoint stopped!
[2025-03-14T09:43:04.072+0000] {ssh.py:531} WARNING - 25/03/14 09:43:04 INFO MemoryStore: MemoryStore cleared
[2025-03-14T09:43:04.072+0000] {ssh.py:531} WARNING - 25/03/14 09:43:04 INFO BlockManager: BlockManager stopped
[2025-03-14T09:43:04.078+0000] {ssh.py:531} WARNING - 25/03/14 09:43:04 INFO BlockManagerMaster: BlockManagerMaster stopped
[2025-03-14T09:43:04.081+0000] {ssh.py:531} WARNING - 25/03/14 09:43:04 INFO OutputCommitCoordinator$OutputCommitCoordinatorEndpoint: OutputCommitCoordinator stopped!
[2025-03-14T09:43:04.087+0000] {ssh.py:531} WARNING - 25/03/14 09:43:04 INFO SparkContext: Successfully stopped SparkContext
[2025-03-14T09:43:04.088+0000] {ssh.py:531} WARNING - 25/03/14 09:43:04 INFO ShutdownHookManager: Shutdown hook called
[2025-03-14T09:43:04.088+0000] {ssh.py:531} WARNING - 25/03/14 09:43:04 INFO ShutdownHookManager: Deleting directory /tmp/spark-6ec10451-895c-412f-b2c9-c79554716c69
[2025-03-14T09:43:04.091+0000] {ssh.py:531} WARNING - 25/03/14 09:43:04 INFO ShutdownHookManager: Deleting directory /tmp/spark-3d5142df-b76c-4b03-9c24-9ca80bdee10e
[2025-03-14T09:43:04.096+0000] {ssh.py:531} WARNING - 25/03/14 09:43:04 INFO ShutdownHookManager: Deleting directory /tmp/spark-3d5142df-b76c-4b03-9c24-9ca80bdee10e/pyspark-f937971c-4ecd-4723-b823-bb098b03d3a0
[2025-03-14T09:43:04.105+0000] {ssh.py:531} WARNING - 25/03/14 09:43:04 INFO MetricsSystemImpl: Stopping s3a-file-system metrics system...
[2025-03-14T09:43:04.106+0000] {ssh.py:531} WARNING - 25/03/14 09:43:04 INFO MetricsSystemImpl: s3a-file-system metrics system stopped.
[2025-03-14T09:43:04.106+0000] {ssh.py:531} WARNING - 25/03/14 09:43:04 INFO MetricsSystemImpl: s3a-file-system metrics system shutdown complete.
[2025-03-14T09:43:04.153+0000] {ssh.py:526} INFO - Spark Job Succeeded!
[2025-03-14T09:43:04.176+0000] {taskinstance.py:441} INFO - ::group::Post task execution logs
[2025-03-14T09:43:04.212+0000] {taskinstance.py:1206} INFO - Marking task as SUCCESS. dag_id=team_color_to_parquet_dag, task_id=submit_spark_via_ssh, run_id=manual__2025-03-14T09:42:33.687405+00:00, execution_date=20250314T094233, start_date=20250314T094237, end_date=20250314T094304
[2025-03-14T09:43:04.265+0000] {local_task_job_runner.py:240} INFO - Task exited with return code 0
[2025-03-14T09:43:04.294+0000] {taskinstance.py:3498} INFO - 1 downstream tasks scheduled from follow-on schedule check
[2025-03-14T09:43:04.296+0000] {local_task_job_runner.py:222} INFO - ::endgroup::
