[2025-03-12T11:24:40.662+0000] {local_task_job_runner.py:120} INFO - ::group::Pre task execution logs
[2025-03-12T11:24:40.692+0000] {taskinstance.py:2076} INFO - Dependencies all met for dep_context=non-requeueable deps ti=<TaskInstance: team_color_to_parquet_dag.submit_spark_via_ssh manual__2025-03-12T11:24:39.959177+00:00 [queued]>
[2025-03-12T11:24:40.705+0000] {taskinstance.py:2076} INFO - Dependencies all met for dep_context=requeueable deps ti=<TaskInstance: team_color_to_parquet_dag.submit_spark_via_ssh manual__2025-03-12T11:24:39.959177+00:00 [queued]>
[2025-03-12T11:24:40.705+0000] {taskinstance.py:2306} INFO - Starting attempt 1 of 2
[2025-03-12T11:24:40.719+0000] {taskinstance.py:2330} INFO - Executing <Task(SSHOperator): submit_spark_via_ssh> on 2025-03-12 11:24:39.959177+00:00
[2025-03-12T11:24:40.725+0000] {standard_task_runner.py:63} INFO - Started process 28673 to run task
[2025-03-12T11:24:40.729+0000] {standard_task_runner.py:90} INFO - Running: ['***', 'tasks', 'run', 'team_color_to_parquet_dag', 'submit_spark_via_ssh', 'manual__2025-03-12T11:24:39.959177+00:00', '--job-id', '88', '--raw', '--subdir', 'DAGS_FOLDER/team_color_to_parquet_dag.py', '--cfg-path', '/tmp/tmpo1cpm4z_']
[2025-03-12T11:24:40.731+0000] {standard_task_runner.py:91} INFO - Job 88: Subtask submit_spark_via_ssh
[2025-03-12T11:24:40.794+0000] {task_command.py:426} INFO - Running <TaskInstance: team_color_to_parquet_dag.submit_spark_via_ssh manual__2025-03-12T11:24:39.959177+00:00 [running]> on host a0d797a25898
[2025-03-12T11:24:40.903+0000] {taskinstance.py:2648} INFO - Exporting env vars: AIRFLOW_CTX_DAG_OWNER='***' AIRFLOW_CTX_DAG_ID='team_color_to_parquet_dag' AIRFLOW_CTX_TASK_ID='submit_spark_via_ssh' AIRFLOW_CTX_EXECUTION_DATE='2025-03-12T11:24:39.959177+00:00' AIRFLOW_CTX_TRY_NUMBER='1' AIRFLOW_CTX_DAG_RUN_ID='manual__2025-03-12T11:24:39.959177+00:00'
[2025-03-12T11:24:40.904+0000] {taskinstance.py:430} INFO - ::endgroup::
[2025-03-12T11:24:40.919+0000] {ssh.py:151} INFO - Creating ssh_client
[2025-03-12T11:24:40.920+0000] {ssh.py:124} INFO - ssh_hook is not provided or invalid. Trying ssh_conn_id to create SSHHook.
[2025-03-12T11:24:40.935+0000] {base.py:84} INFO - Using connection ID 'spark_ssh_conn' for task execution.
[2025-03-12T11:24:40.936+0000] {ssh.py:301} WARNING - No Host Key Verification. This won't protect against Man-In-The-Middle attacks
[2025-03-12T11:24:40.950+0000] {transport.py:1909} INFO - Connected (version 2.0, client OpenSSH_9.6p1)
[2025-03-12T11:24:41.015+0000] {transport.py:1909} INFO - Authentication (publickey) successful!
[2025-03-12T11:24:41.015+0000] {ssh.py:480} INFO - Running command: 
    set -e
    echo "Starting Spark Job for Team Color Info on { ds }"
    /spark-3.5.3/bin/spark-submit /home/ubuntu/spark_scripts/team_color_to_parquet.py { ds }
    exit_code=$?

    if [ $exit_code -ne 0 ]; then
        echo "Spark Job Failed! Check logs."
        exit 1
    else
        echo "Spark Job Succeeded!"
    fi
    
[2025-03-12T11:24:41.116+0000] {ssh.py:526} INFO - Starting Spark Job for Team Color Info on { ds }
[2025-03-12T11:24:44.967+0000] {ssh.py:531} WARNING - 25/03/12 11:24:44 INFO SparkContext: Running Spark version 3.5.3
[2025-03-12T11:24:44.969+0000] {ssh.py:531} WARNING - 25/03/12 11:24:44 INFO SparkContext: OS info Linux, 6.8.0-1024-aws, amd64
[2025-03-12T11:24:44.970+0000] {ssh.py:531} WARNING - 25/03/12 11:24:44 INFO SparkContext: Java version 11.0.26
[2025-03-12T11:24:45.085+0000] {ssh.py:531} WARNING - 25/03/12 11:24:45 WARN NativeCodeLoader: Unable to load native-hadoop library for your platform... using builtin-java classes where applicable
[2025-03-12T11:24:45.240+0000] {ssh.py:531} WARNING - 25/03/12 11:24:45 INFO ResourceUtils: ==============================================================
[2025-03-12T11:24:45.241+0000] {ssh.py:531} WARNING - 25/03/12 11:24:45 INFO ResourceUtils: No custom resources configured for spark.driver.
[2025-03-12T11:24:45.242+0000] {ssh.py:531} WARNING - 25/03/12 11:24:45 INFO ResourceUtils: ==============================================================
[2025-03-12T11:24:45.242+0000] {ssh.py:531} WARNING - 25/03/12 11:24:45 INFO SparkContext: Submitted application: S3_CSV_to_Parquet
[2025-03-12T11:24:45.270+0000] {ssh.py:531} WARNING - 25/03/12 11:24:45 INFO ResourceProfile: Default ResourceProfile created, executor resources: Map(cores -> name: cores, amount: 1, script: , vendor: , memory -> name: memory, amount: 1024, script: , vendor: , offHeap -> name: offHeap, amount: 0, script: , vendor: ), task resources: Map(cpus -> name: cpus, amount: 1.0)
[2025-03-12T11:24:45.287+0000] {ssh.py:531} WARNING - 25/03/12 11:24:45 INFO ResourceProfile: Limiting resource is cpus at 1 tasks per executor
[2025-03-12T11:24:45.297+0000] {ssh.py:531} WARNING - 25/03/12 11:24:45 INFO ResourceProfileManager: Added ResourceProfile id: 0
[2025-03-12T11:24:45.377+0000] {ssh.py:531} WARNING - 25/03/12 11:24:45 INFO SecurityManager: Changing view acls to: ubuntu
[2025-03-12T11:24:45.377+0000] {ssh.py:531} WARNING - 25/03/12 11:24:45 INFO SecurityManager: Changing modify acls to: ubuntu
[2025-03-12T11:24:45.378+0000] {ssh.py:531} WARNING - 25/03/12 11:24:45 INFO SecurityManager: Changing view acls groups to: 
[2025-03-12T11:24:45.378+0000] {ssh.py:531} WARNING - 25/03/12 11:24:45 INFO SecurityManager: Changing modify acls groups to: 
[2025-03-12T11:24:45.378+0000] {ssh.py:531} WARNING - 25/03/12 11:24:45 INFO SecurityManager: SecurityManager: authentication disabled; ui acls disabled; users with view permissions: ubuntu; groups with view permissions: EMPTY; users with modify permissions: ubuntu; groups with modify permissions: EMPTY
[2025-03-12T11:24:45.750+0000] {ssh.py:531} WARNING - 25/03/12 11:24:45 INFO Utils: Successfully started service 'sparkDriver' on port 33191.
[2025-03-12T11:24:45.797+0000] {ssh.py:531} WARNING - 25/03/12 11:24:45 INFO SparkEnv: Registering MapOutputTracker
[2025-03-12T11:24:45.858+0000] {ssh.py:531} WARNING - 25/03/12 11:24:45 INFO SparkEnv: Registering BlockManagerMaster
[2025-03-12T11:24:45.883+0000] {ssh.py:531} WARNING - 25/03/12 11:24:45 INFO BlockManagerMasterEndpoint: Using org.apache.spark.storage.DefaultTopologyMapper for getting topology information
[2025-03-12T11:24:45.884+0000] {ssh.py:531} WARNING - 25/03/12 11:24:45 INFO BlockManagerMasterEndpoint: BlockManagerMasterEndpoint up
[2025-03-12T11:24:45.888+0000] {ssh.py:531} WARNING - 25/03/12 11:24:45 INFO SparkEnv: Registering BlockManagerMasterHeartbeat
[2025-03-12T11:24:45.927+0000] {ssh.py:531} WARNING - 25/03/12 11:24:45 INFO DiskBlockManager: Created local directory at /tmp/blockmgr-bdc8b07b-2975-4eb2-8758-278a2a705dc5
[2025-03-12T11:24:45.948+0000] {ssh.py:531} WARNING - 25/03/12 11:24:45 INFO MemoryStore: MemoryStore started with capacity 434.4 MiB
[2025-03-12T11:24:45.975+0000] {ssh.py:531} WARNING - 25/03/12 11:24:45 INFO SparkEnv: Registering OutputCommitCoordinator
[2025-03-12T11:24:46.235+0000] {ssh.py:531} WARNING - 25/03/12 11:24:46 INFO JettyUtils: Start Jetty 0.0.0.0:4040 for SparkUI
[2025-03-12T11:24:46.338+0000] {ssh.py:531} WARNING - 25/03/12 11:24:46 INFO Utils: Successfully started service 'SparkUI' on port 4040.
[2025-03-12T11:24:46.538+0000] {ssh.py:531} WARNING - 25/03/12 11:24:46 INFO Executor: Starting executor ID driver on host ip-172-31-12-182.ap-northeast-2.compute.internal
[2025-03-12T11:24:46.538+0000] {ssh.py:531} WARNING - 25/03/12 11:24:46 INFO Executor: OS info Linux, 6.8.0-1024-aws, amd64
[2025-03-12T11:24:46.539+0000] {ssh.py:531} WARNING - 25/03/12 11:24:46 INFO Executor: Java version 11.0.26
[2025-03-12T11:24:46.552+0000] {ssh.py:531} WARNING - 25/03/12 11:24:46 INFO Executor: Starting executor with user classpath (userClassPathFirst = false): ''
[2025-03-12T11:24:46.553+0000] {ssh.py:531} WARNING - 25/03/12 11:24:46 INFO Executor: Created or updated repl class loader org.apache.spark.util.MutableURLClassLoader@28da2b88 for default.
[2025-03-12T11:24:46.598+0000] {ssh.py:531} WARNING - 25/03/12 11:24:46 INFO Utils: Successfully started service 'org.apache.spark.network.netty.NettyBlockTransferService' on port 46467.
[2025-03-12T11:24:46.598+0000] {ssh.py:531} WARNING - 25/03/12 11:24:46 INFO NettyBlockTransferService: Server created on 0.0.0.0:46467
[2025-03-12T11:24:46.601+0000] {ssh.py:531} WARNING - 25/03/12 11:24:46 INFO BlockManager: Using org.apache.spark.storage.RandomBlockReplicationPolicy for block replication policy
[2025-03-12T11:24:46.611+0000] {ssh.py:531} WARNING - 25/03/12 11:24:46 INFO BlockManagerMaster: Registering BlockManager BlockManagerId(driver, 0.0.0.0, 46467, None)
[2025-03-12T11:24:46.621+0000] {ssh.py:531} WARNING - 25/03/12 11:24:46 INFO BlockManagerMasterEndpoint: Registering block manager 0.0.0.0:46467 with 434.4 MiB RAM, BlockManagerId(driver, 0.0.0.0, 46467, None)
[2025-03-12T11:24:46.623+0000] {ssh.py:531} WARNING - 25/03/12 11:24:46 INFO BlockManagerMaster: Registered BlockManager BlockManagerId(driver, 0.0.0.0, 46467, None)
[2025-03-12T11:24:46.624+0000] {ssh.py:531} WARNING - 25/03/12 11:24:46 INFO BlockManager: Initialized BlockManager: BlockManagerId(driver, 0.0.0.0, 46467, None)
[2025-03-12T11:24:47.330+0000] {ssh.py:531} WARNING - 25/03/12 11:24:47 INFO SharedState: Setting hive.metastore.warehouse.dir ('null') to the value of spark.sql.warehouse.dir.
[2025-03-12T11:24:47.343+0000] {ssh.py:531} WARNING - 25/03/12 11:24:47 INFO SharedState: Warehouse path is 'file:/home/ubuntu/spark-warehouse'.
[2025-03-12T11:24:48.834+0000] {ssh.py:531} WARNING - 25/03/12 11:24:48 WARN MetricsConfig: Cannot locate configuration: tried hadoop-metrics2-s3a-file-system.properties,hadoop-metrics2.properties
[2025-03-12T11:24:48.867+0000] {ssh.py:531} WARNING - 25/03/12 11:24:48 INFO MetricsSystemImpl: Scheduled Metric snapshot period at 10 second(s).
[2025-03-12T11:24:48.867+0000] {ssh.py:531} WARNING - 25/03/12 11:24:48 INFO MetricsSystemImpl: s3a-file-system metrics system started
[2025-03-12T11:24:50.997+0000] {ssh.py:526} INFO - Traceback (most recent call last):
[2025-03-12T11:24:50.997+0000] {ssh.py:526} INFO -   File "/home/ubuntu/spark_scripts/team_color_to_parquet.py", line 28, in <module>
[2025-03-12T11:24:50.998+0000] {ssh.py:526} INFO -     df = spark.read.option("header", "true").csv(S3_CSV_PATH)
[2025-03-12T11:24:50.998+0000] {ssh.py:526} INFO -          ^^^^^^^^^^^^^^^^^^^^^^^^^^^^^^^^^^^^^^^^^^^^^^^^^^^^
[2025-03-12T11:24:50.998+0000] {ssh.py:526} INFO -   File "/spark-3.5.3/python/lib/pyspark.zip/pyspark/sql/readwriter.py", line 740, in csv
[2025-03-12T11:24:50.998+0000] {ssh.py:526} INFO -   File "/spark-3.5.3/python/lib/py4j-0.10.9.7-src.zip/py4j/java_gateway.py", line 1322, in __call__
[2025-03-12T11:24:50.999+0000] {ssh.py:526} INFO -   File "/spark-3.5.3/python/lib/pyspark.zip/pyspark/errors/exceptions/captured.py", line 185, in deco
[2025-03-12T11:24:50.999+0000] {ssh.py:526} INFO - pyspark.errors.exceptions.captured.AnalysisException
[2025-03-12T11:24:51.008+0000] {ssh.py:526} INFO - : [PATH_NOT_FOUND] Path does not exist: s3a://de5-finalproj-team2/team_color/2025-03-12/team_color_info.csv.
[2025-03-12T11:24:51.077+0000] {ssh.py:531} WARNING - 25/03/12 11:24:51 INFO SparkContext: Invoking stop() from shutdown hook
[2025-03-12T11:24:51.078+0000] {ssh.py:531} WARNING - 25/03/12 11:24:51 INFO SparkContext: SparkContext is stopping with exitCode 0.
[2025-03-12T11:24:51.096+0000] {ssh.py:531} WARNING - 25/03/12 11:24:51 INFO SparkUI: Stopped Spark web UI at http://0.0.0.0:4040
[2025-03-12T11:24:51.114+0000] {ssh.py:531} WARNING - 25/03/12 11:24:51 INFO MapOutputTrackerMasterEndpoint: MapOutputTrackerMasterEndpoint stopped!
[2025-03-12T11:24:51.133+0000] {ssh.py:531} WARNING - 25/03/12 11:24:51 INFO MemoryStore: MemoryStore cleared
[2025-03-12T11:24:51.133+0000] {ssh.py:531} WARNING - 25/03/12 11:24:51 INFO BlockManager: BlockManager stopped
[2025-03-12T11:24:51.143+0000] {ssh.py:531} WARNING - 25/03/12 11:24:51 INFO BlockManagerMaster: BlockManagerMaster stopped
[2025-03-12T11:24:51.147+0000] {ssh.py:531} WARNING - 25/03/12 11:24:51 INFO OutputCommitCoordinator$OutputCommitCoordinatorEndpoint: OutputCommitCoordinator stopped!
[2025-03-12T11:24:51.155+0000] {ssh.py:531} WARNING - 25/03/12 11:24:51 INFO SparkContext: Successfully stopped SparkContext
[2025-03-12T11:24:51.155+0000] {ssh.py:531} WARNING - 25/03/12 11:24:51 INFO ShutdownHookManager: Shutdown hook called
[2025-03-12T11:24:51.156+0000] {ssh.py:531} WARNING - 25/03/12 11:24:51 INFO ShutdownHookManager: Deleting directory /tmp/spark-cf3acd24-2119-4911-8c51-822e77633d8e
[2025-03-12T11:24:51.159+0000] {ssh.py:531} WARNING - 25/03/12 11:24:51 INFO ShutdownHookManager: Deleting directory /tmp/spark-e44444b1-6905-41d9-af99-d41779c5e48f/pyspark-1453be31-d293-4f19-93f8-994a57afd5ef
[2025-03-12T11:24:51.162+0000] {ssh.py:531} WARNING - 25/03/12 11:24:51 INFO ShutdownHookManager: Deleting directory /tmp/spark-e44444b1-6905-41d9-af99-d41779c5e48f
[2025-03-12T11:24:51.172+0000] {ssh.py:531} WARNING - 25/03/12 11:24:51 INFO MetricsSystemImpl: Stopping s3a-file-system metrics system...
[2025-03-12T11:24:51.173+0000] {ssh.py:531} WARNING - 25/03/12 11:24:51 INFO MetricsSystemImpl: s3a-file-system metrics system stopped.
[2025-03-12T11:24:51.173+0000] {ssh.py:531} WARNING - 25/03/12 11:24:51 INFO MetricsSystemImpl: s3a-file-system metrics system shutdown complete.
[2025-03-12T11:24:51.235+0000] {taskinstance.py:441} INFO - ::group::Post task execution logs
[2025-03-12T11:24:51.249+0000] {taskinstance.py:2905} ERROR - Task failed with exception
Traceback (most recent call last):
  File "/home/airflow/.local/lib/python3.9/site-packages/airflow/models/taskinstance.py", line 465, in _execute_task
    result = _execute_callable(context=context, **execute_callable_kwargs)
  File "/home/airflow/.local/lib/python3.9/site-packages/airflow/models/taskinstance.py", line 432, in _execute_callable
    return execute_callable(context=context, **execute_callable_kwargs)
  File "/home/airflow/.local/lib/python3.9/site-packages/airflow/models/baseoperator.py", line 400, in wrapper
    return func(self, *args, **kwargs)
  File "/home/airflow/.local/lib/python3.9/site-packages/airflow/providers/ssh/operators/ssh.py", line 191, in execute
    result = self.run_ssh_client_command(ssh_client, self.command, context=context)
  File "/home/airflow/.local/lib/python3.9/site-packages/airflow/providers/ssh/operators/ssh.py", line 179, in run_ssh_client_command
    self.raise_for_status(exit_status, agg_stderr, context=context)
  File "/home/airflow/.local/lib/python3.9/site-packages/airflow/providers/ssh/operators/ssh.py", line 173, in raise_for_status
    raise AirflowException(f"SSH operator error: exit status = {exit_status}")
airflow.exceptions.AirflowException: SSH operator error: exit status = 1
[2025-03-12T11:24:51.253+0000] {taskinstance.py:1206} INFO - Marking task as UP_FOR_RETRY. dag_id=team_color_to_parquet_dag, task_id=submit_spark_via_ssh, run_id=manual__2025-03-12T11:24:39.959177+00:00, execution_date=20250312T112439, start_date=20250312T112440, end_date=20250312T112451
[2025-03-12T11:24:51.266+0000] {standard_task_runner.py:110} ERROR - Failed to execute job 88 for task submit_spark_via_ssh (SSH operator error: exit status = 1; 28673)
[2025-03-12T11:24:51.310+0000] {local_task_job_runner.py:240} INFO - Task exited with return code 1
[2025-03-12T11:24:51.331+0000] {taskinstance.py:3498} INFO - 0 downstream tasks scheduled from follow-on schedule check
[2025-03-12T11:24:51.334+0000] {local_task_job_runner.py:222} INFO - ::endgroup::
