[2025-03-12T11:29:51.586+0000] {local_task_job_runner.py:120} INFO - ::group::Pre task execution logs
[2025-03-12T11:29:51.619+0000] {taskinstance.py:2076} INFO - Dependencies all met for dep_context=non-requeueable deps ti=<TaskInstance: team_color_to_parquet_dag.submit_spark_via_ssh manual__2025-03-12T11:24:39.959177+00:00 [queued]>
[2025-03-12T11:29:51.631+0000] {taskinstance.py:2076} INFO - Dependencies all met for dep_context=requeueable deps ti=<TaskInstance: team_color_to_parquet_dag.submit_spark_via_ssh manual__2025-03-12T11:24:39.959177+00:00 [queued]>
[2025-03-12T11:29:51.632+0000] {taskinstance.py:2306} INFO - Starting attempt 2 of 2
[2025-03-12T11:29:51.650+0000] {taskinstance.py:2330} INFO - Executing <Task(SSHOperator): submit_spark_via_ssh> on 2025-03-12 11:24:39.959177+00:00
[2025-03-12T11:29:51.655+0000] {standard_task_runner.py:63} INFO - Started process 28992 to run task
[2025-03-12T11:29:51.660+0000] {standard_task_runner.py:90} INFO - Running: ['***', 'tasks', 'run', 'team_color_to_parquet_dag', 'submit_spark_via_ssh', 'manual__2025-03-12T11:24:39.959177+00:00', '--job-id', '89', '--raw', '--subdir', 'DAGS_FOLDER/team_color_to_parquet_dag.py', '--cfg-path', '/tmp/tmpv5txh_5o']
[2025-03-12T11:29:51.662+0000] {standard_task_runner.py:91} INFO - Job 89: Subtask submit_spark_via_ssh
[2025-03-12T11:29:51.725+0000] {task_command.py:426} INFO - Running <TaskInstance: team_color_to_parquet_dag.submit_spark_via_ssh manual__2025-03-12T11:24:39.959177+00:00 [running]> on host a0d797a25898
[2025-03-12T11:29:51.835+0000] {taskinstance.py:2648} INFO - Exporting env vars: AIRFLOW_CTX_DAG_OWNER='***' AIRFLOW_CTX_DAG_ID='team_color_to_parquet_dag' AIRFLOW_CTX_TASK_ID='submit_spark_via_ssh' AIRFLOW_CTX_EXECUTION_DATE='2025-03-12T11:24:39.959177+00:00' AIRFLOW_CTX_TRY_NUMBER='2' AIRFLOW_CTX_DAG_RUN_ID='manual__2025-03-12T11:24:39.959177+00:00'
[2025-03-12T11:29:51.836+0000] {taskinstance.py:430} INFO - ::endgroup::
[2025-03-12T11:29:51.851+0000] {ssh.py:151} INFO - Creating ssh_client
[2025-03-12T11:29:51.852+0000] {ssh.py:124} INFO - ssh_hook is not provided or invalid. Trying ssh_conn_id to create SSHHook.
[2025-03-12T11:29:51.866+0000] {base.py:84} INFO - Using connection ID 'spark_ssh_conn' for task execution.
[2025-03-12T11:29:51.869+0000] {ssh.py:301} WARNING - No Host Key Verification. This won't protect against Man-In-The-Middle attacks
[2025-03-12T11:29:51.874+0000] {transport.py:1909} INFO - Connected (version 2.0, client OpenSSH_9.6p1)
[2025-03-12T11:29:51.977+0000] {transport.py:1909} INFO - Authentication (publickey) successful!
[2025-03-12T11:29:51.978+0000] {ssh.py:480} INFO - Running command: 
    set -e
    echo "Starting Spark Job for Team Color Info on { ds }"
    /spark-3.5.3/bin/spark-submit /home/ubuntu/spark_scripts/team_color_to_parquet.py { ds }
    exit_code=$?

    if [ $exit_code -ne 0 ]; then
        echo "Spark Job Failed! Check logs."
        exit 1
    else
        echo "Spark Job Succeeded!"
    fi
    
[2025-03-12T11:29:52.466+0000] {ssh.py:526} INFO - Starting Spark Job for Team Color Info on { ds }
[2025-03-12T11:29:56.235+0000] {ssh.py:531} WARNING - 25/03/12 11:29:56 INFO SparkContext: Running Spark version 3.5.3
[2025-03-12T11:29:56.237+0000] {ssh.py:531} WARNING - 25/03/12 11:29:56 INFO SparkContext: OS info Linux, 6.8.0-1024-aws, amd64
[2025-03-12T11:29:56.237+0000] {ssh.py:531} WARNING - 25/03/12 11:29:56 INFO SparkContext: Java version 11.0.26
[2025-03-12T11:29:56.350+0000] {ssh.py:531} WARNING - 25/03/12 11:29:56 WARN NativeCodeLoader: Unable to load native-hadoop library for your platform... using builtin-java classes where applicable
[2025-03-12T11:29:56.487+0000] {ssh.py:531} WARNING - 25/03/12 11:29:56 INFO ResourceUtils: ==============================================================
[2025-03-12T11:29:56.488+0000] {ssh.py:531} WARNING - 25/03/12 11:29:56 INFO ResourceUtils: No custom resources configured for spark.driver.
[2025-03-12T11:29:56.489+0000] {ssh.py:531} WARNING - 25/03/12 11:29:56 INFO ResourceUtils: ==============================================================
[2025-03-12T11:29:56.489+0000] {ssh.py:531} WARNING - 25/03/12 11:29:56 INFO SparkContext: Submitted application: S3_CSV_to_Parquet
[2025-03-12T11:29:56.523+0000] {ssh.py:531} WARNING - 25/03/12 11:29:56 INFO ResourceProfile: Default ResourceProfile created, executor resources: Map(cores -> name: cores, amount: 1, script: , vendor: , memory -> name: memory, amount: 1024, script: , vendor: , offHeap -> name: offHeap, amount: 0, script: , vendor: ), task resources: Map(cpus -> name: cpus, amount: 1.0)
[2025-03-12T11:29:56.544+0000] {ssh.py:531} WARNING - 25/03/12 11:29:56 INFO ResourceProfile: Limiting resource is cpus at 1 tasks per executor
[2025-03-12T11:29:56.548+0000] {ssh.py:531} WARNING - 25/03/12 11:29:56 INFO ResourceProfileManager: Added ResourceProfile id: 0
[2025-03-12T11:29:56.622+0000] {ssh.py:531} WARNING - 25/03/12 11:29:56 INFO SecurityManager: Changing view acls to: ubuntu
[2025-03-12T11:29:56.623+0000] {ssh.py:531} WARNING - 25/03/12 11:29:56 INFO SecurityManager: Changing modify acls to: ubuntu
[2025-03-12T11:29:56.624+0000] {ssh.py:531} WARNING - 25/03/12 11:29:56 INFO SecurityManager: Changing view acls groups to: 
[2025-03-12T11:29:56.624+0000] {ssh.py:531} WARNING - 25/03/12 11:29:56 INFO SecurityManager: Changing modify acls groups to: 
[2025-03-12T11:29:56.625+0000] {ssh.py:531} WARNING - 25/03/12 11:29:56 INFO SecurityManager: SecurityManager: authentication disabled; ui acls disabled; users with view permissions: ubuntu; groups with view permissions: EMPTY; users with modify permissions: ubuntu; groups with modify permissions: EMPTY
[2025-03-12T11:29:56.933+0000] {ssh.py:531} WARNING - 25/03/12 11:29:56 INFO Utils: Successfully started service 'sparkDriver' on port 38841.
[2025-03-12T11:29:56.976+0000] {ssh.py:531} WARNING - 25/03/12 11:29:56 INFO SparkEnv: Registering MapOutputTracker
[2025-03-12T11:29:57.021+0000] {ssh.py:531} WARNING - 25/03/12 11:29:57 INFO SparkEnv: Registering BlockManagerMaster
[2025-03-12T11:29:57.043+0000] {ssh.py:531} WARNING - 25/03/12 11:29:57 INFO BlockManagerMasterEndpoint: Using org.apache.spark.storage.DefaultTopologyMapper for getting topology information
[2025-03-12T11:29:57.044+0000] {ssh.py:531} WARNING - 25/03/12 11:29:57 INFO BlockManagerMasterEndpoint: BlockManagerMasterEndpoint up
[2025-03-12T11:29:57.049+0000] {ssh.py:531} WARNING - 25/03/12 11:29:57 INFO SparkEnv: Registering BlockManagerMasterHeartbeat
[2025-03-12T11:29:57.076+0000] {ssh.py:531} WARNING - 25/03/12 11:29:57 INFO DiskBlockManager: Created local directory at /tmp/blockmgr-81ef1944-1aa2-46b4-945b-91f02214b105
[2025-03-12T11:29:57.093+0000] {ssh.py:531} WARNING - 25/03/12 11:29:57 INFO MemoryStore: MemoryStore started with capacity 434.4 MiB
[2025-03-12T11:29:57.115+0000] {ssh.py:531} WARNING - 25/03/12 11:29:57 INFO SparkEnv: Registering OutputCommitCoordinator
[2025-03-12T11:29:57.293+0000] {ssh.py:531} WARNING - 25/03/12 11:29:57 INFO JettyUtils: Start Jetty 0.0.0.0:4040 for SparkUI
[2025-03-12T11:29:57.373+0000] {ssh.py:531} WARNING - 25/03/12 11:29:57 INFO Utils: Successfully started service 'SparkUI' on port 4040.
[2025-03-12T11:29:57.548+0000] {ssh.py:531} WARNING - 25/03/12 11:29:57 INFO Executor: Starting executor ID driver on host ip-172-31-12-182.ap-northeast-2.compute.internal
[2025-03-12T11:29:57.548+0000] {ssh.py:531} WARNING - 25/03/12 11:29:57 INFO Executor: OS info Linux, 6.8.0-1024-aws, amd64
[2025-03-12T11:29:57.548+0000] {ssh.py:531} WARNING - 25/03/12 11:29:57 INFO Executor: Java version 11.0.26
[2025-03-12T11:29:57.560+0000] {ssh.py:531} WARNING - 25/03/12 11:29:57 INFO Executor: Starting executor with user classpath (userClassPathFirst = false): ''
[2025-03-12T11:29:57.561+0000] {ssh.py:531} WARNING - 25/03/12 11:29:57 INFO Executor: Created or updated repl class loader org.apache.spark.util.MutableURLClassLoader@6bd8135f for default.
[2025-03-12T11:29:57.598+0000] {ssh.py:531} WARNING - 25/03/12 11:29:57 INFO Utils: Successfully started service 'org.apache.spark.network.netty.NettyBlockTransferService' on port 35929.
[2025-03-12T11:29:57.598+0000] {ssh.py:531} WARNING - 25/03/12 11:29:57 INFO NettyBlockTransferService: Server created on 0.0.0.0:35929
[2025-03-12T11:29:57.600+0000] {ssh.py:531} WARNING - 25/03/12 11:29:57 INFO BlockManager: Using org.apache.spark.storage.RandomBlockReplicationPolicy for block replication policy
[2025-03-12T11:29:57.610+0000] {ssh.py:531} WARNING - 25/03/12 11:29:57 INFO BlockManagerMaster: Registering BlockManager BlockManagerId(driver, 0.0.0.0, 35929, None)
[2025-03-12T11:29:57.615+0000] {ssh.py:531} WARNING - 25/03/12 11:29:57 INFO BlockManagerMasterEndpoint: Registering block manager 0.0.0.0:35929 with 434.4 MiB RAM, BlockManagerId(driver, 0.0.0.0, 35929, None)
[2025-03-12T11:29:57.618+0000] {ssh.py:531} WARNING - 25/03/12 11:29:57 INFO BlockManagerMaster: Registered BlockManager BlockManagerId(driver, 0.0.0.0, 35929, None)
[2025-03-12T11:29:57.622+0000] {ssh.py:531} WARNING - 25/03/12 11:29:57 INFO BlockManager: Initialized BlockManager: BlockManagerId(driver, 0.0.0.0, 35929, None)
[2025-03-12T11:29:58.303+0000] {ssh.py:531} WARNING - 25/03/12 11:29:58 INFO SharedState: Setting hive.metastore.warehouse.dir ('null') to the value of spark.sql.warehouse.dir.
[2025-03-12T11:29:58.315+0000] {ssh.py:531} WARNING - 25/03/12 11:29:58 INFO SharedState: Warehouse path is 'file:/home/ubuntu/spark-warehouse'.
[2025-03-12T11:29:59.515+0000] {ssh.py:531} WARNING - 25/03/12 11:29:59 WARN MetricsConfig: Cannot locate configuration: tried hadoop-metrics2-s3a-file-system.properties,hadoop-metrics2.properties
[2025-03-12T11:29:59.541+0000] {ssh.py:531} WARNING - 25/03/12 11:29:59 INFO MetricsSystemImpl: Scheduled Metric snapshot period at 10 second(s).
[2025-03-12T11:29:59.541+0000] {ssh.py:531} WARNING - 25/03/12 11:29:59 INFO MetricsSystemImpl: s3a-file-system metrics system started
[2025-03-12T11:30:02.114+0000] {ssh.py:526} INFO - Traceback (most recent call last):
[2025-03-12T11:30:02.116+0000] {ssh.py:526} INFO -   File "/home/ubuntu/spark_scripts/team_color_to_parquet.py", line 28, in <module>
[2025-03-12T11:30:02.117+0000] {ssh.py:526} INFO -     df = spark.read.option("header", "true").csv(S3_CSV_PATH)
[2025-03-12T11:30:02.117+0000] {ssh.py:526} INFO -          ^^^^^^^^^^^^^^^^^^^^^^^^^^^^^^^^^^^^^^^^^^^^^^^^^^^^
[2025-03-12T11:30:02.125+0000] {ssh.py:526} INFO -   File "/spark-3.5.3/python/lib/pyspark.zip/pyspark/sql/readwriter.py", line 740, in csv
[2025-03-12T11:30:02.125+0000] {ssh.py:526} INFO -   File "/spark-3.5.3/python/lib/py4j-0.10.9.7-src.zip/py4j/java_gateway.py", line 1322, in __call__
[2025-03-12T11:30:02.127+0000] {ssh.py:526} INFO -   File "/spark-3.5.3/python/lib/pyspark.zip/pyspark/errors/exceptions/captured.py", line 185, in deco
[2025-03-12T11:30:02.131+0000] {ssh.py:526} INFO - pyspark.errors.exceptions.captured.AnalysisException
[2025-03-12T11:30:02.134+0000] {ssh.py:526} INFO - : [PATH_NOT_FOUND] Path does not exist: s3a://de5-finalproj-team2/team_color/2025-03-12/team_color_info.csv.
[2025-03-12T11:30:02.229+0000] {ssh.py:531} WARNING - 25/03/12 11:30:02 INFO SparkContext: Invoking stop() from shutdown hook
[2025-03-12T11:30:02.230+0000] {ssh.py:531} WARNING - 25/03/12 11:30:02 INFO SparkContext: SparkContext is stopping with exitCode 0.
[2025-03-12T11:30:02.250+0000] {ssh.py:531} WARNING - 25/03/12 11:30:02 INFO SparkUI: Stopped Spark web UI at http://0.0.0.0:4040
[2025-03-12T11:30:02.278+0000] {ssh.py:531} WARNING - 25/03/12 11:30:02 INFO MapOutputTrackerMasterEndpoint: MapOutputTrackerMasterEndpoint stopped!
[2025-03-12T11:30:02.297+0000] {ssh.py:531} WARNING - 25/03/12 11:30:02 INFO MemoryStore: MemoryStore cleared
[2025-03-12T11:30:02.299+0000] {ssh.py:531} WARNING - 25/03/12 11:30:02 INFO BlockManager: BlockManager stopped
[2025-03-12T11:30:02.310+0000] {ssh.py:531} WARNING - 25/03/12 11:30:02 INFO BlockManagerMaster: BlockManagerMaster stopped
[2025-03-12T11:30:02.318+0000] {ssh.py:531} WARNING - 25/03/12 11:30:02 INFO OutputCommitCoordinator$OutputCommitCoordinatorEndpoint: OutputCommitCoordinator stopped!
[2025-03-12T11:30:02.328+0000] {ssh.py:531} WARNING - 25/03/12 11:30:02 INFO SparkContext: Successfully stopped SparkContext
[2025-03-12T11:30:02.331+0000] {ssh.py:531} WARNING - 25/03/12 11:30:02 INFO ShutdownHookManager: Shutdown hook called
[2025-03-12T11:30:02.332+0000] {ssh.py:531} WARNING - 25/03/12 11:30:02 INFO ShutdownHookManager: Deleting directory /tmp/spark-3b1dd085-f8e1-4d98-980d-387a68f841d9
[2025-03-12T11:30:02.333+0000] {ssh.py:531} WARNING - 25/03/12 11:30:02 INFO ShutdownHookManager: Deleting directory /tmp/spark-73244e1e-7d2e-4d2b-b3b6-8ad813058135/pyspark-2d3bfe3c-cc03-4cc7-aa6c-45c28da4c6d0
[2025-03-12T11:30:02.337+0000] {ssh.py:531} WARNING - 25/03/12 11:30:02 INFO ShutdownHookManager: Deleting directory /tmp/spark-73244e1e-7d2e-4d2b-b3b6-8ad813058135
[2025-03-12T11:30:02.348+0000] {ssh.py:531} WARNING - 25/03/12 11:30:02 INFO MetricsSystemImpl: Stopping s3a-file-system metrics system...
[2025-03-12T11:30:02.350+0000] {ssh.py:531} WARNING - 25/03/12 11:30:02 INFO MetricsSystemImpl: s3a-file-system metrics system stopped.
[2025-03-12T11:30:02.351+0000] {ssh.py:531} WARNING - 25/03/12 11:30:02 INFO MetricsSystemImpl: s3a-file-system metrics system shutdown complete.
[2025-03-12T11:30:02.440+0000] {taskinstance.py:441} INFO - ::group::Post task execution logs
[2025-03-12T11:30:02.465+0000] {taskinstance.py:2905} ERROR - Task failed with exception
Traceback (most recent call last):
  File "/home/airflow/.local/lib/python3.9/site-packages/airflow/models/taskinstance.py", line 465, in _execute_task
    result = _execute_callable(context=context, **execute_callable_kwargs)
  File "/home/airflow/.local/lib/python3.9/site-packages/airflow/models/taskinstance.py", line 432, in _execute_callable
    return execute_callable(context=context, **execute_callable_kwargs)
  File "/home/airflow/.local/lib/python3.9/site-packages/airflow/models/baseoperator.py", line 400, in wrapper
    return func(self, *args, **kwargs)
  File "/home/airflow/.local/lib/python3.9/site-packages/airflow/providers/ssh/operators/ssh.py", line 191, in execute
    result = self.run_ssh_client_command(ssh_client, self.command, context=context)
  File "/home/airflow/.local/lib/python3.9/site-packages/airflow/providers/ssh/operators/ssh.py", line 179, in run_ssh_client_command
    self.raise_for_status(exit_status, agg_stderr, context=context)
  File "/home/airflow/.local/lib/python3.9/site-packages/airflow/providers/ssh/operators/ssh.py", line 173, in raise_for_status
    raise AirflowException(f"SSH operator error: exit status = {exit_status}")
airflow.exceptions.AirflowException: SSH operator error: exit status = 1
[2025-03-12T11:30:02.470+0000] {taskinstance.py:1206} INFO - Marking task as FAILED. dag_id=team_color_to_parquet_dag, task_id=submit_spark_via_ssh, run_id=manual__2025-03-12T11:24:39.959177+00:00, execution_date=20250312T112439, start_date=20250312T112951, end_date=20250312T113002
[2025-03-12T11:30:02.492+0000] {standard_task_runner.py:110} ERROR - Failed to execute job 89 for task submit_spark_via_ssh (SSH operator error: exit status = 1; 28992)
[2025-03-12T11:30:02.542+0000] {local_task_job_runner.py:240} INFO - Task exited with return code 1
[2025-03-12T11:30:02.566+0000] {taskinstance.py:3498} INFO - 0 downstream tasks scheduled from follow-on schedule check
[2025-03-12T11:30:02.568+0000] {local_task_job_runner.py:222} INFO - ::endgroup::
