[2025-03-12T11:43:49.283+0000] {local_task_job_runner.py:120} INFO - ::group::Pre task execution logs
[2025-03-12T11:43:49.306+0000] {taskinstance.py:2076} INFO - Dependencies all met for dep_context=non-requeueable deps ti=<TaskInstance: team_color_to_parquet_dag.submit_spark_via_ssh manual__2025-03-12T11:24:39.959177+00:00 [queued]>
[2025-03-12T11:43:49.316+0000] {taskinstance.py:2076} INFO - Dependencies all met for dep_context=requeueable deps ti=<TaskInstance: team_color_to_parquet_dag.submit_spark_via_ssh manual__2025-03-12T11:24:39.959177+00:00 [queued]>
[2025-03-12T11:43:49.316+0000] {taskinstance.py:2306} INFO - Starting attempt 5 of 6
[2025-03-12T11:43:49.329+0000] {taskinstance.py:2330} INFO - Executing <Task(SSHOperator): submit_spark_via_ssh> on 2025-03-12 11:24:39.959177+00:00
[2025-03-12T11:43:49.336+0000] {standard_task_runner.py:63} INFO - Started process 29866 to run task
[2025-03-12T11:43:49.342+0000] {standard_task_runner.py:90} INFO - Running: ['***', 'tasks', 'run', 'team_color_to_parquet_dag', 'submit_spark_via_ssh', 'manual__2025-03-12T11:24:39.959177+00:00', '--job-id', '95', '--raw', '--subdir', 'DAGS_FOLDER/team_color_to_parquet_dag.py', '--cfg-path', '/tmp/tmpvyagpsgf']
[2025-03-12T11:43:49.345+0000] {standard_task_runner.py:91} INFO - Job 95: Subtask submit_spark_via_ssh
[2025-03-12T11:43:49.412+0000] {task_command.py:426} INFO - Running <TaskInstance: team_color_to_parquet_dag.submit_spark_via_ssh manual__2025-03-12T11:24:39.959177+00:00 [running]> on host a0d797a25898
[2025-03-12T11:43:49.521+0000] {taskinstance.py:2648} INFO - Exporting env vars: AIRFLOW_CTX_DAG_OWNER='***' AIRFLOW_CTX_DAG_ID='team_color_to_parquet_dag' AIRFLOW_CTX_TASK_ID='submit_spark_via_ssh' AIRFLOW_CTX_EXECUTION_DATE='2025-03-12T11:24:39.959177+00:00' AIRFLOW_CTX_TRY_NUMBER='5' AIRFLOW_CTX_DAG_RUN_ID='manual__2025-03-12T11:24:39.959177+00:00'
[2025-03-12T11:43:49.521+0000] {taskinstance.py:430} INFO - ::endgroup::
[2025-03-12T11:43:49.537+0000] {ssh.py:151} INFO - Creating ssh_client
[2025-03-12T11:43:49.538+0000] {ssh.py:124} INFO - ssh_hook is not provided or invalid. Trying ssh_conn_id to create SSHHook.
[2025-03-12T11:43:49.552+0000] {base.py:84} INFO - Using connection ID 'spark_ssh_conn' for task execution.
[2025-03-12T11:43:49.553+0000] {ssh.py:301} WARNING - No Host Key Verification. This won't protect against Man-In-The-Middle attacks
[2025-03-12T11:43:49.558+0000] {transport.py:1909} INFO - Connected (version 2.0, client OpenSSH_9.6p1)
[2025-03-12T11:43:49.621+0000] {transport.py:1909} INFO - Authentication (publickey) successful!
[2025-03-12T11:43:49.622+0000] {ssh.py:480} INFO - Running command: 
    set -e
    echo "Starting Spark Job for Team Color Info on { ds }"
    /spark-3.5.3/bin/spark-submit /home/ubuntu/spark_scripts/team_color_to_parquet.py { ds }
    exit_code=$?

    if [ $exit_code -ne 0 ]; then
        echo "Spark Job Failed! Check logs."
        exit 1
    else
        echo "Spark Job Succeeded!"
    fi
    
[2025-03-12T11:43:49.720+0000] {ssh.py:526} INFO - Starting Spark Job for Team Color Info on { ds }
[2025-03-12T11:43:53.738+0000] {ssh.py:531} WARNING - 25/03/12 11:43:53 INFO SparkContext: Running Spark version 3.5.3
[2025-03-12T11:43:53.742+0000] {ssh.py:531} WARNING - 25/03/12 11:43:53 INFO SparkContext: OS info Linux, 6.8.0-1024-aws, amd64
[2025-03-12T11:43:53.745+0000] {ssh.py:531} WARNING - 25/03/12 11:43:53 INFO SparkContext: Java version 11.0.26
[2025-03-12T11:43:53.850+0000] {ssh.py:531} WARNING - 25/03/12 11:43:53 WARN NativeCodeLoader: Unable to load native-hadoop library for your platform... using builtin-java classes where applicable
[2025-03-12T11:43:54.015+0000] {ssh.py:531} WARNING - 25/03/12 11:43:54 INFO ResourceUtils: ==============================================================
[2025-03-12T11:43:54.017+0000] {ssh.py:531} WARNING - 25/03/12 11:43:54 INFO ResourceUtils: No custom resources configured for spark.driver.
[2025-03-12T11:43:54.017+0000] {ssh.py:531} WARNING - 25/03/12 11:43:54 INFO ResourceUtils: ==============================================================
[2025-03-12T11:43:54.017+0000] {ssh.py:531} WARNING - 25/03/12 11:43:54 INFO SparkContext: Submitted application: Extract_Team_Color_Info
[2025-03-12T11:43:54.049+0000] {ssh.py:531} WARNING - 25/03/12 11:43:54 INFO ResourceProfile: Default ResourceProfile created, executor resources: Map(cores -> name: cores, amount: 1, script: , vendor: , memory -> name: memory, amount: 1024, script: , vendor: , offHeap -> name: offHeap, amount: 0, script: , vendor: ), task resources: Map(cpus -> name: cpus, amount: 1.0)
[2025-03-12T11:43:54.070+0000] {ssh.py:531} WARNING - 25/03/12 11:43:54 INFO ResourceProfile: Limiting resource is cpus at 1 tasks per executor
[2025-03-12T11:43:54.073+0000] {ssh.py:531} WARNING - 25/03/12 11:43:54 INFO ResourceProfileManager: Added ResourceProfile id: 0
[2025-03-12T11:43:54.148+0000] {ssh.py:531} WARNING - 25/03/12 11:43:54 INFO SecurityManager: Changing view acls to: ubuntu
[2025-03-12T11:43:54.148+0000] {ssh.py:531} WARNING - 25/03/12 11:43:54 INFO SecurityManager: Changing modify acls to: ubuntu
[2025-03-12T11:43:54.149+0000] {ssh.py:531} WARNING - 25/03/12 11:43:54 INFO SecurityManager: Changing view acls groups to: 
[2025-03-12T11:43:54.149+0000] {ssh.py:531} WARNING - 25/03/12 11:43:54 INFO SecurityManager: Changing modify acls groups to: 
[2025-03-12T11:43:54.149+0000] {ssh.py:531} WARNING - 25/03/12 11:43:54 INFO SecurityManager: SecurityManager: authentication disabled; ui acls disabled; users with view permissions: ubuntu; groups with view permissions: EMPTY; users with modify permissions: ubuntu; groups with modify permissions: EMPTY
[2025-03-12T11:43:54.534+0000] {ssh.py:531} WARNING - 25/03/12 11:43:54 INFO Utils: Successfully started service 'sparkDriver' on port 34017.
[2025-03-12T11:43:54.594+0000] {ssh.py:531} WARNING - 25/03/12 11:43:54 INFO SparkEnv: Registering MapOutputTracker
[2025-03-12T11:43:54.676+0000] {ssh.py:531} WARNING - 25/03/12 11:43:54 INFO SparkEnv: Registering BlockManagerMaster
[2025-03-12T11:43:54.707+0000] {ssh.py:531} WARNING - 25/03/12 11:43:54 INFO BlockManagerMasterEndpoint: Using org.apache.spark.storage.DefaultTopologyMapper for getting topology information
[2025-03-12T11:43:54.707+0000] {ssh.py:531} WARNING - 25/03/12 11:43:54 INFO BlockManagerMasterEndpoint: BlockManagerMasterEndpoint up
[2025-03-12T11:43:54.713+0000] {ssh.py:531} WARNING - 25/03/12 11:43:54 INFO SparkEnv: Registering BlockManagerMasterHeartbeat
[2025-03-12T11:43:54.753+0000] {ssh.py:531} WARNING - 25/03/12 11:43:54 INFO DiskBlockManager: Created local directory at /tmp/blockmgr-f5877ea6-611e-44af-9ce8-f0b141d62586
[2025-03-12T11:43:54.779+0000] {ssh.py:531} WARNING - 25/03/12 11:43:54 INFO MemoryStore: MemoryStore started with capacity 434.4 MiB
[2025-03-12T11:43:54.802+0000] {ssh.py:531} WARNING - 25/03/12 11:43:54 INFO SparkEnv: Registering OutputCommitCoordinator
[2025-03-12T11:43:55.009+0000] {ssh.py:531} WARNING - 25/03/12 11:43:55 INFO JettyUtils: Start Jetty 0.0.0.0:4040 for SparkUI
[2025-03-12T11:43:55.097+0000] {ssh.py:531} WARNING - 25/03/12 11:43:55 INFO Utils: Successfully started service 'SparkUI' on port 4040.
[2025-03-12T11:43:55.275+0000] {ssh.py:531} WARNING - 25/03/12 11:43:55 INFO Executor: Starting executor ID driver on host ip-172-31-12-182.ap-northeast-2.compute.internal
[2025-03-12T11:43:55.276+0000] {ssh.py:531} WARNING - 25/03/12 11:43:55 INFO Executor: OS info Linux, 6.8.0-1024-aws, amd64
[2025-03-12T11:43:55.276+0000] {ssh.py:531} WARNING - 25/03/12 11:43:55 INFO Executor: Java version 11.0.26
[2025-03-12T11:43:55.286+0000] {ssh.py:531} WARNING - 25/03/12 11:43:55 INFO Executor: Starting executor with user classpath (userClassPathFirst = false): ''
[2025-03-12T11:43:55.287+0000] {ssh.py:531} WARNING - 25/03/12 11:43:55 INFO Executor: Created or updated repl class loader org.apache.spark.util.MutableURLClassLoader@512f2f4c for default.
[2025-03-12T11:43:55.321+0000] {ssh.py:531} WARNING - 25/03/12 11:43:55 INFO Utils: Successfully started service 'org.apache.spark.network.netty.NettyBlockTransferService' on port 42345.
[2025-03-12T11:43:55.321+0000] {ssh.py:531} WARNING - 25/03/12 11:43:55 INFO NettyBlockTransferService: Server created on 0.0.0.0:42345
[2025-03-12T11:43:55.323+0000] {ssh.py:531} WARNING - 25/03/12 11:43:55 INFO BlockManager: Using org.apache.spark.storage.RandomBlockReplicationPolicy for block replication policy
[2025-03-12T11:43:55.333+0000] {ssh.py:531} WARNING - 25/03/12 11:43:55 INFO BlockManagerMaster: Registering BlockManager BlockManagerId(driver, 0.0.0.0, 42345, None)
[2025-03-12T11:43:55.342+0000] {ssh.py:531} WARNING - 25/03/12 11:43:55 INFO BlockManagerMasterEndpoint: Registering block manager 0.0.0.0:42345 with 434.4 MiB RAM, BlockManagerId(driver, 0.0.0.0, 42345, None)
[2025-03-12T11:43:55.346+0000] {ssh.py:531} WARNING - 25/03/12 11:43:55 INFO BlockManagerMaster: Registered BlockManager BlockManagerId(driver, 0.0.0.0, 42345, None)
[2025-03-12T11:43:55.348+0000] {ssh.py:531} WARNING - 25/03/12 11:43:55 INFO BlockManager: Initialized BlockManager: BlockManagerId(driver, 0.0.0.0, 42345, None)
[2025-03-12T11:43:56.109+0000] {ssh.py:531} WARNING - 25/03/12 11:43:56 INFO SharedState: Setting hive.metastore.warehouse.dir ('null') to the value of spark.sql.warehouse.dir.
[2025-03-12T11:43:56.124+0000] {ssh.py:531} WARNING - 25/03/12 11:43:56 INFO SharedState: Warehouse path is 'file:/home/ubuntu/spark-warehouse'.
[2025-03-12T11:43:57.596+0000] {ssh.py:531} WARNING - 25/03/12 11:43:57 WARN MetricsConfig: Cannot locate configuration: tried hadoop-metrics2-s3a-file-system.properties,hadoop-metrics2.properties
[2025-03-12T11:43:57.629+0000] {ssh.py:531} WARNING - 25/03/12 11:43:57 INFO MetricsSystemImpl: Scheduled Metric snapshot period at 10 second(s).
[2025-03-12T11:43:57.629+0000] {ssh.py:531} WARNING - 25/03/12 11:43:57 INFO MetricsSystemImpl: s3a-file-system metrics system started
[2025-03-12T11:43:59.362+0000] {ssh.py:531} WARNING - 25/03/12 11:43:59 INFO InMemoryFileIndex: It took 104 ms to list leaf files for 1 paths.
[2025-03-12T11:43:59.480+0000] {ssh.py:531} WARNING - 25/03/12 11:43:59 INFO InMemoryFileIndex: It took 35 ms to list leaf files for 1 paths.
[2025-03-12T11:44:03.042+0000] {ssh.py:531} WARNING - 25/03/12 11:44:03 INFO FileSourceStrategy: Pushed Filters: 
[2025-03-12T11:44:03.045+0000] {ssh.py:531} WARNING - 25/03/12 11:44:03 INFO FileSourceStrategy: Post-Scan Filters: (length(trim(value#0, None)) > 0)
[2025-03-12T11:44:03.964+0000] {ssh.py:531} WARNING - 25/03/12 11:44:03 INFO CodeGenerator: Code generated in 281.922918 ms
[2025-03-12T11:44:04.062+0000] {ssh.py:531} WARNING - 25/03/12 11:44:04 INFO MemoryStore: Block broadcast_0 stored as values in memory (estimated size 201.2 KiB, free 434.2 MiB)
[2025-03-12T11:44:04.140+0000] {ssh.py:531} WARNING - 25/03/12 11:44:04 INFO MemoryStore: Block broadcast_0_piece0 stored as bytes in memory (estimated size 34.7 KiB, free 434.2 MiB)
[2025-03-12T11:44:04.145+0000] {ssh.py:531} WARNING - 25/03/12 11:44:04 INFO BlockManagerInfo: Added broadcast_0_piece0 in memory on 0.0.0.0:42345 (size: 34.7 KiB, free: 434.4 MiB)
[2025-03-12T11:44:04.150+0000] {ssh.py:531} WARNING - 25/03/12 11:44:04 INFO SparkContext: Created broadcast 0 from csv at NativeMethodAccessorImpl.java:0
[2025-03-12T11:44:04.166+0000] {ssh.py:531} WARNING - 25/03/12 11:44:04 INFO FileSourceScanExec: Planning scan with bin packing, max size: 4194304 bytes, open cost is considered as scanning 4194304 bytes.
[2025-03-12T11:44:04.400+0000] {ssh.py:531} WARNING - 25/03/12 11:44:04 INFO SparkContext: Starting job: csv at NativeMethodAccessorImpl.java:0
[2025-03-12T11:44:04.422+0000] {ssh.py:531} WARNING - 25/03/12 11:44:04 INFO DAGScheduler: Got job 0 (csv at NativeMethodAccessorImpl.java:0) with 1 output partitions
[2025-03-12T11:44:04.423+0000] {ssh.py:531} WARNING - 25/03/12 11:44:04 INFO DAGScheduler: Final stage: ResultStage 0 (csv at NativeMethodAccessorImpl.java:0)
[2025-03-12T11:44:04.424+0000] {ssh.py:531} WARNING - 25/03/12 11:44:04 INFO DAGScheduler: Parents of final stage: List()
[2025-03-12T11:44:04.425+0000] {ssh.py:531} WARNING - 25/03/12 11:44:04 INFO DAGScheduler: Missing parents: List()
[2025-03-12T11:44:04.430+0000] {ssh.py:531} WARNING - 25/03/12 11:44:04 INFO DAGScheduler: Submitting ResultStage 0 (MapPartitionsRDD[3] at csv at NativeMethodAccessorImpl.java:0), which has no missing parents
[2025-03-12T11:44:04.586+0000] {ssh.py:531} WARNING - 25/03/12 11:44:04 INFO MemoryStore: Block broadcast_1 stored as values in memory (estimated size 13.5 KiB, free 434.2 MiB)
[2025-03-12T11:44:04.591+0000] {ssh.py:531} WARNING - 25/03/12 11:44:04 INFO MemoryStore: Block broadcast_1_piece0 stored as bytes in memory (estimated size 6.4 KiB, free 434.2 MiB)
[2025-03-12T11:44:04.591+0000] {ssh.py:531} WARNING - 25/03/12 11:44:04 INFO BlockManagerInfo: Added broadcast_1_piece0 in memory on 0.0.0.0:42345 (size: 6.4 KiB, free: 434.4 MiB)
[2025-03-12T11:44:04.592+0000] {ssh.py:531} WARNING - 25/03/12 11:44:04 INFO SparkContext: Created broadcast 1 from broadcast at DAGScheduler.scala:1585
[2025-03-12T11:44:04.617+0000] {ssh.py:531} WARNING - 25/03/12 11:44:04 INFO DAGScheduler: Submitting 1 missing tasks from ResultStage 0 (MapPartitionsRDD[3] at csv at NativeMethodAccessorImpl.java:0) (first 15 tasks are for partitions Vector(0))
[2025-03-12T11:44:04.618+0000] {ssh.py:531} WARNING - 25/03/12 11:44:04 INFO TaskSchedulerImpl: Adding task set 0.0 with 1 tasks resource profile 0
[2025-03-12T11:44:04.693+0000] {ssh.py:531} WARNING - 25/03/12 11:44:04 INFO TaskSetManager: Starting task 0.0 in stage 0.0 (TID 0) (ip-172-31-12-182.ap-northeast-2.compute.internal, executor driver, partition 0, PROCESS_LOCAL, 9640 bytes) 
[2025-03-12T11:44:04.723+0000] {ssh.py:531} WARNING - 25/03/12 11:44:04 INFO Executor: Running task 0.0 in stage 0.0 (TID 0)
[2025-03-12T11:44:04.959+0000] {ssh.py:531} WARNING - 25/03/12 11:44:04 INFO CodeGenerator: Code generated in 31.908197 ms
[2025-03-12T11:44:04.964+0000] {ssh.py:531} WARNING - 25/03/12 11:44:04 INFO FileScanRDD: Reading File path: s3a://de5-finalproj-team2/crawl/2025-03-12/crawl_result_processed_20250312.csv, range: 0-1153085, partition values: [empty row]
[2025-03-12T11:44:04.994+0000] {ssh.py:531} WARNING - 25/03/12 11:44:04 INFO CodeGenerator: Code generated in 22.494715 ms
[2025-03-12T11:44:05.147+0000] {ssh.py:531} WARNING - 25/03/12 11:44:05 INFO LineRecordReader: Found UTF-8 BOM and skipped it
[2025-03-12T11:44:05.195+0000] {ssh.py:531} WARNING - 25/03/12 11:44:05 INFO Executor: Finished task 0.0 in stage 0.0 (TID 0). 1756 bytes result sent to driver
[2025-03-12T11:44:05.221+0000] {ssh.py:531} WARNING - 25/03/12 11:44:05 INFO TaskSetManager: Finished task 0.0 in stage 0.0 (TID 0) in 545 ms on ip-172-31-12-182.ap-northeast-2.compute.internal (executor driver) (1/1)
[2025-03-12T11:44:05.227+0000] {ssh.py:531} WARNING - 25/03/12 11:44:05 INFO TaskSchedulerImpl: Removed TaskSet 0.0, whose tasks have all completed, from pool 
[2025-03-12T11:44:05.237+0000] {ssh.py:531} WARNING - 25/03/12 11:44:05 INFO DAGScheduler: ResultStage 0 (csv at NativeMethodAccessorImpl.java:0) finished in 0.776 s
[2025-03-12T11:44:05.242+0000] {ssh.py:531} WARNING - 25/03/12 11:44:05 INFO DAGScheduler: Job 0 is finished. Cancelling potential speculative or zombie tasks for this job
[2025-03-12T11:44:05.243+0000] {ssh.py:531} WARNING - 25/03/12 11:44:05 INFO TaskSchedulerImpl: Killing all running tasks in stage 0: Stage finished
[2025-03-12T11:44:05.247+0000] {ssh.py:531} WARNING - 25/03/12 11:44:05 INFO DAGScheduler: Job 0 finished: csv at NativeMethodAccessorImpl.java:0, took 0.848586 s
[2025-03-12T11:44:05.287+0000] {ssh.py:531} WARNING - 25/03/12 11:44:05 INFO CodeGenerator: Code generated in 22.215075 ms
[2025-03-12T11:44:05.383+0000] {ssh.py:531} WARNING - 25/03/12 11:44:05 INFO FileSourceStrategy: Pushed Filters: 
[2025-03-12T11:44:05.383+0000] {ssh.py:531} WARNING - 25/03/12 11:44:05 INFO FileSourceStrategy: Post-Scan Filters: 
[2025-03-12T11:44:05.402+0000] {ssh.py:531} WARNING - 25/03/12 11:44:05 INFO MemoryStore: Block broadcast_2 stored as values in memory (estimated size 201.2 KiB, free 434.0 MiB)
[2025-03-12T11:44:05.421+0000] {ssh.py:531} WARNING - 25/03/12 11:44:05 INFO MemoryStore: Block broadcast_2_piece0 stored as bytes in memory (estimated size 34.7 KiB, free 433.9 MiB)
[2025-03-12T11:44:05.421+0000] {ssh.py:531} WARNING - 25/03/12 11:44:05 INFO BlockManagerInfo: Added broadcast_2_piece0 in memory on 0.0.0.0:42345 (size: 34.7 KiB, free: 434.3 MiB)
[2025-03-12T11:44:05.423+0000] {ssh.py:531} WARNING - 25/03/12 11:44:05 INFO SparkContext: Created broadcast 2 from csv at NativeMethodAccessorImpl.java:0
[2025-03-12T11:44:05.425+0000] {ssh.py:531} WARNING - 25/03/12 11:44:05 INFO FileSourceScanExec: Planning scan with bin packing, max size: 4194304 bytes, open cost is considered as scanning 4194304 bytes.
[2025-03-12T11:44:05.952+0000] {ssh.py:531} WARNING - 25/03/12 11:44:05 INFO FileSourceStrategy: Pushed Filters: 
[2025-03-12T11:44:05.952+0000] {ssh.py:531} WARNING - 25/03/12 11:44:05 INFO FileSourceStrategy: Post-Scan Filters: 
[2025-03-12T11:44:06.128+0000] {ssh.py:531} WARNING - 25/03/12 11:44:06 INFO ParquetUtils: Using default output committer for Parquet: org.apache.parquet.hadoop.ParquetOutputCommitter
[2025-03-12T11:44:06.150+0000] {ssh.py:531} WARNING - 25/03/12 11:44:06 INFO FileOutputCommitter: File Output Committer Algorithm version is 1
[2025-03-12T11:44:06.151+0000] {ssh.py:531} WARNING - 25/03/12 11:44:06 INFO FileOutputCommitter: FileOutputCommitter skip cleanup _temporary folders under output directory:false, ignore cleanup failures: false
[2025-03-12T11:44:06.151+0000] {ssh.py:531} WARNING - 25/03/12 11:44:06 INFO SQLHadoopMapReduceCommitProtocol: Using user defined output committer class org.apache.parquet.hadoop.ParquetOutputCommitter
[2025-03-12T11:44:06.151+0000] {ssh.py:531} WARNING - 25/03/12 11:44:06 INFO FileOutputCommitter: File Output Committer Algorithm version is 1
[2025-03-12T11:44:06.151+0000] {ssh.py:531} WARNING - 25/03/12 11:44:06 INFO FileOutputCommitter: FileOutputCommitter skip cleanup _temporary folders under output directory:false, ignore cleanup failures: false
[2025-03-12T11:44:06.154+0000] {ssh.py:531} WARNING - 25/03/12 11:44:06 INFO SQLHadoopMapReduceCommitProtocol: Using output committer class org.apache.parquet.hadoop.ParquetOutputCommitter
[2025-03-12T11:44:06.671+0000] {ssh.py:531} WARNING - 25/03/12 11:44:06 INFO CodeGenerator: Code generated in 77.564872 ms
[2025-03-12T11:44:06.680+0000] {ssh.py:531} WARNING - 25/03/12 11:44:06 INFO MemoryStore: Block broadcast_3 stored as values in memory (estimated size 201.1 KiB, free 433.7 MiB)
[2025-03-12T11:44:06.691+0000] {ssh.py:531} WARNING - 25/03/12 11:44:06 INFO MemoryStore: Block broadcast_3_piece0 stored as bytes in memory (estimated size 34.8 KiB, free 433.7 MiB)
[2025-03-12T11:44:06.692+0000] {ssh.py:531} WARNING - 25/03/12 11:44:06 INFO BlockManagerInfo: Added broadcast_3_piece0 in memory on 0.0.0.0:42345 (size: 34.8 KiB, free: 434.3 MiB)
[2025-03-12T11:44:06.695+0000] {ssh.py:531} WARNING - 25/03/12 11:44:06 INFO SparkContext: Created broadcast 3 from parquet at NativeMethodAccessorImpl.java:0
[2025-03-12T11:44:06.702+0000] {ssh.py:531} WARNING - 25/03/12 11:44:06 INFO FileSourceScanExec: Planning scan with bin packing, max size: 4194304 bytes, open cost is considered as scanning 4194304 bytes.
[2025-03-12T11:44:06.713+0000] {ssh.py:531} WARNING - 25/03/12 11:44:06 INFO SparkContext: Starting job: parquet at NativeMethodAccessorImpl.java:0
[2025-03-12T11:44:06.715+0000] {ssh.py:531} WARNING - 25/03/12 11:44:06 INFO DAGScheduler: Got job 1 (parquet at NativeMethodAccessorImpl.java:0) with 1 output partitions
[2025-03-12T11:44:06.715+0000] {ssh.py:531} WARNING - 25/03/12 11:44:06 INFO DAGScheduler: Final stage: ResultStage 1 (parquet at NativeMethodAccessorImpl.java:0)
[2025-03-12T11:44:06.715+0000] {ssh.py:531} WARNING - 25/03/12 11:44:06 INFO DAGScheduler: Parents of final stage: List()
[2025-03-12T11:44:06.717+0000] {ssh.py:531} WARNING - 25/03/12 11:44:06 INFO DAGScheduler: Missing parents: List()
[2025-03-12T11:44:06.745+0000] {ssh.py:531} WARNING - 25/03/12 11:44:06 INFO DAGScheduler: Submitting ResultStage 1 (MapPartitionsRDD[13] at parquet at NativeMethodAccessorImpl.java:0), which has no missing parents
[2025-03-12T11:44:06.786+0000] {ssh.py:531} WARNING - 25/03/12 11:44:06 INFO BlockManagerInfo: Removed broadcast_1_piece0 on 0.0.0.0:42345 in memory (size: 6.4 KiB, free: 434.3 MiB)
[2025-03-12T11:44:06.803+0000] {ssh.py:531} WARNING - 25/03/12 11:44:06 INFO BlockManagerInfo: Removed broadcast_0_piece0 on 0.0.0.0:42345 in memory (size: 34.7 KiB, free: 434.3 MiB)
[2025-03-12T11:44:06.807+0000] {ssh.py:531} WARNING - 25/03/12 11:44:06 INFO BlockManagerInfo: Removed broadcast_2_piece0 on 0.0.0.0:42345 in memory (size: 34.7 KiB, free: 434.4 MiB)
[2025-03-12T11:44:06.808+0000] {ssh.py:531} WARNING - 25/03/12 11:44:06 INFO MemoryStore: Block broadcast_4 stored as values in memory (estimated size 222.3 KiB, free 433.8 MiB)
[2025-03-12T11:44:06.813+0000] {ssh.py:531} WARNING - 25/03/12 11:44:06 INFO MemoryStore: Block broadcast_4_piece0 stored as bytes in memory (estimated size 80.4 KiB, free 433.9 MiB)
[2025-03-12T11:44:06.813+0000] {ssh.py:531} WARNING - 25/03/12 11:44:06 INFO BlockManagerInfo: Added broadcast_4_piece0 in memory on 0.0.0.0:42345 (size: 80.4 KiB, free: 434.3 MiB)
[2025-03-12T11:44:06.814+0000] {ssh.py:531} WARNING - 25/03/12 11:44:06 INFO SparkContext: Created broadcast 4 from broadcast at DAGScheduler.scala:1585
[2025-03-12T11:44:06.815+0000] {ssh.py:531} WARNING - 25/03/12 11:44:06 INFO DAGScheduler: Submitting 1 missing tasks from ResultStage 1 (MapPartitionsRDD[13] at parquet at NativeMethodAccessorImpl.java:0) (first 15 tasks are for partitions Vector(0))
[2025-03-12T11:44:06.815+0000] {ssh.py:531} WARNING - 25/03/12 11:44:06 INFO TaskSchedulerImpl: Adding task set 1.0 with 1 tasks resource profile 0
[2025-03-12T11:44:06.819+0000] {ssh.py:531} WARNING - 25/03/12 11:44:06 INFO TaskSetManager: Starting task 0.0 in stage 1.0 (TID 1) (ip-172-31-12-182.ap-northeast-2.compute.internal, executor driver, partition 0, PROCESS_LOCAL, 9640 bytes) 
[2025-03-12T11:44:06.821+0000] {ssh.py:531} WARNING - 25/03/12 11:44:06 INFO Executor: Running task 0.0 in stage 1.0 (TID 1)
[2025-03-12T11:44:06.921+0000] {ssh.py:531} WARNING - 25/03/12 11:44:06 INFO CodeGenerator: Code generated in 38.459157 ms
[2025-03-12T11:44:06.925+0000] {ssh.py:531} WARNING - 25/03/12 11:44:06 INFO FileOutputCommitter: File Output Committer Algorithm version is 1
[2025-03-12T11:44:06.925+0000] {ssh.py:531} WARNING - 25/03/12 11:44:06 INFO FileOutputCommitter: FileOutputCommitter skip cleanup _temporary folders under output directory:false, ignore cleanup failures: false
[2025-03-12T11:44:06.925+0000] {ssh.py:531} WARNING - 25/03/12 11:44:06 INFO SQLHadoopMapReduceCommitProtocol: Using user defined output committer class org.apache.parquet.hadoop.ParquetOutputCommitter
[2025-03-12T11:44:06.926+0000] {ssh.py:531} WARNING - 25/03/12 11:44:06 INFO FileOutputCommitter: File Output Committer Algorithm version is 1
[2025-03-12T11:44:06.926+0000] {ssh.py:531} WARNING - 25/03/12 11:44:06 INFO FileOutputCommitter: FileOutputCommitter skip cleanup _temporary folders under output directory:false, ignore cleanup failures: false
[2025-03-12T11:44:06.929+0000] {ssh.py:531} WARNING - 25/03/12 11:44:06 INFO SQLHadoopMapReduceCommitProtocol: Using output committer class org.apache.parquet.hadoop.ParquetOutputCommitter
[2025-03-12T11:44:06.932+0000] {ssh.py:531} WARNING - 25/03/12 11:44:06 INFO CodecConfig: Compression: SNAPPY
[2025-03-12T11:44:06.937+0000] {ssh.py:531} WARNING - 25/03/12 11:44:06 INFO CodecConfig: Compression: SNAPPY
[2025-03-12T11:44:06.958+0000] {ssh.py:531} WARNING - 25/03/12 11:44:06 INFO ParquetOutputFormat: ParquetRecordWriter [block size: 134217728b, row group padding size: 8388608b, validating: false]
[2025-03-12T11:44:06.991+0000] {ssh.py:531} WARNING - 25/03/12 11:44:06 INFO ParquetWriteSupport: Initialized Parquet WriteSupport with Catalyst schema:
[2025-03-12T11:44:06.992+0000] {ssh.py:531} WARNING - {
[2025-03-12T11:44:06.992+0000] {ssh.py:531} WARNING -   "type" : "struct",
[2025-03-12T11:44:06.992+0000] {ssh.py:531} WARNING -   "fields" : [ {
[2025-03-12T11:44:06.992+0000] {ssh.py:531} WARNING -     "name" : "gamer_nickname",
[2025-03-12T11:44:06.992+0000] {ssh.py:531} WARNING -     "type" : "string",
[2025-03-12T11:44:06.992+0000] {ssh.py:531} WARNING -     "nullable" : true,
[2025-03-12T11:44:06.993+0000] {ssh.py:531} WARNING -     "metadata" : { }
[2025-03-12T11:44:06.993+0000] {ssh.py:531} WARNING -   }, {
[2025-03-12T11:44:06.993+0000] {ssh.py:531} WARNING -     "name" : "team_color",
[2025-03-12T11:44:06.993+0000] {ssh.py:531} WARNING -     "type" : "string",
[2025-03-12T11:44:06.993+0000] {ssh.py:531} WARNING -     "nullable" : false,
[2025-03-12T11:44:06.993+0000] {ssh.py:531} WARNING -     "metadata" : { }
[2025-03-12T11:44:06.993+0000] {ssh.py:531} WARNING -   }, {
[2025-03-12T11:44:06.993+0000] {ssh.py:531} WARNING -     "name" : "team_count",
[2025-03-12T11:44:06.994+0000] {ssh.py:531} WARNING -     "type" : "integer",
[2025-03-12T11:44:06.994+0000] {ssh.py:531} WARNING -     "nullable" : true,
[2025-03-12T11:44:06.994+0000] {ssh.py:531} WARNING -     "metadata" : { }
[2025-03-12T11:44:06.994+0000] {ssh.py:531} WARNING -   }, {
[2025-03-12T11:44:06.994+0000] {ssh.py:531} WARNING -     "name" : "created_at",
[2025-03-12T11:44:06.994+0000] {ssh.py:531} WARNING -     "type" : "string",
[2025-03-12T11:44:06.994+0000] {ssh.py:531} WARNING -     "nullable" : false,
[2025-03-12T11:44:06.994+0000] {ssh.py:531} WARNING -     "metadata" : { }
[2025-03-12T11:44:06.994+0000] {ssh.py:531} WARNING -   } ]
[2025-03-12T11:44:06.995+0000] {ssh.py:531} WARNING - }
[2025-03-12T11:44:06.995+0000] {ssh.py:531} WARNING - and corresponding Parquet message type:
[2025-03-12T11:44:06.995+0000] {ssh.py:531} WARNING - message spark_schema {
[2025-03-12T11:44:06.995+0000] {ssh.py:531} WARNING -   optional binary gamer_nickname (STRING);
[2025-03-12T11:44:06.995+0000] {ssh.py:531} WARNING -   required binary team_color (STRING);
[2025-03-12T11:44:06.995+0000] {ssh.py:531} WARNING -   optional int32 team_count;
[2025-03-12T11:44:06.995+0000] {ssh.py:531} WARNING -   required binary created_at (STRING);
[2025-03-12T11:44:06.995+0000] {ssh.py:531} WARNING - }
[2025-03-12T11:44:06.995+0000] {ssh.py:531} WARNING - 
[2025-03-12T11:44:06.996+0000] {ssh.py:531} WARNING -        
[2025-03-12T11:44:07.125+0000] {ssh.py:531} WARNING - 25/03/12 11:44:07 INFO CodecPool: Got brand-new compressor [.snappy]
[2025-03-12T11:44:07.379+0000] {ssh.py:531} WARNING - 25/03/12 11:44:07 INFO FileScanRDD: Reading File path: s3a://de5-finalproj-team2/crawl/2025-03-12/crawl_result_processed_20250312.csv, range: 0-1153085, partition values: [empty row]
[2025-03-12T11:44:07.407+0000] {ssh.py:531} WARNING - 25/03/12 11:44:07 INFO CodeGenerator: Code generated in 20.493938 ms
[2025-03-12T11:44:07.476+0000] {ssh.py:531} WARNING - 25/03/12 11:44:07 INFO LineRecordReader: Found UTF-8 BOM and skipped it
[2025-03-12T11:44:09.429+0000] {ssh.py:531} WARNING - 25/03/12 11:44:09 INFO FileOutputCommitter: Saved output of task 'attempt_202503121144064642623814316435555_0001_m_000000_1' to s3a://de5-finalproj-team2/analytics/team_color_info/2025-03-12/team_color_info.parquet/_temporary/0/task_202503121144064642623814316435555_0001_m_000000
[2025-03-12T11:44:09.430+0000] {ssh.py:531} WARNING - 25/03/12 11:44:09 INFO SparkHadoopMapRedUtil: attempt_202503121144064642623814316435555_0001_m_000000_1: Committed. Elapsed time: 673 ms.
[2025-03-12T11:44:09.452+0000] {ssh.py:531} WARNING - 25/03/12 11:44:09 INFO Executor: Finished task 0.0 in stage 1.0 (TID 1). 2669 bytes result sent to driver
[2025-03-12T11:44:09.456+0000] {ssh.py:531} WARNING - 25/03/12 11:44:09 INFO TaskSetManager: Finished task 0.0 in stage 1.0 (TID 1) in 2636 ms on ip-172-31-12-182.ap-northeast-2.compute.internal (executor driver) (1/1)
[2025-03-12T11:44:09.457+0000] {ssh.py:531} WARNING - 25/03/12 11:44:09 INFO DAGScheduler: ResultStage 1 (parquet at NativeMethodAccessorImpl.java:0) finished in 2.710 s
[2025-03-12T11:44:09.457+0000] {ssh.py:531} WARNING - 25/03/12 11:44:09 INFO DAGScheduler: Job 1 is finished. Cancelling potential speculative or zombie tasks for this job
[2025-03-12T11:44:09.457+0000] {ssh.py:531} WARNING - 25/03/12 11:44:09 INFO TaskSchedulerImpl: Removed TaskSet 1.0, whose tasks have all completed, from pool 
[2025-03-12T11:44:09.458+0000] {ssh.py:531} WARNING - 25/03/12 11:44:09 INFO TaskSchedulerImpl: Killing all running tasks in stage 1: Stage finished
[2025-03-12T11:44:09.458+0000] {ssh.py:531} WARNING - 25/03/12 11:44:09 INFO DAGScheduler: Job 1 finished: parquet at NativeMethodAccessorImpl.java:0, took 2.746072 s
[2025-03-12T11:44:09.461+0000] {ssh.py:531} WARNING - 25/03/12 11:44:09 INFO FileFormatWriter: Start to commit write Job fc2787ec-73fb-49ce-bebb-2e2621b4f690.
[2025-03-12T11:44:10.397+0000] {ssh.py:531} WARNING - 25/03/12 11:44:10 INFO FileFormatWriter: Write Job fc2787ec-73fb-49ce-bebb-2e2621b4f690 committed. Elapsed time: 934 ms.
[2025-03-12T11:44:10.401+0000] {ssh.py:531} WARNING - 25/03/12 11:44:10 INFO FileFormatWriter: Finished processing stats for write job fc2787ec-73fb-49ce-bebb-2e2621b4f690.
[2025-03-12T11:44:10.407+0000] {ssh.py:526} INFO - Parquet 변환 완료! 저장 경로: s3a://de5-finalproj-team2/analytics/team_color_info/2025-03-12/team_color_info.parquet
[2025-03-12T11:44:10.458+0000] {ssh.py:531} WARNING - 25/03/12 11:44:10 INFO SparkContext: Invoking stop() from shutdown hook
[2025-03-12T11:44:10.459+0000] {ssh.py:531} WARNING - 25/03/12 11:44:10 INFO SparkContext: SparkContext is stopping with exitCode 0.
[2025-03-12T11:44:10.472+0000] {ssh.py:531} WARNING - 25/03/12 11:44:10 INFO SparkUI: Stopped Spark web UI at http://0.0.0.0:4040
[2025-03-12T11:44:10.490+0000] {ssh.py:531} WARNING - 25/03/12 11:44:10 INFO MapOutputTrackerMasterEndpoint: MapOutputTrackerMasterEndpoint stopped!
[2025-03-12T11:44:10.501+0000] {ssh.py:531} WARNING - 25/03/12 11:44:10 INFO MemoryStore: MemoryStore cleared
[2025-03-12T11:44:10.502+0000] {ssh.py:531} WARNING - 25/03/12 11:44:10 INFO BlockManager: BlockManager stopped
[2025-03-12T11:44:10.508+0000] {ssh.py:531} WARNING - 25/03/12 11:44:10 INFO BlockManagerMaster: BlockManagerMaster stopped
[2025-03-12T11:44:10.511+0000] {ssh.py:531} WARNING - 25/03/12 11:44:10 INFO OutputCommitCoordinator$OutputCommitCoordinatorEndpoint: OutputCommitCoordinator stopped!
[2025-03-12T11:44:10.519+0000] {ssh.py:531} WARNING - 25/03/12 11:44:10 INFO SparkContext: Successfully stopped SparkContext
[2025-03-12T11:44:10.520+0000] {ssh.py:531} WARNING - 25/03/12 11:44:10 INFO ShutdownHookManager: Shutdown hook called
[2025-03-12T11:44:10.521+0000] {ssh.py:531} WARNING - 25/03/12 11:44:10 INFO ShutdownHookManager: Deleting directory /tmp/spark-5cfc4c9e-071e-41a5-b3c7-418a0877ea54/pyspark-3ed0e7e6-d629-4974-8059-809f022d317e
[2025-03-12T11:44:10.525+0000] {ssh.py:531} WARNING - 25/03/12 11:44:10 INFO ShutdownHookManager: Deleting directory /tmp/spark-ab8f2fa6-5fa4-41da-aa99-2091bc5c2cee
[2025-03-12T11:44:10.528+0000] {ssh.py:531} WARNING - 25/03/12 11:44:10 INFO ShutdownHookManager: Deleting directory /tmp/spark-5cfc4c9e-071e-41a5-b3c7-418a0877ea54
[2025-03-12T11:44:10.537+0000] {ssh.py:531} WARNING - 25/03/12 11:44:10 INFO MetricsSystemImpl: Stopping s3a-file-system metrics system...
[2025-03-12T11:44:10.537+0000] {ssh.py:531} WARNING - 25/03/12 11:44:10 INFO MetricsSystemImpl: s3a-file-system metrics system stopped.
[2025-03-12T11:44:10.538+0000] {ssh.py:531} WARNING - 25/03/12 11:44:10 INFO MetricsSystemImpl: s3a-file-system metrics system shutdown complete.
[2025-03-12T11:44:10.585+0000] {ssh.py:526} INFO - Spark Job Succeeded!
[2025-03-12T11:44:10.604+0000] {taskinstance.py:441} INFO - ::group::Post task execution logs
[2025-03-12T11:44:10.635+0000] {taskinstance.py:1206} INFO - Marking task as SUCCESS. dag_id=team_color_to_parquet_dag, task_id=submit_spark_via_ssh, run_id=manual__2025-03-12T11:24:39.959177+00:00, execution_date=20250312T112439, start_date=20250312T114349, end_date=20250312T114410
[2025-03-12T11:44:10.665+0000] {local_task_job_runner.py:240} INFO - Task exited with return code 0
[2025-03-12T11:44:10.686+0000] {taskinstance.py:3498} INFO - 0 downstream tasks scheduled from follow-on schedule check
[2025-03-12T11:44:10.688+0000] {local_task_job_runner.py:222} INFO - ::endgroup::
