[2025-03-12T11:37:57.514+0000] {local_task_job_runner.py:120} INFO - ::group::Pre task execution logs
[2025-03-12T11:37:57.538+0000] {taskinstance.py:2076} INFO - Dependencies all met for dep_context=non-requeueable deps ti=<TaskInstance: team_color_to_parquet_dag.submit_spark_via_ssh manual__2025-03-12T11:24:39.959177+00:00 [queued]>
[2025-03-12T11:37:57.548+0000] {taskinstance.py:2076} INFO - Dependencies all met for dep_context=requeueable deps ti=<TaskInstance: team_color_to_parquet_dag.submit_spark_via_ssh manual__2025-03-12T11:24:39.959177+00:00 [queued]>
[2025-03-12T11:37:57.549+0000] {taskinstance.py:2306} INFO - Starting attempt 3 of 4
[2025-03-12T11:37:57.562+0000] {taskinstance.py:2330} INFO - Executing <Task(SSHOperator): submit_spark_via_ssh> on 2025-03-12 11:24:39.959177+00:00
[2025-03-12T11:37:57.568+0000] {standard_task_runner.py:63} INFO - Started process 29498 to run task
[2025-03-12T11:37:57.572+0000] {standard_task_runner.py:90} INFO - Running: ['***', 'tasks', 'run', 'team_color_to_parquet_dag', 'submit_spark_via_ssh', 'manual__2025-03-12T11:24:39.959177+00:00', '--job-id', '93', '--raw', '--subdir', 'DAGS_FOLDER/team_color_to_parquet_dag.py', '--cfg-path', '/tmp/tmp4oq1jc3p']
[2025-03-12T11:37:57.575+0000] {standard_task_runner.py:91} INFO - Job 93: Subtask submit_spark_via_ssh
[2025-03-12T11:37:57.638+0000] {task_command.py:426} INFO - Running <TaskInstance: team_color_to_parquet_dag.submit_spark_via_ssh manual__2025-03-12T11:24:39.959177+00:00 [running]> on host a0d797a25898
[2025-03-12T11:37:57.751+0000] {taskinstance.py:2648} INFO - Exporting env vars: AIRFLOW_CTX_DAG_OWNER='***' AIRFLOW_CTX_DAG_ID='team_color_to_parquet_dag' AIRFLOW_CTX_TASK_ID='submit_spark_via_ssh' AIRFLOW_CTX_EXECUTION_DATE='2025-03-12T11:24:39.959177+00:00' AIRFLOW_CTX_TRY_NUMBER='3' AIRFLOW_CTX_DAG_RUN_ID='manual__2025-03-12T11:24:39.959177+00:00'
[2025-03-12T11:37:57.752+0000] {taskinstance.py:430} INFO - ::endgroup::
[2025-03-12T11:37:57.767+0000] {ssh.py:151} INFO - Creating ssh_client
[2025-03-12T11:37:57.768+0000] {ssh.py:124} INFO - ssh_hook is not provided or invalid. Trying ssh_conn_id to create SSHHook.
[2025-03-12T11:37:57.783+0000] {base.py:84} INFO - Using connection ID 'spark_ssh_conn' for task execution.
[2025-03-12T11:37:57.784+0000] {ssh.py:301} WARNING - No Host Key Verification. This won't protect against Man-In-The-Middle attacks
[2025-03-12T11:37:57.789+0000] {transport.py:1909} INFO - Connected (version 2.0, client OpenSSH_9.6p1)
[2025-03-12T11:37:57.853+0000] {transport.py:1909} INFO - Authentication (publickey) successful!
[2025-03-12T11:37:57.853+0000] {ssh.py:480} INFO - Running command: 
    set -e
    echo "Starting Spark Job for Team Color Info on { ds }"
    /spark-3.5.3/bin/spark-submit /home/ubuntu/spark_scripts/team_color_to_parquet.py { ds }
    exit_code=$?

    if [ $exit_code -ne 0 ]; then
        echo "Spark Job Failed! Check logs."
        exit 1
    else
        echo "Spark Job Succeeded!"
    fi
    
[2025-03-12T11:37:58.293+0000] {ssh.py:526} INFO - Starting Spark Job for Team Color Info on { ds }
[2025-03-12T11:38:01.371+0000] {ssh.py:526} INFO -   File "/home/ubuntu/spark_scripts/team_color_to_parquet.py", line 53
[2025-03-12T11:38:01.371+0000] {ssh.py:526} INFO -     df = df.withColumn("created_at", datetime.now().strftime('%Y-%m-%d"))
[2025-03-12T11:38:01.372+0000] {ssh.py:526} INFO -                                                              ^
[2025-03-12T11:38:01.372+0000] {ssh.py:526} INFO - SyntaxError: unterminated string literal (detected at line 53)
[2025-03-12T11:38:01.414+0000] {ssh.py:531} WARNING - 25/03/12 11:38:01 INFO ShutdownHookManager: Shutdown hook called
[2025-03-12T11:38:01.418+0000] {ssh.py:531} WARNING - 25/03/12 11:38:01 INFO ShutdownHookManager: Deleting directory /tmp/spark-42bbd2b6-d43e-4602-8169-6488afd95118
[2025-03-12T11:38:01.488+0000] {taskinstance.py:441} INFO - ::group::Post task execution logs
[2025-03-12T11:38:01.503+0000] {taskinstance.py:2905} ERROR - Task failed with exception
Traceback (most recent call last):
  File "/home/airflow/.local/lib/python3.9/site-packages/airflow/models/taskinstance.py", line 465, in _execute_task
    result = _execute_callable(context=context, **execute_callable_kwargs)
  File "/home/airflow/.local/lib/python3.9/site-packages/airflow/models/taskinstance.py", line 432, in _execute_callable
    return execute_callable(context=context, **execute_callable_kwargs)
  File "/home/airflow/.local/lib/python3.9/site-packages/airflow/models/baseoperator.py", line 400, in wrapper
    return func(self, *args, **kwargs)
  File "/home/airflow/.local/lib/python3.9/site-packages/airflow/providers/ssh/operators/ssh.py", line 191, in execute
    result = self.run_ssh_client_command(ssh_client, self.command, context=context)
  File "/home/airflow/.local/lib/python3.9/site-packages/airflow/providers/ssh/operators/ssh.py", line 179, in run_ssh_client_command
    self.raise_for_status(exit_status, agg_stderr, context=context)
  File "/home/airflow/.local/lib/python3.9/site-packages/airflow/providers/ssh/operators/ssh.py", line 173, in raise_for_status
    raise AirflowException(f"SSH operator error: exit status = {exit_status}")
airflow.exceptions.AirflowException: SSH operator error: exit status = 1
[2025-03-12T11:38:01.506+0000] {taskinstance.py:1206} INFO - Marking task as UP_FOR_RETRY. dag_id=team_color_to_parquet_dag, task_id=submit_spark_via_ssh, run_id=manual__2025-03-12T11:24:39.959177+00:00, execution_date=20250312T112439, start_date=20250312T113757, end_date=20250312T113801
[2025-03-12T11:38:01.520+0000] {standard_task_runner.py:110} ERROR - Failed to execute job 93 for task submit_spark_via_ssh (SSH operator error: exit status = 1; 29498)
[2025-03-12T11:38:01.564+0000] {local_task_job_runner.py:240} INFO - Task exited with return code 1
[2025-03-12T11:38:01.587+0000] {taskinstance.py:3498} INFO - 0 downstream tasks scheduled from follow-on schedule check
[2025-03-12T11:38:01.589+0000] {local_task_job_runner.py:222} INFO - ::endgroup::
