[2025-03-13T08:43:29.364+0000] {local_task_job_runner.py:120} INFO - ::group::Pre task execution logs
[2025-03-13T08:43:29.390+0000] {taskinstance.py:2076} INFO - Dependencies all met for dep_context=non-requeueable deps ti=<TaskInstance: match_info_spark_processing_dag.submit_spark_via_ssh manual__2025-03-13T08:43:27.096311+00:00 [queued]>
[2025-03-13T08:43:29.399+0000] {taskinstance.py:2076} INFO - Dependencies all met for dep_context=requeueable deps ti=<TaskInstance: match_info_spark_processing_dag.submit_spark_via_ssh manual__2025-03-13T08:43:27.096311+00:00 [queued]>
[2025-03-13T08:43:29.400+0000] {taskinstance.py:2306} INFO - Starting attempt 1 of 2
[2025-03-13T08:43:29.414+0000] {taskinstance.py:2330} INFO - Executing <Task(SSHOperator): submit_spark_via_ssh> on 2025-03-13 08:43:27.096311+00:00
[2025-03-13T08:43:29.420+0000] {standard_task_runner.py:63} INFO - Started process 32076 to run task
[2025-03-13T08:43:29.424+0000] {standard_task_runner.py:90} INFO - Running: ['***', 'tasks', 'run', 'match_info_spark_processing_dag', 'submit_spark_via_ssh', 'manual__2025-03-13T08:43:27.096311+00:00', '--job-id', '142', '--raw', '--subdir', 'DAGS_FOLDER/match_info_spark_process_dag.py', '--cfg-path', '/tmp/tmptk_gju6i']
[2025-03-13T08:43:29.426+0000] {standard_task_runner.py:91} INFO - Job 142: Subtask submit_spark_via_ssh
[2025-03-13T08:43:29.508+0000] {task_command.py:426} INFO - Running <TaskInstance: match_info_spark_processing_dag.submit_spark_via_ssh manual__2025-03-13T08:43:27.096311+00:00 [running]> on host a0d797a25898
[2025-03-13T08:43:29.689+0000] {taskinstance.py:2648} INFO - Exporting env vars: AIRFLOW_CTX_DAG_OWNER='***' AIRFLOW_CTX_DAG_ID='match_info_spark_processing_dag' AIRFLOW_CTX_TASK_ID='submit_spark_via_ssh' AIRFLOW_CTX_EXECUTION_DATE='2025-03-13T08:43:27.096311+00:00' AIRFLOW_CTX_TRY_NUMBER='1' AIRFLOW_CTX_DAG_RUN_ID='manual__2025-03-13T08:43:27.096311+00:00'
[2025-03-13T08:43:29.690+0000] {taskinstance.py:430} INFO - ::endgroup::
[2025-03-13T08:43:29.708+0000] {ssh.py:151} INFO - Creating ssh_client
[2025-03-13T08:43:29.708+0000] {ssh.py:124} INFO - ssh_hook is not provided or invalid. Trying ssh_conn_id to create SSHHook.
[2025-03-13T08:43:29.727+0000] {base.py:84} INFO - Using connection ID 'spark_ssh_conn' for task execution.
[2025-03-13T08:43:29.728+0000] {ssh.py:301} WARNING - No Host Key Verification. This won't protect against Man-In-The-Middle attacks
[2025-03-13T08:43:29.734+0000] {transport.py:1909} INFO - Connected (version 2.0, client OpenSSH_9.6p1)
[2025-03-13T08:43:29.838+0000] {transport.py:1909} INFO - Authentication (publickey) successful!
[2025-03-13T08:43:29.839+0000] {ssh.py:480} INFO - Running command: 
    set -e  # 명령어 실패 시 즉시 종료
    echo "Starting Spark Job on 2025-03-13"

    echo "Submitting Spark Job... for 2025-03-13 data"
   /spark-3.5.3/bin/spark-submit /home/ubuntu/spark_scripts/match_info_pyspark.py 2025-03-13 > spark_job.log 2>&1
    exit_code=$?

    # 실행 로그 출력 (Airflow에서 확인 가능)
    if [ -f spark_job.log ]; then
        echo "=== Spark Job Log Start ==="
        cat spark_job.log
        echo "=== Spark Job Log End ==="
    else
        echo "Warning: spark_job.log not found!"
    fi

    # Spark 실패 감지
    if [ $exit_code -ne 0 ]; then
        echo "Spark Job Failed! Check logs."
        exit 1
    else
        echo "Spark Job Succeeded!"
    fi
    
[2025-03-13T08:43:29.933+0000] {ssh.py:526} INFO - Starting Spark Job on 2025-03-13
[2025-03-13T08:43:29.934+0000] {ssh.py:526} INFO - Submitting Spark Job... for 2025-03-13 data
[2025-03-13T08:43:52.552+0000] {ssh.py:526} INFO - === Spark Job Log Start ===
[2025-03-13T08:43:52.555+0000] {ssh.py:526} INFO - Processing date: 2025-03-13
[2025-03-13T08:43:52.556+0000] {ssh.py:526} INFO - 25/03/13 08:43:32 INFO SparkContext: Running Spark version 3.5.3
[2025-03-13T08:43:52.556+0000] {ssh.py:526} INFO - 25/03/13 08:43:32 INFO SparkContext: OS info Linux, 6.8.0-1024-aws, amd64
[2025-03-13T08:43:52.556+0000] {ssh.py:526} INFO - 25/03/13 08:43:32 INFO SparkContext: Java version 11.0.26
[2025-03-13T08:43:52.556+0000] {ssh.py:526} INFO - 25/03/13 08:43:32 WARN NativeCodeLoader: Unable to load native-hadoop library for your platform... using builtin-java classes where applicable
[2025-03-13T08:43:52.557+0000] {ssh.py:526} INFO - 25/03/13 08:43:33 INFO ResourceUtils: ==============================================================
[2025-03-13T08:43:52.557+0000] {ssh.py:526} INFO - 25/03/13 08:43:33 INFO ResourceUtils: No custom resources configured for spark.driver.
[2025-03-13T08:43:52.557+0000] {ssh.py:526} INFO - 25/03/13 08:43:33 INFO ResourceUtils: ==============================================================
[2025-03-13T08:43:52.557+0000] {ssh.py:526} INFO - 25/03/13 08:43:33 INFO SparkContext: Submitted application: json to parquet
[2025-03-13T08:43:52.557+0000] {ssh.py:526} INFO - 25/03/13 08:43:33 INFO ResourceProfile: Default ResourceProfile created, executor resources: Map(cores -> name: cores, amount: 1, script: , vendor: , memory -> name: memory, amount: 1024, script: , vendor: , offHeap -> name: offHeap, amount: 0, script: , vendor: ), task resources: Map(cpus -> name: cpus, amount: 1.0)
[2025-03-13T08:43:52.558+0000] {ssh.py:526} INFO - 25/03/13 08:43:33 INFO ResourceProfile: Limiting resource is cpu
[2025-03-13T08:43:52.558+0000] {ssh.py:526} INFO - 25/03/13 08:43:33 INFO ResourceProfileManager: Added ResourceProfile id: 0
[2025-03-13T08:43:52.558+0000] {ssh.py:526} INFO - 25/03/13 08:43:33 INFO SecurityManager: Changing view acls to: ubuntu
[2025-03-13T08:43:52.558+0000] {ssh.py:526} INFO - 25/03/13 08:43:33 INFO SecurityManager: Changing modify acls to: ubuntu
[2025-03-13T08:43:52.559+0000] {ssh.py:526} INFO - 25/03/13 08:43:33 INFO SecurityManager: Changing view acls groups to: 
[2025-03-13T08:43:52.559+0000] {ssh.py:526} INFO - 25/03/13 08:43:33 INFO SecurityManager: Changing modify acls groups to: 
[2025-03-13T08:43:52.559+0000] {ssh.py:526} INFO - 25/03/13 08:43:33 INFO SecurityManager: SecurityManager: authentication disabled; ui acls disabled; users with view permissions: ubuntu; groups with view permissions: EMPTY; users with modify permissions: ubuntu; groups with modify permissions: EMPTY
[2025-03-13T08:43:52.559+0000] {ssh.py:526} INFO - 25/03/13 08:43:33 INFO Utils: Successfully started service 'sparkDriver' on port 36439.
[2025-03-13T08:43:52.559+0000] {ssh.py:526} INFO - 25/03/13 08:43:33 INFO SparkEnv: Registering MapOutputTracker
[2025-03-13T08:43:52.559+0000] {ssh.py:526} INFO - 25/03/13 08:43:33 INFO SparkEnv: Registering BlockManagerMaster
[2025-03-13T08:43:52.560+0000] {ssh.py:526} INFO - 25/03/13 08:43:33 INFO BlockManagerMasterEndpoint: Using org.apache.spark.storage.DefaultTopologyMapper for getting topology information
[2025-03-13T08:43:52.560+0000] {ssh.py:526} INFO - 25/03/13 08:43:33 INFO BlockManagerMasterEndpoint: BlockManagerMasterEndpoint up
[2025-03-13T08:43:52.560+0000] {ssh.py:526} INFO - 25/03/13 08:43:33 INFO SparkEnv: Registering BlockManagerMasterHeartbeat
[2025-03-13T08:43:52.560+0000] {ssh.py:526} INFO - 25/03/13 08:43:33 INFO DiskBlockManager: Created local directory at /tmp/blockmgr-05e697fb-df2a-4cd6-9220-92fd6343e20c
[2025-03-13T08:43:52.560+0000] {ssh.py:526} INFO - 25/03/13 08:43:33 INFO MemoryStore: MemoryStore started with capacity 434.4 MiB
[2025-03-13T08:43:52.561+0000] {ssh.py:526} INFO - 25/03/13 08:43:33 INFO SparkEnv: Registering OutputCommitCoordinator
[2025-03-13T08:43:52.561+0000] {ssh.py:526} INFO - 25/03/13 08:43:34 INFO JettyUtils: Start Jetty 0.0.0.0:4040 for SparkUI
[2025-03-13T08:43:52.561+0000] {ssh.py:526} INFO - 25/03/13 08:43:34 INFO Utils: Successfully started service 'SparkUI' on port 4040.
[2025-03-13T08:43:52.561+0000] {ssh.py:526} INFO - 25/03/13 08:43:34 INFO Executor: Starting executor ID driver on host ip-172-31-12-182.ap-northeast-2.compute.internal
[2025-03-13T08:43:52.561+0000] {ssh.py:526} INFO - 25/03/13 08:43:34 INFO Executor: OS info Linux, 6.8.0-1024-aws, amd64
[2025-03-13T08:43:52.562+0000] {ssh.py:526} INFO - 25/03/13 08:43:34 INFO Executor: Java version 11.0.26
[2025-03-13T08:43:52.562+0000] {ssh.py:526} INFO - 25/03/13 08:43:34 INFO Executor: Starting executor with user classpath (userClassPathFirst = false): ''
[2025-03-13T08:43:52.562+0000] {ssh.py:526} INFO - 25/03/13 08:43:34 INFO Executor: Created or updated repl class loader org.apache.spark.util.MutableURLClassLoader@4e6e165a for default.
[2025-03-13T08:43:52.562+0000] {ssh.py:526} INFO - 25/03/13 08:43:34 INFO Utils: Successfully started service 'org.apache.spark.network.netty.NettyBlockTransferService' on port 35859.
[2025-03-13T08:43:52.562+0000] {ssh.py:526} INFO - 25/03/13 08:43:34 INFO NettyBlockTransferService: Server created on 0.0.0.0:35859
[2025-03-13T08:43:52.563+0000] {ssh.py:526} INFO - 25/03/13 08:43:34 INFO BlockManager: Using org.apache.spark.storage.RandomBlockReplicationPolicy for block replication policy
[2025-03-13T08:43:52.563+0000] {ssh.py:526} INFO - 25/03/13 08:43:34 INFO BlockManagerMaster: Registering BlockManager BlockManagerId(driver, 0.0.0.0, 35859, None)
[2025-03-13T08:43:52.563+0000] {ssh.py:526} INFO - 25/03/13 08:43:34 INFO BlockManagerMasterEndpoint: Registering block manager 0.0.0.0:35859 with 434.4 MiB RAM, BlockManagerId(driver, 0.0.0.0, 35859, None)
[2025-03-13T08:43:52.563+0000] {ssh.py:526} INFO - 25/03/13 08:43:34 INFO BlockManagerMaster: Registered BlockManager BlockManagerId(driver, 0.0.0.0, 35859, None)
[2025-03-13T08:43:52.563+0000] {ssh.py:526} INFO - 25/03/13 08:43:34 INFO BlockManager: Initialized BlockManager: BlockManagerId(driver, 0.0.0.0, 35859, None)
[2025-03-13T08:43:52.563+0000] {ssh.py:526} INFO - Reading json file from: s3a://de5-finalproj-team2/raw_data/json/match_data/2025-03-13/*.json
[2025-03-13T08:43:52.564+0000] {ssh.py:526} INFO - 25/03/13 08:43:35 INFO SharedState: Setting hive.metastore.warehouse.dir ('null') to the value of spark.sql.warehouse.dir.
[2025-03-13T08:43:52.564+0000] {ssh.py:526} INFO - 25/03/13 08:43:35 INFO SharedState: Warehouse path is 'file:/home/ubuntu/spark-warehouse'.
[2025-03-13T08:43:52.564+0000] {ssh.py:526} INFO - 25/03/13 08:43:36 WARN MetricsConfig: Cannot locate configuration: tried hadoop-metrics2-s3a-file-system.properties,hadoop-metrics2.properties
[2025-03-13T08:43:52.564+0000] {ssh.py:526} INFO - 25/03/13 08:43:36 INFO MetricsSystemImpl: Scheduled Metric snapshot period at 10 second(s).
[2025-03-13T08:43:52.564+0000] {ssh.py:526} INFO - 25/03/13 08:43:36 INFO MetricsSystemImpl: s3a-file-system metrics system started
[2025-03-13T08:43:52.565+0000] {ssh.py:526} INFO - 25/03/13 08:43:38 INFO InMemoryFileIndex: It took 108 ms to list leaf files for 1 paths.
[2025-03-13T08:43:52.565+0000] {ssh.py:526} INFO - 25/03/13 08:43:38 INFO InMemoryFileIndex: It took 39 ms to list leaf files for 1 paths.
[2025-03-13T08:43:52.565+0000] {ssh.py:526} INFO - 25/03/13 08:43:41 INFO FileSourceStrategy: Pushed Filters: 
[2025-03-13T08:43:52.565+0000] {ssh.py:526} INFO - 25/03/13 08:43:41 INFO FileSourceStrategy: Post-Scan Filters: 
[2025-03-13T08:43:52.565+0000] {ssh.py:526} INFO - 25/03/13 08:43:41 INFO MemoryStore: Block broadcast_0 stored as values in memory (estimated size 201.0 KiB, free 434.2 MiB)
[2025-03-13T08:43:52.565+0000] {ssh.py:526} INFO - 25/03/13 08:43:41 INFO MemoryStore: Block broadcast_0_piece0 stored as bytes in memory (estimated size 34.7 KiB, free 434.2 MiB)
[2025-03-13T08:43:52.566+0000] {ssh.py:526} INFO - 25/03/13 08:43:41 INFO BlockManagerInfo: Added broadcast_0_piece0 in memory on 0.0.0.0:35859 (size: 34.7 KiB, free: 434.4 MiB)
[2025-03-13T08:43:52.566+0000] {ssh.py:526} INFO - 25/03/13 08:43:41 INFO SparkContext: Created broadcast 0 from json at NativeMethodAccessorImpl.java:0
[2025-03-13T08:43:52.566+0000] {ssh.py:526} INFO - 25/03/13 08:43:41 INFO FileSourceScanExec: Planning scan with bin packing, max size: 5330110 bytes, open cost is considered as scanning 4194304 bytes.
[2025-03-13T08:43:52.566+0000] {ssh.py:526} INFO - 25/03/13 08:43:41 INFO SparkContext: Starting job: json at NativeMethodAccessorImpl.java:0
[2025-03-13T08:43:52.566+0000] {ssh.py:526} INFO - 25/03/13 08:43:41 INFO DAGScheduler: Got job 0 (json at NativeMethodAccessorImpl.java:0) with 1 output partitions
[2025-03-13T08:43:52.567+0000] {ssh.py:526} INFO - 25/03/13 08:43:41 INFO DAGScheduler: Final stage: ResultStage 0 (json at NativeMethodAccessorImpl.java:0)
[2025-03-13T08:43:52.567+0000] {ssh.py:526} INFO - 25/03/13 08:43:41 INFO DAGScheduler: Parents of final stage: List()
[2025-03-13T08:43:52.567+0000] {ssh.py:526} INFO - 25/03/13 08:43:41 INFO DAGScheduler: Missing parents: List()
[2025-03-13T08:43:52.567+0000] {ssh.py:526} INFO - 25/03/13 08:43:41 INFO DAGScheduler: Submitting ResultStage 0 (MapPartitionsRDD[3] at json at NativeMethodAccessorImpl.java:0), which has no missing parents
[2025-03-13T08:43:52.567+0000] {ssh.py:526} INFO - 25/03/13 08:43:42 INFO MemoryStore: Block broadcast_1 stored as values in memory (estimated size 16.5 KiB, free 434.2 MiB)
[2025-03-13T08:43:52.568+0000] {ssh.py:526} INFO - 25/03/13 08:43:42 INFO MemoryStore: Block broadcast_1_piece0 stored as bytes in memory (estimated size 7.8 KiB, free 434.1 MiB)
[2025-03-13T08:43:52.568+0000] {ssh.py:526} INFO - 25/03/13 08:43:42 INFO BlockManagerInfo: Added broadcast_1_piece0 in memory on 0.0.0.0:35859 (size: 7.8 KiB, free: 434.4 MiB)
[2025-03-13T08:43:52.568+0000] {ssh.py:526} INFO - 25/03/13 08:43:42 INFO SparkContext: Created broadcast 1 from broadcast at DAGScheduler.scala:1585
[2025-03-13T08:43:52.568+0000] {ssh.py:526} INFO - 25/03/13 08:43:42 INFO DAGScheduler: Submitting 1 missing tasks from ResultStage 0 (MapPartitionsRDD[3] at json at NativeMethodAccessorImpl.java:0) (first 15 tasks are for partitions Vector(0))
[2025-03-13T08:43:52.568+0000] {ssh.py:526} INFO - 25/03/13 08:43:42 INFO TaskSchedulerImpl: Adding task set 0.0 with 1 tasks resource profile 0
[2025-03-13T08:43:52.568+0000] {ssh.py:526} INFO - 25/03/13 08:43:42 INFO TaskSetManager: Starting task 0.0 in stage 0.0 (TID 0) (ip-172-31-12-182.ap-northeast-2.compute.internal, executor driver, partition 0, PROCESS_LOCAL, 9636 bytes) 
[2025-03-13T08:43:52.569+0000] {ssh.py:526} INFO - 25/03/13 08:43:42 INFO Executor: Running task 0.0 in stage 0.0 (TID 0)
[2025-03-13T08:43:52.569+0000] {ssh.py:526} INFO - 25/03/13 08:43:42 INFO FileScanRDD: Reading File path: s3a://de5-finalproj-team2/raw_data/json/match_data/2025-03-13/group_0.json, range: 0-1135806, partition values: [empty row]
[2025-03-13T08:43:52.569+0000] {ssh.py:526} INFO - 25/03/13 08:43:42 INFO CodeGenerator: Code generated in 349.420793 ms
[2025-03-13T08:43:52.569+0000] {ssh.py:526} INFO - 25/03/13 08:43:43 INFO Executor: Finished task 0.0 in stage 0.0 (TID 0). 2408 bytes result sent to driver
[2025-03-13T08:43:52.569+0000] {ssh.py:526} INFO - 25/03/13 08:43:43 INFO TaskSetManager: Finished task 0.0 in stage 0.0 (TID 0) in 1130 ms on ip-172-31-12-182.ap-northeast-2.compute.internal (executor driver) (1/1)
[2025-03-13T08:43:52.570+0000] {ssh.py:526} INFO - 25/03/13 08:43:43 INFO TaskSchedulerImpl: Removed TaskSet 0.0, whose tasks have all completed, from pool 
[2025-03-13T08:43:52.570+0000] {ssh.py:526} INFO - 25/03/13 08:43:43 INFO DAGScheduler: ResultStage 0 (json at NativeMethodAccessorImpl.java:0) finished in 1.360 s
[2025-03-13T08:43:52.570+0000] {ssh.py:526} INFO - 25/03/13 08:43:43 INFO DAGScheduler: Job 0 is finished. Cancelling potential speculative or zombie tasks for this job
[2025-03-13T08:43:52.570+0000] {ssh.py:526} INFO - 25/03/13 08:43:43 INFO TaskSchedulerImpl: Killing all running tasks in stage 0: Stage finished
[2025-03-13T08:43:52.570+0000] {ssh.py:526} INFO - 25/03/13 08:43:43 INFO DAGScheduler: Job 0 finished: json at NativeMethodAccessorImpl.java:0, took 1.466942 s
[2025-03-13T08:43:52.570+0000] {ssh.py:526} INFO - Writing trend_analysis parquet
[2025-03-13T08:43:52.571+0000] {ssh.py:526} INFO - 25/03/13 08:43:44 INFO FileSourceStrategy: Pushed Filters: IsNotNull(player_info)
[2025-03-13T08:43:52.571+0000] {ssh.py:526} INFO - 25/03/13 08:43:44 INFO FileSourceStrategy: Post-Scan Filters: (size(player_info#13, true) > 0),isnotnull(player_info#13)
[2025-03-13T08:43:52.571+0000] {ssh.py:526} INFO - 25/03/13 08:43:44 INFO BlockManagerInfo: Removed broadcast_1_piece0 on 0.0.0.0:35859 in memory (size: 7.8 KiB, free: 434.4 MiB)
[2025-03-13T08:43:52.571+0000] {ssh.py:526} INFO - 25/03/13 08:43:44 INFO BlockManagerInfo: Removed broadcast_0_piece0 on 0.0.0.0:35859 in memory (size: 34.7 KiB, free: 434.4 MiB)
[2025-03-13T08:43:52.571+0000] {ssh.py:526} INFO - 25/03/13 08:43:44 INFO ParquetUtils: Using default output committer for Parquet: org.apache.parquet.hadoop.ParquetOutputCommitter
[2025-03-13T08:43:52.572+0000] {ssh.py:526} INFO - 25/03/13 08:43:44 INFO FileOutputCommitter: File Output Committer Algorithm version is 1
[2025-03-13T08:43:52.572+0000] {ssh.py:526} INFO - 25/03/13 08:43:44 INFO FileOutputCommitter: FileOutputCommitter skip cleanup _temporary folders under output directory:false, ignore cleanup failures: false
[2025-03-13T08:43:52.572+0000] {ssh.py:526} INFO - 25/03/13 08:43:44 INFO SQLHadoopMapReduceCommitProtocol: Using user defined output committer class org.apache.parquet.hadoop.ParquetOutputCommitter
[2025-03-13T08:43:52.572+0000] {ssh.py:526} INFO - 25/03/13 08:43:44 INFO FileOutputCommitter: File Output Committer Algorithm version is 1
[2025-03-13T08:43:52.572+0000] {ssh.py:526} INFO - 25/03/13 08:43:44 INFO FileOutputCommitter: FileOutputCommitter skip cleanup _temporary folders under output directory:false, ignore cleanup failures: false
[2025-03-13T08:43:52.572+0000] {ssh.py:526} INFO - 25/03/13 08:43:44 INFO SQLHadoopMapReduceCommitProtocol: Using output committer class org.apache.parquet.hadoop.ParquetOutputCommitter
[2025-03-13T08:43:52.573+0000] {ssh.py:526} INFO - 25/03/13 08:43:45 INFO CodeGenerator: Code generated in 78.072462 ms
[2025-03-13T08:43:52.573+0000] {ssh.py:526} INFO - 25/03/13 08:43:45 INFO MemoryStore: Block broadcast_2 stored as values in memory (estimated size 200.9 KiB, free 434.2 MiB)
[2025-03-13T08:43:52.573+0000] {ssh.py:526} INFO - 25/03/13 08:43:45 INFO MemoryStore: Block broadcast_2_piece0 stored as bytes in memory (estimated size 34.8 KiB, free 434.2 MiB)
[2025-03-13T08:43:52.573+0000] {ssh.py:526} INFO - 25/03/13 08:43:45 INFO BlockManagerInfo: Added broadcast_2_piece0 in memory on 0.0.0.0:35859 (size: 34.8 KiB, free: 434.4 MiB)
[2025-03-13T08:43:52.573+0000] {ssh.py:526} INFO - 25/03/13 08:43:45 INFO SparkContext: Created broadcast 2 from save at NativeMethodAccessorImpl.java:0
[2025-03-13T08:43:52.574+0000] {ssh.py:526} INFO - 25/03/13 08:43:45 INFO FileSourceScanExec: Planning scan with bin packing, max size: 5330110 bytes, open cost is considered as scanning 4194304 bytes.
[2025-03-13T08:43:52.574+0000] {ssh.py:526} INFO - 25/03/13 08:43:45 INFO SparkContext: Starting job: save at NativeMethodAccessorImpl.java:0
[2025-03-13T08:43:52.574+0000] {ssh.py:526} INFO - 25/03/13 08:43:45 INFO DAGScheduler: Got job 1 (save at NativeMethodAccessorImpl.java:0) with 1 output partitions
[2025-03-13T08:43:52.574+0000] {ssh.py:526} INFO - 25/03/13 08:43:45 INFO DAGScheduler: Final stage: ResultStage 1 (save at NativeMethodAccessorImpl.java:0)
[2025-03-13T08:43:52.574+0000] {ssh.py:526} INFO - 25/03/13 08:43:45 INFO DAGScheduler: Parents of final stage: List()
[2025-03-13T08:43:52.574+0000] {ssh.py:526} INFO - 25/03/13 08:43:45 INFO DAGScheduler: Missing parents: List()
[2025-03-13T08:43:52.575+0000] {ssh.py:526} INFO - 25/03/13 08:43:45 INFO DAGScheduler: Submitting ResultStage 1 (MapPartitionsRDD[7] at save at NativeMethodAccessorImpl.java:0), which has no missing parents
[2025-03-13T08:43:52.575+0000] {ssh.py:526} INFO - 25/03/13 08:43:45 INFO MemoryStore: Block broadcast_3 stored as values in memory (estimated size 225.1 KiB, free 434.0 MiB)
[2025-03-13T08:43:52.575+0000] {ssh.py:526} INFO - 25/03/13 08:43:45 INFO MemoryStore: Block broadcast_3_piece0 stored as bytes in memory (estimated size 81.0 KiB, free 433.9 MiB)
[2025-03-13T08:43:52.575+0000] {ssh.py:526} INFO - 25/03/13 08:43:45 INFO BlockManagerInfo: Added broadcast_3_piece0 in memory on 0.0.0.0:35859 (size: 81.0 KiB, free: 434.3 MiB)
[2025-03-13T08:43:52.575+0000] {ssh.py:526} INFO - 25/03/13 08:43:45 INFO SparkContext: Created broadcast 3 from broadcast at DAGScheduler.scala:1585
[2025-03-13T08:43:52.576+0000] {ssh.py:526} INFO - 25/03/13 08:43:45 INFO DAGScheduler: Submitting 1 missing tasks from ResultStage 1 (MapPartitionsRDD[7] at save at NativeMethodAccessorImpl.java:0) (first 15 tasks are for partitions Vector(0))
[2025-03-13T08:43:52.576+0000] {ssh.py:526} INFO - 25/03/13 08:43:45 INFO TaskSchedulerImpl: Adding task set 1.0 with 1 tasks resource profile 0
[2025-03-13T08:43:52.576+0000] {ssh.py:526} INFO - 25/03/13 08:43:45 INFO TaskSetManager: Starting task 0.0 in stage 1.0 (TID 1) (ip-172-31-12-182.ap-northeast-2.compute.internal, executor driver, partition 0, PROCESS_LOCAL, 9636 bytes) 
[2025-03-13T08:43:52.576+0000] {ssh.py:526} INFO - 25/03/13 08:43:45 INFO Executor: Running task 0.0 in stage 1.0 (TID 1)
[2025-03-13T08:43:52.576+0000] {ssh.py:526} INFO - 25/03/13 08:43:45 INFO CodeGenerator: Code generated in 71.959044 ms
[2025-03-13T08:43:52.576+0000] {ssh.py:526} INFO - 25/03/13 08:43:45 INFO FileOutputCommitter: File Output Committer Algorithm version is 1
[2025-03-13T08:43:52.577+0000] {ssh.py:526} INFO - 25/03/13 08:43:45 INFO FileOutputCommitter: FileOutputCommitter skip cleanup _temporary folders under output directory:false, ignore cleanup failures: false
[2025-03-13T08:43:52.577+0000] {ssh.py:526} INFO - 25/03/13 08:43:45 INFO SQLHadoopMapReduceCommitProtocol: Using user defined output committer class org.apache.parquet.hadoop.ParquetOutputCommitter
[2025-03-13T08:43:52.577+0000] {ssh.py:526} INFO - 25/03/13 08:43:45 INFO FileOutputCommitter: File Output Committer Algorithm version is 1
[2025-03-13T08:43:52.577+0000] {ssh.py:526} INFO - 25/03/13 08:43:45 INFO FileOutputCommitter: FileOutputCommitter skip cleanup _temporary folders under output directory:false, ignore cleanup failures: false
[2025-03-13T08:43:52.577+0000] {ssh.py:526} INFO - 25/03/13 08:43:45 INFO SQLHadoopMapReduceCommitProtocol: Using output committer class org.apache.parquet.hadoop.ParquetOutputCommitter
[2025-03-13T08:43:52.578+0000] {ssh.py:526} INFO - 25/03/13 08:43:45 INFO CodecConfig: Compression: SNAPPY
[2025-03-13T08:43:52.578+0000] {ssh.py:526} INFO - 25/03/13 08:43:45 INFO CodecConfig: Compression: SNAPPY
[2025-03-13T08:43:52.578+0000] {ssh.py:526} INFO - 25/03/13 08:43:45 INFO ParquetOutputFormat: ParquetRecordWriter [block size: 134217728b, row group padding size: 8388608b, validating: false]
[2025-03-13T08:43:52.578+0000] {ssh.py:526} INFO - 25/03/13 08:43:45 INFO ParquetWriteSupport: Initialized Parquet WriteSupport with Catalyst schema:
[2025-03-13T08:43:52.578+0000] {ssh.py:526} INFO - {
[2025-03-13T08:43:52.578+0000] {ssh.py:526} INFO -   "type" : "struct",
[2025-03-13T08:43:52.579+0000] {ssh.py:526} INFO -   "fields" : [ {
[2025-03-13T08:43:52.579+0000] {ssh.py:526} INFO -     "name" : "match_id",
[2025-03-13T08:43:52.579+0000] {ssh.py:526} INFO -     "type" : "string",
[2025-03-13T08:43:52.579+0000] {ssh.py:526} INFO -     "nullable" : true,
[2025-03-13T08:43:52.579+0000] {ssh.py:526} INFO -     "metadata" : { }
[2025-03-13T08:43:52.580+0000] {ssh.py:526} INFO -   }, {
[2025-03-13T08:43:52.580+0000] {ssh.py:526} INFO -     "name" : "spid",
[2025-03-13T08:43:52.580+0000] {ssh.py:526} INFO -     "type" : "integer",
[2025-03-13T08:43:52.580+0000] {ssh.py:526} INFO -     "nullable" : true,
[2025-03-13T08:43:52.580+0000] {ssh.py:526} INFO -     "metadata" : { }
[2025-03-13T08:43:52.580+0000] {ssh.py:526} INFO -   }, {
[2025-03-13T08:43:52.581+0000] {ssh.py:526} INFO -     "name" : "season_id",
[2025-03-13T08:43:52.581+0000] {ssh.py:526} INFO -     "type" : "integer",
[2025-03-13T08:43:52.581+0000] {ssh.py:526} INFO -     "nullable" : true,
[2025-03-13T08:43:52.581+0000] {ssh.py:526} INFO -     "metadata" : { }
[2025-03-13T08:43:52.581+0000] {ssh.py:526} INFO -   }, {
[2025-03-13T08:43:52.582+0000] {ssh.py:526} INFO -     "name" : "gamer_nickname",
[2025-03-13T08:43:52.582+0000] {ssh.py:526} INFO -     "type" : "string",
[2025-03-13T08:43:52.582+0000] {ssh.py:526} INFO -     "nullable" : true,
[2025-03-13T08:43:52.582+0000] {ssh.py:526} INFO -     "metadata" : { }
[2025-03-13T08:43:52.582+0000] {ssh.py:526} INFO -   }, {
[2025-03-13T08:43:52.582+0000] {ssh.py:526} INFO -     "name" : "position",
[2025-03-13T08:43:52.583+0000] {ssh.py:526} INFO -     "type" : "integer",
[2025-03-13T08:43:52.583+0000] {ssh.py:526} INFO -     "nullable" : true,
[2025-03-13T08:43:52.583+0000] {ssh.py:526} INFO -     "metadata" : { }
[2025-03-13T08:43:52.583+0000] {ssh.py:526} INFO -   }, {
[2025-03-13T08:43:52.583+0000] {ssh.py:526} INFO -     "name" : "ouid",
[2025-03-13T08:43:52.584+0000] {ssh.py:526} INFO -     "type" : "string",
[2025-03-13T08:43:52.584+0000] {ssh.py:526} INFO -     "nullable" : true,
[2025-03-13T08:43:52.584+0000] {ssh.py:526} INFO -     "metadata" : { }
[2025-03-13T08:43:52.584+0000] {ssh.py:526} INFO -   }, {
[2025-03-13T08:43:52.584+0000] {ssh.py:526} INFO -     "name" : "spgrade",
[2025-03-13T08:43:52.584+0000] {ssh.py:526} INFO -     "type" : "integer",
[2025-03-13T08:43:52.585+0000] {ssh.py:526} INFO -     "nullable" : true,
[2025-03-13T08:43:52.585+0000] {ssh.py:526} INFO -     "metadata" : { }
[2025-03-13T08:43:52.585+0000] {ssh.py:526} INFO -   }, {
[2025-03-13T08:43:52.585+0000] {ssh.py:526} INFO -     "name" : "matchresult",
[2025-03-13T08:43:52.585+0000] {ssh.py:526} INFO -     "type" : "string",
[2025-03-13T08:43:52.585+0000] {ssh.py:526} INFO -     "nullable" : true,
[2025-03-13T08:43:52.586+0000] {ssh.py:526} INFO -     "metadata" : { }
[2025-03-13T08:43:52.586+0000] {ssh.py:526} INFO -   }, {
[2025-03-13T08:43:52.586+0000] {ssh.py:526} INFO -     "name" : "match_date",
[2025-03-13T08:43:52.586+0000] {ssh.py:526} INFO -     "type" : "date",
[2025-03-13T08:43:52.586+0000] {ssh.py:526} INFO -     "nullable" : true,
[2025-03-13T08:43:52.587+0000] {ssh.py:526} INFO -     "metadata" : { }
[2025-03-13T08:43:52.587+0000] {ssh.py:526} INFO -   } ]
[2025-03-13T08:43:52.587+0000] {ssh.py:526} INFO - }
[2025-03-13T08:43:52.587+0000] {ssh.py:526} INFO - and corresponding Parquet message type:
[2025-03-13T08:43:52.587+0000] {ssh.py:526} INFO - message spark_schema {
[2025-03-13T08:43:52.587+0000] {ssh.py:526} INFO -   optional binary match_id (STRING);
[2025-03-13T08:43:52.588+0000] {ssh.py:526} INFO -   optional int32 spid;
[2025-03-13T08:43:52.588+0000] {ssh.py:526} INFO -   optional int32 season_id;
[2025-03-13T08:43:52.588+0000] {ssh.py:526} INFO -   optional binary gamer_nickname (STRING);
[2025-03-13T08:43:52.588+0000] {ssh.py:526} INFO -   optional int32 position;
[2025-03-13T08:43:52.588+0000] {ssh.py:526} INFO -   optional binary ouid (STRING);
[2025-03-13T08:43:52.589+0000] {ssh.py:526} INFO -   optional int32 spgrade;
[2025-03-13T08:43:52.589+0000] {ssh.py:526} INFO -   optional binary matchresult (STRING);
[2025-03-13T08:43:52.589+0000] {ssh.py:526} INFO -   optional int32 match_date (DATE);
[2025-03-13T08:43:52.589+0000] {ssh.py:526} INFO - }
[2025-03-13T08:43:52.589+0000] {ssh.py:526} INFO - 
[2025-03-13T08:43:52.589+0000] {ssh.py:526} INFO -        
[2025-03-13T08:43:52.590+0000] {ssh.py:526} INFO - 25/03/13 08:43:45 INFO CodecPool: Got brand-new compressor [.snappy]
[2025-03-13T08:43:52.590+0000] {ssh.py:526} INFO - 25/03/13 08:43:46 INFO FileScanRDD: Reading File path: s3a://de5-finalproj-team2/raw_data/json/match_data/2025-03-13/group_0.json, range: 0-1135806, partition values: [empty row]
[2025-03-13T08:43:52.590+0000] {ssh.py:526} INFO - 25/03/13 08:43:46 INFO CodeGenerator: Code generated in 29.224561 ms
[2025-03-13T08:43:52.590+0000] {ssh.py:526} INFO - 25/03/13 08:43:46 INFO CodeGenerator: Code generated in 13.511117 ms
[2025-03-13T08:43:52.590+0000] {ssh.py:526} INFO - 25/03/13 08:43:48 INFO FileOutputCommitter: Saved output of task 'attempt_202503130843452330695492881177629_0001_m_000000_1' to s3a://de5-finalproj-team2/trend_analysis/match_data/2025-03-13/_temporary/0/task_202503130843452330695492881177629_0001_m_000000
[2025-03-13T08:43:52.591+0000] {ssh.py:526} INFO - 25/03/13 08:43:48 INFO SparkHadoopMapRedUtil: attempt_202503130843452330695492881177629_0001_m_000000_1: Committed. Elapsed time: 580 ms.
[2025-03-13T08:43:52.591+0000] {ssh.py:526} INFO - 25/03/13 08:43:48 INFO Executor: Finished task 0.0 in stage 1.0 (TID 1). 2725 bytes result sent to driver
[2025-03-13T08:43:52.591+0000] {ssh.py:526} INFO - 25/03/13 08:43:48 INFO TaskSetManager: Finished task 0.0 in stage 1.0 (TID 1) in 3000 ms on ip-172-31-12-182.ap-northeast-2.compute.internal (executor driver) (1/1)
[2025-03-13T08:43:52.591+0000] {ssh.py:526} INFO - 25/03/13 08:43:48 INFO DAGScheduler: ResultStage 1 (save at NativeMethodAccessorImpl.java:0) finished in 3.084 s
[2025-03-13T08:43:52.591+0000] {ssh.py:526} INFO - 25/03/13 08:43:48 INFO TaskSchedulerImpl: Removed TaskSet 1.0, whose tasks have all completed, from pool 
[2025-03-13T08:43:52.591+0000] {ssh.py:526} INFO - 25/03/13 08:43:48 INFO DAGScheduler: Job 1 is finished. Cancelling potential speculative or zombie tasks for this job
[2025-03-13T08:43:52.592+0000] {ssh.py:526} INFO - 25/03/13 08:43:48 INFO TaskSchedulerImpl: Killing all running tasks in stage 1: Stage finished
[2025-03-13T08:43:52.592+0000] {ssh.py:526} INFO - 25/03/13 08:43:48 INFO DAGScheduler: Job 1 finished: save at NativeMethodAccessorImpl.java:0, took 3.098534 s
[2025-03-13T08:43:52.592+0000] {ssh.py:526} INFO - 25/03/13 08:43:48 INFO FileFormatWriter: Start to commit write Job 774406bd-6ffc-45a8-9399-c9b51a627d0d.
[2025-03-13T08:43:52.592+0000] {ssh.py:526} INFO - 25/03/13 08:43:49 INFO FileFormatWriter: Write Job 774406bd-6ffc-45a8-9399-c9b51a627d0d committed. Elapsed time: 822 ms.
[2025-03-13T08:43:52.592+0000] {ssh.py:526} INFO - 25/03/13 08:43:49 INFO FileFormatWriter: Finished processing stats for write job 774406bd-6ffc-45a8-9399-c9b51a627d0d.
[2025-03-13T08:43:52.593+0000] {ssh.py:526} INFO - Writing analytics parquet
[2025-03-13T08:43:52.593+0000] {ssh.py:526} INFO - 25/03/13 08:43:49 INFO FileSourceStrategy: Pushed Filters: IsNotNull(player_info)
[2025-03-13T08:43:52.593+0000] {ssh.py:526} INFO - 25/03/13 08:43:49 INFO FileSourceStrategy: Post-Scan Filters: (size(player_info#13, true) > 0),isnotnull(player_info#13)
[2025-03-13T08:43:52.593+0000] {ssh.py:526} INFO - 25/03/13 08:43:49 INFO ParquetUtils: Using default output committer for Parquet: org.apache.parquet.hadoop.ParquetOutputCommitter
[2025-03-13T08:43:52.593+0000] {ssh.py:526} INFO - 25/03/13 08:43:49 INFO FileOutputCommitter: File Output Committer Algorithm version is 1
[2025-03-13T08:43:52.593+0000] {ssh.py:526} INFO - 25/03/13 08:43:49 INFO FileOutputCommitter: FileOutputCommitter skip cleanup _temporary folders under output directory:false, ignore cleanup failures: false
[2025-03-13T08:43:52.594+0000] {ssh.py:526} INFO - 25/03/13 08:43:49 INFO SQLHadoopMapReduceCommitProtocol: Using user defined output committer class org.apache.parquet.hadoop.ParquetOutputCommitter
[2025-03-13T08:43:52.594+0000] {ssh.py:526} INFO - 25/03/13 08:43:49 INFO FileOutputCommitter: File Output Committer Algorithm version is 1
[2025-03-13T08:43:52.594+0000] {ssh.py:526} INFO - 25/03/13 08:43:49 INFO FileOutputCommitter: FileOutputCommitter skip cleanup _temporary folders under output directory:false, ignore cleanup failures: false
[2025-03-13T08:43:52.594+0000] {ssh.py:526} INFO - 25/03/13 08:43:49 INFO SQLHadoopMapReduceCommitProtocol: Using output committer class org.apache.parquet.hadoop.ParquetOutputCommitter
[2025-03-13T08:43:52.594+0000] {ssh.py:526} INFO - 25/03/13 08:43:49 INFO CodeGenerator: Code generated in 31.442498 ms
[2025-03-13T08:43:52.595+0000] {ssh.py:526} INFO - 25/03/13 08:43:49 INFO MemoryStore: Block broadcast_4 stored as values in memory (estimated size 200.9 KiB, free 433.7 MiB)
[2025-03-13T08:43:52.595+0000] {ssh.py:526} INFO - 25/03/13 08:43:49 INFO MemoryStore: Block broadcast_4_piece0 stored as bytes in memory (estimated size 34.8 KiB, free 433.6 MiB)
[2025-03-13T08:43:52.595+0000] {ssh.py:526} INFO - 25/03/13 08:43:49 INFO BlockManagerInfo: Added broadcast_4_piece0 in memory on 0.0.0.0:35859 (size: 34.8 KiB, free: 434.3 MiB)
[2025-03-13T08:43:52.595+0000] {ssh.py:526} INFO - 25/03/13 08:43:49 INFO SparkContext: Created broadcast 4 from save at NativeMethodAccessorImpl.java:0
[2025-03-13T08:43:52.595+0000] {ssh.py:526} INFO - 25/03/13 08:43:49 INFO FileSourceScanExec: Planning scan with bin packing, max size: 5330110 bytes, open cost is considered as scanning 4194304 bytes.
[2025-03-13T08:43:52.595+0000] {ssh.py:526} INFO - 25/03/13 08:43:49 INFO SparkContext: Starting job: save at NativeMethodAccessorImpl.java:0
[2025-03-13T08:43:52.596+0000] {ssh.py:526} INFO - 25/03/13 08:43:49 INFO DAGScheduler: Got job 2 (save at NativeMethodAccessorImpl.java:0) with 1 output partitions
[2025-03-13T08:43:52.596+0000] {ssh.py:526} INFO - 25/03/13 08:43:49 INFO DAGScheduler: Final stage: ResultStage 2 (save at NativeMethodAccessorImpl.java:0)
[2025-03-13T08:43:52.596+0000] {ssh.py:526} INFO - 25/03/13 08:43:49 INFO DAGScheduler: Parents of final stage: List()
[2025-03-13T08:43:52.596+0000] {ssh.py:526} INFO - 25/03/13 08:43:49 INFO DAGScheduler: Missing parents: List()
[2025-03-13T08:43:52.596+0000] {ssh.py:526} INFO - 25/03/13 08:43:49 INFO DAGScheduler: Submitting ResultStage 2 (MapPartitionsRDD[11] at save at NativeMethodAccessorImpl.java:0), which has no missing parents
[2025-03-13T08:43:52.597+0000] {ssh.py:526} INFO - 25/03/13 08:43:49 INFO MemoryStore: Block broadcast_5 stored as values in memory (estimated size 223.4 KiB, free 433.4 MiB)
[2025-03-13T08:43:52.597+0000] {ssh.py:526} INFO - 25/03/13 08:43:49 INFO MemoryStore: Block broadcast_5_piece0 stored as bytes in memory (estimated size 80.4 KiB, free 433.3 MiB)
[2025-03-13T08:43:52.597+0000] {ssh.py:526} INFO - 25/03/13 08:43:49 INFO BlockManagerInfo: Added broadcast_5_piece0 in memory on 0.0.0.0:35859 (size: 80.4 KiB, free: 434.2 MiB)
[2025-03-13T08:43:52.597+0000] {ssh.py:526} INFO - 25/03/13 08:43:49 INFO SparkContext: Created broadcast 5 from broadcast at DAGScheduler.scala:1585
[2025-03-13T08:43:52.597+0000] {ssh.py:526} INFO - 25/03/13 08:43:49 INFO DAGScheduler: Submitting 1 missing tasks from ResultStage 2 (MapPartitionsRDD[11] at save at NativeMethodAccessorImpl.java:0) (first 15 tasks are for partitions Vector(0))
[2025-03-13T08:43:52.597+0000] {ssh.py:526} INFO - 25/03/13 08:43:49 INFO TaskSchedulerImpl: Adding task set 2.0 with 1 tasks resource profile 0
[2025-03-13T08:43:52.598+0000] {ssh.py:526} INFO - 25/03/13 08:43:49 INFO TaskSetManager: Starting task 0.0 in stage 2.0 (TID 2) (ip-172-31-12-182.ap-northeast-2.compute.internal, executor driver, partition 0, PROCESS_LOCAL, 9636 bytes) 
[2025-03-13T08:43:52.598+0000] {ssh.py:526} INFO - 25/03/13 08:43:49 INFO Executor: Running task 0.0 in stage 2.0 (TID 2)
[2025-03-13T08:43:52.598+0000] {ssh.py:526} INFO - 25/03/13 08:43:49 INFO BlockManagerInfo: Removed broadcast_3_piece0 on 0.0.0.0:35859 in memory (size: 81.0 KiB, free: 434.3 MiB)
[2025-03-13T08:43:52.598+0000] {ssh.py:526} INFO - 25/03/13 08:43:49 INFO CodeGenerator: Code generated in 33.52437 ms
[2025-03-13T08:43:52.598+0000] {ssh.py:526} INFO - 25/03/13 08:43:49 INFO FileOutputCommitter: File Output Committer Algorithm version is 1
[2025-03-13T08:43:52.599+0000] {ssh.py:526} INFO - 25/03/13 08:43:49 INFO FileOutputCommitter: FileOutputCommitter skip cleanup _temporary folders under output directory:false, ignore cleanup failures: false
[2025-03-13T08:43:52.599+0000] {ssh.py:526} INFO - 25/03/13 08:43:49 INFO SQLHadoopMapReduceCommitProtocol: Using user defined output committer class org.apache.parquet.hadoop.ParquetOutputCommitter
[2025-03-13T08:43:52.599+0000] {ssh.py:526} INFO - 25/03/13 08:43:49 INFO FileOutputCommitter: File Output Committer Algorithm version is 1
[2025-03-13T08:43:52.599+0000] {ssh.py:526} INFO - 25/03/13 08:43:49 INFO FileOutputCommitter: FileOutputCommitter skip cleanup _temporary folders under output directory:false, ignore cleanup failures: false
[2025-03-13T08:43:52.599+0000] {ssh.py:526} INFO - 25/03/13 08:43:49 INFO SQLHadoopMapReduceCommitProtocol: Using output committer class org.apache.parquet.hadoop.ParquetOutputCommitter
[2025-03-13T08:43:52.599+0000] {ssh.py:526} INFO - 25/03/13 08:43:49 INFO CodecConfig: Compression: SNAPPY
[2025-03-13T08:43:52.600+0000] {ssh.py:526} INFO - 25/03/13 08:43:49 INFO CodecConfig: Compression: SNAPPY
[2025-03-13T08:43:52.600+0000] {ssh.py:526} INFO - 25/03/13 08:43:49 INFO ParquetOutputFormat: ParquetRecordWriter [block size: 134217728b, row group padding size: 8388608b, validating: false]
[2025-03-13T08:43:52.600+0000] {ssh.py:526} INFO - 25/03/13 08:43:49 INFO ParquetWriteSupport: Initialized Parquet WriteSupport with Catalyst schema:
[2025-03-13T08:43:52.600+0000] {ssh.py:526} INFO - {
[2025-03-13T08:43:52.600+0000] {ssh.py:526} INFO -   "type" : "struct",
[2025-03-13T08:43:52.601+0000] {ssh.py:526} INFO -   "fields" : [ {
[2025-03-13T08:43:52.601+0000] {ssh.py:526} INFO -     "name" : "match_id",
[2025-03-13T08:43:52.601+0000] {ssh.py:526} INFO -     "type" : "string",
[2025-03-13T08:43:52.601+0000] {ssh.py:526} INFO -     "nullable" : true,
[2025-03-13T08:43:52.601+0000] {ssh.py:526} INFO -     "metadata" : { }
[2025-03-13T08:43:52.601+0000] {ssh.py:526} INFO -   }, {
[2025-03-13T08:43:52.602+0000] {ssh.py:526} INFO -     "name" : "spid",
[2025-03-13T08:43:52.602+0000] {ssh.py:526} INFO -     "type" : "integer",
[2025-03-13T08:43:52.602+0000] {ssh.py:526} INFO -     "nullable" : true,
[2025-03-13T08:43:52.602+0000] {ssh.py:526} INFO -     "metadata" : { }
[2025-03-13T08:43:52.602+0000] {ssh.py:526} INFO -   }, {
[2025-03-13T08:43:52.603+0000] {ssh.py:526} INFO -     "name" : "season_id",
[2025-03-13T08:43:52.603+0000] {ssh.py:526} INFO -     "type" : "integer",
[2025-03-13T08:43:52.603+0000] {ssh.py:526} INFO -     "nullable" : true,
[2025-03-13T08:43:52.603+0000] {ssh.py:526} INFO -     "metadata" : { }
[2025-03-13T08:43:52.603+0000] {ssh.py:526} INFO -   }, {
[2025-03-13T08:43:52.603+0000] {ssh.py:526} INFO -     "name" : "gamer_nickname",
[2025-03-13T08:43:52.604+0000] {ssh.py:526} INFO -     "type" : "string",
[2025-03-13T08:43:52.604+0000] {ssh.py:526} INFO -     "nullable" : true,
[2025-03-13T08:43:52.604+0000] {ssh.py:526} INFO -     "metadata" : { }
[2025-03-13T08:43:52.604+0000] {ssh.py:526} INFO -   }, {
[2025-03-13T08:43:52.604+0000] {ssh.py:526} INFO -     "name" : "position",
[2025-03-13T08:43:52.604+0000] {ssh.py:526} INFO -     "type" : "integer",
[2025-03-13T08:43:52.605+0000] {ssh.py:526} INFO -     "nullable" : true,
[2025-03-13T08:43:52.605+0000] {ssh.py:526} INFO -     "metadata" : { }
[2025-03-13T08:43:52.605+0000] {ssh.py:526} INFO -   }, {
[2025-03-13T08:43:52.605+0000] {ssh.py:526} INFO -     "name" : "spgrade",
[2025-03-13T08:43:52.605+0000] {ssh.py:526} INFO -     "type" : "integer",
[2025-03-13T08:43:52.606+0000] {ssh.py:526} INFO -     "nullable" : true,
[2025-03-13T08:43:52.606+0000] {ssh.py:526} INFO -     "metadata" : { }
[2025-03-13T08:43:52.606+0000] {ssh.py:526} INFO -   }, {
[2025-03-13T08:43:52.606+0000] {ssh.py:526} INFO -     "name" : "matchresult",
[2025-03-13T08:43:52.606+0000] {ssh.py:526} INFO -     "type" : "string",
[2025-03-13T08:43:52.607+0000] {ssh.py:526} INFO -     "nullable" : true,
[2025-03-13T08:43:52.607+0000] {ssh.py:526} INFO -     "metadata" : { }
[2025-03-13T08:43:52.607+0000] {ssh.py:526} INFO -   } ]
[2025-03-13T08:43:52.607+0000] {ssh.py:526} INFO - }
[2025-03-13T08:43:52.607+0000] {ssh.py:526} INFO - and corresponding Parquet message type:
[2025-03-13T08:43:52.608+0000] {ssh.py:526} INFO - message spark_schema {
[2025-03-13T08:43:52.608+0000] {ssh.py:526} INFO -   optional binary match_id (STRING);
[2025-03-13T08:43:52.608+0000] {ssh.py:526} INFO -   optional int32 spid;
[2025-03-13T08:43:52.608+0000] {ssh.py:526} INFO -   optional int32 season_id;
[2025-03-13T08:43:52.608+0000] {ssh.py:526} INFO -   optional binary gamer_nickname (STRING);
[2025-03-13T08:43:52.608+0000] {ssh.py:526} INFO -   optional int32 position;
[2025-03-13T08:43:52.609+0000] {ssh.py:526} INFO -   optional int32 spgrade;
[2025-03-13T08:43:52.609+0000] {ssh.py:526} INFO -   optional binary matchresult (STRING);
[2025-03-13T08:43:52.609+0000] {ssh.py:526} INFO - }
[2025-03-13T08:43:52.609+0000] {ssh.py:526} INFO - 
[2025-03-13T08:43:52.609+0000] {ssh.py:526} INFO -        
[2025-03-13T08:43:52.610+0000] {ssh.py:526} INFO - 25/03/13 08:43:50 INFO FileScanRDD: Reading File path: s3a://de5-finalproj-team2/raw_data/json/match_data/2025-03-13/group_0.json, range: 0-1135806, partition values: [empty row]
[2025-03-13T08:43:52.610+0000] {ssh.py:526} INFO - 25/03/13 08:43:50 INFO CodeGenerator: Code generated in 27.371988 ms
[2025-03-13T08:43:52.610+0000] {ssh.py:526} INFO - 25/03/13 08:43:50 INFO CodeGenerator: Code generated in 8.450578 ms
[2025-03-13T08:43:52.610+0000] {ssh.py:526} INFO - 25/03/13 08:43:50 INFO BlockManagerInfo: Removed broadcast_2_piece0 on 0.0.0.0:35859 in memory (size: 34.8 KiB, free: 434.3 MiB)
[2025-03-13T08:43:52.610+0000] {ssh.py:526} INFO - 25/03/13 08:43:51 INFO FileOutputCommitter: Saved output of task 'attempt_202503130843491712792818761870620_0002_m_000000_2' to s3a://de5-finalproj-team2/analytics/match_data/2025-03-13/_temporary/0/task_202503130843491712792818761870620_0002_m_000000
[2025-03-13T08:43:52.610+0000] {ssh.py:526} INFO - 25/03/13 08:43:51 INFO SparkHadoopMapRedUtil: attempt_202503130843491712792818761870620_0002_m_000000_2: Committed. Elapsed time: 532 ms.
[2025-03-13T08:43:52.611+0000] {ssh.py:526} INFO - 25/03/13 08:43:51 INFO Executor: Finished task 0.0 in stage 2.0 (TID 2). 2725 bytes result sent to driver
[2025-03-13T08:43:52.611+0000] {ssh.py:526} INFO - 25/03/13 08:43:51 INFO TaskSetManager: Finished task 0.0 in stage 2.0 (TID 2) in 1329 ms on ip-172-31-12-182.ap-northeast-2.compute.internal (executor driver) (1/1)
[2025-03-13T08:43:52.611+0000] {ssh.py:526} INFO - 25/03/13 08:43:51 INFO TaskSchedulerImpl: Removed TaskSet 2.0, whose tasks have all completed, from pool 
[2025-03-13T08:43:52.611+0000] {ssh.py:526} INFO - 25/03/13 08:43:51 INFO DAGScheduler: ResultStage 2 (save at NativeMethodAccessorImpl.java:0) finished in 1.391 s
[2025-03-13T08:43:52.612+0000] {ssh.py:526} INFO - 25/03/13 08:43:51 INFO DAGScheduler: Job 2 is finished. Cancelling potential speculative or zombie tasks for this job
[2025-03-13T08:43:52.612+0000] {ssh.py:526} INFO - 25/03/13 08:43:51 INFO TaskSchedulerImpl: Killing all running tasks in stage 2: Stage finished
[2025-03-13T08:43:52.612+0000] {ssh.py:526} INFO - 25/03/13 08:43:51 INFO DAGScheduler: Job 2 finished: save at NativeMethodAccessorImpl.java:0, took 1.409389 s
[2025-03-13T08:43:52.612+0000] {ssh.py:526} INFO - 25/03/13 08:43:51 INFO FileFormatWriter: Start to commit write Job a41c9b62-0cba-46e5-a798-4b48408c1a2f.
[2025-03-13T08:43:52.612+0000] {ssh.py:526} INFO - 25/03/13 08:43:51 INFO FileFormatWriter: Write Job a41c9b62-0cba-46e5-a798-4b48408c1a2f committed. Elapsed time: 762 ms.
[2025-03-13T08:43:52.612+0000] {ssh.py:526} INFO - 25/03/13 08:43:51 INFO FileFormatWriter: Finished processing stats for write job a41c9b62-0cba-46e5-a798-4b48408c1a2f.
[2025-03-13T08:43:52.613+0000] {ssh.py:526} INFO - 25/03/13 08:43:51 INFO SparkContext: SparkContext is stopping with exitCode 0.
[2025-03-13T08:43:52.613+0000] {ssh.py:526} INFO - 25/03/13 08:43:51 INFO SparkUI: Stopped Spark web UI at http://0.0.0.0:4040
[2025-03-13T08:43:52.613+0000] {ssh.py:526} INFO - 25/03/13 08:43:51 INFO MapOutputTrackerMasterEndpoint: MapOutputTrackerMasterEndpoint stopped!
[2025-03-13T08:43:52.613+0000] {ssh.py:526} INFO - 25/03/13 08:43:51 INFO MemoryStore: MemoryStore cleared
[2025-03-13T08:43:52.614+0000] {ssh.py:526} INFO - 25/03/13 08:43:51 INFO BlockManager: BlockManager stopped
[2025-03-13T08:43:52.614+0000] {ssh.py:526} INFO - 25/03/13 08:43:51 INFO BlockManagerMaster: BlockManagerMaster stopped
[2025-03-13T08:43:52.614+0000] {ssh.py:526} INFO - 25/03/13 08:43:51 INFO OutputCommitCoordinator$OutputCommitCoordinatorEndpoint: OutputCommitCoordinator stopped!
[2025-03-13T08:43:52.614+0000] {ssh.py:526} INFO - 25/03/13 08:43:51 INFO SparkContext: Successfully stopped SparkContext
[2025-03-13T08:43:52.615+0000] {ssh.py:526} INFO - 25/03/13 08:43:52 INFO ShutdownHookManager: Shutdown hook called
[2025-03-13T08:43:52.615+0000] {ssh.py:526} INFO - 25/03/13 08:43:52 INFO ShutdownHookManager: Deleting directory /tmp/spark-51bb17ab-abf2-4c20-a0ff-5e449e7f6b8f
[2025-03-13T08:43:52.615+0000] {ssh.py:526} INFO - 25/03/13 08:43:52 INFO ShutdownHookManager: Deleting directory /tmp/spark-5bc60553-d42e-4c6f-8027-b258a509d78b/pyspark-eba0b880-2320-415e-83a2-d2194443145a
[2025-03-13T08:43:52.615+0000] {ssh.py:526} INFO - 25/03/13 08:43:52 INFO ShutdownHookManager: Deleting directory /tmp/spark-5bc60553-d42e-4c6f-8027-b258a509d78b
[2025-03-13T08:43:52.615+0000] {ssh.py:526} INFO - 25/03/13 08:43:52 INFO MetricsSystemImpl: Stopping s3a-file-system metrics system...
[2025-03-13T08:43:52.616+0000] {ssh.py:526} INFO - 25/03/13 08:43:52 INFO MetricsSystemImpl: s3a-file-system metrics system stopped.
[2025-03-13T08:43:52.616+0000] {ssh.py:526} INFO - 25/03/13 08:43:52 INFO MetricsSystemImpl: s3a-file-system metrics system shutdown complete.
[2025-03-13T08:43:52.616+0000] {ssh.py:526} INFO - === Spark Job Log End ===
[2025-03-13T08:43:52.616+0000] {ssh.py:526} INFO - Spark Job Succeeded!
[2025-03-13T08:43:52.635+0000] {taskinstance.py:441} INFO - ::group::Post task execution logs
[2025-03-13T08:43:52.669+0000] {taskinstance.py:1206} INFO - Marking task as SUCCESS. dag_id=match_info_spark_processing_dag, task_id=submit_spark_via_ssh, run_id=manual__2025-03-13T08:43:27.096311+00:00, execution_date=20250313T084327, start_date=20250313T084329, end_date=20250313T084352
[2025-03-13T08:43:52.701+0000] {local_task_job_runner.py:240} INFO - Task exited with return code 0
[2025-03-13T08:43:52.726+0000] {taskinstance.py:3498} INFO - 1 downstream tasks scheduled from follow-on schedule check
[2025-03-13T08:43:52.728+0000] {local_task_job_runner.py:222} INFO - ::endgroup::
