[2025-03-10T13:12:31.970+0000] {local_task_job_runner.py:120} INFO - ::group::Pre task execution logs
[2025-03-10T13:12:32.019+0000] {taskinstance.py:2076} INFO - Dependencies all met for dep_context=non-requeueable deps ti=<TaskInstance: parquet_to_redshift.s3_to_redshift_match_data scheduled__2025-03-09T01:30:00+00:00 [queued]>
[2025-03-10T13:12:32.047+0000] {taskinstance.py:2076} INFO - Dependencies all met for dep_context=requeueable deps ti=<TaskInstance: parquet_to_redshift.s3_to_redshift_match_data scheduled__2025-03-09T01:30:00+00:00 [queued]>
[2025-03-10T13:12:32.048+0000] {taskinstance.py:2306} INFO - Starting attempt 1 of 2
[2025-03-10T13:12:32.093+0000] {taskinstance.py:2330} INFO - Executing <Task(S3ToRedshiftOperator): s3_to_redshift_match_data> on 2025-03-09 01:30:00+00:00
[2025-03-10T13:12:32.111+0000] {standard_task_runner.py:63} INFO - Started process 1442 to run task
[2025-03-10T13:12:32.129+0000] {standard_task_runner.py:90} INFO - Running: ['***', 'tasks', 'run', 'parquet_to_redshift', 's3_to_redshift_match_data', 'scheduled__2025-03-09T01:30:00+00:00', '--job-id', '6', '--raw', '--subdir', 'DAGS_FOLDER/match_info_redshift_dag.py', '--cfg-path', '/tmp/tmph9w9ffdf']
[2025-03-10T13:12:32.140+0000] {standard_task_runner.py:91} INFO - Job 6: Subtask s3_to_redshift_match_data
[2025-03-10T13:12:32.312+0000] {task_command.py:426} INFO - Running <TaskInstance: parquet_to_redshift.s3_to_redshift_match_data scheduled__2025-03-09T01:30:00+00:00 [running]> on host a0d797a25898
[2025-03-10T13:12:32.716+0000] {taskinstance.py:2648} INFO - Exporting env vars: AIRFLOW_CTX_DAG_OWNER='***' AIRFLOW_CTX_DAG_ID='parquet_to_redshift' AIRFLOW_CTX_TASK_ID='s3_to_redshift_match_data' AIRFLOW_CTX_EXECUTION_DATE='2025-03-09T01:30:00+00:00' AIRFLOW_CTX_TRY_NUMBER='1' AIRFLOW_CTX_DAG_RUN_ID='scheduled__2025-03-09T01:30:00+00:00'
[2025-03-10T13:12:32.717+0000] {taskinstance.py:430} INFO - ::endgroup::
[2025-03-10T13:12:32.832+0000] {base.py:84} INFO - Using connection ID 's3_conn_team' for task execution.
[2025-03-10T13:12:32.870+0000] {base.py:84} INFO - Using connection ID 's3_conn_team' for task execution.
[2025-03-10T13:12:32.871+0000] {connection_wrapper.py:384} INFO - AWS Connection (conn_id='s3_conn_team', conn_type='aws') credentials retrieved from login and password.
[2025-03-10T13:12:32.885+0000] {s3_to_redshift.py:193} INFO - Executing COPY command...
[2025-03-10T13:12:32.897+0000] {base.py:84} INFO - Using connection ID 'redshift_conn_team' for task execution.
[2025-03-10T13:12:33.436+0000] {sql.py:470} INFO - Running statement: BEGIN;, parameters: None
[2025-03-10T13:12:33.442+0000] {sql.py:470} INFO - Running statement: DELETE FROM analytics.match_info;, parameters: None
[2025-03-10T13:12:33.584+0000] {sql.py:479} INFO - Rows affected: 0
[2025-03-10T13:12:33.584+0000] {sql.py:470} INFO - Running statement: 
                    COPY analytics.match_info 
                    FROM 's3://de5-finalproj-team2/analytics/match_data/2025-03-09/'
                    credentials
                    'aws_access_key_id=AKIA4RRVVY55RK5T7HCV;aws_secret_access_key=***'
                    
                    FORMAT AS PARQUET;
        , parameters: None
[2025-03-10T13:12:33.960+0000] {sql.py:470} INFO - Running statement: COMMIT, parameters: None
[2025-03-10T13:12:34.019+0000] {s3_to_redshift.py:198} INFO - COPY command complete...
[2025-03-10T13:12:34.019+0000] {taskinstance.py:441} INFO - ::group::Post task execution logs
[2025-03-10T13:12:34.035+0000] {taskinstance.py:1206} INFO - Marking task as SUCCESS. dag_id=parquet_to_redshift, task_id=s3_to_redshift_match_data, run_id=scheduled__2025-03-09T01:30:00+00:00, execution_date=20250309T013000, start_date=20250310T131232, end_date=20250310T131234
[2025-03-10T13:12:34.092+0000] {local_task_job_runner.py:240} INFO - Task exited with return code 0
[2025-03-10T13:12:34.119+0000] {taskinstance.py:3498} INFO - 1 downstream tasks scheduled from follow-on schedule check
[2025-03-10T13:12:34.121+0000] {local_task_job_runner.py:222} INFO - ::endgroup::
