[2025-03-10T15:08:09.527+0000] {local_task_job_runner.py:120} INFO - ::group::Pre task execution logs
[2025-03-10T15:08:09.601+0000] {taskinstance.py:2076} INFO - Dependencies all met for dep_context=non-requeueable deps ti=<TaskInstance: fetch_nexon_data_sequential.collect_and_save_match_data_to_json_to_s3 manual__2025-03-10T13:07:15.148350+00:00 [queued]>
[2025-03-10T15:08:09.619+0000] {taskinstance.py:2076} INFO - Dependencies all met for dep_context=requeueable deps ti=<TaskInstance: fetch_nexon_data_sequential.collect_and_save_match_data_to_json_to_s3 manual__2025-03-10T13:07:15.148350+00:00 [queued]>
[2025-03-10T15:08:09.620+0000] {taskinstance.py:2306} INFO - Starting attempt 2 of 3
[2025-03-10T15:08:09.790+0000] {taskinstance.py:2330} INFO - Executing <Task(PythonOperator): collect_and_save_match_data_to_json_to_s3> on 2025-03-10 13:07:15.148350+00:00
[2025-03-10T15:08:09.798+0000] {standard_task_runner.py:63} INFO - Started process 5137 to run task
[2025-03-10T15:08:09.801+0000] {standard_task_runner.py:90} INFO - Running: ['***', 'tasks', 'run', 'fetch_nexon_data_sequential', 'collect_and_save_match_data_to_json_to_s3', 'manual__2025-03-10T13:07:15.148350+00:00', '--job-id', '28', '--raw', '--subdir', 'DAGS_FOLDER/collect_match_info_dag.py', '--cfg-path', '/tmp/tmp526z6_hd']
[2025-03-10T15:08:09.804+0000] {standard_task_runner.py:91} INFO - Job 28: Subtask collect_and_save_match_data_to_json_to_s3
[2025-03-10T15:08:09.867+0000] {task_command.py:426} INFO - Running <TaskInstance: fetch_nexon_data_sequential.collect_and_save_match_data_to_json_to_s3 manual__2025-03-10T13:07:15.148350+00:00 [running]> on host a0d797a25898
[2025-03-10T15:08:10.000+0000] {taskinstance.py:2648} INFO - Exporting env vars: AIRFLOW_CTX_DAG_OWNER='***' AIRFLOW_CTX_DAG_ID='fetch_nexon_data_sequential' AIRFLOW_CTX_TASK_ID='collect_and_save_match_data_to_json_to_s3' AIRFLOW_CTX_EXECUTION_DATE='2025-03-10T13:07:15.148350+00:00' AIRFLOW_CTX_TRY_NUMBER='2' AIRFLOW_CTX_DAG_RUN_ID='manual__2025-03-10T13:07:15.148350+00:00'
[2025-03-10T15:08:10.003+0000] {taskinstance.py:430} INFO - ::endgroup::
[2025-03-10T15:08:10.019+0000] {collect_match_info_dag.py:126} INFO - Collecting 2025-03-09's data
[2025-03-10T15:08:10.694+0000] {collect_match_info_dag.py:50} INFO - [test_5010efba3682683b12924285f5b57fddd72020c6ab59dd21296f0ee0c67d1cf2efe8d04e6d233bd35cf2fabdeb93fb0d] 현재 사용량: 1 / 1000...1번째 유저 처리중
[2025-03-10T15:08:11.437+0000] {collect_match_info_dag.py:50} INFO - [test_5010efba3682683b12924285f5b57fddd72020c6ab59dd21296f0ee0c67d1cf2efe8d04e6d233bd35cf2fabdeb93fb0d] 현재 사용량: 2 / 1000...1번째 유저 처리중
[2025-03-10T15:08:12.036+0000] {collect_match_info_dag.py:50} INFO - [test_5010efba3682683b12924285f5b57fddd72020c6ab59dd21296f0ee0c67d1cf2efe8d04e6d233bd35cf2fabdeb93fb0d] 현재 사용량: 3 / 1000...1번째 유저 처리중
[2025-03-10T15:08:12.769+0000] {collect_match_info_dag.py:50} INFO - [test_5010efba3682683b12924285f5b57fddd72020c6ab59dd21296f0ee0c67d1cf2efe8d04e6d233bd35cf2fabdeb93fb0d] 현재 사용량: 4 / 1000...2번째 유저 처리중
[2025-03-10T15:08:13.518+0000] {collect_match_info_dag.py:50} INFO - [test_5010efba3682683b12924285f5b57fddd72020c6ab59dd21296f0ee0c67d1cf2efe8d04e6d233bd35cf2fabdeb93fb0d] 현재 사용량: 5 / 1000...2번째 유저 처리중
[2025-03-10T15:08:14.113+0000] {collect_match_info_dag.py:50} INFO - [test_5010efba3682683b12924285f5b57fddd72020c6ab59dd21296f0ee0c67d1cf2efe8d04e6d233bd35cf2fabdeb93fb0d] 현재 사용량: 6 / 1000...2번째 유저 처리중
[2025-03-10T15:08:14.642+0000] {collect_match_info_dag.py:61} WARNING - API 호출 실패 - status=400, url=https://open.api.nexon.com/fconline/v1/id?nickname=Prime%EB%A6%BC%EA%B4%91%EC%B2%A0
[2025-03-10T15:08:15.309+0000] {collect_match_info_dag.py:50} INFO - [test_5010efba3682683b12924285f5b57fddd72020c6ab59dd21296f0ee0c67d1cf2efe8d04e6d233bd35cf2fabdeb93fb0d] 현재 사용량: 7 / 1000...4번째 유저 처리중
[2025-03-10T15:08:16.089+0000] {collect_match_info_dag.py:50} INFO - [test_5010efba3682683b12924285f5b57fddd72020c6ab59dd21296f0ee0c67d1cf2efe8d04e6d233bd35cf2fabdeb93fb0d] 현재 사용량: 8 / 1000...4번째 유저 처리중
[2025-03-10T15:08:16.685+0000] {collect_match_info_dag.py:50} INFO - [test_5010efba3682683b12924285f5b57fddd72020c6ab59dd21296f0ee0c67d1cf2efe8d04e6d233bd35cf2fabdeb93fb0d] 현재 사용량: 9 / 1000...4번째 유저 처리중
[2025-03-10T15:08:17.414+0000] {collect_match_info_dag.py:50} INFO - [test_5010efba3682683b12924285f5b57fddd72020c6ab59dd21296f0ee0c67d1cf2efe8d04e6d233bd35cf2fabdeb93fb0d] 현재 사용량: 10 / 1000...5번째 유저 처리중
[2025-03-10T15:08:18.193+0000] {collect_match_info_dag.py:50} INFO - [test_5010efba3682683b12924285f5b57fddd72020c6ab59dd21296f0ee0c67d1cf2efe8d04e6d233bd35cf2fabdeb93fb0d] 현재 사용량: 11 / 1000...5번째 유저 처리중
[2025-03-10T15:08:18.763+0000] {collect_match_info_dag.py:50} INFO - [test_5010efba3682683b12924285f5b57fddd72020c6ab59dd21296f0ee0c67d1cf2efe8d04e6d233bd35cf2fabdeb93fb0d] 현재 사용량: 12 / 1000...5번째 유저 처리중
[2025-03-10T15:08:19.484+0000] {collect_match_info_dag.py:50} INFO - [test_5010efba3682683b12924285f5b57fddd72020c6ab59dd21296f0ee0c67d1cf2efe8d04e6d233bd35cf2fabdeb93fb0d] 현재 사용량: 13 / 1000...6번째 유저 처리중
[2025-03-10T15:08:20.271+0000] {collect_match_info_dag.py:50} INFO - [test_5010efba3682683b12924285f5b57fddd72020c6ab59dd21296f0ee0c67d1cf2efe8d04e6d233bd35cf2fabdeb93fb0d] 현재 사용량: 14 / 1000...6번째 유저 처리중
[2025-03-10T15:08:20.861+0000] {collect_match_info_dag.py:50} INFO - [test_5010efba3682683b12924285f5b57fddd72020c6ab59dd21296f0ee0c67d1cf2efe8d04e6d233bd35cf2fabdeb93fb0d] 현재 사용량: 15 / 1000...6번째 유저 처리중
[2025-03-10T15:08:21.585+0000] {collect_match_info_dag.py:50} INFO - [test_5010efba3682683b12924285f5b57fddd72020c6ab59dd21296f0ee0c67d1cf2efe8d04e6d233bd35cf2fabdeb93fb0d] 현재 사용량: 16 / 1000...7번째 유저 처리중
[2025-03-10T15:08:22.348+0000] {collect_match_info_dag.py:50} INFO - [test_5010efba3682683b12924285f5b57fddd72020c6ab59dd21296f0ee0c67d1cf2efe8d04e6d233bd35cf2fabdeb93fb0d] 현재 사용량: 17 / 1000...7번째 유저 처리중
[2025-03-10T15:08:22.919+0000] {collect_match_info_dag.py:50} INFO - [test_5010efba3682683b12924285f5b57fddd72020c6ab59dd21296f0ee0c67d1cf2efe8d04e6d233bd35cf2fabdeb93fb0d] 현재 사용량: 18 / 1000...7번째 유저 처리중
[2025-03-10T15:08:23.650+0000] {collect_match_info_dag.py:50} INFO - [test_5010efba3682683b12924285f5b57fddd72020c6ab59dd21296f0ee0c67d1cf2efe8d04e6d233bd35cf2fabdeb93fb0d] 현재 사용량: 19 / 1000...8번째 유저 처리중
[2025-03-10T15:08:24.417+0000] {collect_match_info_dag.py:50} INFO - [test_5010efba3682683b12924285f5b57fddd72020c6ab59dd21296f0ee0c67d1cf2efe8d04e6d233bd35cf2fabdeb93fb0d] 현재 사용량: 20 / 1000...8번째 유저 처리중
[2025-03-10T15:08:25.004+0000] {collect_match_info_dag.py:50} INFO - [test_5010efba3682683b12924285f5b57fddd72020c6ab59dd21296f0ee0c67d1cf2efe8d04e6d233bd35cf2fabdeb93fb0d] 현재 사용량: 21 / 1000...8번째 유저 처리중
[2025-03-10T15:08:25.734+0000] {collect_match_info_dag.py:50} INFO - [test_5010efba3682683b12924285f5b57fddd72020c6ab59dd21296f0ee0c67d1cf2efe8d04e6d233bd35cf2fabdeb93fb0d] 현재 사용량: 22 / 1000...9번째 유저 처리중
[2025-03-10T15:08:26.497+0000] {collect_match_info_dag.py:50} INFO - [test_5010efba3682683b12924285f5b57fddd72020c6ab59dd21296f0ee0c67d1cf2efe8d04e6d233bd35cf2fabdeb93fb0d] 현재 사용량: 23 / 1000...9번째 유저 처리중
[2025-03-10T15:08:27.094+0000] {collect_match_info_dag.py:50} INFO - [test_5010efba3682683b12924285f5b57fddd72020c6ab59dd21296f0ee0c67d1cf2efe8d04e6d233bd35cf2fabdeb93fb0d] 현재 사용량: 24 / 1000...9번째 유저 처리중
[2025-03-10T15:08:27.851+0000] {collect_match_info_dag.py:50} INFO - [test_5010efba3682683b12924285f5b57fddd72020c6ab59dd21296f0ee0c67d1cf2efe8d04e6d233bd35cf2fabdeb93fb0d] 현재 사용량: 25 / 1000...10번째 유저 처리중
[2025-03-10T15:08:28.719+0000] {collect_match_info_dag.py:50} INFO - [test_5010efba3682683b12924285f5b57fddd72020c6ab59dd21296f0ee0c67d1cf2efe8d04e6d233bd35cf2fabdeb93fb0d] 현재 사용량: 26 / 1000...10번째 유저 처리중
[2025-03-10T15:08:29.326+0000] {collect_match_info_dag.py:50} INFO - [test_5010efba3682683b12924285f5b57fddd72020c6ab59dd21296f0ee0c67d1cf2efe8d04e6d233bd35cf2fabdeb93fb0d] 현재 사용량: 27 / 1000...10번째 유저 처리중
[2025-03-10T15:08:30.047+0000] {local_task_job_runner.py:310} WARNING - State of this instance has been externally set to failed. Terminating instance.
[2025-03-10T15:08:30.048+0000] {local_task_job_runner.py:222} INFO - ::endgroup::
[2025-03-10T15:08:30.050+0000] {process_utils.py:132} INFO - Sending 15 to group 5137. PIDs of all processes in the group: [5137]
[2025-03-10T15:08:30.050+0000] {process_utils.py:87} INFO - Sending the signal 15 to group 5137
[2025-03-10T15:08:30.051+0000] {taskinstance.py:2611} ERROR - Received SIGTERM. Terminating subprocesses.
[2025-03-10T15:08:30.051+0000] {taskinstance.py:441} INFO - ::group::Post task execution logs
[2025-03-10T15:08:30.103+0000] {process_utils.py:80} INFO - Process psutil.Process(pid=5137, status='terminated', exitcode=0, started='15:08:09') (5137) terminated with exit code 0
