[2025-03-10T15:05:26.449+0000] {local_task_job_runner.py:120} INFO - ::group::Pre task execution logs
[2025-03-10T15:05:26.493+0000] {taskinstance.py:2076} INFO - Dependencies all met for dep_context=non-requeueable deps ti=<TaskInstance: fetch_nexon_data_sequential.collect_and_save_match_data_to_json_to_s3 manual__2025-03-10T13:07:15.148350+00:00 [queued]>
[2025-03-10T15:05:26.507+0000] {taskinstance.py:2076} INFO - Dependencies all met for dep_context=requeueable deps ti=<TaskInstance: fetch_nexon_data_sequential.collect_and_save_match_data_to_json_to_s3 manual__2025-03-10T13:07:15.148350+00:00 [queued]>
[2025-03-10T15:05:26.508+0000] {taskinstance.py:2306} INFO - Starting attempt 1 of 2
[2025-03-10T15:05:26.724+0000] {taskinstance.py:2330} INFO - Executing <Task(PythonOperator): collect_and_save_match_data_to_json_to_s3> on 2025-03-10 13:07:15.148350+00:00
[2025-03-10T15:05:26.732+0000] {standard_task_runner.py:63} INFO - Started process 5049 to run task
[2025-03-10T15:05:26.737+0000] {standard_task_runner.py:90} INFO - Running: ['***', 'tasks', 'run', 'fetch_nexon_data_sequential', 'collect_and_save_match_data_to_json_to_s3', 'manual__2025-03-10T13:07:15.148350+00:00', '--job-id', '27', '--raw', '--subdir', 'DAGS_FOLDER/collect_match_info_dag.py', '--cfg-path', '/tmp/tmp8hxdptp_']
[2025-03-10T15:05:26.739+0000] {standard_task_runner.py:91} INFO - Job 27: Subtask collect_and_save_match_data_to_json_to_s3
[2025-03-10T15:05:26.802+0000] {task_command.py:426} INFO - Running <TaskInstance: fetch_nexon_data_sequential.collect_and_save_match_data_to_json_to_s3 manual__2025-03-10T13:07:15.148350+00:00 [running]> on host a0d797a25898
[2025-03-10T15:05:26.912+0000] {taskinstance.py:2648} INFO - Exporting env vars: AIRFLOW_CTX_DAG_OWNER='***' AIRFLOW_CTX_DAG_ID='fetch_nexon_data_sequential' AIRFLOW_CTX_TASK_ID='collect_and_save_match_data_to_json_to_s3' AIRFLOW_CTX_EXECUTION_DATE='2025-03-10T13:07:15.148350+00:00' AIRFLOW_CTX_TRY_NUMBER='1' AIRFLOW_CTX_DAG_RUN_ID='manual__2025-03-10T13:07:15.148350+00:00'
[2025-03-10T15:05:26.913+0000] {taskinstance.py:430} INFO - ::endgroup::
[2025-03-10T15:05:26.927+0000] {collect_match_info_dag.py:126} INFO - Collecting 2025-03-09's data
[2025-03-10T15:05:28.068+0000] {collect_match_info_dag.py:50} INFO - [test_5010efba3682683b12924285f5b57fddd72020c6ab59dd21296f0ee0c67d1cf2efe8d04e6d233bd35cf2fabdeb93fb0d] 현재 사용량: 1 / 1000...1번째 유저 처리중
[2025-03-10T15:05:28.916+0000] {collect_match_info_dag.py:50} INFO - [test_5010efba3682683b12924285f5b57fddd72020c6ab59dd21296f0ee0c67d1cf2efe8d04e6d233bd35cf2fabdeb93fb0d] 현재 사용량: 2 / 1000...1번째 유저 처리중
[2025-03-10T15:05:29.529+0000] {collect_match_info_dag.py:50} INFO - [test_5010efba3682683b12924285f5b57fddd72020c6ab59dd21296f0ee0c67d1cf2efe8d04e6d233bd35cf2fabdeb93fb0d] 현재 사용량: 3 / 1000...1번째 유저 처리중
[2025-03-10T15:05:30.311+0000] {collect_match_info_dag.py:50} INFO - [test_5010efba3682683b12924285f5b57fddd72020c6ab59dd21296f0ee0c67d1cf2efe8d04e6d233bd35cf2fabdeb93fb0d] 현재 사용량: 4 / 1000...2번째 유저 처리중
[2025-03-10T15:05:31.755+0000] {collect_match_info_dag.py:50} INFO - [test_5010efba3682683b12924285f5b57fddd72020c6ab59dd21296f0ee0c67d1cf2efe8d04e6d233bd35cf2fabdeb93fb0d] 현재 사용량: 5 / 1000...2번째 유저 처리중
[2025-03-10T15:05:32.353+0000] {collect_match_info_dag.py:50} INFO - [test_5010efba3682683b12924285f5b57fddd72020c6ab59dd21296f0ee0c67d1cf2efe8d04e6d233bd35cf2fabdeb93fb0d] 현재 사용량: 6 / 1000...2번째 유저 처리중
[2025-03-10T15:05:32.887+0000] {collect_match_info_dag.py:61} WARNING - API 호출 실패 - status=400, url=https://open.api.nexon.com/fconline/v1/id?nickname=Prime%EB%A6%BC%EA%B4%91%EC%B2%A0
[2025-03-10T15:05:33.504+0000] {collect_match_info_dag.py:50} INFO - [test_5010efba3682683b12924285f5b57fddd72020c6ab59dd21296f0ee0c67d1cf2efe8d04e6d233bd35cf2fabdeb93fb0d] 현재 사용량: 7 / 1000...4번째 유저 처리중
[2025-03-10T15:05:34.652+0000] {collect_match_info_dag.py:50} INFO - [test_5010efba3682683b12924285f5b57fddd72020c6ab59dd21296f0ee0c67d1cf2efe8d04e6d233bd35cf2fabdeb93fb0d] 현재 사용량: 8 / 1000...4번째 유저 처리중
[2025-03-10T15:05:35.252+0000] {collect_match_info_dag.py:50} INFO - [test_5010efba3682683b12924285f5b57fddd72020c6ab59dd21296f0ee0c67d1cf2efe8d04e6d233bd35cf2fabdeb93fb0d] 현재 사용량: 9 / 1000...4번째 유저 처리중
[2025-03-10T15:05:35.936+0000] {collect_match_info_dag.py:50} INFO - [test_5010efba3682683b12924285f5b57fddd72020c6ab59dd21296f0ee0c67d1cf2efe8d04e6d233bd35cf2fabdeb93fb0d] 현재 사용량: 10 / 1000...5번째 유저 처리중
[2025-03-10T15:05:36.721+0000] {collect_match_info_dag.py:50} INFO - [test_5010efba3682683b12924285f5b57fddd72020c6ab59dd21296f0ee0c67d1cf2efe8d04e6d233bd35cf2fabdeb93fb0d] 현재 사용량: 11 / 1000...5번째 유저 처리중
[2025-03-10T15:05:37.316+0000] {collect_match_info_dag.py:50} INFO - [test_5010efba3682683b12924285f5b57fddd72020c6ab59dd21296f0ee0c67d1cf2efe8d04e6d233bd35cf2fabdeb93fb0d] 현재 사용량: 12 / 1000...5번째 유저 처리중
[2025-03-10T15:05:38.061+0000] {collect_match_info_dag.py:50} INFO - [test_5010efba3682683b12924285f5b57fddd72020c6ab59dd21296f0ee0c67d1cf2efe8d04e6d233bd35cf2fabdeb93fb0d] 현재 사용량: 13 / 1000...6번째 유저 처리중
[2025-03-10T15:05:38.906+0000] {collect_match_info_dag.py:50} INFO - [test_5010efba3682683b12924285f5b57fddd72020c6ab59dd21296f0ee0c67d1cf2efe8d04e6d233bd35cf2fabdeb93fb0d] 현재 사용량: 14 / 1000...6번째 유저 처리중
[2025-03-10T15:05:39.483+0000] {collect_match_info_dag.py:50} INFO - [test_5010efba3682683b12924285f5b57fddd72020c6ab59dd21296f0ee0c67d1cf2efe8d04e6d233bd35cf2fabdeb93fb0d] 현재 사용량: 15 / 1000...6번째 유저 처리중
[2025-03-10T15:05:40.258+0000] {collect_match_info_dag.py:50} INFO - [test_5010efba3682683b12924285f5b57fddd72020c6ab59dd21296f0ee0c67d1cf2efe8d04e6d233bd35cf2fabdeb93fb0d] 현재 사용량: 16 / 1000...7번째 유저 처리중
[2025-03-10T15:05:41.118+0000] {collect_match_info_dag.py:50} INFO - [test_5010efba3682683b12924285f5b57fddd72020c6ab59dd21296f0ee0c67d1cf2efe8d04e6d233bd35cf2fabdeb93fb0d] 현재 사용량: 17 / 1000...7번째 유저 처리중
[2025-03-10T15:05:41.717+0000] {collect_match_info_dag.py:50} INFO - [test_5010efba3682683b12924285f5b57fddd72020c6ab59dd21296f0ee0c67d1cf2efe8d04e6d233bd35cf2fabdeb93fb0d] 현재 사용량: 18 / 1000...7번째 유저 처리중
[2025-03-10T15:05:42.439+0000] {collect_match_info_dag.py:50} INFO - [test_5010efba3682683b12924285f5b57fddd72020c6ab59dd21296f0ee0c67d1cf2efe8d04e6d233bd35cf2fabdeb93fb0d] 현재 사용량: 19 / 1000...8번째 유저 처리중
[2025-03-10T15:05:43.761+0000] {collect_match_info_dag.py:50} INFO - [test_5010efba3682683b12924285f5b57fddd72020c6ab59dd21296f0ee0c67d1cf2efe8d04e6d233bd35cf2fabdeb93fb0d] 현재 사용량: 20 / 1000...8번째 유저 처리중
[2025-03-10T15:05:44.355+0000] {collect_match_info_dag.py:50} INFO - [test_5010efba3682683b12924285f5b57fddd72020c6ab59dd21296f0ee0c67d1cf2efe8d04e6d233bd35cf2fabdeb93fb0d] 현재 사용량: 21 / 1000...8번째 유저 처리중
[2025-03-10T15:05:45.095+0000] {collect_match_info_dag.py:50} INFO - [test_5010efba3682683b12924285f5b57fddd72020c6ab59dd21296f0ee0c67d1cf2efe8d04e6d233bd35cf2fabdeb93fb0d] 현재 사용량: 22 / 1000...9번째 유저 처리중
[2025-03-10T15:05:46.083+0000] {collect_match_info_dag.py:50} INFO - [test_5010efba3682683b12924285f5b57fddd72020c6ab59dd21296f0ee0c67d1cf2efe8d04e6d233bd35cf2fabdeb93fb0d] 현재 사용량: 23 / 1000...9번째 유저 처리중
[2025-03-10T15:05:46.682+0000] {collect_match_info_dag.py:50} INFO - [test_5010efba3682683b12924285f5b57fddd72020c6ab59dd21296f0ee0c67d1cf2efe8d04e6d233bd35cf2fabdeb93fb0d] 현재 사용량: 24 / 1000...9번째 유저 처리중
[2025-03-10T15:05:46.986+0000] {local_task_job_runner.py:310} WARNING - State of this instance has been externally set to failed. Terminating instance.
[2025-03-10T15:05:46.987+0000] {local_task_job_runner.py:222} INFO - ::endgroup::
[2025-03-10T15:05:46.988+0000] {process_utils.py:132} INFO - Sending 15 to group 5049. PIDs of all processes in the group: [5049]
[2025-03-10T15:05:46.989+0000] {process_utils.py:87} INFO - Sending the signal 15 to group 5049
[2025-03-10T15:05:46.989+0000] {taskinstance.py:2611} ERROR - Received SIGTERM. Terminating subprocesses.
[2025-03-10T15:05:46.989+0000] {taskinstance.py:441} INFO - ::group::Post task execution logs
[2025-03-10T15:05:47.041+0000] {process_utils.py:80} INFO - Process psutil.Process(pid=5049, status='terminated', exitcode=0, started='15:05:26') (5049) terminated with exit code 0
