[2025-03-10T12:47:31.648+0000] {local_task_job_runner.py:120} INFO - ::group::Pre task execution logs
[2025-03-10T12:47:31.676+0000] {taskinstance.py:2076} INFO - Dependencies all met for dep_context=non-requeueable deps ti=<TaskInstance: submit_spark_job_v3.trigger_redshift_dag_task scheduled__2025-03-05T01:00:00+00:00 [queued]>
[2025-03-10T12:47:31.685+0000] {taskinstance.py:2076} INFO - Dependencies all met for dep_context=requeueable deps ti=<TaskInstance: submit_spark_job_v3.trigger_redshift_dag_task scheduled__2025-03-05T01:00:00+00:00 [queued]>
[2025-03-10T12:47:31.686+0000] {taskinstance.py:2306} INFO - Starting attempt 1 of 1
[2025-03-10T12:47:31.700+0000] {taskinstance.py:2330} INFO - Executing <Task(TriggerDagRunOperator): trigger_redshift_dag_task> on 2025-03-05 01:00:00+00:00
[2025-03-10T12:47:31.705+0000] {standard_task_runner.py:63} INFO - Started process 642 to run task
[2025-03-10T12:47:31.708+0000] {standard_task_runner.py:90} INFO - Running: ['***', 'tasks', 'run', 'submit_spark_job_v3', 'trigger_redshift_dag_task', 'scheduled__2025-03-05T01:00:00+00:00', '--job-id', '4', '--raw', '--subdir', 'DAGS_FOLDER/match_info_spark_process_dag.py', '--cfg-path', '/tmp/tmpvtc83ng3']
[2025-03-10T12:47:31.711+0000] {standard_task_runner.py:91} INFO - Job 4: Subtask trigger_redshift_dag_task
[2025-03-10T12:47:31.792+0000] {task_command.py:426} INFO - Running <TaskInstance: submit_spark_job_v3.trigger_redshift_dag_task scheduled__2025-03-05T01:00:00+00:00 [running]> on host a0d797a25898
[2025-03-10T12:47:31.905+0000] {taskinstance.py:2648} INFO - Exporting env vars: AIRFLOW_CTX_DAG_OWNER='***' AIRFLOW_CTX_DAG_ID='submit_spark_job_v3' AIRFLOW_CTX_TASK_ID='trigger_redshift_dag_task' AIRFLOW_CTX_EXECUTION_DATE='2025-03-05T01:00:00+00:00' AIRFLOW_CTX_TRY_NUMBER='1' AIRFLOW_CTX_DAG_RUN_ID='scheduled__2025-03-05T01:00:00+00:00'
[2025-03-10T12:47:31.906+0000] {taskinstance.py:430} INFO - ::endgroup::
[2025-03-10T12:47:32.030+0000] {trigger_dagrun.py:222} INFO - Waiting for parquet_to_redshift on 2025-03-10 12:47:31.922662+00:00 to become allowed state ['success'] ...
[2025-03-10T12:48:32.052+0000] {trigger_dagrun.py:222} INFO - Waiting for parquet_to_redshift on 2025-03-10 12:47:31.922662+00:00 to become allowed state ['success'] ...
[2025-03-10T12:49:32.112+0000] {trigger_dagrun.py:222} INFO - Waiting for parquet_to_redshift on 2025-03-10 12:47:31.922662+00:00 to become allowed state ['success'] ...
[2025-03-10T12:50:32.147+0000] {trigger_dagrun.py:222} INFO - Waiting for parquet_to_redshift on 2025-03-10 12:47:31.922662+00:00 to become allowed state ['success'] ...
[2025-03-10T12:51:32.202+0000] {trigger_dagrun.py:222} INFO - Waiting for parquet_to_redshift on 2025-03-10 12:47:31.922662+00:00 to become allowed state ['success'] ...
[2025-03-10T12:52:32.273+0000] {trigger_dagrun.py:222} INFO - Waiting for parquet_to_redshift on 2025-03-10 12:47:31.922662+00:00 to become allowed state ['success'] ...
[2025-03-10T12:53:32.322+0000] {trigger_dagrun.py:222} INFO - Waiting for parquet_to_redshift on 2025-03-10 12:47:31.922662+00:00 to become allowed state ['success'] ...
[2025-03-10T12:54:32.384+0000] {trigger_dagrun.py:222} INFO - Waiting for parquet_to_redshift on 2025-03-10 12:47:31.922662+00:00 to become allowed state ['success'] ...
[2025-03-10T12:55:32.456+0000] {trigger_dagrun.py:222} INFO - Waiting for parquet_to_redshift on 2025-03-10 12:47:31.922662+00:00 to become allowed state ['success'] ...
[2025-03-10T12:56:32.475+0000] {trigger_dagrun.py:222} INFO - Waiting for parquet_to_redshift on 2025-03-10 12:47:31.922662+00:00 to become allowed state ['success'] ...
[2025-03-10T12:57:32.534+0000] {trigger_dagrun.py:222} INFO - Waiting for parquet_to_redshift on 2025-03-10 12:47:31.922662+00:00 to become allowed state ['success'] ...
[2025-03-10T12:58:32.607+0000] {taskinstance.py:441} INFO - ::group::Post task execution logs
[2025-03-10T12:58:32.621+0000] {taskinstance.py:2905} ERROR - Task failed with exception
Traceback (most recent call last):
  File "/home/airflow/.local/lib/python3.9/site-packages/airflow/models/taskinstance.py", line 465, in _execute_task
    result = _execute_callable(context=context, **execute_callable_kwargs)
  File "/home/airflow/.local/lib/python3.9/site-packages/airflow/models/taskinstance.py", line 432, in _execute_callable
    return execute_callable(context=context, **execute_callable_kwargs)
  File "/home/airflow/.local/lib/python3.9/site-packages/airflow/models/baseoperator.py", line 400, in wrapper
    return func(self, *args, **kwargs)
  File "/home/airflow/.local/lib/python3.9/site-packages/airflow/operators/trigger_dagrun.py", line 233, in execute
    raise AirflowException(f"{self.trigger_dag_id} failed with failed states {state}")
airflow.exceptions.AirflowException: parquet_to_redshift failed with failed states failed
[2025-03-10T12:58:32.626+0000] {taskinstance.py:1206} INFO - Marking task as FAILED. dag_id=submit_spark_job_v3, task_id=trigger_redshift_dag_task, run_id=scheduled__2025-03-05T01:00:00+00:00, execution_date=20250305T010000, start_date=20250310T124731, end_date=20250310T125832
[2025-03-10T12:58:32.641+0000] {standard_task_runner.py:110} ERROR - Failed to execute job 4 for task trigger_redshift_dag_task (parquet_to_redshift failed with failed states failed; 642)
[2025-03-10T12:58:32.685+0000] {local_task_job_runner.py:240} INFO - Task exited with return code 1
[2025-03-10T12:58:32.705+0000] {taskinstance.py:3498} INFO - 0 downstream tasks scheduled from follow-on schedule check
[2025-03-10T12:58:32.707+0000] {local_task_job_runner.py:222} INFO - ::endgroup::
