[2025-03-09T06:23:34.157+0000] {local_task_job_runner.py:120} INFO - ::group::Pre task execution logs
[2025-03-09T06:23:34.185+0000] {taskinstance.py:2076} INFO - Dependencies all met for dep_context=non-requeueable deps ti=<TaskInstance: submit_spark_job_v3.submit_spark_via_ssh manual__2025-03-05T00:00:00+00:00 [queued]>
[2025-03-09T06:23:34.196+0000] {taskinstance.py:2076} INFO - Dependencies all met for dep_context=requeueable deps ti=<TaskInstance: submit_spark_job_v3.submit_spark_via_ssh manual__2025-03-05T00:00:00+00:00 [queued]>
[2025-03-09T06:23:34.197+0000] {taskinstance.py:2306} INFO - Starting attempt 2 of 3
[2025-03-09T06:23:34.210+0000] {taskinstance.py:2330} INFO - Executing <Task(SSHOperator): submit_spark_via_ssh> on 2025-03-05 00:00:00+00:00
[2025-03-09T06:23:34.216+0000] {standard_task_runner.py:63} INFO - Started process 9208 to run task
[2025-03-09T06:23:34.220+0000] {standard_task_runner.py:90} INFO - Running: ['***', 'tasks', 'run', 'submit_spark_job_v3', 'submit_spark_via_ssh', 'manual__2025-03-05T00:00:00+00:00', '--job-id', '40', '--raw', '--subdir', 'DAGS_FOLDER/match_info_spark_process_v3.py', '--cfg-path', '/tmp/tmp_hqr18q4']
[2025-03-09T06:23:34.222+0000] {standard_task_runner.py:91} INFO - Job 40: Subtask submit_spark_via_ssh
[2025-03-09T06:23:34.285+0000] {task_command.py:426} INFO - Running <TaskInstance: submit_spark_job_v3.submit_spark_via_ssh manual__2025-03-05T00:00:00+00:00 [running]> on host 40942f81e2c9
[2025-03-09T06:23:34.404+0000] {taskinstance.py:2648} INFO - Exporting env vars: AIRFLOW_CTX_DAG_OWNER='***' AIRFLOW_CTX_DAG_ID='submit_spark_job_v3' AIRFLOW_CTX_TASK_ID='submit_spark_via_ssh' AIRFLOW_CTX_EXECUTION_DATE='2025-03-05T00:00:00+00:00' AIRFLOW_CTX_TRY_NUMBER='2' AIRFLOW_CTX_DAG_RUN_ID='manual__2025-03-05T00:00:00+00:00'
[2025-03-09T06:23:34.405+0000] {taskinstance.py:430} INFO - ::endgroup::
[2025-03-09T06:23:34.420+0000] {ssh.py:151} INFO - Creating ssh_client
[2025-03-09T06:23:34.420+0000] {ssh.py:124} INFO - ssh_hook is not provided or invalid. Trying ssh_conn_id to create SSHHook.
[2025-03-09T06:23:34.434+0000] {base.py:84} INFO - Using connection ID 'spark_ssh_conn' for task execution.
[2025-03-09T06:23:34.435+0000] {ssh.py:301} WARNING - No Host Key Verification. This won't protect against Man-In-The-Middle attacks
[2025-03-09T06:23:34.440+0000] {transport.py:1909} INFO - Connected (version 2.0, client OpenSSH_9.6p1)
[2025-03-09T06:23:34.503+0000] {transport.py:1909} INFO - Authentication (publickey) successful!
[2025-03-09T06:23:34.504+0000] {ssh.py:480} INFO - Running command: 
    set -e  # 명령어 실패 시 즉시 종료
    echo "Starting Spark Job on ec2-3-37-216-159.ap-northeast-2.compute.amazonaws.com"

    echo "Submitting Spark Job... for 2025-03-04 data"
   /spark-3.5.3/bin/spark-submit /home/ubuntu/spark_scripts/match_info_pyspark.py 2025-03-04 > spark_job.log 2>&1
    exit_code=$?

    # 실행 로그 출력 (Airflow에서 확인 가능)
    if [ -f spark_job.log ]; then
        echo "=== Spark Job Log Start ==="
        cat spark_job.log
        echo "=== Spark Job Log End ==="
    else
        echo "Warning: spark_job.log not found!"
    fi

    # Spark 실패 감지
    if [ $exit_code -ne 0 ]; then
        echo "Spark Job Failed! Check logs."
        exit 1
    else
        echo "Spark Job Succeeded!"
    fi
    
[2025-03-09T06:23:34.935+0000] {ssh.py:526} INFO - Starting Spark Job on ec2-3-37-216-159.ap-northeast-2.compute.amazonaws.com
[2025-03-09T06:23:34.935+0000] {ssh.py:526} INFO - Submitting Spark Job... for 2025-03-04 data
[2025-03-09T06:23:57.771+0000] {ssh.py:526} INFO - === Spark Job Log Start ===
[2025-03-09T06:23:57.773+0000] {ssh.py:526} INFO - Processing date: 2025-03-04
[2025-03-09T06:23:57.774+0000] {ssh.py:526} INFO - 25/03/09 06:23:38 INFO SparkContext: Running Spark version 3.5.3
[2025-03-09T06:23:57.774+0000] {ssh.py:526} INFO - 25/03/09 06:23:38 INFO SparkContext: OS info Linux, 6.8.0-1024-aws, amd64
[2025-03-09T06:23:57.774+0000] {ssh.py:526} INFO - 25/03/09 06:23:38 INFO SparkContext: Java version 11.0.26
[2025-03-09T06:23:57.775+0000] {ssh.py:526} INFO - 25/03/09 06:23:38 WARN NativeCodeLoader: Unable to load native-hadoop library for your platform... using builtin-java classes where applicable
[2025-03-09T06:23:57.775+0000] {ssh.py:526} INFO - 25/03/09 06:23:38 INFO ResourceUtils: ==============================================================
[2025-03-09T06:23:57.775+0000] {ssh.py:526} INFO - 25/03/09 06:23:38 INFO ResourceUtils: No custom resources configured for spark.driver.
[2025-03-09T06:23:57.775+0000] {ssh.py:526} INFO - 25/03/09 06:23:38 INFO ResourceUtils: ==============================================================
[2025-03-09T06:23:57.775+0000] {ssh.py:526} INFO - 25/03/09 06:23:38 INFO SparkContext: Submitted application: json to parquet
[2025-03-09T06:23:57.775+0000] {ssh.py:526} INFO - 25/03/09 06:23:39 INFO ResourceProfile: Default ResourceProfile created, executor resources: Map(cores -> name: cores, amount: 1, script: , vendor: , memory -> name: memory, amount: 1024, script: , vendor: , offHeap -> name: offHeap, amount: 0, script: , vendor: ), task resources: Map(cpus -> name: cpus, amount: 1.0)
[2025-03-09T06:23:57.776+0000] {ssh.py:526} INFO - 25/03/09 06:23:39 INFO ResourceProfile: Limiting resource is cpu
[2025-03-09T06:23:57.776+0000] {ssh.py:526} INFO - 25/03/09 06:23:39 INFO ResourceProfileManager: Added ResourceProfile id: 0
[2025-03-09T06:23:57.776+0000] {ssh.py:526} INFO - 25/03/09 06:23:39 INFO SecurityManager: Changing view acls to: ubuntu
[2025-03-09T06:23:57.776+0000] {ssh.py:526} INFO - 25/03/09 06:23:39 INFO SecurityManager: Changing modify acls to: ubuntu
[2025-03-09T06:23:57.776+0000] {ssh.py:526} INFO - 25/03/09 06:23:39 INFO SecurityManager: Changing view acls groups to: 
[2025-03-09T06:23:57.776+0000] {ssh.py:526} INFO - 25/03/09 06:23:39 INFO SecurityManager: Changing modify acls groups to: 
[2025-03-09T06:23:57.776+0000] {ssh.py:526} INFO - 25/03/09 06:23:39 INFO SecurityManager: SecurityManager: authentication disabled; ui acls disabled; users with view permissions: ubuntu; groups with view permissions: EMPTY; users with modify permissions: ubuntu; groups with modify permissions: EMPTY
[2025-03-09T06:23:57.776+0000] {ssh.py:526} INFO - 25/03/09 06:23:39 INFO Utils: Successfully started service 'sparkDriver' on port 42413.
[2025-03-09T06:23:57.776+0000] {ssh.py:526} INFO - 25/03/09 06:23:39 INFO SparkEnv: Registering MapOutputTracker
[2025-03-09T06:23:57.777+0000] {ssh.py:526} INFO - 25/03/09 06:23:39 INFO SparkEnv: Registering BlockManagerMaster
[2025-03-09T06:23:57.777+0000] {ssh.py:526} INFO - 25/03/09 06:23:39 INFO BlockManagerMasterEndpoint: Using org.apache.spark.storage.DefaultTopologyMapper for getting topology information
[2025-03-09T06:23:57.777+0000] {ssh.py:526} INFO - 25/03/09 06:23:39 INFO BlockManagerMasterEndpoint: BlockManagerMasterEndpoint up
[2025-03-09T06:23:57.777+0000] {ssh.py:526} INFO - 25/03/09 06:23:39 INFO SparkEnv: Registering BlockManagerMasterHeartbeat
[2025-03-09T06:23:57.777+0000] {ssh.py:526} INFO - 25/03/09 06:23:39 INFO DiskBlockManager: Created local directory at /tmp/blockmgr-a8d42780-2547-4e52-838c-2e59f41fd1e9
[2025-03-09T06:23:57.777+0000] {ssh.py:526} INFO - 25/03/09 06:23:39 INFO MemoryStore: MemoryStore started with capacity 434.4 MiB
[2025-03-09T06:23:57.777+0000] {ssh.py:526} INFO - 25/03/09 06:23:39 INFO SparkEnv: Registering OutputCommitCoordinator
[2025-03-09T06:23:57.778+0000] {ssh.py:526} INFO - 25/03/09 06:23:39 INFO JettyUtils: Start Jetty 0.0.0.0:4040 for SparkUI
[2025-03-09T06:23:57.778+0000] {ssh.py:526} INFO - 25/03/09 06:23:40 INFO Utils: Successfully started service 'SparkUI' on port 4040.
[2025-03-09T06:23:57.778+0000] {ssh.py:526} INFO - 25/03/09 06:23:40 INFO Executor: Starting executor ID driver on host ip-172-31-12-182.ap-northeast-2.compute.internal
[2025-03-09T06:23:57.778+0000] {ssh.py:526} INFO - 25/03/09 06:23:40 INFO Executor: OS info Linux, 6.8.0-1024-aws, amd64
[2025-03-09T06:23:57.778+0000] {ssh.py:526} INFO - 25/03/09 06:23:40 INFO Executor: Java version 11.0.26
[2025-03-09T06:23:57.778+0000] {ssh.py:526} INFO - 25/03/09 06:23:40 INFO Executor: Starting executor with user classpath (userClassPathFirst = false): ''
[2025-03-09T06:23:57.778+0000] {ssh.py:526} INFO - 25/03/09 06:23:40 INFO Executor: Created or updated repl class loader org.apache.spark.util.MutableURLClassLoader@8519259 for default.
[2025-03-09T06:23:57.778+0000] {ssh.py:526} INFO - 25/03/09 06:23:40 INFO Utils: Successfully started service 'org.apache.spark.network.netty.NettyBlockTransferService' on port 43123.
[2025-03-09T06:23:57.779+0000] {ssh.py:526} INFO - 25/03/09 06:23:40 INFO NettyBlockTransferService: Server created on 0.0.0.0:43123
[2025-03-09T06:23:57.779+0000] {ssh.py:526} INFO - 25/03/09 06:23:40 INFO BlockManager: Using org.apache.spark.storage.RandomBlockReplicationPolicy for block replication policy
[2025-03-09T06:23:57.779+0000] {ssh.py:526} INFO - 25/03/09 06:23:40 INFO BlockManagerMaster: Registering BlockManager BlockManagerId(driver, 0.0.0.0, 43123, None)
[2025-03-09T06:23:57.779+0000] {ssh.py:526} INFO - 25/03/09 06:23:40 INFO BlockManagerMasterEndpoint: Registering block manager 0.0.0.0:43123 with 434.4 MiB RAM, BlockManagerId(driver, 0.0.0.0, 43123, None)
[2025-03-09T06:23:57.779+0000] {ssh.py:526} INFO - 25/03/09 06:23:40 INFO BlockManagerMaster: Registered BlockManager BlockManagerId(driver, 0.0.0.0, 43123, None)
[2025-03-09T06:23:57.779+0000] {ssh.py:526} INFO - 25/03/09 06:23:40 INFO BlockManager: Initialized BlockManager: BlockManagerId(driver, 0.0.0.0, 43123, None)
[2025-03-09T06:23:57.779+0000] {ssh.py:526} INFO - Reading json file from: s3a://de5-finalproj-team2/raw_data/json/match_data/2025-03-04/*.json
[2025-03-09T06:23:57.779+0000] {ssh.py:526} INFO - 25/03/09 06:23:40 INFO SharedState: Setting hive.metastore.warehouse.dir ('null') to the value of spark.sql.warehouse.dir.
[2025-03-09T06:23:57.779+0000] {ssh.py:526} INFO - 25/03/09 06:23:40 INFO SharedState: Warehouse path is 'file:/home/ubuntu/spark-warehouse'.
[2025-03-09T06:23:57.780+0000] {ssh.py:526} INFO - 25/03/09 06:23:42 WARN MetricsConfig: Cannot locate configuration: tried hadoop-metrics2-s3a-file-system.properties,hadoop-metrics2.properties
[2025-03-09T06:23:57.780+0000] {ssh.py:526} INFO - 25/03/09 06:23:42 INFO MetricsSystemImpl: Scheduled Metric snapshot period at 10 second(s).
[2025-03-09T06:23:57.780+0000] {ssh.py:526} INFO - 25/03/09 06:23:42 INFO MetricsSystemImpl: s3a-file-system metrics system started
[2025-03-09T06:23:57.780+0000] {ssh.py:526} INFO - 25/03/09 06:23:44 INFO InMemoryFileIndex: It took 271 ms to list leaf files for 5 paths.
[2025-03-09T06:23:57.780+0000] {ssh.py:526} INFO - 25/03/09 06:23:44 INFO InMemoryFileIndex: It took 185 ms to list leaf files for 5 paths.
[2025-03-09T06:23:57.780+0000] {ssh.py:526} INFO - 25/03/09 06:23:47 INFO FileSourceStrategy: Pushed Filters: 
[2025-03-09T06:23:57.780+0000] {ssh.py:526} INFO - 25/03/09 06:23:47 INFO FileSourceStrategy: Post-Scan Filters: 
[2025-03-09T06:23:57.780+0000] {ssh.py:526} INFO - 25/03/09 06:23:47 INFO MemoryStore: Block broadcast_0 stored as values in memory (estimated size 201.0 KiB, free 434.2 MiB)
[2025-03-09T06:23:57.781+0000] {ssh.py:526} INFO - 25/03/09 06:23:47 INFO MemoryStore: Block broadcast_0_piece0 stored as bytes in memory (estimated size 34.7 KiB, free 434.2 MiB)
[2025-03-09T06:23:57.781+0000] {ssh.py:526} INFO - 25/03/09 06:23:47 INFO BlockManagerInfo: Added broadcast_0_piece0 in memory on 0.0.0.0:43123 (size: 34.7 KiB, free: 434.4 MiB)
[2025-03-09T06:23:57.781+0000] {ssh.py:526} INFO - 25/03/09 06:23:47 INFO SparkContext: Created broadcast 0 from json at NativeMethodAccessorImpl.java:0
[2025-03-09T06:23:57.781+0000] {ssh.py:526} INFO - 25/03/09 06:23:48 INFO FileSourceScanExec: Planning scan with bin packing, max size: 21038624 bytes, open cost is considered as scanning 4194304 bytes.
[2025-03-09T06:23:57.781+0000] {ssh.py:526} INFO - 25/03/09 06:23:48 INFO SparkContext: Starting job: json at NativeMethodAccessorImpl.java:0
[2025-03-09T06:23:57.781+0000] {ssh.py:526} INFO - 25/03/09 06:23:48 INFO DAGScheduler: Got job 0 (json at NativeMethodAccessorImpl.java:0) with 1 output partitions
[2025-03-09T06:23:57.781+0000] {ssh.py:526} INFO - 25/03/09 06:23:48 INFO DAGScheduler: Final stage: ResultStage 0 (json at NativeMethodAccessorImpl.java:0)
[2025-03-09T06:23:57.782+0000] {ssh.py:526} INFO - 25/03/09 06:23:48 INFO DAGScheduler: Parents of final stage: List()
[2025-03-09T06:23:57.782+0000] {ssh.py:526} INFO - 25/03/09 06:23:48 INFO DAGScheduler: Missing parents: List()
[2025-03-09T06:23:57.782+0000] {ssh.py:526} INFO - 25/03/09 06:23:48 INFO DAGScheduler: Submitting ResultStage 0 (MapPartitionsRDD[3] at json at NativeMethodAccessorImpl.java:0), which has no missing parents
[2025-03-09T06:23:57.782+0000] {ssh.py:526} INFO - 25/03/09 06:23:48 INFO MemoryStore: Block broadcast_1 stored as values in memory (estimated size 16.5 KiB, free 434.2 MiB)
[2025-03-09T06:23:57.782+0000] {ssh.py:526} INFO - 25/03/09 06:23:48 INFO MemoryStore: Block broadcast_1_piece0 stored as bytes in memory (estimated size 7.8 KiB, free 434.1 MiB)
[2025-03-09T06:23:57.782+0000] {ssh.py:526} INFO - 25/03/09 06:23:48 INFO BlockManagerInfo: Added broadcast_1_piece0 in memory on 0.0.0.0:43123 (size: 7.8 KiB, free: 434.4 MiB)
[2025-03-09T06:23:57.782+0000] {ssh.py:526} INFO - 25/03/09 06:23:48 INFO SparkContext: Created broadcast 1 from broadcast at DAGScheduler.scala:1585
[2025-03-09T06:23:57.782+0000] {ssh.py:526} INFO - 25/03/09 06:23:48 INFO DAGScheduler: Submitting 1 missing tasks from ResultStage 0 (MapPartitionsRDD[3] at json at NativeMethodAccessorImpl.java:0) (first 15 tasks are for partitions Vector(0))
[2025-03-09T06:23:57.782+0000] {ssh.py:526} INFO - 25/03/09 06:23:48 INFO TaskSchedulerImpl: Adding task set 0.0 with 1 tasks resource profile 0
[2025-03-09T06:23:57.783+0000] {ssh.py:526} INFO - 25/03/09 06:23:48 INFO TaskSetManager: Starting task 0.0 in stage 0.0 (TID 0) (ip-172-31-12-182.ap-northeast-2.compute.internal, executor driver, partition 0, PROCESS_LOCAL, 10160 bytes) 
[2025-03-09T06:23:57.783+0000] {ssh.py:526} INFO - 25/03/09 06:23:48 INFO Executor: Running task 0.0 in stage 0.0 (TID 0)
[2025-03-09T06:23:57.783+0000] {ssh.py:526} INFO - 25/03/09 06:23:48 INFO FileScanRDD: Reading File path: s3a://de5-finalproj-team2/raw_data/json/match_data/2025-03-04/group_1.json, range: 0-13897, partition values: [empty row]
[2025-03-09T06:23:57.783+0000] {ssh.py:526} INFO - 25/03/09 06:23:49 INFO CodeGenerator: Code generated in 307.356761 ms
[2025-03-09T06:23:57.783+0000] {ssh.py:526} INFO - 25/03/09 06:23:49 INFO FileScanRDD: Reading File path: s3a://de5-finalproj-team2/raw_data/json/match_data/2025-03-04/group_4.json, range: 0-13890, partition values: [empty row]
[2025-03-09T06:23:57.783+0000] {ssh.py:526} INFO - 25/03/09 06:23:49 INFO FileScanRDD: Reading File path: s3a://de5-finalproj-team2/raw_data/json/match_data/2025-03-04/group_2.json, range: 0-13867, partition values: [empty row]
[2025-03-09T06:23:57.783+0000] {ssh.py:526} INFO - 25/03/09 06:23:49 INFO FileScanRDD: Reading File path: s3a://de5-finalproj-team2/raw_data/json/match_data/2025-03-04/group_0.json, range: 0-12741, partition values: [empty row]
[2025-03-09T06:23:57.783+0000] {ssh.py:526} INFO - 25/03/09 06:23:49 INFO FileScanRDD: Reading File path: s3a://de5-finalproj-team2/raw_data/json/match_data/2025-03-04/group_3.json, range: 0-12709, partition values: [empty row]
[2025-03-09T06:23:57.783+0000] {ssh.py:526} INFO - 25/03/09 06:23:49 INFO Executor: Finished task 0.0 in stage 0.0 (TID 0). 2408 bytes result sent to driver
[2025-03-09T06:23:57.784+0000] {ssh.py:526} INFO - 25/03/09 06:23:49 INFO TaskSetManager: Finished task 0.0 in stage 0.0 (TID 0) in 1038 ms on ip-172-31-12-182.ap-northeast-2.compute.internal (executor driver) (1/1)
[2025-03-09T06:23:57.784+0000] {ssh.py:526} INFO - 25/03/09 06:23:49 INFO TaskSchedulerImpl: Removed TaskSet 0.0, whose tasks have all completed, from pool 
[2025-03-09T06:23:57.784+0000] {ssh.py:526} INFO - 25/03/09 06:23:49 INFO DAGScheduler: ResultStage 0 (json at NativeMethodAccessorImpl.java:0) finished in 1.286 s
[2025-03-09T06:23:57.784+0000] {ssh.py:526} INFO - 25/03/09 06:23:49 INFO DAGScheduler: Job 0 is finished. Cancelling potential speculative or zombie tasks for this job
[2025-03-09T06:23:57.784+0000] {ssh.py:526} INFO - 25/03/09 06:23:49 INFO TaskSchedulerImpl: Killing all running tasks in stage 0: Stage finished
[2025-03-09T06:23:57.784+0000] {ssh.py:526} INFO - 25/03/09 06:23:49 INFO DAGScheduler: Job 0 finished: json at NativeMethodAccessorImpl.java:0, took 1.377502 s
[2025-03-09T06:23:57.784+0000] {ssh.py:526} INFO - Writing trend_analysis parquet
[2025-03-09T06:23:57.784+0000] {ssh.py:526} INFO - 25/03/09 06:23:50 INFO FileSourceStrategy: Pushed Filters: IsNotNull(player_info)
[2025-03-09T06:23:57.785+0000] {ssh.py:526} INFO - 25/03/09 06:23:50 INFO FileSourceStrategy: Post-Scan Filters: (size(player_info#13, true) > 0),isnotnull(player_info#13)
[2025-03-09T06:23:57.785+0000] {ssh.py:526} INFO - 25/03/09 06:23:50 INFO ParquetUtils: Using default output committer for Parquet: org.apache.parquet.hadoop.ParquetOutputCommitter
[2025-03-09T06:23:57.785+0000] {ssh.py:526} INFO - 25/03/09 06:23:50 INFO FileOutputCommitter: File Output Committer Algorithm version is 1
[2025-03-09T06:23:57.785+0000] {ssh.py:526} INFO - 25/03/09 06:23:50 INFO FileOutputCommitter: FileOutputCommitter skip cleanup _temporary folders under output directory:false, ignore cleanup failures: false
[2025-03-09T06:23:57.785+0000] {ssh.py:526} INFO - 25/03/09 06:23:50 INFO SQLHadoopMapReduceCommitProtocol: Using user defined output committer class org.apache.parquet.hadoop.ParquetOutputCommitter
[2025-03-09T06:23:57.785+0000] {ssh.py:526} INFO - 25/03/09 06:23:50 INFO FileOutputCommitter: File Output Committer Algorithm version is 1
[2025-03-09T06:23:57.785+0000] {ssh.py:526} INFO - 25/03/09 06:23:50 INFO FileOutputCommitter: FileOutputCommitter skip cleanup _temporary folders under output directory:false, ignore cleanup failures: false
[2025-03-09T06:23:57.785+0000] {ssh.py:526} INFO - 25/03/09 06:23:50 INFO SQLHadoopMapReduceCommitProtocol: Using output committer class org.apache.parquet.hadoop.ParquetOutputCommitter
[2025-03-09T06:23:57.786+0000] {ssh.py:526} INFO - 25/03/09 06:23:51 INFO CodeGenerator: Code generated in 119.252875 ms
[2025-03-09T06:23:57.786+0000] {ssh.py:526} INFO - 25/03/09 06:23:51 INFO MemoryStore: Block broadcast_2 stored as values in memory (estimated size 200.9 KiB, free 433.9 MiB)
[2025-03-09T06:23:57.786+0000] {ssh.py:526} INFO - 25/03/09 06:23:51 INFO BlockManagerInfo: Removed broadcast_1_piece0 on 0.0.0.0:43123 in memory (size: 7.8 KiB, free: 434.4 MiB)
[2025-03-09T06:23:57.786+0000] {ssh.py:526} INFO - 25/03/09 06:23:51 INFO MemoryStore: Block broadcast_2_piece0 stored as bytes in memory (estimated size 34.7 KiB, free 433.9 MiB)
[2025-03-09T06:23:57.786+0000] {ssh.py:526} INFO - 25/03/09 06:23:51 INFO BlockManagerInfo: Added broadcast_2_piece0 in memory on 0.0.0.0:43123 (size: 34.7 KiB, free: 434.3 MiB)
[2025-03-09T06:23:57.786+0000] {ssh.py:526} INFO - 25/03/09 06:23:51 INFO SparkContext: Created broadcast 2 from save at NativeMethodAccessorImpl.java:0
[2025-03-09T06:23:57.786+0000] {ssh.py:526} INFO - 25/03/09 06:23:51 INFO FileSourceScanExec: Planning scan with bin packing, max size: 21038624 bytes, open cost is considered as scanning 4194304 bytes.
[2025-03-09T06:23:57.786+0000] {ssh.py:526} INFO - 25/03/09 06:23:51 INFO BlockManagerInfo: Removed broadcast_0_piece0 on 0.0.0.0:43123 in memory (size: 34.7 KiB, free: 434.4 MiB)
[2025-03-09T06:23:57.786+0000] {ssh.py:526} INFO - 25/03/09 06:23:51 INFO SparkContext: Starting job: save at NativeMethodAccessorImpl.java:0
[2025-03-09T06:23:57.787+0000] {ssh.py:526} INFO - 25/03/09 06:23:51 INFO DAGScheduler: Got job 1 (save at NativeMethodAccessorImpl.java:0) with 1 output partitions
[2025-03-09T06:23:57.787+0000] {ssh.py:526} INFO - 25/03/09 06:23:51 INFO DAGScheduler: Final stage: ResultStage 1 (save at NativeMethodAccessorImpl.java:0)
[2025-03-09T06:23:57.787+0000] {ssh.py:526} INFO - 25/03/09 06:23:51 INFO DAGScheduler: Parents of final stage: List()
[2025-03-09T06:23:57.787+0000] {ssh.py:526} INFO - 25/03/09 06:23:51 INFO DAGScheduler: Missing parents: List()
[2025-03-09T06:23:57.787+0000] {ssh.py:526} INFO - 25/03/09 06:23:51 INFO DAGScheduler: Submitting ResultStage 1 (MapPartitionsRDD[7] at save at NativeMethodAccessorImpl.java:0), which has no missing parents
[2025-03-09T06:23:57.787+0000] {ssh.py:526} INFO - 25/03/09 06:23:51 INFO MemoryStore: Block broadcast_3 stored as values in memory (estimated size 225.1 KiB, free 434.0 MiB)
[2025-03-09T06:23:57.787+0000] {ssh.py:526} INFO - 25/03/09 06:23:51 INFO MemoryStore: Block broadcast_3_piece0 stored as bytes in memory (estimated size 81.0 KiB, free 433.9 MiB)
[2025-03-09T06:23:57.787+0000] {ssh.py:526} INFO - 25/03/09 06:23:51 INFO BlockManagerInfo: Added broadcast_3_piece0 in memory on 0.0.0.0:43123 (size: 81.0 KiB, free: 434.3 MiB)
[2025-03-09T06:23:57.788+0000] {ssh.py:526} INFO - 25/03/09 06:23:51 INFO SparkContext: Created broadcast 3 from broadcast at DAGScheduler.scala:1585
[2025-03-09T06:23:57.788+0000] {ssh.py:526} INFO - 25/03/09 06:23:51 INFO DAGScheduler: Submitting 1 missing tasks from ResultStage 1 (MapPartitionsRDD[7] at save at NativeMethodAccessorImpl.java:0) (first 15 tasks are for partitions Vector(0))
[2025-03-09T06:23:57.788+0000] {ssh.py:526} INFO - 25/03/09 06:23:51 INFO TaskSchedulerImpl: Adding task set 1.0 with 1 tasks resource profile 0
[2025-03-09T06:23:57.788+0000] {ssh.py:526} INFO - 25/03/09 06:23:51 INFO TaskSetManager: Starting task 0.0 in stage 1.0 (TID 1) (ip-172-31-12-182.ap-northeast-2.compute.internal, executor driver, partition 0, PROCESS_LOCAL, 10160 bytes) 
[2025-03-09T06:23:57.788+0000] {ssh.py:526} INFO - 25/03/09 06:23:51 INFO Executor: Running task 0.0 in stage 1.0 (TID 1)
[2025-03-09T06:23:57.788+0000] {ssh.py:526} INFO - 25/03/09 06:23:51 INFO CodeGenerator: Code generated in 48.611057 ms
[2025-03-09T06:23:57.788+0000] {ssh.py:526} INFO - 25/03/09 06:23:51 INFO FileOutputCommitter: File Output Committer Algorithm version is 1
[2025-03-09T06:23:57.788+0000] {ssh.py:526} INFO - 25/03/09 06:23:51 INFO FileOutputCommitter: FileOutputCommitter skip cleanup _temporary folders under output directory:false, ignore cleanup failures: false
[2025-03-09T06:23:57.788+0000] {ssh.py:526} INFO - 25/03/09 06:23:51 INFO SQLHadoopMapReduceCommitProtocol: Using user defined output committer class org.apache.parquet.hadoop.ParquetOutputCommitter
[2025-03-09T06:23:57.789+0000] {ssh.py:526} INFO - 25/03/09 06:23:51 INFO FileOutputCommitter: File Output Committer Algorithm version is 1
[2025-03-09T06:23:57.789+0000] {ssh.py:526} INFO - 25/03/09 06:23:51 INFO FileOutputCommitter: FileOutputCommitter skip cleanup _temporary folders under output directory:false, ignore cleanup failures: false
[2025-03-09T06:23:57.789+0000] {ssh.py:526} INFO - 25/03/09 06:23:51 INFO SQLHadoopMapReduceCommitProtocol: Using output committer class org.apache.parquet.hadoop.ParquetOutputCommitter
[2025-03-09T06:23:57.789+0000] {ssh.py:526} INFO - 25/03/09 06:23:51 INFO CodecConfig: Compression: SNAPPY
[2025-03-09T06:23:57.789+0000] {ssh.py:526} INFO - 25/03/09 06:23:51 INFO CodecConfig: Compression: SNAPPY
[2025-03-09T06:23:57.789+0000] {ssh.py:526} INFO - 25/03/09 06:23:51 INFO ParquetOutputFormat: ParquetRecordWriter [block size: 134217728b, row group padding size: 8388608b, validating: false]
[2025-03-09T06:23:57.789+0000] {ssh.py:526} INFO - 25/03/09 06:23:51 INFO ParquetWriteSupport: Initialized Parquet WriteSupport with Catalyst schema:
[2025-03-09T06:23:57.789+0000] {ssh.py:526} INFO - {
[2025-03-09T06:23:57.789+0000] {ssh.py:526} INFO -   "type" : "struct",
[2025-03-09T06:23:57.790+0000] {ssh.py:526} INFO -   "fields" : [ {
[2025-03-09T06:23:57.790+0000] {ssh.py:526} INFO -     "name" : "match_id",
[2025-03-09T06:23:57.790+0000] {ssh.py:526} INFO -     "type" : "string",
[2025-03-09T06:23:57.790+0000] {ssh.py:526} INFO -     "nullable" : true,
[2025-03-09T06:23:57.790+0000] {ssh.py:526} INFO -     "metadata" : { }
[2025-03-09T06:23:57.790+0000] {ssh.py:526} INFO -   }, {
[2025-03-09T06:23:57.790+0000] {ssh.py:526} INFO -     "name" : "spid",
[2025-03-09T06:23:57.790+0000] {ssh.py:526} INFO -     "type" : "integer",
[2025-03-09T06:23:57.791+0000] {ssh.py:526} INFO -     "nullable" : true,
[2025-03-09T06:23:57.791+0000] {ssh.py:526} INFO -     "metadata" : { }
[2025-03-09T06:23:57.791+0000] {ssh.py:526} INFO -   }, {
[2025-03-09T06:23:57.791+0000] {ssh.py:526} INFO -     "name" : "season_id",
[2025-03-09T06:23:57.791+0000] {ssh.py:526} INFO -     "type" : "integer",
[2025-03-09T06:23:57.791+0000] {ssh.py:526} INFO -     "nullable" : true,
[2025-03-09T06:23:57.791+0000] {ssh.py:526} INFO -     "metadata" : { }
[2025-03-09T06:23:57.791+0000] {ssh.py:526} INFO -   }, {
[2025-03-09T06:23:57.791+0000] {ssh.py:526} INFO -     "name" : "gamer_nickname",
[2025-03-09T06:23:57.792+0000] {ssh.py:526} INFO -     "type" : "string",
[2025-03-09T06:23:57.792+0000] {ssh.py:526} INFO -     "nullable" : true,
[2025-03-09T06:23:57.792+0000] {ssh.py:526} INFO -     "metadata" : { }
[2025-03-09T06:23:57.792+0000] {ssh.py:526} INFO -   }, {
[2025-03-09T06:23:57.792+0000] {ssh.py:526} INFO -     "name" : "position",
[2025-03-09T06:23:57.792+0000] {ssh.py:526} INFO -     "type" : "integer",
[2025-03-09T06:23:57.792+0000] {ssh.py:526} INFO -     "nullable" : true,
[2025-03-09T06:23:57.792+0000] {ssh.py:526} INFO -     "metadata" : { }
[2025-03-09T06:23:57.792+0000] {ssh.py:526} INFO -   }, {
[2025-03-09T06:23:57.793+0000] {ssh.py:526} INFO -     "name" : "ouid",
[2025-03-09T06:23:57.793+0000] {ssh.py:526} INFO -     "type" : "string",
[2025-03-09T06:23:57.793+0000] {ssh.py:526} INFO -     "nullable" : true,
[2025-03-09T06:23:57.793+0000] {ssh.py:526} INFO -     "metadata" : { }
[2025-03-09T06:23:57.793+0000] {ssh.py:526} INFO -   }, {
[2025-03-09T06:23:57.793+0000] {ssh.py:526} INFO -     "name" : "spgrade",
[2025-03-09T06:23:57.793+0000] {ssh.py:526} INFO -     "type" : "integer",
[2025-03-09T06:23:57.793+0000] {ssh.py:526} INFO -     "nullable" : true,
[2025-03-09T06:23:57.794+0000] {ssh.py:526} INFO -     "metadata" : { }
[2025-03-09T06:23:57.794+0000] {ssh.py:526} INFO -   }, {
[2025-03-09T06:23:57.794+0000] {ssh.py:526} INFO -     "name" : "matchresult",
[2025-03-09T06:23:57.794+0000] {ssh.py:526} INFO -     "type" : "string",
[2025-03-09T06:23:57.794+0000] {ssh.py:526} INFO -     "nullable" : true,
[2025-03-09T06:23:57.794+0000] {ssh.py:526} INFO -     "metadata" : { }
[2025-03-09T06:23:57.794+0000] {ssh.py:526} INFO -   }, {
[2025-03-09T06:23:57.794+0000] {ssh.py:526} INFO -     "name" : "match_date",
[2025-03-09T06:23:57.794+0000] {ssh.py:526} INFO -     "type" : "date",
[2025-03-09T06:23:57.795+0000] {ssh.py:526} INFO -     "nullable" : true,
[2025-03-09T06:23:57.795+0000] {ssh.py:526} INFO -     "metadata" : { }
[2025-03-09T06:23:57.795+0000] {ssh.py:526} INFO -   } ]
[2025-03-09T06:23:57.795+0000] {ssh.py:526} INFO - }
[2025-03-09T06:23:57.795+0000] {ssh.py:526} INFO - and corresponding Parquet message type:
[2025-03-09T06:23:57.795+0000] {ssh.py:526} INFO - message spark_schema {
[2025-03-09T06:23:57.795+0000] {ssh.py:526} INFO -   optional binary match_id (STRING);
[2025-03-09T06:23:57.795+0000] {ssh.py:526} INFO -   optional int32 spid;
[2025-03-09T06:23:57.795+0000] {ssh.py:526} INFO -   optional int32 season_id;
[2025-03-09T06:23:57.796+0000] {ssh.py:526} INFO -   optional binary gamer_nickname (STRING);
[2025-03-09T06:23:57.796+0000] {ssh.py:526} INFO -   optional int32 position;
[2025-03-09T06:23:57.796+0000] {ssh.py:526} INFO -   optional binary ouid (STRING);
[2025-03-09T06:23:57.796+0000] {ssh.py:526} INFO -   optional int32 spgrade;
[2025-03-09T06:23:57.796+0000] {ssh.py:526} INFO -   optional binary matchresult (STRING);
[2025-03-09T06:23:57.796+0000] {ssh.py:526} INFO -   optional int32 match_date (DATE);
[2025-03-09T06:23:57.796+0000] {ssh.py:526} INFO - }
[2025-03-09T06:23:57.796+0000] {ssh.py:526} INFO - 
[2025-03-09T06:23:57.796+0000] {ssh.py:526} INFO -        
[2025-03-09T06:23:57.797+0000] {ssh.py:526} INFO - 25/03/09 06:23:51 INFO CodecPool: Got brand-new compressor [.snappy]
[2025-03-09T06:23:57.797+0000] {ssh.py:526} INFO - 25/03/09 06:23:52 INFO FileScanRDD: Reading File path: s3a://de5-finalproj-team2/raw_data/json/match_data/2025-03-04/group_1.json, range: 0-13897, partition values: [empty row]
[2025-03-09T06:23:57.797+0000] {ssh.py:526} INFO - 25/03/09 06:23:52 INFO CodeGenerator: Code generated in 30.686259 ms
[2025-03-09T06:23:57.797+0000] {ssh.py:526} INFO - 25/03/09 06:23:52 INFO CodeGenerator: Code generated in 9.488887 ms
[2025-03-09T06:23:57.797+0000] {ssh.py:526} INFO - 25/03/09 06:23:52 INFO FileScanRDD: Reading File path: s3a://de5-finalproj-team2/raw_data/json/match_data/2025-03-04/group_4.json, range: 0-13890, partition values: [empty row]
[2025-03-09T06:23:57.797+0000] {ssh.py:526} INFO - 25/03/09 06:23:52 INFO FileScanRDD: Reading File path: s3a://de5-finalproj-team2/raw_data/json/match_data/2025-03-04/group_2.json, range: 0-13867, partition values: [empty row]
[2025-03-09T06:23:57.797+0000] {ssh.py:526} INFO - 25/03/09 06:23:52 INFO FileScanRDD: Reading File path: s3a://de5-finalproj-team2/raw_data/json/match_data/2025-03-04/group_0.json, range: 0-12741, partition values: [empty row]
[2025-03-09T06:23:57.798+0000] {ssh.py:526} INFO - 25/03/09 06:23:52 INFO FileScanRDD: Reading File path: s3a://de5-finalproj-team2/raw_data/json/match_data/2025-03-04/group_3.json, range: 0-12709, partition values: [empty row]
[2025-03-09T06:23:57.798+0000] {ssh.py:526} INFO - 25/03/09 06:23:54 INFO FileOutputCommitter: Saved output of task 'attempt_202503090623515556868788455478553_0001_m_000000_1' to s3a://de5-finalproj-team2/trend_analysis/match_data/2025-03-04/_temporary/0/task_202503090623515556868788455478553_0001_m_000000
[2025-03-09T06:23:57.798+0000] {ssh.py:526} INFO - 25/03/09 06:23:54 INFO SparkHadoopMapRedUtil: attempt_202503090623515556868788455478553_0001_m_000000_1: Committed. Elapsed time: 585 ms.
[2025-03-09T06:23:57.798+0000] {ssh.py:526} INFO - 25/03/09 06:23:54 INFO Executor: Finished task 0.0 in stage 1.0 (TID 1). 2725 bytes result sent to driver
[2025-03-09T06:23:57.798+0000] {ssh.py:526} INFO - 25/03/09 06:23:54 INFO TaskSetManager: Finished task 0.0 in stage 1.0 (TID 1) in 2747 ms on ip-172-31-12-182.ap-northeast-2.compute.internal (executor driver) (1/1)
[2025-03-09T06:23:57.798+0000] {ssh.py:526} INFO - 25/03/09 06:23:54 INFO TaskSchedulerImpl: Removed TaskSet 1.0, whose tasks have all completed, from pool 
[2025-03-09T06:23:57.799+0000] {ssh.py:526} INFO - 25/03/09 06:23:54 INFO DAGScheduler: ResultStage 1 (save at NativeMethodAccessorImpl.java:0) finished in 2.826 s
[2025-03-09T06:23:57.799+0000] {ssh.py:526} INFO - 25/03/09 06:23:54 INFO DAGScheduler: Job 1 is finished. Cancelling potential speculative or zombie tasks for this job
[2025-03-09T06:23:57.799+0000] {ssh.py:526} INFO - 25/03/09 06:23:54 INFO TaskSchedulerImpl: Killing all running tasks in stage 1: Stage finished
[2025-03-09T06:23:57.799+0000] {ssh.py:526} INFO - 25/03/09 06:23:54 INFO DAGScheduler: Job 1 finished: save at NativeMethodAccessorImpl.java:0, took 2.841591 s
[2025-03-09T06:23:57.799+0000] {ssh.py:526} INFO - 25/03/09 06:23:54 INFO FileFormatWriter: Start to commit write Job bc91f649-46e5-434c-a43a-599627700bd8.
[2025-03-09T06:23:57.799+0000] {ssh.py:526} INFO - 25/03/09 06:23:54 INFO FileFormatWriter: Write Job bc91f649-46e5-434c-a43a-599627700bd8 committed. Elapsed time: 829 ms.
[2025-03-09T06:23:57.799+0000] {ssh.py:526} INFO - 25/03/09 06:23:54 INFO FileFormatWriter: Finished processing stats for write job bc91f649-46e5-434c-a43a-599627700bd8.
[2025-03-09T06:23:57.799+0000] {ssh.py:526} INFO - Writing analytics parquet
[2025-03-09T06:23:57.800+0000] {ssh.py:526} INFO - 25/03/09 06:23:55 INFO FileSourceStrategy: Pushed Filters: IsNotNull(player_info)
[2025-03-09T06:23:57.800+0000] {ssh.py:526} INFO - 25/03/09 06:23:55 INFO FileSourceStrategy: Post-Scan Filters: (size(player_info#13, true) > 0),isnotnull(player_info#13)
[2025-03-09T06:23:57.800+0000] {ssh.py:526} INFO - 25/03/09 06:23:55 INFO ParquetUtils: Using default output committer for Parquet: org.apache.parquet.hadoop.ParquetOutputCommitter
[2025-03-09T06:23:57.800+0000] {ssh.py:526} INFO - 25/03/09 06:23:55 INFO FileOutputCommitter: File Output Committer Algorithm version is 1
[2025-03-09T06:23:57.800+0000] {ssh.py:526} INFO - 25/03/09 06:23:55 INFO FileOutputCommitter: FileOutputCommitter skip cleanup _temporary folders under output directory:false, ignore cleanup failures: false
[2025-03-09T06:23:57.800+0000] {ssh.py:526} INFO - 25/03/09 06:23:55 INFO SQLHadoopMapReduceCommitProtocol: Using user defined output committer class org.apache.parquet.hadoop.ParquetOutputCommitter
[2025-03-09T06:23:57.800+0000] {ssh.py:526} INFO - 25/03/09 06:23:55 INFO FileOutputCommitter: File Output Committer Algorithm version is 1
[2025-03-09T06:23:57.801+0000] {ssh.py:526} INFO - 25/03/09 06:23:55 INFO FileOutputCommitter: FileOutputCommitter skip cleanup _temporary folders under output directory:false, ignore cleanup failures: false
[2025-03-09T06:23:57.801+0000] {ssh.py:526} INFO - 25/03/09 06:23:55 INFO SQLHadoopMapReduceCommitProtocol: Using output committer class org.apache.parquet.hadoop.ParquetOutputCommitter
[2025-03-09T06:23:57.801+0000] {ssh.py:526} INFO - 25/03/09 06:23:55 INFO CodeGenerator: Code generated in 28.642257 ms
[2025-03-09T06:23:57.801+0000] {ssh.py:526} INFO - 25/03/09 06:23:55 INFO MemoryStore: Block broadcast_4 stored as values in memory (estimated size 200.9 KiB, free 433.7 MiB)
[2025-03-09T06:23:57.801+0000] {ssh.py:526} INFO - 25/03/09 06:23:55 INFO BlockManagerInfo: Removed broadcast_3_piece0 on 0.0.0.0:43123 in memory (size: 81.0 KiB, free: 434.4 MiB)
[2025-03-09T06:23:57.801+0000] {ssh.py:526} INFO - 25/03/09 06:23:55 INFO MemoryStore: Block broadcast_4_piece0 stored as bytes in memory (estimated size 34.7 KiB, free 433.9 MiB)
[2025-03-09T06:23:57.801+0000] {ssh.py:526} INFO - 25/03/09 06:23:55 INFO BlockManagerInfo: Added broadcast_4_piece0 in memory on 0.0.0.0:43123 (size: 34.7 KiB, free: 434.3 MiB)
[2025-03-09T06:23:57.801+0000] {ssh.py:526} INFO - 25/03/09 06:23:55 INFO SparkContext: Created broadcast 4 from save at NativeMethodAccessorImpl.java:0
[2025-03-09T06:23:57.802+0000] {ssh.py:526} INFO - 25/03/09 06:23:55 INFO FileSourceScanExec: Planning scan with bin packing, max size: 21038624 bytes, open cost is considered as scanning 4194304 bytes.
[2025-03-09T06:23:57.802+0000] {ssh.py:526} INFO - 25/03/09 06:23:55 INFO SparkContext: Starting job: save at NativeMethodAccessorImpl.java:0
[2025-03-09T06:23:57.802+0000] {ssh.py:526} INFO - 25/03/09 06:23:55 INFO DAGScheduler: Got job 2 (save at NativeMethodAccessorImpl.java:0) with 1 output partitions
[2025-03-09T06:23:57.802+0000] {ssh.py:526} INFO - 25/03/09 06:23:55 INFO DAGScheduler: Final stage: ResultStage 2 (save at NativeMethodAccessorImpl.java:0)
[2025-03-09T06:23:57.802+0000] {ssh.py:526} INFO - 25/03/09 06:23:55 INFO DAGScheduler: Parents of final stage: List()
[2025-03-09T06:23:57.802+0000] {ssh.py:526} INFO - 25/03/09 06:23:55 INFO DAGScheduler: Missing parents: List()
[2025-03-09T06:23:57.802+0000] {ssh.py:526} INFO - 25/03/09 06:23:55 INFO DAGScheduler: Submitting ResultStage 2 (MapPartitionsRDD[11] at save at NativeMethodAccessorImpl.java:0), which has no missing parents
[2025-03-09T06:23:57.802+0000] {ssh.py:526} INFO - 25/03/09 06:23:55 INFO MemoryStore: Block broadcast_5 stored as values in memory (estimated size 223.4 KiB, free 433.7 MiB)
[2025-03-09T06:23:57.802+0000] {ssh.py:526} INFO - 25/03/09 06:23:55 INFO MemoryStore: Block broadcast_5_piece0 stored as bytes in memory (estimated size 80.4 KiB, free 433.6 MiB)
[2025-03-09T06:23:57.803+0000] {ssh.py:526} INFO - 25/03/09 06:23:55 INFO BlockManagerInfo: Added broadcast_5_piece0 in memory on 0.0.0.0:43123 (size: 80.4 KiB, free: 434.3 MiB)
[2025-03-09T06:23:57.803+0000] {ssh.py:526} INFO - 25/03/09 06:23:55 INFO SparkContext: Created broadcast 5 from broadcast at DAGScheduler.scala:1585
[2025-03-09T06:23:57.803+0000] {ssh.py:526} INFO - 25/03/09 06:23:55 INFO DAGScheduler: Submitting 1 missing tasks from ResultStage 2 (MapPartitionsRDD[11] at save at NativeMethodAccessorImpl.java:0) (first 15 tasks are for partitions Vector(0))
[2025-03-09T06:23:57.803+0000] {ssh.py:526} INFO - 25/03/09 06:23:55 INFO TaskSchedulerImpl: Adding task set 2.0 with 1 tasks resource profile 0
[2025-03-09T06:23:57.803+0000] {ssh.py:526} INFO - 25/03/09 06:23:55 INFO TaskSetManager: Starting task 0.0 in stage 2.0 (TID 2) (ip-172-31-12-182.ap-northeast-2.compute.internal, executor driver, partition 0, PROCESS_LOCAL, 10160 bytes) 
[2025-03-09T06:23:57.803+0000] {ssh.py:526} INFO - 25/03/09 06:23:55 INFO Executor: Running task 0.0 in stage 2.0 (TID 2)
[2025-03-09T06:23:57.803+0000] {ssh.py:526} INFO - 25/03/09 06:23:55 INFO CodeGenerator: Code generated in 42.123276 ms
[2025-03-09T06:23:57.803+0000] {ssh.py:526} INFO - 25/03/09 06:23:55 INFO FileOutputCommitter: File Output Committer Algorithm version is 1
[2025-03-09T06:23:57.803+0000] {ssh.py:526} INFO - 25/03/09 06:23:55 INFO FileOutputCommitter: FileOutputCommitter skip cleanup _temporary folders under output directory:false, ignore cleanup failures: false
[2025-03-09T06:23:57.804+0000] {ssh.py:526} INFO - 25/03/09 06:23:55 INFO SQLHadoopMapReduceCommitProtocol: Using user defined output committer class org.apache.parquet.hadoop.ParquetOutputCommitter
[2025-03-09T06:23:57.804+0000] {ssh.py:526} INFO - 25/03/09 06:23:55 INFO FileOutputCommitter: File Output Committer Algorithm version is 1
[2025-03-09T06:23:57.804+0000] {ssh.py:526} INFO - 25/03/09 06:23:55 INFO FileOutputCommitter: FileOutputCommitter skip cleanup _temporary folders under output directory:false, ignore cleanup failures: false
[2025-03-09T06:23:57.804+0000] {ssh.py:526} INFO - 25/03/09 06:23:55 INFO SQLHadoopMapReduceCommitProtocol: Using output committer class org.apache.parquet.hadoop.ParquetOutputCommitter
[2025-03-09T06:23:57.804+0000] {ssh.py:526} INFO - 25/03/09 06:23:55 INFO CodecConfig: Compression: SNAPPY
[2025-03-09T06:23:57.804+0000] {ssh.py:526} INFO - 25/03/09 06:23:55 INFO CodecConfig: Compression: SNAPPY
[2025-03-09T06:23:57.804+0000] {ssh.py:526} INFO - 25/03/09 06:23:55 INFO ParquetOutputFormat: ParquetRecordWriter [block size: 134217728b, row group padding size: 8388608b, validating: false]
[2025-03-09T06:23:57.804+0000] {ssh.py:526} INFO - 25/03/09 06:23:55 INFO ParquetWriteSupport: Initialized Parquet WriteSupport with Catalyst schema:
[2025-03-09T06:23:57.805+0000] {ssh.py:526} INFO - {
[2025-03-09T06:23:57.805+0000] {ssh.py:526} INFO -   "type" : "struct",
[2025-03-09T06:23:57.805+0000] {ssh.py:526} INFO -   "fields" : [ {
[2025-03-09T06:23:57.805+0000] {ssh.py:526} INFO -     "name" : "match_id",
[2025-03-09T06:23:57.805+0000] {ssh.py:526} INFO -     "type" : "string",
[2025-03-09T06:23:57.805+0000] {ssh.py:526} INFO -     "nullable" : true,
[2025-03-09T06:23:57.805+0000] {ssh.py:526} INFO -     "metadata" : { }
[2025-03-09T06:23:57.805+0000] {ssh.py:526} INFO -   }, {
[2025-03-09T06:23:57.805+0000] {ssh.py:526} INFO -     "name" : "spid",
[2025-03-09T06:23:57.806+0000] {ssh.py:526} INFO -     "type" : "integer",
[2025-03-09T06:23:57.806+0000] {ssh.py:526} INFO -     "nullable" : true,
[2025-03-09T06:23:57.806+0000] {ssh.py:526} INFO -     "metadata" : { }
[2025-03-09T06:23:57.806+0000] {ssh.py:526} INFO -   }, {
[2025-03-09T06:23:57.806+0000] {ssh.py:526} INFO -     "name" : "season_id",
[2025-03-09T06:23:57.806+0000] {ssh.py:526} INFO -     "type" : "integer",
[2025-03-09T06:23:57.806+0000] {ssh.py:526} INFO -     "nullable" : true,
[2025-03-09T06:23:57.806+0000] {ssh.py:526} INFO -     "metadata" : { }
[2025-03-09T06:23:57.807+0000] {ssh.py:526} INFO -   }, {
[2025-03-09T06:23:57.807+0000] {ssh.py:526} INFO -     "name" : "gamer_nickname",
[2025-03-09T06:23:57.807+0000] {ssh.py:526} INFO -     "type" : "string",
[2025-03-09T06:23:57.807+0000] {ssh.py:526} INFO -     "nullable" : true,
[2025-03-09T06:23:57.807+0000] {ssh.py:526} INFO -     "metadata" : { }
[2025-03-09T06:23:57.807+0000] {ssh.py:526} INFO -   }, {
[2025-03-09T06:23:57.807+0000] {ssh.py:526} INFO -     "name" : "position",
[2025-03-09T06:23:57.807+0000] {ssh.py:526} INFO -     "type" : "integer",
[2025-03-09T06:23:57.807+0000] {ssh.py:526} INFO -     "nullable" : true,
[2025-03-09T06:23:57.808+0000] {ssh.py:526} INFO -     "metadata" : { }
[2025-03-09T06:23:57.808+0000] {ssh.py:526} INFO -   }, {
[2025-03-09T06:23:57.808+0000] {ssh.py:526} INFO -     "name" : "spgrade",
[2025-03-09T06:23:57.808+0000] {ssh.py:526} INFO -     "type" : "integer",
[2025-03-09T06:23:57.808+0000] {ssh.py:526} INFO -     "nullable" : true,
[2025-03-09T06:23:57.808+0000] {ssh.py:526} INFO -     "metadata" : { }
[2025-03-09T06:23:57.808+0000] {ssh.py:526} INFO -   }, {
[2025-03-09T06:23:57.808+0000] {ssh.py:526} INFO -     "name" : "matchresult",
[2025-03-09T06:23:57.808+0000] {ssh.py:526} INFO -     "type" : "string",
[2025-03-09T06:23:57.809+0000] {ssh.py:526} INFO -     "nullable" : true,
[2025-03-09T06:23:57.809+0000] {ssh.py:526} INFO -     "metadata" : { }
[2025-03-09T06:23:57.809+0000] {ssh.py:526} INFO -   } ]
[2025-03-09T06:23:57.809+0000] {ssh.py:526} INFO - }
[2025-03-09T06:23:57.809+0000] {ssh.py:526} INFO - and corresponding Parquet message type:
[2025-03-09T06:23:57.809+0000] {ssh.py:526} INFO - message spark_schema {
[2025-03-09T06:23:57.809+0000] {ssh.py:526} INFO -   optional binary match_id (STRING);
[2025-03-09T06:23:57.809+0000] {ssh.py:526} INFO -   optional int32 spid;
[2025-03-09T06:23:57.809+0000] {ssh.py:526} INFO -   optional int32 season_id;
[2025-03-09T06:23:57.810+0000] {ssh.py:526} INFO -   optional binary gamer_nickname (STRING);
[2025-03-09T06:23:57.810+0000] {ssh.py:526} INFO -   optional int32 position;
[2025-03-09T06:23:57.810+0000] {ssh.py:526} INFO -   optional int32 spgrade;
[2025-03-09T06:23:57.810+0000] {ssh.py:526} INFO -   optional binary matchresult (STRING);
[2025-03-09T06:23:57.810+0000] {ssh.py:526} INFO - }
[2025-03-09T06:23:57.810+0000] {ssh.py:526} INFO - 
[2025-03-09T06:23:57.810+0000] {ssh.py:526} INFO -        
[2025-03-09T06:23:57.810+0000] {ssh.py:526} INFO - 25/03/09 06:23:55 INFO FileScanRDD: Reading File path: s3a://de5-finalproj-team2/raw_data/json/match_data/2025-03-04/group_1.json, range: 0-13897, partition values: [empty row]
[2025-03-09T06:23:57.811+0000] {ssh.py:526} INFO - 25/03/09 06:23:55 INFO CodeGenerator: Code generated in 28.520332 ms
[2025-03-09T06:23:57.811+0000] {ssh.py:526} INFO - 25/03/09 06:23:55 INFO CodeGenerator: Code generated in 11.842572 ms
[2025-03-09T06:23:57.811+0000] {ssh.py:526} INFO - 25/03/09 06:23:55 INFO FileScanRDD: Reading File path: s3a://de5-finalproj-team2/raw_data/json/match_data/2025-03-04/group_4.json, range: 0-13890, partition values: [empty row]
[2025-03-09T06:23:57.811+0000] {ssh.py:526} INFO - 25/03/09 06:23:55 INFO FileScanRDD: Reading File path: s3a://de5-finalproj-team2/raw_data/json/match_data/2025-03-04/group_2.json, range: 0-13867, partition values: [empty row]
[2025-03-09T06:23:57.811+0000] {ssh.py:526} INFO - 25/03/09 06:23:55 INFO FileScanRDD: Reading File path: s3a://de5-finalproj-team2/raw_data/json/match_data/2025-03-04/group_0.json, range: 0-12741, partition values: [empty row]
[2025-03-09T06:23:57.811+0000] {ssh.py:526} INFO - 25/03/09 06:23:55 INFO FileScanRDD: Reading File path: s3a://de5-finalproj-team2/raw_data/json/match_data/2025-03-04/group_3.json, range: 0-12709, partition values: [empty row]
[2025-03-09T06:23:57.811+0000] {ssh.py:526} INFO - 25/03/09 06:23:56 INFO FileOutputCommitter: Saved output of task 'attempt_202503090623558559046257866888743_0002_m_000000_2' to s3a://de5-finalproj-team2/analytics/match_data/2025-03-04/_temporary/0/task_202503090623558559046257866888743_0002_m_000000
[2025-03-09T06:23:57.811+0000] {ssh.py:526} INFO - 25/03/09 06:23:56 INFO SparkHadoopMapRedUtil: attempt_202503090623558559046257866888743_0002_m_000000_2: Committed. Elapsed time: 520 ms.
[2025-03-09T06:23:57.811+0000] {ssh.py:526} INFO - 25/03/09 06:23:56 INFO Executor: Finished task 0.0 in stage 2.0 (TID 2). 2682 bytes result sent to driver
[2025-03-09T06:23:57.812+0000] {ssh.py:526} INFO - 25/03/09 06:23:56 INFO TaskSetManager: Finished task 0.0 in stage 2.0 (TID 2) in 1341 ms on ip-172-31-12-182.ap-northeast-2.compute.internal (executor driver) (1/1)
[2025-03-09T06:23:57.812+0000] {ssh.py:526} INFO - 25/03/09 06:23:56 INFO TaskSchedulerImpl: Removed TaskSet 2.0, whose tasks have all completed, from pool 
[2025-03-09T06:23:57.812+0000] {ssh.py:526} INFO - 25/03/09 06:23:56 INFO DAGScheduler: ResultStage 2 (save at NativeMethodAccessorImpl.java:0) finished in 1.402 s
[2025-03-09T06:23:57.812+0000] {ssh.py:526} INFO - 25/03/09 06:23:56 INFO DAGScheduler: Job 2 is finished. Cancelling potential speculative or zombie tasks for this job
[2025-03-09T06:23:57.812+0000] {ssh.py:526} INFO - 25/03/09 06:23:56 INFO TaskSchedulerImpl: Killing all running tasks in stage 2: Stage finished
[2025-03-09T06:23:57.812+0000] {ssh.py:526} INFO - 25/03/09 06:23:56 INFO DAGScheduler: Job 2 finished: save at NativeMethodAccessorImpl.java:0, took 1.412024 s
[2025-03-09T06:23:57.812+0000] {ssh.py:526} INFO - 25/03/09 06:23:56 INFO FileFormatWriter: Start to commit write Job 44255729-ae15-4dec-b9e1-132ad52cf94a.
[2025-03-09T06:23:57.812+0000] {ssh.py:526} INFO - 25/03/09 06:23:57 INFO FileFormatWriter: Write Job 44255729-ae15-4dec-b9e1-132ad52cf94a committed. Elapsed time: 805 ms.
[2025-03-09T06:23:57.812+0000] {ssh.py:526} INFO - 25/03/09 06:23:57 INFO FileFormatWriter: Finished processing stats for write job 44255729-ae15-4dec-b9e1-132ad52cf94a.
[2025-03-09T06:23:57.813+0000] {ssh.py:526} INFO - 25/03/09 06:23:57 INFO SparkContext: SparkContext is stopping with exitCode 0.
[2025-03-09T06:23:57.813+0000] {ssh.py:526} INFO - 25/03/09 06:23:57 INFO SparkUI: Stopped Spark web UI at http://0.0.0.0:4040
[2025-03-09T06:23:57.813+0000] {ssh.py:526} INFO - 25/03/09 06:23:57 INFO MapOutputTrackerMasterEndpoint: MapOutputTrackerMasterEndpoint stopped!
[2025-03-09T06:23:57.813+0000] {ssh.py:526} INFO - 25/03/09 06:23:57 INFO MemoryStore: MemoryStore cleared
[2025-03-09T06:23:57.813+0000] {ssh.py:526} INFO - 25/03/09 06:23:57 INFO BlockManager: BlockManager stopped
[2025-03-09T06:23:57.813+0000] {ssh.py:526} INFO - 25/03/09 06:23:57 INFO BlockManagerMaster: BlockManagerMaster stopped
[2025-03-09T06:23:57.813+0000] {ssh.py:526} INFO - 25/03/09 06:23:57 INFO OutputCommitCoordinator$OutputCommitCoordinatorEndpoint: OutputCommitCoordinator stopped!
[2025-03-09T06:23:57.813+0000] {ssh.py:526} INFO - 25/03/09 06:23:57 INFO SparkContext: Successfully stopped SparkContext
[2025-03-09T06:23:57.813+0000] {ssh.py:526} INFO - 25/03/09 06:23:57 INFO ShutdownHookManager: Shutdown hook called
[2025-03-09T06:23:57.814+0000] {ssh.py:526} INFO - 25/03/09 06:23:57 INFO ShutdownHookManager: Deleting directory /tmp/spark-93583ddd-627a-4e21-80b1-87814404740e
[2025-03-09T06:23:57.814+0000] {ssh.py:526} INFO - 25/03/09 06:23:57 INFO ShutdownHookManager: Deleting directory /tmp/spark-93583ddd-627a-4e21-80b1-87814404740e/pyspark-9830c1ee-6f9a-4007-a69b-008701479a6b
[2025-03-09T06:23:57.814+0000] {ssh.py:526} INFO - 25/03/09 06:23:57 INFO ShutdownHookManager: Deleting directory /tmp/spark-91698933-1e7a-45d0-88d4-af0603e92a1a
[2025-03-09T06:23:57.814+0000] {ssh.py:526} INFO - 25/03/09 06:23:57 INFO MetricsSystemImpl: Stopping s3a-file-system metrics system...
[2025-03-09T06:23:57.814+0000] {ssh.py:526} INFO - 25/03/09 06:23:57 INFO MetricsSystemImpl: s3a-file-system metrics system stopped.
[2025-03-09T06:23:57.814+0000] {ssh.py:526} INFO - 25/03/09 06:23:57 INFO MetricsSystemImpl: s3a-file-system metrics system shutdown complete.
[2025-03-09T06:23:57.814+0000] {ssh.py:526} INFO - === Spark Job Log End ===
[2025-03-09T06:23:57.814+0000] {ssh.py:526} INFO - Spark Job Succeeded!
[2025-03-09T06:23:57.832+0000] {taskinstance.py:441} INFO - ::group::Post task execution logs
[2025-03-09T06:23:57.865+0000] {taskinstance.py:1206} INFO - Marking task as SUCCESS. dag_id=submit_spark_job_v3, task_id=submit_spark_via_ssh, run_id=manual__2025-03-05T00:00:00+00:00, execution_date=20250305T000000, start_date=20250309T062334, end_date=20250309T062357
[2025-03-09T06:23:57.885+0000] {local_task_job_runner.py:240} INFO - Task exited with return code 0
[2025-03-09T06:23:57.905+0000] {taskinstance.py:3498} INFO - 0 downstream tasks scheduled from follow-on schedule check
[2025-03-09T06:23:57.907+0000] {local_task_job_runner.py:222} INFO - ::endgroup::
