[2025-03-14T09:43:55.972+0000] {local_task_job_runner.py:120} INFO - ::group::Pre task execution logs
[2025-03-14T09:43:56.041+0000] {taskinstance.py:2076} INFO - Dependencies all met for dep_context=non-requeueable deps ti=<TaskInstance: match_info_to_redshift_dag.s3_to_redshift_match_data manual__2025-03-14T09:43:54.200418+00:00 [queued]>
[2025-03-14T09:43:56.073+0000] {taskinstance.py:2076} INFO - Dependencies all met for dep_context=requeueable deps ti=<TaskInstance: match_info_to_redshift_dag.s3_to_redshift_match_data manual__2025-03-14T09:43:54.200418+00:00 [queued]>
[2025-03-14T09:43:56.074+0000] {taskinstance.py:2306} INFO - Starting attempt 1 of 2
[2025-03-14T09:43:56.119+0000] {taskinstance.py:2330} INFO - Executing <Task(S3ToRedshiftOperator): s3_to_redshift_match_data> on 2025-03-14 09:43:54.200418+00:00
[2025-03-14T09:43:56.131+0000] {standard_task_runner.py:63} INFO - Started process 37938 to run task
[2025-03-14T09:43:56.142+0000] {standard_task_runner.py:90} INFO - Running: ['***', 'tasks', 'run', 'match_info_to_redshift_dag', 's3_to_redshift_match_data', 'manual__2025-03-14T09:43:54.200418+00:00', '--job-id', '224', '--raw', '--subdir', 'DAGS_FOLDER/match_info_redshift_dag.py', '--cfg-path', '/tmp/tmpt3qi_hem']
[2025-03-14T09:43:56.149+0000] {standard_task_runner.py:91} INFO - Job 224: Subtask s3_to_redshift_match_data
[2025-03-14T09:43:56.323+0000] {task_command.py:426} INFO - Running <TaskInstance: match_info_to_redshift_dag.s3_to_redshift_match_data manual__2025-03-14T09:43:54.200418+00:00 [running]> on host a0d797a25898
[2025-03-14T09:43:56.643+0000] {taskinstance.py:2648} INFO - Exporting env vars: AIRFLOW_CTX_DAG_OWNER='***' AIRFLOW_CTX_DAG_ID='match_info_to_redshift_dag' AIRFLOW_CTX_TASK_ID='s3_to_redshift_match_data' AIRFLOW_CTX_EXECUTION_DATE='2025-03-14T09:43:54.200418+00:00' AIRFLOW_CTX_TRY_NUMBER='1' AIRFLOW_CTX_DAG_RUN_ID='manual__2025-03-14T09:43:54.200418+00:00'
[2025-03-14T09:43:56.645+0000] {taskinstance.py:430} INFO - ::endgroup::
[2025-03-14T09:43:56.688+0000] {base.py:84} INFO - Using connection ID 's3_conn_team' for task execution.
[2025-03-14T09:43:56.703+0000] {base.py:84} INFO - Using connection ID 's3_conn_team' for task execution.
[2025-03-14T09:43:56.704+0000] {connection_wrapper.py:384} INFO - AWS Connection (conn_id='s3_conn_team', conn_type='aws') credentials retrieved from login and password.
[2025-03-14T09:43:56.719+0000] {s3_to_redshift.py:193} INFO - Executing COPY command...
[2025-03-14T09:43:56.734+0000] {base.py:84} INFO - Using connection ID 'redshift_conn_team' for task execution.
[2025-03-14T09:43:57.167+0000] {sql.py:470} INFO - Running statement: BEGIN;, parameters: None
[2025-03-14T09:43:57.182+0000] {sql.py:470} INFO - Running statement: DELETE FROM analytics.match_info;, parameters: None
[2025-03-14T09:43:57.221+0000] {sql.py:479} INFO - Rows affected: 17514
[2025-03-14T09:43:57.222+0000] {sql.py:470} INFO - Running statement: 
                    COPY analytics.match_info 
                    FROM 's3://de5-finalproj-team2/analytics/match_data/2025-03-14/'
                    credentials
                    'aws_access_key_id=AKIA4RRVVY55RK5T7HCV;aws_secret_access_key=***'
                    
                    FORMAT AS PARQUET;
        , parameters: None
[2025-03-14T09:43:57.576+0000] {sql.py:470} INFO - Running statement: COMMIT, parameters: None
[2025-03-14T09:43:57.639+0000] {s3_to_redshift.py:198} INFO - COPY command complete...
[2025-03-14T09:43:57.641+0000] {taskinstance.py:441} INFO - ::group::Post task execution logs
[2025-03-14T09:43:57.697+0000] {taskinstance.py:1206} INFO - Marking task as SUCCESS. dag_id=match_info_to_redshift_dag, task_id=s3_to_redshift_match_data, run_id=manual__2025-03-14T09:43:54.200418+00:00, execution_date=20250314T094354, start_date=20250314T094356, end_date=20250314T094357
[2025-03-14T09:43:57.769+0000] {local_task_job_runner.py:240} INFO - Task exited with return code 0
[2025-03-14T09:43:57.802+0000] {taskinstance.py:3498} INFO - 0 downstream tasks scheduled from follow-on schedule check
[2025-03-14T09:43:57.804+0000] {local_task_job_runner.py:222} INFO - ::endgroup::
