[2025-03-14T05:26:54.115+0000] {local_task_job_runner.py:120} INFO - ::group::Pre task execution logs
[2025-03-14T05:26:54.140+0000] {taskinstance.py:2076} INFO - Dependencies all met for dep_context=non-requeueable deps ti=<TaskInstance: match_info_to_redshift_dag.s3_to_redshift_match_data manual__2025-03-14T02:27:24.252728+00:00 [queued]>
[2025-03-14T05:26:54.150+0000] {taskinstance.py:2076} INFO - Dependencies all met for dep_context=requeueable deps ti=<TaskInstance: match_info_to_redshift_dag.s3_to_redshift_match_data manual__2025-03-14T02:27:24.252728+00:00 [queued]>
[2025-03-14T05:26:54.150+0000] {taskinstance.py:2306} INFO - Starting attempt 2 of 3
[2025-03-14T05:26:54.164+0000] {taskinstance.py:2330} INFO - Executing <Task(S3ToRedshiftOperator): s3_to_redshift_match_data> on 2025-03-14 02:27:24.252728+00:00
[2025-03-14T05:26:54.171+0000] {standard_task_runner.py:63} INFO - Started process 19972 to run task
[2025-03-14T05:26:54.176+0000] {standard_task_runner.py:90} INFO - Running: ['***', 'tasks', 'run', 'match_info_to_redshift_dag', 's3_to_redshift_match_data', 'manual__2025-03-14T02:27:24.252728+00:00', '--job-id', '170', '--raw', '--subdir', 'DAGS_FOLDER/match_info_redshift_dag.py', '--cfg-path', '/tmp/tmpxdwfnu_o']
[2025-03-14T05:26:54.179+0000] {standard_task_runner.py:91} INFO - Job 170: Subtask s3_to_redshift_match_data
[2025-03-14T05:26:54.262+0000] {task_command.py:426} INFO - Running <TaskInstance: match_info_to_redshift_dag.s3_to_redshift_match_data manual__2025-03-14T02:27:24.252728+00:00 [running]> on host a0d797a25898
[2025-03-14T05:26:54.446+0000] {taskinstance.py:2648} INFO - Exporting env vars: AIRFLOW_CTX_DAG_OWNER='***' AIRFLOW_CTX_DAG_ID='match_info_to_redshift_dag' AIRFLOW_CTX_TASK_ID='s3_to_redshift_match_data' AIRFLOW_CTX_EXECUTION_DATE='2025-03-14T02:27:24.252728+00:00' AIRFLOW_CTX_TRY_NUMBER='2' AIRFLOW_CTX_DAG_RUN_ID='manual__2025-03-14T02:27:24.252728+00:00'
[2025-03-14T05:26:54.447+0000] {taskinstance.py:430} INFO - ::endgroup::
[2025-03-14T05:26:54.527+0000] {base.py:84} INFO - Using connection ID 's3_conn_team' for task execution.
[2025-03-14T05:26:54.561+0000] {base.py:84} INFO - Using connection ID 's3_conn_team' for task execution.
[2025-03-14T05:26:54.562+0000] {connection_wrapper.py:384} INFO - AWS Connection (conn_id='s3_conn_team', conn_type='aws') credentials retrieved from login and password.
[2025-03-14T05:26:54.588+0000] {s3_to_redshift.py:193} INFO - Executing COPY command...
[2025-03-14T05:26:54.643+0000] {base.py:84} INFO - Using connection ID 'redshift_conn_team' for task execution.
[2025-03-14T05:26:55.484+0000] {sql.py:470} INFO - Running statement: BEGIN;, parameters: None
[2025-03-14T05:26:55.490+0000] {sql.py:470} INFO - Running statement: DELETE FROM analytics.match_info;, parameters: None
[2025-03-14T05:26:55.902+0000] {sql.py:479} INFO - Rows affected: 0
[2025-03-14T05:26:55.902+0000] {sql.py:470} INFO - Running statement: 
                    COPY analytics.match_info 
                    FROM 's3://de5-finalproj-team2/analytics/match_data/2025-03-14/'
                    credentials
                    'aws_access_key_id=AKIA4RRVVY55RK5T7HCV;aws_secret_access_key=***'
                    
                    FORMAT AS PARQUET;
        , parameters: None
[2025-03-14T05:26:56.938+0000] {sql.py:470} INFO - Running statement: COMMIT, parameters: None
[2025-03-14T05:26:56.999+0000] {s3_to_redshift.py:198} INFO - COPY command complete...
[2025-03-14T05:26:57.001+0000] {taskinstance.py:441} INFO - ::group::Post task execution logs
[2025-03-14T05:26:57.020+0000] {taskinstance.py:1206} INFO - Marking task as SUCCESS. dag_id=match_info_to_redshift_dag, task_id=s3_to_redshift_match_data, run_id=manual__2025-03-14T02:27:24.252728+00:00, execution_date=20250314T022724, start_date=20250314T052654, end_date=20250314T052657
[2025-03-14T05:26:57.067+0000] {local_task_job_runner.py:240} INFO - Task exited with return code 0
[2025-03-14T05:26:57.094+0000] {taskinstance.py:3498} INFO - 0 downstream tasks scheduled from follow-on schedule check
[2025-03-14T05:26:57.096+0000] {local_task_job_runner.py:222} INFO - ::endgroup::
