[2025-03-09T11:46:36.322+0000] {local_task_job_runner.py:120} INFO - ::group::Pre task execution logs
[2025-03-09T11:46:36.356+0000] {taskinstance.py:2076} INFO - Dependencies all met for dep_context=non-requeueable deps ti=<TaskInstance: submit_spark_job_v3.submit_spark_via_ssh manual__2025-03-09T11:33:17.611774+00:00 [queued]>
[2025-03-09T11:46:36.368+0000] {taskinstance.py:2076} INFO - Dependencies all met for dep_context=requeueable deps ti=<TaskInstance: submit_spark_job_v3.submit_spark_via_ssh manual__2025-03-09T11:33:17.611774+00:00 [queued]>
[2025-03-09T11:46:36.368+0000] {taskinstance.py:2306} INFO - Starting attempt 5 of 6
[2025-03-09T11:46:36.381+0000] {taskinstance.py:2330} INFO - Executing <Task(SSHOperator): submit_spark_via_ssh> on 2025-03-09 11:33:17.611774+00:00
[2025-03-09T11:46:36.386+0000] {standard_task_runner.py:63} INFO - Started process 19683 to run task
[2025-03-09T11:46:36.390+0000] {standard_task_runner.py:90} INFO - Running: ['***', 'tasks', 'run', 'submit_spark_job_v3', 'submit_spark_via_ssh', 'manual__2025-03-09T11:33:17.611774+00:00', '--job-id', '53', '--raw', '--subdir', 'DAGS_FOLDER/match_info_spark_process_v3.py', '--cfg-path', '/tmp/tmpohhqnzk9']
[2025-03-09T11:46:36.392+0000] {standard_task_runner.py:91} INFO - Job 53: Subtask submit_spark_via_ssh
[2025-03-09T11:46:36.453+0000] {task_command.py:426} INFO - Running <TaskInstance: submit_spark_job_v3.submit_spark_via_ssh manual__2025-03-09T11:33:17.611774+00:00 [running]> on host 40942f81e2c9
[2025-03-09T11:46:36.572+0000] {taskinstance.py:2648} INFO - Exporting env vars: AIRFLOW_CTX_DAG_OWNER='***' AIRFLOW_CTX_DAG_ID='submit_spark_job_v3' AIRFLOW_CTX_TASK_ID='submit_spark_via_ssh' AIRFLOW_CTX_EXECUTION_DATE='2025-03-09T11:33:17.611774+00:00' AIRFLOW_CTX_TRY_NUMBER='5' AIRFLOW_CTX_DAG_RUN_ID='manual__2025-03-09T11:33:17.611774+00:00'
[2025-03-09T11:46:36.572+0000] {taskinstance.py:430} INFO - ::endgroup::
[2025-03-09T11:46:36.587+0000] {ssh.py:151} INFO - Creating ssh_client
[2025-03-09T11:46:36.587+0000] {ssh.py:124} INFO - ssh_hook is not provided or invalid. Trying ssh_conn_id to create SSHHook.
[2025-03-09T11:46:36.603+0000] {base.py:84} INFO - Using connection ID 'spark_ssh_conn' for task execution.
[2025-03-09T11:46:36.603+0000] {ssh.py:301} WARNING - No Host Key Verification. This won't protect against Man-In-The-Middle attacks
[2025-03-09T11:46:36.607+0000] {transport.py:1909} INFO - Connected (version 2.0, client OpenSSH_9.6p1)
[2025-03-09T11:46:36.670+0000] {transport.py:1909} INFO - Authentication (publickey) successful!
[2025-03-09T11:46:36.670+0000] {ssh.py:480} INFO - Running command: 
    set -e  # 명령어 실패 시 즉시 종료
    echo "Starting Spark Job on 2025-03-08"

    echo "Submitting Spark Job... for 2025-03-08 data"
   /spark-3.5.3/bin/spark-submit /home/ubuntu/spark_scripts/match_info_pyspark.py 2025-03-08 > spark_job.log 2>&1
    exit_code=$?

    # 실행 로그 출력 (Airflow에서 확인 가능)
    if [ -f spark_job.log ]; then
        echo "=== Spark Job Log Start ==="
        cat spark_job.log
        echo "=== Spark Job Log End ==="
    else
        echo "Warning: spark_job.log not found!"
    fi

    # Spark 실패 감지
    if [ $exit_code -ne 0 ]; then
        echo "Spark Job Failed! Check logs."
        exit 1
    else
        echo "Spark Job Succeeded!"
    fi
    
[2025-03-09T11:46:37.267+0000] {ssh.py:526} INFO - Starting Spark Job on 2025-03-08
[2025-03-09T11:46:37.267+0000] {ssh.py:526} INFO - Submitting Spark Job... for 2025-03-08 data
[2025-03-09T11:47:01.488+0000] {ssh.py:526} INFO - === Spark Job Log Start ===
[2025-03-09T11:47:01.491+0000] {ssh.py:526} INFO - Processing date: 2025-03-08
[2025-03-09T11:47:01.492+0000] {ssh.py:526} INFO - 25/03/09 11:46:40 INFO SparkContext: Running Spark version 3.5.3
[2025-03-09T11:47:01.492+0000] {ssh.py:526} INFO - 25/03/09 11:46:40 INFO SparkContext: OS info Linux, 6.8.0-1024-aws, amd64
[2025-03-09T11:47:01.493+0000] {ssh.py:526} INFO - 25/03/09 11:46:40 INFO SparkContext: Java version 11.0.26
[2025-03-09T11:47:01.493+0000] {ssh.py:526} INFO - 25/03/09 11:46:41 WARN NativeCodeLoader: Unable to load native-hadoop library for your platform... using builtin-java classes where applicable
[2025-03-09T11:47:01.493+0000] {ssh.py:526} INFO - 25/03/09 11:46:41 INFO ResourceUtils: ==============================================================
[2025-03-09T11:47:01.493+0000] {ssh.py:526} INFO - 25/03/09 11:46:41 INFO ResourceUtils: No custom resources configured for spark.driver.
[2025-03-09T11:47:01.493+0000] {ssh.py:526} INFO - 25/03/09 11:46:41 INFO ResourceUtils: ==============================================================
[2025-03-09T11:47:01.493+0000] {ssh.py:526} INFO - 25/03/09 11:46:41 INFO SparkContext: Submitted application: json to parquet
[2025-03-09T11:47:01.494+0000] {ssh.py:526} INFO - 25/03/09 11:46:41 INFO ResourceProfile: Default ResourceProfile created, executor resources: Map(cores -> name: cores, amount: 1, script: , vendor: , memory -> name: memory, amount: 1024, script: , vendor: , offHeap -> name: offHeap, amount: 0, script: , vendor: ), task resources: Map(cpus -> name: cpus, amount: 1.0)
[2025-03-09T11:47:01.494+0000] {ssh.py:526} INFO - 25/03/09 11:46:41 INFO ResourceProfile: Limiting resource is cpu
[2025-03-09T11:47:01.494+0000] {ssh.py:526} INFO - 25/03/09 11:46:41 INFO ResourceProfileManager: Added ResourceProfile id: 0
[2025-03-09T11:47:01.494+0000] {ssh.py:526} INFO - 25/03/09 11:46:41 INFO SecurityManager: Changing view acls to: ubuntu
[2025-03-09T11:47:01.494+0000] {ssh.py:526} INFO - 25/03/09 11:46:41 INFO SecurityManager: Changing modify acls to: ubuntu
[2025-03-09T11:47:01.494+0000] {ssh.py:526} INFO - 25/03/09 11:46:41 INFO SecurityManager: Changing view acls groups to: 
[2025-03-09T11:47:01.494+0000] {ssh.py:526} INFO - 25/03/09 11:46:41 INFO SecurityManager: Changing modify acls groups to: 
[2025-03-09T11:47:01.494+0000] {ssh.py:526} INFO - 25/03/09 11:46:41 INFO SecurityManager: SecurityManager: authentication disabled; ui acls disabled; users with view permissions: ubuntu; groups with view permissions: EMPTY; users with modify permissions: ubuntu; groups with modify permissions: EMPTY
[2025-03-09T11:47:01.495+0000] {ssh.py:526} INFO - 25/03/09 11:46:41 INFO Utils: Successfully started service 'sparkDriver' on port 36111.
[2025-03-09T11:47:01.495+0000] {ssh.py:526} INFO - 25/03/09 11:46:41 INFO SparkEnv: Registering MapOutputTracker
[2025-03-09T11:47:01.495+0000] {ssh.py:526} INFO - 25/03/09 11:46:41 INFO SparkEnv: Registering BlockManagerMaster
[2025-03-09T11:47:01.495+0000] {ssh.py:526} INFO - 25/03/09 11:46:41 INFO BlockManagerMasterEndpoint: Using org.apache.spark.storage.DefaultTopologyMapper for getting topology information
[2025-03-09T11:47:01.495+0000] {ssh.py:526} INFO - 25/03/09 11:46:41 INFO BlockManagerMasterEndpoint: BlockManagerMasterEndpoint up
[2025-03-09T11:47:01.495+0000] {ssh.py:526} INFO - 25/03/09 11:46:41 INFO SparkEnv: Registering BlockManagerMasterHeartbeat
[2025-03-09T11:47:01.495+0000] {ssh.py:526} INFO - 25/03/09 11:46:41 INFO DiskBlockManager: Created local directory at /tmp/blockmgr-8351f2f9-e029-4dd6-8c45-80eb3e1951ee
[2025-03-09T11:47:01.495+0000] {ssh.py:526} INFO - 25/03/09 11:46:41 INFO MemoryStore: MemoryStore started with capacity 434.4 MiB
[2025-03-09T11:47:01.496+0000] {ssh.py:526} INFO - 25/03/09 11:46:41 INFO SparkEnv: Registering OutputCommitCoordinator
[2025-03-09T11:47:01.496+0000] {ssh.py:526} INFO - 25/03/09 11:46:42 INFO JettyUtils: Start Jetty 0.0.0.0:4040 for SparkUI
[2025-03-09T11:47:01.496+0000] {ssh.py:526} INFO - 25/03/09 11:46:42 INFO Utils: Successfully started service 'SparkUI' on port 4040.
[2025-03-09T11:47:01.496+0000] {ssh.py:526} INFO - 25/03/09 11:46:42 INFO Executor: Starting executor ID driver on host ip-172-31-12-182.ap-northeast-2.compute.internal
[2025-03-09T11:47:01.496+0000] {ssh.py:526} INFO - 25/03/09 11:46:42 INFO Executor: OS info Linux, 6.8.0-1024-aws, amd64
[2025-03-09T11:47:01.496+0000] {ssh.py:526} INFO - 25/03/09 11:46:42 INFO Executor: Java version 11.0.26
[2025-03-09T11:47:01.496+0000] {ssh.py:526} INFO - 25/03/09 11:46:42 INFO Executor: Starting executor with user classpath (userClassPathFirst = false): ''
[2025-03-09T11:47:01.496+0000] {ssh.py:526} INFO - 25/03/09 11:46:42 INFO Executor: Created or updated repl class loader org.apache.spark.util.MutableURLClassLoader@5feb4dfb for default.
[2025-03-09T11:47:01.497+0000] {ssh.py:526} INFO - 25/03/09 11:46:42 INFO Utils: Successfully started service 'org.apache.spark.network.netty.NettyBlockTransferService' on port 42523.
[2025-03-09T11:47:01.497+0000] {ssh.py:526} INFO - 25/03/09 11:46:42 INFO NettyBlockTransferService: Server created on 0.0.0.0:42523
[2025-03-09T11:47:01.497+0000] {ssh.py:526} INFO - 25/03/09 11:46:42 INFO BlockManager: Using org.apache.spark.storage.RandomBlockReplicationPolicy for block replication policy
[2025-03-09T11:47:01.497+0000] {ssh.py:526} INFO - 25/03/09 11:46:42 INFO BlockManagerMaster: Registering BlockManager BlockManagerId(driver, 0.0.0.0, 42523, None)
[2025-03-09T11:47:01.497+0000] {ssh.py:526} INFO - 25/03/09 11:46:42 INFO BlockManagerMasterEndpoint: Registering block manager 0.0.0.0:42523 with 434.4 MiB RAM, BlockManagerId(driver, 0.0.0.0, 42523, None)
[2025-03-09T11:47:01.497+0000] {ssh.py:526} INFO - 25/03/09 11:46:42 INFO BlockManagerMaster: Registered BlockManager BlockManagerId(driver, 0.0.0.0, 42523, None)
[2025-03-09T11:47:01.497+0000] {ssh.py:526} INFO - 25/03/09 11:46:42 INFO BlockManager: Initialized BlockManager: BlockManagerId(driver, 0.0.0.0, 42523, None)
[2025-03-09T11:47:01.498+0000] {ssh.py:526} INFO - Reading json file from: s3a://de5-finalproj-team2/raw_data/json/match_data/2025-03-08/*.json
[2025-03-09T11:47:01.498+0000] {ssh.py:526} INFO - 25/03/09 11:46:43 INFO SharedState: Setting hive.metastore.warehouse.dir ('null') to the value of spark.sql.warehouse.dir.
[2025-03-09T11:47:01.498+0000] {ssh.py:526} INFO - 25/03/09 11:46:43 INFO SharedState: Warehouse path is 'file:/home/ubuntu/spark-warehouse'.
[2025-03-09T11:47:01.498+0000] {ssh.py:526} INFO - 25/03/09 11:46:44 WARN MetricsConfig: Cannot locate configuration: tried hadoop-metrics2-s3a-file-system.properties,hadoop-metrics2.properties
[2025-03-09T11:47:01.498+0000] {ssh.py:526} INFO - 25/03/09 11:46:44 INFO MetricsSystemImpl: Scheduled Metric snapshot period at 10 second(s).
[2025-03-09T11:47:01.498+0000] {ssh.py:526} INFO - 25/03/09 11:46:44 INFO MetricsSystemImpl: s3a-file-system metrics system started
[2025-03-09T11:47:01.499+0000] {ssh.py:526} INFO - 25/03/09 11:46:46 INFO InMemoryFileIndex: It took 125 ms to list leaf files for 1 paths.
[2025-03-09T11:47:01.499+0000] {ssh.py:526} INFO - 25/03/09 11:46:46 INFO InMemoryFileIndex: It took 42 ms to list leaf files for 1 paths.
[2025-03-09T11:47:01.499+0000] {ssh.py:526} INFO - 25/03/09 11:46:49 INFO FileSourceStrategy: Pushed Filters: 
[2025-03-09T11:47:01.499+0000] {ssh.py:526} INFO - 25/03/09 11:46:49 INFO FileSourceStrategy: Post-Scan Filters: 
[2025-03-09T11:47:01.499+0000] {ssh.py:526} INFO - 25/03/09 11:46:50 INFO MemoryStore: Block broadcast_0 stored as values in memory (estimated size 201.0 KiB, free 434.2 MiB)
[2025-03-09T11:47:01.499+0000] {ssh.py:526} INFO - 25/03/09 11:46:50 INFO MemoryStore: Block broadcast_0_piece0 stored as bytes in memory (estimated size 34.7 KiB, free 434.2 MiB)
[2025-03-09T11:47:01.499+0000] {ssh.py:526} INFO - 25/03/09 11:46:50 INFO BlockManagerInfo: Added broadcast_0_piece0 in memory on 0.0.0.0:42523 (size: 34.7 KiB, free: 434.4 MiB)
[2025-03-09T11:47:01.499+0000] {ssh.py:526} INFO - 25/03/09 11:46:50 INFO SparkContext: Created broadcast 0 from json at NativeMethodAccessorImpl.java:0
[2025-03-09T11:47:01.500+0000] {ssh.py:526} INFO - 25/03/09 11:46:50 INFO FileSourceScanExec: Planning scan with bin packing, max size: 5326846 bytes, open cost is considered as scanning 4194304 bytes.
[2025-03-09T11:47:01.500+0000] {ssh.py:526} INFO - 25/03/09 11:46:50 INFO SparkContext: Starting job: json at NativeMethodAccessorImpl.java:0
[2025-03-09T11:47:01.500+0000] {ssh.py:526} INFO - 25/03/09 11:46:50 INFO DAGScheduler: Got job 0 (json at NativeMethodAccessorImpl.java:0) with 1 output partitions
[2025-03-09T11:47:01.500+0000] {ssh.py:526} INFO - 25/03/09 11:46:50 INFO DAGScheduler: Final stage: ResultStage 0 (json at NativeMethodAccessorImpl.java:0)
[2025-03-09T11:47:01.500+0000] {ssh.py:526} INFO - 25/03/09 11:46:50 INFO DAGScheduler: Parents of final stage: List()
[2025-03-09T11:47:01.500+0000] {ssh.py:526} INFO - 25/03/09 11:46:50 INFO DAGScheduler: Missing parents: List()
[2025-03-09T11:47:01.500+0000] {ssh.py:526} INFO - 25/03/09 11:46:50 INFO DAGScheduler: Submitting ResultStage 0 (MapPartitionsRDD[3] at json at NativeMethodAccessorImpl.java:0), which has no missing parents
[2025-03-09T11:47:01.500+0000] {ssh.py:526} INFO - 25/03/09 11:46:50 INFO MemoryStore: Block broadcast_1 stored as values in memory (estimated size 16.5 KiB, free 434.2 MiB)
[2025-03-09T11:47:01.501+0000] {ssh.py:526} INFO - 25/03/09 11:46:50 INFO MemoryStore: Block broadcast_1_piece0 stored as bytes in memory (estimated size 7.8 KiB, free 434.1 MiB)
[2025-03-09T11:47:01.501+0000] {ssh.py:526} INFO - 25/03/09 11:46:50 INFO BlockManagerInfo: Added broadcast_1_piece0 in memory on 0.0.0.0:42523 (size: 7.8 KiB, free: 434.4 MiB)
[2025-03-09T11:47:01.501+0000] {ssh.py:526} INFO - 25/03/09 11:46:50 INFO SparkContext: Created broadcast 1 from broadcast at DAGScheduler.scala:1585
[2025-03-09T11:47:01.501+0000] {ssh.py:526} INFO - 25/03/09 11:46:50 INFO DAGScheduler: Submitting 1 missing tasks from ResultStage 0 (MapPartitionsRDD[3] at json at NativeMethodAccessorImpl.java:0) (first 15 tasks are for partitions Vector(0))
[2025-03-09T11:47:01.501+0000] {ssh.py:526} INFO - 25/03/09 11:46:50 INFO TaskSchedulerImpl: Adding task set 0.0 with 1 tasks resource profile 0
[2025-03-09T11:47:01.501+0000] {ssh.py:526} INFO - 25/03/09 11:46:50 INFO TaskSetManager: Starting task 0.0 in stage 0.0 (TID 0) (ip-172-31-12-182.ap-northeast-2.compute.internal, executor driver, partition 0, PROCESS_LOCAL, 9636 bytes) 
[2025-03-09T11:47:01.501+0000] {ssh.py:526} INFO - 25/03/09 11:46:50 INFO Executor: Running task 0.0 in stage 0.0 (TID 0)
[2025-03-09T11:47:01.501+0000] {ssh.py:526} INFO - 25/03/09 11:46:50 INFO FileScanRDD: Reading File path: s3a://de5-finalproj-team2/raw_data/json/match_data/2025-03-08/group_0.json, range: 0-1132542, partition values: [empty row]
[2025-03-09T11:47:01.502+0000] {ssh.py:526} INFO - 25/03/09 11:46:51 INFO CodeGenerator: Code generated in 375.098204 ms
[2025-03-09T11:47:01.502+0000] {ssh.py:526} INFO - 25/03/09 11:46:51 INFO Executor: Finished task 0.0 in stage 0.0 (TID 0). 2408 bytes result sent to driver
[2025-03-09T11:47:01.502+0000] {ssh.py:526} INFO - 25/03/09 11:46:51 INFO TaskSetManager: Finished task 0.0 in stage 0.0 (TID 0) in 1172 ms on ip-172-31-12-182.ap-northeast-2.compute.internal (executor driver) (1/1)
[2025-03-09T11:47:01.502+0000] {ssh.py:526} INFO - 25/03/09 11:46:51 INFO TaskSchedulerImpl: Removed TaskSet 0.0, whose tasks have all completed, from pool 
[2025-03-09T11:47:01.502+0000] {ssh.py:526} INFO - 25/03/09 11:46:51 INFO DAGScheduler: ResultStage 0 (json at NativeMethodAccessorImpl.java:0) finished in 1.426 s
[2025-03-09T11:47:01.502+0000] {ssh.py:526} INFO - 25/03/09 11:46:51 INFO DAGScheduler: Job 0 is finished. Cancelling potential speculative or zombie tasks for this job
[2025-03-09T11:47:01.502+0000] {ssh.py:526} INFO - 25/03/09 11:46:51 INFO TaskSchedulerImpl: Killing all running tasks in stage 0: Stage finished
[2025-03-09T11:47:01.502+0000] {ssh.py:526} INFO - 25/03/09 11:46:51 INFO DAGScheduler: Job 0 finished: json at NativeMethodAccessorImpl.java:0, took 1.512702 s
[2025-03-09T11:47:01.502+0000] {ssh.py:526} INFO - 25/03/09 11:46:52 INFO BlockManagerInfo: Removed broadcast_1_piece0 on 0.0.0.0:42523 in memory (size: 7.8 KiB, free: 434.4 MiB)
[2025-03-09T11:47:01.503+0000] {ssh.py:526} INFO - 25/03/09 11:46:52 INFO BlockManagerInfo: Removed broadcast_0_piece0 on 0.0.0.0:42523 in memory (size: 34.7 KiB, free: 434.4 MiB)
[2025-03-09T11:47:01.503+0000] {ssh.py:526} INFO - Writing trend_analysis parquet
[2025-03-09T11:47:01.503+0000] {ssh.py:526} INFO - 25/03/09 11:46:52 INFO FileSourceStrategy: Pushed Filters: IsNotNull(player_info)
[2025-03-09T11:47:01.503+0000] {ssh.py:526} INFO - 25/03/09 11:46:52 INFO FileSourceStrategy: Post-Scan Filters: (size(player_info#13, true) > 0),isnotnull(player_info#13)
[2025-03-09T11:47:01.503+0000] {ssh.py:526} INFO - 25/03/09 11:46:52 INFO ParquetUtils: Using default output committer for Parquet: org.apache.parquet.hadoop.ParquetOutputCommitter
[2025-03-09T11:47:01.503+0000] {ssh.py:526} INFO - 25/03/09 11:46:52 INFO FileOutputCommitter: File Output Committer Algorithm version is 1
[2025-03-09T11:47:01.503+0000] {ssh.py:526} INFO - 25/03/09 11:46:52 INFO FileOutputCommitter: FileOutputCommitter skip cleanup _temporary folders under output directory:false, ignore cleanup failures: false
[2025-03-09T11:47:01.503+0000] {ssh.py:526} INFO - 25/03/09 11:46:52 INFO SQLHadoopMapReduceCommitProtocol: Using user defined output committer class org.apache.parquet.hadoop.ParquetOutputCommitter
[2025-03-09T11:47:01.503+0000] {ssh.py:526} INFO - 25/03/09 11:46:52 INFO FileOutputCommitter: File Output Committer Algorithm version is 1
[2025-03-09T11:47:01.504+0000] {ssh.py:526} INFO - 25/03/09 11:46:52 INFO FileOutputCommitter: FileOutputCommitter skip cleanup _temporary folders under output directory:false, ignore cleanup failures: false
[2025-03-09T11:47:01.504+0000] {ssh.py:526} INFO - 25/03/09 11:46:52 INFO SQLHadoopMapReduceCommitProtocol: Using output committer class org.apache.parquet.hadoop.ParquetOutputCommitter
[2025-03-09T11:47:01.504+0000] {ssh.py:526} INFO - 25/03/09 11:46:53 INFO CodeGenerator: Code generated in 94.848375 ms
[2025-03-09T11:47:01.504+0000] {ssh.py:526} INFO - 25/03/09 11:46:53 INFO MemoryStore: Block broadcast_2 stored as values in memory (estimated size 200.9 KiB, free 434.2 MiB)
[2025-03-09T11:47:01.504+0000] {ssh.py:526} INFO - 25/03/09 11:46:53 INFO MemoryStore: Block broadcast_2_piece0 stored as bytes in memory (estimated size 34.7 KiB, free 434.2 MiB)
[2025-03-09T11:47:01.504+0000] {ssh.py:526} INFO - 25/03/09 11:46:53 INFO BlockManagerInfo: Added broadcast_2_piece0 in memory on 0.0.0.0:42523 (size: 34.7 KiB, free: 434.4 MiB)
[2025-03-09T11:47:01.504+0000] {ssh.py:526} INFO - 25/03/09 11:46:53 INFO SparkContext: Created broadcast 2 from save at NativeMethodAccessorImpl.java:0
[2025-03-09T11:47:01.504+0000] {ssh.py:526} INFO - 25/03/09 11:46:53 INFO FileSourceScanExec: Planning scan with bin packing, max size: 5326846 bytes, open cost is considered as scanning 4194304 bytes.
[2025-03-09T11:47:01.505+0000] {ssh.py:526} INFO - 25/03/09 11:46:53 INFO SparkContext: Starting job: save at NativeMethodAccessorImpl.java:0
[2025-03-09T11:47:01.505+0000] {ssh.py:526} INFO - 25/03/09 11:46:53 INFO DAGScheduler: Got job 1 (save at NativeMethodAccessorImpl.java:0) with 1 output partitions
[2025-03-09T11:47:01.505+0000] {ssh.py:526} INFO - 25/03/09 11:46:53 INFO DAGScheduler: Final stage: ResultStage 1 (save at NativeMethodAccessorImpl.java:0)
[2025-03-09T11:47:01.505+0000] {ssh.py:526} INFO - 25/03/09 11:46:53 INFO DAGScheduler: Parents of final stage: List()
[2025-03-09T11:47:01.505+0000] {ssh.py:526} INFO - 25/03/09 11:46:53 INFO DAGScheduler: Missing parents: List()
[2025-03-09T11:47:01.505+0000] {ssh.py:526} INFO - 25/03/09 11:46:53 INFO DAGScheduler: Submitting ResultStage 1 (MapPartitionsRDD[7] at save at NativeMethodAccessorImpl.java:0), which has no missing parents
[2025-03-09T11:47:01.505+0000] {ssh.py:526} INFO - 25/03/09 11:46:53 INFO MemoryStore: Block broadcast_3 stored as values in memory (estimated size 225.1 KiB, free 434.0 MiB)
[2025-03-09T11:47:01.505+0000] {ssh.py:526} INFO - 25/03/09 11:46:53 INFO MemoryStore: Block broadcast_3_piece0 stored as bytes in memory (estimated size 81.0 KiB, free 433.9 MiB)
[2025-03-09T11:47:01.506+0000] {ssh.py:526} INFO - 25/03/09 11:46:53 INFO BlockManagerInfo: Added broadcast_3_piece0 in memory on 0.0.0.0:42523 (size: 81.0 KiB, free: 434.3 MiB)
[2025-03-09T11:47:01.506+0000] {ssh.py:526} INFO - 25/03/09 11:46:53 INFO SparkContext: Created broadcast 3 from broadcast at DAGScheduler.scala:1585
[2025-03-09T11:47:01.506+0000] {ssh.py:526} INFO - 25/03/09 11:46:53 INFO DAGScheduler: Submitting 1 missing tasks from ResultStage 1 (MapPartitionsRDD[7] at save at NativeMethodAccessorImpl.java:0) (first 15 tasks are for partitions Vector(0))
[2025-03-09T11:47:01.506+0000] {ssh.py:526} INFO - 25/03/09 11:46:53 INFO TaskSchedulerImpl: Adding task set 1.0 with 1 tasks resource profile 0
[2025-03-09T11:47:01.506+0000] {ssh.py:526} INFO - 25/03/09 11:46:53 INFO TaskSetManager: Starting task 0.0 in stage 1.0 (TID 1) (ip-172-31-12-182.ap-northeast-2.compute.internal, executor driver, partition 0, PROCESS_LOCAL, 9636 bytes) 
[2025-03-09T11:47:01.506+0000] {ssh.py:526} INFO - 25/03/09 11:46:53 INFO Executor: Running task 0.0 in stage 1.0 (TID 1)
[2025-03-09T11:47:01.506+0000] {ssh.py:526} INFO - 25/03/09 11:46:53 INFO CodeGenerator: Code generated in 154.965997 ms
[2025-03-09T11:47:01.506+0000] {ssh.py:526} INFO - 25/03/09 11:46:53 INFO FileOutputCommitter: File Output Committer Algorithm version is 1
[2025-03-09T11:47:01.506+0000] {ssh.py:526} INFO - 25/03/09 11:46:53 INFO FileOutputCommitter: FileOutputCommitter skip cleanup _temporary folders under output directory:false, ignore cleanup failures: false
[2025-03-09T11:47:01.507+0000] {ssh.py:526} INFO - 25/03/09 11:46:53 INFO SQLHadoopMapReduceCommitProtocol: Using user defined output committer class org.apache.parquet.hadoop.ParquetOutputCommitter
[2025-03-09T11:47:01.507+0000] {ssh.py:526} INFO - 25/03/09 11:46:53 INFO FileOutputCommitter: File Output Committer Algorithm version is 1
[2025-03-09T11:47:01.507+0000] {ssh.py:526} INFO - 25/03/09 11:46:53 INFO FileOutputCommitter: FileOutputCommitter skip cleanup _temporary folders under output directory:false, ignore cleanup failures: false
[2025-03-09T11:47:01.507+0000] {ssh.py:526} INFO - 25/03/09 11:46:53 INFO SQLHadoopMapReduceCommitProtocol: Using output committer class org.apache.parquet.hadoop.ParquetOutputCommitter
[2025-03-09T11:47:01.507+0000] {ssh.py:526} INFO - 25/03/09 11:46:53 INFO CodecConfig: Compression: SNAPPY
[2025-03-09T11:47:01.507+0000] {ssh.py:526} INFO - 25/03/09 11:46:53 INFO CodecConfig: Compression: SNAPPY
[2025-03-09T11:47:01.507+0000] {ssh.py:526} INFO - 25/03/09 11:46:53 INFO ParquetOutputFormat: ParquetRecordWriter [block size: 134217728b, row group padding size: 8388608b, validating: false]
[2025-03-09T11:47:01.507+0000] {ssh.py:526} INFO - 25/03/09 11:46:54 INFO ParquetWriteSupport: Initialized Parquet WriteSupport with Catalyst schema:
[2025-03-09T11:47:01.508+0000] {ssh.py:526} INFO - {
[2025-03-09T11:47:01.508+0000] {ssh.py:526} INFO -   "type" : "struct",
[2025-03-09T11:47:01.508+0000] {ssh.py:526} INFO -   "fields" : [ {
[2025-03-09T11:47:01.508+0000] {ssh.py:526} INFO -     "name" : "match_id",
[2025-03-09T11:47:01.508+0000] {ssh.py:526} INFO -     "type" : "string",
[2025-03-09T11:47:01.508+0000] {ssh.py:526} INFO -     "nullable" : true,
[2025-03-09T11:47:01.508+0000] {ssh.py:526} INFO -     "metadata" : { }
[2025-03-09T11:47:01.508+0000] {ssh.py:526} INFO -   }, {
[2025-03-09T11:47:01.509+0000] {ssh.py:526} INFO -     "name" : "spid",
[2025-03-09T11:47:01.509+0000] {ssh.py:526} INFO -     "type" : "integer",
[2025-03-09T11:47:01.509+0000] {ssh.py:526} INFO -     "nullable" : true,
[2025-03-09T11:47:01.509+0000] {ssh.py:526} INFO -     "metadata" : { }
[2025-03-09T11:47:01.509+0000] {ssh.py:526} INFO -   }, {
[2025-03-09T11:47:01.509+0000] {ssh.py:526} INFO -     "name" : "season_id",
[2025-03-09T11:47:01.509+0000] {ssh.py:526} INFO -     "type" : "integer",
[2025-03-09T11:47:01.509+0000] {ssh.py:526} INFO -     "nullable" : true,
[2025-03-09T11:47:01.509+0000] {ssh.py:526} INFO -     "metadata" : { }
[2025-03-09T11:47:01.510+0000] {ssh.py:526} INFO -   }, {
[2025-03-09T11:47:01.510+0000] {ssh.py:526} INFO -     "name" : "gamer_nickname",
[2025-03-09T11:47:01.510+0000] {ssh.py:526} INFO -     "type" : "string",
[2025-03-09T11:47:01.510+0000] {ssh.py:526} INFO -     "nullable" : true,
[2025-03-09T11:47:01.510+0000] {ssh.py:526} INFO -     "metadata" : { }
[2025-03-09T11:47:01.510+0000] {ssh.py:526} INFO -   }, {
[2025-03-09T11:47:01.510+0000] {ssh.py:526} INFO -     "name" : "position",
[2025-03-09T11:47:01.510+0000] {ssh.py:526} INFO -     "type" : "integer",
[2025-03-09T11:47:01.510+0000] {ssh.py:526} INFO -     "nullable" : true,
[2025-03-09T11:47:01.511+0000] {ssh.py:526} INFO -     "metadata" : { }
[2025-03-09T11:47:01.511+0000] {ssh.py:526} INFO -   }, {
[2025-03-09T11:47:01.511+0000] {ssh.py:526} INFO -     "name" : "ouid",
[2025-03-09T11:47:01.511+0000] {ssh.py:526} INFO -     "type" : "string",
[2025-03-09T11:47:01.511+0000] {ssh.py:526} INFO -     "nullable" : true,
[2025-03-09T11:47:01.511+0000] {ssh.py:526} INFO -     "metadata" : { }
[2025-03-09T11:47:01.511+0000] {ssh.py:526} INFO -   }, {
[2025-03-09T11:47:01.511+0000] {ssh.py:526} INFO -     "name" : "spgrade",
[2025-03-09T11:47:01.512+0000] {ssh.py:526} INFO -     "type" : "integer",
[2025-03-09T11:47:01.512+0000] {ssh.py:526} INFO -     "nullable" : true,
[2025-03-09T11:47:01.512+0000] {ssh.py:526} INFO -     "metadata" : { }
[2025-03-09T11:47:01.512+0000] {ssh.py:526} INFO -   }, {
[2025-03-09T11:47:01.512+0000] {ssh.py:526} INFO -     "name" : "matchresult",
[2025-03-09T11:47:01.512+0000] {ssh.py:526} INFO -     "type" : "string",
[2025-03-09T11:47:01.512+0000] {ssh.py:526} INFO -     "nullable" : true,
[2025-03-09T11:47:01.512+0000] {ssh.py:526} INFO -     "metadata" : { }
[2025-03-09T11:47:01.512+0000] {ssh.py:526} INFO -   }, {
[2025-03-09T11:47:01.513+0000] {ssh.py:526} INFO -     "name" : "match_date",
[2025-03-09T11:47:01.513+0000] {ssh.py:526} INFO -     "type" : "date",
[2025-03-09T11:47:01.513+0000] {ssh.py:526} INFO -     "nullable" : true,
[2025-03-09T11:47:01.513+0000] {ssh.py:526} INFO -     "metadata" : { }
[2025-03-09T11:47:01.513+0000] {ssh.py:526} INFO -   } ]
[2025-03-09T11:47:01.513+0000] {ssh.py:526} INFO - }
[2025-03-09T11:47:01.513+0000] {ssh.py:526} INFO - and corresponding Parquet message type:
[2025-03-09T11:47:01.514+0000] {ssh.py:526} INFO - message spark_schema {
[2025-03-09T11:47:01.514+0000] {ssh.py:526} INFO -   optional binary match_id (STRING);
[2025-03-09T11:47:01.514+0000] {ssh.py:526} INFO -   optional int32 spid;
[2025-03-09T11:47:01.514+0000] {ssh.py:526} INFO -   optional int32 season_id;
[2025-03-09T11:47:01.514+0000] {ssh.py:526} INFO -   optional binary gamer_nickname (STRING);
[2025-03-09T11:47:01.514+0000] {ssh.py:526} INFO -   optional int32 position;
[2025-03-09T11:47:01.514+0000] {ssh.py:526} INFO -   optional binary ouid (STRING);
[2025-03-09T11:47:01.514+0000] {ssh.py:526} INFO -   optional int32 spgrade;
[2025-03-09T11:47:01.514+0000] {ssh.py:526} INFO -   optional binary matchresult (STRING);
[2025-03-09T11:47:01.515+0000] {ssh.py:526} INFO -   optional int32 match_date (DATE);
[2025-03-09T11:47:01.515+0000] {ssh.py:526} INFO - }
[2025-03-09T11:47:01.515+0000] {ssh.py:526} INFO - 
[2025-03-09T11:47:01.515+0000] {ssh.py:526} INFO -        
[2025-03-09T11:47:01.515+0000] {ssh.py:526} INFO - 25/03/09 11:46:54 INFO CodecPool: Got brand-new compressor [.snappy]
[2025-03-09T11:47:01.515+0000] {ssh.py:526} INFO - 25/03/09 11:46:54 INFO FileScanRDD: Reading File path: s3a://de5-finalproj-team2/raw_data/json/match_data/2025-03-08/group_0.json, range: 0-1132542, partition values: [empty row]
[2025-03-09T11:47:01.515+0000] {ssh.py:526} INFO - 25/03/09 11:46:54 INFO CodeGenerator: Code generated in 39.233328 ms
[2025-03-09T11:47:01.515+0000] {ssh.py:526} INFO - 25/03/09 11:46:54 INFO CodeGenerator: Code generated in 7.586395 ms
[2025-03-09T11:47:01.515+0000] {ssh.py:526} INFO - 25/03/09 11:46:56 INFO FileOutputCommitter: Saved output of task 'attempt_202503091146538237538313522513886_0001_m_000000_1' to s3a://de5-finalproj-team2/trend_analysis/match_data/2025-03-08/_temporary/0/task_202503091146538237538313522513886_0001_m_000000
[2025-03-09T11:47:01.516+0000] {ssh.py:526} INFO - 25/03/09 11:46:56 INFO SparkHadoopMapRedUtil: attempt_202503091146538237538313522513886_0001_m_000000_1: Committed. Elapsed time: 668 ms.
[2025-03-09T11:47:01.516+0000] {ssh.py:526} INFO - 25/03/09 11:46:56 INFO Executor: Finished task 0.0 in stage 1.0 (TID 1). 2725 bytes result sent to driver
[2025-03-09T11:47:01.516+0000] {ssh.py:526} INFO - 25/03/09 11:46:56 INFO TaskSetManager: Finished task 0.0 in stage 1.0 (TID 1) in 3330 ms on ip-172-31-12-182.ap-northeast-2.compute.internal (executor driver) (1/1)
[2025-03-09T11:47:01.516+0000] {ssh.py:526} INFO - 25/03/09 11:46:56 INFO TaskSchedulerImpl: Removed TaskSet 1.0, whose tasks have all completed, from pool 
[2025-03-09T11:47:01.516+0000] {ssh.py:526} INFO - 25/03/09 11:46:56 INFO DAGScheduler: ResultStage 1 (save at NativeMethodAccessorImpl.java:0) finished in 3.439 s
[2025-03-09T11:47:01.516+0000] {ssh.py:526} INFO - 25/03/09 11:46:56 INFO DAGScheduler: Job 1 is finished. Cancelling potential speculative or zombie tasks for this job
[2025-03-09T11:47:01.516+0000] {ssh.py:526} INFO - 25/03/09 11:46:56 INFO TaskSchedulerImpl: Killing all running tasks in stage 1: Stage finished
[2025-03-09T11:47:01.516+0000] {ssh.py:526} INFO - 25/03/09 11:46:56 INFO DAGScheduler: Job 1 finished: save at NativeMethodAccessorImpl.java:0, took 3.455863 s
[2025-03-09T11:47:01.517+0000] {ssh.py:526} INFO - 25/03/09 11:46:56 INFO FileFormatWriter: Start to commit write Job 32f1117e-95d4-4247-8cf8-81f723b9b7ba.
[2025-03-09T11:47:01.517+0000] {ssh.py:526} INFO - 25/03/09 11:46:57 INFO FileFormatWriter: Write Job 32f1117e-95d4-4247-8cf8-81f723b9b7ba committed. Elapsed time: 896 ms.
[2025-03-09T11:47:01.517+0000] {ssh.py:526} INFO - 25/03/09 11:46:57 INFO FileFormatWriter: Finished processing stats for write job 32f1117e-95d4-4247-8cf8-81f723b9b7ba.
[2025-03-09T11:47:01.517+0000] {ssh.py:526} INFO - Writing analytics parquet
[2025-03-09T11:47:01.517+0000] {ssh.py:526} INFO - 25/03/09 11:46:58 INFO FileSourceStrategy: Pushed Filters: IsNotNull(player_info)
[2025-03-09T11:47:01.517+0000] {ssh.py:526} INFO - 25/03/09 11:46:58 INFO FileSourceStrategy: Post-Scan Filters: (size(player_info#13, true) > 0),isnotnull(player_info#13)
[2025-03-09T11:47:01.517+0000] {ssh.py:526} INFO - 25/03/09 11:46:58 INFO ParquetUtils: Using default output committer for Parquet: org.apache.parquet.hadoop.ParquetOutputCommitter
[2025-03-09T11:47:01.517+0000] {ssh.py:526} INFO - 25/03/09 11:46:58 INFO FileOutputCommitter: File Output Committer Algorithm version is 1
[2025-03-09T11:47:01.517+0000] {ssh.py:526} INFO - 25/03/09 11:46:58 INFO FileOutputCommitter: FileOutputCommitter skip cleanup _temporary folders under output directory:false, ignore cleanup failures: false
[2025-03-09T11:47:01.518+0000] {ssh.py:526} INFO - 25/03/09 11:46:58 INFO SQLHadoopMapReduceCommitProtocol: Using user defined output committer class org.apache.parquet.hadoop.ParquetOutputCommitter
[2025-03-09T11:47:01.518+0000] {ssh.py:526} INFO - 25/03/09 11:46:58 INFO FileOutputCommitter: File Output Committer Algorithm version is 1
[2025-03-09T11:47:01.518+0000] {ssh.py:526} INFO - 25/03/09 11:46:58 INFO FileOutputCommitter: FileOutputCommitter skip cleanup _temporary folders under output directory:false, ignore cleanup failures: false
[2025-03-09T11:47:01.518+0000] {ssh.py:526} INFO - 25/03/09 11:46:58 INFO SQLHadoopMapReduceCommitProtocol: Using output committer class org.apache.parquet.hadoop.ParquetOutputCommitter
[2025-03-09T11:47:01.518+0000] {ssh.py:526} INFO - 25/03/09 11:46:58 INFO CodeGenerator: Code generated in 29.15497 ms
[2025-03-09T11:47:01.518+0000] {ssh.py:526} INFO - 25/03/09 11:46:58 INFO MemoryStore: Block broadcast_4 stored as values in memory (estimated size 200.9 KiB, free 433.7 MiB)
[2025-03-09T11:47:01.518+0000] {ssh.py:526} INFO - 25/03/09 11:46:58 INFO MemoryStore: Block broadcast_4_piece0 stored as bytes in memory (estimated size 34.7 KiB, free 433.6 MiB)
[2025-03-09T11:47:01.518+0000] {ssh.py:526} INFO - 25/03/09 11:46:58 INFO BlockManagerInfo: Added broadcast_4_piece0 in memory on 0.0.0.0:42523 (size: 34.7 KiB, free: 434.3 MiB)
[2025-03-09T11:47:01.519+0000] {ssh.py:526} INFO - 25/03/09 11:46:58 INFO SparkContext: Created broadcast 4 from save at NativeMethodAccessorImpl.java:0
[2025-03-09T11:47:01.519+0000] {ssh.py:526} INFO - 25/03/09 11:46:58 INFO FileSourceScanExec: Planning scan with bin packing, max size: 5326846 bytes, open cost is considered as scanning 4194304 bytes.
[2025-03-09T11:47:01.519+0000] {ssh.py:526} INFO - 25/03/09 11:46:58 INFO SparkContext: Starting job: save at NativeMethodAccessorImpl.java:0
[2025-03-09T11:47:01.519+0000] {ssh.py:526} INFO - 25/03/09 11:46:58 INFO DAGScheduler: Got job 2 (save at NativeMethodAccessorImpl.java:0) with 1 output partitions
[2025-03-09T11:47:01.519+0000] {ssh.py:526} INFO - 25/03/09 11:46:58 INFO DAGScheduler: Final stage: ResultStage 2 (save at NativeMethodAccessorImpl.java:0)
[2025-03-09T11:47:01.519+0000] {ssh.py:526} INFO - 25/03/09 11:46:58 INFO DAGScheduler: Parents of final stage: List()
[2025-03-09T11:47:01.519+0000] {ssh.py:526} INFO - 25/03/09 11:46:58 INFO DAGScheduler: Missing parents: List()
[2025-03-09T11:47:01.519+0000] {ssh.py:526} INFO - 25/03/09 11:46:58 INFO DAGScheduler: Submitting ResultStage 2 (MapPartitionsRDD[11] at save at NativeMethodAccessorImpl.java:0), which has no missing parents
[2025-03-09T11:47:01.519+0000] {ssh.py:526} INFO - 25/03/09 11:46:58 INFO MemoryStore: Block broadcast_5 stored as values in memory (estimated size 223.4 KiB, free 433.4 MiB)
[2025-03-09T11:47:01.520+0000] {ssh.py:526} INFO - 25/03/09 11:46:58 INFO MemoryStore: Block broadcast_5_piece0 stored as bytes in memory (estimated size 80.4 KiB, free 433.3 MiB)
[2025-03-09T11:47:01.520+0000] {ssh.py:526} INFO - 25/03/09 11:46:58 INFO BlockManagerInfo: Added broadcast_5_piece0 in memory on 0.0.0.0:42523 (size: 80.4 KiB, free: 434.2 MiB)
[2025-03-09T11:47:01.520+0000] {ssh.py:526} INFO - 25/03/09 11:46:58 INFO SparkContext: Created broadcast 5 from broadcast at DAGScheduler.scala:1585
[2025-03-09T11:47:01.520+0000] {ssh.py:526} INFO - 25/03/09 11:46:58 INFO DAGScheduler: Submitting 1 missing tasks from ResultStage 2 (MapPartitionsRDD[11] at save at NativeMethodAccessorImpl.java:0) (first 15 tasks are for partitions Vector(0))
[2025-03-09T11:47:01.520+0000] {ssh.py:526} INFO - 25/03/09 11:46:58 INFO TaskSchedulerImpl: Adding task set 2.0 with 1 tasks resource profile 0
[2025-03-09T11:47:01.520+0000] {ssh.py:526} INFO - 25/03/09 11:46:58 INFO BlockManagerInfo: Removed broadcast_3_piece0 on 0.0.0.0:42523 in memory (size: 81.0 KiB, free: 434.3 MiB)
[2025-03-09T11:47:01.520+0000] {ssh.py:526} INFO - 25/03/09 11:46:58 INFO TaskSetManager: Starting task 0.0 in stage 2.0 (TID 2) (ip-172-31-12-182.ap-northeast-2.compute.internal, executor driver, partition 0, PROCESS_LOCAL, 9636 bytes) 
[2025-03-09T11:47:01.520+0000] {ssh.py:526} INFO - 25/03/09 11:46:58 INFO Executor: Running task 0.0 in stage 2.0 (TID 2)
[2025-03-09T11:47:01.521+0000] {ssh.py:526} INFO - 25/03/09 11:46:58 INFO CodeGenerator: Code generated in 51.170243 ms
[2025-03-09T11:47:01.521+0000] {ssh.py:526} INFO - 25/03/09 11:46:58 INFO FileOutputCommitter: File Output Committer Algorithm version is 1
[2025-03-09T11:47:01.521+0000] {ssh.py:526} INFO - 25/03/09 11:46:58 INFO FileOutputCommitter: FileOutputCommitter skip cleanup _temporary folders under output directory:false, ignore cleanup failures: false
[2025-03-09T11:47:01.521+0000] {ssh.py:526} INFO - 25/03/09 11:46:58 INFO SQLHadoopMapReduceCommitProtocol: Using user defined output committer class org.apache.parquet.hadoop.ParquetOutputCommitter
[2025-03-09T11:47:01.521+0000] {ssh.py:526} INFO - 25/03/09 11:46:58 INFO FileOutputCommitter: File Output Committer Algorithm version is 1
[2025-03-09T11:47:01.521+0000] {ssh.py:526} INFO - 25/03/09 11:46:58 INFO FileOutputCommitter: FileOutputCommitter skip cleanup _temporary folders under output directory:false, ignore cleanup failures: false
[2025-03-09T11:47:01.521+0000] {ssh.py:526} INFO - 25/03/09 11:46:58 INFO SQLHadoopMapReduceCommitProtocol: Using output committer class org.apache.parquet.hadoop.ParquetOutputCommitter
[2025-03-09T11:47:01.521+0000] {ssh.py:526} INFO - 25/03/09 11:46:58 INFO CodecConfig: Compression: SNAPPY
[2025-03-09T11:47:01.521+0000] {ssh.py:526} INFO - 25/03/09 11:46:58 INFO CodecConfig: Compression: SNAPPY
[2025-03-09T11:47:01.522+0000] {ssh.py:526} INFO - 25/03/09 11:46:58 INFO ParquetOutputFormat: ParquetRecordWriter [block size: 134217728b, row group padding size: 8388608b, validating: false]
[2025-03-09T11:47:01.522+0000] {ssh.py:526} INFO - 25/03/09 11:46:58 INFO ParquetWriteSupport: Initialized Parquet WriteSupport with Catalyst schema:
[2025-03-09T11:47:01.522+0000] {ssh.py:526} INFO - {
[2025-03-09T11:47:01.522+0000] {ssh.py:526} INFO -   "type" : "struct",
[2025-03-09T11:47:01.522+0000] {ssh.py:526} INFO -   "fields" : [ {
[2025-03-09T11:47:01.522+0000] {ssh.py:526} INFO -     "name" : "match_id",
[2025-03-09T11:47:01.522+0000] {ssh.py:526} INFO -     "type" : "string",
[2025-03-09T11:47:01.522+0000] {ssh.py:526} INFO -     "nullable" : true,
[2025-03-09T11:47:01.522+0000] {ssh.py:526} INFO -     "metadata" : { }
[2025-03-09T11:47:01.523+0000] {ssh.py:526} INFO -   }, {
[2025-03-09T11:47:01.523+0000] {ssh.py:526} INFO -     "name" : "spid",
[2025-03-09T11:47:01.523+0000] {ssh.py:526} INFO -     "type" : "integer",
[2025-03-09T11:47:01.523+0000] {ssh.py:526} INFO -     "nullable" : true,
[2025-03-09T11:47:01.523+0000] {ssh.py:526} INFO -     "metadata" : { }
[2025-03-09T11:47:01.523+0000] {ssh.py:526} INFO -   }, {
[2025-03-09T11:47:01.523+0000] {ssh.py:526} INFO -     "name" : "season_id",
[2025-03-09T11:47:01.523+0000] {ssh.py:526} INFO -     "type" : "integer",
[2025-03-09T11:47:01.523+0000] {ssh.py:526} INFO -     "nullable" : true,
[2025-03-09T11:47:01.524+0000] {ssh.py:526} INFO -     "metadata" : { }
[2025-03-09T11:47:01.524+0000] {ssh.py:526} INFO -   }, {
[2025-03-09T11:47:01.524+0000] {ssh.py:526} INFO -     "name" : "gamer_nickname",
[2025-03-09T11:47:01.524+0000] {ssh.py:526} INFO -     "type" : "string",
[2025-03-09T11:47:01.524+0000] {ssh.py:526} INFO -     "nullable" : true,
[2025-03-09T11:47:01.524+0000] {ssh.py:526} INFO -     "metadata" : { }
[2025-03-09T11:47:01.524+0000] {ssh.py:526} INFO -   }, {
[2025-03-09T11:47:01.524+0000] {ssh.py:526} INFO -     "name" : "position",
[2025-03-09T11:47:01.525+0000] {ssh.py:526} INFO -     "type" : "integer",
[2025-03-09T11:47:01.525+0000] {ssh.py:526} INFO -     "nullable" : true,
[2025-03-09T11:47:01.525+0000] {ssh.py:526} INFO -     "metadata" : { }
[2025-03-09T11:47:01.525+0000] {ssh.py:526} INFO -   }, {
[2025-03-09T11:47:01.525+0000] {ssh.py:526} INFO -     "name" : "spgrade",
[2025-03-09T11:47:01.525+0000] {ssh.py:526} INFO -     "type" : "integer",
[2025-03-09T11:47:01.525+0000] {ssh.py:526} INFO -     "nullable" : true,
[2025-03-09T11:47:01.525+0000] {ssh.py:526} INFO -     "metadata" : { }
[2025-03-09T11:47:01.525+0000] {ssh.py:526} INFO -   }, {
[2025-03-09T11:47:01.526+0000] {ssh.py:526} INFO -     "name" : "matchresult",
[2025-03-09T11:47:01.526+0000] {ssh.py:526} INFO -     "type" : "string",
[2025-03-09T11:47:01.526+0000] {ssh.py:526} INFO -     "nullable" : true,
[2025-03-09T11:47:01.526+0000] {ssh.py:526} INFO -     "metadata" : { }
[2025-03-09T11:47:01.526+0000] {ssh.py:526} INFO -   } ]
[2025-03-09T11:47:01.526+0000] {ssh.py:526} INFO - }
[2025-03-09T11:47:01.526+0000] {ssh.py:526} INFO - and corresponding Parquet message type:
[2025-03-09T11:47:01.526+0000] {ssh.py:526} INFO - message spark_schema {
[2025-03-09T11:47:01.526+0000] {ssh.py:526} INFO -   optional binary match_id (STRING);
[2025-03-09T11:47:01.527+0000] {ssh.py:526} INFO -   optional int32 spid;
[2025-03-09T11:47:01.527+0000] {ssh.py:526} INFO -   optional int32 season_id;
[2025-03-09T11:47:01.527+0000] {ssh.py:526} INFO -   optional binary gamer_nickname (STRING);
[2025-03-09T11:47:01.527+0000] {ssh.py:526} INFO -   optional int32 position;
[2025-03-09T11:47:01.527+0000] {ssh.py:526} INFO -   optional int32 spgrade;
[2025-03-09T11:47:01.527+0000] {ssh.py:526} INFO -   optional binary matchresult (STRING);
[2025-03-09T11:47:01.527+0000] {ssh.py:526} INFO - }
[2025-03-09T11:47:01.527+0000] {ssh.py:526} INFO - 
[2025-03-09T11:47:01.527+0000] {ssh.py:526} INFO -        
[2025-03-09T11:47:01.528+0000] {ssh.py:526} INFO - 25/03/09 11:46:58 INFO FileScanRDD: Reading File path: s3a://de5-finalproj-team2/raw_data/json/match_data/2025-03-08/group_0.json, range: 0-1132542, partition values: [empty row]
[2025-03-09T11:47:01.528+0000] {ssh.py:526} INFO - 25/03/09 11:46:58 INFO CodeGenerator: Code generated in 41.802733 ms
[2025-03-09T11:47:01.528+0000] {ssh.py:526} INFO - 25/03/09 11:46:58 INFO CodeGenerator: Code generated in 13.514415 ms
[2025-03-09T11:47:01.528+0000] {ssh.py:526} INFO - 25/03/09 11:46:58 INFO BlockManagerInfo: Removed broadcast_2_piece0 on 0.0.0.0:42523 in memory (size: 34.7 KiB, free: 434.3 MiB)
[2025-03-09T11:47:01.528+0000] {ssh.py:526} INFO - 25/03/09 11:46:59 INFO FileOutputCommitter: Saved output of task 'attempt_202503091146582479536038328157018_0002_m_000000_2' to s3a://de5-finalproj-team2/analytics/match_data/2025-03-08/_temporary/0/task_202503091146582479536038328157018_0002_m_000000
[2025-03-09T11:47:01.528+0000] {ssh.py:526} INFO - 25/03/09 11:46:59 INFO SparkHadoopMapRedUtil: attempt_202503091146582479536038328157018_0002_m_000000_2: Committed. Elapsed time: 516 ms.
[2025-03-09T11:47:01.528+0000] {ssh.py:526} INFO - 25/03/09 11:46:59 INFO Executor: Finished task 0.0 in stage 2.0 (TID 2). 2725 bytes result sent to driver
[2025-03-09T11:47:01.528+0000] {ssh.py:526} INFO - 25/03/09 11:46:59 INFO TaskSetManager: Finished task 0.0 in stage 2.0 (TID 2) in 1459 ms on ip-172-31-12-182.ap-northeast-2.compute.internal (executor driver) (1/1)
[2025-03-09T11:47:01.529+0000] {ssh.py:526} INFO - 25/03/09 11:46:59 INFO TaskSchedulerImpl: Removed TaskSet 2.0, whose tasks have all completed, from pool 
[2025-03-09T11:47:01.529+0000] {ssh.py:526} INFO - 25/03/09 11:46:59 INFO DAGScheduler: ResultStage 2 (save at NativeMethodAccessorImpl.java:0) finished in 1.589 s
[2025-03-09T11:47:01.529+0000] {ssh.py:526} INFO - 25/03/09 11:46:59 INFO DAGScheduler: Job 2 is finished. Cancelling potential speculative or zombie tasks for this job
[2025-03-09T11:47:01.529+0000] {ssh.py:526} INFO - 25/03/09 11:46:59 INFO TaskSchedulerImpl: Killing all running tasks in stage 2: Stage finished
[2025-03-09T11:47:01.529+0000] {ssh.py:526} INFO - 25/03/09 11:46:59 INFO DAGScheduler: Job 2 finished: save at NativeMethodAccessorImpl.java:0, took 1.596889 s
[2025-03-09T11:47:01.529+0000] {ssh.py:526} INFO - 25/03/09 11:46:59 INFO FileFormatWriter: Start to commit write Job a5545517-1682-45d8-835c-2eda968a35a4.
[2025-03-09T11:47:01.529+0000] {ssh.py:526} INFO - 25/03/09 11:47:00 INFO FileFormatWriter: Write Job a5545517-1682-45d8-835c-2eda968a35a4 committed. Elapsed time: 921 ms.
[2025-03-09T11:47:01.529+0000] {ssh.py:526} INFO - 25/03/09 11:47:00 INFO FileFormatWriter: Finished processing stats for write job a5545517-1682-45d8-835c-2eda968a35a4.
[2025-03-09T11:47:01.530+0000] {ssh.py:526} INFO - 25/03/09 11:47:00 INFO SparkContext: SparkContext is stopping with exitCode 0.
[2025-03-09T11:47:01.530+0000] {ssh.py:526} INFO - 25/03/09 11:47:00 INFO SparkUI: Stopped Spark web UI at http://0.0.0.0:4040
[2025-03-09T11:47:01.530+0000] {ssh.py:526} INFO - 25/03/09 11:47:00 INFO MapOutputTrackerMasterEndpoint: MapOutputTrackerMasterEndpoint stopped!
[2025-03-09T11:47:01.530+0000] {ssh.py:526} INFO - 25/03/09 11:47:00 INFO MemoryStore: MemoryStore cleared
[2025-03-09T11:47:01.530+0000] {ssh.py:526} INFO - 25/03/09 11:47:00 INFO BlockManager: BlockManager stopped
[2025-03-09T11:47:01.530+0000] {ssh.py:526} INFO - 25/03/09 11:47:00 INFO BlockManagerMaster: BlockManagerMaster stopped
[2025-03-09T11:47:01.530+0000] {ssh.py:526} INFO - 25/03/09 11:47:00 INFO OutputCommitCoordinator$OutputCommitCoordinatorEndpoint: OutputCommitCoordinator stopped!
[2025-03-09T11:47:01.530+0000] {ssh.py:526} INFO - 25/03/09 11:47:00 INFO SparkContext: Successfully stopped SparkContext
[2025-03-09T11:47:01.530+0000] {ssh.py:526} INFO - 25/03/09 11:47:01 INFO ShutdownHookManager: Shutdown hook called
[2025-03-09T11:47:01.531+0000] {ssh.py:526} INFO - 25/03/09 11:47:01 INFO ShutdownHookManager: Deleting directory /tmp/spark-00000643-988c-4206-b100-f3b1150410b7/pyspark-7a38f61b-b800-4699-96cd-4f21db63e53b
[2025-03-09T11:47:01.531+0000] {ssh.py:526} INFO - 25/03/09 11:47:01 INFO ShutdownHookManager: Deleting directory /tmp/spark-00000643-988c-4206-b100-f3b1150410b7
[2025-03-09T11:47:01.531+0000] {ssh.py:526} INFO - 25/03/09 11:47:01 INFO ShutdownHookManager: Deleting directory /tmp/spark-f03bdaec-7474-491e-abbd-42f56a33c2d3
[2025-03-09T11:47:01.531+0000] {ssh.py:526} INFO - 25/03/09 11:47:01 INFO MetricsSystemImpl: Stopping s3a-file-system metrics system...
[2025-03-09T11:47:01.531+0000] {ssh.py:526} INFO - 25/03/09 11:47:01 INFO MetricsSystemImpl: s3a-file-system metrics system stopped.
[2025-03-09T11:47:01.531+0000] {ssh.py:526} INFO - 25/03/09 11:47:01 INFO MetricsSystemImpl: s3a-file-system metrics system shutdown complete.
[2025-03-09T11:47:01.531+0000] {ssh.py:526} INFO - === Spark Job Log End ===
[2025-03-09T11:47:01.531+0000] {ssh.py:526} INFO - Spark Job Succeeded!
[2025-03-09T11:47:01.552+0000] {taskinstance.py:441} INFO - ::group::Post task execution logs
[2025-03-09T11:47:01.588+0000] {taskinstance.py:1206} INFO - Marking task as SUCCESS. dag_id=submit_spark_job_v3, task_id=submit_spark_via_ssh, run_id=manual__2025-03-09T11:33:17.611774+00:00, execution_date=20250309T113317, start_date=20250309T114636, end_date=20250309T114701
[2025-03-09T11:47:01.619+0000] {local_task_job_runner.py:240} INFO - Task exited with return code 0
[2025-03-09T11:47:01.648+0000] {taskinstance.py:3498} INFO - 1 downstream tasks scheduled from follow-on schedule check
[2025-03-09T11:47:01.650+0000] {local_task_job_runner.py:222} INFO - ::endgroup::
