[2025-03-14T01:45:18.991+0000] {local_task_job_runner.py:120} INFO - ::group::Pre task execution logs
[2025-03-14T01:45:19.068+0000] {taskinstance.py:2076} INFO - Dependencies all met for dep_context=non-requeueable deps ti=<TaskInstance: s3_csv_to_parquet_dag.submit_spark_via_ssh scheduled__2025-03-13T01:40:00+00:00 [queued]>
[2025-03-14T01:45:19.091+0000] {taskinstance.py:2076} INFO - Dependencies all met for dep_context=requeueable deps ti=<TaskInstance: s3_csv_to_parquet_dag.submit_spark_via_ssh scheduled__2025-03-13T01:40:00+00:00 [queued]>
[2025-03-14T01:45:19.092+0000] {taskinstance.py:2306} INFO - Starting attempt 1 of 2
[2025-03-14T01:45:19.125+0000] {taskinstance.py:2330} INFO - Executing <Task(SSHOperator): submit_spark_via_ssh> on 2025-03-13 01:40:00+00:00
[2025-03-14T01:45:19.147+0000] {standard_task_runner.py:63} INFO - Started process 6463 to run task
[2025-03-14T01:45:19.168+0000] {standard_task_runner.py:90} INFO - Running: ['***', 'tasks', 'run', 's3_csv_to_parquet_dag', 'submit_spark_via_ssh', 'scheduled__2025-03-13T01:40:00+00:00', '--job-id', '160', '--raw', '--subdir', 'DAGS_FOLDER/s3_csv_to_parquet_dag.py', '--cfg-path', '/tmp/tmpddl7q_u0']
[2025-03-14T01:45:19.175+0000] {standard_task_runner.py:91} INFO - Job 160: Subtask submit_spark_via_ssh
[2025-03-14T01:45:19.419+0000] {task_command.py:426} INFO - Running <TaskInstance: s3_csv_to_parquet_dag.submit_spark_via_ssh scheduled__2025-03-13T01:40:00+00:00 [running]> on host a0d797a25898
[2025-03-14T01:45:19.770+0000] {taskinstance.py:2648} INFO - Exporting env vars: AIRFLOW_CTX_DAG_OWNER='***' AIRFLOW_CTX_DAG_ID='s3_csv_to_parquet_dag' AIRFLOW_CTX_TASK_ID='submit_spark_via_ssh' AIRFLOW_CTX_EXECUTION_DATE='2025-03-13T01:40:00+00:00' AIRFLOW_CTX_TRY_NUMBER='1' AIRFLOW_CTX_DAG_RUN_ID='scheduled__2025-03-13T01:40:00+00:00'
[2025-03-14T01:45:19.773+0000] {taskinstance.py:430} INFO - ::endgroup::
[2025-03-14T01:45:19.798+0000] {ssh.py:151} INFO - Creating ssh_client
[2025-03-14T01:45:19.799+0000] {ssh.py:124} INFO - ssh_hook is not provided or invalid. Trying ssh_conn_id to create SSHHook.
[2025-03-14T01:45:19.827+0000] {base.py:84} INFO - Using connection ID 'spark_ssh_conn' for task execution.
[2025-03-14T01:45:19.829+0000] {ssh.py:301} WARNING - No Host Key Verification. This won't protect against Man-In-The-Middle attacks
[2025-03-14T01:45:19.837+0000] {transport.py:1909} INFO - Connected (version 2.0, client OpenSSH_9.6p1)
[2025-03-14T01:45:20.008+0000] {transport.py:1909} INFO - Authentication (publickey) successful!
[2025-03-14T01:45:20.009+0000] {ssh.py:480} INFO - Running command: 
    set -e
    echo "Starting Spark Job on 2025-03-14"
    /spark-3.5.3/bin/spark-submit /home/ubuntu/spark_scripts/rankingInfo_To_Parquet.py 2025-03-14
    exit_code=$?

    if [ $exit_code -ne 0 ]; then
        echo "Spark Job Failed! Check logs."
        exit 1
    else
        echo "Spark Job Succeeded!"
    fi
    
[2025-03-14T01:45:20.119+0000] {ssh.py:526} INFO - Starting Spark Job on 2025-03-14
[2025-03-14T01:45:28.767+0000] {ssh.py:531} WARNING - 25/03/14 01:45:28 INFO SparkContext: Running Spark version 3.5.3
[2025-03-14T01:45:28.770+0000] {ssh.py:531} WARNING - 25/03/14 01:45:28 INFO SparkContext: OS info Linux, 6.8.0-1024-aws, amd64
[2025-03-14T01:45:28.771+0000] {ssh.py:531} WARNING - 25/03/14 01:45:28 INFO SparkContext: Java version 11.0.26
[2025-03-14T01:45:29.024+0000] {ssh.py:531} WARNING - 25/03/14 01:45:28 WARN NativeCodeLoader: Unable to load native-hadoop library for your platform... using builtin-java classes where applicable
[2025-03-14T01:45:29.397+0000] {ssh.py:531} WARNING - 25/03/14 01:45:29 INFO ResourceUtils: ==============================================================
[2025-03-14T01:45:29.397+0000] {ssh.py:531} WARNING - 25/03/14 01:45:29 INFO ResourceUtils: No custom resources configured for spark.driver.
[2025-03-14T01:45:29.398+0000] {ssh.py:531} WARNING - 25/03/14 01:45:29 INFO ResourceUtils: ==============================================================
[2025-03-14T01:45:29.399+0000] {ssh.py:531} WARNING - 25/03/14 01:45:29 INFO SparkContext: Submitted application: S3_CSV_to_Parquet
[2025-03-14T01:45:29.482+0000] {ssh.py:531} WARNING - 25/03/14 01:45:29 INFO ResourceProfile: Default ResourceProfile created, executor resources: Map(cores -> name: cores, amount: 1, script: , vendor: , memory -> name: memory, amount: 1024, script: , vendor: , offHeap -> name: offHeap, amount: 0, script: , vendor: ), task resources: Map(cpus -> name: cpus, amount: 1.0)
[2025-03-14T01:45:29.528+0000] {ssh.py:531} WARNING - 25/03/14 01:45:29 INFO ResourceProfile: Limiting resource is cpu
[2025-03-14T01:45:29.529+0000] {ssh.py:531} WARNING - 25/03/14 01:45:29 INFO ResourceProfileManager: Added ResourceProfile id: 0
[2025-03-14T01:45:29.746+0000] {ssh.py:531} WARNING - 25/03/14 01:45:29 INFO SecurityManager: Changing view acls to: ubuntu
[2025-03-14T01:45:29.746+0000] {ssh.py:531} WARNING - 25/03/14 01:45:29 INFO SecurityManager: Changing modify acls to: ubuntu
[2025-03-14T01:45:29.747+0000] {ssh.py:531} WARNING - 25/03/14 01:45:29 INFO SecurityManager: Changing view acls groups to: 
[2025-03-14T01:45:29.748+0000] {ssh.py:531} WARNING - 25/03/14 01:45:29 INFO SecurityManager: Changing modify acls groups to: 
[2025-03-14T01:45:29.751+0000] {ssh.py:531} WARNING - 25/03/14 01:45:29 INFO SecurityManager: SecurityManager: authentication disabled; ui acls disabled; users with view permissions: ubuntu; groups with view permissions: EMPTY; users with modify permissions: ubuntu; groups with modify permissions: EMPTY
[2025-03-14T01:45:30.531+0000] {ssh.py:531} WARNING - 25/03/14 01:45:30 INFO Utils: Successfully started service 'sparkDriver' on port 38135.
[2025-03-14T01:45:30.588+0000] {ssh.py:531} WARNING - 25/03/14 01:45:30 INFO SparkEnv: Registering MapOutputTracker
[2025-03-14T01:45:30.660+0000] {ssh.py:531} WARNING - 25/03/14 01:45:30 INFO SparkEnv: Registering BlockManagerMaster
[2025-03-14T01:45:30.707+0000] {ssh.py:531} WARNING - 25/03/14 01:45:30 INFO BlockManagerMasterEndpoint: Using org.apache.spark.storage.DefaultTopologyMapper for getting topology information
[2025-03-14T01:45:30.708+0000] {ssh.py:531} WARNING - 25/03/14 01:45:30 INFO BlockManagerMasterEndpoint: BlockManagerMasterEndpoint up
[2025-03-14T01:45:30.720+0000] {ssh.py:531} WARNING - 25/03/14 01:45:30 INFO SparkEnv: Registering BlockManagerMasterHeartbeat
[2025-03-14T01:45:30.790+0000] {ssh.py:531} WARNING - 25/03/14 01:45:30 INFO DiskBlockManager: Created local directory at /tmp/blockmgr-b35e2bfb-debc-4b94-962e-485441e265b6
[2025-03-14T01:45:30.823+0000] {ssh.py:531} WARNING - 25/03/14 01:45:30 INFO MemoryStore: MemoryStore started with capacity 434.4 MiB
[2025-03-14T01:45:30.879+0000] {ssh.py:531} WARNING - 25/03/14 01:45:30 INFO SparkEnv: Registering OutputCommitCoordinator
[2025-03-14T01:45:31.285+0000] {ssh.py:531} WARNING - 25/03/14 01:45:31 INFO JettyUtils: Start Jetty 0.0.0.0:4040 for SparkUI
[2025-03-14T01:45:31.445+0000] {ssh.py:531} WARNING - 25/03/14 01:45:31 WARN Utils: Service 'SparkUI' could not bind on port 4040. Attempting port 4041.
[2025-03-14T01:45:31.478+0000] {ssh.py:531} WARNING - 25/03/14 01:45:31 INFO Utils: Successfully started service 'SparkUI' on port 4041.
[2025-03-14T01:45:31.919+0000] {ssh.py:531} WARNING - 25/03/14 01:45:31 INFO Executor: Starting executor ID driver on host ip-172-31-12-182.ap-northeast-2.compute.internal
[2025-03-14T01:45:31.923+0000] {ssh.py:531} WARNING - 25/03/14 01:45:31 INFO Executor: OS info Linux, 6.8.0-1024-aws, amd64
[2025-03-14T01:45:31.923+0000] {ssh.py:531} WARNING - 25/03/14 01:45:31 INFO Executor: Java version 11.0.26
[2025-03-14T01:45:31.946+0000] {ssh.py:531} WARNING - 25/03/14 01:45:31 INFO Executor: Starting executor with user classpath (userClassPathFirst = false): ''
[2025-03-14T01:45:31.948+0000] {ssh.py:531} WARNING - 25/03/14 01:45:31 INFO Executor: Created or updated repl class loader org.apache.spark.util.MutableURLClassLoader@1bcc93ec for default.
[2025-03-14T01:45:32.045+0000] {ssh.py:531} WARNING - 25/03/14 01:45:31 INFO Utils: Successfully started service 'org.apache.spark.network.netty.NettyBlockTransferService' on port 46437.
[2025-03-14T01:45:32.046+0000] {ssh.py:531} WARNING - 25/03/14 01:45:31 INFO NettyBlockTransferService: Server created on 0.0.0.0:46437
[2025-03-14T01:45:32.049+0000] {ssh.py:531} WARNING - 25/03/14 01:45:31 INFO BlockManager: Using org.apache.spark.storage.RandomBlockReplicationPolicy for block replication policy
[2025-03-14T01:45:32.061+0000] {ssh.py:531} WARNING - 25/03/14 01:45:31 INFO BlockManagerMaster: Registering BlockManager BlockManagerId(driver, 0.0.0.0, 46437, None)
[2025-03-14T01:45:32.081+0000] {ssh.py:531} WARNING - 25/03/14 01:45:31 INFO BlockManagerMasterEndpoint: Registering block manager 0.0.0.0:46437 with 434.4 MiB RAM, BlockManagerId(driver, 0.0.0.0, 46437, None)
[2025-03-14T01:45:32.085+0000] {ssh.py:531} WARNING - 25/03/14 01:45:31 INFO BlockManagerMaster: Registered BlockManager BlockManagerId(driver, 0.0.0.0, 46437, None)
[2025-03-14T01:45:32.093+0000] {ssh.py:531} WARNING - 25/03/14 01:45:31 INFO BlockManager: Initialized BlockManager: BlockManagerId(driver, 0.0.0.0, 46437, None)
[2025-03-14T01:45:33.625+0000] {ssh.py:531} WARNING - 25/03/14 01:45:33 INFO SharedState: Setting hive.metastore.warehouse.dir ('null') to the value of spark.sql.warehouse.dir.
[2025-03-14T01:45:33.654+0000] {ssh.py:531} WARNING - 25/03/14 01:45:33 INFO SharedState: Warehouse path is 'file:/home/ubuntu/spark-warehouse'.
[2025-03-14T01:45:36.584+0000] {ssh.py:531} WARNING - 25/03/14 01:45:36 WARN MetricsConfig: Cannot locate configuration: tried hadoop-metrics2-s3a-file-system.properties,hadoop-metrics2.properties
[2025-03-14T01:45:36.662+0000] {ssh.py:531} WARNING - 25/03/14 01:45:36 INFO MetricsSystemImpl: Scheduled Metric snapshot period at 10 second(s).
[2025-03-14T01:45:36.662+0000] {ssh.py:531} WARNING - 25/03/14 01:45:36 INFO MetricsSystemImpl: s3a-file-system metrics system started
[2025-03-14T01:45:40.169+0000] {ssh.py:531} WARNING - 25/03/14 01:45:40 INFO InMemoryFileIndex: It took 304 ms to list leaf files for 1 paths.
[2025-03-14T01:45:40.482+0000] {ssh.py:531} WARNING - 25/03/14 01:45:40 INFO InMemoryFileIndex: It took 61 ms to list leaf files for 1 paths.
[2025-03-14T01:45:48.382+0000] {ssh.py:531} WARNING - 25/03/14 01:45:48 INFO FileSourceStrategy: Pushed Filters: 
[2025-03-14T01:45:48.394+0000] {ssh.py:531} WARNING - 25/03/14 01:45:48 INFO FileSourceStrategy: Post-Scan Filters: (length(trim(value#0, None)) > 0)
[2025-03-14T01:45:50.759+0000] {ssh.py:531} WARNING - 25/03/14 01:45:50 INFO CodeGenerator: Code generated in 872.802557 ms
[2025-03-14T01:45:51.020+0000] {ssh.py:531} WARNING - 25/03/14 01:45:50 INFO MemoryStore: Block broadcast_0 stored as values in memory (estimated size 200.5 KiB, free 434.2 MiB)
[2025-03-14T01:45:51.217+0000] {ssh.py:531} WARNING - 25/03/14 01:45:51 INFO MemoryStore: Block broadcast_0_piece0 stored as bytes in memory (estimated size 34.7 KiB, free 434.2 MiB)
[2025-03-14T01:45:51.226+0000] {ssh.py:531} WARNING - 25/03/14 01:45:51 INFO BlockManagerInfo: Added broadcast_0_piece0 in memory on 0.0.0.0:46437 (size: 34.7 KiB, free: 434.4 MiB)
[2025-03-14T01:45:51.238+0000] {ssh.py:531} WARNING - 25/03/14 01:45:51 INFO SparkContext: Created broadcast 0 from csv at NativeMethodAccessorImpl.java:0
[2025-03-14T01:45:51.287+0000] {ssh.py:531} WARNING - 25/03/14 01:45:51 INFO FileSourceScanExec: Planning scan with bin packing, max size: 4194304 bytes, open cost is considered as scanning 4194304 bytes.
[2025-03-14T01:45:51.696+0000] {ssh.py:531} WARNING - 25/03/14 01:45:51 INFO SparkContext: Starting job: csv at NativeMethodAccessorImpl.java:0
[2025-03-14T01:45:51.785+0000] {ssh.py:531} WARNING - 25/03/14 01:45:51 INFO DAGScheduler: Got job 0 (csv at NativeMethodAccessorImpl.java:0) with 1 output partitions
[2025-03-14T01:45:51.786+0000] {ssh.py:531} WARNING - 25/03/14 01:45:51 INFO DAGScheduler: Final stage: ResultStage 0 (csv at NativeMethodAccessorImpl.java:0)
[2025-03-14T01:45:51.786+0000] {ssh.py:531} WARNING - 25/03/14 01:45:51 INFO DAGScheduler: Parents of final stage: List()
[2025-03-14T01:45:51.792+0000] {ssh.py:531} WARNING - 25/03/14 01:45:51 INFO DAGScheduler: Missing parents: List()
[2025-03-14T01:45:51.821+0000] {ssh.py:531} WARNING - 25/03/14 01:45:51 INFO DAGScheduler: Submitting ResultStage 0 (MapPartitionsRDD[3] at csv at NativeMethodAccessorImpl.java:0), which has no missing parents
[2025-03-14T01:45:52.220+0000] {ssh.py:531} WARNING - 25/03/14 01:45:52 INFO MemoryStore: Block broadcast_1 stored as values in memory (estimated size 13.5 KiB, free 434.2 MiB)
[2025-03-14T01:45:52.229+0000] {ssh.py:531} WARNING - 25/03/14 01:45:52 INFO MemoryStore: Block broadcast_1_piece0 stored as bytes in memory (estimated size 6.4 KiB, free 434.2 MiB)
[2025-03-14T01:45:52.230+0000] {ssh.py:531} WARNING - 25/03/14 01:45:52 INFO BlockManagerInfo: Added broadcast_1_piece0 in memory on 0.0.0.0:46437 (size: 6.4 KiB, free: 434.4 MiB)
[2025-03-14T01:45:52.235+0000] {ssh.py:531} WARNING - 25/03/14 01:45:52 INFO SparkContext: Created broadcast 1 from broadcast at DAGScheduler.scala:1585
[2025-03-14T01:45:52.306+0000] {ssh.py:531} WARNING - 25/03/14 01:45:52 INFO DAGScheduler: Submitting 1 missing tasks from ResultStage 0 (MapPartitionsRDD[3] at csv at NativeMethodAccessorImpl.java:0) (first 15 tasks are for partitions Vector(0))
[2025-03-14T01:45:52.310+0000] {ssh.py:531} WARNING - 25/03/14 01:45:52 INFO TaskSchedulerImpl: Adding task set 0.0 with 1 tasks resource profile 0
[2025-03-14T01:45:52.459+0000] {ssh.py:531} WARNING - 25/03/14 01:45:52 INFO TaskSetManager: Starting task 0.0 in stage 0.0 (TID 0) (ip-172-31-12-182.ap-northeast-2.compute.internal, executor driver, partition 0, PROCESS_LOCAL, 9640 bytes) 
[2025-03-14T01:45:52.505+0000] {ssh.py:531} WARNING - 25/03/14 01:45:52 INFO Executor: Running task 0.0 in stage 0.0 (TID 0)
[2025-03-14T01:45:52.990+0000] {ssh.py:531} WARNING - 25/03/14 01:45:52 INFO CodeGenerator: Code generated in 70.859146 ms
[2025-03-14T01:45:53.004+0000] {ssh.py:531} WARNING - 25/03/14 01:45:52 INFO FileScanRDD: Reading File path: s3a://de5-finalproj-team2/crawl/2025-03-14/crawl_result_processed_20250314.csv, range: 0-1154758, partition values: [empty row]
[2025-03-14T01:45:53.062+0000] {ssh.py:531} WARNING - 25/03/14 01:45:52 INFO CodeGenerator: Code generated in 34.436287 ms
[2025-03-14T01:45:53.360+0000] {ssh.py:531} WARNING - 25/03/14 01:45:53 INFO LineRecordReader: Found UTF-8 BOM and skipped it
[2025-03-14T01:45:53.534+0000] {ssh.py:531} WARNING - 25/03/14 01:45:53 INFO Executor: Finished task 0.0 in stage 0.0 (TID 0). 1756 bytes result sent to driver
[2025-03-14T01:45:53.612+0000] {ssh.py:531} WARNING - 25/03/14 01:45:53 INFO TaskSetManager: Finished task 0.0 in stage 0.0 (TID 0) in 1192 ms on ip-172-31-12-182.ap-northeast-2.compute.internal (executor driver) (1/1)
[2025-03-14T01:45:53.626+0000] {ssh.py:531} WARNING - 25/03/14 01:45:53 INFO TaskSchedulerImpl: Removed TaskSet 0.0, whose tasks have all completed, from pool 
[2025-03-14T01:45:53.655+0000] {ssh.py:531} WARNING - 25/03/14 01:45:53 INFO DAGScheduler: ResultStage 0 (csv at NativeMethodAccessorImpl.java:0) finished in 1.744 s
[2025-03-14T01:45:53.677+0000] {ssh.py:531} WARNING - 25/03/14 01:45:53 INFO DAGScheduler: Job 0 is finished. Cancelling potential speculative or zombie tasks for this job
[2025-03-14T01:45:53.679+0000] {ssh.py:531} WARNING - 25/03/14 01:45:53 INFO TaskSchedulerImpl: Killing all running tasks in stage 0: Stage finished
[2025-03-14T01:45:53.695+0000] {ssh.py:531} WARNING - 25/03/14 01:45:53 INFO DAGScheduler: Job 0 finished: csv at NativeMethodAccessorImpl.java:0, took 1.995675 s
[2025-03-14T01:45:53.939+0000] {ssh.py:531} WARNING - 25/03/14 01:45:53 INFO CodeGenerator: Code generated in 149.375131 ms
[2025-03-14T01:45:54.180+0000] {ssh.py:531} WARNING - 25/03/14 01:45:54 INFO FileSourceStrategy: Pushed Filters: 
[2025-03-14T01:45:54.180+0000] {ssh.py:531} WARNING - 25/03/14 01:45:54 INFO FileSourceStrategy: Post-Scan Filters: 
[2025-03-14T01:45:54.209+0000] {ssh.py:531} WARNING - 25/03/14 01:45:54 INFO MemoryStore: Block broadcast_2 stored as values in memory (estimated size 200.5 KiB, free 434.0 MiB)
[2025-03-14T01:45:54.246+0000] {ssh.py:531} WARNING - 25/03/14 01:45:54 INFO MemoryStore: Block broadcast_2_piece0 stored as bytes in memory (estimated size 34.7 KiB, free 433.9 MiB)
[2025-03-14T01:45:54.250+0000] {ssh.py:531} WARNING - 25/03/14 01:45:54 INFO BlockManagerInfo: Added broadcast_2_piece0 in memory on 0.0.0.0:46437 (size: 34.7 KiB, free: 434.3 MiB)
[2025-03-14T01:45:54.253+0000] {ssh.py:531} WARNING - 25/03/14 01:45:54 INFO SparkContext: Created broadcast 2 from csv at NativeMethodAccessorImpl.java:0
[2025-03-14T01:45:54.254+0000] {ssh.py:531} WARNING - 25/03/14 01:45:54 INFO FileSourceScanExec: Planning scan with bin packing, max size: 4194304 bytes, open cost is considered as scanning 4194304 bytes.
[2025-03-14T01:45:55.372+0000] {ssh.py:531} WARNING - 25/03/14 01:45:55 INFO FileSourceStrategy: Pushed Filters: 
[2025-03-14T01:45:55.373+0000] {ssh.py:531} WARNING - 25/03/14 01:45:55 INFO FileSourceStrategy: Post-Scan Filters: 
[2025-03-14T01:45:56.441+0000] {ssh.py:531} WARNING - 25/03/14 01:45:56 INFO ParquetUtils: Using default output committer for Parquet: org.apache.parquet.hadoop.ParquetOutputCommitter
[2025-03-14T01:45:56.485+0000] {ssh.py:531} WARNING - 25/03/14 01:45:56 INFO FileOutputCommitter: File Output Committer Algorithm version is 1
[2025-03-14T01:45:56.485+0000] {ssh.py:531} WARNING - 25/03/14 01:45:56 INFO FileOutputCommitter: FileOutputCommitter skip cleanup _temporary folders under output directory:false, ignore cleanup failures: false
[2025-03-14T01:45:56.490+0000] {ssh.py:531} WARNING - 25/03/14 01:45:56 INFO SQLHadoopMapReduceCommitProtocol: Using user defined output committer class org.apache.parquet.hadoop.ParquetOutputCommitter
[2025-03-14T01:45:56.491+0000] {ssh.py:531} WARNING - 25/03/14 01:45:56 INFO FileOutputCommitter: File Output Committer Algorithm version is 1
[2025-03-14T01:45:56.492+0000] {ssh.py:531} WARNING - 25/03/14 01:45:56 INFO FileOutputCommitter: FileOutputCommitter skip cleanup _temporary folders under output directory:false, ignore cleanup failures: false
[2025-03-14T01:45:56.497+0000] {ssh.py:531} WARNING - 25/03/14 01:45:56 INFO SQLHadoopMapReduceCommitProtocol: Using output committer class org.apache.parquet.hadoop.ParquetOutputCommitter
[2025-03-14T01:45:57.051+0000] {ssh.py:531} WARNING - 25/03/14 01:45:56 INFO CodeGenerator: Code generated in 101.739963 ms
[2025-03-14T01:45:57.068+0000] {ssh.py:531} WARNING - 25/03/14 01:45:56 INFO MemoryStore: Block broadcast_3 stored as values in memory (estimated size 200.4 KiB, free 433.7 MiB)
[2025-03-14T01:45:57.201+0000] {ssh.py:531} WARNING - 25/03/14 01:45:57 INFO MemoryStore: Block broadcast_3_piece0 stored as bytes in memory (estimated size 34.6 KiB, free 433.7 MiB)
[2025-03-14T01:45:57.224+0000] {ssh.py:531} WARNING - 25/03/14 01:45:57 INFO BlockManagerInfo: Added broadcast_3_piece0 in memory on 0.0.0.0:46437 (size: 34.6 KiB, free: 434.3 MiB)
[2025-03-14T01:45:57.228+0000] {ssh.py:531} WARNING - 25/03/14 01:45:57 INFO SparkContext: Created broadcast 3 from parquet at NativeMethodAccessorImpl.java:0
[2025-03-14T01:45:57.252+0000] {ssh.py:531} WARNING - 25/03/14 01:45:57 INFO FileSourceScanExec: Planning scan with bin packing, max size: 4194304 bytes, open cost is considered as scanning 4194304 bytes.
[2025-03-14T01:45:57.310+0000] {ssh.py:531} WARNING - 25/03/14 01:45:57 INFO BlockManagerInfo: Removed broadcast_2_piece0 on 0.0.0.0:46437 in memory (size: 34.7 KiB, free: 434.3 MiB)
[2025-03-14T01:45:57.332+0000] {ssh.py:531} WARNING - 25/03/14 01:45:57 INFO SparkContext: Starting job: parquet at NativeMethodAccessorImpl.java:0
[2025-03-14T01:45:57.336+0000] {ssh.py:531} WARNING - 25/03/14 01:45:57 INFO DAGScheduler: Got job 1 (parquet at NativeMethodAccessorImpl.java:0) with 1 output partitions
[2025-03-14T01:45:57.341+0000] {ssh.py:531} WARNING - 25/03/14 01:45:57 INFO DAGScheduler: Final stage: ResultStage 1 (parquet at NativeMethodAccessorImpl.java:0)
[2025-03-14T01:45:57.342+0000] {ssh.py:531} WARNING - 25/03/14 01:45:57 INFO DAGScheduler: Parents of final stage: List()
[2025-03-14T01:45:57.352+0000] {ssh.py:531} WARNING - 25/03/14 01:45:57 INFO DAGScheduler: Missing parents: List()
[2025-03-14T01:45:57.353+0000] {ssh.py:531} WARNING - 25/03/14 01:45:57 INFO BlockManagerInfo: Removed broadcast_1_piece0 on 0.0.0.0:46437 in memory (size: 6.4 KiB, free: 434.3 MiB)
[2025-03-14T01:45:57.360+0000] {ssh.py:531} WARNING - 25/03/14 01:45:57 INFO DAGScheduler: Submitting ResultStage 1 (MapPartitionsRDD[13] at parquet at NativeMethodAccessorImpl.java:0), which has no missing parents
[2025-03-14T01:45:57.400+0000] {ssh.py:531} WARNING - 25/03/14 01:45:57 INFO BlockManagerInfo: Removed broadcast_0_piece0 on 0.0.0.0:46437 in memory (size: 34.7 KiB, free: 434.4 MiB)
[2025-03-14T01:45:57.637+0000] {ssh.py:531} WARNING - 25/03/14 01:45:57 INFO MemoryStore: Block broadcast_4 stored as values in memory (estimated size 223.0 KiB, free 434.0 MiB)
[2025-03-14T01:45:57.656+0000] {ssh.py:531} WARNING - 25/03/14 01:45:57 INFO MemoryStore: Block broadcast_4_piece0 stored as bytes in memory (estimated size 80.0 KiB, free 433.9 MiB)
[2025-03-14T01:45:57.658+0000] {ssh.py:531} WARNING - 25/03/14 01:45:57 INFO BlockManagerInfo: Added broadcast_4_piece0 in memory on 0.0.0.0:46437 (size: 80.0 KiB, free: 434.3 MiB)
[2025-03-14T01:45:57.660+0000] {ssh.py:531} WARNING - 25/03/14 01:45:57 INFO SparkContext: Created broadcast 4 from broadcast at DAGScheduler.scala:1585
[2025-03-14T01:45:57.667+0000] {ssh.py:531} WARNING - 25/03/14 01:45:57 INFO DAGScheduler: Submitting 1 missing tasks from ResultStage 1 (MapPartitionsRDD[13] at parquet at NativeMethodAccessorImpl.java:0) (first 15 tasks are for partitions Vector(0))
[2025-03-14T01:45:57.667+0000] {ssh.py:531} WARNING - 25/03/14 01:45:57 INFO TaskSchedulerImpl: Adding task set 1.0 with 1 tasks resource profile 0
[2025-03-14T01:45:57.673+0000] {ssh.py:531} WARNING - 25/03/14 01:45:57 INFO TaskSetManager: Starting task 0.0 in stage 1.0 (TID 1) (ip-172-31-12-182.ap-northeast-2.compute.internal, executor driver, partition 0, PROCESS_LOCAL, 9640 bytes) 
[2025-03-14T01:45:57.683+0000] {ssh.py:531} WARNING - 25/03/14 01:45:57 INFO Executor: Running task 0.0 in stage 1.0 (TID 1)
[2025-03-14T01:45:58.131+0000] {ssh.py:531} WARNING - 25/03/14 01:45:57 INFO CodeGenerator: Code generated in 97.974583 ms
[2025-03-14T01:45:58.141+0000] {ssh.py:531} WARNING - 25/03/14 01:45:57 INFO FileOutputCommitter: File Output Committer Algorithm version is 1
[2025-03-14T01:45:58.142+0000] {ssh.py:531} WARNING - 25/03/14 01:45:57 INFO FileOutputCommitter: FileOutputCommitter skip cleanup _temporary folders under output directory:false, ignore cleanup failures: false
[2025-03-14T01:45:58.143+0000] {ssh.py:531} WARNING - 25/03/14 01:45:58 INFO SQLHadoopMapReduceCommitProtocol: Using user defined output committer class org.apache.parquet.hadoop.ParquetOutputCommitter
[2025-03-14T01:45:58.144+0000] {ssh.py:531} WARNING - 25/03/14 01:45:58 INFO FileOutputCommitter: File Output Committer Algorithm version is 1
[2025-03-14T01:45:58.146+0000] {ssh.py:531} WARNING - 25/03/14 01:45:58 INFO FileOutputCommitter: FileOutputCommitter skip cleanup _temporary folders under output directory:false, ignore cleanup failures: false
[2025-03-14T01:45:58.148+0000] {ssh.py:531} WARNING - 25/03/14 01:45:58 INFO SQLHadoopMapReduceCommitProtocol: Using output committer class org.apache.parquet.hadoop.ParquetOutputCommitter
[2025-03-14T01:45:58.183+0000] {ssh.py:531} WARNING - 25/03/14 01:45:58 INFO CodecConfig: Compression: SNAPPY
[2025-03-14T01:45:58.202+0000] {ssh.py:531} WARNING - 25/03/14 01:45:58 INFO CodecConfig: Compression: SNAPPY
[2025-03-14T01:45:58.300+0000] {ssh.py:531} WARNING - 25/03/14 01:45:58 INFO ParquetOutputFormat: ParquetRecordWriter [block size: 134217728b, row group padding size: 8388608b, validating: false]
[2025-03-14T01:45:58.400+0000] {ssh.py:531} WARNING - 25/03/14 01:45:58 INFO ParquetWriteSupport: Initialized Parquet WriteSupport with Catalyst schema:
[2025-03-14T01:45:58.401+0000] {ssh.py:531} WARNING - {
[2025-03-14T01:45:58.401+0000] {ssh.py:531} WARNING -   "type" : "struct",
[2025-03-14T01:45:58.401+0000] {ssh.py:531} WARNING -   "fields" : [ {
[2025-03-14T01:45:58.401+0000] {ssh.py:531} WARNING -     "name" : "ranking",
[2025-03-14T01:45:58.402+0000] {ssh.py:531} WARNING -     "type" : "string",
[2025-03-14T01:45:58.402+0000] {ssh.py:531} WARNING -     "nullable" : true,
[2025-03-14T01:45:58.402+0000] {ssh.py:531} WARNING -     "metadata" : { }
[2025-03-14T01:45:58.402+0000] {ssh.py:531} WARNING -   }, {
[2025-03-14T01:45:58.402+0000] {ssh.py:531} WARNING -     "name" : "division_id",
[2025-03-14T01:45:58.403+0000] {ssh.py:531} WARNING -     "type" : "string",
[2025-03-14T01:45:58.403+0000] {ssh.py:531} WARNING -     "nullable" : true,
[2025-03-14T01:45:58.403+0000] {ssh.py:531} WARNING -     "metadata" : { }
[2025-03-14T01:45:58.403+0000] {ssh.py:531} WARNING -   }, {
[2025-03-14T01:45:58.403+0000] {ssh.py:531} WARNING -     "name" : "gamer_nickname",
[2025-03-14T01:45:58.403+0000] {ssh.py:531} WARNING -     "type" : "string",
[2025-03-14T01:45:58.404+0000] {ssh.py:531} WARNING -     "nullable" : true,
[2025-03-14T01:45:58.404+0000] {ssh.py:531} WARNING -     "metadata" : { }
[2025-03-14T01:45:58.404+0000] {ssh.py:531} WARNING -   }, {
[2025-03-14T01:45:58.404+0000] {ssh.py:531} WARNING -     "name" : "level",
[2025-03-14T01:45:58.405+0000] {ssh.py:531} WARNING -     "type" : "string",
[2025-03-14T01:45:58.405+0000] {ssh.py:531} WARNING -     "nullable" : true,
[2025-03-14T01:45:58.405+0000] {ssh.py:531} WARNING -     "metadata" : { }
[2025-03-14T01:45:58.405+0000] {ssh.py:531} WARNING -   }, {
[2025-03-14T01:45:58.405+0000] {ssh.py:531} WARNING -     "name" : "team_worth",
[2025-03-14T01:45:58.406+0000] {ssh.py:531} WARNING -     "type" : "string",
[2025-03-14T01:45:58.406+0000] {ssh.py:531} WARNING -     "nullable" : true,
[2025-03-14T01:45:58.406+0000] {ssh.py:531} WARNING -     "metadata" : { }
[2025-03-14T01:45:58.406+0000] {ssh.py:531} WARNING -   }, {
[2025-03-14T01:45:58.406+0000] {ssh.py:531} WARNING -     "name" : "points",
[2025-03-14T01:45:58.406+0000] {ssh.py:531} WARNING -     "type" : "string",
[2025-03-14T01:45:58.407+0000] {ssh.py:531} WARNING -     "nullable" : true,
[2025-03-14T01:45:58.407+0000] {ssh.py:531} WARNING -     "metadata" : { }
[2025-03-14T01:45:58.407+0000] {ssh.py:531} WARNING -   }, {
[2025-03-14T01:45:58.407+0000] {ssh.py:531} WARNING -     "name" : "winning_rate",
[2025-03-14T01:45:58.407+0000] {ssh.py:531} WARNING -     "type" : "string",
[2025-03-14T01:45:58.408+0000] {ssh.py:531} WARNING -     "nullable" : true,
[2025-03-14T01:45:58.408+0000] {ssh.py:531} WARNING -     "metadata" : { }
[2025-03-14T01:45:58.409+0000] {ssh.py:531} WARNING -   }, {
[2025-03-14T01:45:58.409+0000] {ssh.py:531} WARNING -     "name" : "team_name",
[2025-03-14T01:45:58.409+0000] {ssh.py:531} WARNING -     "type" : "string",
[2025-03-14T01:45:58.410+0000] {ssh.py:531} WARNING -     "nullable" : true,
[2025-03-14T01:45:58.410+0000] {ssh.py:531} WARNING -     "metadata" : { }
[2025-03-14T01:45:58.410+0000] {ssh.py:531} WARNING -   }, {
[2025-03-14T01:45:58.411+0000] {ssh.py:531} WARNING -     "name" : "formation",
[2025-03-14T01:45:58.411+0000] {ssh.py:531} WARNING -     "type" : "string",
[2025-03-14T01:45:58.411+0000] {ssh.py:531} WARNING -     "nullable" : true,
[2025-03-14T01:45:58.412+0000] {ssh.py:531} WARNING -     "metadata" : { }
[2025-03-14T01:45:58.412+0000] {ssh.py:531} WARNING -   }, {
[2025-03-14T01:45:58.412+0000] {ssh.py:531} WARNING -     "name" : "created_at",
[2025-03-14T01:45:58.412+0000] {ssh.py:531} WARNING -     "type" : "string",
[2025-03-14T01:45:58.413+0000] {ssh.py:531} WARNING -     "nullable" : true,
[2025-03-14T01:45:58.413+0000] {ssh.py:531} WARNING -     "metadata" : { }
[2025-03-14T01:45:58.414+0000] {ssh.py:531} WARNING -   }, {
[2025-03-14T01:45:58.414+0000] {ssh.py:531} WARNING -     "name" : "total_win",
[2025-03-14T01:45:58.414+0000] {ssh.py:531} WARNING -     "type" : "string",
[2025-03-14T01:45:58.415+0000] {ssh.py:531} WARNING -     "nullable" : true,
[2025-03-14T01:45:58.415+0000] {ssh.py:531} WARNING -     "metadata" : { }
[2025-03-14T01:45:58.415+0000] {ssh.py:531} WARNING -   }, {
[2025-03-14T01:45:58.416+0000] {ssh.py:531} WARNING -     "name" : "total_draw",
[2025-03-14T01:45:58.416+0000] {ssh.py:531} WARNING -     "type" : "string",
[2025-03-14T01:45:58.416+0000] {ssh.py:531} WARNING -     "nullable" : true,
[2025-03-14T01:45:58.416+0000] {ssh.py:531} WARNING -     "metadata" : { }
[2025-03-14T01:45:58.416+0000] {ssh.py:531} WARNING -   }, {
[2025-03-14T01:45:58.417+0000] {ssh.py:531} WARNING -     "name" : "total_lose",
[2025-03-14T01:45:58.417+0000] {ssh.py:531} WARNING -     "type" : "string",
[2025-03-14T01:45:58.417+0000] {ssh.py:531} WARNING -     "nullable" : true,
[2025-03-14T01:45:58.417+0000] {ssh.py:531} WARNING -     "metadata" : { }
[2025-03-14T01:45:58.417+0000] {ssh.py:531} WARNING -   } ]
[2025-03-14T01:45:58.418+0000] {ssh.py:531} WARNING - }
[2025-03-14T01:45:58.418+0000] {ssh.py:531} WARNING - and corresponding Parquet message type:
[2025-03-14T01:45:58.418+0000] {ssh.py:531} WARNING - message spark_schema {
[2025-03-14T01:45:58.418+0000] {ssh.py:531} WARNING -   optional binary ranking (STRING);
[2025-03-14T01:45:58.419+0000] {ssh.py:531} WARNING -   optional binary division_id (STRING);
[2025-03-14T01:45:58.419+0000] {ssh.py:531} WARNING -   optional binary gamer_nickname (STRING);
[2025-03-14T01:45:58.419+0000] {ssh.py:531} WARNING -   optional binary level (STRING);
[2025-03-14T01:45:58.419+0000] {ssh.py:531} WARNING -   optional binary team_worth (STRING);
[2025-03-14T01:45:58.419+0000] {ssh.py:531} WARNING -   optional binary points (STRING);
[2025-03-14T01:45:58.419+0000] {ssh.py:531} WARNING -   optional binary winning_rate (STRING);
[2025-03-14T01:45:58.420+0000] {ssh.py:531} WARNING -   optional binary team_name (STRING);
[2025-03-14T01:45:58.420+0000] {ssh.py:531} WARNING -   optional binary formation (STRING);
[2025-03-14T01:45:58.420+0000] {ssh.py:531} WARNING -   optional binary created_at (STRING);
[2025-03-14T01:45:58.420+0000] {ssh.py:531} WARNING -   optional binary total_win (STRING);
[2025-03-14T01:45:58.420+0000] {ssh.py:531} WARNING -   optional binary total_draw (STRING);
[2025-03-14T01:45:58.421+0000] {ssh.py:531} WARNING -   optional binary total_lose (STRING);
[2025-03-14T01:45:58.421+0000] {ssh.py:531} WARNING - }
[2025-03-14T01:45:58.421+0000] {ssh.py:531} WARNING - 
[2025-03-14T01:45:58.421+0000] {ssh.py:531} WARNING -        
[2025-03-14T01:45:58.756+0000] {ssh.py:531} WARNING - 25/03/14 01:45:58 INFO CodecPool: Got brand-new compressor [.snappy]
[2025-03-14T01:45:59.675+0000] {ssh.py:531} WARNING - 25/03/14 01:45:59 INFO FileScanRDD: Reading File path: s3a://de5-finalproj-team2/crawl/2025-03-14/crawl_result_processed_20250314.csv, range: 0-1154758, partition values: [empty row]
[2025-03-14T01:45:59.811+0000] {ssh.py:531} WARNING - 25/03/14 01:45:59 INFO CodeGenerator: Code generated in 75.362927 ms
[2025-03-14T01:45:59.942+0000] {ssh.py:531} WARNING - 25/03/14 01:45:59 INFO LineRecordReader: Found UTF-8 BOM and skipped it
[2025-03-14T01:46:03.234+0000] {ssh.py:531} WARNING - 25/03/14 01:46:03 INFO FileOutputCommitter: Saved output of task 'attempt_202503140145575426738818720712825_0001_m_000000_1' to s3a://de5-finalproj-team2/analytics/ranking_info/2025-03-14/ranking_info_data.parquet/_temporary/0/task_202503140145575426738818720712825_0001_m_000000
[2025-03-14T01:46:03.240+0000] {ssh.py:531} WARNING - 25/03/14 01:46:03 INFO SparkHadoopMapRedUtil: attempt_202503140145575426738818720712825_0001_m_000000_1: Committed. Elapsed time: 818 ms.
[2025-03-14T01:46:03.316+0000] {ssh.py:531} WARNING - 25/03/14 01:46:03 INFO Executor: Finished task 0.0 in stage 1.0 (TID 1). 2613 bytes result sent to driver
[2025-03-14T01:46:03.331+0000] {ssh.py:531} WARNING - 25/03/14 01:46:03 INFO TaskSetManager: Finished task 0.0 in stage 1.0 (TID 1) in 5656 ms on ip-172-31-12-182.ap-northeast-2.compute.internal (executor driver) (1/1)
[2025-03-14T01:46:03.331+0000] {ssh.py:531} WARNING - 25/03/14 01:46:03 INFO TaskSchedulerImpl: Removed TaskSet 1.0, whose tasks have all completed, from pool 
[2025-03-14T01:46:03.333+0000] {ssh.py:531} WARNING - 25/03/14 01:46:03 INFO DAGScheduler: ResultStage 1 (parquet at NativeMethodAccessorImpl.java:0) finished in 5.964 s
[2025-03-14T01:46:03.338+0000] {ssh.py:531} WARNING - 25/03/14 01:46:03 INFO DAGScheduler: Job 1 is finished. Cancelling potential speculative or zombie tasks for this job
[2025-03-14T01:46:03.341+0000] {ssh.py:531} WARNING - 25/03/14 01:46:03 INFO TaskSchedulerImpl: Killing all running tasks in stage 1: Stage finished
[2025-03-14T01:46:03.345+0000] {ssh.py:531} WARNING - 25/03/14 01:46:03 INFO DAGScheduler: Job 1 finished: parquet at NativeMethodAccessorImpl.java:0, took 6.012637 s
[2025-03-14T01:46:03.348+0000] {ssh.py:531} WARNING - 25/03/14 01:46:03 INFO FileFormatWriter: Start to commit write Job 85930c65-b7c6-4cd0-a439-67f7184b6342.
[2025-03-14T01:46:03.523+0000] {ssh.py:531} WARNING - 25/03/14 01:46:03 INFO BlockManagerInfo: Removed broadcast_4_piece0 on 0.0.0.0:46437 in memory (size: 80.0 KiB, free: 434.4 MiB)
[2025-03-14T01:46:04.471+0000] {ssh.py:531} WARNING - 25/03/14 01:46:04 INFO FileFormatWriter: Write Job 85930c65-b7c6-4cd0-a439-67f7184b6342 committed. Elapsed time: 1121 ms.
[2025-03-14T01:46:04.476+0000] {ssh.py:531} WARNING - 25/03/14 01:46:04 INFO FileFormatWriter: Finished processing stats for write job 85930c65-b7c6-4cd0-a439-67f7184b6342.
[2025-03-14T01:46:04.492+0000] {ssh.py:526} INFO - ✅ Parquet 파일 변환 완료!
[2025-03-14T01:46:04.573+0000] {ssh.py:531} WARNING - 25/03/14 01:46:04 INFO SparkContext: Invoking stop() from shutdown hook
[2025-03-14T01:46:04.575+0000] {ssh.py:531} WARNING - 25/03/14 01:46:04 INFO SparkContext: SparkContext is stopping with exitCode 0.
[2025-03-14T01:46:04.590+0000] {ssh.py:531} WARNING - 25/03/14 01:46:04 INFO SparkUI: Stopped Spark web UI at http://0.0.0.0:4041
[2025-03-14T01:46:04.629+0000] {ssh.py:531} WARNING - 25/03/14 01:46:04 INFO MapOutputTrackerMasterEndpoint: MapOutputTrackerMasterEndpoint stopped!
[2025-03-14T01:46:04.652+0000] {ssh.py:531} WARNING - 25/03/14 01:46:04 INFO MemoryStore: MemoryStore cleared
[2025-03-14T01:46:04.654+0000] {ssh.py:531} WARNING - 25/03/14 01:46:04 INFO BlockManager: BlockManager stopped
[2025-03-14T01:46:04.659+0000] {ssh.py:531} WARNING - 25/03/14 01:46:04 INFO BlockManagerMaster: BlockManagerMaster stopped
[2025-03-14T01:46:04.677+0000] {ssh.py:531} WARNING - 25/03/14 01:46:04 INFO OutputCommitCoordinator$OutputCommitCoordinatorEndpoint: OutputCommitCoordinator stopped!
[2025-03-14T01:46:04.683+0000] {ssh.py:531} WARNING - 25/03/14 01:46:04 INFO SparkContext: Successfully stopped SparkContext
[2025-03-14T01:46:04.683+0000] {ssh.py:531} WARNING - 25/03/14 01:46:04 INFO ShutdownHookManager: Shutdown hook called
[2025-03-14T01:46:04.684+0000] {ssh.py:531} WARNING - 25/03/14 01:46:04 INFO ShutdownHookManager: Deleting directory /tmp/spark-e1c3eaf0-5418-4477-a390-e6bbc8527fc9
[2025-03-14T01:46:04.685+0000] {ssh.py:531} WARNING - 25/03/14 01:46:04 INFO ShutdownHookManager: Deleting directory /tmp/spark-df4acb5f-10cd-4408-846b-3cbd834af472
[2025-03-14T01:46:04.686+0000] {ssh.py:531} WARNING - 25/03/14 01:46:04 INFO ShutdownHookManager: Deleting directory /tmp/spark-df4acb5f-10cd-4408-846b-3cbd834af472/pyspark-f4c236cf-a12a-4c4e-b453-6b4dfa7ad464
[2025-03-14T01:46:04.694+0000] {ssh.py:531} WARNING - 25/03/14 01:46:04 INFO MetricsSystemImpl: Stopping s3a-file-system metrics system...
[2025-03-14T01:46:04.695+0000] {ssh.py:531} WARNING - 25/03/14 01:46:04 INFO MetricsSystemImpl: s3a-file-system metrics system stopped.
[2025-03-14T01:46:04.696+0000] {ssh.py:531} WARNING - 25/03/14 01:46:04 INFO MetricsSystemImpl: s3a-file-system metrics system shutdown complete.
[2025-03-14T01:46:04.759+0000] {ssh.py:526} INFO - Spark Job Succeeded!
[2025-03-14T01:46:04.831+0000] {taskinstance.py:441} INFO - ::group::Post task execution logs
[2025-03-14T01:46:04.906+0000] {taskinstance.py:1206} INFO - Marking task as SUCCESS. dag_id=s3_csv_to_parquet_dag, task_id=submit_spark_via_ssh, run_id=scheduled__2025-03-13T01:40:00+00:00, execution_date=20250313T014000, start_date=20250314T014519, end_date=20250314T014604
[2025-03-14T01:46:04.955+0000] {local_task_job_runner.py:240} INFO - Task exited with return code 0
[2025-03-14T01:46:05.021+0000] {taskinstance.py:3498} INFO - 1 downstream tasks scheduled from follow-on schedule check
[2025-03-14T01:46:05.024+0000] {local_task_job_runner.py:222} INFO - ::endgroup::
