[2025-03-11T00:50:09.475+0000] {local_task_job_runner.py:120} INFO - ::group::Pre task execution logs
[2025-03-11T00:50:09.506+0000] {taskinstance.py:2076} INFO - Dependencies all met for dep_context=non-requeueable deps ti=<TaskInstance: submit_spark_job_v3.submit_spark_via_ssh manual__2025-03-11T00:50:05.500289+00:00 [queued]>
[2025-03-11T00:50:09.518+0000] {taskinstance.py:2076} INFO - Dependencies all met for dep_context=requeueable deps ti=<TaskInstance: submit_spark_job_v3.submit_spark_via_ssh manual__2025-03-11T00:50:05.500289+00:00 [queued]>
[2025-03-11T00:50:09.519+0000] {taskinstance.py:2306} INFO - Starting attempt 1 of 2
[2025-03-11T00:50:09.531+0000] {taskinstance.py:2330} INFO - Executing <Task(SSHOperator): submit_spark_via_ssh> on 2025-03-11 00:50:05.500289+00:00
[2025-03-11T00:50:09.536+0000] {standard_task_runner.py:63} INFO - Started process 1588 to run task
[2025-03-11T00:50:09.540+0000] {standard_task_runner.py:90} INFO - Running: ['***', 'tasks', 'run', 'submit_spark_job_v3', 'submit_spark_via_ssh', 'manual__2025-03-11T00:50:05.500289+00:00', '--job-id', '47', '--raw', '--subdir', 'DAGS_FOLDER/match_info_spark_process_dag.py', '--cfg-path', '/tmp/tmp43ok4cx9']
[2025-03-11T00:50:09.543+0000] {standard_task_runner.py:91} INFO - Job 47: Subtask submit_spark_via_ssh
[2025-03-11T00:50:09.603+0000] {task_command.py:426} INFO - Running <TaskInstance: submit_spark_job_v3.submit_spark_via_ssh manual__2025-03-11T00:50:05.500289+00:00 [running]> on host a0d797a25898
[2025-03-11T00:50:09.717+0000] {taskinstance.py:2648} INFO - Exporting env vars: AIRFLOW_CTX_DAG_OWNER='***' AIRFLOW_CTX_DAG_ID='submit_spark_job_v3' AIRFLOW_CTX_TASK_ID='submit_spark_via_ssh' AIRFLOW_CTX_EXECUTION_DATE='2025-03-11T00:50:05.500289+00:00' AIRFLOW_CTX_TRY_NUMBER='1' AIRFLOW_CTX_DAG_RUN_ID='manual__2025-03-11T00:50:05.500289+00:00'
[2025-03-11T00:50:09.718+0000] {taskinstance.py:430} INFO - ::endgroup::
[2025-03-11T00:50:09.733+0000] {ssh.py:151} INFO - Creating ssh_client
[2025-03-11T00:50:09.734+0000] {ssh.py:124} INFO - ssh_hook is not provided or invalid. Trying ssh_conn_id to create SSHHook.
[2025-03-11T00:50:09.750+0000] {base.py:84} INFO - Using connection ID 'spark_ssh_conn' for task execution.
[2025-03-11T00:50:09.751+0000] {ssh.py:301} WARNING - No Host Key Verification. This won't protect against Man-In-The-Middle attacks
[2025-03-11T00:50:09.801+0000] {transport.py:1909} INFO - Connected (version 2.0, client OpenSSH_9.6p1)
[2025-03-11T00:50:09.888+0000] {transport.py:1909} INFO - Authentication (publickey) successful!
[2025-03-11T00:50:09.889+0000] {ssh.py:480} INFO - Running command: 
    set -e  # 명령어 실패 시 즉시 종료
    echo "Starting Spark Job on 2025-03-10"

    echo "Submitting Spark Job... for 2025-03-10 data"
   /spark-3.5.3/bin/spark-submit /home/ubuntu/spark_scripts/match_info_pyspark.py 2025-03-10 > spark_job.log 2>&1
    exit_code=$?

    # 실행 로그 출력 (Airflow에서 확인 가능)
    if [ -f spark_job.log ]; then
        echo "=== Spark Job Log Start ==="
        cat spark_job.log
        echo "=== Spark Job Log End ==="
    else
        echo "Warning: spark_job.log not found!"
    fi

    # Spark 실패 감지
    if [ $exit_code -ne 0 ]; then
        echo "Spark Job Failed! Check logs."
        exit 1
    else
        echo "Spark Job Succeeded!"
    fi
    
[2025-03-11T00:50:10.845+0000] {ssh.py:526} INFO - Starting Spark Job on 2025-03-10
[2025-03-11T00:50:10.845+0000] {ssh.py:526} INFO - Submitting Spark Job... for 2025-03-10 data
[2025-03-11T00:50:36.812+0000] {ssh.py:526} INFO - === Spark Job Log Start ===
[2025-03-11T00:50:36.814+0000] {ssh.py:526} INFO - Processing date: 2025-03-10
[2025-03-11T00:50:36.815+0000] {ssh.py:526} INFO - 25/03/11 00:50:15 INFO SparkContext: Running Spark version 3.5.3
[2025-03-11T00:50:36.815+0000] {ssh.py:526} INFO - 25/03/11 00:50:15 INFO SparkContext: OS info Linux, 6.8.0-1024-aws, amd64
[2025-03-11T00:50:36.815+0000] {ssh.py:526} INFO - 25/03/11 00:50:15 INFO SparkContext: Java version 11.0.26
[2025-03-11T00:50:36.816+0000] {ssh.py:526} INFO - 25/03/11 00:50:16 WARN NativeCodeLoader: Unable to load native-hadoop library for your platform... using builtin-java classes where applicable
[2025-03-11T00:50:36.816+0000] {ssh.py:526} INFO - 25/03/11 00:50:16 INFO ResourceUtils: ==============================================================
[2025-03-11T00:50:36.816+0000] {ssh.py:526} INFO - 25/03/11 00:50:16 INFO ResourceUtils: No custom resources configured for spark.driver.
[2025-03-11T00:50:36.816+0000] {ssh.py:526} INFO - 25/03/11 00:50:16 INFO ResourceUtils: ==============================================================
[2025-03-11T00:50:36.816+0000] {ssh.py:526} INFO - 25/03/11 00:50:16 INFO SparkContext: Submitted application: json to parquet
[2025-03-11T00:50:36.816+0000] {ssh.py:526} INFO - 25/03/11 00:50:16 INFO ResourceProfile: Default ResourceProfile created, executor resources: Map(cores -> name: cores, amount: 1, script: , vendor: , memory -> name: memory, amount: 1024, script: , vendor: , offHeap -> name: offHeap, amount: 0, script: , vendor: ), task resources: Map(cpus -> name: cpus, amount: 1.0)
[2025-03-11T00:50:36.816+0000] {ssh.py:526} INFO - 25/03/11 00:50:16 INFO ResourceProfile: Limiting resource is cpu
[2025-03-11T00:50:36.816+0000] {ssh.py:526} INFO - 25/03/11 00:50:16 INFO ResourceProfileManager: Added ResourceProfile id: 0
[2025-03-11T00:50:36.817+0000] {ssh.py:526} INFO - 25/03/11 00:50:16 INFO SecurityManager: Changing view acls to: ubuntu
[2025-03-11T00:50:36.817+0000] {ssh.py:526} INFO - 25/03/11 00:50:16 INFO SecurityManager: Changing modify acls to: ubuntu
[2025-03-11T00:50:36.817+0000] {ssh.py:526} INFO - 25/03/11 00:50:16 INFO SecurityManager: Changing view acls groups to: 
[2025-03-11T00:50:36.817+0000] {ssh.py:526} INFO - 25/03/11 00:50:16 INFO SecurityManager: Changing modify acls groups to: 
[2025-03-11T00:50:36.817+0000] {ssh.py:526} INFO - 25/03/11 00:50:16 INFO SecurityManager: SecurityManager: authentication disabled; ui acls disabled; users with view permissions: ubuntu; groups with view permissions: EMPTY; users with modify permissions: ubuntu; groups with modify permissions: EMPTY
[2025-03-11T00:50:36.817+0000] {ssh.py:526} INFO - 25/03/11 00:50:16 INFO Utils: Successfully started service 'sparkDriver' on port 40921.
[2025-03-11T00:50:36.817+0000] {ssh.py:526} INFO - 25/03/11 00:50:16 INFO SparkEnv: Registering MapOutputTracker
[2025-03-11T00:50:36.817+0000] {ssh.py:526} INFO - 25/03/11 00:50:17 INFO SparkEnv: Registering BlockManagerMaster
[2025-03-11T00:50:36.817+0000] {ssh.py:526} INFO - 25/03/11 00:50:17 INFO BlockManagerMasterEndpoint: Using org.apache.spark.storage.DefaultTopologyMapper for getting topology information
[2025-03-11T00:50:36.818+0000] {ssh.py:526} INFO - 25/03/11 00:50:17 INFO BlockManagerMasterEndpoint: BlockManagerMasterEndpoint up
[2025-03-11T00:50:36.818+0000] {ssh.py:526} INFO - 25/03/11 00:50:17 INFO SparkEnv: Registering BlockManagerMasterHeartbeat
[2025-03-11T00:50:36.818+0000] {ssh.py:526} INFO - 25/03/11 00:50:17 INFO DiskBlockManager: Created local directory at /tmp/blockmgr-2cabbdb1-e70e-44f4-b72e-a7ea98644091
[2025-03-11T00:50:36.818+0000] {ssh.py:526} INFO - 25/03/11 00:50:17 INFO MemoryStore: MemoryStore started with capacity 434.4 MiB
[2025-03-11T00:50:36.818+0000] {ssh.py:526} INFO - 25/03/11 00:50:17 INFO SparkEnv: Registering OutputCommitCoordinator
[2025-03-11T00:50:36.818+0000] {ssh.py:526} INFO - 25/03/11 00:50:17 INFO JettyUtils: Start Jetty 0.0.0.0:4040 for SparkUI
[2025-03-11T00:50:36.818+0000] {ssh.py:526} INFO - 25/03/11 00:50:17 INFO Utils: Successfully started service 'SparkUI' on port 4040.
[2025-03-11T00:50:36.818+0000] {ssh.py:526} INFO - 25/03/11 00:50:17 INFO Executor: Starting executor ID driver on host ip-172-31-12-182.ap-northeast-2.compute.internal
[2025-03-11T00:50:36.818+0000] {ssh.py:526} INFO - 25/03/11 00:50:17 INFO Executor: OS info Linux, 6.8.0-1024-aws, amd64
[2025-03-11T00:50:36.819+0000] {ssh.py:526} INFO - 25/03/11 00:50:17 INFO Executor: Java version 11.0.26
[2025-03-11T00:50:36.819+0000] {ssh.py:526} INFO - 25/03/11 00:50:17 INFO Executor: Starting executor with user classpath (userClassPathFirst = false): ''
[2025-03-11T00:50:36.819+0000] {ssh.py:526} INFO - 25/03/11 00:50:17 INFO Executor: Created or updated repl class loader org.apache.spark.util.MutableURLClassLoader@1df89953 for default.
[2025-03-11T00:50:36.819+0000] {ssh.py:526} INFO - 25/03/11 00:50:17 INFO Utils: Successfully started service 'org.apache.spark.network.netty.NettyBlockTransferService' on port 34589.
[2025-03-11T00:50:36.819+0000] {ssh.py:526} INFO - 25/03/11 00:50:17 INFO NettyBlockTransferService: Server created on 0.0.0.0:34589
[2025-03-11T00:50:36.819+0000] {ssh.py:526} INFO - 25/03/11 00:50:17 INFO BlockManager: Using org.apache.spark.storage.RandomBlockReplicationPolicy for block replication policy
[2025-03-11T00:50:36.819+0000] {ssh.py:526} INFO - 25/03/11 00:50:17 INFO BlockManagerMaster: Registering BlockManager BlockManagerId(driver, 0.0.0.0, 34589, None)
[2025-03-11T00:50:36.819+0000] {ssh.py:526} INFO - 25/03/11 00:50:17 INFO BlockManagerMasterEndpoint: Registering block manager 0.0.0.0:34589 with 434.4 MiB RAM, BlockManagerId(driver, 0.0.0.0, 34589, None)
[2025-03-11T00:50:36.819+0000] {ssh.py:526} INFO - 25/03/11 00:50:17 INFO BlockManagerMaster: Registered BlockManager BlockManagerId(driver, 0.0.0.0, 34589, None)
[2025-03-11T00:50:36.820+0000] {ssh.py:526} INFO - 25/03/11 00:50:17 INFO BlockManager: Initialized BlockManager: BlockManagerId(driver, 0.0.0.0, 34589, None)
[2025-03-11T00:50:36.820+0000] {ssh.py:526} INFO - Reading json file from: s3a://de5-finalproj-team2/raw_data/json/match_data/2025-03-10/*.json
[2025-03-11T00:50:36.820+0000] {ssh.py:526} INFO - 25/03/11 00:50:18 INFO SharedState: Setting hive.metastore.warehouse.dir ('null') to the value of spark.sql.warehouse.dir.
[2025-03-11T00:50:36.820+0000] {ssh.py:526} INFO - 25/03/11 00:50:18 INFO SharedState: Warehouse path is 'file:/home/ubuntu/spark-warehouse'.
[2025-03-11T00:50:36.820+0000] {ssh.py:526} INFO - 25/03/11 00:50:20 WARN MetricsConfig: Cannot locate configuration: tried hadoop-metrics2-s3a-file-system.properties,hadoop-metrics2.properties
[2025-03-11T00:50:36.820+0000] {ssh.py:526} INFO - 25/03/11 00:50:20 INFO MetricsSystemImpl: Scheduled Metric snapshot period at 10 second(s).
[2025-03-11T00:50:36.820+0000] {ssh.py:526} INFO - 25/03/11 00:50:20 INFO MetricsSystemImpl: s3a-file-system metrics system started
[2025-03-11T00:50:36.820+0000] {ssh.py:526} INFO - 25/03/11 00:50:22 INFO InMemoryFileIndex: It took 145 ms to list leaf files for 1 paths.
[2025-03-11T00:50:36.821+0000] {ssh.py:526} INFO - 25/03/11 00:50:22 INFO InMemoryFileIndex: It took 38 ms to list leaf files for 1 paths.
[2025-03-11T00:50:36.821+0000] {ssh.py:526} INFO - 25/03/11 00:50:25 INFO FileSourceStrategy: Pushed Filters: 
[2025-03-11T00:50:36.821+0000] {ssh.py:526} INFO - 25/03/11 00:50:25 INFO FileSourceStrategy: Post-Scan Filters: 
[2025-03-11T00:50:36.821+0000] {ssh.py:526} INFO - 25/03/11 00:50:26 INFO MemoryStore: Block broadcast_0 stored as values in memory (estimated size 201.0 KiB, free 434.2 MiB)
[2025-03-11T00:50:36.821+0000] {ssh.py:526} INFO - 25/03/11 00:50:26 INFO MemoryStore: Block broadcast_0_piece0 stored as bytes in memory (estimated size 34.7 KiB, free 434.2 MiB)
[2025-03-11T00:50:36.821+0000] {ssh.py:526} INFO - 25/03/11 00:50:26 INFO BlockManagerInfo: Added broadcast_0_piece0 in memory on 0.0.0.0:34589 (size: 34.7 KiB, free: 434.4 MiB)
[2025-03-11T00:50:36.821+0000] {ssh.py:526} INFO - 25/03/11 00:50:26 INFO SparkContext: Created broadcast 0 from json at NativeMethodAccessorImpl.java:0
[2025-03-11T00:50:36.821+0000] {ssh.py:526} INFO - 25/03/11 00:50:26 INFO FileSourceScanExec: Planning scan with bin packing, max size: 4533501 bytes, open cost is considered as scanning 4194304 bytes.
[2025-03-11T00:50:36.821+0000] {ssh.py:526} INFO - 25/03/11 00:50:26 INFO SparkContext: Starting job: json at NativeMethodAccessorImpl.java:0
[2025-03-11T00:50:36.822+0000] {ssh.py:526} INFO - 25/03/11 00:50:26 INFO DAGScheduler: Got job 0 (json at NativeMethodAccessorImpl.java:0) with 1 output partitions
[2025-03-11T00:50:36.822+0000] {ssh.py:526} INFO - 25/03/11 00:50:26 INFO DAGScheduler: Final stage: ResultStage 0 (json at NativeMethodAccessorImpl.java:0)
[2025-03-11T00:50:36.822+0000] {ssh.py:526} INFO - 25/03/11 00:50:26 INFO DAGScheduler: Parents of final stage: List()
[2025-03-11T00:50:36.822+0000] {ssh.py:526} INFO - 25/03/11 00:50:26 INFO DAGScheduler: Missing parents: List()
[2025-03-11T00:50:36.822+0000] {ssh.py:526} INFO - 25/03/11 00:50:26 INFO DAGScheduler: Submitting ResultStage 0 (MapPartitionsRDD[3] at json at NativeMethodAccessorImpl.java:0), which has no missing parents
[2025-03-11T00:50:36.822+0000] {ssh.py:526} INFO - 25/03/11 00:50:26 INFO MemoryStore: Block broadcast_1 stored as values in memory (estimated size 16.5 KiB, free 434.2 MiB)
[2025-03-11T00:50:36.822+0000] {ssh.py:526} INFO - 25/03/11 00:50:26 INFO MemoryStore: Block broadcast_1_piece0 stored as bytes in memory (estimated size 7.8 KiB, free 434.1 MiB)
[2025-03-11T00:50:36.822+0000] {ssh.py:526} INFO - 25/03/11 00:50:26 INFO BlockManagerInfo: Added broadcast_1_piece0 in memory on 0.0.0.0:34589 (size: 7.8 KiB, free: 434.4 MiB)
[2025-03-11T00:50:36.822+0000] {ssh.py:526} INFO - 25/03/11 00:50:26 INFO SparkContext: Created broadcast 1 from broadcast at DAGScheduler.scala:1585
[2025-03-11T00:50:36.823+0000] {ssh.py:526} INFO - 25/03/11 00:50:26 INFO DAGScheduler: Submitting 1 missing tasks from ResultStage 0 (MapPartitionsRDD[3] at json at NativeMethodAccessorImpl.java:0) (first 15 tasks are for partitions Vector(0))
[2025-03-11T00:50:36.823+0000] {ssh.py:526} INFO - 25/03/11 00:50:26 INFO TaskSchedulerImpl: Adding task set 0.0 with 1 tasks resource profile 0
[2025-03-11T00:50:36.823+0000] {ssh.py:526} INFO - 25/03/11 00:50:26 INFO TaskSetManager: Starting task 0.0 in stage 0.0 (TID 0) (ip-172-31-12-182.ap-northeast-2.compute.internal, executor driver, partition 0, PROCESS_LOCAL, 9636 bytes) 
[2025-03-11T00:50:36.823+0000] {ssh.py:526} INFO - 25/03/11 00:50:26 INFO Executor: Running task 0.0 in stage 0.0 (TID 0)
[2025-03-11T00:50:36.823+0000] {ssh.py:526} INFO - 25/03/11 00:50:27 INFO FileScanRDD: Reading File path: s3a://de5-finalproj-team2/raw_data/json/match_data/2025-03-10/group_0.json, range: 0-339197, partition values: [empty row]
[2025-03-11T00:50:36.823+0000] {ssh.py:526} INFO - 25/03/11 00:50:27 INFO CodeGenerator: Code generated in 416.355613 ms
[2025-03-11T00:50:36.823+0000] {ssh.py:526} INFO - 25/03/11 00:50:27 INFO Executor: Finished task 0.0 in stage 0.0 (TID 0). 2408 bytes result sent to driver
[2025-03-11T00:50:36.823+0000] {ssh.py:526} INFO - 25/03/11 00:50:28 INFO TaskSetManager: Finished task 0.0 in stage 0.0 (TID 0) in 1065 ms on ip-172-31-12-182.ap-northeast-2.compute.internal (executor driver) (1/1)
[2025-03-11T00:50:36.823+0000] {ssh.py:526} INFO - 25/03/11 00:50:28 INFO TaskSchedulerImpl: Removed TaskSet 0.0, whose tasks have all completed, from pool 
[2025-03-11T00:50:36.824+0000] {ssh.py:526} INFO - 25/03/11 00:50:28 INFO DAGScheduler: ResultStage 0 (json at NativeMethodAccessorImpl.java:0) finished in 1.258 s
[2025-03-11T00:50:36.824+0000] {ssh.py:526} INFO - 25/03/11 00:50:28 INFO DAGScheduler: Job 0 is finished. Cancelling potential speculative or zombie tasks for this job
[2025-03-11T00:50:36.824+0000] {ssh.py:526} INFO - 25/03/11 00:50:28 INFO TaskSchedulerImpl: Killing all running tasks in stage 0: Stage finished
[2025-03-11T00:50:36.824+0000] {ssh.py:526} INFO - 25/03/11 00:50:28 INFO DAGScheduler: Job 0 finished: json at NativeMethodAccessorImpl.java:0, took 1.323108 s
[2025-03-11T00:50:36.824+0000] {ssh.py:526} INFO - Writing trend_analysis parquet
[2025-03-11T00:50:36.824+0000] {ssh.py:526} INFO - 25/03/11 00:50:28 INFO BlockManagerInfo: Removed broadcast_1_piece0 on 0.0.0.0:34589 in memory (size: 7.8 KiB, free: 434.4 MiB)
[2025-03-11T00:50:36.824+0000] {ssh.py:526} INFO - 25/03/11 00:50:28 INFO FileSourceStrategy: Pushed Filters: IsNotNull(player_info)
[2025-03-11T00:50:36.824+0000] {ssh.py:526} INFO - 25/03/11 00:50:28 INFO FileSourceStrategy: Post-Scan Filters: (size(player_info#13, true) > 0),isnotnull(player_info#13)
[2025-03-11T00:50:36.824+0000] {ssh.py:526} INFO - 25/03/11 00:50:29 INFO ParquetUtils: Using default output committer for Parquet: org.apache.parquet.hadoop.ParquetOutputCommitter
[2025-03-11T00:50:36.824+0000] {ssh.py:526} INFO - 25/03/11 00:50:29 INFO FileOutputCommitter: File Output Committer Algorithm version is 1
[2025-03-11T00:50:36.825+0000] {ssh.py:526} INFO - 25/03/11 00:50:29 INFO FileOutputCommitter: FileOutputCommitter skip cleanup _temporary folders under output directory:false, ignore cleanup failures: false
[2025-03-11T00:50:36.825+0000] {ssh.py:526} INFO - 25/03/11 00:50:29 INFO SQLHadoopMapReduceCommitProtocol: Using user defined output committer class org.apache.parquet.hadoop.ParquetOutputCommitter
[2025-03-11T00:50:36.825+0000] {ssh.py:526} INFO - 25/03/11 00:50:29 INFO FileOutputCommitter: File Output Committer Algorithm version is 1
[2025-03-11T00:50:36.825+0000] {ssh.py:526} INFO - 25/03/11 00:50:29 INFO FileOutputCommitter: FileOutputCommitter skip cleanup _temporary folders under output directory:false, ignore cleanup failures: false
[2025-03-11T00:50:36.825+0000] {ssh.py:526} INFO - 25/03/11 00:50:29 INFO SQLHadoopMapReduceCommitProtocol: Using output committer class org.apache.parquet.hadoop.ParquetOutputCommitter
[2025-03-11T00:50:36.825+0000] {ssh.py:526} INFO - 25/03/11 00:50:29 INFO CodeGenerator: Code generated in 47.643012 ms
[2025-03-11T00:50:36.825+0000] {ssh.py:526} INFO - 25/03/11 00:50:29 INFO MemoryStore: Block broadcast_2 stored as values in memory (estimated size 200.9 KiB, free 434.0 MiB)
[2025-03-11T00:50:36.825+0000] {ssh.py:526} INFO - 25/03/11 00:50:29 INFO MemoryStore: Block broadcast_2_piece0 stored as bytes in memory (estimated size 34.7 KiB, free 433.9 MiB)
[2025-03-11T00:50:36.825+0000] {ssh.py:526} INFO - 25/03/11 00:50:29 INFO BlockManagerInfo: Added broadcast_2_piece0 in memory on 0.0.0.0:34589 (size: 34.7 KiB, free: 434.3 MiB)
[2025-03-11T00:50:36.826+0000] {ssh.py:526} INFO - 25/03/11 00:50:29 INFO SparkContext: Created broadcast 2 from save at NativeMethodAccessorImpl.java:0
[2025-03-11T00:50:36.826+0000] {ssh.py:526} INFO - 25/03/11 00:50:29 INFO FileSourceScanExec: Planning scan with bin packing, max size: 4533501 bytes, open cost is considered as scanning 4194304 bytes.
[2025-03-11T00:50:36.826+0000] {ssh.py:526} INFO - 25/03/11 00:50:29 INFO SparkContext: Starting job: save at NativeMethodAccessorImpl.java:0
[2025-03-11T00:50:36.826+0000] {ssh.py:526} INFO - 25/03/11 00:50:29 INFO DAGScheduler: Got job 1 (save at NativeMethodAccessorImpl.java:0) with 1 output partitions
[2025-03-11T00:50:36.826+0000] {ssh.py:526} INFO - 25/03/11 00:50:29 INFO DAGScheduler: Final stage: ResultStage 1 (save at NativeMethodAccessorImpl.java:0)
[2025-03-11T00:50:36.826+0000] {ssh.py:526} INFO - 25/03/11 00:50:29 INFO DAGScheduler: Parents of final stage: List()
[2025-03-11T00:50:36.826+0000] {ssh.py:526} INFO - 25/03/11 00:50:29 INFO DAGScheduler: Missing parents: List()
[2025-03-11T00:50:36.826+0000] {ssh.py:526} INFO - 25/03/11 00:50:29 INFO BlockManagerInfo: Removed broadcast_0_piece0 on 0.0.0.0:34589 in memory (size: 34.7 KiB, free: 434.4 MiB)
[2025-03-11T00:50:36.826+0000] {ssh.py:526} INFO - 25/03/11 00:50:29 INFO DAGScheduler: Submitting ResultStage 1 (MapPartitionsRDD[7] at save at NativeMethodAccessorImpl.java:0), which has no missing parents
[2025-03-11T00:50:36.827+0000] {ssh.py:526} INFO - 25/03/11 00:50:29 INFO MemoryStore: Block broadcast_3 stored as values in memory (estimated size 225.1 KiB, free 434.0 MiB)
[2025-03-11T00:50:36.827+0000] {ssh.py:526} INFO - 25/03/11 00:50:29 INFO MemoryStore: Block broadcast_3_piece0 stored as bytes in memory (estimated size 81.0 KiB, free 433.9 MiB)
[2025-03-11T00:50:36.827+0000] {ssh.py:526} INFO - 25/03/11 00:50:29 INFO BlockManagerInfo: Added broadcast_3_piece0 in memory on 0.0.0.0:34589 (size: 81.0 KiB, free: 434.3 MiB)
[2025-03-11T00:50:36.827+0000] {ssh.py:526} INFO - 25/03/11 00:50:29 INFO SparkContext: Created broadcast 3 from broadcast at DAGScheduler.scala:1585
[2025-03-11T00:50:36.827+0000] {ssh.py:526} INFO - 25/03/11 00:50:29 INFO DAGScheduler: Submitting 1 missing tasks from ResultStage 1 (MapPartitionsRDD[7] at save at NativeMethodAccessorImpl.java:0) (first 15 tasks are for partitions Vector(0))
[2025-03-11T00:50:36.827+0000] {ssh.py:526} INFO - 25/03/11 00:50:29 INFO TaskSchedulerImpl: Adding task set 1.0 with 1 tasks resource profile 0
[2025-03-11T00:50:36.827+0000] {ssh.py:526} INFO - 25/03/11 00:50:29 INFO TaskSetManager: Starting task 0.0 in stage 1.0 (TID 1) (ip-172-31-12-182.ap-northeast-2.compute.internal, executor driver, partition 0, PROCESS_LOCAL, 9636 bytes) 
[2025-03-11T00:50:36.827+0000] {ssh.py:526} INFO - 25/03/11 00:50:29 INFO Executor: Running task 0.0 in stage 1.0 (TID 1)
[2025-03-11T00:50:36.827+0000] {ssh.py:526} INFO - 25/03/11 00:50:30 INFO CodeGenerator: Code generated in 84.164412 ms
[2025-03-11T00:50:36.828+0000] {ssh.py:526} INFO - 25/03/11 00:50:30 INFO FileOutputCommitter: File Output Committer Algorithm version is 1
[2025-03-11T00:50:36.828+0000] {ssh.py:526} INFO - 25/03/11 00:50:30 INFO FileOutputCommitter: FileOutputCommitter skip cleanup _temporary folders under output directory:false, ignore cleanup failures: false
[2025-03-11T00:50:36.828+0000] {ssh.py:526} INFO - 25/03/11 00:50:30 INFO SQLHadoopMapReduceCommitProtocol: Using user defined output committer class org.apache.parquet.hadoop.ParquetOutputCommitter
[2025-03-11T00:50:36.828+0000] {ssh.py:526} INFO - 25/03/11 00:50:30 INFO FileOutputCommitter: File Output Committer Algorithm version is 1
[2025-03-11T00:50:36.828+0000] {ssh.py:526} INFO - 25/03/11 00:50:30 INFO FileOutputCommitter: FileOutputCommitter skip cleanup _temporary folders under output directory:false, ignore cleanup failures: false
[2025-03-11T00:50:36.828+0000] {ssh.py:526} INFO - 25/03/11 00:50:30 INFO SQLHadoopMapReduceCommitProtocol: Using output committer class org.apache.parquet.hadoop.ParquetOutputCommitter
[2025-03-11T00:50:36.828+0000] {ssh.py:526} INFO - 25/03/11 00:50:30 INFO CodecConfig: Compression: SNAPPY
[2025-03-11T00:50:36.828+0000] {ssh.py:526} INFO - 25/03/11 00:50:30 INFO CodecConfig: Compression: SNAPPY
[2025-03-11T00:50:36.828+0000] {ssh.py:526} INFO - 25/03/11 00:50:30 INFO ParquetOutputFormat: ParquetRecordWriter [block size: 134217728b, row group padding size: 8388608b, validating: false]
[2025-03-11T00:50:36.829+0000] {ssh.py:526} INFO - 25/03/11 00:50:30 INFO ParquetWriteSupport: Initialized Parquet WriteSupport with Catalyst schema:
[2025-03-11T00:50:36.829+0000] {ssh.py:526} INFO - {
[2025-03-11T00:50:36.829+0000] {ssh.py:526} INFO -   "type" : "struct",
[2025-03-11T00:50:36.829+0000] {ssh.py:526} INFO -   "fields" : [ {
[2025-03-11T00:50:36.829+0000] {ssh.py:526} INFO -     "name" : "match_id",
[2025-03-11T00:50:36.829+0000] {ssh.py:526} INFO -     "type" : "string",
[2025-03-11T00:50:36.829+0000] {ssh.py:526} INFO -     "nullable" : true,
[2025-03-11T00:50:36.829+0000] {ssh.py:526} INFO -     "metadata" : { }
[2025-03-11T00:50:36.829+0000] {ssh.py:526} INFO -   }, {
[2025-03-11T00:50:36.830+0000] {ssh.py:526} INFO -     "name" : "spid",
[2025-03-11T00:50:36.830+0000] {ssh.py:526} INFO -     "type" : "integer",
[2025-03-11T00:50:36.830+0000] {ssh.py:526} INFO -     "nullable" : true,
[2025-03-11T00:50:36.830+0000] {ssh.py:526} INFO -     "metadata" : { }
[2025-03-11T00:50:36.830+0000] {ssh.py:526} INFO -   }, {
[2025-03-11T00:50:36.830+0000] {ssh.py:526} INFO -     "name" : "season_id",
[2025-03-11T00:50:36.830+0000] {ssh.py:526} INFO -     "type" : "integer",
[2025-03-11T00:50:36.830+0000] {ssh.py:526} INFO -     "nullable" : true,
[2025-03-11T00:50:36.830+0000] {ssh.py:526} INFO -     "metadata" : { }
[2025-03-11T00:50:36.830+0000] {ssh.py:526} INFO -   }, {
[2025-03-11T00:50:36.831+0000] {ssh.py:526} INFO -     "name" : "gamer_nickname",
[2025-03-11T00:50:36.831+0000] {ssh.py:526} INFO -     "type" : "string",
[2025-03-11T00:50:36.831+0000] {ssh.py:526} INFO -     "nullable" : true,
[2025-03-11T00:50:36.831+0000] {ssh.py:526} INFO -     "metadata" : { }
[2025-03-11T00:50:36.831+0000] {ssh.py:526} INFO -   }, {
[2025-03-11T00:50:36.831+0000] {ssh.py:526} INFO -     "name" : "position",
[2025-03-11T00:50:36.831+0000] {ssh.py:526} INFO -     "type" : "integer",
[2025-03-11T00:50:36.831+0000] {ssh.py:526} INFO -     "nullable" : true,
[2025-03-11T00:50:36.831+0000] {ssh.py:526} INFO -     "metadata" : { }
[2025-03-11T00:50:36.832+0000] {ssh.py:526} INFO -   }, {
[2025-03-11T00:50:36.832+0000] {ssh.py:526} INFO -     "name" : "ouid",
[2025-03-11T00:50:36.832+0000] {ssh.py:526} INFO -     "type" : "string",
[2025-03-11T00:50:36.832+0000] {ssh.py:526} INFO -     "nullable" : true,
[2025-03-11T00:50:36.832+0000] {ssh.py:526} INFO -     "metadata" : { }
[2025-03-11T00:50:36.832+0000] {ssh.py:526} INFO -   }, {
[2025-03-11T00:50:36.832+0000] {ssh.py:526} INFO -     "name" : "spgrade",
[2025-03-11T00:50:36.832+0000] {ssh.py:526} INFO -     "type" : "integer",
[2025-03-11T00:50:36.832+0000] {ssh.py:526} INFO -     "nullable" : true,
[2025-03-11T00:50:36.833+0000] {ssh.py:526} INFO -     "metadata" : { }
[2025-03-11T00:50:36.833+0000] {ssh.py:526} INFO -   }, {
[2025-03-11T00:50:36.833+0000] {ssh.py:526} INFO -     "name" : "matchresult",
[2025-03-11T00:50:36.833+0000] {ssh.py:526} INFO -     "type" : "string",
[2025-03-11T00:50:36.833+0000] {ssh.py:526} INFO -     "nullable" : true,
[2025-03-11T00:50:36.833+0000] {ssh.py:526} INFO -     "metadata" : { }
[2025-03-11T00:50:36.833+0000] {ssh.py:526} INFO -   }, {
[2025-03-11T00:50:36.833+0000] {ssh.py:526} INFO -     "name" : "match_date",
[2025-03-11T00:50:36.833+0000] {ssh.py:526} INFO -     "type" : "date",
[2025-03-11T00:50:36.833+0000] {ssh.py:526} INFO -     "nullable" : true,
[2025-03-11T00:50:36.834+0000] {ssh.py:526} INFO -     "metadata" : { }
[2025-03-11T00:50:36.834+0000] {ssh.py:526} INFO -   } ]
[2025-03-11T00:50:36.834+0000] {ssh.py:526} INFO - }
[2025-03-11T00:50:36.834+0000] {ssh.py:526} INFO - and corresponding Parquet message type:
[2025-03-11T00:50:36.834+0000] {ssh.py:526} INFO - message spark_schema {
[2025-03-11T00:50:36.834+0000] {ssh.py:526} INFO -   optional binary match_id (STRING);
[2025-03-11T00:50:36.834+0000] {ssh.py:526} INFO -   optional int32 spid;
[2025-03-11T00:50:36.834+0000] {ssh.py:526} INFO -   optional int32 season_id;
[2025-03-11T00:50:36.834+0000] {ssh.py:526} INFO -   optional binary gamer_nickname (STRING);
[2025-03-11T00:50:36.835+0000] {ssh.py:526} INFO -   optional int32 position;
[2025-03-11T00:50:36.835+0000] {ssh.py:526} INFO -   optional binary ouid (STRING);
[2025-03-11T00:50:36.835+0000] {ssh.py:526} INFO -   optional int32 spgrade;
[2025-03-11T00:50:36.835+0000] {ssh.py:526} INFO -   optional binary matchresult (STRING);
[2025-03-11T00:50:36.835+0000] {ssh.py:526} INFO -   optional int32 match_date (DATE);
[2025-03-11T00:50:36.835+0000] {ssh.py:526} INFO - }
[2025-03-11T00:50:36.835+0000] {ssh.py:526} INFO - 
[2025-03-11T00:50:36.835+0000] {ssh.py:526} INFO -        
[2025-03-11T00:50:36.835+0000] {ssh.py:526} INFO - 25/03/11 00:50:30 INFO CodecPool: Got brand-new compressor [.snappy]
[2025-03-11T00:50:36.836+0000] {ssh.py:526} INFO - 25/03/11 00:50:30 INFO FileScanRDD: Reading File path: s3a://de5-finalproj-team2/raw_data/json/match_data/2025-03-10/group_0.json, range: 0-339197, partition values: [empty row]
[2025-03-11T00:50:36.836+0000] {ssh.py:526} INFO - 25/03/11 00:50:31 INFO CodeGenerator: Code generated in 34.159796 ms
[2025-03-11T00:50:36.836+0000] {ssh.py:526} INFO - 25/03/11 00:50:31 INFO CodeGenerator: Code generated in 11.249497 ms
[2025-03-11T00:50:36.836+0000] {ssh.py:526} INFO - 25/03/11 00:50:32 INFO FileOutputCommitter: Saved output of task 'attempt_202503110050292695260088424937033_0001_m_000000_1' to s3a://de5-finalproj-team2/trend_analysis/match_data/2025-03-10/_temporary/0/task_202503110050292695260088424937033_0001_m_000000
[2025-03-11T00:50:36.836+0000] {ssh.py:526} INFO - 25/03/11 00:50:32 INFO SparkHadoopMapRedUtil: attempt_202503110050292695260088424937033_0001_m_000000_1: Committed. Elapsed time: 590 ms.
[2025-03-11T00:50:36.836+0000] {ssh.py:526} INFO - 25/03/11 00:50:32 INFO Executor: Finished task 0.0 in stage 1.0 (TID 1). 2725 bytes result sent to driver
[2025-03-11T00:50:36.836+0000] {ssh.py:526} INFO - 25/03/11 00:50:32 INFO TaskSetManager: Finished task 0.0 in stage 1.0 (TID 1) in 2911 ms on ip-172-31-12-182.ap-northeast-2.compute.internal (executor driver) (1/1)
[2025-03-11T00:50:36.836+0000] {ssh.py:526} INFO - 25/03/11 00:50:32 INFO TaskSchedulerImpl: Removed TaskSet 1.0, whose tasks have all completed, from pool 
[2025-03-11T00:50:36.836+0000] {ssh.py:526} INFO - 25/03/11 00:50:32 INFO DAGScheduler: ResultStage 1 (save at NativeMethodAccessorImpl.java:0) finished in 3.011 s
[2025-03-11T00:50:36.837+0000] {ssh.py:526} INFO - 25/03/11 00:50:32 INFO DAGScheduler: Job 1 is finished. Cancelling potential speculative or zombie tasks for this job
[2025-03-11T00:50:36.837+0000] {ssh.py:526} INFO - 25/03/11 00:50:32 INFO TaskSchedulerImpl: Killing all running tasks in stage 1: Stage finished
[2025-03-11T00:50:36.837+0000] {ssh.py:526} INFO - 25/03/11 00:50:32 INFO DAGScheduler: Job 1 finished: save at NativeMethodAccessorImpl.java:0, took 3.062718 s
[2025-03-11T00:50:36.837+0000] {ssh.py:526} INFO - 25/03/11 00:50:32 INFO FileFormatWriter: Start to commit write Job db5095c8-64d2-4ad6-9db1-4dc944ae9a68.
[2025-03-11T00:50:36.837+0000] {ssh.py:526} INFO - 25/03/11 00:50:33 INFO FileFormatWriter: Write Job db5095c8-64d2-4ad6-9db1-4dc944ae9a68 committed. Elapsed time: 870 ms.
[2025-03-11T00:50:36.837+0000] {ssh.py:526} INFO - 25/03/11 00:50:33 INFO FileFormatWriter: Finished processing stats for write job db5095c8-64d2-4ad6-9db1-4dc944ae9a68.
[2025-03-11T00:50:36.837+0000] {ssh.py:526} INFO - Writing analytics parquet
[2025-03-11T00:50:36.837+0000] {ssh.py:526} INFO - 25/03/11 00:50:33 INFO FileSourceStrategy: Pushed Filters: IsNotNull(player_info)
[2025-03-11T00:50:36.837+0000] {ssh.py:526} INFO - 25/03/11 00:50:33 INFO FileSourceStrategy: Post-Scan Filters: (size(player_info#13, true) > 0),isnotnull(player_info#13)
[2025-03-11T00:50:36.838+0000] {ssh.py:526} INFO - 25/03/11 00:50:34 INFO ParquetUtils: Using default output committer for Parquet: org.apache.parquet.hadoop.ParquetOutputCommitter
[2025-03-11T00:50:36.838+0000] {ssh.py:526} INFO - 25/03/11 00:50:34 INFO FileOutputCommitter: File Output Committer Algorithm version is 1
[2025-03-11T00:50:36.838+0000] {ssh.py:526} INFO - 25/03/11 00:50:34 INFO FileOutputCommitter: FileOutputCommitter skip cleanup _temporary folders under output directory:false, ignore cleanup failures: false
[2025-03-11T00:50:36.838+0000] {ssh.py:526} INFO - 25/03/11 00:50:34 INFO SQLHadoopMapReduceCommitProtocol: Using user defined output committer class org.apache.parquet.hadoop.ParquetOutputCommitter
[2025-03-11T00:50:36.838+0000] {ssh.py:526} INFO - 25/03/11 00:50:34 INFO FileOutputCommitter: File Output Committer Algorithm version is 1
[2025-03-11T00:50:36.838+0000] {ssh.py:526} INFO - 25/03/11 00:50:34 INFO FileOutputCommitter: FileOutputCommitter skip cleanup _temporary folders under output directory:false, ignore cleanup failures: false
[2025-03-11T00:50:36.838+0000] {ssh.py:526} INFO - 25/03/11 00:50:34 INFO SQLHadoopMapReduceCommitProtocol: Using output committer class org.apache.parquet.hadoop.ParquetOutputCommitter
[2025-03-11T00:50:36.838+0000] {ssh.py:526} INFO - 25/03/11 00:50:34 INFO CodeGenerator: Code generated in 18.378527 ms
[2025-03-11T00:50:36.838+0000] {ssh.py:526} INFO - 25/03/11 00:50:34 INFO MemoryStore: Block broadcast_4 stored as values in memory (estimated size 200.9 KiB, free 433.7 MiB)
[2025-03-11T00:50:36.839+0000] {ssh.py:526} INFO - 25/03/11 00:50:34 INFO MemoryStore: Block broadcast_4_piece0 stored as bytes in memory (estimated size 34.7 KiB, free 433.6 MiB)
[2025-03-11T00:50:36.839+0000] {ssh.py:526} INFO - 25/03/11 00:50:34 INFO BlockManagerInfo: Added broadcast_4_piece0 in memory on 0.0.0.0:34589 (size: 34.7 KiB, free: 434.3 MiB)
[2025-03-11T00:50:36.839+0000] {ssh.py:526} INFO - 25/03/11 00:50:34 INFO SparkContext: Created broadcast 4 from save at NativeMethodAccessorImpl.java:0
[2025-03-11T00:50:36.839+0000] {ssh.py:526} INFO - 25/03/11 00:50:34 INFO FileSourceScanExec: Planning scan with bin packing, max size: 4533501 bytes, open cost is considered as scanning 4194304 bytes.
[2025-03-11T00:50:36.839+0000] {ssh.py:526} INFO - 25/03/11 00:50:34 INFO SparkContext: Starting job: save at NativeMethodAccessorImpl.java:0
[2025-03-11T00:50:36.839+0000] {ssh.py:526} INFO - 25/03/11 00:50:34 INFO DAGScheduler: Got job 2 (save at NativeMethodAccessorImpl.java:0) with 1 output partitions
[2025-03-11T00:50:36.839+0000] {ssh.py:526} INFO - 25/03/11 00:50:34 INFO DAGScheduler: Final stage: ResultStage 2 (save at NativeMethodAccessorImpl.java:0)
[2025-03-11T00:50:36.839+0000] {ssh.py:526} INFO - 25/03/11 00:50:34 INFO DAGScheduler: Parents of final stage: List()
[2025-03-11T00:50:36.839+0000] {ssh.py:526} INFO - 25/03/11 00:50:34 INFO DAGScheduler: Missing parents: List()
[2025-03-11T00:50:36.839+0000] {ssh.py:526} INFO - 25/03/11 00:50:34 INFO DAGScheduler: Submitting ResultStage 2 (MapPartitionsRDD[11] at save at NativeMethodAccessorImpl.java:0), which has no missing parents
[2025-03-11T00:50:36.840+0000] {ssh.py:526} INFO - 25/03/11 00:50:34 INFO BlockManagerInfo: Removed broadcast_3_piece0 on 0.0.0.0:34589 in memory (size: 81.0 KiB, free: 434.3 MiB)
[2025-03-11T00:50:36.840+0000] {ssh.py:526} INFO - 25/03/11 00:50:34 INFO MemoryStore: Block broadcast_5 stored as values in memory (estimated size 223.4 KiB, free 433.7 MiB)
[2025-03-11T00:50:36.840+0000] {ssh.py:526} INFO - 25/03/11 00:50:34 INFO MemoryStore: Block broadcast_5_piece0 stored as bytes in memory (estimated size 80.4 KiB, free 433.6 MiB)
[2025-03-11T00:50:36.840+0000] {ssh.py:526} INFO - 25/03/11 00:50:34 INFO BlockManagerInfo: Added broadcast_5_piece0 in memory on 0.0.0.0:34589 (size: 80.4 KiB, free: 434.3 MiB)
[2025-03-11T00:50:36.840+0000] {ssh.py:526} INFO - 25/03/11 00:50:34 INFO SparkContext: Created broadcast 5 from broadcast at DAGScheduler.scala:1585
[2025-03-11T00:50:36.840+0000] {ssh.py:526} INFO - 25/03/11 00:50:34 INFO DAGScheduler: Submitting 1 missing tasks from ResultStage 2 (MapPartitionsRDD[11] at save at NativeMethodAccessorImpl.java:0) (first 15 tasks are for partitions Vector(0))
[2025-03-11T00:50:36.840+0000] {ssh.py:526} INFO - 25/03/11 00:50:34 INFO TaskSchedulerImpl: Adding task set 2.0 with 1 tasks resource profile 0
[2025-03-11T00:50:36.840+0000] {ssh.py:526} INFO - 25/03/11 00:50:34 INFO TaskSetManager: Starting task 0.0 in stage 2.0 (TID 2) (ip-172-31-12-182.ap-northeast-2.compute.internal, executor driver, partition 0, PROCESS_LOCAL, 9636 bytes) 
[2025-03-11T00:50:36.840+0000] {ssh.py:526} INFO - 25/03/11 00:50:34 INFO Executor: Running task 0.0 in stage 2.0 (TID 2)
[2025-03-11T00:50:36.841+0000] {ssh.py:526} INFO - 25/03/11 00:50:34 INFO CodeGenerator: Code generated in 28.22215 ms
[2025-03-11T00:50:36.841+0000] {ssh.py:526} INFO - 25/03/11 00:50:34 INFO FileOutputCommitter: File Output Committer Algorithm version is 1
[2025-03-11T00:50:36.841+0000] {ssh.py:526} INFO - 25/03/11 00:50:34 INFO FileOutputCommitter: FileOutputCommitter skip cleanup _temporary folders under output directory:false, ignore cleanup failures: false
[2025-03-11T00:50:36.841+0000] {ssh.py:526} INFO - 25/03/11 00:50:34 INFO SQLHadoopMapReduceCommitProtocol: Using user defined output committer class org.apache.parquet.hadoop.ParquetOutputCommitter
[2025-03-11T00:50:36.841+0000] {ssh.py:526} INFO - 25/03/11 00:50:34 INFO FileOutputCommitter: File Output Committer Algorithm version is 1
[2025-03-11T00:50:36.841+0000] {ssh.py:526} INFO - 25/03/11 00:50:34 INFO FileOutputCommitter: FileOutputCommitter skip cleanup _temporary folders under output directory:false, ignore cleanup failures: false
[2025-03-11T00:50:36.841+0000] {ssh.py:526} INFO - 25/03/11 00:50:34 INFO SQLHadoopMapReduceCommitProtocol: Using output committer class org.apache.parquet.hadoop.ParquetOutputCommitter
[2025-03-11T00:50:36.841+0000] {ssh.py:526} INFO - 25/03/11 00:50:34 INFO CodecConfig: Compression: SNAPPY
[2025-03-11T00:50:36.841+0000] {ssh.py:526} INFO - 25/03/11 00:50:34 INFO CodecConfig: Compression: SNAPPY
[2025-03-11T00:50:36.842+0000] {ssh.py:526} INFO - 25/03/11 00:50:34 INFO ParquetOutputFormat: ParquetRecordWriter [block size: 134217728b, row group padding size: 8388608b, validating: false]
[2025-03-11T00:50:36.842+0000] {ssh.py:526} INFO - 25/03/11 00:50:34 INFO ParquetWriteSupport: Initialized Parquet WriteSupport with Catalyst schema:
[2025-03-11T00:50:36.842+0000] {ssh.py:526} INFO - {
[2025-03-11T00:50:36.842+0000] {ssh.py:526} INFO -   "type" : "struct",
[2025-03-11T00:50:36.842+0000] {ssh.py:526} INFO -   "fields" : [ {
[2025-03-11T00:50:36.842+0000] {ssh.py:526} INFO -     "name" : "match_id",
[2025-03-11T00:50:36.842+0000] {ssh.py:526} INFO -     "type" : "string",
[2025-03-11T00:50:36.842+0000] {ssh.py:526} INFO -     "nullable" : true,
[2025-03-11T00:50:36.842+0000] {ssh.py:526} INFO -     "metadata" : { }
[2025-03-11T00:50:36.843+0000] {ssh.py:526} INFO -   }, {
[2025-03-11T00:50:36.843+0000] {ssh.py:526} INFO -     "name" : "spid",
[2025-03-11T00:50:36.843+0000] {ssh.py:526} INFO -     "type" : "integer",
[2025-03-11T00:50:36.843+0000] {ssh.py:526} INFO -     "nullable" : true,
[2025-03-11T00:50:36.843+0000] {ssh.py:526} INFO -     "metadata" : { }
[2025-03-11T00:50:36.843+0000] {ssh.py:526} INFO -   }, {
[2025-03-11T00:50:36.843+0000] {ssh.py:526} INFO -     "name" : "season_id",
[2025-03-11T00:50:36.843+0000] {ssh.py:526} INFO -     "type" : "integer",
[2025-03-11T00:50:36.843+0000] {ssh.py:526} INFO -     "nullable" : true,
[2025-03-11T00:50:36.843+0000] {ssh.py:526} INFO -     "metadata" : { }
[2025-03-11T00:50:36.844+0000] {ssh.py:526} INFO -   }, {
[2025-03-11T00:50:36.844+0000] {ssh.py:526} INFO -     "name" : "gamer_nickname",
[2025-03-11T00:50:36.844+0000] {ssh.py:526} INFO -     "type" : "string",
[2025-03-11T00:50:36.844+0000] {ssh.py:526} INFO -     "nullable" : true,
[2025-03-11T00:50:36.844+0000] {ssh.py:526} INFO -     "metadata" : { }
[2025-03-11T00:50:36.845+0000] {ssh.py:526} INFO -   }, {
[2025-03-11T00:50:36.845+0000] {ssh.py:526} INFO -     "name" : "position",
[2025-03-11T00:50:36.845+0000] {ssh.py:526} INFO -     "type" : "integer",
[2025-03-11T00:50:36.845+0000] {ssh.py:526} INFO -     "nullable" : true,
[2025-03-11T00:50:36.845+0000] {ssh.py:526} INFO -     "metadata" : { }
[2025-03-11T00:50:36.845+0000] {ssh.py:526} INFO -   }, {
[2025-03-11T00:50:36.845+0000] {ssh.py:526} INFO -     "name" : "spgrade",
[2025-03-11T00:50:36.845+0000] {ssh.py:526} INFO -     "type" : "integer",
[2025-03-11T00:50:36.845+0000] {ssh.py:526} INFO -     "nullable" : true,
[2025-03-11T00:50:36.846+0000] {ssh.py:526} INFO -     "metadata" : { }
[2025-03-11T00:50:36.846+0000] {ssh.py:526} INFO -   }, {
[2025-03-11T00:50:36.846+0000] {ssh.py:526} INFO -     "name" : "matchresult",
[2025-03-11T00:50:36.846+0000] {ssh.py:526} INFO -     "type" : "string",
[2025-03-11T00:50:36.846+0000] {ssh.py:526} INFO -     "nullable" : true,
[2025-03-11T00:50:36.846+0000] {ssh.py:526} INFO -     "metadata" : { }
[2025-03-11T00:50:36.846+0000] {ssh.py:526} INFO -   } ]
[2025-03-11T00:50:36.846+0000] {ssh.py:526} INFO - }
[2025-03-11T00:50:36.846+0000] {ssh.py:526} INFO - and corresponding Parquet message type:
[2025-03-11T00:50:36.847+0000] {ssh.py:526} INFO - message spark_schema {
[2025-03-11T00:50:36.847+0000] {ssh.py:526} INFO -   optional binary match_id (STRING);
[2025-03-11T00:50:36.847+0000] {ssh.py:526} INFO -   optional int32 spid;
[2025-03-11T00:50:36.847+0000] {ssh.py:526} INFO -   optional int32 season_id;
[2025-03-11T00:50:36.847+0000] {ssh.py:526} INFO -   optional binary gamer_nickname (STRING);
[2025-03-11T00:50:36.847+0000] {ssh.py:526} INFO -   optional int32 position;
[2025-03-11T00:50:36.847+0000] {ssh.py:526} INFO -   optional int32 spgrade;
[2025-03-11T00:50:36.848+0000] {ssh.py:526} INFO -   optional binary matchresult (STRING);
[2025-03-11T00:50:36.848+0000] {ssh.py:526} INFO - }
[2025-03-11T00:50:36.848+0000] {ssh.py:526} INFO - 
[2025-03-11T00:50:36.848+0000] {ssh.py:526} INFO -        
[2025-03-11T00:50:36.848+0000] {ssh.py:526} INFO - 25/03/11 00:50:34 INFO FileScanRDD: Reading File path: s3a://de5-finalproj-team2/raw_data/json/match_data/2025-03-10/group_0.json, range: 0-339197, partition values: [empty row]
[2025-03-11T00:50:36.848+0000] {ssh.py:526} INFO - 25/03/11 00:50:34 INFO CodeGenerator: Code generated in 29.551289 ms
[2025-03-11T00:50:36.848+0000] {ssh.py:526} INFO - 25/03/11 00:50:34 INFO CodeGenerator: Code generated in 11.993355 ms
[2025-03-11T00:50:36.848+0000] {ssh.py:526} INFO - 25/03/11 00:50:34 INFO BlockManagerInfo: Removed broadcast_2_piece0 on 0.0.0.0:34589 in memory (size: 34.7 KiB, free: 434.3 MiB)
[2025-03-11T00:50:36.849+0000] {ssh.py:526} INFO - 25/03/11 00:50:35 INFO FileOutputCommitter: Saved output of task 'attempt_202503110050346891526877054759330_0002_m_000000_2' to s3a://de5-finalproj-team2/analytics/match_data/2025-03-10/_temporary/0/task_202503110050346891526877054759330_0002_m_000000
[2025-03-11T00:50:36.849+0000] {ssh.py:526} INFO - 25/03/11 00:50:35 INFO SparkHadoopMapRedUtil: attempt_202503110050346891526877054759330_0002_m_000000_2: Committed. Elapsed time: 573 ms.
[2025-03-11T00:50:36.849+0000] {ssh.py:526} INFO - 25/03/11 00:50:35 INFO Executor: Finished task 0.0 in stage 2.0 (TID 2). 2725 bytes result sent to driver
[2025-03-11T00:50:36.849+0000] {ssh.py:526} INFO - 25/03/11 00:50:35 INFO TaskSetManager: Finished task 0.0 in stage 2.0 (TID 2) in 1235 ms on ip-172-31-12-182.ap-northeast-2.compute.internal (executor driver) (1/1)
[2025-03-11T00:50:36.849+0000] {ssh.py:526} INFO - 25/03/11 00:50:35 INFO TaskSchedulerImpl: Removed TaskSet 2.0, whose tasks have all completed, from pool 
[2025-03-11T00:50:36.849+0000] {ssh.py:526} INFO - 25/03/11 00:50:35 INFO DAGScheduler: ResultStage 2 (save at NativeMethodAccessorImpl.java:0) finished in 1.357 s
[2025-03-11T00:50:36.849+0000] {ssh.py:526} INFO - 25/03/11 00:50:35 INFO DAGScheduler: Job 2 is finished. Cancelling potential speculative or zombie tasks for this job
[2025-03-11T00:50:36.849+0000] {ssh.py:526} INFO - 25/03/11 00:50:35 INFO TaskSchedulerImpl: Killing all running tasks in stage 2: Stage finished
[2025-03-11T00:50:36.849+0000] {ssh.py:526} INFO - 25/03/11 00:50:35 INFO DAGScheduler: Job 2 finished: save at NativeMethodAccessorImpl.java:0, took 1.362525 s
[2025-03-11T00:50:36.850+0000] {ssh.py:526} INFO - 25/03/11 00:50:35 INFO FileFormatWriter: Start to commit write Job 1af92b90-e115-412a-911c-f5e602b9c396.
[2025-03-11T00:50:36.850+0000] {ssh.py:526} INFO - 25/03/11 00:50:36 INFO FileFormatWriter: Write Job 1af92b90-e115-412a-911c-f5e602b9c396 committed. Elapsed time: 814 ms.
[2025-03-11T00:50:36.850+0000] {ssh.py:526} INFO - 25/03/11 00:50:36 INFO FileFormatWriter: Finished processing stats for write job 1af92b90-e115-412a-911c-f5e602b9c396.
[2025-03-11T00:50:36.850+0000] {ssh.py:526} INFO - 25/03/11 00:50:36 INFO SparkContext: SparkContext is stopping with exitCode 0.
[2025-03-11T00:50:36.850+0000] {ssh.py:526} INFO - 25/03/11 00:50:36 INFO SparkUI: Stopped Spark web UI at http://0.0.0.0:4040
[2025-03-11T00:50:36.850+0000] {ssh.py:526} INFO - 25/03/11 00:50:36 INFO MapOutputTrackerMasterEndpoint: MapOutputTrackerMasterEndpoint stopped!
[2025-03-11T00:50:36.850+0000] {ssh.py:526} INFO - 25/03/11 00:50:36 INFO MemoryStore: MemoryStore cleared
[2025-03-11T00:50:36.850+0000] {ssh.py:526} INFO - 25/03/11 00:50:36 INFO BlockManager: BlockManager stopped
[2025-03-11T00:50:36.850+0000] {ssh.py:526} INFO - 25/03/11 00:50:36 INFO BlockManagerMaster: BlockManagerMaster stopped
[2025-03-11T00:50:36.851+0000] {ssh.py:526} INFO - 25/03/11 00:50:36 INFO OutputCommitCoordinator$OutputCommitCoordinatorEndpoint: OutputCommitCoordinator stopped!
[2025-03-11T00:50:36.851+0000] {ssh.py:526} INFO - 25/03/11 00:50:36 INFO SparkContext: Successfully stopped SparkContext
[2025-03-11T00:50:36.851+0000] {ssh.py:526} INFO - 25/03/11 00:50:36 INFO ShutdownHookManager: Shutdown hook called
[2025-03-11T00:50:36.851+0000] {ssh.py:526} INFO - 25/03/11 00:50:36 INFO ShutdownHookManager: Deleting directory /tmp/spark-b79e0981-afbf-459c-b4af-c7798a8146d3
[2025-03-11T00:50:36.851+0000] {ssh.py:526} INFO - 25/03/11 00:50:36 INFO ShutdownHookManager: Deleting directory /tmp/spark-b79e0981-afbf-459c-b4af-c7798a8146d3/pyspark-a232ca13-23ef-40f4-bc71-1bb475ce6b43
[2025-03-11T00:50:36.851+0000] {ssh.py:526} INFO - 25/03/11 00:50:36 INFO ShutdownHookManager: Deleting directory /tmp/spark-f84aa8fa-cd1b-48ae-9055-686c4f15e10b
[2025-03-11T00:50:36.851+0000] {ssh.py:526} INFO - 25/03/11 00:50:36 INFO MetricsSystemImpl: Stopping s3a-file-system metrics system...
[2025-03-11T00:50:36.851+0000] {ssh.py:526} INFO - 25/03/11 00:50:36 INFO MetricsSystemImpl: s3a-file-system metrics system stopped.
[2025-03-11T00:50:36.851+0000] {ssh.py:526} INFO - 25/03/11 00:50:36 INFO MetricsSystemImpl: s3a-file-system metrics system shutdown complete.
[2025-03-11T00:50:36.852+0000] {ssh.py:526} INFO - === Spark Job Log End ===
[2025-03-11T00:50:36.852+0000] {ssh.py:526} INFO - Spark Job Succeeded!
[2025-03-11T00:50:36.870+0000] {taskinstance.py:441} INFO - ::group::Post task execution logs
[2025-03-11T00:50:36.907+0000] {taskinstance.py:1206} INFO - Marking task as SUCCESS. dag_id=submit_spark_job_v3, task_id=submit_spark_via_ssh, run_id=manual__2025-03-11T00:50:05.500289+00:00, execution_date=20250311T005005, start_date=20250311T005009, end_date=20250311T005036
[2025-03-11T00:50:36.928+0000] {local_task_job_runner.py:240} INFO - Task exited with return code 0
[2025-03-11T00:50:36.952+0000] {taskinstance.py:3498} INFO - 1 downstream tasks scheduled from follow-on schedule check
[2025-03-11T00:50:36.954+0000] {local_task_job_runner.py:222} INFO - ::endgroup::
