[2025-03-14T07:07:48.563+0000] {local_task_job_runner.py:120} INFO - ::group::Pre task execution logs
[2025-03-14T07:07:48.628+0000] {taskinstance.py:2076} INFO - Dependencies all met for dep_context=non-requeueable deps ti=<TaskInstance: daily_ranking_info_update.create_ranking_info_table scheduled__2025-03-13T03:35:00+00:00 [queued]>
[2025-03-14T07:07:48.668+0000] {taskinstance.py:2076} INFO - Dependencies all met for dep_context=requeueable deps ti=<TaskInstance: daily_ranking_info_update.create_ranking_info_table scheduled__2025-03-13T03:35:00+00:00 [queued]>
[2025-03-14T07:07:48.669+0000] {taskinstance.py:2306} INFO - Starting attempt 2 of 3
[2025-03-14T07:07:48.703+0000] {taskinstance.py:2330} INFO - Executing <Task(PostgresOperator): create_ranking_info_table> on 2025-03-13 03:35:00+00:00
[2025-03-14T07:07:48.717+0000] {standard_task_runner.py:63} INFO - Started process 26238 to run task
[2025-03-14T07:07:48.728+0000] {standard_task_runner.py:90} INFO - Running: ['***', 'tasks', 'run', 'daily_ranking_info_update', 'create_ranking_info_table', 'scheduled__2025-03-13T03:35:00+00:00', '--job-id', '176', '--raw', '--subdir', 'DAGS_FOLDER/ranking_info_to_redshift.py', '--cfg-path', '/tmp/tmpvdjvssdk']
[2025-03-14T07:07:48.732+0000] {standard_task_runner.py:91} INFO - Job 176: Subtask create_ranking_info_table
[2025-03-14T07:07:48.816+0000] {task_command.py:426} INFO - Running <TaskInstance: daily_ranking_info_update.create_ranking_info_table scheduled__2025-03-13T03:35:00+00:00 [running]> on host a0d797a25898
[2025-03-14T07:07:49.028+0000] {taskinstance.py:2648} INFO - Exporting env vars: AIRFLOW_CTX_DAG_OWNER='***' AIRFLOW_CTX_DAG_ID='daily_ranking_info_update' AIRFLOW_CTX_TASK_ID='create_ranking_info_table' AIRFLOW_CTX_EXECUTION_DATE='2025-03-13T03:35:00+00:00' AIRFLOW_CTX_TRY_NUMBER='2' AIRFLOW_CTX_DAG_RUN_ID='scheduled__2025-03-13T03:35:00+00:00'
[2025-03-14T07:07:49.029+0000] {taskinstance.py:430} INFO - ::endgroup::
[2025-03-14T07:07:49.046+0000] {sql.py:276} INFO - Executing: 
    CREATE TABLE analytics.ranking_info (
        gamer_nickname VARCHAR(100) NOT NULL,
        division_id INT,
        gamer_level INT,
        team_worth BIGINT,
        points DECIMAL(10,2),
        winning_rate DECIMAL(10,2),
        total_win INT,
        total_draw INT,
        total_lose INT,
        formation VARCHAR(50),
        created_at DATE,
        ranking INT,
        CONSTRAINT ranking_info_pk PRIMARY KEY (gamer_nickname),
        CONSTRAINT ranking_info_fk_division_id FOREIGN KEY (division_id)
            REFERENCES analytics.division_info (division_id)
    );
    
[2025-03-14T07:07:49.065+0000] {base.py:84} INFO - Using connection ID 'redshift_conn_team' for task execution.
[2025-03-14T07:07:49.081+0000] {base.py:84} INFO - Using connection ID 'redshift_conn_team' for task execution.
[2025-03-14T07:07:49.547+0000] {sql.py:470} INFO - Running statement: 
    CREATE TABLE analytics.ranking_info (
        gamer_nickname VARCHAR(100) NOT NULL,
        division_id INT,
        gamer_level INT,
        team_worth BIGINT,
        points DECIMAL(10,2),
        winning_rate DECIMAL(10,2),
        total_win INT,
        total_draw INT,
        total_lose INT,
        formation VARCHAR(50),
        created_at DATE,
        ranking INT,
        CONSTRAINT ranking_info_pk PRIMARY KEY (gamer_nickname),
        CONSTRAINT ranking_info_fk_division_id FOREIGN KEY (division_id)
            REFERENCES analytics.division_info (division_id)
    );
    , parameters: None
[2025-03-14T07:07:49.616+0000] {taskinstance.py:441} INFO - ::group::Post task execution logs
[2025-03-14T07:07:49.637+0000] {taskinstance.py:1206} INFO - Marking task as SUCCESS. dag_id=daily_ranking_info_update, task_id=create_ranking_info_table, run_id=scheduled__2025-03-13T03:35:00+00:00, execution_date=20250313T033500, start_date=20250314T070748, end_date=20250314T070749
[2025-03-14T07:07:49.673+0000] {local_task_job_runner.py:240} INFO - Task exited with return code 0
[2025-03-14T07:07:49.698+0000] {logging_mixin.py:188} WARNING - /home/***/.local/lib/python3.9/site-packages/***/models/baseoperator.py:1296 AirflowProviderDeprecationWarning: Call to deprecated class PostgresOperator. (Please use `***.providers.common.sql.operators.sql.SQLExecuteQueryOperator`.Also, you can provide `hook_params={'schema': <database>}`.)
[2025-03-14T07:07:49.719+0000] {taskinstance.py:3498} INFO - 1 downstream tasks scheduled from follow-on schedule check
[2025-03-14T07:07:49.720+0000] {local_task_job_runner.py:222} INFO - ::endgroup::
