[2025-03-14T08:34:04.761+0000] {local_task_job_runner.py:120} INFO - ::group::Pre task execution logs
[2025-03-14T08:34:04.810+0000] {taskinstance.py:2076} INFO - Dependencies all met for dep_context=non-requeueable deps ti=<TaskInstance: team_color_to_parquet_dag.submit_spark_via_ssh manual__2025-03-14T08:20:24.861691+00:00 [queued]>
[2025-03-14T08:34:04.824+0000] {taskinstance.py:2076} INFO - Dependencies all met for dep_context=requeueable deps ti=<TaskInstance: team_color_to_parquet_dag.submit_spark_via_ssh manual__2025-03-14T08:20:24.861691+00:00 [queued]>
[2025-03-14T08:34:04.824+0000] {taskinstance.py:2306} INFO - Starting attempt 2 of 3
[2025-03-14T08:34:04.840+0000] {taskinstance.py:2330} INFO - Executing <Task(SSHOperator): submit_spark_via_ssh> on 2025-03-14 08:20:24.861691+00:00
[2025-03-14T08:34:04.847+0000] {standard_task_runner.py:63} INFO - Started process 32426 to run task
[2025-03-14T08:34:04.853+0000] {standard_task_runner.py:90} INFO - Running: ['***', 'tasks', 'run', 'team_color_to_parquet_dag', 'submit_spark_via_ssh', 'manual__2025-03-14T08:20:24.861691+00:00', '--job-id', '199', '--raw', '--subdir', 'DAGS_FOLDER/team_color_to_parquet_dag.py', '--cfg-path', '/tmp/tmp5m908vy1']
[2025-03-14T08:34:04.855+0000] {standard_task_runner.py:91} INFO - Job 199: Subtask submit_spark_via_ssh
[2025-03-14T08:34:04.926+0000] {task_command.py:426} INFO - Running <TaskInstance: team_color_to_parquet_dag.submit_spark_via_ssh manual__2025-03-14T08:20:24.861691+00:00 [running]> on host a0d797a25898
[2025-03-14T08:34:05.113+0000] {taskinstance.py:2648} INFO - Exporting env vars: AIRFLOW_CTX_DAG_OWNER='***' AIRFLOW_CTX_DAG_ID='team_color_to_parquet_dag' AIRFLOW_CTX_TASK_ID='submit_spark_via_ssh' AIRFLOW_CTX_EXECUTION_DATE='2025-03-14T08:20:24.861691+00:00' AIRFLOW_CTX_TRY_NUMBER='2' AIRFLOW_CTX_DAG_RUN_ID='manual__2025-03-14T08:20:24.861691+00:00'
[2025-03-14T08:34:05.114+0000] {taskinstance.py:430} INFO - ::endgroup::
[2025-03-14T08:34:05.135+0000] {ssh.py:151} INFO - Creating ssh_client
[2025-03-14T08:34:05.136+0000] {ssh.py:124} INFO - ssh_hook is not provided or invalid. Trying ssh_conn_id to create SSHHook.
[2025-03-14T08:34:05.156+0000] {base.py:84} INFO - Using connection ID 'spark_ssh_conn' for task execution.
[2025-03-14T08:34:05.158+0000] {ssh.py:301} WARNING - No Host Key Verification. This won't protect against Man-In-The-Middle attacks
[2025-03-14T08:34:05.169+0000] {transport.py:1909} INFO - Connected (version 2.0, client OpenSSH_9.6p1)
[2025-03-14T08:34:05.279+0000] {transport.py:1909} INFO - Authentication (publickey) successful!
[2025-03-14T08:34:05.280+0000] {ssh.py:480} INFO - Running command: 
    set -e
    echo "Starting Spark Job on 2025-03-14"
    /spark-3.5.3/bin/spark-submit /home/ubuntu/spark_scripts/team_color_to_parquet.py 2025-03-14
    exit_code=$?

    if [ $exit_code -ne 0 ]; then
        echo "Spark Job Failed! Check logs."
        exit 1
    else
        echo "Spark Job Succeeded!"
    fi
    
[2025-03-14T08:34:05.413+0000] {ssh.py:526} INFO - Starting Spark Job on 2025-03-14
[2025-03-14T08:34:14.623+0000] {ssh.py:531} WARNING - 25/03/14 08:34:14 INFO SparkContext: Running Spark version 3.5.3
[2025-03-14T08:34:14.630+0000] {ssh.py:531} WARNING - 25/03/14 08:34:14 INFO SparkContext: OS info Linux, 6.8.0-1024-aws, amd64
[2025-03-14T08:34:14.634+0000] {ssh.py:531} WARNING - 25/03/14 08:34:14 INFO SparkContext: Java version 11.0.26
[2025-03-14T08:34:14.839+0000] {ssh.py:531} WARNING - 25/03/14 08:34:14 WARN NativeCodeLoader: Unable to load native-hadoop library for your platform... using builtin-java classes where applicable
[2025-03-14T08:34:15.165+0000] {ssh.py:531} WARNING - 25/03/14 08:34:15 INFO ResourceUtils: ==============================================================
[2025-03-14T08:34:15.165+0000] {ssh.py:531} WARNING - 25/03/14 08:34:15 INFO ResourceUtils: No custom resources configured for spark.driver.
[2025-03-14T08:34:15.167+0000] {ssh.py:531} WARNING - 25/03/14 08:34:15 INFO ResourceUtils: ==============================================================
[2025-03-14T08:34:15.169+0000] {ssh.py:531} WARNING - 25/03/14 08:34:15 INFO SparkContext: Submitted application: Extract_Team_Color_Info
[2025-03-14T08:34:15.306+0000] {ssh.py:531} WARNING - 25/03/14 08:34:15 INFO ResourceProfile: Default ResourceProfile created, executor resources: Map(cores -> name: cores, amount: 1, script: , vendor: , memory -> name: memory, amount: 1024, script: , vendor: , offHeap -> name: offHeap, amount: 0, script: , vendor: ), task resources: Map(cpus -> name: cpus, amount: 1.0)
[2025-03-14T08:34:15.355+0000] {ssh.py:531} WARNING - 25/03/14 08:34:15 INFO ResourceProfile: Limiting resource is cpu
[2025-03-14T08:34:15.357+0000] {ssh.py:531} WARNING - 25/03/14 08:34:15 INFO ResourceProfileManager: Added ResourceProfile id: 0
[2025-03-14T08:34:15.534+0000] {ssh.py:531} WARNING - 25/03/14 08:34:15 INFO SecurityManager: Changing view acls to: ubuntu
[2025-03-14T08:34:15.534+0000] {ssh.py:531} WARNING - 25/03/14 08:34:15 INFO SecurityManager: Changing modify acls to: ubuntu
[2025-03-14T08:34:15.537+0000] {ssh.py:531} WARNING - 25/03/14 08:34:15 INFO SecurityManager: Changing view acls groups to: 
[2025-03-14T08:34:15.538+0000] {ssh.py:531} WARNING - 25/03/14 08:34:15 INFO SecurityManager: Changing modify acls groups to: 
[2025-03-14T08:34:15.538+0000] {ssh.py:531} WARNING - 25/03/14 08:34:15 INFO SecurityManager: SecurityManager: authentication disabled; ui acls disabled; users with view permissions: ubuntu; groups with view permissions: EMPTY; users with modify permissions: ubuntu; groups with modify permissions: EMPTY
[2025-03-14T08:34:16.508+0000] {ssh.py:531} WARNING - 25/03/14 08:34:16 INFO Utils: Successfully started service 'sparkDriver' on port 44447.
[2025-03-14T08:34:16.602+0000] {ssh.py:531} WARNING - 25/03/14 08:34:16 INFO SparkEnv: Registering MapOutputTracker
[2025-03-14T08:34:16.709+0000] {ssh.py:531} WARNING - 25/03/14 08:34:16 INFO SparkEnv: Registering BlockManagerMaster
[2025-03-14T08:34:16.741+0000] {ssh.py:531} WARNING - 25/03/14 08:34:16 INFO BlockManagerMasterEndpoint: Using org.apache.spark.storage.DefaultTopologyMapper for getting topology information
[2025-03-14T08:34:16.748+0000] {ssh.py:531} WARNING - 25/03/14 08:34:16 INFO BlockManagerMasterEndpoint: BlockManagerMasterEndpoint up
[2025-03-14T08:34:16.748+0000] {ssh.py:531} WARNING - 25/03/14 08:34:16 INFO SparkEnv: Registering BlockManagerMasterHeartbeat
[2025-03-14T08:34:16.839+0000] {ssh.py:531} WARNING - 25/03/14 08:34:16 INFO DiskBlockManager: Created local directory at /tmp/blockmgr-6aeb6e3c-2fd0-4028-a913-ca2e6aed4782
[2025-03-14T08:34:16.892+0000] {ssh.py:531} WARNING - 25/03/14 08:34:16 INFO MemoryStore: MemoryStore started with capacity 434.4 MiB
[2025-03-14T08:34:16.947+0000] {ssh.py:531} WARNING - 25/03/14 08:34:16 INFO SparkEnv: Registering OutputCommitCoordinator
[2025-03-14T08:34:17.458+0000] {ssh.py:531} WARNING - 25/03/14 08:34:17 INFO JettyUtils: Start Jetty 0.0.0.0:4040 for SparkUI
[2025-03-14T08:34:17.632+0000] {ssh.py:531} WARNING - 25/03/14 08:34:17 WARN Utils: Service 'SparkUI' could not bind on port 4040. Attempting port 4041.
[2025-03-14T08:34:17.652+0000] {ssh.py:531} WARNING - 25/03/14 08:34:17 INFO Utils: Successfully started service 'SparkUI' on port 4041.
[2025-03-14T08:34:18.017+0000] {ssh.py:531} WARNING - 25/03/14 08:34:18 INFO Executor: Starting executor ID driver on host ip-172-31-12-182.ap-northeast-2.compute.internal
[2025-03-14T08:34:18.018+0000] {ssh.py:531} WARNING - 25/03/14 08:34:18 INFO Executor: OS info Linux, 6.8.0-1024-aws, amd64
[2025-03-14T08:34:18.021+0000] {ssh.py:531} WARNING - 25/03/14 08:34:18 INFO Executor: Java version 11.0.26
[2025-03-14T08:34:18.046+0000] {ssh.py:531} WARNING - 25/03/14 08:34:18 INFO Executor: Starting executor with user classpath (userClassPathFirst = false): ''
[2025-03-14T08:34:18.048+0000] {ssh.py:531} WARNING - 25/03/14 08:34:18 INFO Executor: Created or updated repl class loader org.apache.spark.util.MutableURLClassLoader@12da4c50 for default.
[2025-03-14T08:34:18.122+0000] {ssh.py:531} WARNING - 25/03/14 08:34:18 INFO Utils: Successfully started service 'org.apache.spark.network.netty.NettyBlockTransferService' on port 34801.
[2025-03-14T08:34:18.122+0000] {ssh.py:531} WARNING - 25/03/14 08:34:18 INFO NettyBlockTransferService: Server created on 0.0.0.0:34801
[2025-03-14T08:34:18.129+0000] {ssh.py:531} WARNING - 25/03/14 08:34:18 INFO BlockManager: Using org.apache.spark.storage.RandomBlockReplicationPolicy for block replication policy
[2025-03-14T08:34:18.149+0000] {ssh.py:531} WARNING - 25/03/14 08:34:18 INFO BlockManagerMaster: Registering BlockManager BlockManagerId(driver, 0.0.0.0, 34801, None)
[2025-03-14T08:34:18.162+0000] {ssh.py:531} WARNING - 25/03/14 08:34:18 INFO BlockManagerMasterEndpoint: Registering block manager 0.0.0.0:34801 with 434.4 MiB RAM, BlockManagerId(driver, 0.0.0.0, 34801, None)
[2025-03-14T08:34:18.170+0000] {ssh.py:531} WARNING - 25/03/14 08:34:18 INFO BlockManagerMaster: Registered BlockManager BlockManagerId(driver, 0.0.0.0, 34801, None)
[2025-03-14T08:34:18.176+0000] {ssh.py:531} WARNING - 25/03/14 08:34:18 INFO BlockManager: Initialized BlockManager: BlockManagerId(driver, 0.0.0.0, 34801, None)
[2025-03-14T08:34:19.660+0000] {ssh.py:531} WARNING - 25/03/14 08:34:19 INFO SharedState: Setting hive.metastore.warehouse.dir ('null') to the value of spark.sql.warehouse.dir.
[2025-03-14T08:34:19.689+0000] {ssh.py:531} WARNING - 25/03/14 08:34:19 INFO SharedState: Warehouse path is 'file:/home/ubuntu/spark-warehouse'.
[2025-03-14T08:34:22.521+0000] {ssh.py:531} WARNING - 25/03/14 08:34:22 WARN MetricsConfig: Cannot locate configuration: tried hadoop-metrics2-s3a-file-system.properties,hadoop-metrics2.properties
[2025-03-14T08:34:22.571+0000] {ssh.py:531} WARNING - 25/03/14 08:34:22 INFO MetricsSystemImpl: Scheduled Metric snapshot period at 10 second(s).
[2025-03-14T08:34:22.571+0000] {ssh.py:531} WARNING - 25/03/14 08:34:22 INFO MetricsSystemImpl: s3a-file-system metrics system started
[2025-03-14T08:34:25.819+0000] {ssh.py:531} WARNING - 25/03/14 08:34:25 INFO InMemoryFileIndex: It took 256 ms to list leaf files for 1 paths.
[2025-03-14T08:34:26.135+0000] {ssh.py:531} WARNING - 25/03/14 08:34:26 INFO InMemoryFileIndex: It took 83 ms to list leaf files for 1 paths.
[2025-03-14T08:34:33.549+0000] {ssh.py:531} WARNING - 25/03/14 08:34:33 INFO FileSourceStrategy: Pushed Filters: 
[2025-03-14T08:34:33.560+0000] {ssh.py:531} WARNING - 25/03/14 08:34:33 INFO FileSourceStrategy: Post-Scan Filters: (length(trim(value#0, None)) > 0)
[2025-03-14T08:34:35.664+0000] {ssh.py:531} WARNING - 25/03/14 08:34:35 INFO CodeGenerator: Code generated in 716.133589 ms
[2025-03-14T08:34:35.882+0000] {ssh.py:531} WARNING - 25/03/14 08:34:35 INFO MemoryStore: Block broadcast_0 stored as values in memory (estimated size 200.6 KiB, free 434.2 MiB)
[2025-03-14T08:34:36.090+0000] {ssh.py:531} WARNING - 25/03/14 08:34:36 INFO MemoryStore: Block broadcast_0_piece0 stored as bytes in memory (estimated size 34.7 KiB, free 434.2 MiB)
[2025-03-14T08:34:36.095+0000] {ssh.py:531} WARNING - 25/03/14 08:34:36 INFO BlockManagerInfo: Added broadcast_0_piece0 in memory on 0.0.0.0:34801 (size: 34.7 KiB, free: 434.4 MiB)
[2025-03-14T08:34:36.108+0000] {ssh.py:531} WARNING - 25/03/14 08:34:36 INFO SparkContext: Created broadcast 0 from csv at NativeMethodAccessorImpl.java:0
[2025-03-14T08:34:36.140+0000] {ssh.py:531} WARNING - 25/03/14 08:34:36 INFO FileSourceScanExec: Planning scan with bin packing, max size: 4194304 bytes, open cost is considered as scanning 4194304 bytes.
[2025-03-14T08:34:36.506+0000] {ssh.py:531} WARNING - 25/03/14 08:34:36 INFO SparkContext: Starting job: csv at NativeMethodAccessorImpl.java:0
[2025-03-14T08:34:36.592+0000] {ssh.py:531} WARNING - 25/03/14 08:34:36 INFO DAGScheduler: Got job 0 (csv at NativeMethodAccessorImpl.java:0) with 1 output partitions
[2025-03-14T08:34:36.592+0000] {ssh.py:531} WARNING - 25/03/14 08:34:36 INFO DAGScheduler: Final stage: ResultStage 0 (csv at NativeMethodAccessorImpl.java:0)
[2025-03-14T08:34:36.592+0000] {ssh.py:531} WARNING - 25/03/14 08:34:36 INFO DAGScheduler: Parents of final stage: List()
[2025-03-14T08:34:36.599+0000] {ssh.py:531} WARNING - 25/03/14 08:34:36 INFO DAGScheduler: Missing parents: List()
[2025-03-14T08:34:36.620+0000] {ssh.py:531} WARNING - 25/03/14 08:34:36 INFO DAGScheduler: Submitting ResultStage 0 (MapPartitionsRDD[3] at csv at NativeMethodAccessorImpl.java:0), which has no missing parents
[2025-03-14T08:34:36.989+0000] {ssh.py:531} WARNING - 25/03/14 08:34:36 INFO MemoryStore: Block broadcast_1 stored as values in memory (estimated size 13.5 KiB, free 434.2 MiB)
[2025-03-14T08:34:36.990+0000] {ssh.py:531} WARNING - 25/03/14 08:34:36 INFO MemoryStore: Block broadcast_1_piece0 stored as bytes in memory (estimated size 6.4 KiB, free 434.2 MiB)
[2025-03-14T08:34:36.994+0000] {ssh.py:531} WARNING - 25/03/14 08:34:36 INFO BlockManagerInfo: Added broadcast_1_piece0 in memory on 0.0.0.0:34801 (size: 6.4 KiB, free: 434.4 MiB)
[2025-03-14T08:34:37.005+0000] {ssh.py:531} WARNING - 25/03/14 08:34:36 INFO SparkContext: Created broadcast 1 from broadcast at DAGScheduler.scala:1585
[2025-03-14T08:34:37.039+0000] {ssh.py:531} WARNING - 25/03/14 08:34:37 INFO DAGScheduler: Submitting 1 missing tasks from ResultStage 0 (MapPartitionsRDD[3] at csv at NativeMethodAccessorImpl.java:0) (first 15 tasks are for partitions Vector(0))
[2025-03-14T08:34:37.040+0000] {ssh.py:531} WARNING - 25/03/14 08:34:37 INFO TaskSchedulerImpl: Adding task set 0.0 with 1 tasks resource profile 0
[2025-03-14T08:34:37.179+0000] {ssh.py:531} WARNING - 25/03/14 08:34:37 INFO TaskSetManager: Starting task 0.0 in stage 0.0 (TID 0) (ip-172-31-12-182.ap-northeast-2.compute.internal, executor driver, partition 0, PROCESS_LOCAL, 9640 bytes) 
[2025-03-14T08:34:37.237+0000] {ssh.py:531} WARNING - 25/03/14 08:34:37 INFO Executor: Running task 0.0 in stage 0.0 (TID 0)
[2025-03-14T08:34:37.686+0000] {ssh.py:531} WARNING - 25/03/14 08:34:37 INFO CodeGenerator: Code generated in 54.7153 ms
[2025-03-14T08:34:37.699+0000] {ssh.py:531} WARNING - 25/03/14 08:34:37 INFO FileScanRDD: Reading File path: s3a://de5-finalproj-team2/crawl/2025-03-14/crawl_result_processed_20250314.csv, range: 0-1154758, partition values: [empty row]
[2025-03-14T08:34:37.763+0000] {ssh.py:531} WARNING - 25/03/14 08:34:37 INFO CodeGenerator: Code generated in 46.622559 ms
[2025-03-14T08:34:38.115+0000] {ssh.py:531} WARNING - 25/03/14 08:34:38 INFO LineRecordReader: Found UTF-8 BOM and skipped it
[2025-03-14T08:34:38.215+0000] {ssh.py:531} WARNING - 25/03/14 08:34:38 INFO Executor: Finished task 0.0 in stage 0.0 (TID 0). 1713 bytes result sent to driver
[2025-03-14T08:34:38.260+0000] {ssh.py:531} WARNING - 25/03/14 08:34:38 INFO TaskSetManager: Finished task 0.0 in stage 0.0 (TID 0) in 1125 ms on ip-172-31-12-182.ap-northeast-2.compute.internal (executor driver) (1/1)
[2025-03-14T08:34:38.265+0000] {ssh.py:531} WARNING - 25/03/14 08:34:38 INFO TaskSchedulerImpl: Removed TaskSet 0.0, whose tasks have all completed, from pool 
[2025-03-14T08:34:38.281+0000] {ssh.py:531} WARNING - 25/03/14 08:34:38 INFO DAGScheduler: ResultStage 0 (csv at NativeMethodAccessorImpl.java:0) finished in 1.595 s
[2025-03-14T08:34:38.291+0000] {ssh.py:531} WARNING - 25/03/14 08:34:38 INFO DAGScheduler: Job 0 is finished. Cancelling potential speculative or zombie tasks for this job
[2025-03-14T08:34:38.292+0000] {ssh.py:531} WARNING - 25/03/14 08:34:38 INFO TaskSchedulerImpl: Killing all running tasks in stage 0: Stage finished
[2025-03-14T08:34:38.300+0000] {ssh.py:531} WARNING - 25/03/14 08:34:38 INFO DAGScheduler: Job 0 finished: csv at NativeMethodAccessorImpl.java:0, took 1.790961 s
[2025-03-14T08:34:38.400+0000] {ssh.py:531} WARNING - 25/03/14 08:34:38 INFO CodeGenerator: Code generated in 40.957513 ms
[2025-03-14T08:34:38.585+0000] {ssh.py:531} WARNING - 25/03/14 08:34:38 INFO FileSourceStrategy: Pushed Filters: 
[2025-03-14T08:34:38.585+0000] {ssh.py:531} WARNING - 25/03/14 08:34:38 INFO FileSourceStrategy: Post-Scan Filters: 
[2025-03-14T08:34:38.607+0000] {ssh.py:531} WARNING - 25/03/14 08:34:38 INFO MemoryStore: Block broadcast_2 stored as values in memory (estimated size 200.6 KiB, free 434.0 MiB)
[2025-03-14T08:34:38.648+0000] {ssh.py:531} WARNING - 25/03/14 08:34:38 INFO MemoryStore: Block broadcast_2_piece0 stored as bytes in memory (estimated size 34.7 KiB, free 433.9 MiB)
[2025-03-14T08:34:38.649+0000] {ssh.py:531} WARNING - 25/03/14 08:34:38 INFO BlockManagerInfo: Added broadcast_2_piece0 in memory on 0.0.0.0:34801 (size: 34.7 KiB, free: 434.3 MiB)
[2025-03-14T08:34:38.655+0000] {ssh.py:531} WARNING - 25/03/14 08:34:38 INFO SparkContext: Created broadcast 2 from csv at NativeMethodAccessorImpl.java:0
[2025-03-14T08:34:38.665+0000] {ssh.py:531} WARNING - 25/03/14 08:34:38 INFO FileSourceScanExec: Planning scan with bin packing, max size: 4194304 bytes, open cost is considered as scanning 4194304 bytes.
[2025-03-14T08:34:39.192+0000] {ssh.py:531} WARNING - 25/03/14 08:34:39 INFO BlockManagerInfo: Removed broadcast_1_piece0 on 0.0.0.0:34801 in memory (size: 6.4 KiB, free: 434.3 MiB)
[2025-03-14T08:34:39.234+0000] {ssh.py:531} WARNING - 25/03/14 08:34:39 INFO BlockManagerInfo: Removed broadcast_0_piece0 on 0.0.0.0:34801 in memory (size: 34.7 KiB, free: 434.4 MiB)
[2025-03-14T08:34:39.899+0000] {ssh.py:531} WARNING - 25/03/14 08:34:39 INFO FileSourceStrategy: Pushed Filters: 
[2025-03-14T08:34:39.900+0000] {ssh.py:531} WARNING - 25/03/14 08:34:39 INFO FileSourceStrategy: Post-Scan Filters: 
[2025-03-14T08:34:40.788+0000] {ssh.py:531} WARNING - 25/03/14 08:34:40 INFO ParquetUtils: Using default output committer for Parquet: org.apache.parquet.hadoop.ParquetOutputCommitter
[2025-03-14T08:34:40.823+0000] {ssh.py:531} WARNING - 25/03/14 08:34:40 INFO FileOutputCommitter: File Output Committer Algorithm version is 1
[2025-03-14T08:34:40.824+0000] {ssh.py:531} WARNING - 25/03/14 08:34:40 INFO FileOutputCommitter: FileOutputCommitter skip cleanup _temporary folders under output directory:false, ignore cleanup failures: false
[2025-03-14T08:34:40.832+0000] {ssh.py:531} WARNING - 25/03/14 08:34:40 INFO SQLHadoopMapReduceCommitProtocol: Using user defined output committer class org.apache.parquet.hadoop.ParquetOutputCommitter
[2025-03-14T08:34:40.833+0000] {ssh.py:531} WARNING - 25/03/14 08:34:40 INFO FileOutputCommitter: File Output Committer Algorithm version is 1
[2025-03-14T08:34:40.833+0000] {ssh.py:531} WARNING - 25/03/14 08:34:40 INFO FileOutputCommitter: FileOutputCommitter skip cleanup _temporary folders under output directory:false, ignore cleanup failures: false
[2025-03-14T08:34:40.839+0000] {ssh.py:531} WARNING - 25/03/14 08:34:40 INFO SQLHadoopMapReduceCommitProtocol: Using output committer class org.apache.parquet.hadoop.ParquetOutputCommitter
[2025-03-14T08:34:41.474+0000] {ssh.py:531} WARNING - 25/03/14 08:34:41 INFO CodeGenerator: Code generated in 179.397351 ms
[2025-03-14T08:34:41.495+0000] {ssh.py:531} WARNING - 25/03/14 08:34:41 INFO MemoryStore: Block broadcast_3 stored as values in memory (estimated size 200.5 KiB, free 434.0 MiB)
[2025-03-14T08:34:41.532+0000] {ssh.py:531} WARNING - 25/03/14 08:34:41 INFO MemoryStore: Block broadcast_3_piece0 stored as bytes in memory (estimated size 34.6 KiB, free 433.9 MiB)
[2025-03-14T08:34:41.535+0000] {ssh.py:531} WARNING - 25/03/14 08:34:41 INFO BlockManagerInfo: Added broadcast_3_piece0 in memory on 0.0.0.0:34801 (size: 34.6 KiB, free: 434.3 MiB)
[2025-03-14T08:34:41.538+0000] {ssh.py:531} WARNING - 25/03/14 08:34:41 INFO SparkContext: Created broadcast 3 from parquet at NativeMethodAccessorImpl.java:0
[2025-03-14T08:34:41.554+0000] {ssh.py:531} WARNING - 25/03/14 08:34:41 INFO FileSourceScanExec: Planning scan with bin packing, max size: 4194304 bytes, open cost is considered as scanning 4194304 bytes.
[2025-03-14T08:34:41.603+0000] {ssh.py:531} WARNING - 25/03/14 08:34:41 INFO SparkContext: Starting job: parquet at NativeMethodAccessorImpl.java:0
[2025-03-14T08:34:41.608+0000] {ssh.py:531} WARNING - 25/03/14 08:34:41 INFO DAGScheduler: Got job 1 (parquet at NativeMethodAccessorImpl.java:0) with 1 output partitions
[2025-03-14T08:34:41.608+0000] {ssh.py:531} WARNING - 25/03/14 08:34:41 INFO DAGScheduler: Final stage: ResultStage 1 (parquet at NativeMethodAccessorImpl.java:0)
[2025-03-14T08:34:41.608+0000] {ssh.py:531} WARNING - 25/03/14 08:34:41 INFO DAGScheduler: Parents of final stage: List()
[2025-03-14T08:34:41.614+0000] {ssh.py:531} WARNING - 25/03/14 08:34:41 INFO DAGScheduler: Missing parents: List()
[2025-03-14T08:34:41.616+0000] {ssh.py:531} WARNING - 25/03/14 08:34:41 INFO DAGScheduler: Submitting ResultStage 1 (MapPartitionsRDD[13] at parquet at NativeMethodAccessorImpl.java:0), which has no missing parents
[2025-03-14T08:34:41.769+0000] {ssh.py:531} WARNING - 25/03/14 08:34:41 INFO MemoryStore: Block broadcast_4 stored as values in memory (estimated size 221.9 KiB, free 433.7 MiB)
[2025-03-14T08:34:41.777+0000] {ssh.py:531} WARNING - 25/03/14 08:34:41 INFO MemoryStore: Block broadcast_4_piece0 stored as bytes in memory (estimated size 80.4 KiB, free 433.6 MiB)
[2025-03-14T08:34:41.778+0000] {ssh.py:531} WARNING - 25/03/14 08:34:41 INFO BlockManagerInfo: Added broadcast_4_piece0 in memory on 0.0.0.0:34801 (size: 80.4 KiB, free: 434.3 MiB)
[2025-03-14T08:34:41.781+0000] {ssh.py:531} WARNING - 25/03/14 08:34:41 INFO SparkContext: Created broadcast 4 from broadcast at DAGScheduler.scala:1585
[2025-03-14T08:34:41.782+0000] {ssh.py:531} WARNING - 25/03/14 08:34:41 INFO DAGScheduler: Submitting 1 missing tasks from ResultStage 1 (MapPartitionsRDD[13] at parquet at NativeMethodAccessorImpl.java:0) (first 15 tasks are for partitions Vector(0))
[2025-03-14T08:34:41.786+0000] {ssh.py:531} WARNING - 25/03/14 08:34:41 INFO TaskSchedulerImpl: Adding task set 1.0 with 1 tasks resource profile 0
[2025-03-14T08:34:41.795+0000] {ssh.py:531} WARNING - 25/03/14 08:34:41 INFO TaskSetManager: Starting task 0.0 in stage 1.0 (TID 1) (ip-172-31-12-182.ap-northeast-2.compute.internal, executor driver, partition 0, PROCESS_LOCAL, 9640 bytes) 
[2025-03-14T08:34:41.799+0000] {ssh.py:531} WARNING - 25/03/14 08:34:41 INFO Executor: Running task 0.0 in stage 1.0 (TID 1)
[2025-03-14T08:34:42.167+0000] {ssh.py:531} WARNING - 25/03/14 08:34:42 INFO CodeGenerator: Code generated in 122.758081 ms
[2025-03-14T08:34:42.172+0000] {ssh.py:531} WARNING - 25/03/14 08:34:42 INFO FileOutputCommitter: File Output Committer Algorithm version is 1
[2025-03-14T08:34:42.175+0000] {ssh.py:531} WARNING - 25/03/14 08:34:42 INFO FileOutputCommitter: FileOutputCommitter skip cleanup _temporary folders under output directory:false, ignore cleanup failures: false
[2025-03-14T08:34:42.179+0000] {ssh.py:531} WARNING - 25/03/14 08:34:42 INFO SQLHadoopMapReduceCommitProtocol: Using user defined output committer class org.apache.parquet.hadoop.ParquetOutputCommitter
[2025-03-14T08:34:42.180+0000] {ssh.py:531} WARNING - 25/03/14 08:34:42 INFO FileOutputCommitter: File Output Committer Algorithm version is 1
[2025-03-14T08:34:42.182+0000] {ssh.py:531} WARNING - 25/03/14 08:34:42 INFO FileOutputCommitter: FileOutputCommitter skip cleanup _temporary folders under output directory:false, ignore cleanup failures: false
[2025-03-14T08:34:42.183+0000] {ssh.py:531} WARNING - 25/03/14 08:34:42 INFO SQLHadoopMapReduceCommitProtocol: Using output committer class org.apache.parquet.hadoop.ParquetOutputCommitter
[2025-03-14T08:34:42.206+0000] {ssh.py:531} WARNING - 25/03/14 08:34:42 INFO CodecConfig: Compression: SNAPPY
[2025-03-14T08:34:42.214+0000] {ssh.py:531} WARNING - 25/03/14 08:34:42 INFO CodecConfig: Compression: SNAPPY
[2025-03-14T08:34:42.283+0000] {ssh.py:531} WARNING - 25/03/14 08:34:42 INFO ParquetOutputFormat: ParquetRecordWriter [block size: 134217728b, row group padding size: 8388608b, validating: false]
[2025-03-14T08:34:42.366+0000] {ssh.py:531} WARNING - 25/03/14 08:34:42 INFO ParquetWriteSupport: Initialized Parquet WriteSupport with Catalyst schema:
[2025-03-14T08:34:42.366+0000] {ssh.py:531} WARNING - {
[2025-03-14T08:34:42.366+0000] {ssh.py:531} WARNING -   "type" : "struct",
[2025-03-14T08:34:42.366+0000] {ssh.py:531} WARNING -   "fields" : [ {
[2025-03-14T08:34:42.366+0000] {ssh.py:531} WARNING -     "name" : "team_count",
[2025-03-14T08:34:42.367+0000] {ssh.py:531} WARNING -     "type" : "integer",
[2025-03-14T08:34:42.367+0000] {ssh.py:531} WARNING -     "nullable" : true,
[2025-03-14T08:34:42.367+0000] {ssh.py:531} WARNING -     "metadata" : { }
[2025-03-14T08:34:42.367+0000] {ssh.py:531} WARNING -   }, {
[2025-03-14T08:34:42.367+0000] {ssh.py:531} WARNING -     "name" : "team_color",
[2025-03-14T08:34:42.367+0000] {ssh.py:531} WARNING -     "type" : "string",
[2025-03-14T08:34:42.367+0000] {ssh.py:531} WARNING -     "nullable" : false,
[2025-03-14T08:34:42.367+0000] {ssh.py:531} WARNING -     "metadata" : { }
[2025-03-14T08:34:42.368+0000] {ssh.py:531} WARNING -   }, {
[2025-03-14T08:34:42.368+0000] {ssh.py:531} WARNING -     "name" : "gamer_nickname",
[2025-03-14T08:34:42.368+0000] {ssh.py:531} WARNING -     "type" : "string",
[2025-03-14T08:34:42.368+0000] {ssh.py:531} WARNING -     "nullable" : true,
[2025-03-14T08:34:42.368+0000] {ssh.py:531} WARNING -     "metadata" : { }
[2025-03-14T08:34:42.368+0000] {ssh.py:531} WARNING -   }, {
[2025-03-14T08:34:42.368+0000] {ssh.py:531} WARNING -     "name" : "created_at",
[2025-03-14T08:34:42.368+0000] {ssh.py:531} WARNING -     "type" : "date",
[2025-03-14T08:34:42.369+0000] {ssh.py:531} WARNING -     "nullable" : false,
[2025-03-14T08:34:42.369+0000] {ssh.py:531} WARNING -     "metadata" : { }
[2025-03-14T08:34:42.369+0000] {ssh.py:531} WARNING -   } ]
[2025-03-14T08:34:42.369+0000] {ssh.py:531} WARNING - }
[2025-03-14T08:34:42.369+0000] {ssh.py:531} WARNING - and corresponding Parquet message type:
[2025-03-14T08:34:42.369+0000] {ssh.py:531} WARNING - message spark_schema {
[2025-03-14T08:34:42.369+0000] {ssh.py:531} WARNING -   optional int32 team_count;
[2025-03-14T08:34:42.369+0000] {ssh.py:531} WARNING -   required binary team_color (STRING);
[2025-03-14T08:34:42.369+0000] {ssh.py:531} WARNING -   optional binary gamer_nickname (STRING);
[2025-03-14T08:34:42.370+0000] {ssh.py:531} WARNING -   required int32 created_at (DATE);
[2025-03-14T08:34:42.370+0000] {ssh.py:531} WARNING - }
[2025-03-14T08:34:42.370+0000] {ssh.py:531} WARNING - 
[2025-03-14T08:34:42.370+0000] {ssh.py:531} WARNING -        
[2025-03-14T08:34:42.675+0000] {ssh.py:531} WARNING - 25/03/14 08:34:42 INFO CodecPool: Got brand-new compressor [.snappy]
[2025-03-14T08:34:43.207+0000] {ssh.py:531} WARNING - 25/03/14 08:34:43 INFO FileScanRDD: Reading File path: s3a://de5-finalproj-team2/crawl/2025-03-14/crawl_result_processed_20250314.csv, range: 0-1154758, partition values: [empty row]
[2025-03-14T08:34:43.248+0000] {ssh.py:531} WARNING - 25/03/14 08:34:43 INFO CodeGenerator: Code generated in 33.601465 ms
[2025-03-14T08:34:43.369+0000] {ssh.py:531} WARNING - 25/03/14 08:34:43 INFO LineRecordReader: Found UTF-8 BOM and skipped it
[2025-03-14T08:34:47.743+0000] {ssh.py:531} WARNING - 25/03/14 08:34:47 INFO FileOutputCommitter: Saved output of task 'attempt_202503140834411270056110879541684_0001_m_000000_1' to s3a://de5-finalproj-team2/analytics/team_color_info/2025-03-14/_temporary/0/task_202503140834411270056110879541684_0001_m_000000
[2025-03-14T08:34:47.744+0000] {ssh.py:531} WARNING - 25/03/14 08:34:47 INFO SparkHadoopMapRedUtil: attempt_202503140834411270056110879541684_0001_m_000000_1: Committed. Elapsed time: 829 ms.
[2025-03-14T08:34:47.764+0000] {ssh.py:531} WARNING - 25/03/14 08:34:47 INFO Executor: Finished task 0.0 in stage 1.0 (TID 1). 2669 bytes result sent to driver
[2025-03-14T08:34:47.777+0000] {ssh.py:531} WARNING - 25/03/14 08:34:47 INFO TaskSetManager: Finished task 0.0 in stage 1.0 (TID 1) in 5987 ms on ip-172-31-12-182.ap-northeast-2.compute.internal (executor driver) (1/1)
[2025-03-14T08:34:47.780+0000] {ssh.py:531} WARNING - 25/03/14 08:34:47 INFO TaskSchedulerImpl: Removed TaskSet 1.0, whose tasks have all completed, from pool 
[2025-03-14T08:34:47.784+0000] {ssh.py:531} WARNING - 25/03/14 08:34:47 INFO DAGScheduler: ResultStage 1 (parquet at NativeMethodAccessorImpl.java:0) finished in 6.159 s
[2025-03-14T08:34:47.787+0000] {ssh.py:531} WARNING - 25/03/14 08:34:47 INFO DAGScheduler: Job 1 is finished. Cancelling potential speculative or zombie tasks for this job
[2025-03-14T08:34:47.787+0000] {ssh.py:531} WARNING - 25/03/14 08:34:47 INFO TaskSchedulerImpl: Killing all running tasks in stage 1: Stage finished
[2025-03-14T08:34:47.792+0000] {ssh.py:531} WARNING - 25/03/14 08:34:47 INFO DAGScheduler: Job 1 finished: parquet at NativeMethodAccessorImpl.java:0, took 6.188774 s
[2025-03-14T08:34:47.799+0000] {ssh.py:531} WARNING - 25/03/14 08:34:47 INFO FileFormatWriter: Start to commit write Job b18b1084-a790-4383-9fbe-adba45e8ee5c.
[2025-03-14T08:34:48.991+0000] {ssh.py:531} WARNING - 25/03/14 08:34:48 INFO FileFormatWriter: Write Job b18b1084-a790-4383-9fbe-adba45e8ee5c committed. Elapsed time: 1186 ms.
[2025-03-14T08:34:48.999+0000] {ssh.py:531} WARNING - 25/03/14 08:34:48 INFO FileFormatWriter: Finished processing stats for write job b18b1084-a790-4383-9fbe-adba45e8ee5c.
[2025-03-14T08:34:49.005+0000] {ssh.py:526} INFO - ✅ Parquet 변환 완료! 저장 경로: s3a://de5-finalproj-team2/analytics/team_color_info/2025-03-14
[2025-03-14T08:34:49.098+0000] {ssh.py:531} WARNING - 25/03/14 08:34:49 INFO SparkContext: Invoking stop() from shutdown hook
[2025-03-14T08:34:49.102+0000] {ssh.py:531} WARNING - 25/03/14 08:34:49 INFO SparkContext: SparkContext is stopping with exitCode 0.
[2025-03-14T08:34:49.125+0000] {ssh.py:531} WARNING - 25/03/14 08:34:49 INFO SparkUI: Stopped Spark web UI at http://0.0.0.0:4041
[2025-03-14T08:34:49.154+0000] {ssh.py:531} WARNING - 25/03/14 08:34:49 INFO MapOutputTrackerMasterEndpoint: MapOutputTrackerMasterEndpoint stopped!
[2025-03-14T08:34:49.175+0000] {ssh.py:531} WARNING - 25/03/14 08:34:49 INFO MemoryStore: MemoryStore cleared
[2025-03-14T08:34:49.176+0000] {ssh.py:531} WARNING - 25/03/14 08:34:49 INFO BlockManager: BlockManager stopped
[2025-03-14T08:34:49.181+0000] {ssh.py:531} WARNING - 25/03/14 08:34:49 INFO BlockManagerMaster: BlockManagerMaster stopped
[2025-03-14T08:34:49.190+0000] {ssh.py:531} WARNING - 25/03/14 08:34:49 INFO OutputCommitCoordinator$OutputCommitCoordinatorEndpoint: OutputCommitCoordinator stopped!
[2025-03-14T08:34:49.207+0000] {ssh.py:531} WARNING - 25/03/14 08:34:49 INFO SparkContext: Successfully stopped SparkContext
[2025-03-14T08:34:49.207+0000] {ssh.py:531} WARNING - 25/03/14 08:34:49 INFO ShutdownHookManager: Shutdown hook called
[2025-03-14T08:34:49.218+0000] {ssh.py:531} WARNING - 25/03/14 08:34:49 INFO ShutdownHookManager: Deleting directory /tmp/spark-afb63046-19c7-40b0-8d3f-a5b71b610ccd
[2025-03-14T08:34:49.219+0000] {ssh.py:531} WARNING - 25/03/14 08:34:49 INFO ShutdownHookManager: Deleting directory /tmp/spark-aafe8036-e239-493c-8c73-96318d868c32
[2025-03-14T08:34:49.220+0000] {ssh.py:531} WARNING - 25/03/14 08:34:49 INFO ShutdownHookManager: Deleting directory /tmp/spark-afb63046-19c7-40b0-8d3f-a5b71b610ccd/pyspark-dce3120d-8230-4a98-aa2e-7f30a23f3268
[2025-03-14T08:34:49.235+0000] {ssh.py:531} WARNING - 25/03/14 08:34:49 INFO MetricsSystemImpl: Stopping s3a-file-system metrics system...
[2025-03-14T08:34:49.236+0000] {ssh.py:531} WARNING - 25/03/14 08:34:49 INFO MetricsSystemImpl: s3a-file-system metrics system stopped.
[2025-03-14T08:34:49.236+0000] {ssh.py:531} WARNING - 25/03/14 08:34:49 INFO MetricsSystemImpl: s3a-file-system metrics system shutdown complete.
[2025-03-14T08:34:49.314+0000] {ssh.py:526} INFO - Spark Job Succeeded!
[2025-03-14T08:34:49.333+0000] {taskinstance.py:441} INFO - ::group::Post task execution logs
[2025-03-14T08:34:49.366+0000] {taskinstance.py:1206} INFO - Marking task as SUCCESS. dag_id=team_color_to_parquet_dag, task_id=submit_spark_via_ssh, run_id=manual__2025-03-14T08:20:24.861691+00:00, execution_date=20250314T082024, start_date=20250314T083404, end_date=20250314T083449
[2025-03-14T08:34:49.393+0000] {local_task_job_runner.py:240} INFO - Task exited with return code 0
[2025-03-14T08:34:49.419+0000] {taskinstance.py:3498} INFO - 1 downstream tasks scheduled from follow-on schedule check
[2025-03-14T08:34:49.421+0000] {local_task_job_runner.py:222} INFO - ::endgroup::
