[2025-03-14T08:20:27.603+0000] {local_task_job_runner.py:120} INFO - ::group::Pre task execution logs
[2025-03-14T08:20:27.643+0000] {taskinstance.py:2076} INFO - Dependencies all met for dep_context=non-requeueable deps ti=<TaskInstance: team_color_to_parquet_dag.submit_spark_via_ssh manual__2025-03-14T08:20:24.861691+00:00 [queued]>
[2025-03-14T08:20:27.657+0000] {taskinstance.py:2076} INFO - Dependencies all met for dep_context=requeueable deps ti=<TaskInstance: team_color_to_parquet_dag.submit_spark_via_ssh manual__2025-03-14T08:20:24.861691+00:00 [queued]>
[2025-03-14T08:20:27.657+0000] {taskinstance.py:2306} INFO - Starting attempt 1 of 2
[2025-03-14T08:20:27.673+0000] {taskinstance.py:2330} INFO - Executing <Task(SSHOperator): submit_spark_via_ssh> on 2025-03-14 08:20:24.861691+00:00
[2025-03-14T08:20:27.679+0000] {standard_task_runner.py:63} INFO - Started process 31438 to run task
[2025-03-14T08:20:27.684+0000] {standard_task_runner.py:90} INFO - Running: ['***', 'tasks', 'run', 'team_color_to_parquet_dag', 'submit_spark_via_ssh', 'manual__2025-03-14T08:20:24.861691+00:00', '--job-id', '195', '--raw', '--subdir', 'DAGS_FOLDER/team_color_to_parquet_dag.py', '--cfg-path', '/tmp/tmpnir5dgaj']
[2025-03-14T08:20:27.686+0000] {standard_task_runner.py:91} INFO - Job 195: Subtask submit_spark_via_ssh
[2025-03-14T08:20:27.766+0000] {task_command.py:426} INFO - Running <TaskInstance: team_color_to_parquet_dag.submit_spark_via_ssh manual__2025-03-14T08:20:24.861691+00:00 [running]> on host a0d797a25898
[2025-03-14T08:20:27.916+0000] {taskinstance.py:2648} INFO - Exporting env vars: AIRFLOW_CTX_DAG_OWNER='***' AIRFLOW_CTX_DAG_ID='team_color_to_parquet_dag' AIRFLOW_CTX_TASK_ID='submit_spark_via_ssh' AIRFLOW_CTX_EXECUTION_DATE='2025-03-14T08:20:24.861691+00:00' AIRFLOW_CTX_TRY_NUMBER='1' AIRFLOW_CTX_DAG_RUN_ID='manual__2025-03-14T08:20:24.861691+00:00'
[2025-03-14T08:20:27.917+0000] {taskinstance.py:430} INFO - ::endgroup::
[2025-03-14T08:20:27.939+0000] {ssh.py:151} INFO - Creating ssh_client
[2025-03-14T08:20:27.940+0000] {ssh.py:124} INFO - ssh_hook is not provided or invalid. Trying ssh_conn_id to create SSHHook.
[2025-03-14T08:20:27.975+0000] {base.py:84} INFO - Using connection ID 'spark_ssh_conn' for task execution.
[2025-03-14T08:20:27.976+0000] {ssh.py:301} WARNING - No Host Key Verification. This won't protect against Man-In-The-Middle attacks
[2025-03-14T08:20:27.986+0000] {transport.py:1909} INFO - Connected (version 2.0, client OpenSSH_9.6p1)
[2025-03-14T08:20:28.143+0000] {transport.py:1909} INFO - Authentication (publickey) successful!
[2025-03-14T08:20:28.145+0000] {ssh.py:480} INFO - Running command: 
    set -e
    echo "Starting Spark Job on 2025-03-14"
    /spark-3.5.3/bin/spark-submit /home/ubuntu/spark_scripts/team_color_to_parquet.py 2025-03-14
    exit_code=$?

    if [ $exit_code -ne 0 ]; then
        echo "Spark Job Failed! Check logs."
        exit 1
    else
        echo "Spark Job Succeeded!"
    fi
    
[2025-03-14T08:20:28.276+0000] {ssh.py:526} INFO - Starting Spark Job on 2025-03-14
[2025-03-14T08:20:33.323+0000] {ssh.py:531} WARNING - 25/03/14 08:20:33 INFO SparkContext: Running Spark version 3.5.3
[2025-03-14T08:20:33.326+0000] {ssh.py:531} WARNING - 25/03/14 08:20:33 INFO SparkContext: OS info Linux, 6.8.0-1024-aws, amd64
[2025-03-14T08:20:33.327+0000] {ssh.py:531} WARNING - 25/03/14 08:20:33 INFO SparkContext: Java version 11.0.26
[2025-03-14T08:20:33.461+0000] {ssh.py:531} WARNING - 25/03/14 08:20:33 WARN NativeCodeLoader: Unable to load native-hadoop library for your platform... using builtin-java classes where applicable
[2025-03-14T08:20:33.679+0000] {ssh.py:531} WARNING - 25/03/14 08:20:33 INFO ResourceUtils: ==============================================================
[2025-03-14T08:20:33.680+0000] {ssh.py:531} WARNING - 25/03/14 08:20:33 INFO ResourceUtils: No custom resources configured for spark.driver.
[2025-03-14T08:20:33.680+0000] {ssh.py:531} WARNING - 25/03/14 08:20:33 INFO ResourceUtils: ==============================================================
[2025-03-14T08:20:33.681+0000] {ssh.py:531} WARNING - 25/03/14 08:20:33 INFO SparkContext: Submitted application: Extract_Team_Color_Info
[2025-03-14T08:20:33.734+0000] {ssh.py:531} WARNING - 25/03/14 08:20:33 INFO ResourceProfile: Default ResourceProfile created, executor resources: Map(cores -> name: cores, amount: 1, script: , vendor: , memory -> name: memory, amount: 1024, script: , vendor: , offHeap -> name: offHeap, amount: 0, script: , vendor: ), task resources: Map(cpus -> name: cpus, amount: 1.0)
[2025-03-14T08:20:33.755+0000] {ssh.py:531} WARNING - 25/03/14 08:20:33 INFO ResourceProfile: Limiting resource is cpus at 1 tasks per executor
[2025-03-14T08:20:33.758+0000] {ssh.py:531} WARNING - 25/03/14 08:20:33 INFO ResourceProfileManager: Added ResourceProfile id: 0
[2025-03-14T08:20:33.841+0000] {ssh.py:531} WARNING - 25/03/14 08:20:33 INFO SecurityManager: Changing view acls to: ubuntu
[2025-03-14T08:20:33.842+0000] {ssh.py:531} WARNING - 25/03/14 08:20:33 INFO SecurityManager: Changing modify acls to: ubuntu
[2025-03-14T08:20:33.844+0000] {ssh.py:531} WARNING - 25/03/14 08:20:33 INFO SecurityManager: Changing view acls groups to: 
[2025-03-14T08:20:33.845+0000] {ssh.py:531} WARNING - 25/03/14 08:20:33 INFO SecurityManager: Changing modify acls groups to: 
[2025-03-14T08:20:33.845+0000] {ssh.py:531} WARNING - 25/03/14 08:20:33 INFO SecurityManager: SecurityManager: authentication disabled; ui acls disabled; users with view permissions: ubuntu; groups with view permissions: EMPTY; users with modify permissions: ubuntu; groups with modify permissions: EMPTY
[2025-03-14T08:20:34.243+0000] {ssh.py:531} WARNING - 25/03/14 08:20:34 INFO Utils: Successfully started service 'sparkDriver' on port 42511.
[2025-03-14T08:20:34.299+0000] {ssh.py:531} WARNING - 25/03/14 08:20:34 INFO SparkEnv: Registering MapOutputTracker
[2025-03-14T08:20:34.354+0000] {ssh.py:531} WARNING - 25/03/14 08:20:34 INFO SparkEnv: Registering BlockManagerMaster
[2025-03-14T08:20:34.382+0000] {ssh.py:531} WARNING - 25/03/14 08:20:34 INFO BlockManagerMasterEndpoint: Using org.apache.spark.storage.DefaultTopologyMapper for getting topology information
[2025-03-14T08:20:34.383+0000] {ssh.py:531} WARNING - 25/03/14 08:20:34 INFO BlockManagerMasterEndpoint: BlockManagerMasterEndpoint up
[2025-03-14T08:20:34.387+0000] {ssh.py:531} WARNING - 25/03/14 08:20:34 INFO SparkEnv: Registering BlockManagerMasterHeartbeat
[2025-03-14T08:20:34.440+0000] {ssh.py:531} WARNING - 25/03/14 08:20:34 INFO DiskBlockManager: Created local directory at /tmp/blockmgr-398f64e4-a42a-48ad-b763-8b82fd17087b
[2025-03-14T08:20:34.463+0000] {ssh.py:531} WARNING - 25/03/14 08:20:34 INFO MemoryStore: MemoryStore started with capacity 434.4 MiB
[2025-03-14T08:20:34.494+0000] {ssh.py:531} WARNING - 25/03/14 08:20:34 INFO SparkEnv: Registering OutputCommitCoordinator
[2025-03-14T08:20:34.743+0000] {ssh.py:531} WARNING - 25/03/14 08:20:34 INFO JettyUtils: Start Jetty 0.0.0.0:4040 for SparkUI
[2025-03-14T08:20:34.815+0000] {ssh.py:531} WARNING - 25/03/14 08:20:34 INFO Utils: Successfully started service 'SparkUI' on port 4040.
[2025-03-14T08:20:35.008+0000] {ssh.py:531} WARNING - 25/03/14 08:20:35 INFO Executor: Starting executor ID driver on host ip-172-31-12-182.ap-northeast-2.compute.internal
[2025-03-14T08:20:35.008+0000] {ssh.py:531} WARNING - 25/03/14 08:20:35 INFO Executor: OS info Linux, 6.8.0-1024-aws, amd64
[2025-03-14T08:20:35.008+0000] {ssh.py:531} WARNING - 25/03/14 08:20:35 INFO Executor: Java version 11.0.26
[2025-03-14T08:20:35.019+0000] {ssh.py:531} WARNING - 25/03/14 08:20:35 INFO Executor: Starting executor with user classpath (userClassPathFirst = false): ''
[2025-03-14T08:20:35.020+0000] {ssh.py:531} WARNING - 25/03/14 08:20:35 INFO Executor: Created or updated repl class loader org.apache.spark.util.MutableURLClassLoader@7e78927 for default.
[2025-03-14T08:20:35.057+0000] {ssh.py:531} WARNING - 25/03/14 08:20:35 INFO Utils: Successfully started service 'org.apache.spark.network.netty.NettyBlockTransferService' on port 45231.
[2025-03-14T08:20:35.057+0000] {ssh.py:531} WARNING - 25/03/14 08:20:35 INFO NettyBlockTransferService: Server created on 0.0.0.0:45231
[2025-03-14T08:20:35.058+0000] {ssh.py:531} WARNING - 25/03/14 08:20:35 INFO BlockManager: Using org.apache.spark.storage.RandomBlockReplicationPolicy for block replication policy
[2025-03-14T08:20:35.067+0000] {ssh.py:531} WARNING - 25/03/14 08:20:35 INFO BlockManagerMaster: Registering BlockManager BlockManagerId(driver, 0.0.0.0, 45231, None)
[2025-03-14T08:20:35.074+0000] {ssh.py:531} WARNING - 25/03/14 08:20:35 INFO BlockManagerMasterEndpoint: Registering block manager 0.0.0.0:45231 with 434.4 MiB RAM, BlockManagerId(driver, 0.0.0.0, 45231, None)
[2025-03-14T08:20:35.077+0000] {ssh.py:531} WARNING - 25/03/14 08:20:35 INFO BlockManagerMaster: Registered BlockManager BlockManagerId(driver, 0.0.0.0, 45231, None)
[2025-03-14T08:20:35.080+0000] {ssh.py:531} WARNING - 25/03/14 08:20:35 INFO BlockManager: Initialized BlockManager: BlockManagerId(driver, 0.0.0.0, 45231, None)
[2025-03-14T08:20:35.998+0000] {ssh.py:531} WARNING - 25/03/14 08:20:35 INFO SharedState: Setting hive.metastore.warehouse.dir ('null') to the value of spark.sql.warehouse.dir.
[2025-03-14T08:20:36.014+0000] {ssh.py:531} WARNING - 25/03/14 08:20:36 INFO SharedState: Warehouse path is 'file:/home/ubuntu/spark-warehouse'.
[2025-03-14T08:20:37.736+0000] {ssh.py:531} WARNING - 25/03/14 08:20:37 WARN MetricsConfig: Cannot locate configuration: tried hadoop-metrics2-s3a-file-system.properties,hadoop-metrics2.properties
[2025-03-14T08:20:37.764+0000] {ssh.py:531} WARNING - 25/03/14 08:20:37 INFO MetricsSystemImpl: Scheduled Metric snapshot period at 10 second(s).
[2025-03-14T08:20:37.765+0000] {ssh.py:531} WARNING - 25/03/14 08:20:37 INFO MetricsSystemImpl: s3a-file-system metrics system started
[2025-03-14T08:20:39.911+0000] {ssh.py:531} WARNING - 25/03/14 08:20:39 INFO InMemoryFileIndex: It took 117 ms to list leaf files for 1 paths.
[2025-03-14T08:20:40.082+0000] {ssh.py:531} WARNING - 25/03/14 08:20:40 INFO InMemoryFileIndex: It took 46 ms to list leaf files for 1 paths.
[2025-03-14T08:20:44.009+0000] {ssh.py:531} WARNING - 25/03/14 08:20:44 INFO FileSourceStrategy: Pushed Filters: 
[2025-03-14T08:20:44.013+0000] {ssh.py:531} WARNING - 25/03/14 08:20:44 INFO FileSourceStrategy: Post-Scan Filters: (length(trim(value#0, None)) > 0)
[2025-03-14T08:20:45.063+0000] {ssh.py:531} WARNING - 25/03/14 08:20:45 INFO CodeGenerator: Code generated in 385.808421 ms
[2025-03-14T08:20:45.159+0000] {ssh.py:531} WARNING - 25/03/14 08:20:45 INFO MemoryStore: Block broadcast_0 stored as values in memory (estimated size 201.2 KiB, free 434.2 MiB)
[2025-03-14T08:20:45.285+0000] {ssh.py:531} WARNING - 25/03/14 08:20:45 INFO MemoryStore: Block broadcast_0_piece0 stored as bytes in memory (estimated size 34.8 KiB, free 434.2 MiB)
[2025-03-14T08:20:45.290+0000] {ssh.py:531} WARNING - 25/03/14 08:20:45 INFO BlockManagerInfo: Added broadcast_0_piece0 in memory on 0.0.0.0:45231 (size: 34.8 KiB, free: 434.4 MiB)
[2025-03-14T08:20:45.299+0000] {ssh.py:531} WARNING - 25/03/14 08:20:45 INFO SparkContext: Created broadcast 0 from csv at NativeMethodAccessorImpl.java:0
[2025-03-14T08:20:45.344+0000] {ssh.py:531} WARNING - 25/03/14 08:20:45 INFO FileSourceScanExec: Planning scan with bin packing, max size: 4194304 bytes, open cost is considered as scanning 4194304 bytes.
[2025-03-14T08:20:45.601+0000] {ssh.py:531} WARNING - 25/03/14 08:20:45 INFO SparkContext: Starting job: csv at NativeMethodAccessorImpl.java:0
[2025-03-14T08:20:45.634+0000] {ssh.py:531} WARNING - 25/03/14 08:20:45 INFO DAGScheduler: Got job 0 (csv at NativeMethodAccessorImpl.java:0) with 1 output partitions
[2025-03-14T08:20:45.635+0000] {ssh.py:531} WARNING - 25/03/14 08:20:45 INFO DAGScheduler: Final stage: ResultStage 0 (csv at NativeMethodAccessorImpl.java:0)
[2025-03-14T08:20:45.635+0000] {ssh.py:531} WARNING - 25/03/14 08:20:45 INFO DAGScheduler: Parents of final stage: List()
[2025-03-14T08:20:45.637+0000] {ssh.py:531} WARNING - 25/03/14 08:20:45 INFO DAGScheduler: Missing parents: List()
[2025-03-14T08:20:45.649+0000] {ssh.py:531} WARNING - 25/03/14 08:20:45 INFO DAGScheduler: Submitting ResultStage 0 (MapPartitionsRDD[3] at csv at NativeMethodAccessorImpl.java:0), which has no missing parents
[2025-03-14T08:20:45.844+0000] {ssh.py:531} WARNING - 25/03/14 08:20:45 INFO MemoryStore: Block broadcast_1 stored as values in memory (estimated size 13.5 KiB, free 434.2 MiB)
[2025-03-14T08:20:45.848+0000] {ssh.py:531} WARNING - 25/03/14 08:20:45 INFO MemoryStore: Block broadcast_1_piece0 stored as bytes in memory (estimated size 6.4 KiB, free 434.2 MiB)
[2025-03-14T08:20:45.849+0000] {ssh.py:531} WARNING - 25/03/14 08:20:45 INFO BlockManagerInfo: Added broadcast_1_piece0 in memory on 0.0.0.0:45231 (size: 6.4 KiB, free: 434.4 MiB)
[2025-03-14T08:20:45.851+0000] {ssh.py:531} WARNING - 25/03/14 08:20:45 INFO SparkContext: Created broadcast 1 from broadcast at DAGScheduler.scala:1585
[2025-03-14T08:20:45.881+0000] {ssh.py:531} WARNING - 25/03/14 08:20:45 INFO DAGScheduler: Submitting 1 missing tasks from ResultStage 0 (MapPartitionsRDD[3] at csv at NativeMethodAccessorImpl.java:0) (first 15 tasks are for partitions Vector(0))
[2025-03-14T08:20:45.883+0000] {ssh.py:531} WARNING - 25/03/14 08:20:45 INFO TaskSchedulerImpl: Adding task set 0.0 with 1 tasks resource profile 0
[2025-03-14T08:20:45.982+0000] {ssh.py:531} WARNING - 25/03/14 08:20:45 INFO TaskSetManager: Starting task 0.0 in stage 0.0 (TID 0) (ip-172-31-12-182.ap-northeast-2.compute.internal, executor driver, partition 0, PROCESS_LOCAL, 9640 bytes) 
[2025-03-14T08:20:46.012+0000] {ssh.py:531} WARNING - 25/03/14 08:20:46 INFO Executor: Running task 0.0 in stage 0.0 (TID 0)
[2025-03-14T08:20:46.306+0000] {ssh.py:531} WARNING - 25/03/14 08:20:46 INFO CodeGenerator: Code generated in 24.473514 ms
[2025-03-14T08:20:46.310+0000] {ssh.py:531} WARNING - 25/03/14 08:20:46 INFO FileScanRDD: Reading File path: s3a://de5-finalproj-team2/crawl/2025-03-14/crawl_result_processed_20250314.csv, range: 0-1154758, partition values: [empty row]
[2025-03-14T08:20:46.347+0000] {ssh.py:531} WARNING - 25/03/14 08:20:46 INFO CodeGenerator: Code generated in 29.945642 ms
[2025-03-14T08:20:46.465+0000] {ssh.py:531} WARNING - 25/03/14 08:20:46 INFO LineRecordReader: Found UTF-8 BOM and skipped it
[2025-03-14T08:20:46.523+0000] {ssh.py:531} WARNING - 25/03/14 08:20:46 INFO Executor: Finished task 0.0 in stage 0.0 (TID 0). 1713 bytes result sent to driver
[2025-03-14T08:20:46.544+0000] {ssh.py:531} WARNING - 25/03/14 08:20:46 INFO TaskSetManager: Finished task 0.0 in stage 0.0 (TID 0) in 587 ms on ip-172-31-12-182.ap-northeast-2.compute.internal (executor driver) (1/1)
[2025-03-14T08:20:46.549+0000] {ssh.py:531} WARNING - 25/03/14 08:20:46 INFO TaskSchedulerImpl: Removed TaskSet 0.0, whose tasks have all completed, from pool 
[2025-03-14T08:20:46.556+0000] {ssh.py:531} WARNING - 25/03/14 08:20:46 INFO DAGScheduler: ResultStage 0 (csv at NativeMethodAccessorImpl.java:0) finished in 0.863 s
[2025-03-14T08:20:46.561+0000] {ssh.py:531} WARNING - 25/03/14 08:20:46 INFO DAGScheduler: Job 0 is finished. Cancelling potential speculative or zombie tasks for this job
[2025-03-14T08:20:46.562+0000] {ssh.py:531} WARNING - 25/03/14 08:20:46 INFO TaskSchedulerImpl: Killing all running tasks in stage 0: Stage finished
[2025-03-14T08:20:46.565+0000] {ssh.py:531} WARNING - 25/03/14 08:20:46 INFO DAGScheduler: Job 0 finished: csv at NativeMethodAccessorImpl.java:0, took 0.963377 s
[2025-03-14T08:20:46.606+0000] {ssh.py:531} WARNING - 25/03/14 08:20:46 INFO CodeGenerator: Code generated in 23.816503 ms
[2025-03-14T08:20:46.701+0000] {ssh.py:531} WARNING - 25/03/14 08:20:46 INFO FileSourceStrategy: Pushed Filters: 
[2025-03-14T08:20:46.702+0000] {ssh.py:531} WARNING - 25/03/14 08:20:46 INFO FileSourceStrategy: Post-Scan Filters: 
[2025-03-14T08:20:46.714+0000] {ssh.py:531} WARNING - 25/03/14 08:20:46 INFO MemoryStore: Block broadcast_2 stored as values in memory (estimated size 201.2 KiB, free 434.0 MiB)
[2025-03-14T08:20:46.783+0000] {ssh.py:531} WARNING - 25/03/14 08:20:46 INFO MemoryStore: Block broadcast_2_piece0 stored as bytes in memory (estimated size 34.8 KiB, free 433.9 MiB)
[2025-03-14T08:20:46.800+0000] {ssh.py:531} WARNING - 25/03/14 08:20:46 INFO BlockManagerInfo: Added broadcast_2_piece0 in memory on 0.0.0.0:45231 (size: 34.8 KiB, free: 434.3 MiB)
[2025-03-14T08:20:46.801+0000] {ssh.py:531} WARNING - 25/03/14 08:20:46 INFO SparkContext: Created broadcast 2 from csv at NativeMethodAccessorImpl.java:0
[2025-03-14T08:20:46.803+0000] {ssh.py:531} WARNING - 25/03/14 08:20:46 INFO FileSourceScanExec: Planning scan with bin packing, max size: 4194304 bytes, open cost is considered as scanning 4194304 bytes.
[2025-03-14T08:20:46.843+0000] {ssh.py:531} WARNING - 25/03/14 08:20:46 INFO BlockManagerInfo: Removed broadcast_1_piece0 on 0.0.0.0:45231 in memory (size: 6.4 KiB, free: 434.3 MiB)
[2025-03-14T08:20:47.473+0000] {ssh.py:531} WARNING - 25/03/14 08:20:47 INFO FileSourceStrategy: Pushed Filters: 
[2025-03-14T08:20:47.474+0000] {ssh.py:531} WARNING - 25/03/14 08:20:47 INFO FileSourceStrategy: Post-Scan Filters: 
[2025-03-14T08:20:48.056+0000] {ssh.py:531} WARNING - 25/03/14 08:20:48 INFO ParquetUtils: Using default output committer for Parquet: org.apache.parquet.hadoop.ParquetOutputCommitter
[2025-03-14T08:20:48.073+0000] {ssh.py:531} WARNING - 25/03/14 08:20:48 INFO FileOutputCommitter: File Output Committer Algorithm version is 1
[2025-03-14T08:20:48.074+0000] {ssh.py:531} WARNING - 25/03/14 08:20:48 INFO FileOutputCommitter: FileOutputCommitter skip cleanup _temporary folders under output directory:false, ignore cleanup failures: false
[2025-03-14T08:20:48.075+0000] {ssh.py:531} WARNING - 25/03/14 08:20:48 INFO SQLHadoopMapReduceCommitProtocol: Using user defined output committer class org.apache.parquet.hadoop.ParquetOutputCommitter
[2025-03-14T08:20:48.076+0000] {ssh.py:531} WARNING - 25/03/14 08:20:48 INFO FileOutputCommitter: File Output Committer Algorithm version is 1
[2025-03-14T08:20:48.076+0000] {ssh.py:531} WARNING - 25/03/14 08:20:48 INFO FileOutputCommitter: FileOutputCommitter skip cleanup _temporary folders under output directory:false, ignore cleanup failures: false
[2025-03-14T08:20:48.079+0000] {ssh.py:531} WARNING - 25/03/14 08:20:48 INFO SQLHadoopMapReduceCommitProtocol: Using output committer class org.apache.parquet.hadoop.ParquetOutputCommitter
[2025-03-14T08:20:48.416+0000] {ssh.py:531} WARNING - 25/03/14 08:20:48 INFO CodeGenerator: Code generated in 65.435301 ms
[2025-03-14T08:20:48.423+0000] {ssh.py:531} WARNING - 25/03/14 08:20:48 INFO MemoryStore: Block broadcast_3 stored as values in memory (estimated size 201.1 KiB, free 433.7 MiB)
[2025-03-14T08:20:48.440+0000] {ssh.py:531} WARNING - 25/03/14 08:20:48 INFO MemoryStore: Block broadcast_3_piece0 stored as bytes in memory (estimated size 34.8 KiB, free 433.7 MiB)
[2025-03-14T08:20:48.441+0000] {ssh.py:531} WARNING - 25/03/14 08:20:48 INFO BlockManagerInfo: Added broadcast_3_piece0 in memory on 0.0.0.0:45231 (size: 34.8 KiB, free: 434.3 MiB)
[2025-03-14T08:20:48.443+0000] {ssh.py:531} WARNING - 25/03/14 08:20:48 INFO SparkContext: Created broadcast 3 from parquet at NativeMethodAccessorImpl.java:0
[2025-03-14T08:20:48.451+0000] {ssh.py:531} WARNING - 25/03/14 08:20:48 INFO FileSourceScanExec: Planning scan with bin packing, max size: 4194304 bytes, open cost is considered as scanning 4194304 bytes.
[2025-03-14T08:20:48.471+0000] {ssh.py:531} WARNING - 25/03/14 08:20:48 INFO SparkContext: Starting job: parquet at NativeMethodAccessorImpl.java:0
[2025-03-14T08:20:48.473+0000] {ssh.py:531} WARNING - 25/03/14 08:20:48 INFO DAGScheduler: Got job 1 (parquet at NativeMethodAccessorImpl.java:0) with 1 output partitions
[2025-03-14T08:20:48.474+0000] {ssh.py:531} WARNING - 25/03/14 08:20:48 INFO DAGScheduler: Final stage: ResultStage 1 (parquet at NativeMethodAccessorImpl.java:0)
[2025-03-14T08:20:48.475+0000] {ssh.py:531} WARNING - 25/03/14 08:20:48 INFO DAGScheduler: Parents of final stage: List()
[2025-03-14T08:20:48.475+0000] {ssh.py:531} WARNING - 25/03/14 08:20:48 INFO DAGScheduler: Missing parents: List()
[2025-03-14T08:20:48.477+0000] {ssh.py:531} WARNING - 25/03/14 08:20:48 INFO DAGScheduler: Submitting ResultStage 1 (MapPartitionsRDD[13] at parquet at NativeMethodAccessorImpl.java:0), which has no missing parents
[2025-03-14T08:20:48.531+0000] {ssh.py:531} WARNING - 25/03/14 08:20:48 INFO MemoryStore: Block broadcast_4 stored as values in memory (estimated size 222.3 KiB, free 433.5 MiB)
[2025-03-14T08:20:48.565+0000] {ssh.py:531} WARNING - 25/03/14 08:20:48 INFO MemoryStore: Block broadcast_4_piece0 stored as bytes in memory (estimated size 80.4 KiB, free 433.4 MiB)
[2025-03-14T08:20:48.573+0000] {ssh.py:531} WARNING - 25/03/14 08:20:48 INFO BlockManagerInfo: Added broadcast_4_piece0 in memory on 0.0.0.0:45231 (size: 80.4 KiB, free: 434.2 MiB)
[2025-03-14T08:20:48.577+0000] {ssh.py:531} WARNING - 25/03/14 08:20:48 INFO BlockManagerInfo: Removed broadcast_0_piece0 on 0.0.0.0:45231 in memory (size: 34.8 KiB, free: 434.3 MiB)
[2025-03-14T08:20:48.578+0000] {ssh.py:531} WARNING - 25/03/14 08:20:48 INFO SparkContext: Created broadcast 4 from broadcast at DAGScheduler.scala:1585
[2025-03-14T08:20:48.584+0000] {ssh.py:531} WARNING - 25/03/14 08:20:48 INFO DAGScheduler: Submitting 1 missing tasks from ResultStage 1 (MapPartitionsRDD[13] at parquet at NativeMethodAccessorImpl.java:0) (first 15 tasks are for partitions Vector(0))
[2025-03-14T08:20:48.584+0000] {ssh.py:531} WARNING - 25/03/14 08:20:48 INFO TaskSchedulerImpl: Adding task set 1.0 with 1 tasks resource profile 0
[2025-03-14T08:20:48.589+0000] {ssh.py:531} WARNING - 25/03/14 08:20:48 INFO TaskSetManager: Starting task 0.0 in stage 1.0 (TID 1) (ip-172-31-12-182.ap-northeast-2.compute.internal, executor driver, partition 0, PROCESS_LOCAL, 9640 bytes) 
[2025-03-14T08:20:48.592+0000] {ssh.py:531} WARNING - 25/03/14 08:20:48 INFO Executor: Running task 0.0 in stage 1.0 (TID 1)
[2025-03-14T08:20:48.896+0000] {ssh.py:531} WARNING - 25/03/14 08:20:48 INFO CodeGenerator: Code generated in 150.298473 ms
[2025-03-14T08:20:48.906+0000] {ssh.py:531} WARNING - 25/03/14 08:20:48 INFO FileOutputCommitter: File Output Committer Algorithm version is 1
[2025-03-14T08:20:48.906+0000] {ssh.py:531} WARNING - 25/03/14 08:20:48 INFO FileOutputCommitter: FileOutputCommitter skip cleanup _temporary folders under output directory:false, ignore cleanup failures: false
[2025-03-14T08:20:48.909+0000] {ssh.py:531} WARNING - 25/03/14 08:20:48 INFO SQLHadoopMapReduceCommitProtocol: Using user defined output committer class org.apache.parquet.hadoop.ParquetOutputCommitter
[2025-03-14T08:20:48.910+0000] {ssh.py:531} WARNING - 25/03/14 08:20:48 INFO FileOutputCommitter: File Output Committer Algorithm version is 1
[2025-03-14T08:20:48.910+0000] {ssh.py:531} WARNING - 25/03/14 08:20:48 INFO FileOutputCommitter: FileOutputCommitter skip cleanup _temporary folders under output directory:false, ignore cleanup failures: false
[2025-03-14T08:20:48.910+0000] {ssh.py:531} WARNING - 25/03/14 08:20:48 INFO SQLHadoopMapReduceCommitProtocol: Using output committer class org.apache.parquet.hadoop.ParquetOutputCommitter
[2025-03-14T08:20:48.922+0000] {ssh.py:531} WARNING - 25/03/14 08:20:48 INFO CodecConfig: Compression: SNAPPY
[2025-03-14T08:20:48.925+0000] {ssh.py:531} WARNING - 25/03/14 08:20:48 INFO CodecConfig: Compression: SNAPPY
[2025-03-14T08:20:48.958+0000] {ssh.py:531} WARNING - 25/03/14 08:20:48 INFO ParquetOutputFormat: ParquetRecordWriter [block size: 134217728b, row group padding size: 8388608b, validating: false]
[2025-03-14T08:20:49.011+0000] {ssh.py:531} WARNING - 25/03/14 08:20:49 INFO ParquetWriteSupport: Initialized Parquet WriteSupport with Catalyst schema:
[2025-03-14T08:20:49.012+0000] {ssh.py:531} WARNING - {
[2025-03-14T08:20:49.012+0000] {ssh.py:531} WARNING -   "type" : "struct",
[2025-03-14T08:20:49.012+0000] {ssh.py:531} WARNING -   "fields" : [ {
[2025-03-14T08:20:49.012+0000] {ssh.py:531} WARNING -     "name" : "gamer_nickname",
[2025-03-14T08:20:49.012+0000] {ssh.py:531} WARNING -     "type" : "string",
[2025-03-14T08:20:49.013+0000] {ssh.py:531} WARNING -     "nullable" : true,
[2025-03-14T08:20:49.013+0000] {ssh.py:531} WARNING -     "metadata" : { }
[2025-03-14T08:20:49.013+0000] {ssh.py:531} WARNING -   }, {
[2025-03-14T08:20:49.013+0000] {ssh.py:531} WARNING -     "name" : "team_color",
[2025-03-14T08:20:49.013+0000] {ssh.py:531} WARNING -     "type" : "string",
[2025-03-14T08:20:49.013+0000] {ssh.py:531} WARNING -     "nullable" : false,
[2025-03-14T08:20:49.013+0000] {ssh.py:531} WARNING -     "metadata" : { }
[2025-03-14T08:20:49.014+0000] {ssh.py:531} WARNING -   }, {
[2025-03-14T08:20:49.014+0000] {ssh.py:531} WARNING -     "name" : "team_count",
[2025-03-14T08:20:49.014+0000] {ssh.py:531} WARNING -     "type" : "integer",
[2025-03-14T08:20:49.014+0000] {ssh.py:531} WARNING -     "nullable" : true,
[2025-03-14T08:20:49.014+0000] {ssh.py:531} WARNING -     "metadata" : { }
[2025-03-14T08:20:49.014+0000] {ssh.py:531} WARNING -   }, {
[2025-03-14T08:20:49.015+0000] {ssh.py:531} WARNING -     "name" : "created_at",
[2025-03-14T08:20:49.015+0000] {ssh.py:531} WARNING -     "type" : "string",
[2025-03-14T08:20:49.015+0000] {ssh.py:531} WARNING -     "nullable" : false,
[2025-03-14T08:20:49.015+0000] {ssh.py:531} WARNING -     "metadata" : { }
[2025-03-14T08:20:49.015+0000] {ssh.py:531} WARNING -   } ]
[2025-03-14T08:20:49.015+0000] {ssh.py:531} WARNING - }
[2025-03-14T08:20:49.015+0000] {ssh.py:531} WARNING - and corresponding Parquet message type:
[2025-03-14T08:20:49.016+0000] {ssh.py:531} WARNING - message spark_schema {
[2025-03-14T08:20:49.016+0000] {ssh.py:531} WARNING -   optional binary gamer_nickname (STRING);
[2025-03-14T08:20:49.016+0000] {ssh.py:531} WARNING -   required binary team_color (STRING);
[2025-03-14T08:20:49.016+0000] {ssh.py:531} WARNING -   optional int32 team_count;
[2025-03-14T08:20:49.016+0000] {ssh.py:531} WARNING -   required binary created_at (STRING);
[2025-03-14T08:20:49.017+0000] {ssh.py:531} WARNING - }
[2025-03-14T08:20:49.017+0000] {ssh.py:531} WARNING - 
[2025-03-14T08:20:49.017+0000] {ssh.py:531} WARNING -        
[2025-03-14T08:20:49.188+0000] {ssh.py:531} WARNING - 25/03/14 08:20:49 INFO CodecPool: Got brand-new compressor [.snappy]
[2025-03-14T08:20:49.529+0000] {ssh.py:531} WARNING - 25/03/14 08:20:49 INFO FileScanRDD: Reading File path: s3a://de5-finalproj-team2/crawl/2025-03-14/crawl_result_processed_20250314.csv, range: 0-1154758, partition values: [empty row]
[2025-03-14T08:20:49.556+0000] {ssh.py:531} WARNING - 25/03/14 08:20:49 INFO CodeGenerator: Code generated in 22.329546 ms
[2025-03-14T08:20:49.632+0000] {ssh.py:531} WARNING - 25/03/14 08:20:49 INFO LineRecordReader: Found UTF-8 BOM and skipped it
[2025-03-14T08:20:49.989+0000] {ssh.py:531} WARNING - 25/03/14 08:20:49 INFO BlockManagerInfo: Removed broadcast_2_piece0 on 0.0.0.0:45231 in memory (size: 34.8 KiB, free: 434.3 MiB)
[2025-03-14T08:20:51.718+0000] {ssh.py:531} WARNING - 25/03/14 08:20:51 INFO FileOutputCommitter: Saved output of task 'attempt_202503140820488479595515980692804_0001_m_000000_1' to s3a://de5-finalproj-team2/analytics/team_color_info/2025-03-14/_temporary/0/task_202503140820488479595515980692804_0001_m_000000
[2025-03-14T08:20:51.719+0000] {ssh.py:531} WARNING - 25/03/14 08:20:51 INFO SparkHadoopMapRedUtil: attempt_202503140820488479595515980692804_0001_m_000000_1: Committed. Elapsed time: 637 ms.
[2025-03-14T08:20:51.753+0000] {ssh.py:531} WARNING - 25/03/14 08:20:51 INFO Executor: Finished task 0.0 in stage 1.0 (TID 1). 2669 bytes result sent to driver
[2025-03-14T08:20:51.754+0000] {ssh.py:531} WARNING - 25/03/14 08:20:51 INFO TaskSetManager: Finished task 0.0 in stage 1.0 (TID 1) in 3165 ms on ip-172-31-12-182.ap-northeast-2.compute.internal (executor driver) (1/1)
[2025-03-14T08:20:51.755+0000] {ssh.py:531} WARNING - 25/03/14 08:20:51 INFO TaskSchedulerImpl: Removed TaskSet 1.0, whose tasks have all completed, from pool 
[2025-03-14T08:20:51.758+0000] {ssh.py:531} WARNING - 25/03/14 08:20:51 INFO DAGScheduler: ResultStage 1 (parquet at NativeMethodAccessorImpl.java:0) finished in 3.278 s
[2025-03-14T08:20:51.764+0000] {ssh.py:531} WARNING - 25/03/14 08:20:51 INFO DAGScheduler: Job 1 is finished. Cancelling potential speculative or zombie tasks for this job
[2025-03-14T08:20:51.764+0000] {ssh.py:531} WARNING - 25/03/14 08:20:51 INFO TaskSchedulerImpl: Killing all running tasks in stage 1: Stage finished
[2025-03-14T08:20:51.764+0000] {ssh.py:531} WARNING - 25/03/14 08:20:51 INFO DAGScheduler: Job 1 finished: parquet at NativeMethodAccessorImpl.java:0, took 3.289361 s
[2025-03-14T08:20:51.765+0000] {ssh.py:531} WARNING - 25/03/14 08:20:51 INFO FileFormatWriter: Start to commit write Job 7779701f-4a7b-402d-88e1-dc8c7d3a5e70.
[2025-03-14T08:20:52.664+0000] {ssh.py:531} WARNING - 25/03/14 08:20:52 INFO FileFormatWriter: Write Job 7779701f-4a7b-402d-88e1-dc8c7d3a5e70 committed. Elapsed time: 899 ms.
[2025-03-14T08:20:52.670+0000] {ssh.py:531} WARNING - 25/03/14 08:20:52 INFO FileFormatWriter: Finished processing stats for write job 7779701f-4a7b-402d-88e1-dc8c7d3a5e70.
[2025-03-14T08:20:52.677+0000] {ssh.py:526} INFO - Parquet 변환 완료! 저장 경로: s3a://de5-finalproj-team2/analytics/team_color_info/2025-03-14
[2025-03-14T08:20:52.728+0000] {ssh.py:531} WARNING - 25/03/14 08:20:52 INFO SparkContext: Invoking stop() from shutdown hook
[2025-03-14T08:20:52.729+0000] {ssh.py:531} WARNING - 25/03/14 08:20:52 INFO SparkContext: SparkContext is stopping with exitCode 0.
[2025-03-14T08:20:52.742+0000] {ssh.py:531} WARNING - 25/03/14 08:20:52 INFO SparkUI: Stopped Spark web UI at http://0.0.0.0:4040
[2025-03-14T08:20:52.764+0000] {ssh.py:531} WARNING - 25/03/14 08:20:52 INFO MapOutputTrackerMasterEndpoint: MapOutputTrackerMasterEndpoint stopped!
[2025-03-14T08:20:52.778+0000] {ssh.py:531} WARNING - 25/03/14 08:20:52 INFO MemoryStore: MemoryStore cleared
[2025-03-14T08:20:52.779+0000] {ssh.py:531} WARNING - 25/03/14 08:20:52 INFO BlockManager: BlockManager stopped
[2025-03-14T08:20:52.784+0000] {ssh.py:531} WARNING - 25/03/14 08:20:52 INFO BlockManagerMaster: BlockManagerMaster stopped
[2025-03-14T08:20:52.786+0000] {ssh.py:531} WARNING - 25/03/14 08:20:52 INFO OutputCommitCoordinator$OutputCommitCoordinatorEndpoint: OutputCommitCoordinator stopped!
[2025-03-14T08:20:52.792+0000] {ssh.py:531} WARNING - 25/03/14 08:20:52 INFO SparkContext: Successfully stopped SparkContext
[2025-03-14T08:20:52.793+0000] {ssh.py:531} WARNING - 25/03/14 08:20:52 INFO ShutdownHookManager: Shutdown hook called
[2025-03-14T08:20:52.794+0000] {ssh.py:531} WARNING - 25/03/14 08:20:52 INFO ShutdownHookManager: Deleting directory /tmp/spark-98d86b86-22ba-406c-ab6b-b91e66bd5ab1/pyspark-9623e315-bc37-4807-b8e0-1ab1a9ed586d
[2025-03-14T08:20:52.796+0000] {ssh.py:531} WARNING - 25/03/14 08:20:52 INFO ShutdownHookManager: Deleting directory /tmp/spark-8a963160-3dd8-47a0-88dc-c1af93fca0bf
[2025-03-14T08:20:52.799+0000] {ssh.py:531} WARNING - 25/03/14 08:20:52 INFO ShutdownHookManager: Deleting directory /tmp/spark-98d86b86-22ba-406c-ab6b-b91e66bd5ab1
[2025-03-14T08:20:52.811+0000] {ssh.py:531} WARNING - 25/03/14 08:20:52 INFO MetricsSystemImpl: Stopping s3a-file-system metrics system...
[2025-03-14T08:20:52.812+0000] {ssh.py:531} WARNING - 25/03/14 08:20:52 INFO MetricsSystemImpl: s3a-file-system metrics system stopped.
[2025-03-14T08:20:52.812+0000] {ssh.py:531} WARNING - 25/03/14 08:20:52 INFO MetricsSystemImpl: s3a-file-system metrics system shutdown complete.
[2025-03-14T08:20:52.860+0000] {ssh.py:526} INFO - Spark Job Succeeded!
[2025-03-14T08:20:52.882+0000] {taskinstance.py:441} INFO - ::group::Post task execution logs
[2025-03-14T08:20:52.920+0000] {taskinstance.py:1206} INFO - Marking task as SUCCESS. dag_id=team_color_to_parquet_dag, task_id=submit_spark_via_ssh, run_id=manual__2025-03-14T08:20:24.861691+00:00, execution_date=20250314T082024, start_date=20250314T082027, end_date=20250314T082052
[2025-03-14T08:20:52.954+0000] {local_task_job_runner.py:240} INFO - Task exited with return code 0
[2025-03-14T08:20:52.989+0000] {taskinstance.py:3498} INFO - 1 downstream tasks scheduled from follow-on schedule check
[2025-03-14T08:20:52.991+0000] {local_task_job_runner.py:222} INFO - ::endgroup::
