[2025-03-14T08:43:23.308+0000] {local_task_job_runner.py:120} INFO - ::group::Pre task execution logs
[2025-03-14T08:43:23.346+0000] {taskinstance.py:2076} INFO - Dependencies all met for dep_context=non-requeueable deps ti=<TaskInstance: team_color_to_parquet_dag.submit_spark_via_ssh manual__2025-03-14T08:20:24.861691+00:00 [queued]>
[2025-03-14T08:43:23.358+0000] {taskinstance.py:2076} INFO - Dependencies all met for dep_context=requeueable deps ti=<TaskInstance: team_color_to_parquet_dag.submit_spark_via_ssh manual__2025-03-14T08:20:24.861691+00:00 [queued]>
[2025-03-14T08:43:23.358+0000] {taskinstance.py:2306} INFO - Starting attempt 3 of 4
[2025-03-14T08:43:23.372+0000] {taskinstance.py:2330} INFO - Executing <Task(SSHOperator): submit_spark_via_ssh> on 2025-03-14 08:20:24.861691+00:00
[2025-03-14T08:43:23.378+0000] {standard_task_runner.py:63} INFO - Started process 33102 to run task
[2025-03-14T08:43:23.383+0000] {standard_task_runner.py:90} INFO - Running: ['***', 'tasks', 'run', 'team_color_to_parquet_dag', 'submit_spark_via_ssh', 'manual__2025-03-14T08:20:24.861691+00:00', '--job-id', '207', '--raw', '--subdir', 'DAGS_FOLDER/team_color_to_parquet_dag.py', '--cfg-path', '/tmp/tmpdecva57j']
[2025-03-14T08:43:23.385+0000] {standard_task_runner.py:91} INFO - Job 207: Subtask submit_spark_via_ssh
[2025-03-14T08:43:23.451+0000] {task_command.py:426} INFO - Running <TaskInstance: team_color_to_parquet_dag.submit_spark_via_ssh manual__2025-03-14T08:20:24.861691+00:00 [running]> on host a0d797a25898
[2025-03-14T08:43:23.575+0000] {taskinstance.py:2648} INFO - Exporting env vars: AIRFLOW_CTX_DAG_OWNER='***' AIRFLOW_CTX_DAG_ID='team_color_to_parquet_dag' AIRFLOW_CTX_TASK_ID='submit_spark_via_ssh' AIRFLOW_CTX_EXECUTION_DATE='2025-03-14T08:20:24.861691+00:00' AIRFLOW_CTX_TRY_NUMBER='3' AIRFLOW_CTX_DAG_RUN_ID='manual__2025-03-14T08:20:24.861691+00:00'
[2025-03-14T08:43:23.576+0000] {taskinstance.py:430} INFO - ::endgroup::
[2025-03-14T08:43:23.592+0000] {ssh.py:151} INFO - Creating ssh_client
[2025-03-14T08:43:23.593+0000] {ssh.py:124} INFO - ssh_hook is not provided or invalid. Trying ssh_conn_id to create SSHHook.
[2025-03-14T08:43:23.608+0000] {base.py:84} INFO - Using connection ID 'spark_ssh_conn' for task execution.
[2025-03-14T08:43:23.609+0000] {ssh.py:301} WARNING - No Host Key Verification. This won't protect against Man-In-The-Middle attacks
[2025-03-14T08:43:23.614+0000] {transport.py:1909} INFO - Connected (version 2.0, client OpenSSH_9.6p1)
[2025-03-14T08:43:23.684+0000] {transport.py:1909} INFO - Authentication (publickey) successful!
[2025-03-14T08:43:23.685+0000] {ssh.py:480} INFO - Running command: 
    set -e
    echo "Starting Spark Job on 2025-03-14"
    /spark-3.5.3/bin/spark-submit /home/ubuntu/spark_scripts/team_color_to_parquet.py 2025-03-14
    exit_code=$?

    if [ $exit_code -ne 0 ]; then
        echo "Spark Job Failed! Check logs."
        exit 1
    else
        echo "Spark Job Succeeded!"
    fi
    
[2025-03-14T08:43:24.317+0000] {ssh.py:526} INFO - Starting Spark Job on 2025-03-14
[2025-03-14T08:43:29.099+0000] {ssh.py:531} WARNING - 25/03/14 08:43:29 INFO SparkContext: Running Spark version 3.5.3
[2025-03-14T08:43:29.101+0000] {ssh.py:531} WARNING - 25/03/14 08:43:29 INFO SparkContext: OS info Linux, 6.8.0-1024-aws, amd64
[2025-03-14T08:43:29.104+0000] {ssh.py:531} WARNING - 25/03/14 08:43:29 INFO SparkContext: Java version 11.0.26
[2025-03-14T08:43:29.223+0000] {ssh.py:531} WARNING - 25/03/14 08:43:29 WARN NativeCodeLoader: Unable to load native-hadoop library for your platform... using builtin-java classes where applicable
[2025-03-14T08:43:29.414+0000] {ssh.py:531} WARNING - 25/03/14 08:43:29 INFO ResourceUtils: ==============================================================
[2025-03-14T08:43:29.415+0000] {ssh.py:531} WARNING - 25/03/14 08:43:29 INFO ResourceUtils: No custom resources configured for spark.driver.
[2025-03-14T08:43:29.415+0000] {ssh.py:531} WARNING - 25/03/14 08:43:29 INFO ResourceUtils: ==============================================================
[2025-03-14T08:43:29.416+0000] {ssh.py:531} WARNING - 25/03/14 08:43:29 INFO SparkContext: Submitted application: Extract_Team_Color_Info
[2025-03-14T08:43:29.457+0000] {ssh.py:531} WARNING - 25/03/14 08:43:29 INFO ResourceProfile: Default ResourceProfile created, executor resources: Map(cores -> name: cores, amount: 1, script: , vendor: , memory -> name: memory, amount: 1024, script: , vendor: , offHeap -> name: offHeap, amount: 0, script: , vendor: ), task resources: Map(cpus -> name: cpus, amount: 1.0)
[2025-03-14T08:43:29.476+0000] {ssh.py:531} WARNING - 25/03/14 08:43:29 INFO ResourceProfile: Limiting resource is cpu
[2025-03-14T08:43:29.477+0000] {ssh.py:531} WARNING - 25/03/14 08:43:29 INFO ResourceProfileManager: Added ResourceProfile id: 0
[2025-03-14T08:43:29.588+0000] {ssh.py:531} WARNING - 25/03/14 08:43:29 INFO SecurityManager: Changing view acls to: ubuntu
[2025-03-14T08:43:29.589+0000] {ssh.py:531} WARNING - 25/03/14 08:43:29 INFO SecurityManager: Changing modify acls to: ubuntu
[2025-03-14T08:43:29.590+0000] {ssh.py:531} WARNING - 25/03/14 08:43:29 INFO SecurityManager: Changing view acls groups to: 
[2025-03-14T08:43:29.591+0000] {ssh.py:531} WARNING - 25/03/14 08:43:29 INFO SecurityManager: Changing modify acls groups to: 
[2025-03-14T08:43:29.591+0000] {ssh.py:531} WARNING - 25/03/14 08:43:29 INFO SecurityManager: SecurityManager: authentication disabled; ui acls disabled; users with view permissions: ubuntu; groups with view permissions: EMPTY; users with modify permissions: ubuntu; groups with modify permissions: EMPTY
[2025-03-14T08:43:30.083+0000] {ssh.py:531} WARNING - 25/03/14 08:43:30 INFO Utils: Successfully started service 'sparkDriver' on port 42043.
[2025-03-14T08:43:30.141+0000] {ssh.py:531} WARNING - 25/03/14 08:43:30 INFO SparkEnv: Registering MapOutputTracker
[2025-03-14T08:43:30.194+0000] {ssh.py:531} WARNING - 25/03/14 08:43:30 INFO SparkEnv: Registering BlockManagerMaster
[2025-03-14T08:43:30.230+0000] {ssh.py:531} WARNING - 25/03/14 08:43:30 INFO BlockManagerMasterEndpoint: Using org.apache.spark.storage.DefaultTopologyMapper for getting topology information
[2025-03-14T08:43:30.231+0000] {ssh.py:531} WARNING - 25/03/14 08:43:30 INFO BlockManagerMasterEndpoint: BlockManagerMasterEndpoint up
[2025-03-14T08:43:30.237+0000] {ssh.py:531} WARNING - 25/03/14 08:43:30 INFO SparkEnv: Registering BlockManagerMasterHeartbeat
[2025-03-14T08:43:30.288+0000] {ssh.py:531} WARNING - 25/03/14 08:43:30 INFO DiskBlockManager: Created local directory at /tmp/blockmgr-c0503238-06b8-4ad3-8134-b509c4554143
[2025-03-14T08:43:30.343+0000] {ssh.py:531} WARNING - 25/03/14 08:43:30 INFO MemoryStore: MemoryStore started with capacity 434.4 MiB
[2025-03-14T08:43:30.380+0000] {ssh.py:531} WARNING - 25/03/14 08:43:30 INFO SparkEnv: Registering OutputCommitCoordinator
[2025-03-14T08:43:30.609+0000] {ssh.py:531} WARNING - 25/03/14 08:43:30 INFO JettyUtils: Start Jetty 0.0.0.0:4040 for SparkUI
[2025-03-14T08:43:30.689+0000] {ssh.py:531} WARNING - 25/03/14 08:43:30 INFO Utils: Successfully started service 'SparkUI' on port 4040.
[2025-03-14T08:43:30.879+0000] {ssh.py:531} WARNING - 25/03/14 08:43:30 INFO Executor: Starting executor ID driver on host ip-172-31-12-182.ap-northeast-2.compute.internal
[2025-03-14T08:43:30.880+0000] {ssh.py:531} WARNING - 25/03/14 08:43:30 INFO Executor: OS info Linux, 6.8.0-1024-aws, amd64
[2025-03-14T08:43:30.880+0000] {ssh.py:531} WARNING - 25/03/14 08:43:30 INFO Executor: Java version 11.0.26
[2025-03-14T08:43:30.894+0000] {ssh.py:531} WARNING - 25/03/14 08:43:30 INFO Executor: Starting executor with user classpath (userClassPathFirst = false): ''
[2025-03-14T08:43:30.894+0000] {ssh.py:531} WARNING - 25/03/14 08:43:30 INFO Executor: Created or updated repl class loader org.apache.spark.util.MutableURLClassLoader@5f88b040 for default.
[2025-03-14T08:43:30.937+0000] {ssh.py:531} WARNING - 25/03/14 08:43:30 INFO Utils: Successfully started service 'org.apache.spark.network.netty.NettyBlockTransferService' on port 42539.
[2025-03-14T08:43:30.938+0000] {ssh.py:531} WARNING - 25/03/14 08:43:30 INFO NettyBlockTransferService: Server created on 0.0.0.0:42539
[2025-03-14T08:43:30.941+0000] {ssh.py:531} WARNING - 25/03/14 08:43:30 INFO BlockManager: Using org.apache.spark.storage.RandomBlockReplicationPolicy for block replication policy
[2025-03-14T08:43:30.950+0000] {ssh.py:531} WARNING - 25/03/14 08:43:30 INFO BlockManagerMaster: Registering BlockManager BlockManagerId(driver, 0.0.0.0, 42539, None)
[2025-03-14T08:43:30.961+0000] {ssh.py:531} WARNING - 25/03/14 08:43:30 INFO BlockManagerMasterEndpoint: Registering block manager 0.0.0.0:42539 with 434.4 MiB RAM, BlockManagerId(driver, 0.0.0.0, 42539, None)
[2025-03-14T08:43:30.965+0000] {ssh.py:531} WARNING - 25/03/14 08:43:30 INFO BlockManagerMaster: Registered BlockManager BlockManagerId(driver, 0.0.0.0, 42539, None)
[2025-03-14T08:43:30.967+0000] {ssh.py:531} WARNING - 25/03/14 08:43:30 INFO BlockManager: Initialized BlockManager: BlockManagerId(driver, 0.0.0.0, 42539, None)
[2025-03-14T08:43:31.955+0000] {ssh.py:531} WARNING - 25/03/14 08:43:31 INFO SharedState: Setting hive.metastore.warehouse.dir ('null') to the value of spark.sql.warehouse.dir.
[2025-03-14T08:43:31.971+0000] {ssh.py:531} WARNING - 25/03/14 08:43:31 INFO SharedState: Warehouse path is 'file:/home/ubuntu/spark-warehouse'.
[2025-03-14T08:43:33.619+0000] {ssh.py:531} WARNING - 25/03/14 08:43:33 WARN MetricsConfig: Cannot locate configuration: tried hadoop-metrics2-s3a-file-system.properties,hadoop-metrics2.properties
[2025-03-14T08:43:33.649+0000] {ssh.py:531} WARNING - 25/03/14 08:43:33 INFO MetricsSystemImpl: Scheduled Metric snapshot period at 10 second(s).
[2025-03-14T08:43:33.649+0000] {ssh.py:531} WARNING - 25/03/14 08:43:33 INFO MetricsSystemImpl: s3a-file-system metrics system started
[2025-03-14T08:43:35.796+0000] {ssh.py:531} WARNING - 25/03/14 08:43:35 INFO InMemoryFileIndex: It took 152 ms to list leaf files for 1 paths.
[2025-03-14T08:43:35.989+0000] {ssh.py:531} WARNING - 25/03/14 08:43:35 INFO InMemoryFileIndex: It took 37 ms to list leaf files for 1 paths.
[2025-03-14T08:43:40.047+0000] {ssh.py:531} WARNING - 25/03/14 08:43:40 INFO FileSourceStrategy: Pushed Filters: 
[2025-03-14T08:43:40.052+0000] {ssh.py:531} WARNING - 25/03/14 08:43:40 INFO FileSourceStrategy: Post-Scan Filters: (length(trim(value#0, None)) > 0)
[2025-03-14T08:43:41.043+0000] {ssh.py:531} WARNING - 25/03/14 08:43:41 INFO CodeGenerator: Code generated in 347.964348 ms
[2025-03-14T08:43:41.133+0000] {ssh.py:531} WARNING - 25/03/14 08:43:41 INFO MemoryStore: Block broadcast_0 stored as values in memory (estimated size 200.6 KiB, free 434.2 MiB)
[2025-03-14T08:43:41.239+0000] {ssh.py:531} WARNING - 25/03/14 08:43:41 INFO MemoryStore: Block broadcast_0_piece0 stored as bytes in memory (estimated size 34.7 KiB, free 434.2 MiB)
[2025-03-14T08:43:41.244+0000] {ssh.py:531} WARNING - 25/03/14 08:43:41 INFO BlockManagerInfo: Added broadcast_0_piece0 in memory on 0.0.0.0:42539 (size: 34.7 KiB, free: 434.4 MiB)
[2025-03-14T08:43:41.255+0000] {ssh.py:531} WARNING - 25/03/14 08:43:41 INFO SparkContext: Created broadcast 0 from csv at NativeMethodAccessorImpl.java:0
[2025-03-14T08:43:41.276+0000] {ssh.py:531} WARNING - 25/03/14 08:43:41 INFO FileSourceScanExec: Planning scan with bin packing, max size: 4194304 bytes, open cost is considered as scanning 4194304 bytes.
[2025-03-14T08:43:41.539+0000] {ssh.py:531} WARNING - 25/03/14 08:43:41 INFO SparkContext: Starting job: csv at NativeMethodAccessorImpl.java:0
[2025-03-14T08:43:41.588+0000] {ssh.py:531} WARNING - 25/03/14 08:43:41 INFO DAGScheduler: Got job 0 (csv at NativeMethodAccessorImpl.java:0) with 1 output partitions
[2025-03-14T08:43:41.595+0000] {ssh.py:531} WARNING - 25/03/14 08:43:41 INFO DAGScheduler: Final stage: ResultStage 0 (csv at NativeMethodAccessorImpl.java:0)
[2025-03-14T08:43:41.595+0000] {ssh.py:531} WARNING - 25/03/14 08:43:41 INFO DAGScheduler: Parents of final stage: List()
[2025-03-14T08:43:41.605+0000] {ssh.py:531} WARNING - 25/03/14 08:43:41 INFO DAGScheduler: Missing parents: List()
[2025-03-14T08:43:41.617+0000] {ssh.py:531} WARNING - 25/03/14 08:43:41 INFO DAGScheduler: Submitting ResultStage 0 (MapPartitionsRDD[3] at csv at NativeMethodAccessorImpl.java:0), which has no missing parents
[2025-03-14T08:43:41.756+0000] {ssh.py:531} WARNING - 25/03/14 08:43:41 INFO MemoryStore: Block broadcast_1 stored as values in memory (estimated size 13.5 KiB, free 434.2 MiB)
[2025-03-14T08:43:41.760+0000] {ssh.py:531} WARNING - 25/03/14 08:43:41 INFO MemoryStore: Block broadcast_1_piece0 stored as bytes in memory (estimated size 6.4 KiB, free 434.2 MiB)
[2025-03-14T08:43:41.761+0000] {ssh.py:531} WARNING - 25/03/14 08:43:41 INFO BlockManagerInfo: Added broadcast_1_piece0 in memory on 0.0.0.0:42539 (size: 6.4 KiB, free: 434.4 MiB)
[2025-03-14T08:43:41.763+0000] {ssh.py:531} WARNING - 25/03/14 08:43:41 INFO SparkContext: Created broadcast 1 from broadcast at DAGScheduler.scala:1585
[2025-03-14T08:43:41.788+0000] {ssh.py:531} WARNING - 25/03/14 08:43:41 INFO DAGScheduler: Submitting 1 missing tasks from ResultStage 0 (MapPartitionsRDD[3] at csv at NativeMethodAccessorImpl.java:0) (first 15 tasks are for partitions Vector(0))
[2025-03-14T08:43:41.790+0000] {ssh.py:531} WARNING - 25/03/14 08:43:41 INFO TaskSchedulerImpl: Adding task set 0.0 with 1 tasks resource profile 0
[2025-03-14T08:43:41.889+0000] {ssh.py:531} WARNING - 25/03/14 08:43:41 INFO TaskSetManager: Starting task 0.0 in stage 0.0 (TID 0) (ip-172-31-12-182.ap-northeast-2.compute.internal, executor driver, partition 0, PROCESS_LOCAL, 9640 bytes) 
[2025-03-14T08:43:41.930+0000] {ssh.py:531} WARNING - 25/03/14 08:43:41 INFO Executor: Running task 0.0 in stage 0.0 (TID 0)
[2025-03-14T08:43:42.225+0000] {ssh.py:531} WARNING - 25/03/14 08:43:42 INFO CodeGenerator: Code generated in 41.536326 ms
[2025-03-14T08:43:42.232+0000] {ssh.py:531} WARNING - 25/03/14 08:43:42 INFO FileScanRDD: Reading File path: s3a://de5-finalproj-team2/crawl/2025-03-14/crawl_result_processed_20250314.csv, range: 0-1154758, partition values: [empty row]
[2025-03-14T08:43:42.281+0000] {ssh.py:531} WARNING - 25/03/14 08:43:42 INFO CodeGenerator: Code generated in 39.180155 ms
[2025-03-14T08:43:42.462+0000] {ssh.py:531} WARNING - 25/03/14 08:43:42 INFO LineRecordReader: Found UTF-8 BOM and skipped it
[2025-03-14T08:43:42.561+0000] {ssh.py:531} WARNING - 25/03/14 08:43:42 INFO Executor: Finished task 0.0 in stage 0.0 (TID 0). 1756 bytes result sent to driver
[2025-03-14T08:43:42.605+0000] {ssh.py:531} WARNING - 25/03/14 08:43:42 INFO TaskSetManager: Finished task 0.0 in stage 0.0 (TID 0) in 742 ms on ip-172-31-12-182.ap-northeast-2.compute.internal (executor driver) (1/1)
[2025-03-14T08:43:42.608+0000] {ssh.py:531} WARNING - 25/03/14 08:43:42 INFO TaskSchedulerImpl: Removed TaskSet 0.0, whose tasks have all completed, from pool 
[2025-03-14T08:43:42.618+0000] {ssh.py:531} WARNING - 25/03/14 08:43:42 INFO DAGScheduler: ResultStage 0 (csv at NativeMethodAccessorImpl.java:0) finished in 0.982 s
[2025-03-14T08:43:42.626+0000] {ssh.py:531} WARNING - 25/03/14 08:43:42 INFO DAGScheduler: Job 0 is finished. Cancelling potential speculative or zombie tasks for this job
[2025-03-14T08:43:42.627+0000] {ssh.py:531} WARNING - 25/03/14 08:43:42 INFO TaskSchedulerImpl: Killing all running tasks in stage 0: Stage finished
[2025-03-14T08:43:42.636+0000] {ssh.py:531} WARNING - 25/03/14 08:43:42 INFO DAGScheduler: Job 0 finished: csv at NativeMethodAccessorImpl.java:0, took 1.095948 s
[2025-03-14T08:43:42.695+0000] {ssh.py:531} WARNING - 25/03/14 08:43:42 INFO CodeGenerator: Code generated in 21.985119 ms
[2025-03-14T08:43:42.797+0000] {ssh.py:531} WARNING - 25/03/14 08:43:42 INFO FileSourceStrategy: Pushed Filters: 
[2025-03-14T08:43:42.797+0000] {ssh.py:531} WARNING - 25/03/14 08:43:42 INFO FileSourceStrategy: Post-Scan Filters: 
[2025-03-14T08:43:42.812+0000] {ssh.py:531} WARNING - 25/03/14 08:43:42 INFO MemoryStore: Block broadcast_2 stored as values in memory (estimated size 200.6 KiB, free 434.0 MiB)
[2025-03-14T08:43:42.883+0000] {ssh.py:531} WARNING - 25/03/14 08:43:42 INFO MemoryStore: Block broadcast_2_piece0 stored as bytes in memory (estimated size 34.7 KiB, free 433.9 MiB)
[2025-03-14T08:43:42.904+0000] {ssh.py:531} WARNING - 25/03/14 08:43:42 INFO BlockManagerInfo: Added broadcast_2_piece0 in memory on 0.0.0.0:42539 (size: 34.7 KiB, free: 434.3 MiB)
[2025-03-14T08:43:42.909+0000] {ssh.py:531} WARNING - 25/03/14 08:43:42 INFO SparkContext: Created broadcast 2 from csv at NativeMethodAccessorImpl.java:0
[2025-03-14T08:43:42.912+0000] {ssh.py:531} WARNING - 25/03/14 08:43:42 INFO FileSourceScanExec: Planning scan with bin packing, max size: 4194304 bytes, open cost is considered as scanning 4194304 bytes.
[2025-03-14T08:43:42.933+0000] {ssh.py:531} WARNING - 25/03/14 08:43:42 INFO BlockManagerInfo: Removed broadcast_1_piece0 on 0.0.0.0:42539 in memory (size: 6.4 KiB, free: 434.3 MiB)
[2025-03-14T08:43:43.626+0000] {ssh.py:531} WARNING - 25/03/14 08:43:43 INFO FileSourceStrategy: Pushed Filters: 
[2025-03-14T08:43:43.627+0000] {ssh.py:531} WARNING - 25/03/14 08:43:43 INFO FileSourceStrategy: Post-Scan Filters: 
[2025-03-14T08:43:44.171+0000] {ssh.py:531} WARNING - 25/03/14 08:43:44 INFO ParquetUtils: Using default output committer for Parquet: org.apache.parquet.hadoop.ParquetOutputCommitter
[2025-03-14T08:43:44.222+0000] {ssh.py:531} WARNING - 25/03/14 08:43:44 INFO FileOutputCommitter: File Output Committer Algorithm version is 1
[2025-03-14T08:43:44.223+0000] {ssh.py:531} WARNING - 25/03/14 08:43:44 INFO FileOutputCommitter: FileOutputCommitter skip cleanup _temporary folders under output directory:false, ignore cleanup failures: false
[2025-03-14T08:43:44.224+0000] {ssh.py:531} WARNING - 25/03/14 08:43:44 INFO SQLHadoopMapReduceCommitProtocol: Using user defined output committer class org.apache.parquet.hadoop.ParquetOutputCommitter
[2025-03-14T08:43:44.224+0000] {ssh.py:531} WARNING - 25/03/14 08:43:44 INFO FileOutputCommitter: File Output Committer Algorithm version is 1
[2025-03-14T08:43:44.225+0000] {ssh.py:531} WARNING - 25/03/14 08:43:44 INFO FileOutputCommitter: FileOutputCommitter skip cleanup _temporary folders under output directory:false, ignore cleanup failures: false
[2025-03-14T08:43:44.225+0000] {ssh.py:531} WARNING - 25/03/14 08:43:44 INFO SQLHadoopMapReduceCommitProtocol: Using output committer class org.apache.parquet.hadoop.ParquetOutputCommitter
[2025-03-14T08:43:44.643+0000] {ssh.py:531} WARNING - 25/03/14 08:43:44 INFO CodeGenerator: Code generated in 104.620531 ms
[2025-03-14T08:43:44.656+0000] {ssh.py:531} WARNING - 25/03/14 08:43:44 INFO MemoryStore: Block broadcast_3 stored as values in memory (estimated size 200.5 KiB, free 433.7 MiB)
[2025-03-14T08:43:44.679+0000] {ssh.py:531} WARNING - 25/03/14 08:43:44 INFO MemoryStore: Block broadcast_3_piece0 stored as bytes in memory (estimated size 34.7 KiB, free 433.7 MiB)
[2025-03-14T08:43:44.680+0000] {ssh.py:531} WARNING - 25/03/14 08:43:44 INFO BlockManagerInfo: Added broadcast_3_piece0 in memory on 0.0.0.0:42539 (size: 34.7 KiB, free: 434.3 MiB)
[2025-03-14T08:43:44.685+0000] {ssh.py:531} WARNING - 25/03/14 08:43:44 INFO SparkContext: Created broadcast 3 from parquet at NativeMethodAccessorImpl.java:0
[2025-03-14T08:43:44.695+0000] {ssh.py:531} WARNING - 25/03/14 08:43:44 INFO FileSourceScanExec: Planning scan with bin packing, max size: 4194304 bytes, open cost is considered as scanning 4194304 bytes.
[2025-03-14T08:43:44.717+0000] {ssh.py:531} WARNING - 25/03/14 08:43:44 INFO SparkContext: Starting job: parquet at NativeMethodAccessorImpl.java:0
[2025-03-14T08:43:44.717+0000] {ssh.py:531} WARNING - 25/03/14 08:43:44 INFO DAGScheduler: Got job 1 (parquet at NativeMethodAccessorImpl.java:0) with 1 output partitions
[2025-03-14T08:43:44.718+0000] {ssh.py:531} WARNING - 25/03/14 08:43:44 INFO DAGScheduler: Final stage: ResultStage 1 (parquet at NativeMethodAccessorImpl.java:0)
[2025-03-14T08:43:44.718+0000] {ssh.py:531} WARNING - 25/03/14 08:43:44 INFO DAGScheduler: Parents of final stage: List()
[2025-03-14T08:43:44.720+0000] {ssh.py:531} WARNING - 25/03/14 08:43:44 INFO DAGScheduler: Missing parents: List()
[2025-03-14T08:43:44.721+0000] {ssh.py:531} WARNING - 25/03/14 08:43:44 INFO DAGScheduler: Submitting ResultStage 1 (MapPartitionsRDD[13] at parquet at NativeMethodAccessorImpl.java:0), which has no missing parents
[2025-03-14T08:43:44.783+0000] {ssh.py:531} WARNING - 25/03/14 08:43:44 INFO MemoryStore: Block broadcast_4 stored as values in memory (estimated size 221.7 KiB, free 433.5 MiB)
[2025-03-14T08:43:44.814+0000] {ssh.py:531} WARNING - 25/03/14 08:43:44 INFO MemoryStore: Block broadcast_4_piece0 stored as bytes in memory (estimated size 80.3 KiB, free 433.4 MiB)
[2025-03-14T08:43:44.816+0000] {ssh.py:531} WARNING - 25/03/14 08:43:44 INFO BlockManagerInfo: Added broadcast_4_piece0 in memory on 0.0.0.0:42539 (size: 80.3 KiB, free: 434.2 MiB)
[2025-03-14T08:43:44.824+0000] {ssh.py:531} WARNING - 25/03/14 08:43:44 INFO SparkContext: Created broadcast 4 from broadcast at DAGScheduler.scala:1585
[2025-03-14T08:43:44.826+0000] {ssh.py:531} WARNING - 25/03/14 08:43:44 INFO DAGScheduler: Submitting 1 missing tasks from ResultStage 1 (MapPartitionsRDD[13] at parquet at NativeMethodAccessorImpl.java:0) (first 15 tasks are for partitions Vector(0))
[2025-03-14T08:43:44.827+0000] {ssh.py:531} WARNING - 25/03/14 08:43:44 INFO TaskSchedulerImpl: Adding task set 1.0 with 1 tasks resource profile 0
[2025-03-14T08:43:44.829+0000] {ssh.py:531} WARNING - 25/03/14 08:43:44 INFO TaskSetManager: Starting task 0.0 in stage 1.0 (TID 1) (ip-172-31-12-182.ap-northeast-2.compute.internal, executor driver, partition 0, PROCESS_LOCAL, 9640 bytes) 
[2025-03-14T08:43:44.831+0000] {ssh.py:531} WARNING - 25/03/14 08:43:44 INFO Executor: Running task 0.0 in stage 1.0 (TID 1)
[2025-03-14T08:43:45.040+0000] {ssh.py:531} WARNING - 25/03/14 08:43:45 INFO BlockManagerInfo: Removed broadcast_0_piece0 on 0.0.0.0:42539 in memory (size: 34.7 KiB, free: 434.3 MiB)
[2025-03-14T08:43:45.147+0000] {ssh.py:531} WARNING - 25/03/14 08:43:45 INFO CodeGenerator: Code generated in 152.193507 ms
[2025-03-14T08:43:45.148+0000] {ssh.py:531} WARNING - 25/03/14 08:43:45 INFO FileOutputCommitter: File Output Committer Algorithm version is 1
[2025-03-14T08:43:45.149+0000] {ssh.py:531} WARNING - 25/03/14 08:43:45 INFO FileOutputCommitter: FileOutputCommitter skip cleanup _temporary folders under output directory:false, ignore cleanup failures: false
[2025-03-14T08:43:45.150+0000] {ssh.py:531} WARNING - 25/03/14 08:43:45 INFO SQLHadoopMapReduceCommitProtocol: Using user defined output committer class org.apache.parquet.hadoop.ParquetOutputCommitter
[2025-03-14T08:43:45.150+0000] {ssh.py:531} WARNING - 25/03/14 08:43:45 INFO FileOutputCommitter: File Output Committer Algorithm version is 1
[2025-03-14T08:43:45.151+0000] {ssh.py:531} WARNING - 25/03/14 08:43:45 INFO FileOutputCommitter: FileOutputCommitter skip cleanup _temporary folders under output directory:false, ignore cleanup failures: false
[2025-03-14T08:43:45.152+0000] {ssh.py:531} WARNING - 25/03/14 08:43:45 INFO SQLHadoopMapReduceCommitProtocol: Using output committer class org.apache.parquet.hadoop.ParquetOutputCommitter
[2025-03-14T08:43:45.161+0000] {ssh.py:531} WARNING - 25/03/14 08:43:45 INFO CodecConfig: Compression: SNAPPY
[2025-03-14T08:43:45.164+0000] {ssh.py:531} WARNING - 25/03/14 08:43:45 INFO CodecConfig: Compression: SNAPPY
[2025-03-14T08:43:45.191+0000] {ssh.py:531} WARNING - 25/03/14 08:43:45 INFO ParquetOutputFormat: ParquetRecordWriter [block size: 134217728b, row group padding size: 8388608b, validating: false]
[2025-03-14T08:43:45.226+0000] {ssh.py:531} WARNING - 25/03/14 08:43:45 INFO ParquetWriteSupport: Initialized Parquet WriteSupport with Catalyst schema:
[2025-03-14T08:43:45.227+0000] {ssh.py:531} WARNING - {
[2025-03-14T08:43:45.227+0000] {ssh.py:531} WARNING -   "type" : "struct",
[2025-03-14T08:43:45.228+0000] {ssh.py:531} WARNING -   "fields" : [ {
[2025-03-14T08:43:45.228+0000] {ssh.py:531} WARNING -     "name" : "gamer_nickname",
[2025-03-14T08:43:45.228+0000] {ssh.py:531} WARNING -     "type" : "string",
[2025-03-14T08:43:45.228+0000] {ssh.py:531} WARNING -     "nullable" : true,
[2025-03-14T08:43:45.229+0000] {ssh.py:531} WARNING -     "metadata" : { }
[2025-03-14T08:43:45.230+0000] {ssh.py:531} WARNING -   }, {
[2025-03-14T08:43:45.230+0000] {ssh.py:531} WARNING -     "name" : "team_color",
[2025-03-14T08:43:45.232+0000] {ssh.py:531} WARNING -     "type" : "string",
[2025-03-14T08:43:45.232+0000] {ssh.py:531} WARNING -     "nullable" : false,
[2025-03-14T08:43:45.232+0000] {ssh.py:531} WARNING -     "metadata" : { }
[2025-03-14T08:43:45.232+0000] {ssh.py:531} WARNING -   }, {
[2025-03-14T08:43:45.232+0000] {ssh.py:531} WARNING -     "name" : "team_count",
[2025-03-14T08:43:45.233+0000] {ssh.py:531} WARNING -     "type" : "integer",
[2025-03-14T08:43:45.233+0000] {ssh.py:531} WARNING -     "nullable" : true,
[2025-03-14T08:43:45.233+0000] {ssh.py:531} WARNING -     "metadata" : { }
[2025-03-14T08:43:45.233+0000] {ssh.py:531} WARNING -   }, {
[2025-03-14T08:43:45.233+0000] {ssh.py:531} WARNING -     "name" : "created_at",
[2025-03-14T08:43:45.233+0000] {ssh.py:531} WARNING -     "type" : "date",
[2025-03-14T08:43:45.234+0000] {ssh.py:531} WARNING -     "nullable" : false,
[2025-03-14T08:43:45.234+0000] {ssh.py:531} WARNING -     "metadata" : { }
[2025-03-14T08:43:45.235+0000] {ssh.py:531} WARNING -   } ]
[2025-03-14T08:43:45.235+0000] {ssh.py:531} WARNING - }
[2025-03-14T08:43:45.235+0000] {ssh.py:531} WARNING - and corresponding Parquet message type:
[2025-03-14T08:43:45.236+0000] {ssh.py:531} WARNING - message spark_schema {
[2025-03-14T08:43:45.236+0000] {ssh.py:531} WARNING -   optional binary gamer_nickname (STRING);
[2025-03-14T08:43:45.236+0000] {ssh.py:531} WARNING -   required binary team_color (STRING);
[2025-03-14T08:43:45.237+0000] {ssh.py:531} WARNING -   optional int32 team_count;
[2025-03-14T08:43:45.237+0000] {ssh.py:531} WARNING -   required int32 created_at (DATE);
[2025-03-14T08:43:45.237+0000] {ssh.py:531} WARNING - }
[2025-03-14T08:43:45.238+0000] {ssh.py:531} WARNING - 
[2025-03-14T08:43:45.238+0000] {ssh.py:531} WARNING -        
[2025-03-14T08:43:45.396+0000] {ssh.py:531} WARNING - 25/03/14 08:43:45 INFO CodecPool: Got brand-new compressor [.snappy]
[2025-03-14T08:43:45.434+0000] {ssh.py:531} WARNING - 25/03/14 08:43:45 INFO BlockManagerInfo: Removed broadcast_2_piece0 on 0.0.0.0:42539 in memory (size: 34.7 KiB, free: 434.3 MiB)
[2025-03-14T08:43:45.926+0000] {ssh.py:531} WARNING - 25/03/14 08:43:45 INFO FileScanRDD: Reading File path: s3a://de5-finalproj-team2/crawl/2025-03-14/crawl_result_processed_20250314.csv, range: 0-1154758, partition values: [empty row]
[2025-03-14T08:43:45.967+0000] {ssh.py:531} WARNING - 25/03/14 08:43:45 INFO CodeGenerator: Code generated in 33.062029 ms
[2025-03-14T08:43:46.049+0000] {ssh.py:531} WARNING - 25/03/14 08:43:46 INFO LineRecordReader: Found UTF-8 BOM and skipped it
[2025-03-14T08:43:48.362+0000] {ssh.py:531} WARNING - 25/03/14 08:43:48 INFO FileOutputCommitter: Saved output of task 'attempt_202503140843445765107260386106565_0001_m_000000_1' to s3a://de5-finalproj-team2/analytics/team_color_info/2025-03-14/_temporary/0/task_202503140843445765107260386106565_0001_m_000000
[2025-03-14T08:43:48.363+0000] {ssh.py:531} WARNING - 25/03/14 08:43:48 INFO SparkHadoopMapRedUtil: attempt_202503140843445765107260386106565_0001_m_000000_1: Committed. Elapsed time: 586 ms.
[2025-03-14T08:43:48.439+0000] {ssh.py:531} WARNING - 25/03/14 08:43:48 INFO Executor: Finished task 0.0 in stage 1.0 (TID 1). 2669 bytes result sent to driver
[2025-03-14T08:43:48.452+0000] {ssh.py:531} WARNING - 25/03/14 08:43:48 INFO TaskSetManager: Finished task 0.0 in stage 1.0 (TID 1) in 3619 ms on ip-172-31-12-182.ap-northeast-2.compute.internal (executor driver) (1/1)
[2025-03-14T08:43:48.452+0000] {ssh.py:531} WARNING - 25/03/14 08:43:48 INFO TaskSchedulerImpl: Removed TaskSet 1.0, whose tasks have all completed, from pool 
[2025-03-14T08:43:48.455+0000] {ssh.py:531} WARNING - 25/03/14 08:43:48 INFO DAGScheduler: ResultStage 1 (parquet at NativeMethodAccessorImpl.java:0) finished in 3.728 s
[2025-03-14T08:43:48.456+0000] {ssh.py:531} WARNING - 25/03/14 08:43:48 INFO DAGScheduler: Job 1 is finished. Cancelling potential speculative or zombie tasks for this job
[2025-03-14T08:43:48.456+0000] {ssh.py:531} WARNING - 25/03/14 08:43:48 INFO TaskSchedulerImpl: Killing all running tasks in stage 1: Stage finished
[2025-03-14T08:43:48.458+0000] {ssh.py:531} WARNING - 25/03/14 08:43:48 INFO DAGScheduler: Job 1 finished: parquet at NativeMethodAccessorImpl.java:0, took 3.743065 s
[2025-03-14T08:43:48.466+0000] {ssh.py:531} WARNING - 25/03/14 08:43:48 INFO FileFormatWriter: Start to commit write Job ef5b95fa-d603-4ffe-82b7-1d4924642f34.
[2025-03-14T08:43:49.455+0000] {ssh.py:531} WARNING - 25/03/14 08:43:49 INFO FileFormatWriter: Write Job ef5b95fa-d603-4ffe-82b7-1d4924642f34 committed. Elapsed time: 987 ms.
[2025-03-14T08:43:49.461+0000] {ssh.py:531} WARNING - 25/03/14 08:43:49 INFO FileFormatWriter: Finished processing stats for write job ef5b95fa-d603-4ffe-82b7-1d4924642f34.
[2025-03-14T08:43:49.469+0000] {ssh.py:526} INFO - ✅ Parquet 변환 완료! 저장 경로: s3a://de5-finalproj-team2/analytics/team_color_info/2025-03-14
[2025-03-14T08:43:49.527+0000] {ssh.py:531} WARNING - 25/03/14 08:43:49 INFO SparkContext: Invoking stop() from shutdown hook
[2025-03-14T08:43:49.528+0000] {ssh.py:531} WARNING - 25/03/14 08:43:49 INFO SparkContext: SparkContext is stopping with exitCode 0.
[2025-03-14T08:43:49.546+0000] {ssh.py:531} WARNING - 25/03/14 08:43:49 INFO SparkUI: Stopped Spark web UI at http://0.0.0.0:4040
[2025-03-14T08:43:49.566+0000] {ssh.py:531} WARNING - 25/03/14 08:43:49 INFO MapOutputTrackerMasterEndpoint: MapOutputTrackerMasterEndpoint stopped!
[2025-03-14T08:43:49.586+0000] {ssh.py:531} WARNING - 25/03/14 08:43:49 INFO MemoryStore: MemoryStore cleared
[2025-03-14T08:43:49.587+0000] {ssh.py:531} WARNING - 25/03/14 08:43:49 INFO BlockManager: BlockManager stopped
[2025-03-14T08:43:49.591+0000] {ssh.py:531} WARNING - 25/03/14 08:43:49 INFO BlockManagerMaster: BlockManagerMaster stopped
[2025-03-14T08:43:49.593+0000] {ssh.py:531} WARNING - 25/03/14 08:43:49 INFO OutputCommitCoordinator$OutputCommitCoordinatorEndpoint: OutputCommitCoordinator stopped!
[2025-03-14T08:43:49.601+0000] {ssh.py:531} WARNING - 25/03/14 08:43:49 INFO SparkContext: Successfully stopped SparkContext
[2025-03-14T08:43:49.602+0000] {ssh.py:531} WARNING - 25/03/14 08:43:49 INFO ShutdownHookManager: Shutdown hook called
[2025-03-14T08:43:49.602+0000] {ssh.py:531} WARNING - 25/03/14 08:43:49 INFO ShutdownHookManager: Deleting directory /tmp/spark-5b039c61-9aaf-467a-8ee9-956bb5d318b8
[2025-03-14T08:43:49.606+0000] {ssh.py:531} WARNING - 25/03/14 08:43:49 INFO ShutdownHookManager: Deleting directory /tmp/spark-815ecbe6-3aab-4094-b6ab-dbbb44fbf003/pyspark-04da19b8-996b-4269-9c02-a799df7e820e
[2025-03-14T08:43:49.609+0000] {ssh.py:531} WARNING - 25/03/14 08:43:49 INFO ShutdownHookManager: Deleting directory /tmp/spark-815ecbe6-3aab-4094-b6ab-dbbb44fbf003
[2025-03-14T08:43:49.622+0000] {ssh.py:531} WARNING - 25/03/14 08:43:49 INFO MetricsSystemImpl: Stopping s3a-file-system metrics system...
[2025-03-14T08:43:49.623+0000] {ssh.py:531} WARNING - 25/03/14 08:43:49 INFO MetricsSystemImpl: s3a-file-system metrics system stopped.
[2025-03-14T08:43:49.624+0000] {ssh.py:531} WARNING - 25/03/14 08:43:49 INFO MetricsSystemImpl: s3a-file-system metrics system shutdown complete.
[2025-03-14T08:43:49.718+0000] {ssh.py:526} INFO - Spark Job Succeeded!
[2025-03-14T08:43:49.743+0000] {taskinstance.py:441} INFO - ::group::Post task execution logs
[2025-03-14T08:43:49.777+0000] {taskinstance.py:1206} INFO - Marking task as SUCCESS. dag_id=team_color_to_parquet_dag, task_id=submit_spark_via_ssh, run_id=manual__2025-03-14T08:20:24.861691+00:00, execution_date=20250314T082024, start_date=20250314T084323, end_date=20250314T084349
[2025-03-14T08:43:49.815+0000] {local_task_job_runner.py:240} INFO - Task exited with return code 0
[2025-03-14T08:43:49.852+0000] {taskinstance.py:3498} INFO - 1 downstream tasks scheduled from follow-on schedule check
[2025-03-14T08:43:49.854+0000] {local_task_job_runner.py:222} INFO - ::endgroup::
