[2025-03-13T07:27:24.706+0000] {local_task_job_runner.py:120} INFO - ::group::Pre task execution logs
[2025-03-13T07:27:24.759+0000] {taskinstance.py:2076} INFO - Dependencies all met for dep_context=non-requeueable deps ti=<TaskInstance: match_info_to_redshift_dag.print_hello manual__2025-03-13T07:27:23.611454+00:00 [queued]>
[2025-03-13T07:27:24.777+0000] {taskinstance.py:2076} INFO - Dependencies all met for dep_context=requeueable deps ti=<TaskInstance: match_info_to_redshift_dag.print_hello manual__2025-03-13T07:27:23.611454+00:00 [queued]>
[2025-03-13T07:27:24.777+0000] {taskinstance.py:2306} INFO - Starting attempt 1 of 2
[2025-03-13T07:27:24.800+0000] {taskinstance.py:2330} INFO - Executing <Task(BashOperator): print_hello> on 2025-03-13 07:27:23.611454+00:00
[2025-03-13T07:27:24.812+0000] {standard_task_runner.py:63} INFO - Started process 27355 to run task
[2025-03-13T07:27:24.823+0000] {standard_task_runner.py:90} INFO - Running: ['***', 'tasks', 'run', 'match_info_to_redshift_dag', 'print_hello', 'manual__2025-03-13T07:27:23.611454+00:00', '--job-id', '134', '--raw', '--subdir', 'DAGS_FOLDER/match_info_redshift_dag.py', '--cfg-path', '/tmp/tmp_yao2o2d']
[2025-03-13T07:27:24.828+0000] {standard_task_runner.py:91} INFO - Job 134: Subtask print_hello
[2025-03-13T07:27:24.985+0000] {task_command.py:426} INFO - Running <TaskInstance: match_info_to_redshift_dag.print_hello manual__2025-03-13T07:27:23.611454+00:00 [running]> on host a0d797a25898
[2025-03-13T07:27:25.275+0000] {taskinstance.py:2648} INFO - Exporting env vars: AIRFLOW_CTX_DAG_OWNER='***' AIRFLOW_CTX_DAG_ID='match_info_to_redshift_dag' AIRFLOW_CTX_TASK_ID='print_hello' AIRFLOW_CTX_EXECUTION_DATE='2025-03-13T07:27:23.611454+00:00' AIRFLOW_CTX_TRY_NUMBER='1' AIRFLOW_CTX_DAG_RUN_ID='manual__2025-03-13T07:27:23.611454+00:00'
[2025-03-13T07:27:25.281+0000] {taskinstance.py:430} INFO - ::endgroup::
[2025-03-13T07:27:25.323+0000] {subprocess.py:63} INFO - Tmp dir root location: /tmp
[2025-03-13T07:27:25.324+0000] {subprocess.py:75} INFO - Running command: ['/usr/bin/bash', '-c', 'echo "Hello Redshift"']
[2025-03-13T07:27:25.343+0000] {subprocess.py:86} INFO - Output:
[2025-03-13T07:27:25.346+0000] {subprocess.py:93} INFO - Hello Redshift
[2025-03-13T07:27:25.348+0000] {subprocess.py:97} INFO - Command exited with return code 0
[2025-03-13T07:27:25.348+0000] {taskinstance.py:441} INFO - ::group::Post task execution logs
[2025-03-13T07:27:25.401+0000] {taskinstance.py:1206} INFO - Marking task as SUCCESS. dag_id=match_info_to_redshift_dag, task_id=print_hello, run_id=manual__2025-03-13T07:27:23.611454+00:00, execution_date=20250313T072723, start_date=20250313T072724, end_date=20250313T072725
[2025-03-13T07:27:25.447+0000] {local_task_job_runner.py:240} INFO - Task exited with return code 0
[2025-03-13T07:27:25.481+0000] {taskinstance.py:3498} INFO - 0 downstream tasks scheduled from follow-on schedule check
[2025-03-13T07:27:25.483+0000] {local_task_job_runner.py:222} INFO - ::endgroup::
