[2025-03-10T15:59:19.843+0000] {local_task_job_runner.py:120} INFO - ::group::Pre task execution logs
[2025-03-10T15:59:19.885+0000] {taskinstance.py:2076} INFO - Dependencies all met for dep_context=non-requeueable deps ti=<TaskInstance: fetch_nexon_data_sequential.collect_and_save_match_data_to_json_to_s3 scheduled__2025-03-09T07:00:00+00:00 [queued]>
[2025-03-10T15:59:19.902+0000] {taskinstance.py:2076} INFO - Dependencies all met for dep_context=requeueable deps ti=<TaskInstance: fetch_nexon_data_sequential.collect_and_save_match_data_to_json_to_s3 scheduled__2025-03-09T07:00:00+00:00 [queued]>
[2025-03-10T15:59:19.902+0000] {taskinstance.py:2306} INFO - Starting attempt 1 of 2
[2025-03-10T15:59:20.091+0000] {taskinstance.py:2330} INFO - Executing <Task(PythonOperator): collect_and_save_match_data_to_json_to_s3> on 2025-03-09 07:00:00+00:00
[2025-03-10T15:59:20.098+0000] {standard_task_runner.py:63} INFO - Started process 6809 to run task
[2025-03-10T15:59:20.103+0000] {standard_task_runner.py:90} INFO - Running: ['***', 'tasks', 'run', 'fetch_nexon_data_sequential', 'collect_and_save_match_data_to_json_to_s3', 'scheduled__2025-03-09T07:00:00+00:00', '--job-id', '43', '--raw', '--subdir', 'DAGS_FOLDER/collect_match_info_dag.py', '--cfg-path', '/tmp/tmpfy7zcejw']
[2025-03-10T15:59:20.105+0000] {standard_task_runner.py:91} INFO - Job 43: Subtask collect_and_save_match_data_to_json_to_s3
[2025-03-10T15:59:20.172+0000] {task_command.py:426} INFO - Running <TaskInstance: fetch_nexon_data_sequential.collect_and_save_match_data_to_json_to_s3 scheduled__2025-03-09T07:00:00+00:00 [running]> on host a0d797a25898
[2025-03-10T15:59:20.288+0000] {taskinstance.py:2648} INFO - Exporting env vars: AIRFLOW_CTX_DAG_OWNER='***' AIRFLOW_CTX_DAG_ID='fetch_nexon_data_sequential' AIRFLOW_CTX_TASK_ID='collect_and_save_match_data_to_json_to_s3' AIRFLOW_CTX_EXECUTION_DATE='2025-03-09T07:00:00+00:00' AIRFLOW_CTX_TRY_NUMBER='1' AIRFLOW_CTX_DAG_RUN_ID='scheduled__2025-03-09T07:00:00+00:00'
[2025-03-10T15:59:20.289+0000] {taskinstance.py:430} INFO - ::endgroup::
[2025-03-10T15:59:20.304+0000] {collect_match_info_dag.py:126} INFO - Collecting 2025-03-10's data
[2025-03-10T15:59:20.716+0000] {collect_match_info_dag.py:55} WARNING - 429 발생 - 1/5회 시도 중... 키 교체
[2025-03-10T15:59:20.717+0000] {collect_match_info_dag.py:35} WARNING - 429 발생으로 API 키 교체...새로운 키: test_f39cb830f75f5d182b6c9b69c83fd1bf71f859896966ac35a87be5e65e122179efe8d04e6d233bd35cf2fabdeb93fb0d
[2025-03-10T15:59:21.280+0000] {collect_match_info_dag.py:55} WARNING - 429 발생 - 2/5회 시도 중... 키 교체
[2025-03-10T15:59:21.281+0000] {collect_match_info_dag.py:35} WARNING - 429 발생으로 API 키 교체...새로운 키: test_c2c55c4771ad6d38a0544117c93445436524fd2b63b7f92bc6d453074074059cefe8d04e6d233bd35cf2fabdeb93fb0d
[2025-03-10T15:59:22.146+0000] {collect_match_info_dag.py:50} INFO - [test_c2c55c4771ad6d38a0544117c93445436524fd2b63b7f92bc6d453074074059cefe8d04e6d233bd35cf2fabdeb93fb0d] 현재 사용량: 1 / 1000...1번째 유저 처리중
[2025-03-10T15:59:22.913+0000] {collect_match_info_dag.py:50} INFO - [test_c2c55c4771ad6d38a0544117c93445436524fd2b63b7f92bc6d453074074059cefe8d04e6d233bd35cf2fabdeb93fb0d] 현재 사용량: 2 / 1000...1번째 유저 처리중
[2025-03-10T15:59:23.517+0000] {collect_match_info_dag.py:50} INFO - [test_c2c55c4771ad6d38a0544117c93445436524fd2b63b7f92bc6d453074074059cefe8d04e6d233bd35cf2fabdeb93fb0d] 현재 사용량: 3 / 1000...1번째 유저 처리중
[2025-03-10T15:59:24.268+0000] {collect_match_info_dag.py:50} INFO - [test_c2c55c4771ad6d38a0544117c93445436524fd2b63b7f92bc6d453074074059cefe8d04e6d233bd35cf2fabdeb93fb0d] 현재 사용량: 4 / 1000...2번째 유저 처리중
[2025-03-10T15:59:25.769+0000] {collect_match_info_dag.py:50} INFO - [test_c2c55c4771ad6d38a0544117c93445436524fd2b63b7f92bc6d453074074059cefe8d04e6d233bd35cf2fabdeb93fb0d] 현재 사용량: 5 / 1000...2번째 유저 처리중
[2025-03-10T15:59:26.363+0000] {collect_match_info_dag.py:50} INFO - [test_c2c55c4771ad6d38a0544117c93445436524fd2b63b7f92bc6d453074074059cefe8d04e6d233bd35cf2fabdeb93fb0d] 현재 사용량: 6 / 1000...2번째 유저 처리중
[2025-03-10T15:59:27.110+0000] {collect_match_info_dag.py:50} INFO - [test_c2c55c4771ad6d38a0544117c93445436524fd2b63b7f92bc6d453074074059cefe8d04e6d233bd35cf2fabdeb93fb0d] 현재 사용량: 7 / 1000...3번째 유저 처리중
[2025-03-10T15:59:27.901+0000] {collect_match_info_dag.py:50} INFO - [test_c2c55c4771ad6d38a0544117c93445436524fd2b63b7f92bc6d453074074059cefe8d04e6d233bd35cf2fabdeb93fb0d] 현재 사용량: 8 / 1000...3번째 유저 처리중
[2025-03-10T15:59:28.490+0000] {collect_match_info_dag.py:50} INFO - [test_c2c55c4771ad6d38a0544117c93445436524fd2b63b7f92bc6d453074074059cefe8d04e6d233bd35cf2fabdeb93fb0d] 현재 사용량: 9 / 1000...3번째 유저 처리중
[2025-03-10T15:59:29.238+0000] {collect_match_info_dag.py:50} INFO - [test_c2c55c4771ad6d38a0544117c93445436524fd2b63b7f92bc6d453074074059cefe8d04e6d233bd35cf2fabdeb93fb0d] 현재 사용량: 10 / 1000...4번째 유저 처리중
[2025-03-10T15:59:29.693+0000] {collect_match_info_dag.py:55} WARNING - 429 발생 - 1/5회 시도 중... 키 교체
[2025-03-10T15:59:29.693+0000] {collect_match_info_dag.py:35} WARNING - 429 발생으로 API 키 교체...새로운 키: test_0ee4cbd363b2f7520651088e59cc0caa6fed3e1d2a3617a4dceddb088e523131efe8d04e6d233bd35cf2fabdeb93fb0d
[2025-03-10T15:59:30.598+0000] {collect_match_info_dag.py:50} INFO - [test_0ee4cbd363b2f7520651088e59cc0caa6fed3e1d2a3617a4dceddb088e523131efe8d04e6d233bd35cf2fabdeb93fb0d] 현재 사용량: 1 / 1000...4번째 유저 처리중
[2025-03-10T15:59:31.202+0000] {collect_match_info_dag.py:50} INFO - [test_0ee4cbd363b2f7520651088e59cc0caa6fed3e1d2a3617a4dceddb088e523131efe8d04e6d233bd35cf2fabdeb93fb0d] 현재 사용량: 2 / 1000...4번째 유저 처리중
[2025-03-10T15:59:31.980+0000] {collect_match_info_dag.py:50} INFO - [test_0ee4cbd363b2f7520651088e59cc0caa6fed3e1d2a3617a4dceddb088e523131efe8d04e6d233bd35cf2fabdeb93fb0d] 현재 사용량: 3 / 1000...5번째 유저 처리중
[2025-03-10T15:59:32.785+0000] {collect_match_info_dag.py:50} INFO - [test_0ee4cbd363b2f7520651088e59cc0caa6fed3e1d2a3617a4dceddb088e523131efe8d04e6d233bd35cf2fabdeb93fb0d] 현재 사용량: 4 / 1000...5번째 유저 처리중
[2025-03-10T15:59:33.378+0000] {collect_match_info_dag.py:50} INFO - [test_0ee4cbd363b2f7520651088e59cc0caa6fed3e1d2a3617a4dceddb088e523131efe8d04e6d233bd35cf2fabdeb93fb0d] 현재 사용량: 5 / 1000...5번째 유저 처리중
[2025-03-10T15:59:34.137+0000] {collect_match_info_dag.py:50} INFO - [test_0ee4cbd363b2f7520651088e59cc0caa6fed3e1d2a3617a4dceddb088e523131efe8d04e6d233bd35cf2fabdeb93fb0d] 현재 사용량: 6 / 1000...6번째 유저 처리중
[2025-03-10T15:59:35.025+0000] {collect_match_info_dag.py:50} INFO - [test_0ee4cbd363b2f7520651088e59cc0caa6fed3e1d2a3617a4dceddb088e523131efe8d04e6d233bd35cf2fabdeb93fb0d] 현재 사용량: 7 / 1000...6번째 유저 처리중
[2025-03-10T15:59:35.583+0000] {collect_match_info_dag.py:50} INFO - [test_0ee4cbd363b2f7520651088e59cc0caa6fed3e1d2a3617a4dceddb088e523131efe8d04e6d233bd35cf2fabdeb93fb0d] 현재 사용량: 8 / 1000...6번째 유저 처리중
[2025-03-10T15:59:36.343+0000] {collect_match_info_dag.py:50} INFO - [test_0ee4cbd363b2f7520651088e59cc0caa6fed3e1d2a3617a4dceddb088e523131efe8d04e6d233bd35cf2fabdeb93fb0d] 현재 사용량: 9 / 1000...7번째 유저 처리중
[2025-03-10T15:59:37.421+0000] {collect_match_info_dag.py:50} INFO - [test_0ee4cbd363b2f7520651088e59cc0caa6fed3e1d2a3617a4dceddb088e523131efe8d04e6d233bd35cf2fabdeb93fb0d] 현재 사용량: 10 / 1000...7번째 유저 처리중
[2025-03-10T15:59:38.041+0000] {collect_match_info_dag.py:50} INFO - [test_0ee4cbd363b2f7520651088e59cc0caa6fed3e1d2a3617a4dceddb088e523131efe8d04e6d233bd35cf2fabdeb93fb0d] 현재 사용량: 11 / 1000...7번째 유저 처리중
[2025-03-10T15:59:38.807+0000] {collect_match_info_dag.py:50} INFO - [test_0ee4cbd363b2f7520651088e59cc0caa6fed3e1d2a3617a4dceddb088e523131efe8d04e6d233bd35cf2fabdeb93fb0d] 현재 사용량: 12 / 1000...8번째 유저 처리중
[2025-03-10T15:59:39.691+0000] {collect_match_info_dag.py:50} INFO - [test_0ee4cbd363b2f7520651088e59cc0caa6fed3e1d2a3617a4dceddb088e523131efe8d04e6d233bd35cf2fabdeb93fb0d] 현재 사용량: 13 / 1000...8번째 유저 처리중
[2025-03-10T15:59:40.287+0000] {collect_match_info_dag.py:50} INFO - [test_0ee4cbd363b2f7520651088e59cc0caa6fed3e1d2a3617a4dceddb088e523131efe8d04e6d233bd35cf2fabdeb93fb0d] 현재 사용량: 14 / 1000...8번째 유저 처리중
[2025-03-10T15:59:41.032+0000] {collect_match_info_dag.py:50} INFO - [test_0ee4cbd363b2f7520651088e59cc0caa6fed3e1d2a3617a4dceddb088e523131efe8d04e6d233bd35cf2fabdeb93fb0d] 현재 사용량: 15 / 1000...9번째 유저 처리중
[2025-03-10T15:59:41.826+0000] {collect_match_info_dag.py:50} INFO - [test_0ee4cbd363b2f7520651088e59cc0caa6fed3e1d2a3617a4dceddb088e523131efe8d04e6d233bd35cf2fabdeb93fb0d] 현재 사용량: 16 / 1000...9번째 유저 처리중
[2025-03-10T15:59:42.419+0000] {collect_match_info_dag.py:50} INFO - [test_0ee4cbd363b2f7520651088e59cc0caa6fed3e1d2a3617a4dceddb088e523131efe8d04e6d233bd35cf2fabdeb93fb0d] 현재 사용량: 17 / 1000...9번째 유저 처리중
[2025-03-10T15:59:43.153+0000] {collect_match_info_dag.py:50} INFO - [test_0ee4cbd363b2f7520651088e59cc0caa6fed3e1d2a3617a4dceddb088e523131efe8d04e6d233bd35cf2fabdeb93fb0d] 현재 사용량: 18 / 1000...10번째 유저 처리중
[2025-03-10T15:59:44.019+0000] {collect_match_info_dag.py:50} INFO - [test_0ee4cbd363b2f7520651088e59cc0caa6fed3e1d2a3617a4dceddb088e523131efe8d04e6d233bd35cf2fabdeb93fb0d] 현재 사용량: 19 / 1000...10번째 유저 처리중
[2025-03-10T15:59:44.613+0000] {collect_match_info_dag.py:50} INFO - [test_0ee4cbd363b2f7520651088e59cc0caa6fed3e1d2a3617a4dceddb088e523131efe8d04e6d233bd35cf2fabdeb93fb0d] 현재 사용량: 20 / 1000...10번째 유저 처리중
[2025-03-10T15:59:45.385+0000] {collect_match_info_dag.py:50} INFO - [test_0ee4cbd363b2f7520651088e59cc0caa6fed3e1d2a3617a4dceddb088e523131efe8d04e6d233bd35cf2fabdeb93fb0d] 현재 사용량: 21 / 1000...11번째 유저 처리중
[2025-03-10T15:59:46.448+0000] {collect_match_info_dag.py:50} INFO - [test_0ee4cbd363b2f7520651088e59cc0caa6fed3e1d2a3617a4dceddb088e523131efe8d04e6d233bd35cf2fabdeb93fb0d] 현재 사용량: 22 / 1000...11번째 유저 처리중
[2025-03-10T15:59:47.039+0000] {collect_match_info_dag.py:50} INFO - [test_0ee4cbd363b2f7520651088e59cc0caa6fed3e1d2a3617a4dceddb088e523131efe8d04e6d233bd35cf2fabdeb93fb0d] 현재 사용량: 23 / 1000...11번째 유저 처리중
[2025-03-10T15:59:47.802+0000] {collect_match_info_dag.py:50} INFO - [test_0ee4cbd363b2f7520651088e59cc0caa6fed3e1d2a3617a4dceddb088e523131efe8d04e6d233bd35cf2fabdeb93fb0d] 현재 사용량: 24 / 1000...12번째 유저 처리중
[2025-03-10T15:59:49.040+0000] {collect_match_info_dag.py:50} INFO - [test_0ee4cbd363b2f7520651088e59cc0caa6fed3e1d2a3617a4dceddb088e523131efe8d04e6d233bd35cf2fabdeb93fb0d] 현재 사용량: 25 / 1000...12번째 유저 처리중
[2025-03-10T15:59:49.633+0000] {collect_match_info_dag.py:50} INFO - [test_0ee4cbd363b2f7520651088e59cc0caa6fed3e1d2a3617a4dceddb088e523131efe8d04e6d233bd35cf2fabdeb93fb0d] 현재 사용량: 26 / 1000...12번째 유저 처리중
[2025-03-10T15:59:50.392+0000] {collect_match_info_dag.py:50} INFO - [test_0ee4cbd363b2f7520651088e59cc0caa6fed3e1d2a3617a4dceddb088e523131efe8d04e6d233bd35cf2fabdeb93fb0d] 현재 사용량: 27 / 1000...13번째 유저 처리중
[2025-03-10T15:59:51.183+0000] {collect_match_info_dag.py:50} INFO - [test_0ee4cbd363b2f7520651088e59cc0caa6fed3e1d2a3617a4dceddb088e523131efe8d04e6d233bd35cf2fabdeb93fb0d] 현재 사용량: 28 / 1000...13번째 유저 처리중
[2025-03-10T15:59:51.774+0000] {collect_match_info_dag.py:50} INFO - [test_0ee4cbd363b2f7520651088e59cc0caa6fed3e1d2a3617a4dceddb088e523131efe8d04e6d233bd35cf2fabdeb93fb0d] 현재 사용량: 29 / 1000...13번째 유저 처리중
[2025-03-10T15:59:52.532+0000] {collect_match_info_dag.py:50} INFO - [test_0ee4cbd363b2f7520651088e59cc0caa6fed3e1d2a3617a4dceddb088e523131efe8d04e6d233bd35cf2fabdeb93fb0d] 현재 사용량: 30 / 1000...14번째 유저 처리중
[2025-03-10T15:59:53.403+0000] {collect_match_info_dag.py:50} INFO - [test_0ee4cbd363b2f7520651088e59cc0caa6fed3e1d2a3617a4dceddb088e523131efe8d04e6d233bd35cf2fabdeb93fb0d] 현재 사용량: 31 / 1000...14번째 유저 처리중
[2025-03-10T15:59:53.995+0000] {collect_match_info_dag.py:50} INFO - [test_0ee4cbd363b2f7520651088e59cc0caa6fed3e1d2a3617a4dceddb088e523131efe8d04e6d233bd35cf2fabdeb93fb0d] 현재 사용량: 32 / 1000...14번째 유저 처리중
[2025-03-10T15:59:54.741+0000] {collect_match_info_dag.py:50} INFO - [test_0ee4cbd363b2f7520651088e59cc0caa6fed3e1d2a3617a4dceddb088e523131efe8d04e6d233bd35cf2fabdeb93fb0d] 현재 사용량: 33 / 1000...15번째 유저 처리중
[2025-03-10T15:59:55.528+0000] {collect_match_info_dag.py:50} INFO - [test_0ee4cbd363b2f7520651088e59cc0caa6fed3e1d2a3617a4dceddb088e523131efe8d04e6d233bd35cf2fabdeb93fb0d] 현재 사용량: 34 / 1000...15번째 유저 처리중
[2025-03-10T15:59:56.149+0000] {collect_match_info_dag.py:50} INFO - [test_0ee4cbd363b2f7520651088e59cc0caa6fed3e1d2a3617a4dceddb088e523131efe8d04e6d233bd35cf2fabdeb93fb0d] 현재 사용량: 35 / 1000...15번째 유저 처리중
[2025-03-10T15:59:56.915+0000] {collect_match_info_dag.py:50} INFO - [test_0ee4cbd363b2f7520651088e59cc0caa6fed3e1d2a3617a4dceddb088e523131efe8d04e6d233bd35cf2fabdeb93fb0d] 현재 사용량: 36 / 1000...16번째 유저 처리중
[2025-03-10T15:59:57.878+0000] {collect_match_info_dag.py:50} INFO - [test_0ee4cbd363b2f7520651088e59cc0caa6fed3e1d2a3617a4dceddb088e523131efe8d04e6d233bd35cf2fabdeb93fb0d] 현재 사용량: 37 / 1000...16번째 유저 처리중
[2025-03-10T15:59:58.469+0000] {collect_match_info_dag.py:50} INFO - [test_0ee4cbd363b2f7520651088e59cc0caa6fed3e1d2a3617a4dceddb088e523131efe8d04e6d233bd35cf2fabdeb93fb0d] 현재 사용량: 38 / 1000...16번째 유저 처리중
[2025-03-10T15:59:59.226+0000] {collect_match_info_dag.py:50} INFO - [test_0ee4cbd363b2f7520651088e59cc0caa6fed3e1d2a3617a4dceddb088e523131efe8d04e6d233bd35cf2fabdeb93fb0d] 현재 사용량: 39 / 1000...17번째 유저 처리중
[2025-03-10T16:00:00.085+0000] {collect_match_info_dag.py:50} INFO - [test_0ee4cbd363b2f7520651088e59cc0caa6fed3e1d2a3617a4dceddb088e523131efe8d04e6d233bd35cf2fabdeb93fb0d] 현재 사용량: 40 / 1000...17번째 유저 처리중
[2025-03-10T16:00:00.692+0000] {collect_match_info_dag.py:50} INFO - [test_0ee4cbd363b2f7520651088e59cc0caa6fed3e1d2a3617a4dceddb088e523131efe8d04e6d233bd35cf2fabdeb93fb0d] 현재 사용량: 41 / 1000...17번째 유저 처리중
[2025-03-10T16:00:01.478+0000] {collect_match_info_dag.py:50} INFO - [test_0ee4cbd363b2f7520651088e59cc0caa6fed3e1d2a3617a4dceddb088e523131efe8d04e6d233bd35cf2fabdeb93fb0d] 현재 사용량: 42 / 1000...18번째 유저 처리중
[2025-03-10T16:00:02.625+0000] {collect_match_info_dag.py:50} INFO - [test_0ee4cbd363b2f7520651088e59cc0caa6fed3e1d2a3617a4dceddb088e523131efe8d04e6d233bd35cf2fabdeb93fb0d] 현재 사용량: 43 / 1000...18번째 유저 처리중
[2025-03-10T16:00:03.176+0000] {collect_match_info_dag.py:50} INFO - [test_0ee4cbd363b2f7520651088e59cc0caa6fed3e1d2a3617a4dceddb088e523131efe8d04e6d233bd35cf2fabdeb93fb0d] 현재 사용량: 44 / 1000...18번째 유저 처리중
[2025-03-10T16:00:03.913+0000] {collect_match_info_dag.py:50} INFO - [test_0ee4cbd363b2f7520651088e59cc0caa6fed3e1d2a3617a4dceddb088e523131efe8d04e6d233bd35cf2fabdeb93fb0d] 현재 사용량: 45 / 1000...19번째 유저 처리중
[2025-03-10T16:00:04.933+0000] {collect_match_info_dag.py:50} INFO - [test_0ee4cbd363b2f7520651088e59cc0caa6fed3e1d2a3617a4dceddb088e523131efe8d04e6d233bd35cf2fabdeb93fb0d] 현재 사용량: 46 / 1000...19번째 유저 처리중
[2025-03-10T16:00:05.548+0000] {collect_match_info_dag.py:50} INFO - [test_0ee4cbd363b2f7520651088e59cc0caa6fed3e1d2a3617a4dceddb088e523131efe8d04e6d233bd35cf2fabdeb93fb0d] 현재 사용량: 47 / 1000...19번째 유저 처리중
[2025-03-10T16:00:06.341+0000] {collect_match_info_dag.py:50} INFO - [test_0ee4cbd363b2f7520651088e59cc0caa6fed3e1d2a3617a4dceddb088e523131efe8d04e6d233bd35cf2fabdeb93fb0d] 현재 사용량: 48 / 1000...20번째 유저 처리중
[2025-03-10T16:00:07.137+0000] {collect_match_info_dag.py:50} INFO - [test_0ee4cbd363b2f7520651088e59cc0caa6fed3e1d2a3617a4dceddb088e523131efe8d04e6d233bd35cf2fabdeb93fb0d] 현재 사용량: 49 / 1000...20번째 유저 처리중
[2025-03-10T16:00:07.726+0000] {collect_match_info_dag.py:50} INFO - [test_0ee4cbd363b2f7520651088e59cc0caa6fed3e1d2a3617a4dceddb088e523131efe8d04e6d233bd35cf2fabdeb93fb0d] 현재 사용량: 50 / 1000...20번째 유저 처리중
[2025-03-10T16:00:08.453+0000] {collect_match_info_dag.py:50} INFO - [test_0ee4cbd363b2f7520651088e59cc0caa6fed3e1d2a3617a4dceddb088e523131efe8d04e6d233bd35cf2fabdeb93fb0d] 현재 사용량: 51 / 1000...21번째 유저 처리중
[2025-03-10T16:00:09.247+0000] {collect_match_info_dag.py:50} INFO - [test_0ee4cbd363b2f7520651088e59cc0caa6fed3e1d2a3617a4dceddb088e523131efe8d04e6d233bd35cf2fabdeb93fb0d] 현재 사용량: 52 / 1000...21번째 유저 처리중
[2025-03-10T16:00:09.774+0000] {collect_match_info_dag.py:50} INFO - [test_0ee4cbd363b2f7520651088e59cc0caa6fed3e1d2a3617a4dceddb088e523131efe8d04e6d233bd35cf2fabdeb93fb0d] 현재 사용량: 53 / 1000...21번째 유저 처리중
[2025-03-10T16:00:10.512+0000] {collect_match_info_dag.py:50} INFO - [test_0ee4cbd363b2f7520651088e59cc0caa6fed3e1d2a3617a4dceddb088e523131efe8d04e6d233bd35cf2fabdeb93fb0d] 현재 사용량: 54 / 1000...22번째 유저 처리중
[2025-03-10T16:00:11.341+0000] {collect_match_info_dag.py:50} INFO - [test_0ee4cbd363b2f7520651088e59cc0caa6fed3e1d2a3617a4dceddb088e523131efe8d04e6d233bd35cf2fabdeb93fb0d] 현재 사용량: 55 / 1000...22번째 유저 처리중
[2025-03-10T16:00:11.864+0000] {collect_match_info_dag.py:50} INFO - [test_0ee4cbd363b2f7520651088e59cc0caa6fed3e1d2a3617a4dceddb088e523131efe8d04e6d233bd35cf2fabdeb93fb0d] 현재 사용량: 56 / 1000...22번째 유저 처리중
[2025-03-10T16:00:12.591+0000] {collect_match_info_dag.py:50} INFO - [test_0ee4cbd363b2f7520651088e59cc0caa6fed3e1d2a3617a4dceddb088e523131efe8d04e6d233bd35cf2fabdeb93fb0d] 현재 사용량: 57 / 1000...23번째 유저 처리중
[2025-03-10T16:00:13.393+0000] {collect_match_info_dag.py:50} INFO - [test_0ee4cbd363b2f7520651088e59cc0caa6fed3e1d2a3617a4dceddb088e523131efe8d04e6d233bd35cf2fabdeb93fb0d] 현재 사용량: 58 / 1000...23번째 유저 처리중
[2025-03-10T16:00:13.990+0000] {collect_match_info_dag.py:50} INFO - [test_0ee4cbd363b2f7520651088e59cc0caa6fed3e1d2a3617a4dceddb088e523131efe8d04e6d233bd35cf2fabdeb93fb0d] 현재 사용량: 59 / 1000...23번째 유저 처리중
[2025-03-10T16:00:14.721+0000] {collect_match_info_dag.py:50} INFO - [test_0ee4cbd363b2f7520651088e59cc0caa6fed3e1d2a3617a4dceddb088e523131efe8d04e6d233bd35cf2fabdeb93fb0d] 현재 사용량: 60 / 1000...24번째 유저 처리중
[2025-03-10T16:00:15.807+0000] {collect_match_info_dag.py:50} INFO - [test_0ee4cbd363b2f7520651088e59cc0caa6fed3e1d2a3617a4dceddb088e523131efe8d04e6d233bd35cf2fabdeb93fb0d] 현재 사용량: 61 / 1000...24번째 유저 처리중
[2025-03-10T16:00:16.395+0000] {collect_match_info_dag.py:50} INFO - [test_0ee4cbd363b2f7520651088e59cc0caa6fed3e1d2a3617a4dceddb088e523131efe8d04e6d233bd35cf2fabdeb93fb0d] 현재 사용량: 62 / 1000...24번째 유저 처리중
[2025-03-10T16:00:17.112+0000] {collect_match_info_dag.py:50} INFO - [test_0ee4cbd363b2f7520651088e59cc0caa6fed3e1d2a3617a4dceddb088e523131efe8d04e6d233bd35cf2fabdeb93fb0d] 현재 사용량: 63 / 1000...25번째 유저 처리중
[2025-03-10T16:00:18.048+0000] {collect_match_info_dag.py:50} INFO - [test_0ee4cbd363b2f7520651088e59cc0caa6fed3e1d2a3617a4dceddb088e523131efe8d04e6d233bd35cf2fabdeb93fb0d] 현재 사용량: 64 / 1000...25번째 유저 처리중
[2025-03-10T16:00:18.609+0000] {collect_match_info_dag.py:50} INFO - [test_0ee4cbd363b2f7520651088e59cc0caa6fed3e1d2a3617a4dceddb088e523131efe8d04e6d233bd35cf2fabdeb93fb0d] 현재 사용량: 65 / 1000...25번째 유저 처리중
[2025-03-10T16:00:19.311+0000] {collect_match_info_dag.py:50} INFO - [test_0ee4cbd363b2f7520651088e59cc0caa6fed3e1d2a3617a4dceddb088e523131efe8d04e6d233bd35cf2fabdeb93fb0d] 현재 사용량: 66 / 1000...26번째 유저 처리중
[2025-03-10T16:00:20.413+0000] {collect_match_info_dag.py:50} INFO - [test_0ee4cbd363b2f7520651088e59cc0caa6fed3e1d2a3617a4dceddb088e523131efe8d04e6d233bd35cf2fabdeb93fb0d] 현재 사용량: 67 / 1000...26번째 유저 처리중
[2025-03-10T16:00:21.015+0000] {collect_match_info_dag.py:50} INFO - [test_0ee4cbd363b2f7520651088e59cc0caa6fed3e1d2a3617a4dceddb088e523131efe8d04e6d233bd35cf2fabdeb93fb0d] 현재 사용량: 68 / 1000...26번째 유저 처리중
[2025-03-10T16:00:21.758+0000] {collect_match_info_dag.py:50} INFO - [test_0ee4cbd363b2f7520651088e59cc0caa6fed3e1d2a3617a4dceddb088e523131efe8d04e6d233bd35cf2fabdeb93fb0d] 현재 사용량: 69 / 1000...27번째 유저 처리중
[2025-03-10T16:00:22.928+0000] {collect_match_info_dag.py:50} INFO - [test_0ee4cbd363b2f7520651088e59cc0caa6fed3e1d2a3617a4dceddb088e523131efe8d04e6d233bd35cf2fabdeb93fb0d] 현재 사용량: 70 / 1000...27번째 유저 처리중
[2025-03-10T16:00:23.529+0000] {collect_match_info_dag.py:50} INFO - [test_0ee4cbd363b2f7520651088e59cc0caa6fed3e1d2a3617a4dceddb088e523131efe8d04e6d233bd35cf2fabdeb93fb0d] 현재 사용량: 71 / 1000...27번째 유저 처리중
[2025-03-10T16:00:24.258+0000] {collect_match_info_dag.py:50} INFO - [test_0ee4cbd363b2f7520651088e59cc0caa6fed3e1d2a3617a4dceddb088e523131efe8d04e6d233bd35cf2fabdeb93fb0d] 현재 사용량: 72 / 1000...28번째 유저 처리중
[2025-03-10T16:00:25.063+0000] {collect_match_info_dag.py:50} INFO - [test_0ee4cbd363b2f7520651088e59cc0caa6fed3e1d2a3617a4dceddb088e523131efe8d04e6d233bd35cf2fabdeb93fb0d] 현재 사용량: 73 / 1000...28번째 유저 처리중
[2025-03-10T16:00:25.653+0000] {collect_match_info_dag.py:50} INFO - [test_0ee4cbd363b2f7520651088e59cc0caa6fed3e1d2a3617a4dceddb088e523131efe8d04e6d233bd35cf2fabdeb93fb0d] 현재 사용량: 74 / 1000...28번째 유저 처리중
[2025-03-10T16:00:26.378+0000] {collect_match_info_dag.py:50} INFO - [test_0ee4cbd363b2f7520651088e59cc0caa6fed3e1d2a3617a4dceddb088e523131efe8d04e6d233bd35cf2fabdeb93fb0d] 현재 사용량: 75 / 1000...29번째 유저 처리중
[2025-03-10T16:00:27.500+0000] {collect_match_info_dag.py:50} INFO - [test_0ee4cbd363b2f7520651088e59cc0caa6fed3e1d2a3617a4dceddb088e523131efe8d04e6d233bd35cf2fabdeb93fb0d] 현재 사용량: 76 / 1000...29번째 유저 처리중
[2025-03-10T16:00:28.090+0000] {collect_match_info_dag.py:50} INFO - [test_0ee4cbd363b2f7520651088e59cc0caa6fed3e1d2a3617a4dceddb088e523131efe8d04e6d233bd35cf2fabdeb93fb0d] 현재 사용량: 77 / 1000...29번째 유저 처리중
[2025-03-10T16:00:28.819+0000] {collect_match_info_dag.py:50} INFO - [test_0ee4cbd363b2f7520651088e59cc0caa6fed3e1d2a3617a4dceddb088e523131efe8d04e6d233bd35cf2fabdeb93fb0d] 현재 사용량: 78 / 1000...30번째 유저 처리중
[2025-03-10T16:00:29.582+0000] {collect_match_info_dag.py:50} INFO - [test_0ee4cbd363b2f7520651088e59cc0caa6fed3e1d2a3617a4dceddb088e523131efe8d04e6d233bd35cf2fabdeb93fb0d] 현재 사용량: 79 / 1000...30번째 유저 처리중
[2025-03-10T16:00:30.208+0000] {collect_match_info_dag.py:50} INFO - [test_0ee4cbd363b2f7520651088e59cc0caa6fed3e1d2a3617a4dceddb088e523131efe8d04e6d233bd35cf2fabdeb93fb0d] 현재 사용량: 80 / 1000...30번째 유저 처리중
[2025-03-10T16:00:30.962+0000] {collect_match_info_dag.py:50} INFO - [test_0ee4cbd363b2f7520651088e59cc0caa6fed3e1d2a3617a4dceddb088e523131efe8d04e6d233bd35cf2fabdeb93fb0d] 현재 사용량: 81 / 1000...31번째 유저 처리중
[2025-03-10T16:00:31.974+0000] {collect_match_info_dag.py:50} INFO - [test_0ee4cbd363b2f7520651088e59cc0caa6fed3e1d2a3617a4dceddb088e523131efe8d04e6d233bd35cf2fabdeb93fb0d] 현재 사용량: 82 / 1000...31번째 유저 처리중
[2025-03-10T16:00:32.568+0000] {collect_match_info_dag.py:50} INFO - [test_0ee4cbd363b2f7520651088e59cc0caa6fed3e1d2a3617a4dceddb088e523131efe8d04e6d233bd35cf2fabdeb93fb0d] 현재 사용량: 83 / 1000...31번째 유저 처리중
[2025-03-10T16:00:33.297+0000] {collect_match_info_dag.py:50} INFO - [test_0ee4cbd363b2f7520651088e59cc0caa6fed3e1d2a3617a4dceddb088e523131efe8d04e6d233bd35cf2fabdeb93fb0d] 현재 사용량: 84 / 1000...32번째 유저 처리중
[2025-03-10T16:00:34.797+0000] {collect_match_info_dag.py:50} INFO - [test_0ee4cbd363b2f7520651088e59cc0caa6fed3e1d2a3617a4dceddb088e523131efe8d04e6d233bd35cf2fabdeb93fb0d] 현재 사용량: 85 / 1000...32번째 유저 처리중
[2025-03-10T16:00:35.338+0000] {collect_match_info_dag.py:50} INFO - [test_0ee4cbd363b2f7520651088e59cc0caa6fed3e1d2a3617a4dceddb088e523131efe8d04e6d233bd35cf2fabdeb93fb0d] 현재 사용량: 86 / 1000...32번째 유저 처리중
[2025-03-10T16:00:36.064+0000] {collect_match_info_dag.py:50} INFO - [test_0ee4cbd363b2f7520651088e59cc0caa6fed3e1d2a3617a4dceddb088e523131efe8d04e6d233bd35cf2fabdeb93fb0d] 현재 사용량: 87 / 1000...33번째 유저 처리중
[2025-03-10T16:00:36.850+0000] {collect_match_info_dag.py:50} INFO - [test_0ee4cbd363b2f7520651088e59cc0caa6fed3e1d2a3617a4dceddb088e523131efe8d04e6d233bd35cf2fabdeb93fb0d] 현재 사용량: 88 / 1000...33번째 유저 처리중
[2025-03-10T16:00:37.443+0000] {collect_match_info_dag.py:50} INFO - [test_0ee4cbd363b2f7520651088e59cc0caa6fed3e1d2a3617a4dceddb088e523131efe8d04e6d233bd35cf2fabdeb93fb0d] 현재 사용량: 89 / 1000...33번째 유저 처리중
[2025-03-10T16:00:38.201+0000] {collect_match_info_dag.py:50} INFO - [test_0ee4cbd363b2f7520651088e59cc0caa6fed3e1d2a3617a4dceddb088e523131efe8d04e6d233bd35cf2fabdeb93fb0d] 현재 사용량: 90 / 1000...34번째 유저 처리중
[2025-03-10T16:00:39.151+0000] {collect_match_info_dag.py:50} INFO - [test_0ee4cbd363b2f7520651088e59cc0caa6fed3e1d2a3617a4dceddb088e523131efe8d04e6d233bd35cf2fabdeb93fb0d] 현재 사용량: 91 / 1000...34번째 유저 처리중
[2025-03-10T16:00:39.747+0000] {collect_match_info_dag.py:50} INFO - [test_0ee4cbd363b2f7520651088e59cc0caa6fed3e1d2a3617a4dceddb088e523131efe8d04e6d233bd35cf2fabdeb93fb0d] 현재 사용량: 92 / 1000...34번째 유저 처리중
[2025-03-10T16:00:40.496+0000] {collect_match_info_dag.py:50} INFO - [test_0ee4cbd363b2f7520651088e59cc0caa6fed3e1d2a3617a4dceddb088e523131efe8d04e6d233bd35cf2fabdeb93fb0d] 현재 사용량: 93 / 1000...35번째 유저 처리중
[2025-03-10T16:00:41.671+0000] {collect_match_info_dag.py:50} INFO - [test_0ee4cbd363b2f7520651088e59cc0caa6fed3e1d2a3617a4dceddb088e523131efe8d04e6d233bd35cf2fabdeb93fb0d] 현재 사용량: 94 / 1000...35번째 유저 처리중
[2025-03-10T16:00:42.269+0000] {collect_match_info_dag.py:50} INFO - [test_0ee4cbd363b2f7520651088e59cc0caa6fed3e1d2a3617a4dceddb088e523131efe8d04e6d233bd35cf2fabdeb93fb0d] 현재 사용량: 95 / 1000...35번째 유저 처리중
[2025-03-10T16:00:43.029+0000] {collect_match_info_dag.py:50} INFO - [test_0ee4cbd363b2f7520651088e59cc0caa6fed3e1d2a3617a4dceddb088e523131efe8d04e6d233bd35cf2fabdeb93fb0d] 현재 사용량: 96 / 1000...36번째 유저 처리중
[2025-03-10T16:00:44.023+0000] {collect_match_info_dag.py:50} INFO - [test_0ee4cbd363b2f7520651088e59cc0caa6fed3e1d2a3617a4dceddb088e523131efe8d04e6d233bd35cf2fabdeb93fb0d] 현재 사용량: 97 / 1000...36번째 유저 처리중
[2025-03-10T16:00:44.616+0000] {collect_match_info_dag.py:50} INFO - [test_0ee4cbd363b2f7520651088e59cc0caa6fed3e1d2a3617a4dceddb088e523131efe8d04e6d233bd35cf2fabdeb93fb0d] 현재 사용량: 98 / 1000...36번째 유저 처리중
[2025-03-10T16:00:45.291+0000] {collect_match_info_dag.py:50} INFO - [test_0ee4cbd363b2f7520651088e59cc0caa6fed3e1d2a3617a4dceddb088e523131efe8d04e6d233bd35cf2fabdeb93fb0d] 현재 사용량: 99 / 1000...37번째 유저 처리중
[2025-03-10T16:00:46.069+0000] {collect_match_info_dag.py:50} INFO - [test_0ee4cbd363b2f7520651088e59cc0caa6fed3e1d2a3617a4dceddb088e523131efe8d04e6d233bd35cf2fabdeb93fb0d] 현재 사용량: 100 / 1000...37번째 유저 처리중
[2025-03-10T16:00:46.658+0000] {collect_match_info_dag.py:50} INFO - [test_0ee4cbd363b2f7520651088e59cc0caa6fed3e1d2a3617a4dceddb088e523131efe8d04e6d233bd35cf2fabdeb93fb0d] 현재 사용량: 101 / 1000...37번째 유저 처리중
[2025-03-10T16:00:47.383+0000] {collect_match_info_dag.py:50} INFO - [test_0ee4cbd363b2f7520651088e59cc0caa6fed3e1d2a3617a4dceddb088e523131efe8d04e6d233bd35cf2fabdeb93fb0d] 현재 사용량: 102 / 1000...38번째 유저 처리중
[2025-03-10T16:00:48.165+0000] {collect_match_info_dag.py:50} INFO - [test_0ee4cbd363b2f7520651088e59cc0caa6fed3e1d2a3617a4dceddb088e523131efe8d04e6d233bd35cf2fabdeb93fb0d] 현재 사용량: 103 / 1000...38번째 유저 처리중
[2025-03-10T16:00:48.541+0000] {local_task_job_runner.py:124} ERROR - Received SIGTERM. Terminating subprocesses
[2025-03-10T16:00:48.696+0000] {process_utils.py:132} INFO - Sending 15 to group 6809. PIDs of all processes in the group: [6809]
[2025-03-10T16:00:48.696+0000] {process_utils.py:87} INFO - Sending the signal 15 to group 6809
[2025-03-10T16:00:49.018+0000] {taskinstance.py:2611} ERROR - Received SIGTERM. Terminating subprocesses.
[2025-03-10T16:00:49.019+0000] {taskinstance.py:441} INFO - ::group::Post task execution logs
[2025-03-10T16:00:49.448+0000] {standard_task_runner.py:110} ERROR - Failed to execute job 43 for task collect_and_save_match_data_to_json_to_s3 ((psycopg2.OperationalError) could not translate host name "postgres" to address: Temporary failure in name resolution

(Background on this error at: https://sqlalche.me/e/14/e3q8); 6809)
[2025-03-10T16:00:49.485+0000] {process_utils.py:80} INFO - Process psutil.Process(pid=6809, status='terminated', exitcode=1, started='15:59:19') (6809) terminated with exit code 1
[2025-03-10T16:00:49.486+0000] {local_task_job_runner.py:240} INFO - Task exited with return code 143
[2025-03-10T16:00:50.058+0000] {job.py:218} ERROR - Job heartbeat got an exception
Traceback (most recent call last):
  File "/home/airflow/.local/lib/python3.9/site-packages/sqlalchemy/engine/base.py", line 3371, in _wrap_pool_connect
    return fn()
  File "/home/airflow/.local/lib/python3.9/site-packages/sqlalchemy/pool/base.py", line 327, in connect
    return _ConnectionFairy._checkout(self)
  File "/home/airflow/.local/lib/python3.9/site-packages/sqlalchemy/pool/base.py", line 894, in _checkout
    fairy = _ConnectionRecord.checkout(pool)
  File "/home/airflow/.local/lib/python3.9/site-packages/sqlalchemy/pool/base.py", line 493, in checkout
    rec = pool._do_get()
  File "/home/airflow/.local/lib/python3.9/site-packages/sqlalchemy/pool/impl.py", line 256, in _do_get
    return self._create_connection()
  File "/home/airflow/.local/lib/python3.9/site-packages/sqlalchemy/pool/base.py", line 273, in _create_connection
    return _ConnectionRecord(self)
  File "/home/airflow/.local/lib/python3.9/site-packages/sqlalchemy/pool/base.py", line 388, in __init__
    self.__connect()
  File "/home/airflow/.local/lib/python3.9/site-packages/sqlalchemy/pool/base.py", line 691, in __connect
    pool.logger.debug("Error on connect(): %s", e)
  File "/home/airflow/.local/lib/python3.9/site-packages/sqlalchemy/util/langhelpers.py", line 70, in __exit__
    compat.raise_(
  File "/home/airflow/.local/lib/python3.9/site-packages/sqlalchemy/util/compat.py", line 211, in raise_
    raise exception
  File "/home/airflow/.local/lib/python3.9/site-packages/sqlalchemy/pool/base.py", line 686, in __connect
    self.dbapi_connection = connection = pool._invoke_creator(self)
  File "/home/airflow/.local/lib/python3.9/site-packages/sqlalchemy/engine/create.py", line 574, in connect
    return dialect.connect(*cargs, **cparams)
  File "/home/airflow/.local/lib/python3.9/site-packages/sqlalchemy/engine/default.py", line 598, in connect
    return self.dbapi.connect(*cargs, **cparams)
  File "/home/airflow/.local/lib/python3.9/site-packages/psycopg2/__init__.py", line 122, in connect
    conn = _connect(dsn, connection_factory=connection_factory, **kwasync)
psycopg2.OperationalError: could not translate host name "postgres" to address: Temporary failure in name resolution


The above exception was the direct cause of the following exception:

Traceback (most recent call last):
  File "/home/airflow/.local/lib/python3.9/site-packages/airflow/jobs/job.py", line 192, in heartbeat
    self._merge_from(Job._fetch_from_db(self, session))
  File "/home/airflow/.local/lib/python3.9/site-packages/airflow/api_internal/internal_api_call.py", line 115, in wrapper
    return func(*args, **kwargs)
  File "/home/airflow/.local/lib/python3.9/site-packages/airflow/utils/session.py", line 76, in wrapper
    return func(*args, **kwargs)
  File "/home/airflow/.local/lib/python3.9/site-packages/airflow/utils/retries.py", line 89, in wrapped_function
    for attempt in run_with_db_retries(max_retries=retries, logger=logger, **retry_kwargs):
  File "/home/airflow/.local/lib/python3.9/site-packages/tenacity/__init__.py", line 347, in __iter__
    do = self.iter(retry_state=retry_state)
  File "/home/airflow/.local/lib/python3.9/site-packages/tenacity/__init__.py", line 325, in iter
    raise retry_exc.reraise()
  File "/home/airflow/.local/lib/python3.9/site-packages/tenacity/__init__.py", line 158, in reraise
    raise self.last_attempt.result()
  File "/usr/local/lib/python3.9/concurrent/futures/_base.py", line 439, in result
    return self.__get_result()
  File "/usr/local/lib/python3.9/concurrent/futures/_base.py", line 391, in __get_result
    raise self._exception
  File "/home/airflow/.local/lib/python3.9/site-packages/airflow/utils/retries.py", line 98, in wrapped_function
    return func(*args, **kwargs)
  File "/home/airflow/.local/lib/python3.9/site-packages/airflow/jobs/job.py", line 316, in _fetch_from_db
    session.merge(job)
  File "/home/airflow/.local/lib/python3.9/site-packages/sqlalchemy/orm/session.py", line 3056, in merge
    return self._merge(
  File "/home/airflow/.local/lib/python3.9/site-packages/sqlalchemy/orm/session.py", line 3136, in _merge
    merged = self.get(
  File "/home/airflow/.local/lib/python3.9/site-packages/sqlalchemy/orm/session.py", line 2853, in get
    return self._get_impl(
  File "/home/airflow/.local/lib/python3.9/site-packages/sqlalchemy/orm/session.py", line 2975, in _get_impl
    return db_load_fn(
  File "/home/airflow/.local/lib/python3.9/site-packages/sqlalchemy/orm/loading.py", line 530, in load_on_pk_identity
    session.execute(
  File "/home/airflow/.local/lib/python3.9/site-packages/sqlalchemy/orm/session.py", line 1716, in execute
    conn = self._connection_for_bind(bind)
  File "/home/airflow/.local/lib/python3.9/site-packages/sqlalchemy/orm/session.py", line 1555, in _connection_for_bind
    return self._transaction._connection_for_bind(
  File "/home/airflow/.local/lib/python3.9/site-packages/sqlalchemy/orm/session.py", line 750, in _connection_for_bind
    conn = bind.connect()
  File "/home/airflow/.local/lib/python3.9/site-packages/sqlalchemy/future/engine.py", line 412, in connect
    return super(Engine, self).connect()
  File "/home/airflow/.local/lib/python3.9/site-packages/sqlalchemy/engine/base.py", line 3325, in connect
    return self._connection_cls(self, close_with_result=close_with_result)
  File "/home/airflow/.local/lib/python3.9/site-packages/sqlalchemy/engine/base.py", line 96, in __init__
    else engine.raw_connection()
  File "/home/airflow/.local/lib/python3.9/site-packages/sqlalchemy/engine/base.py", line 3404, in raw_connection
    return self._wrap_pool_connect(self.pool.connect, _connection)
  File "/home/airflow/.local/lib/python3.9/site-packages/sqlalchemy/engine/base.py", line 3374, in _wrap_pool_connect
    Connection._handle_dbapi_exception_noconnection(
  File "/home/airflow/.local/lib/python3.9/site-packages/sqlalchemy/engine/base.py", line 2208, in _handle_dbapi_exception_noconnection
    util.raise_(
  File "/home/airflow/.local/lib/python3.9/site-packages/sqlalchemy/util/compat.py", line 211, in raise_
    raise exception
  File "/home/airflow/.local/lib/python3.9/site-packages/sqlalchemy/engine/base.py", line 3371, in _wrap_pool_connect
    return fn()
  File "/home/airflow/.local/lib/python3.9/site-packages/sqlalchemy/pool/base.py", line 327, in connect
    return _ConnectionFairy._checkout(self)
  File "/home/airflow/.local/lib/python3.9/site-packages/sqlalchemy/pool/base.py", line 894, in _checkout
    fairy = _ConnectionRecord.checkout(pool)
  File "/home/airflow/.local/lib/python3.9/site-packages/sqlalchemy/pool/base.py", line 493, in checkout
    rec = pool._do_get()
  File "/home/airflow/.local/lib/python3.9/site-packages/sqlalchemy/pool/impl.py", line 256, in _do_get
    return self._create_connection()
  File "/home/airflow/.local/lib/python3.9/site-packages/sqlalchemy/pool/base.py", line 273, in _create_connection
    return _ConnectionRecord(self)
  File "/home/airflow/.local/lib/python3.9/site-packages/sqlalchemy/pool/base.py", line 388, in __init__
    self.__connect()
  File "/home/airflow/.local/lib/python3.9/site-packages/sqlalchemy/pool/base.py", line 691, in __connect
    pool.logger.debug("Error on connect(): %s", e)
  File "/home/airflow/.local/lib/python3.9/site-packages/sqlalchemy/util/langhelpers.py", line 70, in __exit__
    compat.raise_(
  File "/home/airflow/.local/lib/python3.9/site-packages/sqlalchemy/util/compat.py", line 211, in raise_
    raise exception
  File "/home/airflow/.local/lib/python3.9/site-packages/sqlalchemy/pool/base.py", line 686, in __connect
    self.dbapi_connection = connection = pool._invoke_creator(self)
  File "/home/airflow/.local/lib/python3.9/site-packages/sqlalchemy/engine/create.py", line 574, in connect
    return dialect.connect(*cargs, **cparams)
  File "/home/airflow/.local/lib/python3.9/site-packages/sqlalchemy/engine/default.py", line 598, in connect
    return self.dbapi.connect(*cargs, **cparams)
  File "/home/airflow/.local/lib/python3.9/site-packages/psycopg2/__init__.py", line 122, in connect
    conn = _connect(dsn, connection_factory=connection_factory, **kwasync)
sqlalchemy.exc.OperationalError: (psycopg2.OperationalError) could not translate host name "postgres" to address: Temporary failure in name resolution

(Background on this error at: https://sqlalche.me/e/14/e3q8)
[2025-03-10T16:00:50.088+0000] {job.py:221} ERROR - Job heartbeat failed with error. Scheduler may go into unhealthy state
[2025-03-10T16:00:50.088+0000] {local_task_job_runner.py:222} INFO - ::endgroup::
