[2025-03-10T13:47:03.646+0000] {local_task_job_runner.py:120} INFO - ::group::Pre task execution logs
[2025-03-10T13:47:03.681+0000] {taskinstance.py:2076} INFO - Dependencies all met for dep_context=non-requeueable deps ti=<TaskInstance: fetch_nexon_data_sequential.trigger_spark_match_info_task scheduled__2025-03-09T01:00:00+00:00 [queued]>
[2025-03-10T13:47:03.691+0000] {taskinstance.py:2076} INFO - Dependencies all met for dep_context=requeueable deps ti=<TaskInstance: fetch_nexon_data_sequential.trigger_spark_match_info_task scheduled__2025-03-09T01:00:00+00:00 [queued]>
[2025-03-10T13:47:03.692+0000] {taskinstance.py:2306} INFO - Starting attempt 1 of 1
[2025-03-10T13:47:03.708+0000] {taskinstance.py:2330} INFO - Executing <Task(TriggerDagRunOperator): trigger_spark_match_info_task> on 2025-03-09 01:00:00+00:00
[2025-03-10T13:47:03.715+0000] {standard_task_runner.py:63} INFO - Started process 2567 to run task
[2025-03-10T13:47:03.719+0000] {standard_task_runner.py:90} INFO - Running: ['***', 'tasks', 'run', 'fetch_nexon_data_sequential', 'trigger_spark_match_info_task', 'scheduled__2025-03-09T01:00:00+00:00', '--job-id', '22', '--raw', '--subdir', 'DAGS_FOLDER/collect_match_info_dag.py', '--cfg-path', '/tmp/tmpd0z7kxsc']
[2025-03-10T13:47:03.722+0000] {standard_task_runner.py:91} INFO - Job 22: Subtask trigger_spark_match_info_task
[2025-03-10T13:47:03.788+0000] {task_command.py:426} INFO - Running <TaskInstance: fetch_nexon_data_sequential.trigger_spark_match_info_task scheduled__2025-03-09T01:00:00+00:00 [running]> on host a0d797a25898
[2025-03-10T13:47:03.895+0000] {taskinstance.py:2648} INFO - Exporting env vars: AIRFLOW_CTX_DAG_OWNER='***' AIRFLOW_CTX_DAG_ID='fetch_nexon_data_sequential' AIRFLOW_CTX_TASK_ID='trigger_spark_match_info_task' AIRFLOW_CTX_EXECUTION_DATE='2025-03-09T01:00:00+00:00' AIRFLOW_CTX_TRY_NUMBER='1' AIRFLOW_CTX_DAG_RUN_ID='scheduled__2025-03-09T01:00:00+00:00'
[2025-03-10T13:47:03.897+0000] {taskinstance.py:430} INFO - ::endgroup::
[2025-03-10T13:47:08.596+0000] {trigger_dagrun.py:222} INFO - Waiting for submit_spark_job_v3 on 2025-03-10 13:47:04.085485+00:00 to become allowed state ['success'] ...
[2025-03-10T13:48:08.655+0000] {trigger_dagrun.py:222} INFO - Waiting for submit_spark_job_v3 on 2025-03-10 13:47:04.085485+00:00 to become allowed state ['success'] ...
[2025-03-10T13:49:08.727+0000] {trigger_dagrun.py:222} INFO - Waiting for submit_spark_job_v3 on 2025-03-10 13:47:04.085485+00:00 to become allowed state ['success'] ...
[2025-03-10T13:50:08.791+0000] {trigger_dagrun.py:222} INFO - Waiting for submit_spark_job_v3 on 2025-03-10 13:47:04.085485+00:00 to become allowed state ['success'] ...
[2025-03-10T13:51:08.859+0000] {trigger_dagrun.py:222} INFO - Waiting for submit_spark_job_v3 on 2025-03-10 13:47:04.085485+00:00 to become allowed state ['success'] ...
[2025-03-10T13:52:08.930+0000] {trigger_dagrun.py:222} INFO - Waiting for submit_spark_job_v3 on 2025-03-10 13:47:04.085485+00:00 to become allowed state ['success'] ...
[2025-03-10T13:53:09.003+0000] {trigger_dagrun.py:222} INFO - Waiting for submit_spark_job_v3 on 2025-03-10 13:47:04.085485+00:00 to become allowed state ['success'] ...
[2025-03-10T13:54:09.024+0000] {trigger_dagrun.py:222} INFO - Waiting for submit_spark_job_v3 on 2025-03-10 13:47:04.085485+00:00 to become allowed state ['success'] ...
[2025-03-10T13:55:09.097+0000] {trigger_dagrun.py:222} INFO - Waiting for submit_spark_job_v3 on 2025-03-10 13:47:04.085485+00:00 to become allowed state ['success'] ...
[2025-03-10T13:56:09.131+0000] {trigger_dagrun.py:222} INFO - Waiting for submit_spark_job_v3 on 2025-03-10 13:47:04.085485+00:00 to become allowed state ['success'] ...
[2025-03-10T13:57:09.155+0000] {trigger_dagrun.py:222} INFO - Waiting for submit_spark_job_v3 on 2025-03-10 13:47:04.085485+00:00 to become allowed state ['success'] ...
[2025-03-10T13:58:09.219+0000] {trigger_dagrun.py:222} INFO - Waiting for submit_spark_job_v3 on 2025-03-10 13:47:04.085485+00:00 to become allowed state ['success'] ...
[2025-03-10T13:59:09.258+0000] {trigger_dagrun.py:222} INFO - Waiting for submit_spark_job_v3 on 2025-03-10 13:47:04.085485+00:00 to become allowed state ['success'] ...
[2025-03-10T14:00:09.323+0000] {trigger_dagrun.py:222} INFO - Waiting for submit_spark_job_v3 on 2025-03-10 13:47:04.085485+00:00 to become allowed state ['success'] ...
[2025-03-10T14:01:09.392+0000] {trigger_dagrun.py:222} INFO - Waiting for submit_spark_job_v3 on 2025-03-10 13:47:04.085485+00:00 to become allowed state ['success'] ...
[2025-03-10T14:02:09.418+0000] {trigger_dagrun.py:222} INFO - Waiting for submit_spark_job_v3 on 2025-03-10 13:47:04.085485+00:00 to become allowed state ['success'] ...
[2025-03-10T14:03:09.483+0000] {trigger_dagrun.py:222} INFO - Waiting for submit_spark_job_v3 on 2025-03-10 13:47:04.085485+00:00 to become allowed state ['success'] ...
[2025-03-10T14:04:09.533+0000] {trigger_dagrun.py:222} INFO - Waiting for submit_spark_job_v3 on 2025-03-10 13:47:04.085485+00:00 to become allowed state ['success'] ...
[2025-03-10T14:05:09.552+0000] {trigger_dagrun.py:222} INFO - Waiting for submit_spark_job_v3 on 2025-03-10 13:47:04.085485+00:00 to become allowed state ['success'] ...
[2025-03-10T14:06:09.624+0000] {trigger_dagrun.py:222} INFO - Waiting for submit_spark_job_v3 on 2025-03-10 13:47:04.085485+00:00 to become allowed state ['success'] ...
[2025-03-10T14:07:09.696+0000] {trigger_dagrun.py:222} INFO - Waiting for submit_spark_job_v3 on 2025-03-10 13:47:04.085485+00:00 to become allowed state ['success'] ...
[2025-03-10T14:08:09.767+0000] {trigger_dagrun.py:222} INFO - Waiting for submit_spark_job_v3 on 2025-03-10 13:47:04.085485+00:00 to become allowed state ['success'] ...
[2025-03-10T14:09:09.837+0000] {trigger_dagrun.py:222} INFO - Waiting for submit_spark_job_v3 on 2025-03-10 13:47:04.085485+00:00 to become allowed state ['success'] ...
[2025-03-10T14:10:09.901+0000] {trigger_dagrun.py:222} INFO - Waiting for submit_spark_job_v3 on 2025-03-10 13:47:04.085485+00:00 to become allowed state ['success'] ...
[2025-03-10T14:11:09.973+0000] {trigger_dagrun.py:222} INFO - Waiting for submit_spark_job_v3 on 2025-03-10 13:47:04.085485+00:00 to become allowed state ['success'] ...
[2025-03-10T14:12:10.044+0000] {trigger_dagrun.py:222} INFO - Waiting for submit_spark_job_v3 on 2025-03-10 13:47:04.085485+00:00 to become allowed state ['success'] ...
[2025-03-10T14:13:10.113+0000] {trigger_dagrun.py:222} INFO - Waiting for submit_spark_job_v3 on 2025-03-10 13:47:04.085485+00:00 to become allowed state ['success'] ...
[2025-03-10T14:14:10.185+0000] {trigger_dagrun.py:222} INFO - Waiting for submit_spark_job_v3 on 2025-03-10 13:47:04.085485+00:00 to become allowed state ['success'] ...
[2025-03-10T14:15:10.258+0000] {trigger_dagrun.py:222} INFO - Waiting for submit_spark_job_v3 on 2025-03-10 13:47:04.085485+00:00 to become allowed state ['success'] ...
[2025-03-10T14:16:10.331+0000] {trigger_dagrun.py:222} INFO - Waiting for submit_spark_job_v3 on 2025-03-10 13:47:04.085485+00:00 to become allowed state ['success'] ...
[2025-03-10T14:17:10.384+0000] {trigger_dagrun.py:222} INFO - Waiting for submit_spark_job_v3 on 2025-03-10 13:47:04.085485+00:00 to become allowed state ['success'] ...
[2025-03-10T14:18:10.456+0000] {trigger_dagrun.py:222} INFO - Waiting for submit_spark_job_v3 on 2025-03-10 13:47:04.085485+00:00 to become allowed state ['success'] ...
[2025-03-10T14:19:10.472+0000] {trigger_dagrun.py:222} INFO - Waiting for submit_spark_job_v3 on 2025-03-10 13:47:04.085485+00:00 to become allowed state ['success'] ...
[2025-03-10T14:20:10.537+0000] {trigger_dagrun.py:222} INFO - Waiting for submit_spark_job_v3 on 2025-03-10 13:47:04.085485+00:00 to become allowed state ['success'] ...
[2025-03-10T14:21:10.603+0000] {trigger_dagrun.py:222} INFO - Waiting for submit_spark_job_v3 on 2025-03-10 13:47:04.085485+00:00 to become allowed state ['success'] ...
[2025-03-10T14:22:10.657+0000] {trigger_dagrun.py:222} INFO - Waiting for submit_spark_job_v3 on 2025-03-10 13:47:04.085485+00:00 to become allowed state ['success'] ...
[2025-03-10T14:23:10.691+0000] {trigger_dagrun.py:222} INFO - Waiting for submit_spark_job_v3 on 2025-03-10 13:47:04.085485+00:00 to become allowed state ['success'] ...
[2025-03-10T14:24:10.722+0000] {trigger_dagrun.py:222} INFO - Waiting for submit_spark_job_v3 on 2025-03-10 13:47:04.085485+00:00 to become allowed state ['success'] ...
[2025-03-10T14:25:10.758+0000] {trigger_dagrun.py:222} INFO - Waiting for submit_spark_job_v3 on 2025-03-10 13:47:04.085485+00:00 to become allowed state ['success'] ...
[2025-03-10T14:26:10.833+0000] {trigger_dagrun.py:222} INFO - Waiting for submit_spark_job_v3 on 2025-03-10 13:47:04.085485+00:00 to become allowed state ['success'] ...
[2025-03-10T14:27:10.906+0000] {trigger_dagrun.py:222} INFO - Waiting for submit_spark_job_v3 on 2025-03-10 13:47:04.085485+00:00 to become allowed state ['success'] ...
[2025-03-10T14:28:10.983+0000] {trigger_dagrun.py:222} INFO - Waiting for submit_spark_job_v3 on 2025-03-10 13:47:04.085485+00:00 to become allowed state ['success'] ...
[2025-03-10T14:29:11.034+0000] {trigger_dagrun.py:222} INFO - Waiting for submit_spark_job_v3 on 2025-03-10 13:47:04.085485+00:00 to become allowed state ['success'] ...
[2025-03-10T14:30:11.100+0000] {trigger_dagrun.py:222} INFO - Waiting for submit_spark_job_v3 on 2025-03-10 13:47:04.085485+00:00 to become allowed state ['success'] ...
[2025-03-10T14:31:11.155+0000] {trigger_dagrun.py:222} INFO - Waiting for submit_spark_job_v3 on 2025-03-10 13:47:04.085485+00:00 to become allowed state ['success'] ...
[2025-03-10T14:32:11.225+0000] {trigger_dagrun.py:222} INFO - Waiting for submit_spark_job_v3 on 2025-03-10 13:47:04.085485+00:00 to become allowed state ['success'] ...
[2025-03-10T14:33:11.287+0000] {trigger_dagrun.py:222} INFO - Waiting for submit_spark_job_v3 on 2025-03-10 13:47:04.085485+00:00 to become allowed state ['success'] ...
[2025-03-10T14:34:11.360+0000] {trigger_dagrun.py:222} INFO - Waiting for submit_spark_job_v3 on 2025-03-10 13:47:04.085485+00:00 to become allowed state ['success'] ...
[2025-03-10T14:35:11.456+0000] {trigger_dagrun.py:222} INFO - Waiting for submit_spark_job_v3 on 2025-03-10 13:47:04.085485+00:00 to become allowed state ['success'] ...
[2025-03-10T14:36:11.515+0000] {trigger_dagrun.py:222} INFO - Waiting for submit_spark_job_v3 on 2025-03-10 13:47:04.085485+00:00 to become allowed state ['success'] ...
[2025-03-10T14:37:11.581+0000] {trigger_dagrun.py:222} INFO - Waiting for submit_spark_job_v3 on 2025-03-10 13:47:04.085485+00:00 to become allowed state ['success'] ...
[2025-03-10T14:38:11.619+0000] {trigger_dagrun.py:222} INFO - Waiting for submit_spark_job_v3 on 2025-03-10 13:47:04.085485+00:00 to become allowed state ['success'] ...
[2025-03-10T14:39:11.684+0000] {trigger_dagrun.py:222} INFO - Waiting for submit_spark_job_v3 on 2025-03-10 13:47:04.085485+00:00 to become allowed state ['success'] ...
[2025-03-10T14:40:11.744+0000] {trigger_dagrun.py:222} INFO - Waiting for submit_spark_job_v3 on 2025-03-10 13:47:04.085485+00:00 to become allowed state ['success'] ...
[2025-03-10T14:41:11.810+0000] {trigger_dagrun.py:222} INFO - Waiting for submit_spark_job_v3 on 2025-03-10 13:47:04.085485+00:00 to become allowed state ['success'] ...
[2025-03-10T14:42:11.881+0000] {trigger_dagrun.py:222} INFO - Waiting for submit_spark_job_v3 on 2025-03-10 13:47:04.085485+00:00 to become allowed state ['success'] ...
[2025-03-10T14:43:11.952+0000] {trigger_dagrun.py:222} INFO - Waiting for submit_spark_job_v3 on 2025-03-10 13:47:04.085485+00:00 to become allowed state ['success'] ...
[2025-03-10T14:44:12.024+0000] {trigger_dagrun.py:222} INFO - Waiting for submit_spark_job_v3 on 2025-03-10 13:47:04.085485+00:00 to become allowed state ['success'] ...
[2025-03-10T14:45:12.095+0000] {trigger_dagrun.py:222} INFO - Waiting for submit_spark_job_v3 on 2025-03-10 13:47:04.085485+00:00 to become allowed state ['success'] ...
[2025-03-10T14:46:12.167+0000] {trigger_dagrun.py:222} INFO - Waiting for submit_spark_job_v3 on 2025-03-10 13:47:04.085485+00:00 to become allowed state ['success'] ...
[2025-03-10T14:47:12.182+0000] {trigger_dagrun.py:222} INFO - Waiting for submit_spark_job_v3 on 2025-03-10 13:47:04.085485+00:00 to become allowed state ['success'] ...
[2025-03-10T14:48:12.251+0000] {trigger_dagrun.py:222} INFO - Waiting for submit_spark_job_v3 on 2025-03-10 13:47:04.085485+00:00 to become allowed state ['success'] ...
[2025-03-10T14:49:12.270+0000] {trigger_dagrun.py:222} INFO - Waiting for submit_spark_job_v3 on 2025-03-10 13:47:04.085485+00:00 to become allowed state ['success'] ...
[2025-03-10T14:50:12.330+0000] {trigger_dagrun.py:222} INFO - Waiting for submit_spark_job_v3 on 2025-03-10 13:47:04.085485+00:00 to become allowed state ['success'] ...
[2025-03-10T14:51:12.396+0000] {trigger_dagrun.py:222} INFO - Waiting for submit_spark_job_v3 on 2025-03-10 13:47:04.085485+00:00 to become allowed state ['success'] ...
[2025-03-10T14:52:12.459+0000] {trigger_dagrun.py:222} INFO - Waiting for submit_spark_job_v3 on 2025-03-10 13:47:04.085485+00:00 to become allowed state ['success'] ...
[2025-03-10T14:53:12.530+0000] {trigger_dagrun.py:222} INFO - Waiting for submit_spark_job_v3 on 2025-03-10 13:47:04.085485+00:00 to become allowed state ['success'] ...
[2025-03-10T14:54:12.561+0000] {trigger_dagrun.py:222} INFO - Waiting for submit_spark_job_v3 on 2025-03-10 13:47:04.085485+00:00 to become allowed state ['success'] ...
[2025-03-10T14:55:12.595+0000] {trigger_dagrun.py:222} INFO - Waiting for submit_spark_job_v3 on 2025-03-10 13:47:04.085485+00:00 to become allowed state ['success'] ...
[2025-03-10T14:56:12.665+0000] {trigger_dagrun.py:222} INFO - Waiting for submit_spark_job_v3 on 2025-03-10 13:47:04.085485+00:00 to become allowed state ['success'] ...
[2025-03-10T14:57:12.722+0000] {trigger_dagrun.py:222} INFO - Waiting for submit_spark_job_v3 on 2025-03-10 13:47:04.085485+00:00 to become allowed state ['success'] ...
[2025-03-10T14:58:12.787+0000] {trigger_dagrun.py:222} INFO - Waiting for submit_spark_job_v3 on 2025-03-10 13:47:04.085485+00:00 to become allowed state ['success'] ...
[2025-03-10T14:59:12.859+0000] {trigger_dagrun.py:222} INFO - Waiting for submit_spark_job_v3 on 2025-03-10 13:47:04.085485+00:00 to become allowed state ['success'] ...
[2025-03-10T15:00:12.931+0000] {trigger_dagrun.py:222} INFO - Waiting for submit_spark_job_v3 on 2025-03-10 13:47:04.085485+00:00 to become allowed state ['success'] ...
[2025-03-10T15:01:13.007+0000] {trigger_dagrun.py:222} INFO - Waiting for submit_spark_job_v3 on 2025-03-10 13:47:04.085485+00:00 to become allowed state ['success'] ...
[2025-03-10T15:02:13.079+0000] {trigger_dagrun.py:222} INFO - Waiting for submit_spark_job_v3 on 2025-03-10 13:47:04.085485+00:00 to become allowed state ['success'] ...
[2025-03-10T15:03:13.156+0000] {trigger_dagrun.py:222} INFO - Waiting for submit_spark_job_v3 on 2025-03-10 13:47:04.085485+00:00 to become allowed state ['success'] ...
[2025-03-10T15:04:13.177+0000] {trigger_dagrun.py:222} INFO - Waiting for submit_spark_job_v3 on 2025-03-10 13:47:04.085485+00:00 to become allowed state ['success'] ...
[2025-03-10T15:05:13.247+0000] {trigger_dagrun.py:222} INFO - Waiting for submit_spark_job_v3 on 2025-03-10 13:47:04.085485+00:00 to become allowed state ['success'] ...
[2025-03-10T15:05:30.741+0000] {local_task_job_runner.py:310} WARNING - State of this instance has been externally set to success. Terminating instance.
[2025-03-10T15:05:30.742+0000] {local_task_job_runner.py:222} INFO - ::endgroup::
[2025-03-10T15:05:30.746+0000] {process_utils.py:132} INFO - Sending 15 to group 2567. PIDs of all processes in the group: [2567]
[2025-03-10T15:05:30.747+0000] {process_utils.py:87} INFO - Sending the signal 15 to group 2567
[2025-03-10T15:05:30.748+0000] {taskinstance.py:2611} ERROR - Received SIGTERM. Terminating subprocesses.
[2025-03-10T15:05:30.749+0000] {taskinstance.py:441} INFO - ::group::Post task execution logs
[2025-03-10T15:05:30.841+0000] {process_utils.py:80} INFO - Process psutil.Process(pid=2567, status='terminated', exitcode=0, started='13:47:03') (2567) terminated with exit code 0
