[2025-03-08T06:24:27.070+0000] {local_task_job_runner.py:120} INFO - ::group::Pre task execution logs
[2025-03-08T06:24:27.093+0000] {taskinstance.py:2076} INFO - Dependencies all met for dep_context=non-requeueable deps ti=<TaskInstance: parquet_to_redshift.s3_to_redshift_match_data manual__2025-03-07T00:00:00+00:00 [queued]>
[2025-03-08T06:24:27.102+0000] {taskinstance.py:2076} INFO - Dependencies all met for dep_context=requeueable deps ti=<TaskInstance: parquet_to_redshift.s3_to_redshift_match_data manual__2025-03-07T00:00:00+00:00 [queued]>
[2025-03-08T06:24:27.103+0000] {taskinstance.py:2306} INFO - Starting attempt 1 of 2
[2025-03-08T06:24:27.116+0000] {taskinstance.py:2330} INFO - Executing <Task(S3ToRedshiftOperator): s3_to_redshift_match_data> on 2025-03-07 00:00:00+00:00
[2025-03-08T06:24:27.124+0000] {standard_task_runner.py:63} INFO - Started process 7734 to run task
[2025-03-08T06:24:27.129+0000] {standard_task_runner.py:90} INFO - Running: ['***', 'tasks', 'run', 'parquet_to_redshift', 's3_to_redshift_match_data', 'manual__2025-03-07T00:00:00+00:00', '--job-id', '16', '--raw', '--subdir', 'DAGS_FOLDER/match_info_redshift.py', '--cfg-path', '/tmp/tmpn1jpyigl']
[2025-03-08T06:24:27.131+0000] {standard_task_runner.py:91} INFO - Job 16: Subtask s3_to_redshift_match_data
[2025-03-08T06:24:27.203+0000] {task_command.py:426} INFO - Running <TaskInstance: parquet_to_redshift.s3_to_redshift_match_data manual__2025-03-07T00:00:00+00:00 [running]> on host be828dc9717c
[2025-03-08T06:24:27.274+0000] {logging_mixin.py:188} WARNING - /home/***/.local/lib/python3.9/site-packages/***/utils/context.py:212 AirflowContextDeprecationWarning: Accessing 'execution_date' from the template is deprecated and will be removed in a future version. Please use 'data_interval_start' or 'logical_date' instead.
[2025-03-08T06:24:27.326+0000] {taskinstance.py:2648} INFO - Exporting env vars: AIRFLOW_CTX_DAG_OWNER='***' AIRFLOW_CTX_DAG_ID='parquet_to_redshift' AIRFLOW_CTX_TASK_ID='s3_to_redshift_match_data' AIRFLOW_CTX_EXECUTION_DATE='2025-03-07T00:00:00+00:00' AIRFLOW_CTX_TRY_NUMBER='1' AIRFLOW_CTX_DAG_RUN_ID='manual__2025-03-07T00:00:00+00:00'
[2025-03-08T06:24:27.327+0000] {taskinstance.py:430} INFO - ::endgroup::
[2025-03-08T06:24:27.362+0000] {base.py:84} INFO - Using connection ID 's3_conn_team' for task execution.
[2025-03-08T06:24:27.374+0000] {base.py:84} INFO - Using connection ID 's3_conn_team' for task execution.
[2025-03-08T06:24:27.375+0000] {connection_wrapper.py:384} INFO - AWS Connection (conn_id='s3_conn_team', conn_type='aws') credentials retrieved from login and password.
[2025-03-08T06:24:27.389+0000] {s3_to_redshift.py:193} INFO - Executing COPY command...
[2025-03-08T06:24:27.403+0000] {base.py:84} INFO - Using connection ID 'redshift_conn_team' for task execution.
[2025-03-08T06:24:27.783+0000] {sql.py:470} INFO - Running statement: BEGIN;, parameters: None
[2025-03-08T06:24:27.789+0000] {sql.py:470} INFO - Running statement: DELETE FROM analytics.match_info;, parameters: None
[2025-03-08T06:24:27.831+0000] {sql.py:479} INFO - Rows affected: 0
[2025-03-08T06:24:27.831+0000] {sql.py:470} INFO - Running statement: 
                    COPY analytics.match_info 
                    FROM 's3://de5-finalproj-team2/analytics/match_data/2025-03-07/'
                    credentials
                    'aws_access_key_id=AKIA4RRVVY55RK5T7HCV;aws_secret_access_key=***'
                    
                    FORMAT AS PARQUET;
        , parameters: None
[2025-03-08T06:24:28.394+0000] {sql.py:470} INFO - Running statement: COMMIT, parameters: None
[2025-03-08T06:24:28.447+0000] {s3_to_redshift.py:198} INFO - COPY command complete...
[2025-03-08T06:24:28.448+0000] {taskinstance.py:441} INFO - ::group::Post task execution logs
[2025-03-08T06:24:28.466+0000] {taskinstance.py:1206} INFO - Marking task as SUCCESS. dag_id=parquet_to_redshift, task_id=s3_to_redshift_match_data, run_id=manual__2025-03-07T00:00:00+00:00, execution_date=20250307T000000, start_date=20250308T062427, end_date=20250308T062428
[2025-03-08T06:24:28.510+0000] {local_task_job_runner.py:240} INFO - Task exited with return code 0
[2025-03-08T06:24:28.549+0000] {taskinstance.py:3498} INFO - 0 downstream tasks scheduled from follow-on schedule check
[2025-03-08T06:24:28.551+0000] {local_task_job_runner.py:222} INFO - ::endgroup::
