[2025-03-13T08:48:47.258+0000] {local_task_job_runner.py:120} INFO - ::group::Pre task execution logs
[2025-03-13T08:48:47.280+0000] {taskinstance.py:2076} INFO - Dependencies all met for dep_context=non-requeueable deps ti=<TaskInstance: match_info_to_redshift_dag.s3_to_redshift_match_data manual__2025-03-13T08:48:44.738690+00:00 [queued]>
[2025-03-13T08:48:47.290+0000] {taskinstance.py:2076} INFO - Dependencies all met for dep_context=requeueable deps ti=<TaskInstance: match_info_to_redshift_dag.s3_to_redshift_match_data manual__2025-03-13T08:48:44.738690+00:00 [queued]>
[2025-03-13T08:48:47.290+0000] {taskinstance.py:2306} INFO - Starting attempt 1 of 2
[2025-03-13T08:48:47.305+0000] {taskinstance.py:2330} INFO - Executing <Task(S3ToRedshiftOperator): s3_to_redshift_match_data> on 2025-03-13 08:48:44.738690+00:00
[2025-03-13T08:48:47.316+0000] {standard_task_runner.py:63} INFO - Started process 32440 to run task
[2025-03-13T08:48:47.324+0000] {standard_task_runner.py:90} INFO - Running: ['***', 'tasks', 'run', 'match_info_to_redshift_dag', 's3_to_redshift_match_data', 'manual__2025-03-13T08:48:44.738690+00:00', '--job-id', '153', '--raw', '--subdir', 'DAGS_FOLDER/match_info_redshift_dag.py', '--cfg-path', '/tmp/tmpx2r9k0r5']
[2025-03-13T08:48:47.327+0000] {standard_task_runner.py:91} INFO - Job 153: Subtask s3_to_redshift_match_data
[2025-03-13T08:48:47.394+0000] {task_command.py:426} INFO - Running <TaskInstance: match_info_to_redshift_dag.s3_to_redshift_match_data manual__2025-03-13T08:48:44.738690+00:00 [running]> on host a0d797a25898
[2025-03-13T08:48:47.521+0000] {taskinstance.py:2648} INFO - Exporting env vars: AIRFLOW_CTX_DAG_OWNER='***' AIRFLOW_CTX_DAG_ID='match_info_to_redshift_dag' AIRFLOW_CTX_TASK_ID='s3_to_redshift_match_data' AIRFLOW_CTX_EXECUTION_DATE='2025-03-13T08:48:44.738690+00:00' AIRFLOW_CTX_TRY_NUMBER='1' AIRFLOW_CTX_DAG_RUN_ID='manual__2025-03-13T08:48:44.738690+00:00'
[2025-03-13T08:48:47.522+0000] {taskinstance.py:430} INFO - ::endgroup::
[2025-03-13T08:48:47.550+0000] {base.py:84} INFO - Using connection ID 's3_conn_team' for task execution.
[2025-03-13T08:48:47.562+0000] {base.py:84} INFO - Using connection ID 's3_conn_team' for task execution.
[2025-03-13T08:48:47.562+0000] {connection_wrapper.py:384} INFO - AWS Connection (conn_id='s3_conn_team', conn_type='aws') credentials retrieved from login and password.
[2025-03-13T08:48:47.575+0000] {s3_to_redshift.py:193} INFO - Executing COPY command...
[2025-03-13T08:48:47.587+0000] {base.py:84} INFO - Using connection ID 'redshift_conn_team' for task execution.
[2025-03-13T08:48:47.938+0000] {sql.py:470} INFO - Running statement: BEGIN;, parameters: None
[2025-03-13T08:48:47.944+0000] {sql.py:470} INFO - Running statement: DELETE FROM analytics.match_info;, parameters: None
[2025-03-13T08:48:47.970+0000] {sql.py:479} INFO - Rows affected: 17604
[2025-03-13T08:48:47.971+0000] {sql.py:470} INFO - Running statement: 
                    COPY analytics.match_info 
                    FROM 's3://de5-finalproj-team2/analytics/match_data/2025-03-13/'
                    credentials
                    'aws_access_key_id=AKIA4RRVVY55RK5T7HCV;aws_secret_access_key=***'
                    
                    FORMAT AS PARQUET;
        , parameters: None
[2025-03-13T08:48:48.315+0000] {sql.py:470} INFO - Running statement: COMMIT, parameters: None
[2025-03-13T08:48:48.375+0000] {s3_to_redshift.py:198} INFO - COPY command complete...
[2025-03-13T08:48:48.375+0000] {taskinstance.py:441} INFO - ::group::Post task execution logs
[2025-03-13T08:48:48.392+0000] {taskinstance.py:1206} INFO - Marking task as SUCCESS. dag_id=match_info_to_redshift_dag, task_id=s3_to_redshift_match_data, run_id=manual__2025-03-13T08:48:44.738690+00:00, execution_date=20250313T084844, start_date=20250313T084847, end_date=20250313T084848
[2025-03-13T08:48:48.421+0000] {local_task_job_runner.py:240} INFO - Task exited with return code 0
[2025-03-13T08:48:48.444+0000] {taskinstance.py:3498} INFO - 0 downstream tasks scheduled from follow-on schedule check
[2025-03-13T08:48:48.446+0000] {local_task_job_runner.py:222} INFO - ::endgroup::
