[2025-03-14T08:52:46.900+0000] {processor.py:161} INFO - Started process (PID=33767) to work on /opt/airflow/dags/team_color_info_to_reshift.py
[2025-03-14T08:52:46.901+0000] {processor.py:830} INFO - Processing file /opt/airflow/dags/team_color_info_to_reshift.py for tasks to queue
[2025-03-14T08:52:46.903+0000] {logging_mixin.py:188} INFO - [2025-03-14T08:52:46.903+0000] {dagbag.py:545} INFO - Filling up the DagBag from /opt/airflow/dags/team_color_info_to_reshift.py
[2025-03-14T08:52:46.916+0000] {processor.py:840} INFO - DAG(s) 'daily_team_color_info_update' retrieved from /opt/airflow/dags/team_color_info_to_reshift.py
[2025-03-14T08:52:47.034+0000] {logging_mixin.py:188} INFO - [2025-03-14T08:52:47.033+0000] {override.py:1829} INFO - Created Permission View: can delete on DAG:daily_team_color_info_update
[2025-03-14T08:52:47.046+0000] {logging_mixin.py:188} INFO - [2025-03-14T08:52:47.046+0000] {override.py:1829} INFO - Created Permission View: can edit on DAG:daily_team_color_info_update
[2025-03-14T08:52:47.054+0000] {logging_mixin.py:188} INFO - [2025-03-14T08:52:47.053+0000] {override.py:1829} INFO - Created Permission View: can read on DAG:daily_team_color_info_update
[2025-03-14T08:52:47.054+0000] {logging_mixin.py:188} INFO - [2025-03-14T08:52:47.054+0000] {dag.py:3096} INFO - Sync 1 DAGs
[2025-03-14T08:52:47.066+0000] {logging_mixin.py:188} INFO - [2025-03-14T08:52:47.066+0000] {dag.py:3118} INFO - Creating ORM DAG for daily_team_color_info_update
[2025-03-14T08:52:47.078+0000] {logging_mixin.py:188} INFO - [2025-03-14T08:52:47.078+0000] {dag.py:3954} INFO - Setting next_dagrun for daily_team_color_info_update to 2025-03-13 03:35:00+00:00, run_after=2025-03-14 03:35:00+00:00
[2025-03-14T08:52:47.095+0000] {processor.py:183} INFO - Processing /opt/airflow/dags/team_color_info_to_reshift.py took 0.202 seconds
[2025-03-14T08:53:07.512+0000] {processor.py:161} INFO - Started process (PID=33795) to work on /opt/airflow/dags/team_color_info_to_reshift.py
[2025-03-14T08:53:07.515+0000] {processor.py:830} INFO - Processing file /opt/airflow/dags/team_color_info_to_reshift.py for tasks to queue
[2025-03-14T08:53:07.519+0000] {logging_mixin.py:188} INFO - [2025-03-14T08:53:07.519+0000] {dagbag.py:545} INFO - Filling up the DagBag from /opt/airflow/dags/team_color_info_to_reshift.py
[2025-03-14T08:53:07.559+0000] {processor.py:840} INFO - DAG(s) 'daily_team_color_info_update' retrieved from /opt/airflow/dags/team_color_info_to_reshift.py
[2025-03-14T08:53:07.593+0000] {logging_mixin.py:188} INFO - [2025-03-14T08:53:07.593+0000] {dag.py:3096} INFO - Sync 1 DAGs
[2025-03-14T08:53:07.636+0000] {logging_mixin.py:188} INFO - [2025-03-14T08:53:07.635+0000] {dag.py:3954} INFO - Setting next_dagrun for daily_team_color_info_update to 2025-03-13 03:45:00+00:00, run_after=2025-03-14 03:45:00+00:00
[2025-03-14T08:53:07.670+0000] {processor.py:183} INFO - Processing /opt/airflow/dags/team_color_info_to_reshift.py took 0.168 seconds
[2025-03-14T08:53:37.712+0000] {processor.py:161} INFO - Started process (PID=33839) to work on /opt/airflow/dags/team_color_info_to_reshift.py
[2025-03-14T08:53:37.714+0000] {processor.py:830} INFO - Processing file /opt/airflow/dags/team_color_info_to_reshift.py for tasks to queue
[2025-03-14T08:53:37.717+0000] {logging_mixin.py:188} INFO - [2025-03-14T08:53:37.716+0000] {dagbag.py:545} INFO - Filling up the DagBag from /opt/airflow/dags/team_color_info_to_reshift.py
[2025-03-14T08:53:37.735+0000] {processor.py:840} INFO - DAG(s) 'daily_team_color_info_update' retrieved from /opt/airflow/dags/team_color_info_to_reshift.py
[2025-03-14T08:53:37.881+0000] {logging_mixin.py:188} INFO - [2025-03-14T08:53:37.881+0000] {dag.py:3096} INFO - Sync 1 DAGs
[2025-03-14T08:53:37.926+0000] {logging_mixin.py:188} INFO - [2025-03-14T08:53:37.925+0000] {dag.py:3954} INFO - Setting next_dagrun for daily_team_color_info_update to 2025-03-14 03:45:00+00:00, run_after=2025-03-15 03:45:00+00:00
[2025-03-14T08:53:37.951+0000] {processor.py:183} INFO - Processing /opt/airflow/dags/team_color_info_to_reshift.py took 0.246 seconds
[2025-03-14T08:54:08.632+0000] {processor.py:161} INFO - Started process (PID=33880) to work on /opt/airflow/dags/team_color_info_to_reshift.py
[2025-03-14T08:54:08.633+0000] {processor.py:830} INFO - Processing file /opt/airflow/dags/team_color_info_to_reshift.py for tasks to queue
[2025-03-14T08:54:08.635+0000] {logging_mixin.py:188} INFO - [2025-03-14T08:54:08.635+0000] {dagbag.py:545} INFO - Filling up the DagBag from /opt/airflow/dags/team_color_info_to_reshift.py
[2025-03-14T08:54:08.649+0000] {processor.py:840} INFO - DAG(s) 'daily_team_color_info_update' retrieved from /opt/airflow/dags/team_color_info_to_reshift.py
[2025-03-14T08:54:08.686+0000] {logging_mixin.py:188} INFO - [2025-03-14T08:54:08.686+0000] {dag.py:3096} INFO - Sync 1 DAGs
[2025-03-14T08:54:08.740+0000] {logging_mixin.py:188} INFO - [2025-03-14T08:54:08.740+0000] {dag.py:3954} INFO - Setting next_dagrun for daily_team_color_info_update to 2025-03-14 03:45:00+00:00, run_after=2025-03-15 03:45:00+00:00
[2025-03-14T08:54:08.783+0000] {processor.py:183} INFO - Processing /opt/airflow/dags/team_color_info_to_reshift.py took 0.163 seconds
[2025-03-14T08:54:39.053+0000] {processor.py:161} INFO - Started process (PID=33921) to work on /opt/airflow/dags/team_color_info_to_reshift.py
[2025-03-14T08:54:39.055+0000] {processor.py:830} INFO - Processing file /opt/airflow/dags/team_color_info_to_reshift.py for tasks to queue
[2025-03-14T08:54:39.056+0000] {logging_mixin.py:188} INFO - [2025-03-14T08:54:39.056+0000] {dagbag.py:545} INFO - Filling up the DagBag from /opt/airflow/dags/team_color_info_to_reshift.py
[2025-03-14T08:54:39.072+0000] {processor.py:840} INFO - DAG(s) 'daily_team_color_info_update' retrieved from /opt/airflow/dags/team_color_info_to_reshift.py
[2025-03-14T08:54:39.107+0000] {logging_mixin.py:188} INFO - [2025-03-14T08:54:39.106+0000] {dag.py:3096} INFO - Sync 1 DAGs
[2025-03-14T08:54:39.145+0000] {logging_mixin.py:188} INFO - [2025-03-14T08:54:39.144+0000] {dag.py:3954} INFO - Setting next_dagrun for daily_team_color_info_update to 2025-03-14 03:45:00+00:00, run_after=2025-03-15 03:45:00+00:00
[2025-03-14T08:54:39.169+0000] {processor.py:183} INFO - Processing /opt/airflow/dags/team_color_info_to_reshift.py took 0.124 seconds
[2025-03-14T08:55:09.351+0000] {processor.py:161} INFO - Started process (PID=33962) to work on /opt/airflow/dags/team_color_info_to_reshift.py
[2025-03-14T08:55:09.353+0000] {processor.py:830} INFO - Processing file /opt/airflow/dags/team_color_info_to_reshift.py for tasks to queue
[2025-03-14T08:55:09.355+0000] {logging_mixin.py:188} INFO - [2025-03-14T08:55:09.355+0000] {dagbag.py:545} INFO - Filling up the DagBag from /opt/airflow/dags/team_color_info_to_reshift.py
[2025-03-14T08:55:09.368+0000] {processor.py:840} INFO - DAG(s) 'daily_team_color_info_update' retrieved from /opt/airflow/dags/team_color_info_to_reshift.py
[2025-03-14T08:55:09.398+0000] {logging_mixin.py:188} INFO - [2025-03-14T08:55:09.398+0000] {dag.py:3096} INFO - Sync 1 DAGs
[2025-03-14T08:55:09.425+0000] {logging_mixin.py:188} INFO - [2025-03-14T08:55:09.425+0000] {dag.py:3954} INFO - Setting next_dagrun for daily_team_color_info_update to 2025-03-14 03:45:00+00:00, run_after=2025-03-15 03:45:00+00:00
[2025-03-14T08:55:09.449+0000] {processor.py:183} INFO - Processing /opt/airflow/dags/team_color_info_to_reshift.py took 0.106 seconds
[2025-03-14T08:55:39.484+0000] {processor.py:161} INFO - Started process (PID=34003) to work on /opt/airflow/dags/team_color_info_to_reshift.py
[2025-03-14T08:55:39.486+0000] {processor.py:830} INFO - Processing file /opt/airflow/dags/team_color_info_to_reshift.py for tasks to queue
[2025-03-14T08:55:39.488+0000] {logging_mixin.py:188} INFO - [2025-03-14T08:55:39.488+0000] {dagbag.py:545} INFO - Filling up the DagBag from /opt/airflow/dags/team_color_info_to_reshift.py
[2025-03-14T08:55:39.500+0000] {processor.py:840} INFO - DAG(s) 'daily_team_color_info_update' retrieved from /opt/airflow/dags/team_color_info_to_reshift.py
[2025-03-14T08:55:39.531+0000] {logging_mixin.py:188} INFO - [2025-03-14T08:55:39.531+0000] {dag.py:3096} INFO - Sync 1 DAGs
[2025-03-14T08:55:39.558+0000] {logging_mixin.py:188} INFO - [2025-03-14T08:55:39.558+0000] {dag.py:3954} INFO - Setting next_dagrun for daily_team_color_info_update to 2025-03-14 03:45:00+00:00, run_after=2025-03-15 03:45:00+00:00
[2025-03-14T08:55:39.578+0000] {processor.py:183} INFO - Processing /opt/airflow/dags/team_color_info_to_reshift.py took 0.101 seconds
[2025-03-14T08:56:10.369+0000] {processor.py:161} INFO - Started process (PID=34044) to work on /opt/airflow/dags/team_color_info_to_reshift.py
[2025-03-14T08:56:10.372+0000] {processor.py:830} INFO - Processing file /opt/airflow/dags/team_color_info_to_reshift.py for tasks to queue
[2025-03-14T08:56:10.375+0000] {logging_mixin.py:188} INFO - [2025-03-14T08:56:10.375+0000] {dagbag.py:545} INFO - Filling up the DagBag from /opt/airflow/dags/team_color_info_to_reshift.py
[2025-03-14T08:56:10.394+0000] {processor.py:840} INFO - DAG(s) 'daily_team_color_info_update' retrieved from /opt/airflow/dags/team_color_info_to_reshift.py
[2025-03-14T08:56:10.468+0000] {logging_mixin.py:188} INFO - [2025-03-14T08:56:10.468+0000] {dag.py:3096} INFO - Sync 1 DAGs
[2025-03-14T08:56:10.494+0000] {logging_mixin.py:188} INFO - [2025-03-14T08:56:10.493+0000] {dag.py:3954} INFO - Setting next_dagrun for daily_team_color_info_update to 2025-03-14 03:45:00+00:00, run_after=2025-03-15 03:45:00+00:00
[2025-03-14T08:56:10.512+0000] {processor.py:183} INFO - Processing /opt/airflow/dags/team_color_info_to_reshift.py took 0.166 seconds
[2025-03-14T08:56:40.941+0000] {processor.py:161} INFO - Started process (PID=34085) to work on /opt/airflow/dags/team_color_info_to_reshift.py
[2025-03-14T08:56:40.944+0000] {processor.py:830} INFO - Processing file /opt/airflow/dags/team_color_info_to_reshift.py for tasks to queue
[2025-03-14T08:56:40.946+0000] {logging_mixin.py:188} INFO - [2025-03-14T08:56:40.945+0000] {dagbag.py:545} INFO - Filling up the DagBag from /opt/airflow/dags/team_color_info_to_reshift.py
[2025-03-14T08:56:40.974+0000] {processor.py:840} INFO - DAG(s) 'daily_team_color_info_update' retrieved from /opt/airflow/dags/team_color_info_to_reshift.py
[2025-03-14T08:56:41.022+0000] {logging_mixin.py:188} INFO - [2025-03-14T08:56:41.022+0000] {dag.py:3096} INFO - Sync 1 DAGs
[2025-03-14T08:56:41.053+0000] {logging_mixin.py:188} INFO - [2025-03-14T08:56:41.053+0000] {dag.py:3954} INFO - Setting next_dagrun for daily_team_color_info_update to 2025-03-14 03:45:00+00:00, run_after=2025-03-15 03:45:00+00:00
[2025-03-14T08:56:41.081+0000] {processor.py:183} INFO - Processing /opt/airflow/dags/team_color_info_to_reshift.py took 0.152 seconds
[2025-03-14T08:57:11.446+0000] {processor.py:161} INFO - Started process (PID=34126) to work on /opt/airflow/dags/team_color_info_to_reshift.py
[2025-03-14T08:57:11.448+0000] {processor.py:830} INFO - Processing file /opt/airflow/dags/team_color_info_to_reshift.py for tasks to queue
[2025-03-14T08:57:11.450+0000] {logging_mixin.py:188} INFO - [2025-03-14T08:57:11.450+0000] {dagbag.py:545} INFO - Filling up the DagBag from /opt/airflow/dags/team_color_info_to_reshift.py
[2025-03-14T08:57:11.462+0000] {processor.py:840} INFO - DAG(s) 'daily_team_color_info_update' retrieved from /opt/airflow/dags/team_color_info_to_reshift.py
[2025-03-14T08:57:11.493+0000] {logging_mixin.py:188} INFO - [2025-03-14T08:57:11.493+0000] {dag.py:3096} INFO - Sync 1 DAGs
[2025-03-14T08:57:11.523+0000] {logging_mixin.py:188} INFO - [2025-03-14T08:57:11.522+0000] {dag.py:3954} INFO - Setting next_dagrun for daily_team_color_info_update to 2025-03-14 03:45:00+00:00, run_after=2025-03-15 03:45:00+00:00
[2025-03-14T08:57:11.548+0000] {processor.py:183} INFO - Processing /opt/airflow/dags/team_color_info_to_reshift.py took 0.109 seconds
[2025-03-14T08:57:41.785+0000] {processor.py:161} INFO - Started process (PID=34167) to work on /opt/airflow/dags/team_color_info_to_reshift.py
[2025-03-14T08:57:41.786+0000] {processor.py:830} INFO - Processing file /opt/airflow/dags/team_color_info_to_reshift.py for tasks to queue
[2025-03-14T08:57:41.788+0000] {logging_mixin.py:188} INFO - [2025-03-14T08:57:41.787+0000] {dagbag.py:545} INFO - Filling up the DagBag from /opt/airflow/dags/team_color_info_to_reshift.py
[2025-03-14T08:57:41.800+0000] {processor.py:840} INFO - DAG(s) 'daily_team_color_info_update' retrieved from /opt/airflow/dags/team_color_info_to_reshift.py
[2025-03-14T08:57:41.828+0000] {logging_mixin.py:188} INFO - [2025-03-14T08:57:41.828+0000] {dag.py:3096} INFO - Sync 1 DAGs
[2025-03-14T08:57:41.853+0000] {logging_mixin.py:188} INFO - [2025-03-14T08:57:41.853+0000] {dag.py:3954} INFO - Setting next_dagrun for daily_team_color_info_update to 2025-03-14 03:45:00+00:00, run_after=2025-03-15 03:45:00+00:00
[2025-03-14T08:57:41.874+0000] {processor.py:183} INFO - Processing /opt/airflow/dags/team_color_info_to_reshift.py took 0.097 seconds
[2025-03-14T08:58:12.559+0000] {processor.py:161} INFO - Started process (PID=34208) to work on /opt/airflow/dags/team_color_info_to_reshift.py
[2025-03-14T08:58:12.561+0000] {processor.py:830} INFO - Processing file /opt/airflow/dags/team_color_info_to_reshift.py for tasks to queue
[2025-03-14T08:58:12.562+0000] {logging_mixin.py:188} INFO - [2025-03-14T08:58:12.562+0000] {dagbag.py:545} INFO - Filling up the DagBag from /opt/airflow/dags/team_color_info_to_reshift.py
[2025-03-14T08:58:12.574+0000] {processor.py:840} INFO - DAG(s) 'daily_team_color_info_update' retrieved from /opt/airflow/dags/team_color_info_to_reshift.py
[2025-03-14T08:58:12.602+0000] {logging_mixin.py:188} INFO - [2025-03-14T08:58:12.602+0000] {dag.py:3096} INFO - Sync 1 DAGs
[2025-03-14T08:58:12.629+0000] {logging_mixin.py:188} INFO - [2025-03-14T08:58:12.629+0000] {dag.py:3954} INFO - Setting next_dagrun for daily_team_color_info_update to 2025-03-14 03:45:00+00:00, run_after=2025-03-15 03:45:00+00:00
[2025-03-14T08:58:12.656+0000] {processor.py:183} INFO - Processing /opt/airflow/dags/team_color_info_to_reshift.py took 0.106 seconds
[2025-03-14T08:58:43.368+0000] {processor.py:161} INFO - Started process (PID=34249) to work on /opt/airflow/dags/team_color_info_to_reshift.py
[2025-03-14T08:58:43.370+0000] {processor.py:830} INFO - Processing file /opt/airflow/dags/team_color_info_to_reshift.py for tasks to queue
[2025-03-14T08:58:43.375+0000] {logging_mixin.py:188} INFO - [2025-03-14T08:58:43.374+0000] {dagbag.py:545} INFO - Filling up the DagBag from /opt/airflow/dags/team_color_info_to_reshift.py
[2025-03-14T08:58:43.399+0000] {processor.py:840} INFO - DAG(s) 'daily_team_color_info_update' retrieved from /opt/airflow/dags/team_color_info_to_reshift.py
[2025-03-14T08:58:43.458+0000] {logging_mixin.py:188} INFO - [2025-03-14T08:58:43.458+0000] {dag.py:3096} INFO - Sync 1 DAGs
[2025-03-14T08:58:43.510+0000] {logging_mixin.py:188} INFO - [2025-03-14T08:58:43.509+0000] {dag.py:3954} INFO - Setting next_dagrun for daily_team_color_info_update to 2025-03-14 03:45:00+00:00, run_after=2025-03-15 03:45:00+00:00
[2025-03-14T08:58:43.531+0000] {processor.py:183} INFO - Processing /opt/airflow/dags/team_color_info_to_reshift.py took 0.183 seconds
