[2025-03-10T15:57:33.024+0000] {local_task_job_runner.py:120} INFO - ::group::Pre task execution logs
[2025-03-10T15:57:33.072+0000] {taskinstance.py:2076} INFO - Dependencies all met for dep_context=non-requeueable deps ti=<TaskInstance: submit_spark_job_v3.submit_spark_via_ssh manual__2025-03-10T15:49:15.430157+00:00 [queued]>
[2025-03-10T15:57:33.090+0000] {taskinstance.py:2076} INFO - Dependencies all met for dep_context=requeueable deps ti=<TaskInstance: submit_spark_job_v3.submit_spark_via_ssh manual__2025-03-10T15:49:15.430157+00:00 [queued]>
[2025-03-10T15:57:33.090+0000] {taskinstance.py:2306} INFO - Starting attempt 1 of 2
[2025-03-10T15:57:33.111+0000] {taskinstance.py:2330} INFO - Executing <Task(SSHOperator): submit_spark_via_ssh> on 2025-03-10 15:49:15.430157+00:00
[2025-03-10T15:57:33.119+0000] {standard_task_runner.py:63} INFO - Started process 6743 to run task
[2025-03-10T15:57:33.126+0000] {standard_task_runner.py:90} INFO - Running: ['***', 'tasks', 'run', 'submit_spark_job_v3', 'submit_spark_via_ssh', 'manual__2025-03-10T15:49:15.430157+00:00', '--job-id', '39', '--raw', '--subdir', 'DAGS_FOLDER/match_info_spark_process_dag.py', '--cfg-path', '/tmp/tmpsxqlbk7g']
[2025-03-10T15:57:33.129+0000] {standard_task_runner.py:91} INFO - Job 39: Subtask submit_spark_via_ssh
[2025-03-10T15:57:33.196+0000] {task_command.py:426} INFO - Running <TaskInstance: submit_spark_job_v3.submit_spark_via_ssh manual__2025-03-10T15:49:15.430157+00:00 [running]> on host a0d797a25898
[2025-03-10T15:57:33.313+0000] {taskinstance.py:2648} INFO - Exporting env vars: AIRFLOW_CTX_DAG_OWNER='***' AIRFLOW_CTX_DAG_ID='submit_spark_job_v3' AIRFLOW_CTX_TASK_ID='submit_spark_via_ssh' AIRFLOW_CTX_EXECUTION_DATE='2025-03-10T15:49:15.430157+00:00' AIRFLOW_CTX_TRY_NUMBER='1' AIRFLOW_CTX_DAG_RUN_ID='manual__2025-03-10T15:49:15.430157+00:00'
[2025-03-10T15:57:33.313+0000] {taskinstance.py:430} INFO - ::endgroup::
[2025-03-10T15:57:33.329+0000] {ssh.py:151} INFO - Creating ssh_client
[2025-03-10T15:57:33.329+0000] {ssh.py:124} INFO - ssh_hook is not provided or invalid. Trying ssh_conn_id to create SSHHook.
[2025-03-10T15:57:33.345+0000] {base.py:84} INFO - Using connection ID 'spark_ssh_conn' for task execution.
[2025-03-10T15:57:33.346+0000] {ssh.py:301} WARNING - No Host Key Verification. This won't protect against Man-In-The-Middle attacks
[2025-03-10T15:57:33.350+0000] {transport.py:1909} INFO - Connected (version 2.0, client OpenSSH_9.6p1)
[2025-03-10T15:57:33.417+0000] {transport.py:1909} INFO - Authentication (publickey) successful!
[2025-03-10T15:57:33.417+0000] {ssh.py:480} INFO - Running command: 
    set -e  # 명령어 실패 시 즉시 종료
    echo "Starting Spark Job on 2025-03-10"

    echo "Submitting Spark Job... for 2025-03-10 data"
   /spark-3.5.3/bin/spark-submit /home/ubuntu/spark_scripts/match_info_pyspark.py 2025-03-10 > spark_job.log 2>&1
    exit_code=$?

    # 실행 로그 출력 (Airflow에서 확인 가능)
    if [ -f spark_job.log ]; then
        echo "=== Spark Job Log Start ==="
        cat spark_job.log
        echo "=== Spark Job Log End ==="
    else
        echo "Warning: spark_job.log not found!"
    fi

    # Spark 실패 감지
    if [ $exit_code -ne 0 ]; then
        echo "Spark Job Failed! Check logs."
        exit 1
    else
        echo "Spark Job Succeeded!"
    fi
    
[2025-03-10T15:57:33.854+0000] {ssh.py:526} INFO - Starting Spark Job on 2025-03-10
[2025-03-10T15:57:33.854+0000] {ssh.py:526} INFO - Submitting Spark Job... for 2025-03-10 data
[2025-03-10T15:57:57.044+0000] {ssh.py:526} INFO - === Spark Job Log Start ===
[2025-03-10T15:57:57.046+0000] {ssh.py:526} INFO - Processing date: 2025-03-10
[2025-03-10T15:57:57.047+0000] {ssh.py:526} INFO - 25/03/10 15:57:37 INFO SparkContext: Running Spark version 3.5.3
[2025-03-10T15:57:57.048+0000] {ssh.py:526} INFO - 25/03/10 15:57:37 INFO SparkContext: OS info Linux, 6.8.0-1024-aws, amd64
[2025-03-10T15:57:57.048+0000] {ssh.py:526} INFO - 25/03/10 15:57:37 INFO SparkContext: Java version 11.0.26
[2025-03-10T15:57:57.048+0000] {ssh.py:526} INFO - 25/03/10 15:57:37 WARN NativeCodeLoader: Unable to load native-hadoop library for your platform... using builtin-java classes where applicable
[2025-03-10T15:57:57.049+0000] {ssh.py:526} INFO - 25/03/10 15:57:37 INFO ResourceUtils: ==============================================================
[2025-03-10T15:57:57.049+0000] {ssh.py:526} INFO - 25/03/10 15:57:37 INFO ResourceUtils: No custom resources configured for spark.driver.
[2025-03-10T15:57:57.049+0000] {ssh.py:526} INFO - 25/03/10 15:57:37 INFO ResourceUtils: ==============================================================
[2025-03-10T15:57:57.049+0000] {ssh.py:526} INFO - 25/03/10 15:57:37 INFO SparkContext: Submitted application: json to parquet
[2025-03-10T15:57:57.049+0000] {ssh.py:526} INFO - 25/03/10 15:57:37 INFO ResourceProfile: Default ResourceProfile created, executor resources: Map(cores -> name: cores, amount: 1, script: , vendor: , memory -> name: memory, amount: 1024, script: , vendor: , offHeap -> name: offHeap, amount: 0, script: , vendor: ), task resources: Map(cpus -> name: cpus, amount: 1.0)
[2025-03-10T15:57:57.049+0000] {ssh.py:526} INFO - 25/03/10 15:57:37 INFO ResourceProfile: Limiting resource is cpu
[2025-03-10T15:57:57.049+0000] {ssh.py:526} INFO - 25/03/10 15:57:37 INFO ResourceProfileManager: Added ResourceProfile id: 0
[2025-03-10T15:57:57.049+0000] {ssh.py:526} INFO - 25/03/10 15:57:37 INFO SecurityManager: Changing view acls to: ubuntu
[2025-03-10T15:57:57.049+0000] {ssh.py:526} INFO - 25/03/10 15:57:37 INFO SecurityManager: Changing modify acls to: ubuntu
[2025-03-10T15:57:57.050+0000] {ssh.py:526} INFO - 25/03/10 15:57:37 INFO SecurityManager: Changing view acls groups to: 
[2025-03-10T15:57:57.050+0000] {ssh.py:526} INFO - 25/03/10 15:57:37 INFO SecurityManager: Changing modify acls groups to: 
[2025-03-10T15:57:57.050+0000] {ssh.py:526} INFO - 25/03/10 15:57:37 INFO SecurityManager: SecurityManager: authentication disabled; ui acls disabled; users with view permissions: ubuntu; groups with view permissions: EMPTY; users with modify permissions: ubuntu; groups with modify permissions: EMPTY
[2025-03-10T15:57:57.050+0000] {ssh.py:526} INFO - 25/03/10 15:57:38 INFO Utils: Successfully started service 'sparkDriver' on port 39279.
[2025-03-10T15:57:57.050+0000] {ssh.py:526} INFO - 25/03/10 15:57:38 INFO SparkEnv: Registering MapOutputTracker
[2025-03-10T15:57:57.050+0000] {ssh.py:526} INFO - 25/03/10 15:57:38 INFO SparkEnv: Registering BlockManagerMaster
[2025-03-10T15:57:57.050+0000] {ssh.py:526} INFO - 25/03/10 15:57:38 INFO BlockManagerMasterEndpoint: Using org.apache.spark.storage.DefaultTopologyMapper for getting topology information
[2025-03-10T15:57:57.050+0000] {ssh.py:526} INFO - 25/03/10 15:57:38 INFO BlockManagerMasterEndpoint: BlockManagerMasterEndpoint up
[2025-03-10T15:57:57.051+0000] {ssh.py:526} INFO - 25/03/10 15:57:38 INFO SparkEnv: Registering BlockManagerMasterHeartbeat
[2025-03-10T15:57:57.051+0000] {ssh.py:526} INFO - 25/03/10 15:57:38 INFO DiskBlockManager: Created local directory at /tmp/blockmgr-1224de50-e79d-40b2-b450-2df50951d2b8
[2025-03-10T15:57:57.051+0000] {ssh.py:526} INFO - 25/03/10 15:57:38 INFO MemoryStore: MemoryStore started with capacity 434.4 MiB
[2025-03-10T15:57:57.051+0000] {ssh.py:526} INFO - 25/03/10 15:57:38 INFO SparkEnv: Registering OutputCommitCoordinator
[2025-03-10T15:57:57.051+0000] {ssh.py:526} INFO - 25/03/10 15:57:38 INFO JettyUtils: Start Jetty 0.0.0.0:4040 for SparkUI
[2025-03-10T15:57:57.051+0000] {ssh.py:526} INFO - 25/03/10 15:57:38 INFO Utils: Successfully started service 'SparkUI' on port 4040.
[2025-03-10T15:57:57.051+0000] {ssh.py:526} INFO - 25/03/10 15:57:38 INFO Executor: Starting executor ID driver on host ip-172-31-12-182.ap-northeast-2.compute.internal
[2025-03-10T15:57:57.051+0000] {ssh.py:526} INFO - 25/03/10 15:57:38 INFO Executor: OS info Linux, 6.8.0-1024-aws, amd64
[2025-03-10T15:57:57.051+0000] {ssh.py:526} INFO - 25/03/10 15:57:38 INFO Executor: Java version 11.0.26
[2025-03-10T15:57:57.052+0000] {ssh.py:526} INFO - 25/03/10 15:57:38 INFO Executor: Starting executor with user classpath (userClassPathFirst = false): ''
[2025-03-10T15:57:57.052+0000] {ssh.py:526} INFO - 25/03/10 15:57:38 INFO Executor: Created or updated repl class loader org.apache.spark.util.MutableURLClassLoader@24327b5 for default.
[2025-03-10T15:57:57.052+0000] {ssh.py:526} INFO - 25/03/10 15:57:38 INFO Utils: Successfully started service 'org.apache.spark.network.netty.NettyBlockTransferService' on port 32835.
[2025-03-10T15:57:57.052+0000] {ssh.py:526} INFO - 25/03/10 15:57:38 INFO NettyBlockTransferService: Server created on 0.0.0.0:32835
[2025-03-10T15:57:57.052+0000] {ssh.py:526} INFO - 25/03/10 15:57:38 INFO BlockManager: Using org.apache.spark.storage.RandomBlockReplicationPolicy for block replication policy
[2025-03-10T15:57:57.052+0000] {ssh.py:526} INFO - 25/03/10 15:57:38 INFO BlockManagerMaster: Registering BlockManager BlockManagerId(driver, 0.0.0.0, 32835, None)
[2025-03-10T15:57:57.052+0000] {ssh.py:526} INFO - 25/03/10 15:57:38 INFO BlockManagerMasterEndpoint: Registering block manager 0.0.0.0:32835 with 434.4 MiB RAM, BlockManagerId(driver, 0.0.0.0, 32835, None)
[2025-03-10T15:57:57.052+0000] {ssh.py:526} INFO - 25/03/10 15:57:38 INFO BlockManagerMaster: Registered BlockManager BlockManagerId(driver, 0.0.0.0, 32835, None)
[2025-03-10T15:57:57.052+0000] {ssh.py:526} INFO - 25/03/10 15:57:38 INFO BlockManager: Initialized BlockManager: BlockManagerId(driver, 0.0.0.0, 32835, None)
[2025-03-10T15:57:57.053+0000] {ssh.py:526} INFO - Reading json file from: s3a://de5-finalproj-team2/raw_data/json/match_data/2025-03-10/*.json
[2025-03-10T15:57:57.053+0000] {ssh.py:526} INFO - 25/03/10 15:57:39 INFO SharedState: Setting hive.metastore.warehouse.dir ('null') to the value of spark.sql.warehouse.dir.
[2025-03-10T15:57:57.053+0000] {ssh.py:526} INFO - 25/03/10 15:57:39 INFO SharedState: Warehouse path is 'file:/home/ubuntu/spark-warehouse'.
[2025-03-10T15:57:57.053+0000] {ssh.py:526} INFO - 25/03/10 15:57:40 WARN MetricsConfig: Cannot locate configuration: tried hadoop-metrics2-s3a-file-system.properties,hadoop-metrics2.properties
[2025-03-10T15:57:57.053+0000] {ssh.py:526} INFO - 25/03/10 15:57:40 INFO MetricsSystemImpl: Scheduled Metric snapshot period at 10 second(s).
[2025-03-10T15:57:57.053+0000] {ssh.py:526} INFO - 25/03/10 15:57:40 INFO MetricsSystemImpl: s3a-file-system metrics system started
[2025-03-10T15:57:57.053+0000] {ssh.py:526} INFO - 25/03/10 15:57:42 INFO InMemoryFileIndex: It took 92 ms to list leaf files for 1 paths.
[2025-03-10T15:57:57.053+0000] {ssh.py:526} INFO - 25/03/10 15:57:42 INFO InMemoryFileIndex: It took 35 ms to list leaf files for 1 paths.
[2025-03-10T15:57:57.053+0000] {ssh.py:526} INFO - 25/03/10 15:57:45 INFO FileSourceStrategy: Pushed Filters: 
[2025-03-10T15:57:57.054+0000] {ssh.py:526} INFO - 25/03/10 15:57:45 INFO FileSourceStrategy: Post-Scan Filters: 
[2025-03-10T15:57:57.054+0000] {ssh.py:526} INFO - 25/03/10 15:57:45 INFO MemoryStore: Block broadcast_0 stored as values in memory (estimated size 201.0 KiB, free 434.2 MiB)
[2025-03-10T15:57:57.054+0000] {ssh.py:526} INFO - 25/03/10 15:57:45 INFO MemoryStore: Block broadcast_0_piece0 stored as bytes in memory (estimated size 34.7 KiB, free 434.2 MiB)
[2025-03-10T15:57:57.054+0000] {ssh.py:526} INFO - 25/03/10 15:57:45 INFO BlockManagerInfo: Added broadcast_0_piece0 in memory on 0.0.0.0:32835 (size: 34.7 KiB, free: 434.4 MiB)
[2025-03-10T15:57:57.054+0000] {ssh.py:526} INFO - 25/03/10 15:57:45 INFO SparkContext: Created broadcast 0 from json at NativeMethodAccessorImpl.java:0
[2025-03-10T15:57:57.054+0000] {ssh.py:526} INFO - 25/03/10 15:57:45 INFO FileSourceScanExec: Planning scan with bin packing, max size: 5336166 bytes, open cost is considered as scanning 4194304 bytes.
[2025-03-10T15:57:57.054+0000] {ssh.py:526} INFO - 25/03/10 15:57:45 INFO SparkContext: Starting job: json at NativeMethodAccessorImpl.java:0
[2025-03-10T15:57:57.054+0000] {ssh.py:526} INFO - 25/03/10 15:57:45 INFO DAGScheduler: Got job 0 (json at NativeMethodAccessorImpl.java:0) with 1 output partitions
[2025-03-10T15:57:57.054+0000] {ssh.py:526} INFO - 25/03/10 15:57:45 INFO DAGScheduler: Final stage: ResultStage 0 (json at NativeMethodAccessorImpl.java:0)
[2025-03-10T15:57:57.055+0000] {ssh.py:526} INFO - 25/03/10 15:57:45 INFO DAGScheduler: Parents of final stage: List()
[2025-03-10T15:57:57.055+0000] {ssh.py:526} INFO - 25/03/10 15:57:45 INFO DAGScheduler: Missing parents: List()
[2025-03-10T15:57:57.055+0000] {ssh.py:526} INFO - 25/03/10 15:57:45 INFO DAGScheduler: Submitting ResultStage 0 (MapPartitionsRDD[3] at json at NativeMethodAccessorImpl.java:0), which has no missing parents
[2025-03-10T15:57:57.055+0000] {ssh.py:526} INFO - 25/03/10 15:57:46 INFO MemoryStore: Block broadcast_1 stored as values in memory (estimated size 16.5 KiB, free 434.2 MiB)
[2025-03-10T15:57:57.055+0000] {ssh.py:526} INFO - 25/03/10 15:57:46 INFO MemoryStore: Block broadcast_1_piece0 stored as bytes in memory (estimated size 7.8 KiB, free 434.1 MiB)
[2025-03-10T15:57:57.055+0000] {ssh.py:526} INFO - 25/03/10 15:57:46 INFO BlockManagerInfo: Added broadcast_1_piece0 in memory on 0.0.0.0:32835 (size: 7.8 KiB, free: 434.4 MiB)
[2025-03-10T15:57:57.055+0000] {ssh.py:526} INFO - 25/03/10 15:57:46 INFO SparkContext: Created broadcast 1 from broadcast at DAGScheduler.scala:1585
[2025-03-10T15:57:57.055+0000] {ssh.py:526} INFO - 25/03/10 15:57:46 INFO DAGScheduler: Submitting 1 missing tasks from ResultStage 0 (MapPartitionsRDD[3] at json at NativeMethodAccessorImpl.java:0) (first 15 tasks are for partitions Vector(0))
[2025-03-10T15:57:57.056+0000] {ssh.py:526} INFO - 25/03/10 15:57:46 INFO TaskSchedulerImpl: Adding task set 0.0 with 1 tasks resource profile 0
[2025-03-10T15:57:57.056+0000] {ssh.py:526} INFO - 25/03/10 15:57:46 INFO TaskSetManager: Starting task 0.0 in stage 0.0 (TID 0) (ip-172-31-12-182.ap-northeast-2.compute.internal, executor driver, partition 0, PROCESS_LOCAL, 9636 bytes) 
[2025-03-10T15:57:57.056+0000] {ssh.py:526} INFO - 25/03/10 15:57:46 INFO Executor: Running task 0.0 in stage 0.0 (TID 0)
[2025-03-10T15:57:57.056+0000] {ssh.py:526} INFO - 25/03/10 15:57:46 INFO FileScanRDD: Reading File path: s3a://de5-finalproj-team2/raw_data/json/match_data/2025-03-10/group_0.json, range: 0-1141862, partition values: [empty row]
[2025-03-10T15:57:57.056+0000] {ssh.py:526} INFO - 25/03/10 15:57:46 INFO CodeGenerator: Code generated in 282.569861 ms
[2025-03-10T15:57:57.056+0000] {ssh.py:526} INFO - 25/03/10 15:57:47 INFO Executor: Finished task 0.0 in stage 0.0 (TID 0). 2408 bytes result sent to driver
[2025-03-10T15:57:57.056+0000] {ssh.py:526} INFO - 25/03/10 15:57:47 INFO TaskSetManager: Finished task 0.0 in stage 0.0 (TID 0) in 1168 ms on ip-172-31-12-182.ap-northeast-2.compute.internal (executor driver) (1/1)
[2025-03-10T15:57:57.056+0000] {ssh.py:526} INFO - 25/03/10 15:57:47 INFO TaskSchedulerImpl: Removed TaskSet 0.0, whose tasks have all completed, from pool 
[2025-03-10T15:57:57.057+0000] {ssh.py:526} INFO - 25/03/10 15:57:47 INFO DAGScheduler: ResultStage 0 (json at NativeMethodAccessorImpl.java:0) finished in 1.399 s
[2025-03-10T15:57:57.057+0000] {ssh.py:526} INFO - 25/03/10 15:57:47 INFO DAGScheduler: Job 0 is finished. Cancelling potential speculative or zombie tasks for this job
[2025-03-10T15:57:57.057+0000] {ssh.py:526} INFO - 25/03/10 15:57:47 INFO TaskSchedulerImpl: Killing all running tasks in stage 0: Stage finished
[2025-03-10T15:57:57.057+0000] {ssh.py:526} INFO - 25/03/10 15:57:47 INFO DAGScheduler: Job 0 finished: json at NativeMethodAccessorImpl.java:0, took 1.500577 s
[2025-03-10T15:57:57.057+0000] {ssh.py:526} INFO - Writing trend_analysis parquet
[2025-03-10T15:57:57.057+0000] {ssh.py:526} INFO - 25/03/10 15:57:48 INFO FileSourceStrategy: Pushed Filters: IsNotNull(player_info)
[2025-03-10T15:57:57.057+0000] {ssh.py:526} INFO - 25/03/10 15:57:48 INFO FileSourceStrategy: Post-Scan Filters: (size(player_info#13, true) > 0),isnotnull(player_info#13)
[2025-03-10T15:57:57.057+0000] {ssh.py:526} INFO - 25/03/10 15:57:48 INFO ParquetUtils: Using default output committer for Parquet: org.apache.parquet.hadoop.ParquetOutputCommitter
[2025-03-10T15:57:57.057+0000] {ssh.py:526} INFO - 25/03/10 15:57:48 INFO FileOutputCommitter: File Output Committer Algorithm version is 1
[2025-03-10T15:57:57.058+0000] {ssh.py:526} INFO - 25/03/10 15:57:48 INFO FileOutputCommitter: FileOutputCommitter skip cleanup _temporary folders under output directory:false, ignore cleanup failures: false
[2025-03-10T15:57:57.058+0000] {ssh.py:526} INFO - 25/03/10 15:57:48 INFO SQLHadoopMapReduceCommitProtocol: Using user defined output committer class org.apache.parquet.hadoop.ParquetOutputCommitter
[2025-03-10T15:57:57.058+0000] {ssh.py:526} INFO - 25/03/10 15:57:48 INFO FileOutputCommitter: File Output Committer Algorithm version is 1
[2025-03-10T15:57:57.058+0000] {ssh.py:526} INFO - 25/03/10 15:57:48 INFO FileOutputCommitter: FileOutputCommitter skip cleanup _temporary folders under output directory:false, ignore cleanup failures: false
[2025-03-10T15:57:57.058+0000] {ssh.py:526} INFO - 25/03/10 15:57:48 INFO SQLHadoopMapReduceCommitProtocol: Using output committer class org.apache.parquet.hadoop.ParquetOutputCommitter
[2025-03-10T15:57:57.058+0000] {ssh.py:526} INFO - 25/03/10 15:57:48 INFO CodeGenerator: Code generated in 89.565272 ms
[2025-03-10T15:57:57.058+0000] {ssh.py:526} INFO - 25/03/10 15:57:48 INFO MemoryStore: Block broadcast_2 stored as values in memory (estimated size 200.9 KiB, free 433.9 MiB)
[2025-03-10T15:57:57.058+0000] {ssh.py:526} INFO - 25/03/10 15:57:48 INFO MemoryStore: Block broadcast_2_piece0 stored as bytes in memory (estimated size 34.7 KiB, free 433.9 MiB)
[2025-03-10T15:57:57.058+0000] {ssh.py:526} INFO - 25/03/10 15:57:48 INFO BlockManagerInfo: Added broadcast_2_piece0 in memory on 0.0.0.0:32835 (size: 34.7 KiB, free: 434.3 MiB)
[2025-03-10T15:57:57.059+0000] {ssh.py:526} INFO - 25/03/10 15:57:49 INFO SparkContext: Created broadcast 2 from save at NativeMethodAccessorImpl.java:0
[2025-03-10T15:57:57.059+0000] {ssh.py:526} INFO - 25/03/10 15:57:49 INFO FileSourceScanExec: Planning scan with bin packing, max size: 5336166 bytes, open cost is considered as scanning 4194304 bytes.
[2025-03-10T15:57:57.059+0000] {ssh.py:526} INFO - 25/03/10 15:57:49 INFO SparkContext: Starting job: save at NativeMethodAccessorImpl.java:0
[2025-03-10T15:57:57.059+0000] {ssh.py:526} INFO - 25/03/10 15:57:49 INFO DAGScheduler: Got job 1 (save at NativeMethodAccessorImpl.java:0) with 1 output partitions
[2025-03-10T15:57:57.059+0000] {ssh.py:526} INFO - 25/03/10 15:57:49 INFO DAGScheduler: Final stage: ResultStage 1 (save at NativeMethodAccessorImpl.java:0)
[2025-03-10T15:57:57.059+0000] {ssh.py:526} INFO - 25/03/10 15:57:49 INFO DAGScheduler: Parents of final stage: List()
[2025-03-10T15:57:57.059+0000] {ssh.py:526} INFO - 25/03/10 15:57:49 INFO DAGScheduler: Missing parents: List()
[2025-03-10T15:57:57.059+0000] {ssh.py:526} INFO - 25/03/10 15:57:49 INFO DAGScheduler: Submitting ResultStage 1 (MapPartitionsRDD[7] at save at NativeMethodAccessorImpl.java:0), which has no missing parents
[2025-03-10T15:57:57.060+0000] {ssh.py:526} INFO - 25/03/10 15:57:49 INFO BlockManagerInfo: Removed broadcast_0_piece0 on 0.0.0.0:32835 in memory (size: 34.7 KiB, free: 434.4 MiB)
[2025-03-10T15:57:57.060+0000] {ssh.py:526} INFO - 25/03/10 15:57:49 INFO BlockManagerInfo: Removed broadcast_1_piece0 on 0.0.0.0:32835 in memory (size: 7.8 KiB, free: 434.4 MiB)
[2025-03-10T15:57:57.060+0000] {ssh.py:526} INFO - 25/03/10 15:57:49 INFO MemoryStore: Block broadcast_3 stored as values in memory (estimated size 225.1 KiB, free 434.0 MiB)
[2025-03-10T15:57:57.060+0000] {ssh.py:526} INFO - 25/03/10 15:57:49 INFO MemoryStore: Block broadcast_3_piece0 stored as bytes in memory (estimated size 80.9 KiB, free 433.9 MiB)
[2025-03-10T15:57:57.060+0000] {ssh.py:526} INFO - 25/03/10 15:57:49 INFO BlockManagerInfo: Added broadcast_3_piece0 in memory on 0.0.0.0:32835 (size: 80.9 KiB, free: 434.3 MiB)
[2025-03-10T15:57:57.060+0000] {ssh.py:526} INFO - 25/03/10 15:57:49 INFO SparkContext: Created broadcast 3 from broadcast at DAGScheduler.scala:1585
[2025-03-10T15:57:57.060+0000] {ssh.py:526} INFO - 25/03/10 15:57:49 INFO DAGScheduler: Submitting 1 missing tasks from ResultStage 1 (MapPartitionsRDD[7] at save at NativeMethodAccessorImpl.java:0) (first 15 tasks are for partitions Vector(0))
[2025-03-10T15:57:57.060+0000] {ssh.py:526} INFO - 25/03/10 15:57:49 INFO TaskSchedulerImpl: Adding task set 1.0 with 1 tasks resource profile 0
[2025-03-10T15:57:57.060+0000] {ssh.py:526} INFO - 25/03/10 15:57:49 INFO TaskSetManager: Starting task 0.0 in stage 1.0 (TID 1) (ip-172-31-12-182.ap-northeast-2.compute.internal, executor driver, partition 0, PROCESS_LOCAL, 9636 bytes) 
[2025-03-10T15:57:57.061+0000] {ssh.py:526} INFO - 25/03/10 15:57:49 INFO Executor: Running task 0.0 in stage 1.0 (TID 1)
[2025-03-10T15:57:57.061+0000] {ssh.py:526} INFO - 25/03/10 15:57:49 INFO CodeGenerator: Code generated in 63.989074 ms
[2025-03-10T15:57:57.061+0000] {ssh.py:526} INFO - 25/03/10 15:57:49 INFO FileOutputCommitter: File Output Committer Algorithm version is 1
[2025-03-10T15:57:57.061+0000] {ssh.py:526} INFO - 25/03/10 15:57:49 INFO FileOutputCommitter: FileOutputCommitter skip cleanup _temporary folders under output directory:false, ignore cleanup failures: false
[2025-03-10T15:57:57.061+0000] {ssh.py:526} INFO - 25/03/10 15:57:49 INFO SQLHadoopMapReduceCommitProtocol: Using user defined output committer class org.apache.parquet.hadoop.ParquetOutputCommitter
[2025-03-10T15:57:57.061+0000] {ssh.py:526} INFO - 25/03/10 15:57:49 INFO FileOutputCommitter: File Output Committer Algorithm version is 1
[2025-03-10T15:57:57.061+0000] {ssh.py:526} INFO - 25/03/10 15:57:49 INFO FileOutputCommitter: FileOutputCommitter skip cleanup _temporary folders under output directory:false, ignore cleanup failures: false
[2025-03-10T15:57:57.061+0000] {ssh.py:526} INFO - 25/03/10 15:57:49 INFO SQLHadoopMapReduceCommitProtocol: Using output committer class org.apache.parquet.hadoop.ParquetOutputCommitter
[2025-03-10T15:57:57.061+0000] {ssh.py:526} INFO - 25/03/10 15:57:49 INFO CodecConfig: Compression: SNAPPY
[2025-03-10T15:57:57.062+0000] {ssh.py:526} INFO - 25/03/10 15:57:49 INFO CodecConfig: Compression: SNAPPY
[2025-03-10T15:57:57.062+0000] {ssh.py:526} INFO - 25/03/10 15:57:49 INFO ParquetOutputFormat: ParquetRecordWriter [block size: 134217728b, row group padding size: 8388608b, validating: false]
[2025-03-10T15:57:57.062+0000] {ssh.py:526} INFO - 25/03/10 15:57:49 INFO ParquetWriteSupport: Initialized Parquet WriteSupport with Catalyst schema:
[2025-03-10T15:57:57.062+0000] {ssh.py:526} INFO - {
[2025-03-10T15:57:57.062+0000] {ssh.py:526} INFO -   "type" : "struct",
[2025-03-10T15:57:57.062+0000] {ssh.py:526} INFO -   "fields" : [ {
[2025-03-10T15:57:57.062+0000] {ssh.py:526} INFO -     "name" : "match_id",
[2025-03-10T15:57:57.062+0000] {ssh.py:526} INFO -     "type" : "string",
[2025-03-10T15:57:57.062+0000] {ssh.py:526} INFO -     "nullable" : true,
[2025-03-10T15:57:57.063+0000] {ssh.py:526} INFO -     "metadata" : { }
[2025-03-10T15:57:57.063+0000] {ssh.py:526} INFO -   }, {
[2025-03-10T15:57:57.063+0000] {ssh.py:526} INFO -     "name" : "spid",
[2025-03-10T15:57:57.063+0000] {ssh.py:526} INFO -     "type" : "integer",
[2025-03-10T15:57:57.063+0000] {ssh.py:526} INFO -     "nullable" : true,
[2025-03-10T15:57:57.063+0000] {ssh.py:526} INFO -     "metadata" : { }
[2025-03-10T15:57:57.063+0000] {ssh.py:526} INFO -   }, {
[2025-03-10T15:57:57.063+0000] {ssh.py:526} INFO -     "name" : "season_id",
[2025-03-10T15:57:57.063+0000] {ssh.py:526} INFO -     "type" : "integer",
[2025-03-10T15:57:57.063+0000] {ssh.py:526} INFO -     "nullable" : true,
[2025-03-10T15:57:57.064+0000] {ssh.py:526} INFO -     "metadata" : { }
[2025-03-10T15:57:57.064+0000] {ssh.py:526} INFO -   }, {
[2025-03-10T15:57:57.064+0000] {ssh.py:526} INFO -     "name" : "gamer_nickname",
[2025-03-10T15:57:57.064+0000] {ssh.py:526} INFO -     "type" : "string",
[2025-03-10T15:57:57.064+0000] {ssh.py:526} INFO -     "nullable" : true,
[2025-03-10T15:57:57.064+0000] {ssh.py:526} INFO -     "metadata" : { }
[2025-03-10T15:57:57.064+0000] {ssh.py:526} INFO -   }, {
[2025-03-10T15:57:57.064+0000] {ssh.py:526} INFO -     "name" : "position",
[2025-03-10T15:57:57.065+0000] {ssh.py:526} INFO -     "type" : "integer",
[2025-03-10T15:57:57.065+0000] {ssh.py:526} INFO -     "nullable" : true,
[2025-03-10T15:57:57.065+0000] {ssh.py:526} INFO -     "metadata" : { }
[2025-03-10T15:57:57.065+0000] {ssh.py:526} INFO -   }, {
[2025-03-10T15:57:57.065+0000] {ssh.py:526} INFO -     "name" : "ouid",
[2025-03-10T15:57:57.065+0000] {ssh.py:526} INFO -     "type" : "string",
[2025-03-10T15:57:57.065+0000] {ssh.py:526} INFO -     "nullable" : true,
[2025-03-10T15:57:57.065+0000] {ssh.py:526} INFO -     "metadata" : { }
[2025-03-10T15:57:57.065+0000] {ssh.py:526} INFO -   }, {
[2025-03-10T15:57:57.065+0000] {ssh.py:526} INFO -     "name" : "spgrade",
[2025-03-10T15:57:57.066+0000] {ssh.py:526} INFO -     "type" : "integer",
[2025-03-10T15:57:57.066+0000] {ssh.py:526} INFO -     "nullable" : true,
[2025-03-10T15:57:57.066+0000] {ssh.py:526} INFO -     "metadata" : { }
[2025-03-10T15:57:57.066+0000] {ssh.py:526} INFO -   }, {
[2025-03-10T15:57:57.066+0000] {ssh.py:526} INFO -     "name" : "matchresult",
[2025-03-10T15:57:57.066+0000] {ssh.py:526} INFO -     "type" : "string",
[2025-03-10T15:57:57.066+0000] {ssh.py:526} INFO -     "nullable" : true,
[2025-03-10T15:57:57.066+0000] {ssh.py:526} INFO -     "metadata" : { }
[2025-03-10T15:57:57.066+0000] {ssh.py:526} INFO -   }, {
[2025-03-10T15:57:57.067+0000] {ssh.py:526} INFO -     "name" : "match_date",
[2025-03-10T15:57:57.067+0000] {ssh.py:526} INFO -     "type" : "date",
[2025-03-10T15:57:57.067+0000] {ssh.py:526} INFO -     "nullable" : true,
[2025-03-10T15:57:57.067+0000] {ssh.py:526} INFO -     "metadata" : { }
[2025-03-10T15:57:57.067+0000] {ssh.py:526} INFO -   } ]
[2025-03-10T15:57:57.067+0000] {ssh.py:526} INFO - }
[2025-03-10T15:57:57.067+0000] {ssh.py:526} INFO - and corresponding Parquet message type:
[2025-03-10T15:57:57.067+0000] {ssh.py:526} INFO - message spark_schema {
[2025-03-10T15:57:57.067+0000] {ssh.py:526} INFO -   optional binary match_id (STRING);
[2025-03-10T15:57:57.068+0000] {ssh.py:526} INFO -   optional int32 spid;
[2025-03-10T15:57:57.068+0000] {ssh.py:526} INFO -   optional int32 season_id;
[2025-03-10T15:57:57.068+0000] {ssh.py:526} INFO -   optional binary gamer_nickname (STRING);
[2025-03-10T15:57:57.068+0000] {ssh.py:526} INFO -   optional int32 position;
[2025-03-10T15:57:57.068+0000] {ssh.py:526} INFO -   optional binary ouid (STRING);
[2025-03-10T15:57:57.068+0000] {ssh.py:526} INFO -   optional int32 spgrade;
[2025-03-10T15:57:57.068+0000] {ssh.py:526} INFO -   optional binary matchresult (STRING);
[2025-03-10T15:57:57.068+0000] {ssh.py:526} INFO -   optional int32 match_date (DATE);
[2025-03-10T15:57:57.068+0000] {ssh.py:526} INFO - }
[2025-03-10T15:57:57.069+0000] {ssh.py:526} INFO - 
[2025-03-10T15:57:57.069+0000] {ssh.py:526} INFO -        
[2025-03-10T15:57:57.069+0000] {ssh.py:526} INFO - 25/03/10 15:57:49 INFO CodecPool: Got brand-new compressor [.snappy]
[2025-03-10T15:57:57.069+0000] {ssh.py:526} INFO - 25/03/10 15:57:49 INFO FileScanRDD: Reading File path: s3a://de5-finalproj-team2/raw_data/json/match_data/2025-03-10/group_0.json, range: 0-1141862, partition values: [empty row]
[2025-03-10T15:57:57.069+0000] {ssh.py:526} INFO - 25/03/10 15:57:50 INFO CodeGenerator: Code generated in 48.978467 ms
[2025-03-10T15:57:57.069+0000] {ssh.py:526} INFO - 25/03/10 15:57:50 INFO CodeGenerator: Code generated in 12.865542 ms
[2025-03-10T15:57:57.069+0000] {ssh.py:526} INFO - 25/03/10 15:57:52 INFO FileOutputCommitter: Saved output of task 'attempt_202503101557496380288338823457274_0001_m_000000_1' to s3a://de5-finalproj-team2/trend_analysis/match_data/2025-03-10/_temporary/0/task_202503101557496380288338823457274_0001_m_000000
[2025-03-10T15:57:57.069+0000] {ssh.py:526} INFO - 25/03/10 15:57:52 INFO SparkHadoopMapRedUtil: attempt_202503101557496380288338823457274_0001_m_000000_1: Committed. Elapsed time: 688 ms.
[2025-03-10T15:57:57.069+0000] {ssh.py:526} INFO - 25/03/10 15:57:52 INFO Executor: Finished task 0.0 in stage 1.0 (TID 1). 2725 bytes result sent to driver
[2025-03-10T15:57:57.069+0000] {ssh.py:526} INFO - 25/03/10 15:57:52 INFO TaskSetManager: Finished task 0.0 in stage 1.0 (TID 1) in 3405 ms on ip-172-31-12-182.ap-northeast-2.compute.internal (executor driver) (1/1)
[2025-03-10T15:57:57.070+0000] {ssh.py:526} INFO - 25/03/10 15:57:52 INFO TaskSchedulerImpl: Removed TaskSet 1.0, whose tasks have all completed, from pool 
[2025-03-10T15:57:57.070+0000] {ssh.py:526} INFO - 25/03/10 15:57:52 INFO DAGScheduler: ResultStage 1 (save at NativeMethodAccessorImpl.java:0) finished in 3.494 s
[2025-03-10T15:57:57.070+0000] {ssh.py:526} INFO - 25/03/10 15:57:52 INFO DAGScheduler: Job 1 is finished. Cancelling potential speculative or zombie tasks for this job
[2025-03-10T15:57:57.070+0000] {ssh.py:526} INFO - 25/03/10 15:57:52 INFO TaskSchedulerImpl: Killing all running tasks in stage 1: Stage finished
[2025-03-10T15:57:57.070+0000] {ssh.py:526} INFO - 25/03/10 15:57:52 INFO DAGScheduler: Job 1 finished: save at NativeMethodAccessorImpl.java:0, took 3.528216 s
[2025-03-10T15:57:57.070+0000] {ssh.py:526} INFO - 25/03/10 15:57:52 INFO FileFormatWriter: Start to commit write Job 0d0c9ca2-b0ee-4960-a038-1a8d58de54f6.
[2025-03-10T15:57:57.070+0000] {ssh.py:526} INFO - 25/03/10 15:57:53 INFO FileFormatWriter: Write Job 0d0c9ca2-b0ee-4960-a038-1a8d58de54f6 committed. Elapsed time: 932 ms.
[2025-03-10T15:57:57.071+0000] {ssh.py:526} INFO - 25/03/10 15:57:53 INFO FileFormatWriter: Finished processing stats for write job 0d0c9ca2-b0ee-4960-a038-1a8d58de54f6.
[2025-03-10T15:57:57.071+0000] {ssh.py:526} INFO - Writing analytics parquet
[2025-03-10T15:57:57.071+0000] {ssh.py:526} INFO - 25/03/10 15:57:53 INFO FileSourceStrategy: Pushed Filters: IsNotNull(player_info)
[2025-03-10T15:57:57.071+0000] {ssh.py:526} INFO - 25/03/10 15:57:53 INFO FileSourceStrategy: Post-Scan Filters: (size(player_info#13, true) > 0),isnotnull(player_info#13)
[2025-03-10T15:57:57.071+0000] {ssh.py:526} INFO - 25/03/10 15:57:53 INFO ParquetUtils: Using default output committer for Parquet: org.apache.parquet.hadoop.ParquetOutputCommitter
[2025-03-10T15:57:57.071+0000] {ssh.py:526} INFO - 25/03/10 15:57:53 INFO FileOutputCommitter: File Output Committer Algorithm version is 1
[2025-03-10T15:57:57.071+0000] {ssh.py:526} INFO - 25/03/10 15:57:53 INFO FileOutputCommitter: FileOutputCommitter skip cleanup _temporary folders under output directory:false, ignore cleanup failures: false
[2025-03-10T15:57:57.071+0000] {ssh.py:526} INFO - 25/03/10 15:57:53 INFO SQLHadoopMapReduceCommitProtocol: Using user defined output committer class org.apache.parquet.hadoop.ParquetOutputCommitter
[2025-03-10T15:57:57.071+0000] {ssh.py:526} INFO - 25/03/10 15:57:53 INFO FileOutputCommitter: File Output Committer Algorithm version is 1
[2025-03-10T15:57:57.071+0000] {ssh.py:526} INFO - 25/03/10 15:57:53 INFO FileOutputCommitter: FileOutputCommitter skip cleanup _temporary folders under output directory:false, ignore cleanup failures: false
[2025-03-10T15:57:57.072+0000] {ssh.py:526} INFO - 25/03/10 15:57:53 INFO SQLHadoopMapReduceCommitProtocol: Using output committer class org.apache.parquet.hadoop.ParquetOutputCommitter
[2025-03-10T15:57:57.072+0000] {ssh.py:526} INFO - 25/03/10 15:57:54 INFO CodeGenerator: Code generated in 25.76871 ms
[2025-03-10T15:57:57.072+0000] {ssh.py:526} INFO - 25/03/10 15:57:54 INFO MemoryStore: Block broadcast_4 stored as values in memory (estimated size 200.9 KiB, free 433.7 MiB)
[2025-03-10T15:57:57.072+0000] {ssh.py:526} INFO - 25/03/10 15:57:54 INFO MemoryStore: Block broadcast_4_piece0 stored as bytes in memory (estimated size 34.7 KiB, free 433.6 MiB)
[2025-03-10T15:57:57.072+0000] {ssh.py:526} INFO - 25/03/10 15:57:54 INFO BlockManagerInfo: Added broadcast_4_piece0 in memory on 0.0.0.0:32835 (size: 34.7 KiB, free: 434.3 MiB)
[2025-03-10T15:57:57.072+0000] {ssh.py:526} INFO - 25/03/10 15:57:54 INFO SparkContext: Created broadcast 4 from save at NativeMethodAccessorImpl.java:0
[2025-03-10T15:57:57.072+0000] {ssh.py:526} INFO - 25/03/10 15:57:54 INFO FileSourceScanExec: Planning scan with bin packing, max size: 5336166 bytes, open cost is considered as scanning 4194304 bytes.
[2025-03-10T15:57:57.072+0000] {ssh.py:526} INFO - 25/03/10 15:57:54 INFO SparkContext: Starting job: save at NativeMethodAccessorImpl.java:0
[2025-03-10T15:57:57.073+0000] {ssh.py:526} INFO - 25/03/10 15:57:54 INFO DAGScheduler: Got job 2 (save at NativeMethodAccessorImpl.java:0) with 1 output partitions
[2025-03-10T15:57:57.073+0000] {ssh.py:526} INFO - 25/03/10 15:57:54 INFO DAGScheduler: Final stage: ResultStage 2 (save at NativeMethodAccessorImpl.java:0)
[2025-03-10T15:57:57.073+0000] {ssh.py:526} INFO - 25/03/10 15:57:54 INFO DAGScheduler: Parents of final stage: List()
[2025-03-10T15:57:57.073+0000] {ssh.py:526} INFO - 25/03/10 15:57:54 INFO DAGScheduler: Missing parents: List()
[2025-03-10T15:57:57.073+0000] {ssh.py:526} INFO - 25/03/10 15:57:54 INFO DAGScheduler: Submitting ResultStage 2 (MapPartitionsRDD[11] at save at NativeMethodAccessorImpl.java:0), which has no missing parents
[2025-03-10T15:57:57.073+0000] {ssh.py:526} INFO - 25/03/10 15:57:54 INFO MemoryStore: Block broadcast_5 stored as values in memory (estimated size 223.4 KiB, free 433.4 MiB)
[2025-03-10T15:57:57.073+0000] {ssh.py:526} INFO - 25/03/10 15:57:54 INFO MemoryStore: Block broadcast_5_piece0 stored as bytes in memory (estimated size 80.4 KiB, free 433.3 MiB)
[2025-03-10T15:57:57.073+0000] {ssh.py:526} INFO - 25/03/10 15:57:54 INFO BlockManagerInfo: Added broadcast_5_piece0 in memory on 0.0.0.0:32835 (size: 80.4 KiB, free: 434.2 MiB)
[2025-03-10T15:57:57.073+0000] {ssh.py:526} INFO - 25/03/10 15:57:54 INFO SparkContext: Created broadcast 5 from broadcast at DAGScheduler.scala:1585
[2025-03-10T15:57:57.074+0000] {ssh.py:526} INFO - 25/03/10 15:57:54 INFO DAGScheduler: Submitting 1 missing tasks from ResultStage 2 (MapPartitionsRDD[11] at save at NativeMethodAccessorImpl.java:0) (first 15 tasks are for partitions Vector(0))
[2025-03-10T15:57:57.074+0000] {ssh.py:526} INFO - 25/03/10 15:57:54 INFO TaskSchedulerImpl: Adding task set 2.0 with 1 tasks resource profile 0
[2025-03-10T15:57:57.074+0000] {ssh.py:526} INFO - 25/03/10 15:57:54 INFO TaskSetManager: Starting task 0.0 in stage 2.0 (TID 2) (ip-172-31-12-182.ap-northeast-2.compute.internal, executor driver, partition 0, PROCESS_LOCAL, 9636 bytes) 
[2025-03-10T15:57:57.074+0000] {ssh.py:526} INFO - 25/03/10 15:57:54 INFO Executor: Running task 0.0 in stage 2.0 (TID 2)
[2025-03-10T15:57:57.074+0000] {ssh.py:526} INFO - 25/03/10 15:57:54 INFO BlockManagerInfo: Removed broadcast_3_piece0 on 0.0.0.0:32835 in memory (size: 80.9 KiB, free: 434.3 MiB)
[2025-03-10T15:57:57.074+0000] {ssh.py:526} INFO - 25/03/10 15:57:54 INFO CodeGenerator: Code generated in 30.443336 ms
[2025-03-10T15:57:57.074+0000] {ssh.py:526} INFO - 25/03/10 15:57:54 INFO FileOutputCommitter: File Output Committer Algorithm version is 1
[2025-03-10T15:57:57.074+0000] {ssh.py:526} INFO - 25/03/10 15:57:54 INFO FileOutputCommitter: FileOutputCommitter skip cleanup _temporary folders under output directory:false, ignore cleanup failures: false
[2025-03-10T15:57:57.074+0000] {ssh.py:526} INFO - 25/03/10 15:57:54 INFO SQLHadoopMapReduceCommitProtocol: Using user defined output committer class org.apache.parquet.hadoop.ParquetOutputCommitter
[2025-03-10T15:57:57.074+0000] {ssh.py:526} INFO - 25/03/10 15:57:54 INFO FileOutputCommitter: File Output Committer Algorithm version is 1
[2025-03-10T15:57:57.075+0000] {ssh.py:526} INFO - 25/03/10 15:57:54 INFO FileOutputCommitter: FileOutputCommitter skip cleanup _temporary folders under output directory:false, ignore cleanup failures: false
[2025-03-10T15:57:57.075+0000] {ssh.py:526} INFO - 25/03/10 15:57:54 INFO SQLHadoopMapReduceCommitProtocol: Using output committer class org.apache.parquet.hadoop.ParquetOutputCommitter
[2025-03-10T15:57:57.075+0000] {ssh.py:526} INFO - 25/03/10 15:57:54 INFO CodecConfig: Compression: SNAPPY
[2025-03-10T15:57:57.075+0000] {ssh.py:526} INFO - 25/03/10 15:57:54 INFO CodecConfig: Compression: SNAPPY
[2025-03-10T15:57:57.075+0000] {ssh.py:526} INFO - 25/03/10 15:57:54 INFO ParquetOutputFormat: ParquetRecordWriter [block size: 134217728b, row group padding size: 8388608b, validating: false]
[2025-03-10T15:57:57.075+0000] {ssh.py:526} INFO - 25/03/10 15:57:54 INFO ParquetWriteSupport: Initialized Parquet WriteSupport with Catalyst schema:
[2025-03-10T15:57:57.075+0000] {ssh.py:526} INFO - {
[2025-03-10T15:57:57.075+0000] {ssh.py:526} INFO -   "type" : "struct",
[2025-03-10T15:57:57.076+0000] {ssh.py:526} INFO -   "fields" : [ {
[2025-03-10T15:57:57.076+0000] {ssh.py:526} INFO -     "name" : "match_id",
[2025-03-10T15:57:57.076+0000] {ssh.py:526} INFO -     "type" : "string",
[2025-03-10T15:57:57.076+0000] {ssh.py:526} INFO -     "nullable" : true,
[2025-03-10T15:57:57.076+0000] {ssh.py:526} INFO -     "metadata" : { }
[2025-03-10T15:57:57.076+0000] {ssh.py:526} INFO -   }, {
[2025-03-10T15:57:57.076+0000] {ssh.py:526} INFO -     "name" : "spid",
[2025-03-10T15:57:57.076+0000] {ssh.py:526} INFO -     "type" : "integer",
[2025-03-10T15:57:57.076+0000] {ssh.py:526} INFO -     "nullable" : true,
[2025-03-10T15:57:57.077+0000] {ssh.py:526} INFO -     "metadata" : { }
[2025-03-10T15:57:57.077+0000] {ssh.py:526} INFO -   }, {
[2025-03-10T15:57:57.077+0000] {ssh.py:526} INFO -     "name" : "season_id",
[2025-03-10T15:57:57.077+0000] {ssh.py:526} INFO -     "type" : "integer",
[2025-03-10T15:57:57.077+0000] {ssh.py:526} INFO -     "nullable" : true,
[2025-03-10T15:57:57.077+0000] {ssh.py:526} INFO -     "metadata" : { }
[2025-03-10T15:57:57.077+0000] {ssh.py:526} INFO -   }, {
[2025-03-10T15:57:57.077+0000] {ssh.py:526} INFO -     "name" : "gamer_nickname",
[2025-03-10T15:57:57.077+0000] {ssh.py:526} INFO -     "type" : "string",
[2025-03-10T15:57:57.078+0000] {ssh.py:526} INFO -     "nullable" : true,
[2025-03-10T15:57:57.078+0000] {ssh.py:526} INFO -     "metadata" : { }
[2025-03-10T15:57:57.078+0000] {ssh.py:526} INFO -   }, {
[2025-03-10T15:57:57.078+0000] {ssh.py:526} INFO -     "name" : "position",
[2025-03-10T15:57:57.078+0000] {ssh.py:526} INFO -     "type" : "integer",
[2025-03-10T15:57:57.078+0000] {ssh.py:526} INFO -     "nullable" : true,
[2025-03-10T15:57:57.078+0000] {ssh.py:526} INFO -     "metadata" : { }
[2025-03-10T15:57:57.078+0000] {ssh.py:526} INFO -   }, {
[2025-03-10T15:57:57.078+0000] {ssh.py:526} INFO -     "name" : "spgrade",
[2025-03-10T15:57:57.079+0000] {ssh.py:526} INFO -     "type" : "integer",
[2025-03-10T15:57:57.079+0000] {ssh.py:526} INFO -     "nullable" : true,
[2025-03-10T15:57:57.079+0000] {ssh.py:526} INFO -     "metadata" : { }
[2025-03-10T15:57:57.079+0000] {ssh.py:526} INFO -   }, {
[2025-03-10T15:57:57.079+0000] {ssh.py:526} INFO -     "name" : "matchresult",
[2025-03-10T15:57:57.079+0000] {ssh.py:526} INFO -     "type" : "string",
[2025-03-10T15:57:57.079+0000] {ssh.py:526} INFO -     "nullable" : true,
[2025-03-10T15:57:57.079+0000] {ssh.py:526} INFO -     "metadata" : { }
[2025-03-10T15:57:57.079+0000] {ssh.py:526} INFO -   } ]
[2025-03-10T15:57:57.080+0000] {ssh.py:526} INFO - }
[2025-03-10T15:57:57.080+0000] {ssh.py:526} INFO - and corresponding Parquet message type:
[2025-03-10T15:57:57.080+0000] {ssh.py:526} INFO - message spark_schema {
[2025-03-10T15:57:57.080+0000] {ssh.py:526} INFO -   optional binary match_id (STRING);
[2025-03-10T15:57:57.080+0000] {ssh.py:526} INFO -   optional int32 spid;
[2025-03-10T15:57:57.080+0000] {ssh.py:526} INFO -   optional int32 season_id;
[2025-03-10T15:57:57.080+0000] {ssh.py:526} INFO -   optional binary gamer_nickname (STRING);
[2025-03-10T15:57:57.080+0000] {ssh.py:526} INFO -   optional int32 position;
[2025-03-10T15:57:57.080+0000] {ssh.py:526} INFO -   optional int32 spgrade;
[2025-03-10T15:57:57.080+0000] {ssh.py:526} INFO -   optional binary matchresult (STRING);
[2025-03-10T15:57:57.081+0000] {ssh.py:526} INFO - }
[2025-03-10T15:57:57.081+0000] {ssh.py:526} INFO - 
[2025-03-10T15:57:57.081+0000] {ssh.py:526} INFO -        
[2025-03-10T15:57:57.081+0000] {ssh.py:526} INFO - 25/03/10 15:57:54 INFO FileScanRDD: Reading File path: s3a://de5-finalproj-team2/raw_data/json/match_data/2025-03-10/group_0.json, range: 0-1141862, partition values: [empty row]
[2025-03-10T15:57:57.081+0000] {ssh.py:526} INFO - 25/03/10 15:57:54 INFO CodeGenerator: Code generated in 44.372599 ms
[2025-03-10T15:57:57.081+0000] {ssh.py:526} INFO - 25/03/10 15:57:54 INFO BlockManagerInfo: Removed broadcast_2_piece0 on 0.0.0.0:32835 in memory (size: 34.7 KiB, free: 434.3 MiB)
[2025-03-10T15:57:57.081+0000] {ssh.py:526} INFO - 25/03/10 15:57:54 INFO CodeGenerator: Code generated in 41.694303 ms
[2025-03-10T15:57:57.081+0000] {ssh.py:526} INFO - 25/03/10 15:57:55 INFO FileOutputCommitter: Saved output of task 'attempt_202503101557548546036131406629941_0002_m_000000_2' to s3a://de5-finalproj-team2/analytics/match_data/2025-03-10/_temporary/0/task_202503101557548546036131406629941_0002_m_000000
[2025-03-10T15:57:57.082+0000] {ssh.py:526} INFO - 25/03/10 15:57:55 INFO SparkHadoopMapRedUtil: attempt_202503101557548546036131406629941_0002_m_000000_2: Committed. Elapsed time: 591 ms.
[2025-03-10T15:57:57.082+0000] {ssh.py:526} INFO - 25/03/10 15:57:55 INFO Executor: Finished task 0.0 in stage 2.0 (TID 2). 2725 bytes result sent to driver
[2025-03-10T15:57:57.082+0000] {ssh.py:526} INFO - 25/03/10 15:57:55 INFO TaskSetManager: Finished task 0.0 in stage 2.0 (TID 2) in 1510 ms on ip-172-31-12-182.ap-northeast-2.compute.internal (executor driver) (1/1)
[2025-03-10T15:57:57.082+0000] {ssh.py:526} INFO - 25/03/10 15:57:55 INFO TaskSchedulerImpl: Removed TaskSet 2.0, whose tasks have all completed, from pool 
[2025-03-10T15:57:57.082+0000] {ssh.py:526} INFO - 25/03/10 15:57:55 INFO DAGScheduler: ResultStage 2 (save at NativeMethodAccessorImpl.java:0) finished in 1.600 s
[2025-03-10T15:57:57.082+0000] {ssh.py:526} INFO - 25/03/10 15:57:55 INFO DAGScheduler: Job 2 is finished. Cancelling potential speculative or zombie tasks for this job
[2025-03-10T15:57:57.082+0000] {ssh.py:526} INFO - 25/03/10 15:57:55 INFO TaskSchedulerImpl: Killing all running tasks in stage 2: Stage finished
[2025-03-10T15:57:57.082+0000] {ssh.py:526} INFO - 25/03/10 15:57:55 INFO DAGScheduler: Job 2 finished: save at NativeMethodAccessorImpl.java:0, took 1.611785 s
[2025-03-10T15:57:57.082+0000] {ssh.py:526} INFO - 25/03/10 15:57:55 INFO FileFormatWriter: Start to commit write Job 1955685d-ec88-4219-b6a1-6ba2d8fe4319.
[2025-03-10T15:57:57.082+0000] {ssh.py:526} INFO - 25/03/10 15:57:56 INFO FileFormatWriter: Write Job 1955685d-ec88-4219-b6a1-6ba2d8fe4319 committed. Elapsed time: 873 ms.
[2025-03-10T15:57:57.083+0000] {ssh.py:526} INFO - 25/03/10 15:57:56 INFO FileFormatWriter: Finished processing stats for write job 1955685d-ec88-4219-b6a1-6ba2d8fe4319.
[2025-03-10T15:57:57.083+0000] {ssh.py:526} INFO - 25/03/10 15:57:56 INFO SparkContext: SparkContext is stopping with exitCode 0.
[2025-03-10T15:57:57.083+0000] {ssh.py:526} INFO - 25/03/10 15:57:56 INFO SparkUI: Stopped Spark web UI at http://0.0.0.0:4040
[2025-03-10T15:57:57.083+0000] {ssh.py:526} INFO - 25/03/10 15:57:56 INFO MapOutputTrackerMasterEndpoint: MapOutputTrackerMasterEndpoint stopped!
[2025-03-10T15:57:57.083+0000] {ssh.py:526} INFO - 25/03/10 15:57:56 INFO MemoryStore: MemoryStore cleared
[2025-03-10T15:57:57.083+0000] {ssh.py:526} INFO - 25/03/10 15:57:56 INFO BlockManager: BlockManager stopped
[2025-03-10T15:57:57.083+0000] {ssh.py:526} INFO - 25/03/10 15:57:56 INFO BlockManagerMaster: BlockManagerMaster stopped
[2025-03-10T15:57:57.083+0000] {ssh.py:526} INFO - 25/03/10 15:57:56 INFO OutputCommitCoordinator$OutputCommitCoordinatorEndpoint: OutputCommitCoordinator stopped!
[2025-03-10T15:57:57.083+0000] {ssh.py:526} INFO - 25/03/10 15:57:56 INFO SparkContext: Successfully stopped SparkContext
[2025-03-10T15:57:57.084+0000] {ssh.py:526} INFO - 25/03/10 15:57:56 INFO ShutdownHookManager: Shutdown hook called
[2025-03-10T15:57:57.084+0000] {ssh.py:526} INFO - 25/03/10 15:57:56 INFO ShutdownHookManager: Deleting directory /tmp/spark-33fd3ac9-8725-4501-a852-dd8b55a54a09/pyspark-15e9f8db-e9e1-4b40-8bef-9b698ce1f455
[2025-03-10T15:57:57.084+0000] {ssh.py:526} INFO - 25/03/10 15:57:56 INFO ShutdownHookManager: Deleting directory /tmp/spark-33fd3ac9-8725-4501-a852-dd8b55a54a09
[2025-03-10T15:57:57.084+0000] {ssh.py:526} INFO - 25/03/10 15:57:56 INFO ShutdownHookManager: Deleting directory /tmp/spark-9b6122a3-4900-4f26-b629-2c34d6fd2af7
[2025-03-10T15:57:57.084+0000] {ssh.py:526} INFO - 25/03/10 15:57:56 INFO MetricsSystemImpl: Stopping s3a-file-system metrics system...
[2025-03-10T15:57:57.084+0000] {ssh.py:526} INFO - 25/03/10 15:57:56 INFO MetricsSystemImpl: s3a-file-system metrics system stopped.
[2025-03-10T15:57:57.084+0000] {ssh.py:526} INFO - 25/03/10 15:57:56 INFO MetricsSystemImpl: s3a-file-system metrics system shutdown complete.
[2025-03-10T15:57:57.084+0000] {ssh.py:526} INFO - === Spark Job Log End ===
[2025-03-10T15:57:57.085+0000] {ssh.py:526} INFO - Spark Job Succeeded!
[2025-03-10T15:57:57.104+0000] {taskinstance.py:441} INFO - ::group::Post task execution logs
[2025-03-10T15:57:57.137+0000] {taskinstance.py:1206} INFO - Marking task as SUCCESS. dag_id=submit_spark_job_v3, task_id=submit_spark_via_ssh, run_id=manual__2025-03-10T15:49:15.430157+00:00, execution_date=20250310T154915, start_date=20250310T155733, end_date=20250310T155757
[2025-03-10T15:57:57.156+0000] {local_task_job_runner.py:240} INFO - Task exited with return code 0
[2025-03-10T15:57:57.182+0000] {taskinstance.py:3498} INFO - 1 downstream tasks scheduled from follow-on schedule check
[2025-03-10T15:57:57.184+0000] {local_task_job_runner.py:222} INFO - ::endgroup::
