[2025-03-13T08:43:29.283+0000] {local_task_job_runner.py:120} INFO - ::group::Pre task execution logs
[2025-03-13T08:43:29.309+0000] {taskinstance.py:2076} INFO - Dependencies all met for dep_context=non-requeueable deps ti=<TaskInstance: match_info_spark_processing_dag.print_hello manual__2025-03-13T08:43:27.096311+00:00 [queued]>
[2025-03-13T08:43:29.318+0000] {taskinstance.py:2076} INFO - Dependencies all met for dep_context=requeueable deps ti=<TaskInstance: match_info_spark_processing_dag.print_hello manual__2025-03-13T08:43:27.096311+00:00 [queued]>
[2025-03-13T08:43:29.319+0000] {taskinstance.py:2306} INFO - Starting attempt 1 of 2
[2025-03-13T08:43:29.332+0000] {taskinstance.py:2330} INFO - Executing <Task(BashOperator): print_hello> on 2025-03-13 08:43:27.096311+00:00
[2025-03-13T08:43:29.337+0000] {standard_task_runner.py:63} INFO - Started process 32075 to run task
[2025-03-13T08:43:29.343+0000] {standard_task_runner.py:90} INFO - Running: ['***', 'tasks', 'run', 'match_info_spark_processing_dag', 'print_hello', 'manual__2025-03-13T08:43:27.096311+00:00', '--job-id', '141', '--raw', '--subdir', 'DAGS_FOLDER/match_info_spark_process_dag.py', '--cfg-path', '/tmp/tmpjf16d9bc']
[2025-03-13T08:43:29.345+0000] {standard_task_runner.py:91} INFO - Job 141: Subtask print_hello
[2025-03-13T08:43:29.412+0000] {task_command.py:426} INFO - Running <TaskInstance: match_info_spark_processing_dag.print_hello manual__2025-03-13T08:43:27.096311+00:00 [running]> on host a0d797a25898
[2025-03-13T08:43:29.569+0000] {taskinstance.py:2648} INFO - Exporting env vars: AIRFLOW_CTX_DAG_OWNER='***' AIRFLOW_CTX_DAG_ID='match_info_spark_processing_dag' AIRFLOW_CTX_TASK_ID='print_hello' AIRFLOW_CTX_EXECUTION_DATE='2025-03-13T08:43:27.096311+00:00' AIRFLOW_CTX_TRY_NUMBER='1' AIRFLOW_CTX_DAG_RUN_ID='manual__2025-03-13T08:43:27.096311+00:00'
[2025-03-13T08:43:29.570+0000] {taskinstance.py:430} INFO - ::endgroup::
[2025-03-13T08:43:29.595+0000] {subprocess.py:63} INFO - Tmp dir root location: /tmp
[2025-03-13T08:43:29.596+0000] {subprocess.py:75} INFO - Running command: ['/usr/bin/bash', '-c', 'echo "Hello Spark"']
[2025-03-13T08:43:29.611+0000] {subprocess.py:86} INFO - Output:
[2025-03-13T08:43:29.615+0000] {subprocess.py:93} INFO - Hello Spark
[2025-03-13T08:43:29.616+0000] {subprocess.py:97} INFO - Command exited with return code 0
[2025-03-13T08:43:29.616+0000] {taskinstance.py:441} INFO - ::group::Post task execution logs
[2025-03-13T08:43:29.672+0000] {taskinstance.py:1206} INFO - Marking task as SUCCESS. dag_id=match_info_spark_processing_dag, task_id=print_hello, run_id=manual__2025-03-13T08:43:27.096311+00:00, execution_date=20250313T084327, start_date=20250313T084329, end_date=20250313T084329
[2025-03-13T08:43:29.717+0000] {local_task_job_runner.py:240} INFO - Task exited with return code 0
[2025-03-13T08:43:29.748+0000] {taskinstance.py:3498} INFO - 0 downstream tasks scheduled from follow-on schedule check
[2025-03-13T08:43:29.750+0000] {local_task_job_runner.py:222} INFO - ::endgroup::
