[2025-03-07T15:53:20.542+0000] {processor.py:161} INFO - Started process (PID=162) to work on /opt/airflow/dags/match_info_redshift.py
[2025-03-07T15:53:20.543+0000] {processor.py:830} INFO - Processing file /opt/airflow/dags/match_info_redshift.py for tasks to queue
[2025-03-07T15:53:20.544+0000] {logging_mixin.py:188} INFO - [2025-03-07T15:53:20.544+0000] {dagbag.py:545} INFO - Filling up the DagBag from /opt/airflow/dags/match_info_redshift.py
[2025-03-07T15:53:20.551+0000] {logging_mixin.py:188} INFO - [2025-03-07T15:53:20.550+0000] {match_info_redshift.py:20} INFO - today's date: 2025-03-07
[2025-03-07T15:53:20.582+0000] {processor.py:840} INFO - DAG(s) 'parquet_to_redshift' retrieved from /opt/airflow/dags/match_info_redshift.py
[2025-03-07T15:53:21.144+0000] {logging_mixin.py:188} INFO - [2025-03-07T15:53:21.143+0000] {override.py:1829} INFO - Created Permission View: can edit on DAG:parquet_to_redshift
[2025-03-07T15:53:21.177+0000] {logging_mixin.py:188} INFO - [2025-03-07T15:53:21.176+0000] {override.py:1829} INFO - Created Permission View: can delete on DAG:parquet_to_redshift
[2025-03-07T15:53:21.201+0000] {logging_mixin.py:188} INFO - [2025-03-07T15:53:21.200+0000] {override.py:1829} INFO - Created Permission View: can read on DAG:parquet_to_redshift
[2025-03-07T15:53:21.202+0000] {logging_mixin.py:188} INFO - [2025-03-07T15:53:21.202+0000] {dag.py:3096} INFO - Sync 1 DAGs
[2025-03-07T15:53:21.244+0000] {logging_mixin.py:188} INFO - [2025-03-07T15:53:21.243+0000] {dag.py:3118} INFO - Creating ORM DAG for parquet_to_redshift
[2025-03-07T15:53:21.262+0000] {logging_mixin.py:188} INFO - [2025-03-07T15:53:21.261+0000] {dag.py:3954} INFO - Setting next_dagrun for parquet_to_redshift to 2025-03-07 01:30:00+00:00, run_after=2025-03-08 01:30:00+00:00
[2025-03-07T15:53:21.293+0000] {processor.py:183} INFO - Processing /opt/airflow/dags/match_info_redshift.py took 0.757 seconds
[2025-03-07T15:53:51.743+0000] {processor.py:161} INFO - Started process (PID=178) to work on /opt/airflow/dags/match_info_redshift.py
[2025-03-07T15:53:51.744+0000] {processor.py:830} INFO - Processing file /opt/airflow/dags/match_info_redshift.py for tasks to queue
[2025-03-07T15:53:51.745+0000] {logging_mixin.py:188} INFO - [2025-03-07T15:53:51.745+0000] {dagbag.py:545} INFO - Filling up the DagBag from /opt/airflow/dags/match_info_redshift.py
[2025-03-07T15:53:51.751+0000] {logging_mixin.py:188} INFO - [2025-03-07T15:53:51.751+0000] {match_info_redshift.py:20} INFO - today's date: 2025-03-07
[2025-03-07T15:53:51.758+0000] {processor.py:840} INFO - DAG(s) 'parquet_to_redshift' retrieved from /opt/airflow/dags/match_info_redshift.py
[2025-03-07T15:53:51.794+0000] {logging_mixin.py:188} INFO - [2025-03-07T15:53:51.793+0000] {dag.py:3096} INFO - Sync 1 DAGs
[2025-03-07T15:53:51.823+0000] {logging_mixin.py:188} INFO - [2025-03-07T15:53:51.823+0000] {dag.py:3954} INFO - Setting next_dagrun for parquet_to_redshift to 2025-03-07 01:30:00+00:00, run_after=2025-03-08 01:30:00+00:00
[2025-03-07T15:53:51.847+0000] {processor.py:183} INFO - Processing /opt/airflow/dags/match_info_redshift.py took 0.112 seconds
[2025-03-07T15:54:22.040+0000] {processor.py:161} INFO - Started process (PID=194) to work on /opt/airflow/dags/match_info_redshift.py
[2025-03-07T15:54:22.041+0000] {processor.py:830} INFO - Processing file /opt/airflow/dags/match_info_redshift.py for tasks to queue
[2025-03-07T15:54:22.043+0000] {logging_mixin.py:188} INFO - [2025-03-07T15:54:22.043+0000] {dagbag.py:545} INFO - Filling up the DagBag from /opt/airflow/dags/match_info_redshift.py
[2025-03-07T15:54:22.048+0000] {logging_mixin.py:188} INFO - [2025-03-07T15:54:22.048+0000] {match_info_redshift.py:20} INFO - today's date: 2025-03-07
[2025-03-07T15:54:22.054+0000] {processor.py:840} INFO - DAG(s) 'parquet_to_redshift' retrieved from /opt/airflow/dags/match_info_redshift.py
[2025-03-07T15:54:22.096+0000] {logging_mixin.py:188} INFO - [2025-03-07T15:54:22.096+0000] {dag.py:3096} INFO - Sync 1 DAGs
[2025-03-07T15:54:22.127+0000] {logging_mixin.py:188} INFO - [2025-03-07T15:54:22.127+0000] {dag.py:3954} INFO - Setting next_dagrun for parquet_to_redshift to 2025-03-07 01:30:00+00:00, run_after=2025-03-08 01:30:00+00:00
[2025-03-07T15:54:22.146+0000] {processor.py:183} INFO - Processing /opt/airflow/dags/match_info_redshift.py took 0.117 seconds
[2025-03-07T15:54:52.344+0000] {processor.py:161} INFO - Started process (PID=210) to work on /opt/airflow/dags/match_info_redshift.py
[2025-03-07T15:54:52.345+0000] {processor.py:830} INFO - Processing file /opt/airflow/dags/match_info_redshift.py for tasks to queue
[2025-03-07T15:54:52.347+0000] {logging_mixin.py:188} INFO - [2025-03-07T15:54:52.347+0000] {dagbag.py:545} INFO - Filling up the DagBag from /opt/airflow/dags/match_info_redshift.py
[2025-03-07T15:54:52.358+0000] {logging_mixin.py:188} INFO - [2025-03-07T15:54:52.358+0000] {match_info_redshift.py:20} INFO - today's date: 2025-03-07
[2025-03-07T15:54:52.367+0000] {processor.py:840} INFO - DAG(s) 'parquet_to_redshift' retrieved from /opt/airflow/dags/match_info_redshift.py
[2025-03-07T15:54:52.425+0000] {logging_mixin.py:188} INFO - [2025-03-07T15:54:52.424+0000] {dag.py:3096} INFO - Sync 1 DAGs
[2025-03-07T15:54:52.465+0000] {logging_mixin.py:188} INFO - [2025-03-07T15:54:52.465+0000] {dag.py:3954} INFO - Setting next_dagrun for parquet_to_redshift to 2025-03-07 01:30:00+00:00, run_after=2025-03-08 01:30:00+00:00
[2025-03-07T15:54:52.490+0000] {processor.py:183} INFO - Processing /opt/airflow/dags/match_info_redshift.py took 0.183 seconds
[2025-03-07T15:55:22.661+0000] {processor.py:161} INFO - Started process (PID=226) to work on /opt/airflow/dags/match_info_redshift.py
[2025-03-07T15:55:22.663+0000] {processor.py:830} INFO - Processing file /opt/airflow/dags/match_info_redshift.py for tasks to queue
[2025-03-07T15:55:22.666+0000] {logging_mixin.py:188} INFO - [2025-03-07T15:55:22.666+0000] {dagbag.py:545} INFO - Filling up the DagBag from /opt/airflow/dags/match_info_redshift.py
[2025-03-07T15:55:22.672+0000] {logging_mixin.py:188} INFO - [2025-03-07T15:55:22.672+0000] {match_info_redshift.py:20} INFO - today's date: 2025-03-07
[2025-03-07T15:55:22.679+0000] {processor.py:840} INFO - DAG(s) 'parquet_to_redshift' retrieved from /opt/airflow/dags/match_info_redshift.py
[2025-03-07T15:55:22.714+0000] {logging_mixin.py:188} INFO - [2025-03-07T15:55:22.714+0000] {dag.py:3096} INFO - Sync 1 DAGs
[2025-03-07T15:55:22.738+0000] {logging_mixin.py:188} INFO - [2025-03-07T15:55:22.737+0000] {dag.py:3954} INFO - Setting next_dagrun for parquet_to_redshift to 2025-03-07 01:30:00+00:00, run_after=2025-03-08 01:30:00+00:00
[2025-03-07T15:55:22.757+0000] {processor.py:183} INFO - Processing /opt/airflow/dags/match_info_redshift.py took 0.109 seconds
[2025-03-07T15:55:52.932+0000] {processor.py:161} INFO - Started process (PID=242) to work on /opt/airflow/dags/match_info_redshift.py
[2025-03-07T15:55:52.934+0000] {processor.py:830} INFO - Processing file /opt/airflow/dags/match_info_redshift.py for tasks to queue
[2025-03-07T15:55:52.936+0000] {logging_mixin.py:188} INFO - [2025-03-07T15:55:52.936+0000] {dagbag.py:545} INFO - Filling up the DagBag from /opt/airflow/dags/match_info_redshift.py
[2025-03-07T15:55:52.944+0000] {logging_mixin.py:188} INFO - [2025-03-07T15:55:52.943+0000] {match_info_redshift.py:20} INFO - today's date: 2025-03-07
[2025-03-07T15:55:52.952+0000] {processor.py:840} INFO - DAG(s) 'parquet_to_redshift' retrieved from /opt/airflow/dags/match_info_redshift.py
[2025-03-07T15:55:52.981+0000] {logging_mixin.py:188} INFO - [2025-03-07T15:55:52.981+0000] {dag.py:3096} INFO - Sync 1 DAGs
[2025-03-07T15:55:53.006+0000] {logging_mixin.py:188} INFO - [2025-03-07T15:55:53.006+0000] {dag.py:3954} INFO - Setting next_dagrun for parquet_to_redshift to 2025-03-07 01:30:00+00:00, run_after=2025-03-08 01:30:00+00:00
[2025-03-07T15:55:53.025+0000] {processor.py:183} INFO - Processing /opt/airflow/dags/match_info_redshift.py took 0.107 seconds
[2025-03-07T15:56:23.215+0000] {processor.py:161} INFO - Started process (PID=258) to work on /opt/airflow/dags/match_info_redshift.py
[2025-03-07T15:56:23.217+0000] {processor.py:830} INFO - Processing file /opt/airflow/dags/match_info_redshift.py for tasks to queue
[2025-03-07T15:56:23.220+0000] {logging_mixin.py:188} INFO - [2025-03-07T15:56:23.219+0000] {dagbag.py:545} INFO - Filling up the DagBag from /opt/airflow/dags/match_info_redshift.py
[2025-03-07T15:56:23.228+0000] {logging_mixin.py:188} INFO - [2025-03-07T15:56:23.228+0000] {match_info_redshift.py:20} INFO - today's date: 2025-03-07
[2025-03-07T15:56:23.238+0000] {processor.py:840} INFO - DAG(s) 'parquet_to_redshift' retrieved from /opt/airflow/dags/match_info_redshift.py
[2025-03-07T15:56:23.288+0000] {logging_mixin.py:188} INFO - [2025-03-07T15:56:23.287+0000] {dag.py:3096} INFO - Sync 1 DAGs
[2025-03-07T15:56:23.319+0000] {logging_mixin.py:188} INFO - [2025-03-07T15:56:23.319+0000] {dag.py:3954} INFO - Setting next_dagrun for parquet_to_redshift to 2025-03-07 01:30:00+00:00, run_after=2025-03-08 01:30:00+00:00
[2025-03-07T15:56:23.338+0000] {processor.py:183} INFO - Processing /opt/airflow/dags/match_info_redshift.py took 0.134 seconds
[2025-03-07T15:56:53.379+0000] {processor.py:161} INFO - Started process (PID=274) to work on /opt/airflow/dags/match_info_redshift.py
[2025-03-07T15:56:53.380+0000] {processor.py:830} INFO - Processing file /opt/airflow/dags/match_info_redshift.py for tasks to queue
[2025-03-07T15:56:53.381+0000] {logging_mixin.py:188} INFO - [2025-03-07T15:56:53.381+0000] {dagbag.py:545} INFO - Filling up the DagBag from /opt/airflow/dags/match_info_redshift.py
[2025-03-07T15:56:53.387+0000] {logging_mixin.py:188} INFO - [2025-03-07T15:56:53.387+0000] {match_info_redshift.py:20} INFO - today's date: 2025-03-07
[2025-03-07T15:56:53.392+0000] {processor.py:840} INFO - DAG(s) 'parquet_to_redshift' retrieved from /opt/airflow/dags/match_info_redshift.py
[2025-03-07T15:56:53.422+0000] {logging_mixin.py:188} INFO - [2025-03-07T15:56:53.422+0000] {dag.py:3096} INFO - Sync 1 DAGs
[2025-03-07T15:56:53.450+0000] {logging_mixin.py:188} INFO - [2025-03-07T15:56:53.450+0000] {dag.py:3954} INFO - Setting next_dagrun for parquet_to_redshift to 2025-03-07 01:30:00+00:00, run_after=2025-03-08 01:30:00+00:00
[2025-03-07T15:56:53.476+0000] {processor.py:183} INFO - Processing /opt/airflow/dags/match_info_redshift.py took 0.104 seconds
[2025-03-07T15:57:23.645+0000] {processor.py:161} INFO - Started process (PID=290) to work on /opt/airflow/dags/match_info_redshift.py
[2025-03-07T15:57:23.647+0000] {processor.py:830} INFO - Processing file /opt/airflow/dags/match_info_redshift.py for tasks to queue
[2025-03-07T15:57:23.649+0000] {logging_mixin.py:188} INFO - [2025-03-07T15:57:23.649+0000] {dagbag.py:545} INFO - Filling up the DagBag from /opt/airflow/dags/match_info_redshift.py
[2025-03-07T15:57:23.655+0000] {logging_mixin.py:188} INFO - [2025-03-07T15:57:23.655+0000] {match_info_redshift.py:20} INFO - today's date: 2025-03-07
[2025-03-07T15:57:23.662+0000] {processor.py:840} INFO - DAG(s) 'parquet_to_redshift' retrieved from /opt/airflow/dags/match_info_redshift.py
[2025-03-07T15:57:23.695+0000] {logging_mixin.py:188} INFO - [2025-03-07T15:57:23.695+0000] {dag.py:3096} INFO - Sync 1 DAGs
[2025-03-07T15:57:23.722+0000] {logging_mixin.py:188} INFO - [2025-03-07T15:57:23.722+0000] {dag.py:3954} INFO - Setting next_dagrun for parquet_to_redshift to 2025-03-07 01:30:00+00:00, run_after=2025-03-08 01:30:00+00:00
[2025-03-07T15:57:23.743+0000] {processor.py:183} INFO - Processing /opt/airflow/dags/match_info_redshift.py took 0.107 seconds
[2025-03-07T15:57:53.911+0000] {processor.py:161} INFO - Started process (PID=306) to work on /opt/airflow/dags/match_info_redshift.py
[2025-03-07T15:57:53.912+0000] {processor.py:830} INFO - Processing file /opt/airflow/dags/match_info_redshift.py for tasks to queue
[2025-03-07T15:57:53.914+0000] {logging_mixin.py:188} INFO - [2025-03-07T15:57:53.914+0000] {dagbag.py:545} INFO - Filling up the DagBag from /opt/airflow/dags/match_info_redshift.py
[2025-03-07T15:57:53.921+0000] {logging_mixin.py:188} INFO - [2025-03-07T15:57:53.921+0000] {match_info_redshift.py:20} INFO - today's date: 2025-03-07
[2025-03-07T15:57:53.927+0000] {processor.py:840} INFO - DAG(s) 'parquet_to_redshift' retrieved from /opt/airflow/dags/match_info_redshift.py
[2025-03-07T15:57:53.958+0000] {logging_mixin.py:188} INFO - [2025-03-07T15:57:53.958+0000] {dag.py:3096} INFO - Sync 1 DAGs
[2025-03-07T15:57:53.983+0000] {logging_mixin.py:188} INFO - [2025-03-07T15:57:53.982+0000] {dag.py:3954} INFO - Setting next_dagrun for parquet_to_redshift to 2025-03-07 01:30:00+00:00, run_after=2025-03-08 01:30:00+00:00
[2025-03-07T15:57:54.002+0000] {processor.py:183} INFO - Processing /opt/airflow/dags/match_info_redshift.py took 0.099 seconds
[2025-03-07T15:58:24.163+0000] {processor.py:161} INFO - Started process (PID=322) to work on /opt/airflow/dags/match_info_redshift.py
[2025-03-07T15:58:24.165+0000] {processor.py:830} INFO - Processing file /opt/airflow/dags/match_info_redshift.py for tasks to queue
[2025-03-07T15:58:24.167+0000] {logging_mixin.py:188} INFO - [2025-03-07T15:58:24.167+0000] {dagbag.py:545} INFO - Filling up the DagBag from /opt/airflow/dags/match_info_redshift.py
[2025-03-07T15:58:24.175+0000] {logging_mixin.py:188} INFO - [2025-03-07T15:58:24.174+0000] {match_info_redshift.py:20} INFO - today's date: 2025-03-07
[2025-03-07T15:58:24.186+0000] {processor.py:840} INFO - DAG(s) 'parquet_to_redshift' retrieved from /opt/airflow/dags/match_info_redshift.py
[2025-03-07T15:58:24.233+0000] {logging_mixin.py:188} INFO - [2025-03-07T15:58:24.232+0000] {dag.py:3096} INFO - Sync 1 DAGs
[2025-03-07T15:58:24.272+0000] {logging_mixin.py:188} INFO - [2025-03-07T15:58:24.272+0000] {dag.py:3954} INFO - Setting next_dagrun for parquet_to_redshift to 2025-03-07 01:30:00+00:00, run_after=2025-03-08 01:30:00+00:00
[2025-03-07T15:58:24.301+0000] {processor.py:183} INFO - Processing /opt/airflow/dags/match_info_redshift.py took 0.149 seconds
[2025-03-07T15:58:54.458+0000] {processor.py:161} INFO - Started process (PID=338) to work on /opt/airflow/dags/match_info_redshift.py
[2025-03-07T15:58:54.459+0000] {processor.py:830} INFO - Processing file /opt/airflow/dags/match_info_redshift.py for tasks to queue
[2025-03-07T15:58:54.461+0000] {logging_mixin.py:188} INFO - [2025-03-07T15:58:54.460+0000] {dagbag.py:545} INFO - Filling up the DagBag from /opt/airflow/dags/match_info_redshift.py
[2025-03-07T15:58:54.466+0000] {logging_mixin.py:188} INFO - [2025-03-07T15:58:54.466+0000] {match_info_redshift.py:20} INFO - today's date: 2025-03-07
[2025-03-07T15:58:54.471+0000] {processor.py:840} INFO - DAG(s) 'parquet_to_redshift' retrieved from /opt/airflow/dags/match_info_redshift.py
[2025-03-07T15:58:54.500+0000] {logging_mixin.py:188} INFO - [2025-03-07T15:58:54.499+0000] {dag.py:3096} INFO - Sync 1 DAGs
[2025-03-07T15:58:54.531+0000] {logging_mixin.py:188} INFO - [2025-03-07T15:58:54.531+0000] {dag.py:3954} INFO - Setting next_dagrun for parquet_to_redshift to 2025-03-07 01:30:00+00:00, run_after=2025-03-08 01:30:00+00:00
[2025-03-07T15:58:54.550+0000] {processor.py:183} INFO - Processing /opt/airflow/dags/match_info_redshift.py took 0.099 seconds
[2025-03-07T15:59:24.944+0000] {processor.py:161} INFO - Started process (PID=354) to work on /opt/airflow/dags/match_info_redshift.py
[2025-03-07T15:59:24.946+0000] {processor.py:830} INFO - Processing file /opt/airflow/dags/match_info_redshift.py for tasks to queue
[2025-03-07T15:59:24.947+0000] {logging_mixin.py:188} INFO - [2025-03-07T15:59:24.947+0000] {dagbag.py:545} INFO - Filling up the DagBag from /opt/airflow/dags/match_info_redshift.py
[2025-03-07T15:59:24.954+0000] {logging_mixin.py:188} INFO - [2025-03-07T15:59:24.954+0000] {match_info_redshift.py:20} INFO - today's date: 2025-03-07
[2025-03-07T15:59:24.961+0000] {processor.py:840} INFO - DAG(s) 'parquet_to_redshift' retrieved from /opt/airflow/dags/match_info_redshift.py
[2025-03-07T15:59:24.992+0000] {logging_mixin.py:188} INFO - [2025-03-07T15:59:24.992+0000] {dag.py:3096} INFO - Sync 1 DAGs
[2025-03-07T15:59:25.023+0000] {logging_mixin.py:188} INFO - [2025-03-07T15:59:25.023+0000] {dag.py:3954} INFO - Setting next_dagrun for parquet_to_redshift to 2025-03-07 01:30:00+00:00, run_after=2025-03-08 01:30:00+00:00
[2025-03-07T15:59:25.043+0000] {processor.py:183} INFO - Processing /opt/airflow/dags/match_info_redshift.py took 0.106 seconds
