[2025-03-07T15:53:19.466+0000] {processor.py:161} INFO - Started process (PID=157) to work on /opt/airflow/dags/match_info_spark_process.py
[2025-03-07T15:53:19.467+0000] {processor.py:830} INFO - Processing file /opt/airflow/dags/match_info_spark_process.py for tasks to queue
[2025-03-07T15:53:19.472+0000] {logging_mixin.py:188} INFO - [2025-03-07T15:53:19.471+0000] {dagbag.py:545} INFO - Filling up the DagBag from /opt/airflow/dags/match_info_spark_process.py
[2025-03-07T15:53:19.477+0000] {logging_mixin.py:188} INFO - [2025-03-07T15:53:19.475+0000] {dagbag.py:355} ERROR - Failed to import: /opt/airflow/dags/match_info_spark_process.py
Traceback (most recent call last):
  File "/home/airflow/.local/lib/python3.9/site-packages/airflow/models/dagbag.py", line 351, in parse
    loader.exec_module(new_module)
  File "<frozen importlib._bootstrap_external>", line 850, in exec_module
  File "<frozen importlib._bootstrap>", line 228, in _call_with_frames_removed
  File "/opt/airflow/dags/match_info_spark_process.py", line 2, in <module>
    from airflow.providers.apache.spark.operators.spark_submit import SparkSubmitOperator
ModuleNotFoundError: No module named 'airflow.providers.apache'
[2025-03-07T15:53:19.477+0000] {processor.py:842} WARNING - No viable dags retrieved from /opt/airflow/dags/match_info_spark_process.py
[2025-03-07T15:53:19.517+0000] {processor.py:183} INFO - Processing /opt/airflow/dags/match_info_spark_process.py took 0.060 seconds
[2025-03-07T15:53:50.728+0000] {processor.py:161} INFO - Started process (PID=173) to work on /opt/airflow/dags/match_info_spark_process.py
[2025-03-07T15:53:50.730+0000] {processor.py:830} INFO - Processing file /opt/airflow/dags/match_info_spark_process.py for tasks to queue
[2025-03-07T15:53:50.731+0000] {logging_mixin.py:188} INFO - [2025-03-07T15:53:50.731+0000] {dagbag.py:545} INFO - Filling up the DagBag from /opt/airflow/dags/match_info_spark_process.py
[2025-03-07T15:53:50.734+0000] {logging_mixin.py:188} INFO - [2025-03-07T15:53:50.734+0000] {dagbag.py:355} ERROR - Failed to import: /opt/airflow/dags/match_info_spark_process.py
Traceback (most recent call last):
  File "/home/airflow/.local/lib/python3.9/site-packages/airflow/models/dagbag.py", line 351, in parse
    loader.exec_module(new_module)
  File "<frozen importlib._bootstrap_external>", line 850, in exec_module
  File "<frozen importlib._bootstrap>", line 228, in _call_with_frames_removed
  File "/opt/airflow/dags/match_info_spark_process.py", line 2, in <module>
    from airflow.providers.apache.spark.operators.spark_submit import SparkSubmitOperator
ModuleNotFoundError: No module named 'airflow.providers.apache'
[2025-03-07T15:53:50.735+0000] {processor.py:842} WARNING - No viable dags retrieved from /opt/airflow/dags/match_info_spark_process.py
[2025-03-07T15:53:50.759+0000] {processor.py:183} INFO - Processing /opt/airflow/dags/match_info_spark_process.py took 0.037 seconds
[2025-03-07T15:54:21.013+0000] {processor.py:161} INFO - Started process (PID=189) to work on /opt/airflow/dags/match_info_spark_process.py
[2025-03-07T15:54:21.014+0000] {processor.py:830} INFO - Processing file /opt/airflow/dags/match_info_spark_process.py for tasks to queue
[2025-03-07T15:54:21.020+0000] {logging_mixin.py:188} INFO - [2025-03-07T15:54:21.020+0000] {dagbag.py:545} INFO - Filling up the DagBag from /opt/airflow/dags/match_info_spark_process.py
[2025-03-07T15:54:21.023+0000] {logging_mixin.py:188} INFO - [2025-03-07T15:54:21.023+0000] {dagbag.py:355} ERROR - Failed to import: /opt/airflow/dags/match_info_spark_process.py
Traceback (most recent call last):
  File "/home/airflow/.local/lib/python3.9/site-packages/airflow/models/dagbag.py", line 351, in parse
    loader.exec_module(new_module)
  File "<frozen importlib._bootstrap_external>", line 850, in exec_module
  File "<frozen importlib._bootstrap>", line 228, in _call_with_frames_removed
  File "/opt/airflow/dags/match_info_spark_process.py", line 2, in <module>
    from airflow.providers.apache.spark.operators.spark_submit import SparkSubmitOperator
ModuleNotFoundError: No module named 'airflow.providers.apache'
[2025-03-07T15:54:21.024+0000] {processor.py:842} WARNING - No viable dags retrieved from /opt/airflow/dags/match_info_spark_process.py
[2025-03-07T15:54:21.051+0000] {processor.py:183} INFO - Processing /opt/airflow/dags/match_info_spark_process.py took 0.049 seconds
[2025-03-07T15:54:51.297+0000] {processor.py:161} INFO - Started process (PID=205) to work on /opt/airflow/dags/match_info_spark_process.py
[2025-03-07T15:54:51.298+0000] {processor.py:830} INFO - Processing file /opt/airflow/dags/match_info_spark_process.py for tasks to queue
[2025-03-07T15:54:51.299+0000] {logging_mixin.py:188} INFO - [2025-03-07T15:54:51.299+0000] {dagbag.py:545} INFO - Filling up the DagBag from /opt/airflow/dags/match_info_spark_process.py
[2025-03-07T15:54:51.302+0000] {logging_mixin.py:188} INFO - [2025-03-07T15:54:51.302+0000] {dagbag.py:355} ERROR - Failed to import: /opt/airflow/dags/match_info_spark_process.py
Traceback (most recent call last):
  File "/home/airflow/.local/lib/python3.9/site-packages/airflow/models/dagbag.py", line 351, in parse
    loader.exec_module(new_module)
  File "<frozen importlib._bootstrap_external>", line 850, in exec_module
  File "<frozen importlib._bootstrap>", line 228, in _call_with_frames_removed
  File "/opt/airflow/dags/match_info_spark_process.py", line 2, in <module>
    from airflow.providers.apache.spark.operators.spark_submit import SparkSubmitOperator
ModuleNotFoundError: No module named 'airflow.providers.apache'
[2025-03-07T15:54:51.303+0000] {processor.py:842} WARNING - No viable dags retrieved from /opt/airflow/dags/match_info_spark_process.py
[2025-03-07T15:54:51.330+0000] {processor.py:183} INFO - Processing /opt/airflow/dags/match_info_spark_process.py took 0.042 seconds
[2025-03-07T15:55:21.642+0000] {processor.py:161} INFO - Started process (PID=221) to work on /opt/airflow/dags/match_info_spark_process.py
[2025-03-07T15:55:21.643+0000] {processor.py:830} INFO - Processing file /opt/airflow/dags/match_info_spark_process.py for tasks to queue
[2025-03-07T15:55:21.645+0000] {logging_mixin.py:188} INFO - [2025-03-07T15:55:21.645+0000] {dagbag.py:545} INFO - Filling up the DagBag from /opt/airflow/dags/match_info_spark_process.py
[2025-03-07T15:55:21.649+0000] {logging_mixin.py:188} INFO - [2025-03-07T15:55:21.648+0000] {dagbag.py:355} ERROR - Failed to import: /opt/airflow/dags/match_info_spark_process.py
Traceback (most recent call last):
  File "/home/airflow/.local/lib/python3.9/site-packages/airflow/models/dagbag.py", line 351, in parse
    loader.exec_module(new_module)
  File "<frozen importlib._bootstrap_external>", line 850, in exec_module
  File "<frozen importlib._bootstrap>", line 228, in _call_with_frames_removed
  File "/opt/airflow/dags/match_info_spark_process.py", line 2, in <module>
    from airflow.providers.apache.spark.operators.spark_submit import SparkSubmitOperator
ModuleNotFoundError: No module named 'airflow.providers.apache'
[2025-03-07T15:55:21.649+0000] {processor.py:842} WARNING - No viable dags retrieved from /opt/airflow/dags/match_info_spark_process.py
[2025-03-07T15:55:21.674+0000] {processor.py:183} INFO - Processing /opt/airflow/dags/match_info_spark_process.py took 0.040 seconds
[2025-03-07T15:55:51.909+0000] {processor.py:161} INFO - Started process (PID=237) to work on /opt/airflow/dags/match_info_spark_process.py
[2025-03-07T15:55:51.909+0000] {processor.py:830} INFO - Processing file /opt/airflow/dags/match_info_spark_process.py for tasks to queue
[2025-03-07T15:55:51.912+0000] {logging_mixin.py:188} INFO - [2025-03-07T15:55:51.912+0000] {dagbag.py:545} INFO - Filling up the DagBag from /opt/airflow/dags/match_info_spark_process.py
[2025-03-07T15:55:51.915+0000] {logging_mixin.py:188} INFO - [2025-03-07T15:55:51.915+0000] {dagbag.py:355} ERROR - Failed to import: /opt/airflow/dags/match_info_spark_process.py
Traceback (most recent call last):
  File "/home/airflow/.local/lib/python3.9/site-packages/airflow/models/dagbag.py", line 351, in parse
    loader.exec_module(new_module)
  File "<frozen importlib._bootstrap_external>", line 850, in exec_module
  File "<frozen importlib._bootstrap>", line 228, in _call_with_frames_removed
  File "/opt/airflow/dags/match_info_spark_process.py", line 2, in <module>
    from airflow.providers.apache.spark.operators.spark_submit import SparkSubmitOperator
ModuleNotFoundError: No module named 'airflow.providers.apache'
[2025-03-07T15:55:51.916+0000] {processor.py:842} WARNING - No viable dags retrieved from /opt/airflow/dags/match_info_spark_process.py
[2025-03-07T15:55:51.944+0000] {processor.py:183} INFO - Processing /opt/airflow/dags/match_info_spark_process.py took 0.043 seconds
[2025-03-07T15:56:22.184+0000] {processor.py:161} INFO - Started process (PID=253) to work on /opt/airflow/dags/match_info_spark_process.py
[2025-03-07T15:56:22.185+0000] {processor.py:830} INFO - Processing file /opt/airflow/dags/match_info_spark_process.py for tasks to queue
[2025-03-07T15:56:22.187+0000] {logging_mixin.py:188} INFO - [2025-03-07T15:56:22.187+0000] {dagbag.py:545} INFO - Filling up the DagBag from /opt/airflow/dags/match_info_spark_process.py
[2025-03-07T15:56:22.191+0000] {logging_mixin.py:188} INFO - [2025-03-07T15:56:22.190+0000] {dagbag.py:355} ERROR - Failed to import: /opt/airflow/dags/match_info_spark_process.py
Traceback (most recent call last):
  File "/home/airflow/.local/lib/python3.9/site-packages/airflow/models/dagbag.py", line 351, in parse
    loader.exec_module(new_module)
  File "<frozen importlib._bootstrap_external>", line 850, in exec_module
  File "<frozen importlib._bootstrap>", line 228, in _call_with_frames_removed
  File "/opt/airflow/dags/match_info_spark_process.py", line 2, in <module>
    from airflow.providers.apache.spark.operators.spark_submit import SparkSubmitOperator
ModuleNotFoundError: No module named 'airflow.providers.apache'
[2025-03-07T15:56:22.191+0000] {processor.py:842} WARNING - No viable dags retrieved from /opt/airflow/dags/match_info_spark_process.py
[2025-03-07T15:56:22.222+0000] {processor.py:183} INFO - Processing /opt/airflow/dags/match_info_spark_process.py took 0.046 seconds
[2025-03-07T15:56:52.365+0000] {processor.py:161} INFO - Started process (PID=269) to work on /opt/airflow/dags/match_info_spark_process.py
[2025-03-07T15:56:52.366+0000] {processor.py:830} INFO - Processing file /opt/airflow/dags/match_info_spark_process.py for tasks to queue
[2025-03-07T15:56:52.368+0000] {logging_mixin.py:188} INFO - [2025-03-07T15:56:52.367+0000] {dagbag.py:545} INFO - Filling up the DagBag from /opt/airflow/dags/match_info_spark_process.py
[2025-03-07T15:56:52.371+0000] {logging_mixin.py:188} INFO - [2025-03-07T15:56:52.370+0000] {dagbag.py:355} ERROR - Failed to import: /opt/airflow/dags/match_info_spark_process.py
Traceback (most recent call last):
  File "/home/airflow/.local/lib/python3.9/site-packages/airflow/models/dagbag.py", line 351, in parse
    loader.exec_module(new_module)
  File "<frozen importlib._bootstrap_external>", line 850, in exec_module
  File "<frozen importlib._bootstrap>", line 228, in _call_with_frames_removed
  File "/opt/airflow/dags/match_info_spark_process.py", line 2, in <module>
    from airflow.providers.apache.spark.operators.spark_submit import SparkSubmitOperator
ModuleNotFoundError: No module named 'airflow.providers.apache'
[2025-03-07T15:56:52.371+0000] {processor.py:842} WARNING - No viable dags retrieved from /opt/airflow/dags/match_info_spark_process.py
[2025-03-07T15:56:52.396+0000] {processor.py:183} INFO - Processing /opt/airflow/dags/match_info_spark_process.py took 0.038 seconds
[2025-03-07T15:57:22.629+0000] {processor.py:161} INFO - Started process (PID=285) to work on /opt/airflow/dags/match_info_spark_process.py
[2025-03-07T15:57:22.630+0000] {processor.py:830} INFO - Processing file /opt/airflow/dags/match_info_spark_process.py for tasks to queue
[2025-03-07T15:57:22.632+0000] {logging_mixin.py:188} INFO - [2025-03-07T15:57:22.631+0000] {dagbag.py:545} INFO - Filling up the DagBag from /opt/airflow/dags/match_info_spark_process.py
[2025-03-07T15:57:22.635+0000] {logging_mixin.py:188} INFO - [2025-03-07T15:57:22.634+0000] {dagbag.py:355} ERROR - Failed to import: /opt/airflow/dags/match_info_spark_process.py
Traceback (most recent call last):
  File "/home/airflow/.local/lib/python3.9/site-packages/airflow/models/dagbag.py", line 351, in parse
    loader.exec_module(new_module)
  File "<frozen importlib._bootstrap_external>", line 850, in exec_module
  File "<frozen importlib._bootstrap>", line 228, in _call_with_frames_removed
  File "/opt/airflow/dags/match_info_spark_process.py", line 2, in <module>
    from airflow.providers.apache.spark.operators.spark_submit import SparkSubmitOperator
ModuleNotFoundError: No module named 'airflow.providers.apache'
[2025-03-07T15:57:22.636+0000] {processor.py:842} WARNING - No viable dags retrieved from /opt/airflow/dags/match_info_spark_process.py
[2025-03-07T15:57:22.666+0000] {processor.py:183} INFO - Processing /opt/airflow/dags/match_info_spark_process.py took 0.045 seconds
[2025-03-07T15:57:52.900+0000] {processor.py:161} INFO - Started process (PID=301) to work on /opt/airflow/dags/match_info_spark_process.py
[2025-03-07T15:57:52.901+0000] {processor.py:830} INFO - Processing file /opt/airflow/dags/match_info_spark_process.py for tasks to queue
[2025-03-07T15:57:52.902+0000] {logging_mixin.py:188} INFO - [2025-03-07T15:57:52.902+0000] {dagbag.py:545} INFO - Filling up the DagBag from /opt/airflow/dags/match_info_spark_process.py
[2025-03-07T15:57:52.906+0000] {logging_mixin.py:188} INFO - [2025-03-07T15:57:52.905+0000] {dagbag.py:355} ERROR - Failed to import: /opt/airflow/dags/match_info_spark_process.py
Traceback (most recent call last):
  File "/home/airflow/.local/lib/python3.9/site-packages/airflow/models/dagbag.py", line 351, in parse
    loader.exec_module(new_module)
  File "<frozen importlib._bootstrap_external>", line 850, in exec_module
  File "<frozen importlib._bootstrap>", line 228, in _call_with_frames_removed
  File "/opt/airflow/dags/match_info_spark_process.py", line 2, in <module>
    from airflow.providers.apache.spark.operators.spark_submit import SparkSubmitOperator
ModuleNotFoundError: No module named 'airflow.providers.apache'
[2025-03-07T15:57:52.906+0000] {processor.py:842} WARNING - No viable dags retrieved from /opt/airflow/dags/match_info_spark_process.py
[2025-03-07T15:57:52.938+0000] {processor.py:183} INFO - Processing /opt/airflow/dags/match_info_spark_process.py took 0.045 seconds
[2025-03-07T15:58:23.148+0000] {processor.py:161} INFO - Started process (PID=317) to work on /opt/airflow/dags/match_info_spark_process.py
[2025-03-07T15:58:23.151+0000] {processor.py:830} INFO - Processing file /opt/airflow/dags/match_info_spark_process.py for tasks to queue
[2025-03-07T15:58:23.154+0000] {logging_mixin.py:188} INFO - [2025-03-07T15:58:23.154+0000] {dagbag.py:545} INFO - Filling up the DagBag from /opt/airflow/dags/match_info_spark_process.py
[2025-03-07T15:58:23.158+0000] {logging_mixin.py:188} INFO - [2025-03-07T15:58:23.157+0000] {dagbag.py:355} ERROR - Failed to import: /opt/airflow/dags/match_info_spark_process.py
Traceback (most recent call last):
  File "/home/airflow/.local/lib/python3.9/site-packages/airflow/models/dagbag.py", line 351, in parse
    loader.exec_module(new_module)
  File "<frozen importlib._bootstrap_external>", line 850, in exec_module
  File "<frozen importlib._bootstrap>", line 228, in _call_with_frames_removed
  File "/opt/airflow/dags/match_info_spark_process.py", line 2, in <module>
    from airflow.providers.apache.spark.operators.spark_submit import SparkSubmitOperator
ModuleNotFoundError: No module named 'airflow.providers.apache'
[2025-03-07T15:58:23.158+0000] {processor.py:842} WARNING - No viable dags retrieved from /opt/airflow/dags/match_info_spark_process.py
[2025-03-07T15:58:23.186+0000] {processor.py:183} INFO - Processing /opt/airflow/dags/match_info_spark_process.py took 0.047 seconds
[2025-03-07T15:58:53.449+0000] {processor.py:161} INFO - Started process (PID=333) to work on /opt/airflow/dags/match_info_spark_process.py
[2025-03-07T15:58:53.450+0000] {processor.py:830} INFO - Processing file /opt/airflow/dags/match_info_spark_process.py for tasks to queue
[2025-03-07T15:58:53.452+0000] {logging_mixin.py:188} INFO - [2025-03-07T15:58:53.452+0000] {dagbag.py:545} INFO - Filling up the DagBag from /opt/airflow/dags/match_info_spark_process.py
[2025-03-07T15:58:53.456+0000] {logging_mixin.py:188} INFO - [2025-03-07T15:58:53.455+0000] {dagbag.py:355} ERROR - Failed to import: /opt/airflow/dags/match_info_spark_process.py
Traceback (most recent call last):
  File "/home/airflow/.local/lib/python3.9/site-packages/airflow/models/dagbag.py", line 351, in parse
    loader.exec_module(new_module)
  File "<frozen importlib._bootstrap_external>", line 850, in exec_module
  File "<frozen importlib._bootstrap>", line 228, in _call_with_frames_removed
  File "/opt/airflow/dags/match_info_spark_process.py", line 2, in <module>
    from airflow.providers.apache.spark.operators.spark_submit import SparkSubmitOperator
ModuleNotFoundError: No module named 'airflow.providers.apache'
[2025-03-07T15:58:53.456+0000] {processor.py:842} WARNING - No viable dags retrieved from /opt/airflow/dags/match_info_spark_process.py
[2025-03-07T15:58:53.488+0000] {processor.py:183} INFO - Processing /opt/airflow/dags/match_info_spark_process.py took 0.047 seconds
[2025-03-07T15:59:05.586+0000] {processor.py:161} INFO - Started process (PID=343) to work on /opt/airflow/dags/match_info_spark_process.py
[2025-03-07T15:59:05.588+0000] {processor.py:830} INFO - Processing file /opt/airflow/dags/match_info_spark_process.py for tasks to queue
[2025-03-07T15:59:05.590+0000] {logging_mixin.py:188} INFO - [2025-03-07T15:59:05.589+0000] {dagbag.py:545} INFO - Filling up the DagBag from /opt/airflow/dags/match_info_spark_process.py
[2025-03-07T15:59:05.603+0000] {processor.py:840} INFO - DAG(s) 'spark_submit_with_date' retrieved from /opt/airflow/dags/match_info_spark_process.py
[2025-03-07T15:59:05.763+0000] {logging_mixin.py:188} INFO - [2025-03-07T15:59:05.763+0000] {override.py:1829} INFO - Created Permission View: can edit on DAG:spark_submit_with_date
[2025-03-07T15:59:05.778+0000] {logging_mixin.py:188} INFO - [2025-03-07T15:59:05.777+0000] {override.py:1829} INFO - Created Permission View: can delete on DAG:spark_submit_with_date
[2025-03-07T15:59:05.785+0000] {logging_mixin.py:188} INFO - [2025-03-07T15:59:05.784+0000] {override.py:1829} INFO - Created Permission View: can read on DAG:spark_submit_with_date
[2025-03-07T15:59:05.785+0000] {logging_mixin.py:188} INFO - [2025-03-07T15:59:05.785+0000] {dag.py:3096} INFO - Sync 1 DAGs
[2025-03-07T15:59:05.797+0000] {logging_mixin.py:188} INFO - [2025-03-07T15:59:05.796+0000] {dag.py:3118} INFO - Creating ORM DAG for spark_submit_with_date
[2025-03-07T15:59:05.807+0000] {logging_mixin.py:188} INFO - [2025-03-07T15:59:05.807+0000] {dag.py:3954} INFO - Setting next_dagrun for spark_submit_with_date to 2024-03-01 00:00:00+00:00, run_after=2024-03-02 00:00:00+00:00
[2025-03-07T15:59:05.824+0000] {processor.py:183} INFO - Processing /opt/airflow/dags/match_info_spark_process.py took 0.246 seconds
[2025-03-07T15:59:36.008+0000] {processor.py:161} INFO - Started process (PID=359) to work on /opt/airflow/dags/match_info_spark_process.py
[2025-03-07T15:59:36.010+0000] {processor.py:830} INFO - Processing file /opt/airflow/dags/match_info_spark_process.py for tasks to queue
[2025-03-07T15:59:36.012+0000] {logging_mixin.py:188} INFO - [2025-03-07T15:59:36.011+0000] {dagbag.py:545} INFO - Filling up the DagBag from /opt/airflow/dags/match_info_spark_process.py
[2025-03-07T15:59:36.024+0000] {processor.py:840} INFO - DAG(s) 'spark_submit_with_date' retrieved from /opt/airflow/dags/match_info_spark_process.py
[2025-03-07T15:59:36.057+0000] {logging_mixin.py:188} INFO - [2025-03-07T15:59:36.057+0000] {dag.py:3096} INFO - Sync 1 DAGs
[2025-03-07T15:59:36.087+0000] {logging_mixin.py:188} INFO - [2025-03-07T15:59:36.087+0000] {dag.py:3954} INFO - Setting next_dagrun for spark_submit_with_date to 2024-03-01 00:00:00+00:00, run_after=2024-03-02 00:00:00+00:00
[2025-03-07T15:59:36.112+0000] {processor.py:183} INFO - Processing /opt/airflow/dags/match_info_spark_process.py took 0.113 seconds
