[2025-03-14T08:34:57.170+0000] {local_task_job_runner.py:120} INFO - ::group::Pre task execution logs
[2025-03-14T08:34:57.257+0000] {taskinstance.py:2076} INFO - Dependencies all met for dep_context=non-requeueable deps ti=<TaskInstance: collect_match_info_dag.collect_and_save_match_data_to_json_to_s3 manual__2025-03-14T08:34:50.772993+00:00 [queued]>
[2025-03-14T08:34:57.285+0000] {taskinstance.py:2076} INFO - Dependencies all met for dep_context=requeueable deps ti=<TaskInstance: collect_match_info_dag.collect_and_save_match_data_to_json_to_s3 manual__2025-03-14T08:34:50.772993+00:00 [queued]>
[2025-03-14T08:34:57.287+0000] {taskinstance.py:2306} INFO - Starting attempt 1 of 2
[2025-03-14T08:34:57.678+0000] {taskinstance.py:2330} INFO - Executing <Task(PythonOperator): collect_and_save_match_data_to_json_to_s3> on 2025-03-14 08:34:50.772993+00:00
[2025-03-14T08:34:57.695+0000] {standard_task_runner.py:63} INFO - Started process 32489 to run task
[2025-03-14T08:34:57.710+0000] {standard_task_runner.py:90} INFO - Running: ['***', 'tasks', 'run', 'collect_match_info_dag', 'collect_and_save_match_data_to_json_to_s3', 'manual__2025-03-14T08:34:50.772993+00:00', '--job-id', '203', '--raw', '--subdir', 'DAGS_FOLDER/collect_match_info_dag.py', '--cfg-path', '/tmp/tmpf1fsoywx']
[2025-03-14T08:34:57.720+0000] {standard_task_runner.py:91} INFO - Job 203: Subtask collect_and_save_match_data_to_json_to_s3
[2025-03-14T08:34:57.878+0000] {task_command.py:426} INFO - Running <TaskInstance: collect_match_info_dag.collect_and_save_match_data_to_json_to_s3 manual__2025-03-14T08:34:50.772993+00:00 [running]> on host a0d797a25898
[2025-03-14T08:34:58.113+0000] {taskinstance.py:2648} INFO - Exporting env vars: AIRFLOW_CTX_DAG_OWNER='***' AIRFLOW_CTX_DAG_ID='collect_match_info_dag' AIRFLOW_CTX_TASK_ID='collect_and_save_match_data_to_json_to_s3' AIRFLOW_CTX_EXECUTION_DATE='2025-03-14T08:34:50.772993+00:00' AIRFLOW_CTX_TRY_NUMBER='1' AIRFLOW_CTX_DAG_RUN_ID='manual__2025-03-14T08:34:50.772993+00:00'
[2025-03-14T08:34:58.116+0000] {taskinstance.py:430} INFO - ::endgroup::
[2025-03-14T08:34:58.134+0000] {collect_match_info_dag.py:147} INFO - Collecting 2025-03-14's data
[2025-03-14T08:34:58.641+0000] {collect_match_info_dag.py:76} WARNING - 429 발생 - 1/5회 시도 중... 키 교체
[2025-03-14T08:34:58.641+0000] {collect_match_info_dag.py:56} WARNING - 429 발생으로 API 키 교체...새로운 키: test_1a9576030c5be59d1af81f68f313cb62a733ad7a26ff4aed0fe3dafbec5feab5efe8d04e6d233bd35cf2fabdeb93fb0d
[2025-03-14T08:34:59.213+0000] {collect_match_info_dag.py:76} WARNING - 429 발생 - 2/5회 시도 중... 키 교체
[2025-03-14T08:34:59.214+0000] {collect_match_info_dag.py:56} WARNING - 429 발생으로 API 키 교체...새로운 키: test_5158b452e040b6f801cbae66cb00e98b9630d24495ce64667f793541e92fb1b9efe8d04e6d233bd35cf2fabdeb93fb0d
[2025-03-14T08:35:00.159+0000] {collect_match_info_dag.py:71} INFO - [test_5158b452e040b6f801cbae66cb00e98b9630d24495ce64667f793541e92fb1b9efe8d04e6d233bd35cf2fabdeb93fb0d] 현재 사용량: 1 / 1000...1번째 유저 처리중
[2025-03-14T08:35:00.999+0000] {collect_match_info_dag.py:71} INFO - [test_5158b452e040b6f801cbae66cb00e98b9630d24495ce64667f793541e92fb1b9efe8d04e6d233bd35cf2fabdeb93fb0d] 현재 사용량: 2 / 1000...1번째 유저 처리중
[2025-03-14T08:35:01.514+0000] {collect_match_info_dag.py:76} WARNING - 429 발생 - 1/5회 시도 중... 키 교체
[2025-03-14T08:35:01.515+0000] {collect_match_info_dag.py:56} WARNING - 429 발생으로 API 키 교체...새로운 키: test_e6909888ec92f5b5f491e01bee9522aca942e1841d99dda1f8f064ac56e3b2e7efe8d04e6d233bd35cf2fabdeb93fb0d
[2025-03-14T08:35:02.246+0000] {collect_match_info_dag.py:71} INFO - [test_e6909888ec92f5b5f491e01bee9522aca942e1841d99dda1f8f064ac56e3b2e7efe8d04e6d233bd35cf2fabdeb93fb0d] 현재 사용량: 1 / 1000...1번째 유저 처리중
[2025-03-14T08:35:03.032+0000] {collect_match_info_dag.py:71} INFO - [test_e6909888ec92f5b5f491e01bee9522aca942e1841d99dda1f8f064ac56e3b2e7efe8d04e6d233bd35cf2fabdeb93fb0d] 현재 사용량: 2 / 1000...2번째 유저 처리중
[2025-03-14T08:35:03.982+0000] {collect_match_info_dag.py:71} INFO - [test_e6909888ec92f5b5f491e01bee9522aca942e1841d99dda1f8f064ac56e3b2e7efe8d04e6d233bd35cf2fabdeb93fb0d] 현재 사용량: 3 / 1000...2번째 유저 처리중
[2025-03-14T08:35:04.646+0000] {collect_match_info_dag.py:71} INFO - [test_e6909888ec92f5b5f491e01bee9522aca942e1841d99dda1f8f064ac56e3b2e7efe8d04e6d233bd35cf2fabdeb93fb0d] 현재 사용량: 4 / 1000...2번째 유저 처리중
[2025-03-14T08:35:05.597+0000] {collect_match_info_dag.py:71} INFO - [test_e6909888ec92f5b5f491e01bee9522aca942e1841d99dda1f8f064ac56e3b2e7efe8d04e6d233bd35cf2fabdeb93fb0d] 현재 사용량: 5 / 1000...3번째 유저 처리중
[2025-03-14T08:35:06.504+0000] {collect_match_info_dag.py:71} INFO - [test_e6909888ec92f5b5f491e01bee9522aca942e1841d99dda1f8f064ac56e3b2e7efe8d04e6d233bd35cf2fabdeb93fb0d] 현재 사용량: 6 / 1000...3번째 유저 처리중
[2025-03-14T08:35:07.132+0000] {collect_match_info_dag.py:71} INFO - [test_e6909888ec92f5b5f491e01bee9522aca942e1841d99dda1f8f064ac56e3b2e7efe8d04e6d233bd35cf2fabdeb93fb0d] 현재 사용량: 7 / 1000...3번째 유저 처리중
[2025-03-14T08:35:07.925+0000] {collect_match_info_dag.py:71} INFO - [test_e6909888ec92f5b5f491e01bee9522aca942e1841d99dda1f8f064ac56e3b2e7efe8d04e6d233bd35cf2fabdeb93fb0d] 현재 사용량: 8 / 1000...4번째 유저 처리중
[2025-03-14T08:35:08.881+0000] {collect_match_info_dag.py:71} INFO - [test_e6909888ec92f5b5f491e01bee9522aca942e1841d99dda1f8f064ac56e3b2e7efe8d04e6d233bd35cf2fabdeb93fb0d] 현재 사용량: 9 / 1000...4번째 유저 처리중
[2025-03-14T08:35:09.488+0000] {collect_match_info_dag.py:71} INFO - [test_e6909888ec92f5b5f491e01bee9522aca942e1841d99dda1f8f064ac56e3b2e7efe8d04e6d233bd35cf2fabdeb93fb0d] 현재 사용량: 10 / 1000...4번째 유저 처리중
[2025-03-14T08:35:10.276+0000] {collect_match_info_dag.py:71} INFO - [test_e6909888ec92f5b5f491e01bee9522aca942e1841d99dda1f8f064ac56e3b2e7efe8d04e6d233bd35cf2fabdeb93fb0d] 현재 사용량: 11 / 1000...5번째 유저 처리중
[2025-03-14T08:35:11.112+0000] {collect_match_info_dag.py:71} INFO - [test_e6909888ec92f5b5f491e01bee9522aca942e1841d99dda1f8f064ac56e3b2e7efe8d04e6d233bd35cf2fabdeb93fb0d] 현재 사용량: 12 / 1000...5번째 유저 처리중
[2025-03-14T08:35:11.722+0000] {collect_match_info_dag.py:71} INFO - [test_e6909888ec92f5b5f491e01bee9522aca942e1841d99dda1f8f064ac56e3b2e7efe8d04e6d233bd35cf2fabdeb93fb0d] 현재 사용량: 13 / 1000...5번째 유저 처리중
[2025-03-14T08:35:12.495+0000] {collect_match_info_dag.py:71} INFO - [test_e6909888ec92f5b5f491e01bee9522aca942e1841d99dda1f8f064ac56e3b2e7efe8d04e6d233bd35cf2fabdeb93fb0d] 현재 사용량: 14 / 1000...6번째 유저 처리중
[2025-03-14T08:35:12.893+0000] {local_task_job_runner.py:310} WARNING - State of this instance has been externally set to failed. Terminating instance.
[2025-03-14T08:35:12.897+0000] {local_task_job_runner.py:222} INFO - ::endgroup::
[2025-03-14T08:35:12.903+0000] {process_utils.py:132} INFO - Sending 15 to group 32489. PIDs of all processes in the group: [32489]
[2025-03-14T08:35:12.905+0000] {process_utils.py:87} INFO - Sending the signal 15 to group 32489
[2025-03-14T08:35:12.905+0000] {taskinstance.py:2611} ERROR - Received SIGTERM. Terminating subprocesses.
[2025-03-14T08:35:12.906+0000] {taskinstance.py:441} INFO - ::group::Post task execution logs
[2025-03-14T08:35:13.003+0000] {process_utils.py:80} INFO - Process psutil.Process(pid=32489, status='terminated', exitcode=0, started='08:34:57') (32489) terminated with exit code 0
