[2025-03-15T02:10:37.246+0000] {local_task_job_runner.py:120} INFO - ::group::Pre task execution logs
[2025-03-15T02:10:37.292+0000] {taskinstance.py:2076} INFO - Dependencies all met for dep_context=non-requeueable deps ti=<TaskInstance: daily_ranking_info_update.load_ranking_info_to_redshift manual__2025-03-15T02:10:35.269561+00:00 [queued]>
[2025-03-15T02:10:37.306+0000] {taskinstance.py:2076} INFO - Dependencies all met for dep_context=requeueable deps ti=<TaskInstance: daily_ranking_info_update.load_ranking_info_to_redshift manual__2025-03-15T02:10:35.269561+00:00 [queued]>
[2025-03-15T02:10:37.307+0000] {taskinstance.py:2306} INFO - Starting attempt 1 of 2
[2025-03-15T02:10:37.326+0000] {taskinstance.py:2330} INFO - Executing <Task(S3ToRedshiftOperator): load_ranking_info_to_redshift> on 2025-03-15 02:10:35.269561+00:00
[2025-03-15T02:10:37.336+0000] {standard_task_runner.py:63} INFO - Started process 11620 to run task
[2025-03-15T02:10:37.346+0000] {standard_task_runner.py:90} INFO - Running: ['***', 'tasks', 'run', 'daily_ranking_info_update', 'load_ranking_info_to_redshift', 'manual__2025-03-15T02:10:35.269561+00:00', '--job-id', '254', '--raw', '--subdir', 'DAGS_FOLDER/ranking_info_to_redshift.py', '--cfg-path', '/tmp/tmpdpphbnas']
[2025-03-15T02:10:37.349+0000] {standard_task_runner.py:91} INFO - Job 254: Subtask load_ranking_info_to_redshift
[2025-03-15T02:10:37.444+0000] {task_command.py:426} INFO - Running <TaskInstance: daily_ranking_info_update.load_ranking_info_to_redshift manual__2025-03-15T02:10:35.269561+00:00 [running]> on host a0d797a25898
[2025-03-15T02:10:37.613+0000] {taskinstance.py:2648} INFO - Exporting env vars: AIRFLOW_CTX_DAG_OWNER='***' AIRFLOW_CTX_DAG_ID='daily_ranking_info_update' AIRFLOW_CTX_TASK_ID='load_ranking_info_to_redshift' AIRFLOW_CTX_EXECUTION_DATE='2025-03-15T02:10:35.269561+00:00' AIRFLOW_CTX_TRY_NUMBER='1' AIRFLOW_CTX_DAG_RUN_ID='manual__2025-03-15T02:10:35.269561+00:00'
[2025-03-15T02:10:37.614+0000] {taskinstance.py:430} INFO - ::endgroup::
[2025-03-15T02:10:37.654+0000] {base.py:84} INFO - Using connection ID 's3_conn_team' for task execution.
[2025-03-15T02:10:37.671+0000] {base.py:84} INFO - Using connection ID 's3_conn_team' for task execution.
[2025-03-15T02:10:37.672+0000] {connection_wrapper.py:384} INFO - AWS Connection (conn_id='s3_conn_team', conn_type='aws') credentials retrieved from login and password.
[2025-03-15T02:10:37.695+0000] {s3_to_redshift.py:193} INFO - Executing COPY command...
[2025-03-15T02:10:37.711+0000] {base.py:84} INFO - Using connection ID 'redshift_conn_team' for task execution.
[2025-03-15T02:10:38.395+0000] {sql.py:470} INFO - Running statement: BEGIN;, parameters: None
[2025-03-15T02:10:38.403+0000] {sql.py:470} INFO - Running statement: DELETE FROM analytics.ranking_info;, parameters: None
[2025-03-15T02:10:38.540+0000] {sql.py:479} INFO - Rows affected: 10000
[2025-03-15T02:10:38.541+0000] {sql.py:470} INFO - Running statement: 
                    COPY analytics.ranking_info 
                    FROM 's3://de5-finalproj-team2/analytics/ranking_info/2025-03-15/'
                    credentials
                    'aws_access_key_id=AKIA4RRVVY55RK5T7HCV;aws_secret_access_key=***'
                    
                    FORMAT AS PARQUET;
        , parameters: None
[2025-03-15T02:10:48.251+0000] {sql.py:470} INFO - Running statement: COMMIT, parameters: None
[2025-03-15T02:10:48.291+0000] {s3_to_redshift.py:198} INFO - COPY command complete...
[2025-03-15T02:10:48.292+0000] {taskinstance.py:441} INFO - ::group::Post task execution logs
[2025-03-15T02:10:48.312+0000] {taskinstance.py:1206} INFO - Marking task as SUCCESS. dag_id=daily_ranking_info_update, task_id=load_ranking_info_to_redshift, run_id=manual__2025-03-15T02:10:35.269561+00:00, execution_date=20250315T021035, start_date=20250315T021037, end_date=20250315T021048
[2025-03-15T02:10:48.362+0000] {local_task_job_runner.py:240} INFO - Task exited with return code 0
[2025-03-15T02:10:48.385+0000] {taskinstance.py:3498} INFO - 0 downstream tasks scheduled from follow-on schedule check
[2025-03-15T02:10:48.387+0000] {local_task_job_runner.py:222} INFO - ::endgroup::
